###############################################################################
#
# IAR ANSI C/C++ Compiler V7.10.1.6676/W32 for ARM        18/Jul/2019  10:57:43
# Copyright 1999-2014 IAR Systems AB.
#
#    Cpu mode     =  thumb
#    Endian       =  little
#    Source file  =  
#        E:\DLP_Proj\DLP_source\branches\DLP_opensource\Middlewares\gui\GUI\Widget\BUTTON_Create.c
#    Command line =  
#        E:\DLP_Proj\DLP_source\branches\DLP_opensource\Middlewares\gui\GUI\Widget\BUTTON_Create.c
#        -D USE_HAL_DRIVER -D STM32F407xx -D STM32F40_41xxx -D USE_HAL_LIB -D
#        MKS_DLP_BOARD -D TFT35 -lC
#        E:\DLP_Proj\DLP_source\branches\DLP_opensource\EWARM\mksDLP/List\ -lA
#        E:\DLP_Proj\DLP_source\branches\DLP_opensource\EWARM\mksDLP/List\
#        --diag_suppress Pa050 -o
#        E:\DLP_Proj\DLP_source\branches\DLP_opensource\EWARM\mksDLP/Obj\
#        --no_unroll --no_inline --no_tbaa --no_scheduling --debug
#        --endian=little --cpu=Cortex-M4F -e --char_is_signed --fpu=VFPv4_sp
#        --dlib_config "C:\Program Files (x86)\IAR Systems\Embedded Workbench
#        7.0\arm\INC\c\DLib_Config_Full.h" -I
#        E:\DLP_Proj\DLP_source\branches\DLP_opensource\EWARM/../Inc\ -I
#        E:\DLP_Proj\DLP_source\branches\DLP_opensource\EWARM/../Src\ -I
#        E:\DLP_Proj\DLP_source\branches\DLP_opensource\EWARM/../Drivers/STM32F4xx_HAL_Driver/Inc\
#        -I
#        E:\DLP_Proj\DLP_source\branches\DLP_opensource\EWARM/../Drivers/STM32F4xx_HAL_Driver/Inc/Legacy\
#        -I
#        E:\DLP_Proj\DLP_source\branches\DLP_opensource\EWARM/../Middlewares/Third_Party/FatFs/src/drivers\
#        -I
#        E:\DLP_Proj\DLP_source\branches\DLP_opensource\EWARM/../Middlewares/ST/STM32_USB_Host_Library/Core/Inc\
#        -I
#        E:\DLP_Proj\DLP_source\branches\DLP_opensource\EWARM/../Middlewares/ST/STM32_USB_Host_Library/Class/MSC/Inc\
#        -I
#        E:\DLP_Proj\DLP_source\branches\DLP_opensource\EWARM/../Drivers/CMSIS/Device/ST/STM32F4xx/Include\
#        -I
#        E:\DLP_Proj\DLP_source\branches\DLP_opensource\EWARM/../Middlewares/Third_Party/FatFs/src\
#        -I
#        E:\DLP_Proj\DLP_source\branches\DLP_opensource\EWARM/../Middlewares/Third_Party/Marlin\
#        -I
#        E:\DLP_Proj\DLP_source\branches\DLP_opensource\EWARM/../Drivers/CMSIS/Include\
#        -I
#        E:\DLP_Proj\DLP_source\branches\DLP_opensource\EWARM/../Drivers/BSP/variant\
#        -I
#        E:\DLP_Proj\DLP_source\branches\DLP_opensource\EWARM/../Drivers/BSP/Components/at24cxx\
#        -I
#        E:\DLP_Proj\DLP_source\branches\DLP_opensource\EWARM/../Drivers/BSP/Components/w25qxx\
#        -I
#        E:\DLP_Proj\DLP_source\branches\DLP_opensource\EWARM/../Drivers/BSP/Components/ssd2828\
#        -I
#        E:\DLP_Proj\DLP_source\branches\DLP_opensource\EWARM/../Drivers/BSP/Components/lcd\
#        -I
#        E:\DLP_Proj\DLP_source\branches\DLP_opensource\EWARM/../Drivers/libstmf4\
#        -I
#        E:\DLP_Proj\DLP_source\branches\DLP_opensource\EWARM/../Drivers/libstmf4/include\
#        -I
#        E:\DLP_Proj\DLP_source\branches\DLP_opensource\EWARM/../Middlewares/arduino/stm32/cores/arduino\
#        -I
#        E:\DLP_Proj\DLP_source\branches\DLP_opensource\EWARM/../Middlewares/gui\
#        -I
#        E:\DLP_Proj\DLP_source\branches\DLP_opensource\EWARM/../Middlewares/gui/GUI/ConvertColor\
#        -I
#        E:\DLP_Proj\DLP_source\branches\DLP_opensource\EWARM/../Middlewares/gui/GUI/ConvertMono\
#        -I
#        E:\DLP_Proj\DLP_source\branches\DLP_opensource\EWARM/../Middlewares/gui/GUI/Core\
#        -I
#        E:\DLP_Proj\DLP_source\branches\DLP_opensource\EWARM/../Middlewares/gui/GUI/Font\
#        -I
#        E:\DLP_Proj\DLP_source\branches\DLP_opensource\EWARM/../Middlewares/gui/AntiAlias\
#        -I
#        E:\DLP_Proj\DLP_source\branches\DLP_opensource\EWARM/../Middlewares/gui/GUI/GUIDemo\
#        -I
#        E:\DLP_Proj\DLP_source\branches\DLP_opensource\EWARM/../Middlewares/gui/GUI/LCDDriver\
#        -I
#        E:\DLP_Proj\DLP_source\branches\DLP_opensource\EWARM/../Middlewares/gui/GUI/MemDev\
#        -I
#        E:\DLP_Proj\DLP_source\branches\DLP_opensource\EWARM/../Middlewares/gui/GUI/MultiLayer\
#        -I
#        E:\DLP_Proj\DLP_source\branches\DLP_opensource\EWARM/../Middlewares/gui/GUI/Widget\
#        -I
#        E:\DLP_Proj\DLP_source\branches\DLP_opensource\EWARM/../Middlewares/gui/GUI/WM\
#        -I
#        E:\DLP_Proj\DLP_source\branches\DLP_opensource\EWARM/../Middlewares/gui/GUI_X\
#        -I
#        E:\DLP_Proj\DLP_source\branches\DLP_opensource\EWARM/../Middlewares/gui/Config\
#        -I E:\DLP_Proj\DLP_source\branches\DLP_opensource\EWARM/../User/ui\ -I
#        E:\DLP_Proj\DLP_source\branches\DLP_opensource\EWARM/../User/ui/Multi_language\
#        -I
#        E:\DLP_Proj\DLP_source\branches\DLP_opensource\EWARM/../User/ui/QRENCODE\
#        -Om --use_c++_inline -I "C:\Program Files (x86)\IAR Systems\Embedded
#        Workbench 7.0\arm\CMSIS\Include\"
#    List file    =  
#        E:\DLP_Proj\DLP_source\branches\DLP_opensource\EWARM\mksDLP/List\BUTTON_Create.lst
#    Object file  =  
#        E:\DLP_Proj\DLP_source\branches\DLP_opensource\EWARM\mksDLP/Obj\BUTTON_Create.o
#
###############################################################################

E:\DLP_Proj\DLP_source\branches\DLP_opensource\Middlewares\gui\GUI\Widget\BUTTON_Create.c
      1          /*
      2          *********************************************************************************************************
      3          *                                                uC/GUI
      4          *                        Universal graphic software for embedded applications
      5          *
      6          *                       (c) Copyright 2002, Micrium Inc., Weston, FL
      7          *                       (c) Copyright 2002, SEGGER Microcontroller Systeme GmbH
      8          *
      9          *              µC/GUI is protected by international copyright laws. Knowledge of the
     10          *              source code may not be used to write a similar product. This file may
     11          *              only be used in accordance with a license and should not be redistributed
     12          *              in any way. We appreciate your understanding and fairness.
     13          *
     14          ----------------------------------------------------------------------
     15          File        : BUTTON_Create.c
     16          Purpose     : Implementation of button widget
     17          ---------------------------END-OF-HEADER------------------------------
     18          */
     19          
     20          #include <stdlib.h>
     21          #include "BUTTON_Private.h"
     22          
     23          #if GUI_WINSUPPORT
     24          
     25          /*********************************************************************
     26          *
     27          *       public routines
     28          *
     29          **********************************************************************
     30          */
     31          /*********************************************************************
     32          *
     33          *       BUTTON_Create
     34          */

   \                                 In section .text, align 2, keep-with-next
     35          BUTTON_Handle BUTTON_Create(int x0, int y0, int xsize, int ysize, int Id, int Flags) {
   \                     BUTTON_Create: (+1)
   \   00000000   0xB51F             PUSH     {R0-R4,LR}
     36            return BUTTON_CreateEx(x0, y0, xsize, ysize, WM_HMEM_NULL, Flags, 0, Id);
   \   00000002   0x9C06             LDR      R4,[SP, #+24]
   \   00000004   0x9403             STR      R4,[SP, #+12]
   \   00000006   0x2400             MOVS     R4,#+0
   \   00000008   0x9402             STR      R4,[SP, #+8]
   \   0000000A   0x9C07             LDR      R4,[SP, #+28]
   \   0000000C   0x9401             STR      R4,[SP, #+4]
   \   0000000E   0x2400             MOVS     R4,#+0
   \   00000010   0x9400             STR      R4,[SP, #+0]
   \   00000012   0x.... 0x....      BL       BUTTON_CreateEx
   \   00000016   0xB004             ADD      SP,SP,#+16
   \   00000018   0xBD10             POP      {R4,PC}          ;; return
     37          }
     38          
     39          /*********************************************************************
     40          *
     41          *       BUTTON_CreateAsChild
     42          */

   \                                 In section .text, align 2, keep-with-next
     43          BUTTON_Handle BUTTON_CreateAsChild (int x0, int y0, int xsize, int ysize, WM_HWIN hParent, int Id, int Flags) {
   \                     BUTTON_CreateAsChild: (+1)
   \   00000000   0xB51F             PUSH     {R0-R4,LR}
     44            return BUTTON_CreateEx(x0, y0, xsize, ysize, hParent, Flags, 0, Id);
   \   00000002   0x9C07             LDR      R4,[SP, #+28]
   \   00000004   0x9403             STR      R4,[SP, #+12]
   \   00000006   0x2400             MOVS     R4,#+0
   \   00000008   0x9402             STR      R4,[SP, #+8]
   \   0000000A   0x9C08             LDR      R4,[SP, #+32]
   \   0000000C   0x9401             STR      R4,[SP, #+4]
   \   0000000E   0xF9BD 0x4018      LDRSH    R4,[SP, #+24]
   \   00000012   0x9400             STR      R4,[SP, #+0]
   \   00000014   0x.... 0x....      BL       BUTTON_CreateEx
   \   00000018   0xB004             ADD      SP,SP,#+16
   \   0000001A   0xBD10             POP      {R4,PC}          ;; return
     45          }
     46          
     47          #else                            /* Avoid problems with empty object modules */
     48            void BUTTON_Create_C(void) {}
     49          #endif /* GUI_WINSUPPORT */
     50          
     51          
     52          
     53          

   Maximum stack usage in bytes:

   .cstack Function
   ------- --------
      24   BUTTON_Create
        24   -> BUTTON_CreateEx
      24   BUTTON_CreateAsChild
        24   -> BUTTON_CreateEx


   Section sizes:

   Bytes  Function/Label
   -----  --------------
      26  BUTTON_Create
      28  BUTTON_CreateAsChild

 
 54 bytes in section .text
 
 54 bytes of CODE memory

Errors: none
Warnings: none
