###############################################################################
#
# IAR ANSI C/C++ Compiler V7.10.1.6676/W32 for ARM        17/Jul/2019  10:15:15
# Copyright 1999-2014 IAR Systems AB.
#
#    Cpu mode     =  thumb
#    Endian       =  little
#    Source file  =  
#        E:\DLP_Proj\DLP_source\branches\DLP_opensource\User\ui\draw_zero.cpp
#    Command line =  
#        E:\DLP_Proj\DLP_source\branches\DLP_opensource\User\ui\draw_zero.cpp
#        -D USE_HAL_DRIVER -D STM32F407xx -D STM32F40_41xxx -D USE_HAL_LIB -D
#        MKS_DLP_BOARD -D TFT35 -lC
#        E:\DLP_Proj\DLP_source\branches\DLP_opensource\EWARM\mksDLP/List\ -lA
#        E:\DLP_Proj\DLP_source\branches\DLP_opensource\EWARM\mksDLP/List\
#        --diag_suppress Pa050 -o
#        E:\DLP_Proj\DLP_source\branches\DLP_opensource\EWARM\mksDLP/Obj\
#        --no_unroll --no_inline --no_tbaa --no_scheduling --debug
#        --endian=little --cpu=Cortex-M4F -e --char_is_signed --fpu=VFPv4_sp
#        --dlib_config "C:\Program Files (x86)\IAR Systems\Embedded Workbench
#        7.0\arm\INC\c\DLib_Config_Full.h" -I
#        E:\DLP_Proj\DLP_source\branches\DLP_opensource\EWARM/../Inc\ -I
#        E:\DLP_Proj\DLP_source\branches\DLP_opensource\EWARM/../Src\ -I
#        E:\DLP_Proj\DLP_source\branches\DLP_opensource\EWARM/../Drivers/STM32F4xx_HAL_Driver/Inc\
#        -I
#        E:\DLP_Proj\DLP_source\branches\DLP_opensource\EWARM/../Drivers/STM32F4xx_HAL_Driver/Inc/Legacy\
#        -I
#        E:\DLP_Proj\DLP_source\branches\DLP_opensource\EWARM/../Middlewares/Third_Party/FatFs/src/drivers\
#        -I
#        E:\DLP_Proj\DLP_source\branches\DLP_opensource\EWARM/../Middlewares/ST/STM32_USB_Host_Library/Core/Inc\
#        -I
#        E:\DLP_Proj\DLP_source\branches\DLP_opensource\EWARM/../Middlewares/ST/STM32_USB_Host_Library/Class/MSC/Inc\
#        -I
#        E:\DLP_Proj\DLP_source\branches\DLP_opensource\EWARM/../Drivers/CMSIS/Device/ST/STM32F4xx/Include\
#        -I
#        E:\DLP_Proj\DLP_source\branches\DLP_opensource\EWARM/../Middlewares/Third_Party/FatFs/src\
#        -I
#        E:\DLP_Proj\DLP_source\branches\DLP_opensource\EWARM/../Middlewares/Third_Party/Marlin\
#        -I
#        E:\DLP_Proj\DLP_source\branches\DLP_opensource\EWARM/../Drivers/CMSIS/Include\
#        -I
#        E:\DLP_Proj\DLP_source\branches\DLP_opensource\EWARM/../Drivers/BSP/variant\
#        -I
#        E:\DLP_Proj\DLP_source\branches\DLP_opensource\EWARM/../Drivers/BSP/Components/at24cxx\
#        -I
#        E:\DLP_Proj\DLP_source\branches\DLP_opensource\EWARM/../Drivers/BSP/Components/w25qxx\
#        -I
#        E:\DLP_Proj\DLP_source\branches\DLP_opensource\EWARM/../Drivers/BSP/Components/ssd2828\
#        -I
#        E:\DLP_Proj\DLP_source\branches\DLP_opensource\EWARM/../Drivers/BSP/Components/lcd\
#        -I
#        E:\DLP_Proj\DLP_source\branches\DLP_opensource\EWARM/../Drivers/libstmf4\
#        -I
#        E:\DLP_Proj\DLP_source\branches\DLP_opensource\EWARM/../Drivers/libstmf4/include\
#        -I
#        E:\DLP_Proj\DLP_source\branches\DLP_opensource\EWARM/../Middlewares/arduino/stm32/cores/arduino\
#        -I
#        E:\DLP_Proj\DLP_source\branches\DLP_opensource\EWARM/../Middlewares/Ucgui\
#        -I
#        E:\DLP_Proj\DLP_source\branches\DLP_opensource\EWARM/../Middlewares/Ucgui/GUI/ConvertColor\
#        -I
#        E:\DLP_Proj\DLP_source\branches\DLP_opensource\EWARM/../Middlewares/Ucgui/GUI/ConvertMono\
#        -I
#        E:\DLP_Proj\DLP_source\branches\DLP_opensource\EWARM/../Middlewares/Ucgui/GUI/Core\
#        -I
#        E:\DLP_Proj\DLP_source\branches\DLP_opensource\EWARM/../Middlewares/Ucgui/GUI/Font\
#        -I
#        E:\DLP_Proj\DLP_source\branches\DLP_opensource\EWARM/../Middlewares/Ucgui/AntiAlias\
#        -I
#        E:\DLP_Proj\DLP_source\branches\DLP_opensource\EWARM/../Middlewares/Ucgui/GUI/GUIDemo\
#        -I
#        E:\DLP_Proj\DLP_source\branches\DLP_opensource\EWARM/../Middlewares/Ucgui/GUI/LCDDriver\
#        -I
#        E:\DLP_Proj\DLP_source\branches\DLP_opensource\EWARM/../Middlewares/Ucgui/GUI/MemDev\
#        -I
#        E:\DLP_Proj\DLP_source\branches\DLP_opensource\EWARM/../Middlewares/Ucgui/GUI/MultiLayer\
#        -I
#        E:\DLP_Proj\DLP_source\branches\DLP_opensource\EWARM/../Middlewares/Ucgui/GUI/Widget\
#        -I
#        E:\DLP_Proj\DLP_source\branches\DLP_opensource\EWARM/../Middlewares/Ucgui/GUI/WM\
#        -I
#        E:\DLP_Proj\DLP_source\branches\DLP_opensource\EWARM/../Middlewares/Ucgui/GUI_X\
#        -I
#        E:\DLP_Proj\DLP_source\branches\DLP_opensource\EWARM/../Middlewares/Ucgui/Config\
#        -I E:\DLP_Proj\DLP_source\branches\DLP_opensource\EWARM/../User/ui\ -I
#        E:\DLP_Proj\DLP_source\branches\DLP_opensource\EWARM/../User/ui/Multi_language\
#        -I
#        E:\DLP_Proj\DLP_source\branches\DLP_opensource\EWARM/../User/ui/QRENCODE\
#        -Om --eec++ -I "C:\Program Files (x86)\IAR Systems\Embedded Workbench
#        7.0\arm\CMSIS\Include\"
#    List file    =  
#        E:\DLP_Proj\DLP_source\branches\DLP_opensource\EWARM\mksDLP/List\draw_zero.lst
#    Object file  =  
#        E:\DLP_Proj\DLP_source\branches\DLP_opensource\EWARM\mksDLP/Obj\draw_zero.o
#
###############################################################################

E:\DLP_Proj\DLP_source\branches\DLP_opensource\User\ui\draw_zero.cpp
      1          #include "gui.h"
      2          #include "button.h"
      3          #include "PROGBAR.h"
      4          #include "draw_zero.h"
      5          #include "draw_ui.h"

  #define UNUSED(x) (void) (x)
          ^
"E:\DLP_Proj\DLP_source\branches\DLP_opensource\Middlewares\Third_Party\Marlin\macros.h",101  Warning[Pe047]: 
          incompatible redefinition of macro "UNUSED" (declared at line 87 of
          "E:\DLP_Proj\DLP_source\branches\DLP_opensource\Drivers\STM32F4xx_HAL
          _Driver\Inc\stm32f4xx_hal_def.h")

  		volatile volatile float desireBedTempBak;
  		         ^
"E:\DLP_Proj\DLP_source\branches\DLP_opensource\Inc\mks_cfg.h",351  Warning[Pe083]: 
          type qualifier specified more than once

  #define IS_SPI_MODE(MODE) (((MODE) == SPI_Mode_Master) || \
          ^
"E:\DLP_Proj\DLP_source\branches\DLP_opensource\Drivers\libstmf4\include\stm32f4xx_spi.h",173  Warning[Pe047]: 
          incompatible redefinition of macro "IS_SPI_MODE" (declared at line
          511 of
          "E:\DLP_Proj\DLP_source\branches\DLP_opensource\Drivers\STM32F4xx_HAL
          _Driver\Inc\stm32f4xx_hal_spi.h")

  #define IS_SPI_DATASIZE(DATASIZE) (((DATASIZE) == SPI_DataSize_16b) || \
          ^
"E:\DLP_Proj\DLP_source\branches\DLP_opensource\Drivers\libstmf4\include\stm32f4xx_spi.h",185  Warning[Pe047]: 
          incompatible redefinition of macro "IS_SPI_DATASIZE" (declared at
          line 523 of
          "E:\DLP_Proj\DLP_source\branches\DLP_opensource\Drivers\STM32F4xx_HAL
          _Driver\Inc\stm32f4xx_hal_spi.h")

  #define IS_SPI_CPOL(CPOL) (((CPOL) == SPI_CPOL_Low) || \
          ^
"E:\DLP_Proj\DLP_source\branches\DLP_opensource\Drivers\libstmf4\include\stm32f4xx_spi.h",197  Warning[Pe047]: 
          incompatible redefinition of macro "IS_SPI_CPOL" (declared at line
          526 of
          "E:\DLP_Proj\DLP_source\branches\DLP_opensource\Drivers\STM32F4xx_HAL
          _Driver\Inc\stm32f4xx_hal_spi.h")

  #define IS_SPI_CPHA(CPHA) (((CPHA) == SPI_CPHA_1Edge) || \
          ^
"E:\DLP_Proj\DLP_source\branches\DLP_opensource\Drivers\libstmf4\include\stm32f4xx_spi.h",209  Warning[Pe047]: 
          incompatible redefinition of macro "IS_SPI_CPHA" (declared at line
          529 of
          "E:\DLP_Proj\DLP_source\branches\DLP_opensource\Drivers\STM32F4xx_HAL
          _Driver\Inc\stm32f4xx_hal_spi.h")

  #define IS_SPI_NSS(NSS) (((NSS) == SPI_NSS_Soft) || \
          ^
"E:\DLP_Proj\DLP_source\branches\DLP_opensource\Drivers\libstmf4\include\stm32f4xx_spi.h",221  Warning[Pe047]: 
          incompatible redefinition of macro "IS_SPI_NSS" (declared at line
          532 of
          "E:\DLP_Proj\DLP_source\branches\DLP_opensource\Drivers\STM32F4xx_HAL
          _Driver\Inc\stm32f4xx_hal_spi.h")

  #define IS_SPI_BAUDRATE_PRESCALER(PRESCALER) (((PRESCALER) == SPI_BaudRatePrescaler_2) || \
          ^
"E:\DLP_Proj\DLP_source\branches\DLP_opensource\Drivers\libstmf4\include\stm32f4xx_spi.h",239  Warning[Pe047]: 
          incompatible redefinition of macro "IS_SPI_BAUDRATE_PRESCALER"
          (declared at line 536 of
          "E:\DLP_Proj\DLP_source\branches\DLP_opensource\Drivers\STM32F4xx_HAL
          _Driver\Inc\stm32f4xx_hal_spi.h")

  #define IS_SPI_FIRST_BIT(BIT) (((BIT) == SPI_FirstBit_MSB) || \
          ^
"E:\DLP_Proj\DLP_source\branches\DLP_opensource\Drivers\libstmf4\include\stm32f4xx_spi.h",257  Warning[Pe047]: 
          incompatible redefinition of macro "IS_SPI_FIRST_BIT" (declared at
          line 545 of
          "E:\DLP_Proj\DLP_source\branches\DLP_opensource\Drivers\STM32F4xx_HAL
          _Driver\Inc\stm32f4xx_hal_spi.h")

  #define IS_SPI_DIRECTION(DIRECTION) (((DIRECTION) == SPI_Direction_Rx) || \
          ^
"E:\DLP_Proj\DLP_source\branches\DLP_opensource\Drivers\libstmf4\include\stm32f4xx_spi.h",400  Warning[Pe047]: 
          incompatible redefinition of macro "IS_SPI_DIRECTION" (declared at
          line 514 of
          "E:\DLP_Proj\DLP_source\branches\DLP_opensource\Drivers\STM32F4xx_HAL
          _Driver\Inc\stm32f4xx_hal_spi.h")

  #define SPI_FLAG_CRCERR                 ((uint16_t)0x0010)
          ^
"E:\DLP_Proj\DLP_source\branches\DLP_opensource\Drivers\libstmf4\include\stm32f4xx_spi.h",442  Warning[Pe047]: 
          incompatible redefinition of macro "SPI_FLAG_CRCERR" (declared at
          line 293 of
          "E:\DLP_Proj\DLP_source\branches\DLP_opensource\Drivers\STM32F4xx_HAL
          _Driver\Inc\stm32f4xx_hal_spi.h")

  #define SPI_FLAG_MODF                   ((uint16_t)0x0020)
          ^
"E:\DLP_Proj\DLP_source\branches\DLP_opensource\Drivers\libstmf4\include\stm32f4xx_spi.h",443  Warning[Pe047]: 
          incompatible redefinition of macro "SPI_FLAG_MODF" (declared at line
          294 of
          "E:\DLP_Proj\DLP_source\branches\DLP_opensource\Drivers\STM32F4xx_HAL
          _Driver\Inc\stm32f4xx_hal_spi.h")

  #define IS_SPI_CRC_POLYNOMIAL(POLYNOMIAL) ((POLYNOMIAL) >= 0x1)
          ^
"E:\DLP_Proj\DLP_source\branches\DLP_opensource\Drivers\libstmf4\include\stm32f4xx_spi.h",462  Warning[Pe047]: 
          incompatible redefinition of macro "IS_SPI_CRC_POLYNOMIAL" (declared
          at line 554 of
          "E:\DLP_Proj\DLP_source\branches\DLP_opensource\Drivers\STM32F4xx_HAL
          _Driver\Inc\stm32f4xx_hal_spi.h")

  #define SPI_IT_TXE                   SPI_I2S_IT_TXE
          ^
"E:\DLP_Proj\DLP_source\branches\DLP_opensource\Drivers\libstmf4\include\stm32f4xx_spi.h",473  Warning[Pe047]: 
          incompatible redefinition of macro "SPI_IT_TXE" (declared at line
          280 of
          "E:\DLP_Proj\DLP_source\branches\DLP_opensource\Drivers\STM32F4xx_HAL
          _Driver\Inc\stm32f4xx_hal_spi.h")

  #define SPI_IT_RXNE                  SPI_I2S_IT_RXNE
          ^
"E:\DLP_Proj\DLP_source\branches\DLP_opensource\Drivers\libstmf4\include\stm32f4xx_spi.h",474  Warning[Pe047]: 
          incompatible redefinition of macro "SPI_IT_RXNE" (declared at line
          281 of
          "E:\DLP_Proj\DLP_source\branches\DLP_opensource\Drivers\STM32F4xx_HAL
          _Driver\Inc\stm32f4xx_hal_spi.h")

  #define SPI_IT_ERR                   SPI_I2S_IT_ERR
          ^
"E:\DLP_Proj\DLP_source\branches\DLP_opensource\Drivers\libstmf4\include\stm32f4xx_spi.h",475  Warning[Pe047]: 
          incompatible redefinition of macro "SPI_IT_ERR" (declared at line
          282 of
          "E:\DLP_Proj\DLP_source\branches\DLP_opensource\Drivers\STM32F4xx_HAL
          _Driver\Inc\stm32f4xx_hal_spi.h")

  #define SPI_FLAG_RXNE                SPI_I2S_FLAG_RXNE
          ^
"E:\DLP_Proj\DLP_source\branches\DLP_opensource\Drivers\libstmf4\include\stm32f4xx_spi.h",477  Warning[Pe047]: 
          incompatible redefinition of macro "SPI_FLAG_RXNE" (declared at line
          290 of
          "E:\DLP_Proj\DLP_source\branches\DLP_opensource\Drivers\STM32F4xx_HAL
          _Driver\Inc\stm32f4xx_hal_spi.h")

  #define SPI_FLAG_TXE                 SPI_I2S_FLAG_TXE
          ^
"E:\DLP_Proj\DLP_source\branches\DLP_opensource\Drivers\libstmf4\include\stm32f4xx_spi.h",478  Warning[Pe047]: 
          incompatible redefinition of macro "SPI_FLAG_TXE" (declared at line
          291 of
          "E:\DLP_Proj\DLP_source\branches\DLP_opensource\Drivers\STM32F4xx_HAL
          _Driver\Inc\stm32f4xx_hal_spi.h")

  #define SPI_FLAG_OVR                 SPI_I2S_FLAG_OVR
          ^
"E:\DLP_Proj\DLP_source\branches\DLP_opensource\Drivers\libstmf4\include\stm32f4xx_spi.h",479  Warning[Pe047]: 
          incompatible redefinition of macro "SPI_FLAG_OVR" (declared at line
          295 of
          "E:\DLP_Proj\DLP_source\branches\DLP_opensource\Drivers\STM32F4xx_HAL
          _Driver\Inc\stm32f4xx_hal_spi.h")

  #define SPI_FLAG_BSY                 SPI_I2S_FLAG_BSY
          ^
"E:\DLP_Proj\DLP_source\branches\DLP_opensource\Drivers\libstmf4\include\stm32f4xx_spi.h",480  Warning[Pe047]: 
          incompatible redefinition of macro "SPI_FLAG_BSY" (declared at line
          292 of
          "E:\DLP_Proj\DLP_source\branches\DLP_opensource\Drivers\STM32F4xx_HAL
          _Driver\Inc\stm32f4xx_hal_spi.h")

    #define FILAMENT_CHANGE_TEXT_EN				"Please click <Load> \nor <unload>,After \npinter pause."
            ^
"E:\DLP_Proj\DLP_source\branches\DLP_opensource\User\ui\Multi_language\Language_en.h",165  Warning[Pe047]: 
          incompatible redefinition of macro "FILAMENT_CHANGE_TEXT_EN"
          (declared at line 143)

  #define DIALOG_UNBIND_PRINTER_CN            "Ëß£Èô§ÁªëÂÆö?"
          ^
"E:\DLP_Proj\DLP_source\branches\DLP_opensource\User\ui\Multi_language\Language_s_cn.h",248  Warning[Pe047]: 
          incompatible redefinition of macro "DIALOG_UNBIND_PRINTER_CN"
          (declared at line 243)

    #define FILAMENT_CHANGE_TEXT_T_CN				"ÂæÖÊâìÂç∞Ê©üÊö´ÂÅúÂêé,\nË´ãÊåâ<ÈÄ≤Êñô>Êàñ<ÈÄÄÊñô>"
            ^
"E:\DLP_Proj\DLP_source\branches\DLP_opensource\User\ui\Multi_language\Language_t_cn.h",157  Warning[Pe047]: 
          incompatible redefinition of macro "FILAMENT_CHANGE_TEXT_T_CN"
          (declared at line 143)

    #define FILAMENT_CHANGE_TEXT_RU				"Please click <Load> \nor <unload>,After \npinter pause."
            ^
"E:\DLP_Proj\DLP_source\branches\DLP_opensource\User\ui\Multi_language\Language_ru.h",163  Warning[Pe047]: 
          incompatible redefinition of macro "FILAMENT_CHANGE_TEXT_RU"
          (declared at line 143)

  #define DIALOG_UNBIND_PRINTER_RU            "Unbind the printer?"
          ^
"E:\DLP_Proj\DLP_source\branches\DLP_opensource\User\ui\Multi_language\Language_ru.h",260  Warning[Pe047]: 
          incompatible redefinition of macro "DIALOG_UNBIND_PRINTER_RU"
          (declared at line 255)

    #define FILAMENT_CHANGE_TEXT_FR				"Please click <Load> \nor <unload>,After \npinter pause."
            ^
"E:\DLP_Proj\DLP_source\branches\DLP_opensource\User\ui\Multi_language\Language_fr.h",163  Warning[Pe047]: 
          incompatible redefinition of macro "FILAMENT_CHANGE_TEXT_FR"
          (declared at line 143)

  #define DIALOG_UNBIND_PRINTER_FR        "Unbind the printer?"
          ^
"E:\DLP_Proj\DLP_source\branches\DLP_opensource\User\ui\Multi_language\Language_fr.h",263  Warning[Pe047]: 
          incompatible redefinition of macro "DIALOG_UNBIND_PRINTER_FR"
          (declared at line 259)

    #define FILAMENT_CHANGE_TEXT_SP				"Please click <Load> \nor <unload>,After \npinter pause."
            ^
"E:\DLP_Proj\DLP_source\branches\DLP_opensource\User\ui\Multi_language\Language_sp.h",162  Warning[Pe047]: 
          incompatible redefinition of macro "FILAMENT_CHANGE_TEXT_SP"
          (declared at line 143)

    #define FILAMENT_CHANGE_TEXT_IT				"Please click <Load> \nor <unload>,After \npinter pause."
            ^
"E:\DLP_Proj\DLP_source\branches\DLP_opensource\User\ui\Multi_language\Language_it.h",163  Warning[Pe047]: 
          incompatible redefinition of macro "FILAMENT_CHANGE_TEXT_IT"
          (declared at line 143)

  #define DIALOG_UNBIND_PRINTER_IT                "Unbind the printer?"
          ^
"E:\DLP_Proj\DLP_source\branches\DLP_opensource\User\ui\Multi_language\Language_it.h",259  Warning[Pe047]: 
          incompatible redefinition of macro "DIALOG_UNBIND_PRINTER_IT"
          (declared at line 254)

  #define FILAMENT_CHANGE_TEXT_JP				"Please click <Load> \nor <unload>,After \npinter pause."
          ^
"E:\DLP_Proj\DLP_source\branches\DLP_opensource\User\ui\Multi_language\Multi_language.h",688  Warning[Pe047]: 
          incompatible redefinition of macro "FILAMENT_CHANGE_TEXT_JP"
          (declared at line 681)

  #define FILAMENT_CHANGE_TEXT_GN				"Please click <Load> \nor <unload>,After \npinter pause."
          ^
"E:\DLP_Proj\DLP_source\branches\DLP_opensource\User\ui\Multi_language\Multi_language.h",896  Warning[Pe047]: 
          incompatible redefinition of macro "FILAMENT_CHANGE_TEXT_GN"
          (declared at line 890)

  #define Simple_Dec"ºı…Ÿ"
                    ^
"E:\DLP_Proj\DLP_source\branches\DLP_opensource\User\ui\draw_ui.h",387  Warning[Pe1649]: 
          white space is required between the macro name "Simple_Dec" and its
          replacement text

  #define Simple_Speed "ÀŸ∂»"
          ^
"E:\DLP_Proj\DLP_source\branches\DLP_opensource\User\ui\draw_ui.h",442  Warning[Pe047]: 
          incompatible redefinition of macro "Simple_Speed" (declared at line
          439)

  #define Complex_Speed "ÀŸ∂»"
          ^
"E:\DLP_Proj\DLP_source\branches\DLP_opensource\User\ui\draw_ui.h",443  Warning[Pe047]: 
          incompatible redefinition of macro "Complex_Speed" (declared at line
          440)
      6          #include "fontLib.h"
      7          #include "LISTBOX.h"
      8          //#include "mks_tft_fifo.h"
      9          //#include "mks_tft_com.h"
     10          #include "Marlin.h"

    #define MIN_SOFTWARE_ENDSTOPS mksCfg.min_software_endstops	/*--mks cfg--*/
            ^
"E:\DLP_Proj\DLP_source\branches\DLP_opensource\Middlewares\Third_Party\Marlin\Configuration.h",824  Warning[Pe047]: 
          incompatible redefinition of macro "MIN_SOFTWARE_ENDSTOPS" (declared
          at line 819)

    #define MAX_SOFTWARE_ENDSTOPS mksCfg.max_software_endstops	/*--mks cfg--*/
            ^
"E:\DLP_Proj\DLP_source\branches\DLP_opensource\Middlewares\Third_Party\Marlin\Configuration.h",834  Warning[Pe047]: 
          incompatible redefinition of macro "MAX_SOFTWARE_ENDSTOPS" (declared
          at line 829)

  #define strcpy_P(dest, src) strcpy((dest), (src))
          ^
"E:\DLP_Proj\DLP_source\branches\DLP_opensource\Middlewares\arduino\stm32\cores\arduino\avr\pgmspace.h",23  Warning[Pe047]: 
          incompatible redefinition of macro "strcpy_P" (declared at line 93
          of
          "E:\DLP_Proj\DLP_source\branches\DLP_opensource\Middlewares\Third_Par
          ty\Marlin\Marlin_export.h")

  #define strstr_P(a, b) strstr((a), (b))
          ^
"E:\DLP_Proj\DLP_source\branches\DLP_opensource\Middlewares\arduino\stm32\cores\arduino\avr\pgmspace.h",26  Warning[Pe047]: 
          incompatible redefinition of macro "strstr_P" (declared at line 94
          of
          "E:\DLP_Proj\DLP_source\branches\DLP_opensource\Middlewares\Third_Par
          ty\Marlin\Marlin_export.h")

  #define sprintf_P(s, f, ...) sprintf((s), (f), __VA_ARGS__)
          ^
"E:\DLP_Proj\DLP_source\branches\DLP_opensource\Middlewares\arduino\stm32\cores\arduino\avr\pgmspace.h",28  Warning[Pe047]: 
          incompatible redefinition of macro "sprintf_P" (declared at line 95
          of
          "E:\DLP_Proj\DLP_source\branches\DLP_opensource\Middlewares\Third_Par
          ty\Marlin\Marlin_export.h")

  #define pgm_read_word_near(addr) pgm_read_word(addr)
          ^
"E:\DLP_Proj\DLP_source\branches\DLP_opensource\Middlewares\arduino\stm32\cores\arduino\avr\pgmspace.h",38  Warning[Pe047]: 
          incompatible redefinition of macro "pgm_read_word_near" (declared at
          line 65 of
          "E:\DLP_Proj\DLP_source\branches\DLP_opensource\Middlewares\Third_Par
          ty\Marlin\Marlin_export.h")

  #define IS_IWDG_PRESCALER(PRESCALER) (((PRESCALER) == IWDG_Prescaler_4)  || \
          ^
"E:\DLP_Proj\DLP_source\branches\DLP_opensource\Drivers\libstmf4\include\stm32f4xx_iwdg.h",80  Warning[Pe047]: 
          incompatible redefinition of macro "IS_IWDG_PRESCALER" (declared at
          line 209 of
          "E:\DLP_Proj\DLP_source\branches\DLP_opensource\Drivers\STM32F4xx_HAL
          _Driver\Inc\stm32f4xx_hal_iwdg.h")

  #define IS_IWDG_RELOAD(RELOAD) ((RELOAD) <= 0xFFF)
          ^
"E:\DLP_Proj\DLP_source\branches\DLP_opensource\Drivers\libstmf4\include\stm32f4xx_iwdg.h",97  Warning[Pe047]: 
          incompatible redefinition of macro "IS_IWDG_RELOAD" (declared at
          line 222 of
          "E:\DLP_Proj\DLP_source\branches\DLP_opensource\Drivers\STM32F4xx_HAL
          _Driver\Inc\stm32f4xx_hal_iwdg.h")

  #define IS_FSMC_NORSRAM_BANK(BANK) (((BANK) == FSMC_Bank1_NORSRAM1) || \
          ^
"E:\DLP_Proj\DLP_source\branches\DLP_opensource\Drivers\libstmf4\include\stm32f4xx_fsmc.h",272  Warning[Pe047]: 
          incompatible redefinition of macro "IS_FSMC_NORSRAM_BANK" (declared
          at line 834 of
          "E:\DLP_Proj\DLP_source\branches\DLP_opensource\Drivers\STM32F4xx_HAL
          _Driver\Inc\stm32f4xx_ll_fsmc.h")

  #define IS_FSMC_NAND_BANK(BANK) (((BANK) == FSMC_Bank2_NAND) || \
          ^
"E:\DLP_Proj\DLP_source\branches\DLP_opensource\Drivers\libstmf4\include\stm32f4xx_fsmc.h",277  Warning[Pe047]: 
          incompatible redefinition of macro "IS_FSMC_NAND_BANK" (declared at
          line 855 of
          "E:\DLP_Proj\DLP_source\branches\DLP_opensource\Drivers\STM32F4xx_HAL
          _Driver\Inc\stm32f4xx_ll_fsmc.h")

  #define IS_FSMC_MUX(MUX) (((MUX) == FSMC_DataAddressMux_Disable) || \
          ^
"E:\DLP_Proj\DLP_source\branches\DLP_opensource\Drivers\libstmf4\include\stm32f4xx_fsmc.h",298  Warning[Pe047]: 
          incompatible redefinition of macro "IS_FSMC_MUX" (declared at line
          839 of
          "E:\DLP_Proj\DLP_source\branches\DLP_opensource\Drivers\STM32F4xx_HAL
          _Driver\Inc\stm32f4xx_ll_fsmc.h")

  #define IS_FSMC_MEMORY(MEMORY) (((MEMORY) == FSMC_MemoryType_SRAM) || \
          ^
"E:\DLP_Proj\DLP_source\branches\DLP_opensource\Drivers\libstmf4\include\stm32f4xx_fsmc.h",311  Warning[Pe047]: 
          incompatible redefinition of macro "IS_FSMC_MEMORY" (declared at
          line 842 of
          "E:\DLP_Proj\DLP_source\branches\DLP_opensource\Drivers\STM32F4xx_HAL
          _Driver\Inc\stm32f4xx_ll_fsmc.h")

  #define IS_FSMC_BURSTMODE(STATE) (((STATE) == FSMC_BurstAccessMode_Disable) || \
          ^
"E:\DLP_Proj\DLP_source\branches\DLP_opensource\Drivers\libstmf4\include\stm32f4xx_fsmc.h",336  Warning[Pe047]: 
          incompatible redefinition of macro "IS_FSMC_BURSTMODE" (declared at
          line 894 of
          "E:\DLP_Proj\DLP_source\branches\DLP_opensource\Drivers\STM32F4xx_HAL
          _Driver\Inc\stm32f4xx_ll_fsmc.h")

  #define IS_FSMC_ASYNWAIT(STATE) (((STATE) == FSMC_AsynchronousWait_Disable) || \
          ^
"E:\DLP_Proj\DLP_source\branches\DLP_opensource\Drivers\libstmf4\include\stm32f4xx_fsmc.h",347  Warning[Pe047]: 
          incompatible redefinition of macro "IS_FSMC_ASYNWAIT" (declared at
          line 915 of
          "E:\DLP_Proj\DLP_source\branches\DLP_opensource\Drivers\STM32F4xx_HAL
          _Driver\Inc\stm32f4xx_ll_fsmc.h")

  #define IS_FSMC_WAIT_POLARITY(POLARITY) (((POLARITY) == FSMC_WaitSignalPolarity_Low) || \
          ^
"E:\DLP_Proj\DLP_source\branches\DLP_opensource\Drivers\libstmf4\include\stm32f4xx_fsmc.h",358  Warning[Pe047]: 
          incompatible redefinition of macro "IS_FSMC_WAIT_POLARITY" (declared
          at line 897 of
          "E:\DLP_Proj\DLP_source\branches\DLP_opensource\Drivers\STM32F4xx_HAL
          _Driver\Inc\stm32f4xx_ll_fsmc.h")

  #define IS_FSMC_WRAP_MODE(MODE) (((MODE) == FSMC_WrapMode_Disable) || \
          ^
"E:\DLP_Proj\DLP_source\branches\DLP_opensource\Drivers\libstmf4\include\stm32f4xx_fsmc.h",369  Warning[Pe047]: 
          incompatible redefinition of macro "IS_FSMC_WRAP_MODE" (declared at
          line 900 of
          "E:\DLP_Proj\DLP_source\branches\DLP_opensource\Drivers\STM32F4xx_HAL
          _Driver\Inc\stm32f4xx_ll_fsmc.h")

  #define IS_FSMC_WAIT_SIGNAL_ACTIVE(ACTIVE) (((ACTIVE) == FSMC_WaitSignalActive_BeforeWaitState) || \
          ^
"E:\DLP_Proj\DLP_source\branches\DLP_opensource\Drivers\libstmf4\include\stm32f4xx_fsmc.h",380  Warning[Pe047]: 
          incompatible redefinition of macro "IS_FSMC_WAIT_SIGNAL_ACTIVE"
          (declared at line 903 of
          "E:\DLP_Proj\DLP_source\branches\DLP_opensource\Drivers\STM32F4xx_HAL
          _Driver\Inc\stm32f4xx_ll_fsmc.h")

  #define IS_FSMC_WRITE_OPERATION(OPERATION) (((OPERATION) == FSMC_WriteOperation_Disable) || \
          ^
"E:\DLP_Proj\DLP_source\branches\DLP_opensource\Drivers\libstmf4\include\stm32f4xx_fsmc.h",391  Warning[Pe047]: 
          incompatible redefinition of macro "IS_FSMC_WRITE_OPERATION"
          (declared at line 906 of
          "E:\DLP_Proj\DLP_source\branches\DLP_opensource\Drivers\STM32F4xx_HAL
          _Driver\Inc\stm32f4xx_ll_fsmc.h")

  #define IS_FSMC_WAITE_SIGNAL(SIGNAL) (((SIGNAL) == FSMC_WaitSignal_Disable) || \
          ^
"E:\DLP_Proj\DLP_source\branches\DLP_opensource\Drivers\libstmf4\include\stm32f4xx_fsmc.h",402  Warning[Pe047]: 
          incompatible redefinition of macro "IS_FSMC_WAITE_SIGNAL" (declared
          at line 909 of
          "E:\DLP_Proj\DLP_source\branches\DLP_opensource\Drivers\STM32F4xx_HAL
          _Driver\Inc\stm32f4xx_ll_fsmc.h")

  #define IS_FSMC_EXTENDED_MODE(MODE) (((MODE) == FSMC_ExtendedMode_Disable) || \
          ^
"E:\DLP_Proj\DLP_source\branches\DLP_opensource\Drivers\libstmf4\include\stm32f4xx_fsmc.h",414  Warning[Pe047]: 
          incompatible redefinition of macro "IS_FSMC_EXTENDED_MODE" (declared
          at line 912 of
          "E:\DLP_Proj\DLP_source\branches\DLP_opensource\Drivers\STM32F4xx_HAL
          _Driver\Inc\stm32f4xx_ll_fsmc.h")

  #define IS_FSMC_WRITE_BURST(BURST) (((BURST) == FSMC_WriteBurst_Disable) || \
          ^
"E:\DLP_Proj\DLP_source\branches\DLP_opensource\Drivers\libstmf4\include\stm32f4xx_fsmc.h",426  Warning[Pe047]: 
          incompatible redefinition of macro "IS_FSMC_WRITE_BURST" (declared
          at line 920 of
          "E:\DLP_Proj\DLP_source\branches\DLP_opensource\Drivers\STM32F4xx_HAL
          _Driver\Inc\stm32f4xx_ll_fsmc.h")

  #define IS_FSMC_ADDRESS_SETUP_TIME(TIME) ((TIME) <= 0xF)
          ^
"E:\DLP_Proj\DLP_source\branches\DLP_opensource\Drivers\libstmf4\include\stm32f4xx_fsmc.h",435  Warning[Pe047]: 
          incompatible redefinition of macro "IS_FSMC_ADDRESS_SETUP_TIME"
          (declared at line 923 of
          "E:\DLP_Proj\DLP_source\branches\DLP_opensource\Drivers\STM32F4xx_HAL
          _Driver\Inc\stm32f4xx_ll_fsmc.h")

  #define IS_FSMC_ADDRESS_HOLD_TIME(TIME) ((TIME) <= 0xF)
          ^
"E:\DLP_Proj\DLP_source\branches\DLP_opensource\Drivers\libstmf4\include\stm32f4xx_fsmc.h",443  Warning[Pe047]: 
          incompatible redefinition of macro "IS_FSMC_ADDRESS_HOLD_TIME"
          (declared at line 925 of
          "E:\DLP_Proj\DLP_source\branches\DLP_opensource\Drivers\STM32F4xx_HAL
          _Driver\Inc\stm32f4xx_ll_fsmc.h")

  #define IS_FSMC_DATASETUP_TIME(TIME) (((TIME) > 0) && ((TIME) <= 0xFF))
          ^
"E:\DLP_Proj\DLP_source\branches\DLP_opensource\Drivers\libstmf4\include\stm32f4xx_fsmc.h",451  Warning[Pe047]: 
          incompatible redefinition of macro "IS_FSMC_DATASETUP_TIME"
          (declared at line 927 of
          "E:\DLP_Proj\DLP_source\branches\DLP_opensource\Drivers\STM32F4xx_HAL
          _Driver\Inc\stm32f4xx_ll_fsmc.h")

  #define IS_FSMC_TURNAROUND_TIME(TIME) ((TIME) <= 0xF)
          ^
"E:\DLP_Proj\DLP_source\branches\DLP_opensource\Drivers\libstmf4\include\stm32f4xx_fsmc.h",459  Warning[Pe047]: 
          incompatible redefinition of macro "IS_FSMC_TURNAROUND_TIME"
          (declared at line 929 of
          "E:\DLP_Proj\DLP_source\branches\DLP_opensource\Drivers\STM32F4xx_HAL
          _Driver\Inc\stm32f4xx_ll_fsmc.h")

  #define IS_FSMC_CLK_DIV(DIV) ((DIV) <= 0xF)
          ^
"E:\DLP_Proj\DLP_source\branches\DLP_opensource\Drivers\libstmf4\include\stm32f4xx_fsmc.h",467  Warning[Pe047]: 
          incompatible redefinition of macro "IS_FSMC_CLK_DIV" (declared at
          line 934 of
          "E:\DLP_Proj\DLP_source\branches\DLP_opensource\Drivers\STM32F4xx_HAL
          _Driver\Inc\stm32f4xx_ll_fsmc.h")

  #define IS_FSMC_DATA_LATENCY(LATENCY) ((LATENCY) <= 0xF)
          ^
"E:\DLP_Proj\DLP_source\branches\DLP_opensource\Drivers\libstmf4\include\stm32f4xx_fsmc.h",475  Warning[Pe047]: 
          incompatible redefinition of macro "IS_FSMC_DATA_LATENCY" (declared
          at line 918 of
          "E:\DLP_Proj\DLP_source\branches\DLP_opensource\Drivers\STM32F4xx_HAL
          _Driver\Inc\stm32f4xx_ll_fsmc.h")

  #define IS_FSMC_ACCESS_MODE(MODE) (((MODE) == FSMC_AccessMode_A) || \
          ^
"E:\DLP_Proj\DLP_source\branches\DLP_opensource\Drivers\libstmf4\include\stm32f4xx_fsmc.h",487  Warning[Pe047]: 
          incompatible redefinition of macro "IS_FSMC_ACCESS_MODE" (declared
          at line 850 of
          "E:\DLP_Proj\DLP_source\branches\DLP_opensource\Drivers\STM32F4xx_HAL
          _Driver\Inc\stm32f4xx_ll_fsmc.h")

  #define IS_FSMC_WAIT_FEATURE(FEATURE) (((FEATURE) == FSMC_Waitfeature_Disable) || \
          ^
"E:\DLP_Proj\DLP_source\branches\DLP_opensource\Drivers\libstmf4\include\stm32f4xx_fsmc.h",508  Warning[Pe047]: 
          incompatible redefinition of macro "IS_FSMC_WAIT_FEATURE" (declared
          at line 858 of
          "E:\DLP_Proj\DLP_source\branches\DLP_opensource\Drivers\STM32F4xx_HAL
          _Driver\Inc\stm32f4xx_ll_fsmc.h")

  #define IS_FSMC_ECC_STATE(STATE) (((STATE) == FSMC_ECC_Disable) || \
          ^
"E:\DLP_Proj\DLP_source\branches\DLP_opensource\Drivers\libstmf4\include\stm32f4xx_fsmc.h",520  Warning[Pe047]: 
          incompatible redefinition of macro "IS_FSMC_ECC_STATE" (declared at
          line 864 of
          "E:\DLP_Proj\DLP_source\branches\DLP_opensource\Drivers\STM32F4xx_HAL
          _Driver\Inc\stm32f4xx_ll_fsmc.h")

  #define IS_FSMC_ECCPAGE_SIZE(SIZE) (((SIZE) == FSMC_ECCPageSize_256Bytes) || \
          ^
"E:\DLP_Proj\DLP_source\branches\DLP_opensource\Drivers\libstmf4\include\stm32f4xx_fsmc.h",535  Warning[Pe047]: 
          incompatible redefinition of macro "IS_FSMC_ECCPAGE_SIZE" (declared
          at line 867 of
          "E:\DLP_Proj\DLP_source\branches\DLP_opensource\Drivers\STM32F4xx_HAL
          _Driver\Inc\stm32f4xx_ll_fsmc.h")

  #define IS_FSMC_TCLR_TIME(TIME) ((TIME) <= 0xFF)
          ^
"E:\DLP_Proj\DLP_source\branches\DLP_opensource\Drivers\libstmf4\include\stm32f4xx_fsmc.h",548  Warning[Pe047]: 
          incompatible redefinition of macro "IS_FSMC_TCLR_TIME" (declared at
          line 874 of
          "E:\DLP_Proj\DLP_source\branches\DLP_opensource\Drivers\STM32F4xx_HAL
          _Driver\Inc\stm32f4xx_ll_fsmc.h")

  #define IS_FSMC_TAR_TIME(TIME) ((TIME) <= 0xFF)
          ^
"E:\DLP_Proj\DLP_source\branches\DLP_opensource\Drivers\libstmf4\include\stm32f4xx_fsmc.h",556  Warning[Pe047]: 
          incompatible redefinition of macro "IS_FSMC_TAR_TIME" (declared at
          line 876 of
          "E:\DLP_Proj\DLP_source\branches\DLP_opensource\Drivers\STM32F4xx_HAL
          _Driver\Inc\stm32f4xx_ll_fsmc.h")

  #define IS_FSMC_SETUP_TIME(TIME) ((TIME) <= 0xFF)
          ^
"E:\DLP_Proj\DLP_source\branches\DLP_opensource\Drivers\libstmf4\include\stm32f4xx_fsmc.h",564  Warning[Pe047]: 
          incompatible redefinition of macro "IS_FSMC_SETUP_TIME" (declared at
          line 878 of
          "E:\DLP_Proj\DLP_source\branches\DLP_opensource\Drivers\STM32F4xx_HAL
          _Driver\Inc\stm32f4xx_ll_fsmc.h")

  #define IS_FSMC_WAIT_TIME(TIME) ((TIME) <= 0xFF)
          ^
"E:\DLP_Proj\DLP_source\branches\DLP_opensource\Drivers\libstmf4\include\stm32f4xx_fsmc.h",572  Warning[Pe047]: 
          incompatible redefinition of macro "IS_FSMC_WAIT_TIME" (declared at
          line 880 of
          "E:\DLP_Proj\DLP_source\branches\DLP_opensource\Drivers\STM32F4xx_HAL
          _Driver\Inc\stm32f4xx_ll_fsmc.h")

  #define IS_FSMC_HOLD_TIME(TIME) ((TIME) <= 0xFF)
          ^
"E:\DLP_Proj\DLP_source\branches\DLP_opensource\Drivers\libstmf4\include\stm32f4xx_fsmc.h",580  Warning[Pe047]: 
          incompatible redefinition of macro "IS_FSMC_HOLD_TIME" (declared at
          line 882 of
          "E:\DLP_Proj\DLP_source\branches\DLP_opensource\Drivers\STM32F4xx_HAL
          _Driver\Inc\stm32f4xx_ll_fsmc.h")

  #define IS_FSMC_HIZ_TIME(TIME) ((TIME) <= 0xFF)
          ^
"E:\DLP_Proj\DLP_source\branches\DLP_opensource\Drivers\libstmf4\include\stm32f4xx_fsmc.h",588  Warning[Pe047]: 
          incompatible redefinition of macro "IS_FSMC_HIZ_TIME" (declared at
          line 884 of
          "E:\DLP_Proj\DLP_source\branches\DLP_opensource\Drivers\STM32F4xx_HAL
          _Driver\Inc\stm32f4xx_ll_fsmc.h")

  #define FSMC_FLAG_FEMPT                          ((uint32_t)0x00000040)
          ^
"E:\DLP_Proj\DLP_source\branches\DLP_opensource\Drivers\libstmf4\include\stm32f4xx_fsmc.h",613  Warning[Pe047]: 
          incompatible redefinition of macro "FSMC_FLAG_FEMPT" (declared at
          line 530 of
          "E:\DLP_Proj\DLP_source\branches\DLP_opensource\Drivers\STM32F4xx_HAL
          _Driver\Inc\stm32f4xx_ll_fsmc.h")

    #define assert_param(expr) ((void)0)        
            ^
"E:\DLP_Proj\DLP_source\branches\DLP_opensource\Drivers\libstmf4\stm32f4xx_conf.h",149  Warning[Pe047]: 
          incompatible redefinition of macro "assert_param" (declared at line
          431 of
          "E:\DLP_Proj\DLP_source\branches\DLP_opensource\Inc\stm32f4xx_hal_con
          f.h")
     11          #ifndef GUI_FLASH
     12          #define GUI_FLASH
     13          #endif
     14          

   \                                 In section .bss, align 4
     15          static GUI_HWIN hZeroWnd;
   \                     hZeroWnd:
   \   00000000                      DS8 2
   \   00000002                      DS8 2
   \   00000004                      DS8 24
   \   0000001C                      DS8 24
     16          //extern TFT_FIFO gcodeCmdTxFIFO;		//gcode ÷∏¡Ó∑¢ÀÕ∂”¡–
     17          //extern TFT_FIFO gcodeCmdRxFIFO;		//gcode	÷∏¡ÓΩ” ’∂”¡–
     18          extern int X_ADD,X_INTERVAL;   //**Õº∆¨º‰∏Ù
     19          
     20          
     21          
     22          extern GUI_FLASH const GUI_FONT GUI_FontHZ_fontHz18;
     23          

   \                                 In section .bss, align 4
     24          static BUTTON_STRUCT buttonAllZero, buttonXZero, buttonYZero, buttonZZero, buttonRet,buttonQuickstop;
   \                     buttonYZero:
   \   00000000                      DS8 24
   \   00000018                      DS8 24

   \                                 In section .bss, align 4
   \                     buttonRet:
   \   00000000                      DS8 24
   \   00000018                      DS8 24
     25          

   \                                 In section .text, align 2, keep-with-next
     26          static void cbZeroWin(WM_MESSAGE * pMsg) {
     27          
     28          	struct PressEvt *press_event;
                 	                 ^
Warning[Pe550]: variable "press_event" was set but never used
     29          	switch (pMsg->MsgId)
   \                     _Z9cbZeroWinP10WM_MESSAGE: (+1)
   \   00000000   0x6801             LDR      R1,[R0, #+0]
   \   00000002   0x290C             CMP      R1,#+12
   \   00000004   0xD100             BNE.N    ??cbZeroWin_0
   \   00000006   0x4770             BX       LR
   \                     ??cbZeroWin_0: (+1)
   \   00000008   0xB580             PUSH     {R7,LR}
   \   0000000A   0x290D             CMP      R1,#+13
   \   0000000C   0xD043             BEQ.N    ??cbZeroWin_1
   \   0000000E   0x290F             CMP      R1,#+15
   \   00000010   0xD041             BEQ.N    ??cbZeroWin_1
   \   00000012   0x2926             CMP      R1,#+38
   \   00000014   0xD13B             BNE.N    ??cbZeroWin_2
     30          	{
     31          		case WM_PAINT:
     32          			//GUI_SetBkColor(GUI_BLUE);
     33          			//GUI_Clear();
     34          			//GUI_DispString("window");
     35          			break;
     36          		case WM_TOUCH:
     37          		 	press_event = (struct PressEvt *)pMsg->Data.p;
     38          			
     39          			break;
     40          		case WM_TOUCH_CHILD:
     41          			press_event = (struct PressEvt *)pMsg->Data.p;
     42          
     43          			break;
     44          			
     45          		case WM_NOTIFY_PARENT:
     46          			if(pMsg->Data.v == WM_NOTIFICATION_RELEASED)
   \   00000016   0x6881             LDR      R1,[R0, #+8]
   \   00000018   0x2902             CMP      R1,#+2
   \   0000001A   0xD13C             BNE.N    ??cbZeroWin_1
     47          			{
     48          				if(pMsg->hWinSrc == buttonRet.btnHandle)
   \   0000001C   0xF9B0 0x0006      LDRSH    R0,[R0, #+6]
   \   00000020   0x.... 0x....      LDR.W    R1,??DataTable12
   \   00000024   0xF9B1 0x1000      LDRSH    R1,[R1, #+0]
   \   00000028   0x4288             CMP      R0,R1
   \   0000002A   0xD105             BNE.N    ??cbZeroWin_3
     49          				{
     50          					Clear_Zero();
   \   0000002C   0x.... 0x....      BL       Clear_Zero
     51          					draw_return_ui();
   \   00000030   0xE8BD 0x4001      POP      {R0,LR}
   \   00000034   0x.... 0x....      B.W      draw_return_ui
     52          				}
     53          				else if(pMsg->hWinSrc == buttonAllZero.btnHandle)
   \                     ??cbZeroWin_3: (+1)
   \   00000038   0x.... 0x....      LDR.W    R1,??DataTable12_1
   \   0000003C   0xF9B1 0x2004      LDRSH    R2,[R1, #+4]
   \   00000040   0x4290             CMP      R0,R2
   \   00000042   0xD104             BNE.N    ??cbZeroWin_4
     54          				{
     55          				//if(printer_state >= PRINTER_CONNECT_OK)
     56          					{												
     57          						//**push_cb_stack(UI_ACTION_HOME_ALL);
     58          						//pushFIFO(&gcodeCmdTxFIFO, (unsigned char *)HOME_A_COMMAND);
     59          					}
     60          					enqueue_and_echo_commands_P(PSTR("G28"));
   \   00000044   0x....             ADR.N    R0,??DataTable10  ;; "G28"
   \   00000046   0xE8BD 0x4002      POP      {R1,LR}
   \   0000004A   0x.... 0x....      B.W      _Z27enqueue_and_echo_commands_PPKc
     61          				}
     62          				else if(pMsg->hWinSrc == buttonXZero.btnHandle)
   \                     ??cbZeroWin_4: (+1)
   \   0000004E   0xF9B1 0x101C      LDRSH    R1,[R1, #+28]
   \   00000052   0x4288             CMP      R0,R1
   \   00000054   0xD105             BNE.N    ??cbZeroWin_5
     63          				{
     64          				//if(printer_state >= PRINTER_CONNECT_OK)
     65          					{											
     66          						//**push_cb_stack(UI_ACTION_HOME_X);
     67          						//pushFIFO(&gcodeCmdTxFIFO, (unsigned char *)HOME_X_COMMAND);
     68          					}
     69          					enqueue_and_echo_commands_P(PSTR("G28 X0"));
   \   00000056   0x.... 0x....      ADR.W    R0,`?<Constant "G28 X0">`
   \   0000005A   0xE8BD 0x4002      POP      {R1,LR}
   \   0000005E   0x.... 0x....      B.W      _Z27enqueue_and_echo_commands_PPKc
     70          				}
     71          				else if(pMsg->hWinSrc == buttonYZero.btnHandle)
   \                     ??cbZeroWin_5: (+1)
   \   00000062   0x.... 0x....      LDR.W    R1,??DataTable12_2
   \   00000066   0xF9B1 0x2000      LDRSH    R2,[R1, #+0]
   \   0000006A   0x4290             CMP      R0,R2
   \   0000006C   0xD105             BNE.N    ??cbZeroWin_6
     72          				{
     73          				//if(printer_state >= PRINTER_CONNECT_OK)
     74          					{												
     75          						//**push_cb_stack(UI_ACTION_HOME_Y);
     76          						//pushFIFO(&gcodeCmdTxFIFO, (unsigned char *)HOME_Y_COMMAND);
     77          					}
     78          				enqueue_and_echo_commands_P(PSTR("G28 Y0"));
   \   0000006E   0x.... 0x....      ADR.W    R0,`?<Constant "G28 Y0">`
   \   00000072   0xE8BD 0x4002      POP      {R1,LR}
   \   00000076   0x.... 0x....      B.W      _Z27enqueue_and_echo_commands_PPKc
     79          				}
     80          				else if(pMsg->hWinSrc == buttonZZero.btnHandle)
   \                     ??cbZeroWin_6: (+1)
   \   0000007A   0xF9B1 0x1018      LDRSH    R1,[R1, #+24]
   \   0000007E   0x4288             CMP      R0,R1
   \   00000080   0xD109             BNE.N    ??cbZeroWin_1
     81          				{
     82          				//if(printer_state >= PRINTER_CONNECT_OK)
     83          					{												
     84          						//**push_cb_stack(UI_ACTION_HOME_Z);
     85          						//pushFIFO(&gcodeCmdTxFIFO, (unsigned char *)HOME_Z_COMMAND);
     86          					}
     87          				enqueue_and_echo_commands_P(PSTR("G28 Z0"));
   \   00000082   0x.... 0x....      ADR.W    R0,`?<Constant "G28 Z0">`
   \   00000086   0xE8BD 0x4002      POP      {R1,LR}
   \   0000008A   0x.... 0x....      B.W      _Z27enqueue_and_echo_commands_PPKc
     88          				}
     89          				else if(pMsg->hWinSrc == buttonQuickstop.btnHandle)
     90          				{
     91          #if tan_mask
     92          				//if(printer_state >= PRINTER_CONNECT_OK)
     93          					{												
     94          						//**push_cb_stack(UI_ACTION_HOME_Z);
     95          						initFIFO(&gcodeCmdTxFIFO);
     96          						usart2Data.usart2Txbuf[0]='M';
     97          						usart2Data.usart2Txbuf[1]='4';
     98          						usart2Data.usart2Txbuf[2]='1';
     99          						usart2Data.usart2Txbuf[3]='0';
    100          						usart2Data.usart2Txbuf[4]='\n';
    101          						usart2Data.prWaitStatus = pr_wait_cmd;
    102          						usart2TxStart();						
    103          						//pushFIFO(&gcodeCmdTxFIFO, (unsigned char *)QUICKSTOP_COMMAND);
    104          					}	
    105          #endif
    106          				}				
    107          			}
    108          			break;
    109          			
    110          		default:
    111          			WM_DefaultProc(pMsg);
   \                     ??cbZeroWin_2: (+1)
   \   0000008E   0xE8BD 0x4002      POP      {R1,LR}
   \   00000092   0x.... 0x....      B.W      WM_DefaultProc
    112          		}
    113          	}
   \                     ??cbZeroWin_1: (+1)
   \   00000096   0xBD01             POP      {R0,PC}          ;; return
    114          
    115          

   \                                 In section .text, align 2, keep-with-next
    116          void draw_Zero()
    117          {	
   \                     draw_Zero: (+1)
   \   00000000   0xE92D 0x4FF0      PUSH     {R4-R11,LR}
   \   00000004   0xB085             SUB      SP,SP,#+20
    118          	
    119          	int i;
                 	    ^
Warning[Pe177]: variable "i" was declared but never referenced
    120          
    121          	if(disp_state_stack._disp_state[disp_state_stack._disp_index] != ZERO_UI)
   \   00000006   0x.... 0x....      LDR.W    R0,??DataTable12_3
   \   0000000A   0xF990 0x1064      LDRSB    R1,[R0, #+100]
   \   0000000E   0x560A             LDRSB    R2,[R1, R0]
   \   00000010   0x2A0D             CMP      R2,#+13
   \   00000012   0xD005             BEQ.N    ??draw_Zero_0
    122          	{
    123          		disp_state_stack._disp_index++;
   \   00000014   0x1C49             ADDS     R1,R1,#+1
   \   00000016   0xF880 0x1064      STRB     R1,[R0, #+100]
    124          		disp_state_stack._disp_state[disp_state_stack._disp_index] = ZERO_UI;
   \   0000001A   0x220D             MOVS     R2,#+13
   \   0000001C   0xB249             SXTB     R1,R1
   \   0000001E   0x540A             STRB     R2,[R1, R0]
    125          	}
    126          	disp_state = ZERO_UI;
   \                     ??draw_Zero_0: (+1)
   \   00000020   0x200D             MOVS     R0,#+13
   \   00000022   0x....             LDR.N    R1,??DataTable12_4
   \   00000024   0x7008             STRB     R0,[R1, #+0]
    127          		
    128          	GUI_SetBkColor(gCfgItems.background_color);
   \   00000026   0x....             LDR.N    R4,??DataTable12_5
   \   00000028   0x6860             LDR      R0,[R4, #+4]
   \   0000002A   0x.... 0x....      BL       GUI_SetBkColor
    129          	GUI_SetColor(gCfgItems.title_color);
   \   0000002E   0x1D25             ADDS     R5,R4,#+4
   \   00000030   0x6D68             LDR      R0,[R5, #+84]
   \   00000032   0x.... 0x....      BL       GUI_SetColor
    130          	GUI_Clear();
   \   00000036   0x.... 0x....      BL       GUI_Clear
    131          
    132          	GUI_DispStringAt(creat_title_text(), TITLE_XPOS, TITLE_YPOS);
   \   0000003A   0x.... 0x....      BL       creat_title_text
   \   0000003E   0x....             LDR.N    R1,??DataTable12_6
   \   00000040   0x89CA             LDRH     R2,[R1, #+14]
   \   00000042   0x8989             LDRH     R1,[R1, #+12]
   \   00000044   0x.... 0x....      BL       GUI_DispStringAt
    133          	
    134          	hZeroWnd = WM_CreateWindow(0, titleHeight, LCD_WIDTH, imgHeight, WM_CF_SHOW, cbZeroWin, 0);
   \   00000048   0x2000             MOVS     R0,#+0
   \   0000004A   0x9002             STR      R0,[SP, #+8]
   \   0000004C   0x....             LDR.N    R0,??DataTable12_7
   \   0000004E   0x9001             STR      R0,[SP, #+4]
   \   00000050   0x2002             MOVS     R0,#+2
   \   00000052   0x9000             STR      R0,[SP, #+0]
   \   00000054   0xF44F 0x73A0      MOV      R3,#+320
   \   00000058   0xF44F 0x72F0      MOV      R2,#+480
   \   0000005C   0x2100             MOVS     R1,#+0
   \   0000005E   0x4608             MOV      R0,R1
   \   00000060   0x.... 0x....      BL       WM_CreateWindow
   \   00000064   0x....             LDR.N    R6,??DataTable12_1
   \   00000066   0x8030             STRH     R0,[R6, #+0]
   \   00000068   0xF240 0x112D      MOVW     R1,#+301
   \   0000006C   0x9103             STR      R1,[SP, #+12]
   \   0000006E   0x2100             MOVS     R1,#+0
   \   00000070   0x9102             STR      R1,[SP, #+8]
   \   00000072   0x2102             MOVS     R1,#+2
   \   00000074   0x9101             STR      R1,[SP, #+4]
   \   00000076   0x9000             STR      R0,[SP, #+0]
   \   00000078   0x2374             MOVS     R3,#+116
   \   0000007A   0x228C             MOVS     R2,#+140
   \   0000007C   0x2100             MOVS     R1,#+0
   \   0000007E   0x2021             MOVS     R0,#+33
    135          
    136          	buttonAllZero.btnHandle = BUTTON_CreateEx(INTERVAL_V, 0,BTN_X_PIXEL, BTN_Y_PIXEL, hZeroWnd, BUTTON_CF_SHOW, 0, 301);
   \   00000080   0x.... 0x....      BL       BUTTON_CreateEx
   \   00000084   0x80B0             STRH     R0,[R6, #+4]
    137          	buttonXZero.btnHandle = BUTTON_CreateEx(BTN_X_PIXEL+INTERVAL_V*2, 0,BTN_X_PIXEL, BTN_Y_PIXEL, hZeroWnd, BUTTON_CF_SHOW, 0, 302);
   \   00000086   0xF44F 0x7097      MOV      R0,#+302
   \   0000008A   0x9003             STR      R0,[SP, #+12]
   \   0000008C   0x2000             MOVS     R0,#+0
   \   0000008E   0x9002             STR      R0,[SP, #+8]
   \   00000090   0x2002             MOVS     R0,#+2
   \   00000092   0x9001             STR      R0,[SP, #+4]
   \   00000094   0xF9B6 0x0000      LDRSH    R0,[R6, #+0]
   \   00000098   0x9000             STR      R0,[SP, #+0]
   \   0000009A   0x2374             MOVS     R3,#+116
   \   0000009C   0x228C             MOVS     R2,#+140
   \   0000009E   0x2100             MOVS     R1,#+0
   \   000000A0   0x20CE             MOVS     R0,#+206
   \   000000A2   0x.... 0x....      BL       BUTTON_CreateEx
   \   000000A6   0x83B0             STRH     R0,[R6, #+28]
    138          	buttonYZero.btnHandle = BUTTON_CreateEx(BTN_X_PIXEL*2+INTERVAL_V*3,  0,BTN_X_PIXEL, BTN_Y_PIXEL, hZeroWnd, BUTTON_CF_SHOW, 0, 303);
   \   000000A8   0x....             LDR.N    R7,??DataTable12_2
   \   000000AA   0xF240 0x102F      MOVW     R0,#+303
   \   000000AE   0x9003             STR      R0,[SP, #+12]
   \   000000B0   0x2000             MOVS     R0,#+0
   \   000000B2   0x9002             STR      R0,[SP, #+8]
   \   000000B4   0x2002             MOVS     R0,#+2
   \   000000B6   0x9001             STR      R0,[SP, #+4]
   \   000000B8   0xF9B6 0x0000      LDRSH    R0,[R6, #+0]
   \   000000BC   0x9000             STR      R0,[SP, #+0]
   \   000000BE   0x2374             MOVS     R3,#+116
   \   000000C0   0x228C             MOVS     R2,#+140
   \   000000C2   0x2100             MOVS     R1,#+0
   \   000000C4   0xF240 0x107B      MOVW     R0,#+379
   \   000000C8   0x.... 0x....      BL       BUTTON_CreateEx
   \   000000CC   0x8038             STRH     R0,[R7, #+0]
    139          	buttonZZero.btnHandle = BUTTON_CreateEx(BTN_X_PIXEL*3+INTERVAL_V*4,  0,BTN_X_PIXEL, BTN_Y_PIXEL, hZeroWnd, BUTTON_CF_SHOW, 0, 304);
   \   000000CE   0xF44F 0x7098      MOV      R0,#+304
   \   000000D2   0x9003             STR      R0,[SP, #+12]
   \   000000D4   0x2000             MOVS     R0,#+0
   \   000000D6   0x9002             STR      R0,[SP, #+8]
   \   000000D8   0x2002             MOVS     R0,#+2
   \   000000DA   0x9001             STR      R0,[SP, #+4]
   \   000000DC   0xF9B6 0x0000      LDRSH    R0,[R6, #+0]
   \   000000E0   0x9000             STR      R0,[SP, #+0]
   \   000000E2   0x2374             MOVS     R3,#+116
   \   000000E4   0x228C             MOVS     R2,#+140
   \   000000E6   0x2100             MOVS     R1,#+0
   \   000000E8   0xF44F 0x700A      MOV      R0,#+552
   \   000000EC   0x.... 0x....      BL       BUTTON_CreateEx
   \   000000F0   0x8338             STRH     R0,[R7, #+24]
    140          	buttonRet.btnHandle = BUTTON_CreateEx(BTN_X_PIXEL*3+INTERVAL_V*4,  BTN_Y_PIXEL+INTERVAL_H,BTN_X_PIXEL, BTN_Y_PIXEL, hZeroWnd, BUTTON_CF_SHOW, 0, 308);
   \   000000F2   0x.... 0x....      LDR.W    R8,??DataTable12
   \   000000F6   0xF44F 0x709A      MOV      R0,#+308
   \   000000FA   0x9003             STR      R0,[SP, #+12]
   \   000000FC   0x2000             MOVS     R0,#+0
   \   000000FE   0x9002             STR      R0,[SP, #+8]
   \   00000100   0x2002             MOVS     R0,#+2
   \   00000102   0x9001             STR      R0,[SP, #+4]
   \   00000104   0xF9B6 0x0000      LDRSH    R0,[R6, #+0]
   \   00000108   0x9000             STR      R0,[SP, #+0]
   \   0000010A   0x2374             MOVS     R3,#+116
   \   0000010C   0x228C             MOVS     R2,#+140
   \   0000010E   0x2183             MOVS     R1,#+131
   \   00000110   0xF44F 0x700A      MOV      R0,#+552
   \   00000114   0x.... 0x....      BL       BUTTON_CreateEx
   \   00000118   0xF8A8 0x0000      STRH     R0,[R8, #+0]
    141          
    142          	if(gCfgItems.quickstop_display_flg == 1)
   \   0000011C   0xF204 0x109B      ADDW     R0,R4,#+411
   \   00000120   0x9004             STR      R0,[SP, #+16]
   \   00000122   0x.... 0x....      LDR.W    R9,??DataTable12_8
   \   00000126   0x.... 0x....      LDR.W    R10,??DataTable12_9
   \   0000012A   0x.... 0x....      LDR.W    R11,??DataTable12_10
   \   0000012E   0x7A80             LDRB     R0,[R0, #+10]
   \   00000130   0x2801             CMP      R0,#+1
   \   00000132   0xD139             BNE.N    ??draw_Zero_1
    143          	{
    144          		buttonQuickstop.btnHandle = BUTTON_CreateEx(INTERVAL_V, BTN_Y_PIXEL+INTERVAL_H,BTN_X_PIXEL, BTN_Y_PIXEL, hZeroWnd, BUTTON_CF_SHOW, 0, 301);
   \   00000134   0xF240 0x102D      MOVW     R0,#+301
   \   00000138   0x9003             STR      R0,[SP, #+12]
   \   0000013A   0x2000             MOVS     R0,#+0
   \   0000013C   0x9002             STR      R0,[SP, #+8]
   \   0000013E   0x2002             MOVS     R0,#+2
   \   00000140   0x9001             STR      R0,[SP, #+4]
   \   00000142   0xF9B6 0x0000      LDRSH    R0,[R6, #+0]
   \   00000146   0x9000             STR      R0,[SP, #+0]
   \   00000148   0x2374             MOVS     R3,#+116
   \   0000014A   0x228C             MOVS     R2,#+140
   \   0000014C   0x2183             MOVS     R1,#+131
   \   0000014E   0x2021             MOVS     R0,#+33
   \   00000150   0x.... 0x....      BL       BUTTON_CreateEx
   \   00000154   0xF8A8 0x0018      STRH     R0,[R8, #+24]
    145          		BUTTON_SetBmpFileName(buttonQuickstop.btnHandle, "bmp_quickstop.bin",1);
   \   00000158   0x2201             MOVS     R2,#+1
   \   0000015A   0x.... 0x....      ADR.W    R1,`?<Constant "bmp_quickstop.bin">`
   \   0000015E   0x.... 0x....      BL       BUTTON_SetBmpFileName
    146          		BUTTON_SetBitmapEx(buttonQuickstop.btnHandle, 0, &bmp_struct,BMP_PIC_X, BMP_PIC_Y);
   \   00000162   0xF99B 0x0000      LDRSB    R0,[R11, #+0]
   \   00000166   0x9000             STR      R0,[SP, #+0]
   \   00000168   0xF99A 0x3000      LDRSB    R3,[R10, #+0]
   \   0000016C   0x464A             MOV      R2,R9
   \   0000016E   0x2100             MOVS     R1,#+0
   \   00000170   0xF9B8 0x0018      LDRSH    R0,[R8, #+24]
   \   00000174   0x.... 0x....      BL       BUTTON_SetBitmapEx
    147          		BUTTON_SetBkColor(buttonQuickstop.btnHandle, BUTTON_CI_PRESSED, gCfgItems.btn_state_color);
   \   00000178   0x6F2A             LDR      R2,[R5, #+112]
   \   0000017A   0x2101             MOVS     R1,#+1
   \   0000017C   0xF9B8 0x0018      LDRSH    R0,[R8, #+24]
   \   00000180   0x.... 0x....      BL       BUTTON_SetBkColor
    148          		BUTTON_SetBkColor(buttonQuickstop.btnHandle, BUTTON_CI_UNPRESSED, gCfgItems.btn_state_color);
   \   00000184   0x6F2A             LDR      R2,[R5, #+112]
   \   00000186   0x2100             MOVS     R1,#+0
   \   00000188   0xF9B8 0x0018      LDRSH    R0,[R8, #+24]
   \   0000018C   0x.... 0x....      BL       BUTTON_SetBkColor
    149          		BUTTON_SetTextColor(buttonQuickstop.btnHandle, BUTTON_CI_PRESSED, gCfgItems.btn_state_textcolor);
   \   00000190   0x6F6A             LDR      R2,[R5, #+116]
   \   00000192   0x2101             MOVS     R1,#+1
   \   00000194   0xF9B8 0x0018      LDRSH    R0,[R8, #+24]
   \   00000198   0x.... 0x....      BL       BUTTON_SetTextColor
    150          		BUTTON_SetTextColor(buttonQuickstop.btnHandle, BUTTON_CI_UNPRESSED, gCfgItems.btn_state_textcolor);
   \   0000019C   0x6F6A             LDR      R2,[R5, #+116]
   \   0000019E   0x2100             MOVS     R1,#+0
   \   000001A0   0xF9B8 0x0018      LDRSH    R0,[R8, #+24]
   \   000001A4   0x.... 0x....      BL       BUTTON_SetTextColor
    151          	}
    152          	
    153          	#if VERSION_WITH_PIC	
    154          	BUTTON_SetBmpFileName(buttonAllZero.btnHandle, "bmp_zeroA.bin",1);
   \                     ??draw_Zero_1: (+1)
   \   000001A8   0x2201             MOVS     R2,#+1
   \   000001AA   0x.... 0x....      ADR.W    R1,`?<Constant "bmp_zeroA.bin">`
   \   000001AE   0xF9B6 0x0004      LDRSH    R0,[R6, #+4]
   \   000001B2   0x.... 0x....      BL       BUTTON_SetBmpFileName
    155          	BUTTON_SetBmpFileName(buttonXZero.btnHandle, "bmp_zeroX.bin",1);
   \   000001B6   0x2201             MOVS     R2,#+1
   \   000001B8   0x.... 0x....      ADR.W    R1,`?<Constant "bmp_zeroX.bin">`
   \   000001BC   0xF9B6 0x001C      LDRSH    R0,[R6, #+28]
   \   000001C0   0x.... 0x....      BL       BUTTON_SetBmpFileName
    156          	BUTTON_SetBmpFileName(buttonYZero.btnHandle, "bmp_zeroY.bin",1);
   \   000001C4   0x2201             MOVS     R2,#+1
   \   000001C6   0x.... 0x....      ADR.W    R1,`?<Constant "bmp_zeroY.bin">`
   \   000001CA   0xF9B7 0x0000      LDRSH    R0,[R7, #+0]
   \   000001CE   0x.... 0x....      BL       BUTTON_SetBmpFileName
    157          	BUTTON_SetBmpFileName(buttonZZero.btnHandle, "bmp_zeroZ.bin",1);
   \   000001D2   0x2201             MOVS     R2,#+1
   \   000001D4   0x.... 0x....      ADR.W    R1,`?<Constant "bmp_zeroZ.bin">`
   \   000001D8   0xF9B7 0x0018      LDRSH    R0,[R7, #+24]
   \   000001DC   0x.... 0x....      BL       BUTTON_SetBmpFileName
    158          	BUTTON_SetBmpFileName(buttonRet.btnHandle, "bmp_return.bin",1);
   \   000001E0   0x2201             MOVS     R2,#+1
   \   000001E2   0x.... 0x....      ADR.W    R1,`?<Constant "bmp_return.bin">`
   \   000001E6   0xF9B8 0x0000      LDRSH    R0,[R8, #+0]
   \   000001EA   0x.... 0x....      BL       BUTTON_SetBmpFileName
    159          	
    160          	BUTTON_SetBitmapEx(buttonAllZero.btnHandle, 0, &bmp_struct,BMP_PIC_X, BMP_PIC_Y);
   \   000001EE   0xF99B 0x0000      LDRSB    R0,[R11, #+0]
   \   000001F2   0x9000             STR      R0,[SP, #+0]
   \   000001F4   0xF99A 0x3000      LDRSB    R3,[R10, #+0]
   \   000001F8   0x464A             MOV      R2,R9
   \   000001FA   0x2100             MOVS     R1,#+0
   \   000001FC   0xF9B6 0x0004      LDRSH    R0,[R6, #+4]
   \   00000200   0x.... 0x....      BL       BUTTON_SetBitmapEx
    161          	BUTTON_SetBitmapEx(buttonXZero.btnHandle, 0, &bmp_struct,BMP_PIC_X, BMP_PIC_Y);
   \   00000204   0xF99B 0x0000      LDRSB    R0,[R11, #+0]
   \   00000208   0x9000             STR      R0,[SP, #+0]
   \   0000020A   0xF99A 0x3000      LDRSB    R3,[R10, #+0]
   \   0000020E   0x464A             MOV      R2,R9
   \   00000210   0x2100             MOVS     R1,#+0
   \   00000212   0xF9B6 0x001C      LDRSH    R0,[R6, #+28]
   \   00000216   0x.... 0x....      BL       BUTTON_SetBitmapEx
    162          	BUTTON_SetBitmapEx(buttonYZero.btnHandle, 0, &bmp_struct,BMP_PIC_X, BMP_PIC_Y);
   \   0000021A   0xF99B 0x0000      LDRSB    R0,[R11, #+0]
   \   0000021E   0x9000             STR      R0,[SP, #+0]
   \   00000220   0xF99A 0x3000      LDRSB    R3,[R10, #+0]
   \   00000224   0x464A             MOV      R2,R9
   \   00000226   0x2100             MOVS     R1,#+0
   \   00000228   0xF9B7 0x0000      LDRSH    R0,[R7, #+0]
   \   0000022C   0x.... 0x....      BL       BUTTON_SetBitmapEx
    163          	BUTTON_SetBitmapEx(buttonZZero.btnHandle, 0, &bmp_struct,BMP_PIC_X, BMP_PIC_Y);
   \   00000230   0xF99B 0x0000      LDRSB    R0,[R11, #+0]
   \   00000234   0x9000             STR      R0,[SP, #+0]
   \   00000236   0xF99A 0x3000      LDRSB    R3,[R10, #+0]
   \   0000023A   0x464A             MOV      R2,R9
   \   0000023C   0x2100             MOVS     R1,#+0
   \   0000023E   0xF9B7 0x0018      LDRSH    R0,[R7, #+24]
   \   00000242   0x.... 0x....      BL       BUTTON_SetBitmapEx
    164          	
    165          
    166          	BUTTON_SetBitmapEx(buttonRet.btnHandle, 0, &bmp_struct,BMP_PIC_X, BMP_PIC_Y);
   \   00000246   0xF99B 0x0000      LDRSB    R0,[R11, #+0]
   \   0000024A   0x9000             STR      R0,[SP, #+0]
   \   0000024C   0xF99A 0x3000      LDRSB    R3,[R10, #+0]
   \   00000250   0x464A             MOV      R2,R9
   \   00000252   0x2100             MOVS     R1,#+0
   \   00000254   0xF9B8 0x0000      LDRSH    R0,[R8, #+0]
   \   00000258   0x.... 0x....      BL       BUTTON_SetBitmapEx
    167          
    168          	BUTTON_SetBkColor(buttonAllZero.btnHandle, BUTTON_CI_PRESSED, gCfgItems.btn_color);
   \   0000025C   0x686A             LDR      R2,[R5, #+4]
   \   0000025E   0x2101             MOVS     R1,#+1
   \   00000260   0xF9B6 0x0004      LDRSH    R0,[R6, #+4]
   \   00000264   0x.... 0x....      BL       BUTTON_SetBkColor
    169          	BUTTON_SetBkColor(buttonAllZero.btnHandle,BUTTON_CI_UNPRESSED, gCfgItems.btn_color);
   \   00000268   0x686A             LDR      R2,[R5, #+4]
   \   0000026A   0x2100             MOVS     R1,#+0
   \   0000026C   0xF9B6 0x0004      LDRSH    R0,[R6, #+4]
   \   00000270   0x.... 0x....      BL       BUTTON_SetBkColor
    170          	BUTTON_SetTextColor(buttonAllZero.btnHandle, BUTTON_CI_PRESSED, gCfgItems.btn_textcolor);
   \   00000274   0x68EA             LDR      R2,[R5, #+12]
   \   00000276   0x2101             MOVS     R1,#+1
   \   00000278   0xF9B6 0x0004      LDRSH    R0,[R6, #+4]
   \   0000027C   0x.... 0x....      BL       BUTTON_SetTextColor
    171          	BUTTON_SetTextColor(buttonAllZero.btnHandle, BUTTON_CI_UNPRESSED, gCfgItems.btn_textcolor);
   \   00000280   0x68EA             LDR      R2,[R5, #+12]
   \   00000282   0x2100             MOVS     R1,#+0
   \   00000284   0xF9B6 0x0004      LDRSH    R0,[R6, #+4]
   \   00000288   0x.... 0x....      BL       BUTTON_SetTextColor
    172          
    173          	BUTTON_SetBkColor(buttonXZero.btnHandle, BUTTON_CI_PRESSED, gCfgItems.btn_state_color);
   \   0000028C   0x6F2A             LDR      R2,[R5, #+112]
   \   0000028E   0x2101             MOVS     R1,#+1
   \   00000290   0xF9B6 0x001C      LDRSH    R0,[R6, #+28]
   \   00000294   0x.... 0x....      BL       BUTTON_SetBkColor
    174          	BUTTON_SetBkColor(buttonXZero.btnHandle, BUTTON_CI_UNPRESSED, gCfgItems.btn_state_color);
   \   00000298   0x6F2A             LDR      R2,[R5, #+112]
   \   0000029A   0x2100             MOVS     R1,#+0
   \   0000029C   0xF9B6 0x001C      LDRSH    R0,[R6, #+28]
   \   000002A0   0x.... 0x....      BL       BUTTON_SetBkColor
    175          	BUTTON_SetTextColor(buttonXZero.btnHandle, BUTTON_CI_PRESSED, gCfgItems.btn_state_textcolor);
   \   000002A4   0x6F6A             LDR      R2,[R5, #+116]
   \   000002A6   0x2101             MOVS     R1,#+1
   \   000002A8   0xF9B6 0x001C      LDRSH    R0,[R6, #+28]
   \   000002AC   0x.... 0x....      BL       BUTTON_SetTextColor
    176          	BUTTON_SetTextColor(buttonXZero.btnHandle, BUTTON_CI_UNPRESSED, gCfgItems.btn_state_textcolor);
   \   000002B0   0x6F6A             LDR      R2,[R5, #+116]
   \   000002B2   0x2100             MOVS     R1,#+0
   \   000002B4   0xF9B6 0x001C      LDRSH    R0,[R6, #+28]
   \   000002B8   0x.... 0x....      BL       BUTTON_SetTextColor
    177          
    178          	BUTTON_SetBkColor(buttonYZero.btnHandle, BUTTON_CI_PRESSED, gCfgItems.btn_state_color);
   \   000002BC   0x6F2A             LDR      R2,[R5, #+112]
   \   000002BE   0x2101             MOVS     R1,#+1
   \   000002C0   0xF9B7 0x0000      LDRSH    R0,[R7, #+0]
   \   000002C4   0x.... 0x....      BL       BUTTON_SetBkColor
    179          	BUTTON_SetBkColor(buttonYZero.btnHandle, BUTTON_CI_UNPRESSED, gCfgItems.btn_state_color);
   \   000002C8   0x6F2A             LDR      R2,[R5, #+112]
   \   000002CA   0x2100             MOVS     R1,#+0
   \   000002CC   0xF9B7 0x0000      LDRSH    R0,[R7, #+0]
   \   000002D0   0x.... 0x....      BL       BUTTON_SetBkColor
    180          	BUTTON_SetTextColor(buttonYZero.btnHandle, BUTTON_CI_PRESSED, gCfgItems.btn_state_textcolor);
   \   000002D4   0x6F6A             LDR      R2,[R5, #+116]
   \   000002D6   0x2101             MOVS     R1,#+1
   \   000002D8   0xF9B7 0x0000      LDRSH    R0,[R7, #+0]
   \   000002DC   0x.... 0x....      BL       BUTTON_SetTextColor
    181          	BUTTON_SetTextColor(buttonYZero.btnHandle, BUTTON_CI_UNPRESSED, gCfgItems.btn_state_textcolor);
   \   000002E0   0x6F6A             LDR      R2,[R5, #+116]
   \   000002E2   0x2100             MOVS     R1,#+0
   \   000002E4   0xF9B7 0x0000      LDRSH    R0,[R7, #+0]
   \   000002E8   0x.... 0x....      BL       BUTTON_SetTextColor
    182          
    183          	BUTTON_SetBkColor(buttonZZero.btnHandle, BUTTON_CI_PRESSED, gCfgItems.btn_state_color);
   \   000002EC   0x6F2A             LDR      R2,[R5, #+112]
   \   000002EE   0x2101             MOVS     R1,#+1
   \   000002F0   0xF9B7 0x0018      LDRSH    R0,[R7, #+24]
   \   000002F4   0x.... 0x....      BL       BUTTON_SetBkColor
    184          	BUTTON_SetBkColor(buttonZZero.btnHandle, BUTTON_CI_UNPRESSED, gCfgItems.btn_state_color);
   \   000002F8   0x6F2A             LDR      R2,[R5, #+112]
   \   000002FA   0x2100             MOVS     R1,#+0
   \   000002FC   0xF9B7 0x0018      LDRSH    R0,[R7, #+24]
   \   00000300   0x.... 0x....      BL       BUTTON_SetBkColor
    185          	BUTTON_SetTextColor(buttonZZero.btnHandle, BUTTON_CI_PRESSED, gCfgItems.btn_state_textcolor);
   \   00000304   0x6F6A             LDR      R2,[R5, #+116]
   \   00000306   0x2101             MOVS     R1,#+1
   \   00000308   0xF9B7 0x0018      LDRSH    R0,[R7, #+24]
   \   0000030C   0x.... 0x....      BL       BUTTON_SetTextColor
    186          	BUTTON_SetTextColor(buttonZZero.btnHandle, BUTTON_CI_UNPRESSED, gCfgItems.btn_state_textcolor);
   \   00000310   0x6F6A             LDR      R2,[R5, #+116]
   \   00000312   0x2100             MOVS     R1,#+0
   \   00000314   0xF9B7 0x0018      LDRSH    R0,[R7, #+24]
   \   00000318   0x.... 0x....      BL       BUTTON_SetTextColor
    187          
    188          
    189          
    190          	BUTTON_SetBkColor(buttonRet.btnHandle, BUTTON_CI_PRESSED, gCfgItems.back_btn_color);
   \   0000031C   0x6FAA             LDR      R2,[R5, #+120]
   \   0000031E   0x2101             MOVS     R1,#+1
   \   00000320   0xF9B8 0x0000      LDRSH    R0,[R8, #+0]
   \   00000324   0x.... 0x....      BL       BUTTON_SetBkColor
    191          	BUTTON_SetBkColor(buttonRet.btnHandle, BUTTON_CI_UNPRESSED, gCfgItems.back_btn_color);
   \   00000328   0x6FAA             LDR      R2,[R5, #+120]
   \   0000032A   0x2100             MOVS     R1,#+0
   \   0000032C   0xF9B8 0x0000      LDRSH    R0,[R8, #+0]
   \   00000330   0x.... 0x....      BL       BUTTON_SetBkColor
    192          	BUTTON_SetTextColor(buttonRet.btnHandle, BUTTON_CI_PRESSED, gCfgItems.back_btn_textcolor);
   \   00000334   0x6FEA             LDR      R2,[R5, #+124]
   \   00000336   0x2101             MOVS     R1,#+1
   \   00000338   0xF9B8 0x0000      LDRSH    R0,[R8, #+0]
   \   0000033C   0x.... 0x....      BL       BUTTON_SetTextColor
    193          	BUTTON_SetTextColor(buttonRet.btnHandle, BUTTON_CI_UNPRESSED, gCfgItems.back_btn_textcolor);
   \   00000340   0x6FEA             LDR      R2,[R5, #+124]
   \   00000342   0x2100             MOVS     R1,#+0
   \   00000344   0xF9B8 0x0000      LDRSH    R0,[R8, #+0]
   \   00000348   0x.... 0x....      BL       BUTTON_SetTextColor
    194          
    195          	if(gCfgItems.multiple_language != 0)
   \   0000034C   0xF894 0x019B      LDRB     R0,[R4, #+411]
   \   00000350   0x2800             CMP      R0,#+0
   \   00000352   0xD026             BEQ.N    ??draw_Zero_2
    196          	{
    197          			BUTTON_SetText(buttonXZero.btnHandle,home_menu.home_x);
   \   00000354   0x....             LDR.N    R4,??DataTable12_11
   \   00000356   0x68A1             LDR      R1,[R4, #+8]
   \   00000358   0xF9B6 0x001C      LDRSH    R0,[R6, #+28]
   \   0000035C   0x.... 0x....      BL       BUTTON_SetText
    198          			BUTTON_SetText(buttonYZero.btnHandle,home_menu.home_y);
   \   00000360   0x68E1             LDR      R1,[R4, #+12]
   \   00000362   0xF9B7 0x0000      LDRSH    R0,[R7, #+0]
   \   00000366   0x.... 0x....      BL       BUTTON_SetText
    199          			BUTTON_SetText(buttonZZero.btnHandle,home_menu.home_z);
   \   0000036A   0x6921             LDR      R1,[R4, #+16]
   \   0000036C   0xF9B7 0x0018      LDRSH    R0,[R7, #+24]
   \   00000370   0x.... 0x....      BL       BUTTON_SetText
    200          			BUTTON_SetText(buttonAllZero.btnHandle,home_menu.home_all);
   \   00000374   0x6861             LDR      R1,[R4, #+4]
   \   00000376   0xF9B6 0x0004      LDRSH    R0,[R6, #+4]
   \   0000037A   0x.... 0x....      BL       BUTTON_SetText
    201          			if(gCfgItems.quickstop_display_flg == 1)
   \   0000037E   0x9804             LDR      R0,[SP, #+16]
   \   00000380   0x7A80             LDRB     R0,[R0, #+10]
   \   00000382   0x2801             CMP      R0,#+1
   \   00000384   0xD104             BNE.N    ??draw_Zero_3
    202          				BUTTON_SetText(buttonQuickstop.btnHandle,home_menu.stopmove);
   \   00000386   0x6961             LDR      R1,[R4, #+20]
   \   00000388   0xF9B8 0x0018      LDRSH    R0,[R8, #+24]
   \   0000038C   0x.... 0x....      BL       BUTTON_SetText
    203          			BUTTON_SetText(buttonRet.btnHandle,common_menu.text_back);
   \                     ??draw_Zero_3: (+1)
   \   00000390   0x....             LDR.N    R0,??DataTable12_12
   \   00000392   0x6801             LDR      R1,[R0, #+0]
   \   00000394   0xF9B8 0x0000      LDRSH    R0,[R8, #+0]
   \   00000398   0xB005             ADD      SP,SP,#+20
   \   0000039A   0xE8BD 0x4FF0      POP      {R4-R11,LR}
   \   0000039E   0x.... 0x....      B.W      BUTTON_SetText
    204          	}
    205          
    206          
    207          	#endif
    208          	
    209          	//GUI_Exec();
    210          
    211          
    212          	
    213          }
   \                     ??draw_Zero_2: (+1)
   \   000003A2   0xB005             ADD      SP,SP,#+20
   \   000003A4   0xE8BD 0x8FF0      POP      {R4-R11,PC}      ;; return
    214          

   \                                 In section .text, align 2, keep-with-next
    215          void Clear_Zero()
    216          {
   \                     Clear_Zero: (+1)
   \   00000000   0xB510             PUSH     {R4,LR}
    217          	GUI_SetBkColor(gCfgItems.background_color);
   \   00000002   0x....             LDR.N    R0,??DataTable12_5
   \   00000004   0x6840             LDR      R0,[R0, #+4]
   \   00000006   0x.... 0x....      BL       GUI_SetBkColor
    218          	if(WM_IsWindow(hZeroWnd))
   \   0000000A   0x....             LDR.N    R4,??DataTable12_1
   \   0000000C   0xF9B4 0x0000      LDRSH    R0,[R4, #+0]
   \   00000010   0x.... 0x....      BL       WM_IsWindow
   \   00000014   0x2800             CMP      R0,#+0
   \   00000016   0xD003             BEQ.N    ??Clear_Zero_0
    219          	{
    220          		WM_DeleteWindow(hZeroWnd);
   \   00000018   0xF9B4 0x0000      LDRSH    R0,[R4, #+0]
   \   0000001C   0x.... 0x....      BL       WM_DeleteWindow
    221          		//GUI_Exec();
    222          	}
    223          	GUI_Clear();
   \                     ??Clear_Zero_0: (+1)
   \   00000020   0xE8BD 0x4010      POP      {R4,LR}
   \   00000024   0x.... 0x....      B.W      GUI_Clear
    224          }

   \                                 In section .text, align 4, keep-with-next
   \                     ??DataTable10:
   \   00000000   0x47 0x32          DC8      "G28"
   \              0x38 0x00    

   \                                 In section .text, align 4, keep-with-next
   \                     ??DataTable12:
   \   00000000   0x........         DC32     buttonRet

   \                                 In section .text, align 4, keep-with-next
   \                     ??DataTable12_1:
   \   00000000   0x........         DC32     hZeroWnd

   \                                 In section .text, align 4, keep-with-next
   \                     ??DataTable12_2:
   \   00000000   0x........         DC32     buttonYZero

   \                                 In section .text, align 4, keep-with-next
   \                     ??DataTable12_3:
   \   00000000   0x........         DC32     disp_state_stack

   \                                 In section .text, align 4, keep-with-next
   \                     ??DataTable12_4:
   \   00000000   0x........         DC32     disp_state

   \                                 In section .text, align 4, keep-with-next
   \                     ??DataTable12_5:
   \   00000000   0x........         DC32     gCfgItems

   \                                 In section .text, align 4, keep-with-next
   \                     ??DataTable12_6:
   \   00000000   0x........         DC32     TFT_screen

   \                                 In section .text, align 4, keep-with-next
   \                     ??DataTable12_7:
   \   00000000   0x........         DC32     _Z9cbZeroWinP10WM_MESSAGE

   \                                 In section .text, align 4, keep-with-next
   \                     ??DataTable12_8:
   \   00000000   0x........         DC32     bmp_struct

   \                                 In section .text, align 4, keep-with-next
   \                     ??DataTable12_9:
   \   00000000   0x........         DC32     BMP_PIC_X

   \                                 In section .text, align 4, keep-with-next
   \                     ??DataTable12_10:
   \   00000000   0x........         DC32     BMP_PIC_Y

   \                                 In section .text, align 4, keep-with-next
   \                     ??DataTable12_11:
   \   00000000   0x........         DC32     home_menu

   \                                 In section .text, align 4, keep-with-next
   \                     ??DataTable12_12:
   \   00000000   0x........         DC32     common_menu

   \                                 In section .text, align 4, keep-with-next
   \                     `?<Constant "G28 X0">`:
   \   00000000   0x47 0x32          DC8 "G28 X0"
   \              0x38 0x20    
   \              0x58 0x30    
   \              0x00         
   \   00000007   0x00               DC8 0

   \                                 In section .text, align 4, keep-with-next
   \                     `?<Constant "G28 Y0">`:
   \   00000000   0x47 0x32          DC8 "G28 Y0"
   \              0x38 0x20    
   \              0x59 0x30    
   \              0x00         
   \   00000007   0x00               DC8 0

   \                                 In section .text, align 4, keep-with-next
   \                     `?<Constant "G28 Z0">`:
   \   00000000   0x47 0x32          DC8 "G28 Z0"
   \              0x38 0x20    
   \              0x5A 0x30    
   \              0x00         
   \   00000007   0x00               DC8 0

   \                                 In section .text, align 4, keep-with-next
   \                     `?<Constant "bmp_quickstop.bin">`:
   \   00000000   0x62 0x6D          DC8 "bmp_quickstop.bin"
   \              0x70 0x5F    
   \              0x71 0x75    
   \              0x69 0x63    
   \              0x6B 0x73    
   \              0x74 0x6F    
   \              0x70 0x2E    
   \              0x62 0x69    
   \              0x6E 0x00    
   \   00000012   0x00 0x00          DC8 0, 0

   \                                 In section .text, align 4, keep-with-next
   \                     `?<Constant "bmp_zeroA.bin">`:
   \   00000000   0x62 0x6D          DC8 "bmp_zeroA.bin"
   \              0x70 0x5F    
   \              0x7A 0x65    
   \              0x72 0x6F    
   \              0x41 0x2E    
   \              0x62 0x69    
   \              0x6E 0x00    
   \   0000000E   0x00 0x00          DC8 0, 0

   \                                 In section .text, align 4, keep-with-next
   \                     `?<Constant "bmp_zeroX.bin">`:
   \   00000000   0x62 0x6D          DC8 "bmp_zeroX.bin"
   \              0x70 0x5F    
   \              0x7A 0x65    
   \              0x72 0x6F    
   \              0x58 0x2E    
   \              0x62 0x69    
   \              0x6E 0x00    
   \   0000000E   0x00 0x00          DC8 0, 0

   \                                 In section .text, align 4, keep-with-next
   \                     `?<Constant "bmp_zeroY.bin">`:
   \   00000000   0x62 0x6D          DC8 "bmp_zeroY.bin"
   \              0x70 0x5F    
   \              0x7A 0x65    
   \              0x72 0x6F    
   \              0x59 0x2E    
   \              0x62 0x69    
   \              0x6E 0x00    
   \   0000000E   0x00 0x00          DC8 0, 0

   \                                 In section .text, align 4, keep-with-next
   \                     `?<Constant "bmp_zeroZ.bin">`:
   \   00000000   0x62 0x6D          DC8 "bmp_zeroZ.bin"
   \              0x70 0x5F    
   \              0x7A 0x65    
   \              0x72 0x6F    
   \              0x5A 0x2E    
   \              0x62 0x69    
   \              0x6E 0x00    
   \   0000000E   0x00 0x00          DC8 0, 0

   \                                 In section .text, align 4, keep-with-next
   \                     `?<Constant "bmp_return.bin">`:
   \   00000000   0x62 0x6D          DC8 "bmp_return.bin"
   \              0x70 0x5F    
   \              0x72 0x65    
   \              0x74 0x75    
   \              0x72 0x6E    
   \              0x2E 0x62    
   \              0x69 0x6E    
   \              0x00         
   \   0000000F   0x00               DC8 0

   \                                 In section .rodata, align 4, keep-with-next
   \                     `?<Constant "G28">`:
   \   00000000   0x47 0x32          DC8 "G28"
   \              0x38 0x00    
    225          
    226          

   Maximum stack usage in bytes:

   .cstack Function
   ------- --------
       8   Clear_Zero
         0   -> GUI_Clear
         8   -> GUI_SetBkColor
         8   -> WM_DeleteWindow
         8   -> WM_IsWindow
       8   cbZeroWin(WM_MESSAGE *)
         8   -> Clear_Zero
         0   -> WM_DefaultProc
         0   -> draw_return_ui
         0   -> enqueue_and_echo_commands_P(char const *)
      56   draw_Zero
        56   -> BUTTON_CreateEx
        56   -> BUTTON_SetBitmapEx
        56   -> BUTTON_SetBkColor
        56   -> BUTTON_SetBmpFileName
         0   -> BUTTON_SetText
        56   -> BUTTON_SetText
        56   -> BUTTON_SetTextColor
        56   -> GUI_Clear
        56   -> GUI_DispStringAt
        56   -> GUI_SetBkColor
        56   -> GUI_SetColor
        56   -> WM_CreateWindow
        56   -> creat_title_text


   Section sizes:

   Bytes  Function/Label
   -----  --------------
       8  ?<Constant "G28 X0">
       8  ?<Constant "G28 Y0">
       8  ?<Constant "G28 Z0">
       4  ?<Constant "G28">
      20  ?<Constant "bmp_quickstop.bin">
      16  ?<Constant "bmp_return.bin">
      16  ?<Constant "bmp_zeroA.bin">
      16  ?<Constant "bmp_zeroX.bin">
      16  ?<Constant "bmp_zeroY.bin">
      16  ?<Constant "bmp_zeroZ.bin">
       4  ??DataTable10
       4  ??DataTable12
       4  ??DataTable12_1
       4  ??DataTable12_10
       4  ??DataTable12_11
       4  ??DataTable12_12
       4  ??DataTable12_2
       4  ??DataTable12_3
       4  ??DataTable12_4
       4  ??DataTable12_5
       4  ??DataTable12_6
       4  ??DataTable12_7
       4  ??DataTable12_8
       4  ??DataTable12_9
      40  Clear_Zero
      48  buttonRet
          buttonQuickstop
      48  buttonYZero
          buttonZZero
     152  cbZeroWin(WM_MESSAGE *)
     936  draw_Zero
      52  hZeroWnd
          buttonAllZero
          buttonXZero
       1  -- Other

 
   148 bytes in section .bss
     5 bytes in section .rodata
 1 308 bytes in section .text
 
 1 308 bytes of CODE  memory
     4 bytes of CONST memory (+ 1 byte shared)
   148 bytes of DATA  memory

Errors: none
Warnings: 76
