###############################################################################
#
# IAR ANSI C/C++ Compiler V7.10.1.6676/W32 for ARM        18/Jul/2019  11:56:47
# Copyright 1999-2014 IAR Systems AB.
#
#    Cpu mode     =  thumb
#    Endian       =  little
#    Source file  =  
#        E:\DLP_Proj\DLP_source\branches\DLP_opensource\User\ui\draw_ready_print.cpp
#    Command line =  
#        E:\DLP_Proj\DLP_source\branches\DLP_opensource\User\ui\draw_ready_print.cpp
#        -D USE_HAL_DRIVER -D STM32F407xx -D STM32F40_41xxx -D USE_HAL_LIB -D
#        MKS_DLP_BOARD -D TFT35 -lC
#        E:\DLP_Proj\DLP_source\branches\DLP_opensource\EWARM\mksDLP/List\ -lA
#        E:\DLP_Proj\DLP_source\branches\DLP_opensource\EWARM\mksDLP/List\
#        --diag_suppress Pa050 -o
#        E:\DLP_Proj\DLP_source\branches\DLP_opensource\EWARM\mksDLP/Obj\
#        --no_unroll --no_inline --no_tbaa --no_scheduling --debug
#        --endian=little --cpu=Cortex-M4F -e --char_is_signed --fpu=VFPv4_sp
#        --dlib_config "C:\Program Files (x86)\IAR Systems\Embedded Workbench
#        7.0\arm\INC\c\DLib_Config_Full.h" -I
#        E:\DLP_Proj\DLP_source\branches\DLP_opensource\EWARM/../Inc\ -I
#        E:\DLP_Proj\DLP_source\branches\DLP_opensource\EWARM/../Src\ -I
#        E:\DLP_Proj\DLP_source\branches\DLP_opensource\EWARM/../Drivers/STM32F4xx_HAL_Driver/Inc\
#        -I
#        E:\DLP_Proj\DLP_source\branches\DLP_opensource\EWARM/../Drivers/STM32F4xx_HAL_Driver/Inc/Legacy\
#        -I
#        E:\DLP_Proj\DLP_source\branches\DLP_opensource\EWARM/../Middlewares/Third_Party/FatFs/src/drivers\
#        -I
#        E:\DLP_Proj\DLP_source\branches\DLP_opensource\EWARM/../Middlewares/ST/STM32_USB_Host_Library/Core/Inc\
#        -I
#        E:\DLP_Proj\DLP_source\branches\DLP_opensource\EWARM/../Middlewares/ST/STM32_USB_Host_Library/Class/MSC/Inc\
#        -I
#        E:\DLP_Proj\DLP_source\branches\DLP_opensource\EWARM/../Drivers/CMSIS/Device/ST/STM32F4xx/Include\
#        -I
#        E:\DLP_Proj\DLP_source\branches\DLP_opensource\EWARM/../Middlewares/Third_Party/FatFs/src\
#        -I
#        E:\DLP_Proj\DLP_source\branches\DLP_opensource\EWARM/../Middlewares/Third_Party/Marlin\
#        -I
#        E:\DLP_Proj\DLP_source\branches\DLP_opensource\EWARM/../Drivers/CMSIS/Include\
#        -I
#        E:\DLP_Proj\DLP_source\branches\DLP_opensource\EWARM/../Drivers/BSP/variant\
#        -I
#        E:\DLP_Proj\DLP_source\branches\DLP_opensource\EWARM/../Drivers/BSP/Components/at24cxx\
#        -I
#        E:\DLP_Proj\DLP_source\branches\DLP_opensource\EWARM/../Drivers/BSP/Components/w25qxx\
#        -I
#        E:\DLP_Proj\DLP_source\branches\DLP_opensource\EWARM/../Drivers/BSP/Components/ssd2828\
#        -I
#        E:\DLP_Proj\DLP_source\branches\DLP_opensource\EWARM/../Drivers/BSP/Components/lcd\
#        -I
#        E:\DLP_Proj\DLP_source\branches\DLP_opensource\EWARM/../Drivers/libstmf4\
#        -I
#        E:\DLP_Proj\DLP_source\branches\DLP_opensource\EWARM/../Drivers/libstmf4/include\
#        -I
#        E:\DLP_Proj\DLP_source\branches\DLP_opensource\EWARM/../Middlewares/arduino/stm32/cores/arduino\
#        -I
#        E:\DLP_Proj\DLP_source\branches\DLP_opensource\EWARM/../Middlewares/gui\
#        -I
#        E:\DLP_Proj\DLP_source\branches\DLP_opensource\EWARM/../Middlewares/gui/GUI/ConvertColor\
#        -I
#        E:\DLP_Proj\DLP_source\branches\DLP_opensource\EWARM/../Middlewares/gui/GUI/ConvertMono\
#        -I
#        E:\DLP_Proj\DLP_source\branches\DLP_opensource\EWARM/../Middlewares/gui/GUI/Core\
#        -I
#        E:\DLP_Proj\DLP_source\branches\DLP_opensource\EWARM/../Middlewares/gui/GUI/Font\
#        -I
#        E:\DLP_Proj\DLP_source\branches\DLP_opensource\EWARM/../Middlewares/gui/AntiAlias\
#        -I
#        E:\DLP_Proj\DLP_source\branches\DLP_opensource\EWARM/../Middlewares/gui/GUI/GUIDemo\
#        -I
#        E:\DLP_Proj\DLP_source\branches\DLP_opensource\EWARM/../Middlewares/gui/GUI/LCDDriver\
#        -I
#        E:\DLP_Proj\DLP_source\branches\DLP_opensource\EWARM/../Middlewares/gui/GUI/MemDev\
#        -I
#        E:\DLP_Proj\DLP_source\branches\DLP_opensource\EWARM/../Middlewares/gui/GUI/MultiLayer\
#        -I
#        E:\DLP_Proj\DLP_source\branches\DLP_opensource\EWARM/../Middlewares/gui/GUI/Widget\
#        -I
#        E:\DLP_Proj\DLP_source\branches\DLP_opensource\EWARM/../Middlewares/gui/GUI/WM\
#        -I
#        E:\DLP_Proj\DLP_source\branches\DLP_opensource\EWARM/../Middlewares/gui/GUI_X\
#        -I
#        E:\DLP_Proj\DLP_source\branches\DLP_opensource\EWARM/../Middlewares/gui/Config\
#        -I E:\DLP_Proj\DLP_source\branches\DLP_opensource\EWARM/../User/ui\ -I
#        E:\DLP_Proj\DLP_source\branches\DLP_opensource\EWARM/../User/ui/Multi_language\
#        -I
#        E:\DLP_Proj\DLP_source\branches\DLP_opensource\EWARM/../User/ui/QRENCODE\
#        -Om --eec++ -I "C:\Program Files (x86)\IAR Systems\Embedded Workbench
#        7.0\arm\CMSIS\Include\"
#    List file    =  
#        E:\DLP_Proj\DLP_source\branches\DLP_opensource\EWARM\mksDLP/List\draw_ready_print.lst
#    Object file  =  
#        E:\DLP_Proj\DLP_source\branches\DLP_opensource\EWARM\mksDLP/Obj\draw_ready_print.o
#
###############################################################################

E:\DLP_Proj\DLP_source\branches\DLP_opensource\User\ui\draw_ready_print.cpp
      1          #include "gui.h"
      2          #include "button.h"
      3          #include "PROGBAR.h"
      4          #include "draw_ui.h"

  #define UNUSED(x) (void) (x)
          ^
"E:\DLP_Proj\DLP_source\branches\DLP_opensource\Middlewares\Third_Party\Marlin\macros.h",101  Warning[Pe047]: 
          incompatible redefinition of macro "UNUSED" (declared at line 87 of
          "E:\DLP_Proj\DLP_source\branches\DLP_opensource\Drivers\STM32F4xx_HAL
          _Driver\Inc\stm32f4xx_hal_def.h")

  		volatile volatile float desireBedTempBak;
  		         ^
"E:\DLP_Proj\DLP_source\branches\DLP_opensource\Inc\mks_cfg.h",351  Warning[Pe083]: 
          type qualifier specified more than once

  #define IS_SPI_MODE(MODE) (((MODE) == SPI_Mode_Master) || \
          ^
"E:\DLP_Proj\DLP_source\branches\DLP_opensource\Drivers\libstmf4\include\stm32f4xx_spi.h",173  Warning[Pe047]: 
          incompatible redefinition of macro "IS_SPI_MODE" (declared at line
          511 of
          "E:\DLP_Proj\DLP_source\branches\DLP_opensource\Drivers\STM32F4xx_HAL
          _Driver\Inc\stm32f4xx_hal_spi.h")

  #define IS_SPI_DATASIZE(DATASIZE) (((DATASIZE) == SPI_DataSize_16b) || \
          ^
"E:\DLP_Proj\DLP_source\branches\DLP_opensource\Drivers\libstmf4\include\stm32f4xx_spi.h",185  Warning[Pe047]: 
          incompatible redefinition of macro "IS_SPI_DATASIZE" (declared at
          line 523 of
          "E:\DLP_Proj\DLP_source\branches\DLP_opensource\Drivers\STM32F4xx_HAL
          _Driver\Inc\stm32f4xx_hal_spi.h")

  #define IS_SPI_CPOL(CPOL) (((CPOL) == SPI_CPOL_Low) || \
          ^
"E:\DLP_Proj\DLP_source\branches\DLP_opensource\Drivers\libstmf4\include\stm32f4xx_spi.h",197  Warning[Pe047]: 
          incompatible redefinition of macro "IS_SPI_CPOL" (declared at line
          526 of
          "E:\DLP_Proj\DLP_source\branches\DLP_opensource\Drivers\STM32F4xx_HAL
          _Driver\Inc\stm32f4xx_hal_spi.h")

  #define IS_SPI_CPHA(CPHA) (((CPHA) == SPI_CPHA_1Edge) || \
          ^
"E:\DLP_Proj\DLP_source\branches\DLP_opensource\Drivers\libstmf4\include\stm32f4xx_spi.h",209  Warning[Pe047]: 
          incompatible redefinition of macro "IS_SPI_CPHA" (declared at line
          529 of
          "E:\DLP_Proj\DLP_source\branches\DLP_opensource\Drivers\STM32F4xx_HAL
          _Driver\Inc\stm32f4xx_hal_spi.h")

  #define IS_SPI_NSS(NSS) (((NSS) == SPI_NSS_Soft) || \
          ^
"E:\DLP_Proj\DLP_source\branches\DLP_opensource\Drivers\libstmf4\include\stm32f4xx_spi.h",221  Warning[Pe047]: 
          incompatible redefinition of macro "IS_SPI_NSS" (declared at line
          532 of
          "E:\DLP_Proj\DLP_source\branches\DLP_opensource\Drivers\STM32F4xx_HAL
          _Driver\Inc\stm32f4xx_hal_spi.h")

  #define IS_SPI_BAUDRATE_PRESCALER(PRESCALER) (((PRESCALER) == SPI_BaudRatePrescaler_2) || \
          ^
"E:\DLP_Proj\DLP_source\branches\DLP_opensource\Drivers\libstmf4\include\stm32f4xx_spi.h",239  Warning[Pe047]: 
          incompatible redefinition of macro "IS_SPI_BAUDRATE_PRESCALER"
          (declared at line 536 of
          "E:\DLP_Proj\DLP_source\branches\DLP_opensource\Drivers\STM32F4xx_HAL
          _Driver\Inc\stm32f4xx_hal_spi.h")

  #define IS_SPI_FIRST_BIT(BIT) (((BIT) == SPI_FirstBit_MSB) || \
          ^
"E:\DLP_Proj\DLP_source\branches\DLP_opensource\Drivers\libstmf4\include\stm32f4xx_spi.h",257  Warning[Pe047]: 
          incompatible redefinition of macro "IS_SPI_FIRST_BIT" (declared at
          line 545 of
          "E:\DLP_Proj\DLP_source\branches\DLP_opensource\Drivers\STM32F4xx_HAL
          _Driver\Inc\stm32f4xx_hal_spi.h")

  #define IS_SPI_DIRECTION(DIRECTION) (((DIRECTION) == SPI_Direction_Rx) || \
          ^
"E:\DLP_Proj\DLP_source\branches\DLP_opensource\Drivers\libstmf4\include\stm32f4xx_spi.h",400  Warning[Pe047]: 
          incompatible redefinition of macro "IS_SPI_DIRECTION" (declared at
          line 514 of
          "E:\DLP_Proj\DLP_source\branches\DLP_opensource\Drivers\STM32F4xx_HAL
          _Driver\Inc\stm32f4xx_hal_spi.h")

  #define SPI_FLAG_CRCERR                 ((uint16_t)0x0010)
          ^
"E:\DLP_Proj\DLP_source\branches\DLP_opensource\Drivers\libstmf4\include\stm32f4xx_spi.h",442  Warning[Pe047]: 
          incompatible redefinition of macro "SPI_FLAG_CRCERR" (declared at
          line 293 of
          "E:\DLP_Proj\DLP_source\branches\DLP_opensource\Drivers\STM32F4xx_HAL
          _Driver\Inc\stm32f4xx_hal_spi.h")

  #define SPI_FLAG_MODF                   ((uint16_t)0x0020)
          ^
"E:\DLP_Proj\DLP_source\branches\DLP_opensource\Drivers\libstmf4\include\stm32f4xx_spi.h",443  Warning[Pe047]: 
          incompatible redefinition of macro "SPI_FLAG_MODF" (declared at line
          294 of
          "E:\DLP_Proj\DLP_source\branches\DLP_opensource\Drivers\STM32F4xx_HAL
          _Driver\Inc\stm32f4xx_hal_spi.h")

  #define IS_SPI_CRC_POLYNOMIAL(POLYNOMIAL) ((POLYNOMIAL) >= 0x1)
          ^
"E:\DLP_Proj\DLP_source\branches\DLP_opensource\Drivers\libstmf4\include\stm32f4xx_spi.h",462  Warning[Pe047]: 
          incompatible redefinition of macro "IS_SPI_CRC_POLYNOMIAL" (declared
          at line 554 of
          "E:\DLP_Proj\DLP_source\branches\DLP_opensource\Drivers\STM32F4xx_HAL
          _Driver\Inc\stm32f4xx_hal_spi.h")

  #define SPI_IT_TXE                   SPI_I2S_IT_TXE
          ^
"E:\DLP_Proj\DLP_source\branches\DLP_opensource\Drivers\libstmf4\include\stm32f4xx_spi.h",473  Warning[Pe047]: 
          incompatible redefinition of macro "SPI_IT_TXE" (declared at line
          280 of
          "E:\DLP_Proj\DLP_source\branches\DLP_opensource\Drivers\STM32F4xx_HAL
          _Driver\Inc\stm32f4xx_hal_spi.h")

  #define SPI_IT_RXNE                  SPI_I2S_IT_RXNE
          ^
"E:\DLP_Proj\DLP_source\branches\DLP_opensource\Drivers\libstmf4\include\stm32f4xx_spi.h",474  Warning[Pe047]: 
          incompatible redefinition of macro "SPI_IT_RXNE" (declared at line
          281 of
          "E:\DLP_Proj\DLP_source\branches\DLP_opensource\Drivers\STM32F4xx_HAL
          _Driver\Inc\stm32f4xx_hal_spi.h")

  #define SPI_IT_ERR                   SPI_I2S_IT_ERR
          ^
"E:\DLP_Proj\DLP_source\branches\DLP_opensource\Drivers\libstmf4\include\stm32f4xx_spi.h",475  Warning[Pe047]: 
          incompatible redefinition of macro "SPI_IT_ERR" (declared at line
          282 of
          "E:\DLP_Proj\DLP_source\branches\DLP_opensource\Drivers\STM32F4xx_HAL
          _Driver\Inc\stm32f4xx_hal_spi.h")

  #define SPI_FLAG_RXNE                SPI_I2S_FLAG_RXNE
          ^
"E:\DLP_Proj\DLP_source\branches\DLP_opensource\Drivers\libstmf4\include\stm32f4xx_spi.h",477  Warning[Pe047]: 
          incompatible redefinition of macro "SPI_FLAG_RXNE" (declared at line
          290 of
          "E:\DLP_Proj\DLP_source\branches\DLP_opensource\Drivers\STM32F4xx_HAL
          _Driver\Inc\stm32f4xx_hal_spi.h")

  #define SPI_FLAG_TXE                 SPI_I2S_FLAG_TXE
          ^
"E:\DLP_Proj\DLP_source\branches\DLP_opensource\Drivers\libstmf4\include\stm32f4xx_spi.h",478  Warning[Pe047]: 
          incompatible redefinition of macro "SPI_FLAG_TXE" (declared at line
          291 of
          "E:\DLP_Proj\DLP_source\branches\DLP_opensource\Drivers\STM32F4xx_HAL
          _Driver\Inc\stm32f4xx_hal_spi.h")

  #define SPI_FLAG_OVR                 SPI_I2S_FLAG_OVR
          ^
"E:\DLP_Proj\DLP_source\branches\DLP_opensource\Drivers\libstmf4\include\stm32f4xx_spi.h",479  Warning[Pe047]: 
          incompatible redefinition of macro "SPI_FLAG_OVR" (declared at line
          295 of
          "E:\DLP_Proj\DLP_source\branches\DLP_opensource\Drivers\STM32F4xx_HAL
          _Driver\Inc\stm32f4xx_hal_spi.h")

  #define SPI_FLAG_BSY                 SPI_I2S_FLAG_BSY
          ^
"E:\DLP_Proj\DLP_source\branches\DLP_opensource\Drivers\libstmf4\include\stm32f4xx_spi.h",480  Warning[Pe047]: 
          incompatible redefinition of macro "SPI_FLAG_BSY" (declared at line
          292 of
          "E:\DLP_Proj\DLP_source\branches\DLP_opensource\Drivers\STM32F4xx_HAL
          _Driver\Inc\stm32f4xx_hal_spi.h")

    #define FILAMENT_CHANGE_TEXT_EN				"Please click <Load> \nor <unload>,After \npinter pause."
            ^
"E:\DLP_Proj\DLP_source\branches\DLP_opensource\User\ui\Multi_language\Language_en.h",165  Warning[Pe047]: 
          incompatible redefinition of macro "FILAMENT_CHANGE_TEXT_EN"
          (declared at line 143)

  #define DIALOG_UNBIND_PRINTER_CN            "Ëß£Èô§ÁªëÂÆö?"
          ^
"E:\DLP_Proj\DLP_source\branches\DLP_opensource\User\ui\Multi_language\Language_s_cn.h",248  Warning[Pe047]: 
          incompatible redefinition of macro "DIALOG_UNBIND_PRINTER_CN"
          (declared at line 243)

    #define FILAMENT_CHANGE_TEXT_T_CN				"ÂæÖÊâìÂç∞Ê©üÊö´ÂÅúÂêé,\nË´ãÊåâ<ÈÄ≤Êñô>Êàñ<ÈÄÄÊñô>"
            ^
"E:\DLP_Proj\DLP_source\branches\DLP_opensource\User\ui\Multi_language\Language_t_cn.h",157  Warning[Pe047]: 
          incompatible redefinition of macro "FILAMENT_CHANGE_TEXT_T_CN"
          (declared at line 143)

    #define FILAMENT_CHANGE_TEXT_RU				"Please click <Load> \nor <unload>,After \npinter pause."
            ^
"E:\DLP_Proj\DLP_source\branches\DLP_opensource\User\ui\Multi_language\Language_ru.h",163  Warning[Pe047]: 
          incompatible redefinition of macro "FILAMENT_CHANGE_TEXT_RU"
          (declared at line 143)

  #define DIALOG_UNBIND_PRINTER_RU            "Unbind the printer?"
          ^
"E:\DLP_Proj\DLP_source\branches\DLP_opensource\User\ui\Multi_language\Language_ru.h",260  Warning[Pe047]: 
          incompatible redefinition of macro "DIALOG_UNBIND_PRINTER_RU"
          (declared at line 255)

    #define FILAMENT_CHANGE_TEXT_FR				"Please click <Load> \nor <unload>,After \npinter pause."
            ^
"E:\DLP_Proj\DLP_source\branches\DLP_opensource\User\ui\Multi_language\Language_fr.h",163  Warning[Pe047]: 
          incompatible redefinition of macro "FILAMENT_CHANGE_TEXT_FR"
          (declared at line 143)

  #define DIALOG_UNBIND_PRINTER_FR        "Unbind the printer?"
          ^
"E:\DLP_Proj\DLP_source\branches\DLP_opensource\User\ui\Multi_language\Language_fr.h",263  Warning[Pe047]: 
          incompatible redefinition of macro "DIALOG_UNBIND_PRINTER_FR"
          (declared at line 259)

    #define FILAMENT_CHANGE_TEXT_SP				"Please click <Load> \nor <unload>,After \npinter pause."
            ^
"E:\DLP_Proj\DLP_source\branches\DLP_opensource\User\ui\Multi_language\Language_sp.h",162  Warning[Pe047]: 
          incompatible redefinition of macro "FILAMENT_CHANGE_TEXT_SP"
          (declared at line 143)

    #define FILAMENT_CHANGE_TEXT_IT				"Please click <Load> \nor <unload>,After \npinter pause."
            ^
"E:\DLP_Proj\DLP_source\branches\DLP_opensource\User\ui\Multi_language\Language_it.h",163  Warning[Pe047]: 
          incompatible redefinition of macro "FILAMENT_CHANGE_TEXT_IT"
          (declared at line 143)

  #define DIALOG_UNBIND_PRINTER_IT                "Unbind the printer?"
          ^
"E:\DLP_Proj\DLP_source\branches\DLP_opensource\User\ui\Multi_language\Language_it.h",259  Warning[Pe047]: 
          incompatible redefinition of macro "DIALOG_UNBIND_PRINTER_IT"
          (declared at line 254)

  #define FILAMENT_CHANGE_TEXT_JP				"Please click <Load> \nor <unload>,After \npinter pause."
          ^
"E:\DLP_Proj\DLP_source\branches\DLP_opensource\User\ui\Multi_language\Multi_language.h",688  Warning[Pe047]: 
          incompatible redefinition of macro "FILAMENT_CHANGE_TEXT_JP"
          (declared at line 681)

  #define FILAMENT_CHANGE_TEXT_GN				"Please click <Load> \nor <unload>,After \npinter pause."
          ^
"E:\DLP_Proj\DLP_source\branches\DLP_opensource\User\ui\Multi_language\Multi_language.h",896  Warning[Pe047]: 
          incompatible redefinition of macro "FILAMENT_CHANGE_TEXT_GN"
          (declared at line 890)

  #define Simple_Dec"ºı…Ÿ"
                    ^
"E:\DLP_Proj\DLP_source\branches\DLP_opensource\User\ui\draw_ui.h",387  Warning[Pe1649]: 
          white space is required between the macro name "Simple_Dec" and its
          replacement text

  #define Simple_Speed "ÀŸ∂»"
          ^
"E:\DLP_Proj\DLP_source\branches\DLP_opensource\User\ui\draw_ui.h",442  Warning[Pe047]: 
          incompatible redefinition of macro "Simple_Speed" (declared at line
          439)

  #define Complex_Speed "ÀŸ∂»"
          ^
"E:\DLP_Proj\DLP_source\branches\DLP_opensource\User\ui\draw_ui.h",443  Warning[Pe047]: 
          incompatible redefinition of macro "Complex_Speed" (declared at line
          440)
      5          #include "draw_ready_print.h"
      6          #include "draw_print_file.h"
      7          #include "fontLib.h"
      8          #include "draw_move_motor.h"
      9          #include "text.h"
     10          #include "draw_set.h"
     11          #include "draw_language.h"
     12          #include "pic_manager.h"
     13          #include "spi_flash.h"
     14          #include "draw_tool.h"
     15          #include "pic_manager.h"
     16          #include "spi_flash.h"
     17          #include "marlin.h"

    #define MIN_SOFTWARE_ENDSTOPS mksCfg.min_software_endstops	/*--mks cfg--*/
            ^
"E:\DLP_Proj\DLP_source\branches\DLP_opensource\Middlewares\Third_Party\Marlin\Configuration.h",824  Warning[Pe047]: 
          incompatible redefinition of macro "MIN_SOFTWARE_ENDSTOPS" (declared
          at line 819)

    #define MAX_SOFTWARE_ENDSTOPS mksCfg.max_software_endstops	/*--mks cfg--*/
            ^
"E:\DLP_Proj\DLP_source\branches\DLP_opensource\Middlewares\Third_Party\Marlin\Configuration.h",834  Warning[Pe047]: 
          incompatible redefinition of macro "MAX_SOFTWARE_ENDSTOPS" (declared
          at line 829)

  #define strcpy_P(dest, src) strcpy((dest), (src))
          ^
"E:\DLP_Proj\DLP_source\branches\DLP_opensource\Middlewares\arduino\stm32\cores\arduino\avr\pgmspace.h",23  Warning[Pe047]: 
          incompatible redefinition of macro "strcpy_P" (declared at line 93
          of
          "E:\DLP_Proj\DLP_source\branches\DLP_opensource\Middlewares\Third_Par
          ty\Marlin\Marlin_export.h")

  #define strstr_P(a, b) strstr((a), (b))
          ^
"E:\DLP_Proj\DLP_source\branches\DLP_opensource\Middlewares\arduino\stm32\cores\arduino\avr\pgmspace.h",26  Warning[Pe047]: 
          incompatible redefinition of macro "strstr_P" (declared at line 94
          of
          "E:\DLP_Proj\DLP_source\branches\DLP_opensource\Middlewares\Third_Par
          ty\Marlin\Marlin_export.h")

  #define sprintf_P(s, f, ...) sprintf((s), (f), __VA_ARGS__)
          ^
"E:\DLP_Proj\DLP_source\branches\DLP_opensource\Middlewares\arduino\stm32\cores\arduino\avr\pgmspace.h",28  Warning[Pe047]: 
          incompatible redefinition of macro "sprintf_P" (declared at line 95
          of
          "E:\DLP_Proj\DLP_source\branches\DLP_opensource\Middlewares\Third_Par
          ty\Marlin\Marlin_export.h")

  #define pgm_read_word_near(addr) pgm_read_word(addr)
          ^
"E:\DLP_Proj\DLP_source\branches\DLP_opensource\Middlewares\arduino\stm32\cores\arduino\avr\pgmspace.h",38  Warning[Pe047]: 
          incompatible redefinition of macro "pgm_read_word_near" (declared at
          line 65 of
          "E:\DLP_Proj\DLP_source\branches\DLP_opensource\Middlewares\Third_Par
          ty\Marlin\Marlin_export.h")

  #define IS_IWDG_PRESCALER(PRESCALER) (((PRESCALER) == IWDG_Prescaler_4)  || \
          ^
"E:\DLP_Proj\DLP_source\branches\DLP_opensource\Drivers\libstmf4\include\stm32f4xx_iwdg.h",80  Warning[Pe047]: 
          incompatible redefinition of macro "IS_IWDG_PRESCALER" (declared at
          line 209 of
          "E:\DLP_Proj\DLP_source\branches\DLP_opensource\Drivers\STM32F4xx_HAL
          _Driver\Inc\stm32f4xx_hal_iwdg.h")

  #define IS_IWDG_RELOAD(RELOAD) ((RELOAD) <= 0xFFF)
          ^
"E:\DLP_Proj\DLP_source\branches\DLP_opensource\Drivers\libstmf4\include\stm32f4xx_iwdg.h",97  Warning[Pe047]: 
          incompatible redefinition of macro "IS_IWDG_RELOAD" (declared at
          line 222 of
          "E:\DLP_Proj\DLP_source\branches\DLP_opensource\Drivers\STM32F4xx_HAL
          _Driver\Inc\stm32f4xx_hal_iwdg.h")

  #define IS_FSMC_NORSRAM_BANK(BANK) (((BANK) == FSMC_Bank1_NORSRAM1) || \
          ^
"E:\DLP_Proj\DLP_source\branches\DLP_opensource\Drivers\libstmf4\include\stm32f4xx_fsmc.h",272  Warning[Pe047]: 
          incompatible redefinition of macro "IS_FSMC_NORSRAM_BANK" (declared
          at line 834 of
          "E:\DLP_Proj\DLP_source\branches\DLP_opensource\Drivers\STM32F4xx_HAL
          _Driver\Inc\stm32f4xx_ll_fsmc.h")

  #define IS_FSMC_NAND_BANK(BANK) (((BANK) == FSMC_Bank2_NAND) || \
          ^
"E:\DLP_Proj\DLP_source\branches\DLP_opensource\Drivers\libstmf4\include\stm32f4xx_fsmc.h",277  Warning[Pe047]: 
          incompatible redefinition of macro "IS_FSMC_NAND_BANK" (declared at
          line 855 of
          "E:\DLP_Proj\DLP_source\branches\DLP_opensource\Drivers\STM32F4xx_HAL
          _Driver\Inc\stm32f4xx_ll_fsmc.h")

  #define IS_FSMC_MUX(MUX) (((MUX) == FSMC_DataAddressMux_Disable) || \
          ^
"E:\DLP_Proj\DLP_source\branches\DLP_opensource\Drivers\libstmf4\include\stm32f4xx_fsmc.h",298  Warning[Pe047]: 
          incompatible redefinition of macro "IS_FSMC_MUX" (declared at line
          839 of
          "E:\DLP_Proj\DLP_source\branches\DLP_opensource\Drivers\STM32F4xx_HAL
          _Driver\Inc\stm32f4xx_ll_fsmc.h")

  #define IS_FSMC_MEMORY(MEMORY) (((MEMORY) == FSMC_MemoryType_SRAM) || \
          ^
"E:\DLP_Proj\DLP_source\branches\DLP_opensource\Drivers\libstmf4\include\stm32f4xx_fsmc.h",311  Warning[Pe047]: 
          incompatible redefinition of macro "IS_FSMC_MEMORY" (declared at
          line 842 of
          "E:\DLP_Proj\DLP_source\branches\DLP_opensource\Drivers\STM32F4xx_HAL
          _Driver\Inc\stm32f4xx_ll_fsmc.h")

  #define IS_FSMC_BURSTMODE(STATE) (((STATE) == FSMC_BurstAccessMode_Disable) || \
          ^
"E:\DLP_Proj\DLP_source\branches\DLP_opensource\Drivers\libstmf4\include\stm32f4xx_fsmc.h",336  Warning[Pe047]: 
          incompatible redefinition of macro "IS_FSMC_BURSTMODE" (declared at
          line 894 of
          "E:\DLP_Proj\DLP_source\branches\DLP_opensource\Drivers\STM32F4xx_HAL
          _Driver\Inc\stm32f4xx_ll_fsmc.h")

  #define IS_FSMC_ASYNWAIT(STATE) (((STATE) == FSMC_AsynchronousWait_Disable) || \
          ^
"E:\DLP_Proj\DLP_source\branches\DLP_opensource\Drivers\libstmf4\include\stm32f4xx_fsmc.h",347  Warning[Pe047]: 
          incompatible redefinition of macro "IS_FSMC_ASYNWAIT" (declared at
          line 915 of
          "E:\DLP_Proj\DLP_source\branches\DLP_opensource\Drivers\STM32F4xx_HAL
          _Driver\Inc\stm32f4xx_ll_fsmc.h")

  #define IS_FSMC_WAIT_POLARITY(POLARITY) (((POLARITY) == FSMC_WaitSignalPolarity_Low) || \
          ^
"E:\DLP_Proj\DLP_source\branches\DLP_opensource\Drivers\libstmf4\include\stm32f4xx_fsmc.h",358  Warning[Pe047]: 
          incompatible redefinition of macro "IS_FSMC_WAIT_POLARITY" (declared
          at line 897 of
          "E:\DLP_Proj\DLP_source\branches\DLP_opensource\Drivers\STM32F4xx_HAL
          _Driver\Inc\stm32f4xx_ll_fsmc.h")

  #define IS_FSMC_WRAP_MODE(MODE) (((MODE) == FSMC_WrapMode_Disable) || \
          ^
"E:\DLP_Proj\DLP_source\branches\DLP_opensource\Drivers\libstmf4\include\stm32f4xx_fsmc.h",369  Warning[Pe047]: 
          incompatible redefinition of macro "IS_FSMC_WRAP_MODE" (declared at
          line 900 of
          "E:\DLP_Proj\DLP_source\branches\DLP_opensource\Drivers\STM32F4xx_HAL
          _Driver\Inc\stm32f4xx_ll_fsmc.h")

  #define IS_FSMC_WAIT_SIGNAL_ACTIVE(ACTIVE) (((ACTIVE) == FSMC_WaitSignalActive_BeforeWaitState) || \
          ^
"E:\DLP_Proj\DLP_source\branches\DLP_opensource\Drivers\libstmf4\include\stm32f4xx_fsmc.h",380  Warning[Pe047]: 
          incompatible redefinition of macro "IS_FSMC_WAIT_SIGNAL_ACTIVE"
          (declared at line 903 of
          "E:\DLP_Proj\DLP_source\branches\DLP_opensource\Drivers\STM32F4xx_HAL
          _Driver\Inc\stm32f4xx_ll_fsmc.h")

  #define IS_FSMC_WRITE_OPERATION(OPERATION) (((OPERATION) == FSMC_WriteOperation_Disable) || \
          ^
"E:\DLP_Proj\DLP_source\branches\DLP_opensource\Drivers\libstmf4\include\stm32f4xx_fsmc.h",391  Warning[Pe047]: 
          incompatible redefinition of macro "IS_FSMC_WRITE_OPERATION"
          (declared at line 906 of
          "E:\DLP_Proj\DLP_source\branches\DLP_opensource\Drivers\STM32F4xx_HAL
          _Driver\Inc\stm32f4xx_ll_fsmc.h")

  #define IS_FSMC_WAITE_SIGNAL(SIGNAL) (((SIGNAL) == FSMC_WaitSignal_Disable) || \
          ^
"E:\DLP_Proj\DLP_source\branches\DLP_opensource\Drivers\libstmf4\include\stm32f4xx_fsmc.h",402  Warning[Pe047]: 
          incompatible redefinition of macro "IS_FSMC_WAITE_SIGNAL" (declared
          at line 909 of
          "E:\DLP_Proj\DLP_source\branches\DLP_opensource\Drivers\STM32F4xx_HAL
          _Driver\Inc\stm32f4xx_ll_fsmc.h")

  #define IS_FSMC_EXTENDED_MODE(MODE) (((MODE) == FSMC_ExtendedMode_Disable) || \
          ^
"E:\DLP_Proj\DLP_source\branches\DLP_opensource\Drivers\libstmf4\include\stm32f4xx_fsmc.h",414  Warning[Pe047]: 
          incompatible redefinition of macro "IS_FSMC_EXTENDED_MODE" (declared
          at line 912 of
          "E:\DLP_Proj\DLP_source\branches\DLP_opensource\Drivers\STM32F4xx_HAL
          _Driver\Inc\stm32f4xx_ll_fsmc.h")

  #define IS_FSMC_WRITE_BURST(BURST) (((BURST) == FSMC_WriteBurst_Disable) || \
          ^
"E:\DLP_Proj\DLP_source\branches\DLP_opensource\Drivers\libstmf4\include\stm32f4xx_fsmc.h",426  Warning[Pe047]: 
          incompatible redefinition of macro "IS_FSMC_WRITE_BURST" (declared
          at line 920 of
          "E:\DLP_Proj\DLP_source\branches\DLP_opensource\Drivers\STM32F4xx_HAL
          _Driver\Inc\stm32f4xx_ll_fsmc.h")

  #define IS_FSMC_ADDRESS_SETUP_TIME(TIME) ((TIME) <= 0xF)
          ^
"E:\DLP_Proj\DLP_source\branches\DLP_opensource\Drivers\libstmf4\include\stm32f4xx_fsmc.h",435  Warning[Pe047]: 
          incompatible redefinition of macro "IS_FSMC_ADDRESS_SETUP_TIME"
          (declared at line 923 of
          "E:\DLP_Proj\DLP_source\branches\DLP_opensource\Drivers\STM32F4xx_HAL
          _Driver\Inc\stm32f4xx_ll_fsmc.h")

  #define IS_FSMC_ADDRESS_HOLD_TIME(TIME) ((TIME) <= 0xF)
          ^
"E:\DLP_Proj\DLP_source\branches\DLP_opensource\Drivers\libstmf4\include\stm32f4xx_fsmc.h",443  Warning[Pe047]: 
          incompatible redefinition of macro "IS_FSMC_ADDRESS_HOLD_TIME"
          (declared at line 925 of
          "E:\DLP_Proj\DLP_source\branches\DLP_opensource\Drivers\STM32F4xx_HAL
          _Driver\Inc\stm32f4xx_ll_fsmc.h")

  #define IS_FSMC_DATASETUP_TIME(TIME) (((TIME) > 0) && ((TIME) <= 0xFF))
          ^
"E:\DLP_Proj\DLP_source\branches\DLP_opensource\Drivers\libstmf4\include\stm32f4xx_fsmc.h",451  Warning[Pe047]: 
          incompatible redefinition of macro "IS_FSMC_DATASETUP_TIME"
          (declared at line 927 of
          "E:\DLP_Proj\DLP_source\branches\DLP_opensource\Drivers\STM32F4xx_HAL
          _Driver\Inc\stm32f4xx_ll_fsmc.h")

  #define IS_FSMC_TURNAROUND_TIME(TIME) ((TIME) <= 0xF)
          ^
"E:\DLP_Proj\DLP_source\branches\DLP_opensource\Drivers\libstmf4\include\stm32f4xx_fsmc.h",459  Warning[Pe047]: 
          incompatible redefinition of macro "IS_FSMC_TURNAROUND_TIME"
          (declared at line 929 of
          "E:\DLP_Proj\DLP_source\branches\DLP_opensource\Drivers\STM32F4xx_HAL
          _Driver\Inc\stm32f4xx_ll_fsmc.h")

  #define IS_FSMC_CLK_DIV(DIV) ((DIV) <= 0xF)
          ^
"E:\DLP_Proj\DLP_source\branches\DLP_opensource\Drivers\libstmf4\include\stm32f4xx_fsmc.h",467  Warning[Pe047]: 
          incompatible redefinition of macro "IS_FSMC_CLK_DIV" (declared at
          line 934 of
          "E:\DLP_Proj\DLP_source\branches\DLP_opensource\Drivers\STM32F4xx_HAL
          _Driver\Inc\stm32f4xx_ll_fsmc.h")

  #define IS_FSMC_DATA_LATENCY(LATENCY) ((LATENCY) <= 0xF)
          ^
"E:\DLP_Proj\DLP_source\branches\DLP_opensource\Drivers\libstmf4\include\stm32f4xx_fsmc.h",475  Warning[Pe047]: 
          incompatible redefinition of macro "IS_FSMC_DATA_LATENCY" (declared
          at line 918 of
          "E:\DLP_Proj\DLP_source\branches\DLP_opensource\Drivers\STM32F4xx_HAL
          _Driver\Inc\stm32f4xx_ll_fsmc.h")

  #define IS_FSMC_ACCESS_MODE(MODE) (((MODE) == FSMC_AccessMode_A) || \
          ^
"E:\DLP_Proj\DLP_source\branches\DLP_opensource\Drivers\libstmf4\include\stm32f4xx_fsmc.h",487  Warning[Pe047]: 
          incompatible redefinition of macro "IS_FSMC_ACCESS_MODE" (declared
          at line 850 of
          "E:\DLP_Proj\DLP_source\branches\DLP_opensource\Drivers\STM32F4xx_HAL
          _Driver\Inc\stm32f4xx_ll_fsmc.h")

  #define IS_FSMC_WAIT_FEATURE(FEATURE) (((FEATURE) == FSMC_Waitfeature_Disable) || \
          ^
"E:\DLP_Proj\DLP_source\branches\DLP_opensource\Drivers\libstmf4\include\stm32f4xx_fsmc.h",508  Warning[Pe047]: 
          incompatible redefinition of macro "IS_FSMC_WAIT_FEATURE" (declared
          at line 858 of
          "E:\DLP_Proj\DLP_source\branches\DLP_opensource\Drivers\STM32F4xx_HAL
          _Driver\Inc\stm32f4xx_ll_fsmc.h")

  #define IS_FSMC_ECC_STATE(STATE) (((STATE) == FSMC_ECC_Disable) || \
          ^
"E:\DLP_Proj\DLP_source\branches\DLP_opensource\Drivers\libstmf4\include\stm32f4xx_fsmc.h",520  Warning[Pe047]: 
          incompatible redefinition of macro "IS_FSMC_ECC_STATE" (declared at
          line 864 of
          "E:\DLP_Proj\DLP_source\branches\DLP_opensource\Drivers\STM32F4xx_HAL
          _Driver\Inc\stm32f4xx_ll_fsmc.h")

  #define IS_FSMC_ECCPAGE_SIZE(SIZE) (((SIZE) == FSMC_ECCPageSize_256Bytes) || \
          ^
"E:\DLP_Proj\DLP_source\branches\DLP_opensource\Drivers\libstmf4\include\stm32f4xx_fsmc.h",535  Warning[Pe047]: 
          incompatible redefinition of macro "IS_FSMC_ECCPAGE_SIZE" (declared
          at line 867 of
          "E:\DLP_Proj\DLP_source\branches\DLP_opensource\Drivers\STM32F4xx_HAL
          _Driver\Inc\stm32f4xx_ll_fsmc.h")

  #define IS_FSMC_TCLR_TIME(TIME) ((TIME) <= 0xFF)
          ^
"E:\DLP_Proj\DLP_source\branches\DLP_opensource\Drivers\libstmf4\include\stm32f4xx_fsmc.h",548  Warning[Pe047]: 
          incompatible redefinition of macro "IS_FSMC_TCLR_TIME" (declared at
          line 874 of
          "E:\DLP_Proj\DLP_source\branches\DLP_opensource\Drivers\STM32F4xx_HAL
          _Driver\Inc\stm32f4xx_ll_fsmc.h")

  #define IS_FSMC_TAR_TIME(TIME) ((TIME) <= 0xFF)
          ^
"E:\DLP_Proj\DLP_source\branches\DLP_opensource\Drivers\libstmf4\include\stm32f4xx_fsmc.h",556  Warning[Pe047]: 
          incompatible redefinition of macro "IS_FSMC_TAR_TIME" (declared at
          line 876 of
          "E:\DLP_Proj\DLP_source\branches\DLP_opensource\Drivers\STM32F4xx_HAL
          _Driver\Inc\stm32f4xx_ll_fsmc.h")

  #define IS_FSMC_SETUP_TIME(TIME) ((TIME) <= 0xFF)
          ^
"E:\DLP_Proj\DLP_source\branches\DLP_opensource\Drivers\libstmf4\include\stm32f4xx_fsmc.h",564  Warning[Pe047]: 
          incompatible redefinition of macro "IS_FSMC_SETUP_TIME" (declared at
          line 878 of
          "E:\DLP_Proj\DLP_source\branches\DLP_opensource\Drivers\STM32F4xx_HAL
          _Driver\Inc\stm32f4xx_ll_fsmc.h")

  #define IS_FSMC_WAIT_TIME(TIME) ((TIME) <= 0xFF)
          ^
"E:\DLP_Proj\DLP_source\branches\DLP_opensource\Drivers\libstmf4\include\stm32f4xx_fsmc.h",572  Warning[Pe047]: 
          incompatible redefinition of macro "IS_FSMC_WAIT_TIME" (declared at
          line 880 of
          "E:\DLP_Proj\DLP_source\branches\DLP_opensource\Drivers\STM32F4xx_HAL
          _Driver\Inc\stm32f4xx_ll_fsmc.h")

  #define IS_FSMC_HOLD_TIME(TIME) ((TIME) <= 0xFF)
          ^
"E:\DLP_Proj\DLP_source\branches\DLP_opensource\Drivers\libstmf4\include\stm32f4xx_fsmc.h",580  Warning[Pe047]: 
          incompatible redefinition of macro "IS_FSMC_HOLD_TIME" (declared at
          line 882 of
          "E:\DLP_Proj\DLP_source\branches\DLP_opensource\Drivers\STM32F4xx_HAL
          _Driver\Inc\stm32f4xx_ll_fsmc.h")

  #define IS_FSMC_HIZ_TIME(TIME) ((TIME) <= 0xFF)
          ^
"E:\DLP_Proj\DLP_source\branches\DLP_opensource\Drivers\libstmf4\include\stm32f4xx_fsmc.h",588  Warning[Pe047]: 
          incompatible redefinition of macro "IS_FSMC_HIZ_TIME" (declared at
          line 884 of
          "E:\DLP_Proj\DLP_source\branches\DLP_opensource\Drivers\STM32F4xx_HAL
          _Driver\Inc\stm32f4xx_ll_fsmc.h")

  #define FSMC_FLAG_FEMPT                          ((uint32_t)0x00000040)
          ^
"E:\DLP_Proj\DLP_source\branches\DLP_opensource\Drivers\libstmf4\include\stm32f4xx_fsmc.h",613  Warning[Pe047]: 
          incompatible redefinition of macro "FSMC_FLAG_FEMPT" (declared at
          line 530 of
          "E:\DLP_Proj\DLP_source\branches\DLP_opensource\Drivers\STM32F4xx_HAL
          _Driver\Inc\stm32f4xx_ll_fsmc.h")

    #define assert_param(expr) ((void)0)        
            ^
"E:\DLP_Proj\DLP_source\branches\DLP_opensource\Drivers\libstmf4\stm32f4xx_conf.h",149  Warning[Pe047]: 
          incompatible redefinition of macro "assert_param" (declared at line
          431 of
          "E:\DLP_Proj\DLP_source\branches\DLP_opensource\Inc\stm32f4xx_hal_con
          f.h")
     18          #include "draw_keyboard.h"
     19          #ifndef GUI_FLASH
     20          #define GUI_FLASH
     21          #endif
     22          

   \                                 In section .bss, align 4
     23          static BUTTON_STRUCT  buttonPrint,buttonSet;
     24          static BUTTON_STRUCT  buttonTool;
     25          static BUTTON_STRUCT  buttonSet_Text,buttonPrint_Text,buttonTool_Text;
     26          
     27          static GUI_HWIN hReadyPrintWnd;
   \                     hReadyPrintWnd:
   \   00000000                      DS8 2
   \   00000002                      DS8 2
   \   00000004                      DS8 24
   \   0000001C                      DS8 24

   \                                 In section .bss, align 4
   \                     buttonTool:
   \   00000000                      DS8 24
     28          static TEXT_Handle textPrintTemp;
     29          static TEXT_Handle textPrintTemp_CHIN;
     30          

   \                                 In section .data, align 4
     31          int X_ADD=5,X_INTERVAL=10;   //**Õº∆¨º‰∏Ù
   \                     X_ADD:
   \   00000000   0x00000005         DC32 5

   \                                 In section .data, align 4
   \                     X_INTERVAL:
   \   00000000   0x0000000A         DC32 10
     32          extern char cmd_code[201];
     33          extern char x[1];
     34          extern volatile char *codebufpoint;
     35          extern volatile uint8_t  get_temp_flag;
     36          extern uint8_t  Get_Temperature_Flg;
     37          extern uint8_t leveling_first_time;
     38          
     39          extern uint8_t disp_in_file_dir;
     40          
     41          
     42          extern int8_t curSprayerTemp[10];
     43          extern int8_t curBedTemp[10];
     44          	
     45          
     46          extern GUI_FLASH const GUI_FONT GUI_FontHZ_fontHz18;
     47          

   \                                 In section .data, align 4
     48          GUI_BITMAP bmp_test_struct = {
   \                     bmp_test_struct:
   \   00000000   0x004E 0x0068      DC16 78, 104, 160, 16
   \              0x00A0 0x0010
   \   00000008   0x00000000         DC32 0H, 0H, GUI_BitmapMethodsM565
   \              0x00000000   
   \              0x........   
     49            78,//80, /* XSize */
     50            104,//50, /* YSize */
     51            160, /* BytesPerLine */
     52            16, /* BitsPerPixel */
     53            NULL,  /* Pointer to picture data */
     54            NULL  /* Pointer to palette */
     55           ,GUI_DRAW_BMPM565
     56          };
     57          
     58          
     59          

   \                                 In section .text, align 2, keep-with-next
     60          static void cbReadPrintWin(WM_MESSAGE * pMsg) {
     61          	
     62          	switch (pMsg->MsgId) {
   \                     _Z14cbReadPrintWinP10WM_MESSAGE: (+1)
   \   00000000   0x6801             LDR      R1,[R0, #+0]
   \   00000002   0x290F             CMP      R1,#+15
   \   00000004   0xD100             BNE.N    ??cbReadPrintWin_0
   \   00000006   0x4770             BX       LR
   \                     ??cbReadPrintWin_0: (+1)
   \   00000008   0xB580             PUSH     {R7,LR}
   \   0000000A   0x2926             CMP      R1,#+38
   \   0000000C   0xD12F             BNE.N    ??cbReadPrintWin_1
     63          		case WM_PAINT:
     64                      
     65          			break;
     66          		
     67          		  
     68          		case WM_NOTIFY_PARENT:
     69          			if(pMsg->Data.v == WM_NOTIFICATION_RELEASED)
   \   0000000E   0x6881             LDR      R1,[R0, #+8]
   \   00000010   0x2902             CMP      R1,#+2
   \   00000012   0xD130             BNE.N    ??cbReadPrintWin_2
     70          			{
     71          				if(pMsg->hWinSrc == buttonPrint.btnHandle)
   \   00000014   0xF9B0 0x0006      LDRSH    R0,[R0, #+6]
   \   00000018   0x....             LDR.N    R1,??DataTable5
   \   0000001A   0xF9B1 0x2004      LDRSH    R2,[R1, #+4]
   \   0000001E   0x4290             CMP      R0,R2
   \   00000020   0xD10A             BNE.N    ??cbReadPrintWin_3
     72          				{
     73          					disp_in_file_dir = 1;
   \   00000022   0x2001             MOVS     R0,#+1
   \   00000024   0x....             LDR.N    R1,??DataTable5_1
   \   00000026   0x7008             STRB     R0,[R1, #+0]
     74          					last_disp_state = PRINT_READY_UI;
   \   00000028   0x....             LDR.N    R1,??DataTable5_2
   \   0000002A   0x7008             STRB     R0,[R1, #+0]
     75          					Clear_ready_print();
   \   0000002C   0x.... 0x....      BL       Clear_ready_print
     76          					draw_print_file();      //printing ∞¥º¸ »Îø⁄
   \   00000030   0xE8BD 0x4001      POP      {R0,LR}
   \   00000034   0x.... 0x....      B.W      draw_print_file
     77          				}
     78          
     79          				else if(pMsg->hWinSrc == buttonSet.btnHandle)
   \                     ??cbReadPrintWin_3: (+1)
   \   00000038   0xF9B1 0x101C      LDRSH    R1,[R1, #+28]
   \   0000003C   0x4288             CMP      R0,R1
   \   0000003E   0xD108             BNE.N    ??cbReadPrintWin_4
     80          				{
     81          					last_disp_state = PRINT_READY_UI;
   \   00000040   0x2001             MOVS     R0,#+1
   \   00000042   0x....             LDR.N    R1,??DataTable5_2
   \   00000044   0x7008             STRB     R0,[R1, #+0]
     82          					Clear_ready_print();
   \   00000046   0x.... 0x....      BL       Clear_ready_print
     83          					draw_Set();
   \   0000004A   0xE8BD 0x4001      POP      {R0,LR}
   \   0000004E   0x.... 0x....      B.W      draw_Set
     84          				}
     85          				else if(pMsg->hWinSrc == buttonTool.btnHandle)
   \                     ??cbReadPrintWin_4: (+1)
   \   00000052   0x....             LDR.N    R1,??DataTable5_3
   \   00000054   0xF9B1 0x1000      LDRSH    R1,[R1, #+0]
   \   00000058   0x4288             CMP      R0,R1
   \   0000005A   0xD10C             BNE.N    ??cbReadPrintWin_2
     86          				{
     87          					last_disp_state = PRINT_READY_UI;
   \   0000005C   0x2001             MOVS     R0,#+1
   \   0000005E   0x....             LDR.N    R1,??DataTable5_2
   \   00000060   0x7008             STRB     R0,[R1, #+0]
     88          					Clear_ready_print();
   \   00000062   0x.... 0x....      BL       Clear_ready_print
     89          					draw_tool();
   \   00000066   0xE8BD 0x4001      POP      {R0,LR}
   \   0000006A   0x.... 0x....      B.W      _Z9draw_toolv
     90          				}                
     91          			}
     92          			break;
     93          		default:
     94          			WM_DefaultProc(pMsg);
   \                     ??cbReadPrintWin_1: (+1)
   \   0000006E   0xE8BD 0x4002      POP      {R1,LR}
   \   00000072   0x.... 0x....      B.W      WM_DefaultProc
     95          	}
     96          }
   \                     ??cbReadPrintWin_2: (+1)
   \   00000076   0xBD01             POP      {R0,PC}          ;; return
     97          
     98          
     99          
    100          
    101          

   \                                 In section .text, align 2, keep-with-next
    102          void draw_ready_print()
    103          {
   \                     draw_ready_print: (+1)
   \   00000000   0xE92D 0x47FF      PUSH     {R0-R10,LR}
    104          	int i;
                 	    ^
Warning[Pe177]: variable "i" was declared but never referenced

  static BUTTON_STRUCT  buttonSet_Text,buttonPrint_Text,buttonTool_Text;
                        ^
"E:\DLP_Proj\DLP_source\branches\DLP_opensource\User\ui\draw_ready_print.cpp",25  Warning[Pe177]: 
          variable "buttonSet_Text" was declared but never referenced

  static BUTTON_STRUCT  buttonSet_Text,buttonPrint_Text,buttonTool_Text;
                                       ^
"E:\DLP_Proj\DLP_source\branches\DLP_opensource\User\ui\draw_ready_print.cpp",25  Warning[Pe177]: 
          variable "buttonPrint_Text" was declared but never referenced

  static BUTTON_STRUCT  buttonSet_Text,buttonPrint_Text,buttonTool_Text;
                                                        ^
"E:\DLP_Proj\DLP_source\branches\DLP_opensource\User\ui\draw_ready_print.cpp",25  Warning[Pe177]: 
          variable "buttonTool_Text" was declared but never referenced

  static TEXT_Handle textPrintTemp;
                     ^
"E:\DLP_Proj\DLP_source\branches\DLP_opensource\User\ui\draw_ready_print.cpp",28  Warning[Pe177]: 
          variable "textPrintTemp" was declared but never referenced

  static TEXT_Handle textPrintTemp_CHIN;
                     ^
"E:\DLP_Proj\DLP_source\branches\DLP_opensource\User\ui\draw_ready_print.cpp",29  Warning[Pe177]: 
          variable "textPrintTemp_CHIN" was declared but never referenced
    105          
    106          	disp_state_stack._disp_index = 0;
   \   00000004   0x....             LDR.N    R4,??DataTable5_4
   \   00000006   0x2000             MOVS     R0,#+0
   \   00000008   0xF884 0x0064      STRB     R0,[R4, #+100]
    107          	memset(disp_state_stack._disp_state, 0, sizeof(disp_state_stack._disp_state));
   \   0000000C   0x2264             MOVS     R2,#+100
   \   0000000E   0x4601             MOV      R1,R0
   \   00000010   0x4620             MOV      R0,R4
   \   00000012   0x.... 0x....      BL       memset
    108          	disp_state_stack._disp_state[disp_state_stack._disp_index] = PRINT_READY_UI;
   \   00000016   0x2001             MOVS     R0,#+1
   \   00000018   0xF994 0x1064      LDRSB    R1,[R4, #+100]
   \   0000001C   0x5508             STRB     R0,[R1, R4]
    109          	
    110          	disp_state = PRINT_READY_UI;
   \   0000001E   0x....             LDR.N    R1,??DataTable5_5
   \   00000020   0x7008             STRB     R0,[R1, #+0]
    111          	
    112          	GUI_SetFont(&GUI_FontHZ_fontHz14);
   \   00000022   0x....             LDR.N    R0,??DataTable5_6
   \   00000024   0x.... 0x....      BL       GUI_SetFont
    113          	GUI_SetBkColor(gCfgItems.background_color);
   \   00000028   0x....             LDR.N    R6,??DataTable5_7
   \   0000002A   0x6870             LDR      R0,[R6, #+4]
   \   0000002C   0x.... 0x....      BL       GUI_SetBkColor
    114          	GUI_SetColor(gCfgItems.title_color);
   \   00000030   0x1D37             ADDS     R7,R6,#+4
   \   00000032   0x6D78             LDR      R0,[R7, #+84]
   \   00000034   0x.... 0x....      BL       GUI_SetColor
    115          	GUI_Clear();
   \   00000038   0x.... 0x....      BL       GUI_Clear
    116          
    117          	hReadyPrintWnd = WM_CreateWindow(0, titleHeight, LCD_WIDTH, imgHeight, WM_CF_SHOW, cbReadPrintWin, 0);
   \   0000003C   0x2000             MOVS     R0,#+0
   \   0000003E   0x9002             STR      R0,[SP, #+8]
   \   00000040   0x....             LDR.N    R0,??DataTable5_8
   \   00000042   0x9001             STR      R0,[SP, #+4]
   \   00000044   0x2002             MOVS     R0,#+2
   \   00000046   0x9000             STR      R0,[SP, #+0]
   \   00000048   0xF44F 0x73A0      MOV      R3,#+320
   \   0000004C   0xF44F 0x72F0      MOV      R2,#+480
   \   00000050   0x2100             MOVS     R1,#+0
   \   00000052   0x4608             MOV      R0,R1
   \   00000054   0x.... 0x....      BL       WM_CreateWindow
   \   00000058   0x....             LDR.N    R4,??DataTable5
   \   0000005A   0x8020             STRH     R0,[R4, #+0]
    118          	buttonPrint.btnHandle = BUTTON_CreateEx(20,95,120,130,hReadyPrintWnd, BUTTON_CF_SHOW, 0, 22);//alloc_win_id());
   \   0000005C   0x2116             MOVS     R1,#+22
   \   0000005E   0x9103             STR      R1,[SP, #+12]
   \   00000060   0x2100             MOVS     R1,#+0
   \   00000062   0x9102             STR      R1,[SP, #+8]
   \   00000064   0x2102             MOVS     R1,#+2
   \   00000066   0x9101             STR      R1,[SP, #+4]
   \   00000068   0x9000             STR      R0,[SP, #+0]
   \   0000006A   0x2382             MOVS     R3,#+130
   \   0000006C   0x2278             MOVS     R2,#+120
   \   0000006E   0x215F             MOVS     R1,#+95
   \   00000070   0x2014             MOVS     R0,#+20
   \   00000072   0x.... 0x....      BL       BUTTON_CreateEx
   \   00000076   0x80A0             STRH     R0,[R4, #+4]
    119              buttonSet.btnHandle = BUTTON_CreateEx(180,95,120,130,hReadyPrintWnd, BUTTON_CF_SHOW, 0, 23);//alloc_win_id());
   \   00000078   0x2017             MOVS     R0,#+23
   \   0000007A   0x9003             STR      R0,[SP, #+12]
   \   0000007C   0x2000             MOVS     R0,#+0
   \   0000007E   0x9002             STR      R0,[SP, #+8]
   \   00000080   0x2002             MOVS     R0,#+2
   \   00000082   0x9001             STR      R0,[SP, #+4]
   \   00000084   0xF9B4 0x0000      LDRSH    R0,[R4, #+0]
   \   00000088   0x9000             STR      R0,[SP, #+0]
   \   0000008A   0x2382             MOVS     R3,#+130
   \   0000008C   0x2278             MOVS     R2,#+120
   \   0000008E   0x215F             MOVS     R1,#+95
   \   00000090   0x20B4             MOVS     R0,#+180
   \   00000092   0x.... 0x....      BL       BUTTON_CreateEx
   \   00000096   0x83A0             STRH     R0,[R4, #+28]
    120              buttonTool.btnHandle = BUTTON_CreateEx(340,95,120,130,hReadyPrintWnd, BUTTON_CF_SHOW, 0, 24);//alloc_win_id());		
   \   00000098   0x2018             MOVS     R0,#+24
   \   0000009A   0x9003             STR      R0,[SP, #+12]
   \   0000009C   0x2000             MOVS     R0,#+0
   \   0000009E   0x9002             STR      R0,[SP, #+8]
   \   000000A0   0x2002             MOVS     R0,#+2
   \   000000A2   0x9001             STR      R0,[SP, #+4]
   \   000000A4   0xF9B4 0x0000      LDRSH    R0,[R4, #+0]
   \   000000A8   0x9000             STR      R0,[SP, #+0]
   \   000000AA   0x2382             MOVS     R3,#+130
   \   000000AC   0x2278             MOVS     R2,#+120
   \   000000AE   0x215F             MOVS     R1,#+95
   \   000000B0   0xF44F 0x70AA      MOV      R0,#+340
   \   000000B4   0x.... 0x....      BL       BUTTON_CreateEx
   \   000000B8   0x....             LDR.N    R5,??DataTable5_3
   \   000000BA   0x8028             STRH     R0,[R5, #+0]
    121          
    122          
    123          	BUTTON_SetBmpFileName(buttonTool.btnHandle,"bmp_tool.bin",1);
   \   000000BC   0x2201             MOVS     R2,#+1
   \   000000BE   0x.... 0x....      ADR.W    R1,`?<Constant "bmp_tool.bin">`
   \   000000C2   0x.... 0x....      BL       BUTTON_SetBmpFileName
    124          	BUTTON_SetBmpFileName(buttonSet.btnHandle,"bmp_set.bin",1);
   \   000000C6   0x2201             MOVS     R2,#+1
   \   000000C8   0x.... 0x....      ADR.W    R1,`?<Constant "bmp_set.bin">`
   \   000000CC   0xF9B4 0x001C      LDRSH    R0,[R4, #+28]
   \   000000D0   0x.... 0x....      BL       BUTTON_SetBmpFileName
    125          	BUTTON_SetBmpFileName(buttonPrint.btnHandle,"bmp_printing.bin",1);
   \   000000D4   0x2201             MOVS     R2,#+1
   \   000000D6   0x.... 0x....      ADR.W    R1,`?<Constant "bmp_printing.bin">`
   \   000000DA   0xF9B4 0x0004      LDRSH    R0,[R4, #+4]
   \   000000DE   0x.... 0x....      BL       BUTTON_SetBmpFileName
    126          
    127          	BUTTON_SetBitmapEx(buttonTool.btnHandle, 0, &bmp_struct,BMP_PIC_X, BMP_PIC_Y);	
   \   000000E2   0x.... 0x....      LDR.W    R8,??DataTable5_9
   \   000000E6   0x.... 0x....      LDR.W    R9,??DataTable5_10
   \   000000EA   0x.... 0x....      LDR.W    R10,??DataTable5_11
   \   000000EE   0xF99A 0x0000      LDRSB    R0,[R10, #+0]
   \   000000F2   0x9000             STR      R0,[SP, #+0]
   \   000000F4   0xF999 0x3000      LDRSB    R3,[R9, #+0]
   \   000000F8   0x4642             MOV      R2,R8
   \   000000FA   0x2100             MOVS     R1,#+0
   \   000000FC   0xF9B5 0x0000      LDRSH    R0,[R5, #+0]
   \   00000100   0x.... 0x....      BL       BUTTON_SetBitmapEx
    128          	BUTTON_SetBitmapEx(buttonSet.btnHandle, 0, &bmp_struct,BMP_PIC_X, BMP_PIC_Y);	
   \   00000104   0xF99A 0x0000      LDRSB    R0,[R10, #+0]
   \   00000108   0x9000             STR      R0,[SP, #+0]
   \   0000010A   0xF999 0x3000      LDRSB    R3,[R9, #+0]
   \   0000010E   0x4642             MOV      R2,R8
   \   00000110   0x2100             MOVS     R1,#+0
   \   00000112   0xF9B4 0x001C      LDRSH    R0,[R4, #+28]
   \   00000116   0x.... 0x....      BL       BUTTON_SetBitmapEx
    129          	BUTTON_SetBitmapEx(buttonPrint.btnHandle, 0, &bmp_struct,BMP_PIC_X, BMP_PIC_Y);	
   \   0000011A   0xF99A 0x0000      LDRSB    R0,[R10, #+0]
   \   0000011E   0x9000             STR      R0,[SP, #+0]
   \   00000120   0xF999 0x3000      LDRSB    R3,[R9, #+0]
   \   00000124   0x4642             MOV      R2,R8
   \   00000126   0x2100             MOVS     R1,#+0
   \   00000128   0xF9B4 0x0004      LDRSH    R0,[R4, #+4]
   \   0000012C   0x.... 0x....      BL       BUTTON_SetBitmapEx
    130          
    131          	BUTTON_SetBkColor(buttonTool.btnHandle, BUTTON_CI_PRESSED, gCfgItems.btn_color);
   \   00000130   0x687A             LDR      R2,[R7, #+4]
   \   00000132   0x2101             MOVS     R1,#+1
   \   00000134   0xF9B5 0x0000      LDRSH    R0,[R5, #+0]
   \   00000138   0x.... 0x....      BL       BUTTON_SetBkColor
    132          	BUTTON_SetBkColor(buttonTool.btnHandle, BUTTON_CI_UNPRESSED, gCfgItems.btn_color);
   \   0000013C   0x687A             LDR      R2,[R7, #+4]
   \   0000013E   0x2100             MOVS     R1,#+0
   \   00000140   0xF9B5 0x0000      LDRSH    R0,[R5, #+0]
   \   00000144   0x.... 0x....      BL       BUTTON_SetBkColor
    133          	BUTTON_SetBkColor(buttonSet.btnHandle, BUTTON_CI_PRESSED, gCfgItems.btn_color);
   \   00000148   0x687A             LDR      R2,[R7, #+4]
   \   0000014A   0x2101             MOVS     R1,#+1
   \   0000014C   0xF9B4 0x001C      LDRSH    R0,[R4, #+28]
   \   00000150   0x.... 0x....      BL       BUTTON_SetBkColor
    134          	BUTTON_SetBkColor(buttonSet.btnHandle, BUTTON_CI_UNPRESSED, gCfgItems.btn_color);
   \   00000154   0x687A             LDR      R2,[R7, #+4]
   \   00000156   0x2100             MOVS     R1,#+0
   \   00000158   0xF9B4 0x001C      LDRSH    R0,[R4, #+28]
   \   0000015C   0x.... 0x....      BL       BUTTON_SetBkColor
    135          	BUTTON_SetBkColor(buttonPrint.btnHandle, BUTTON_CI_PRESSED, gCfgItems.btn_color);
   \   00000160   0x687A             LDR      R2,[R7, #+4]
   \   00000162   0x2101             MOVS     R1,#+1
   \   00000164   0xF9B4 0x0004      LDRSH    R0,[R4, #+4]
   \   00000168   0x.... 0x....      BL       BUTTON_SetBkColor
    136          	BUTTON_SetBkColor(buttonPrint.btnHandle, BUTTON_CI_UNPRESSED, gCfgItems.btn_color);
   \   0000016C   0x687A             LDR      R2,[R7, #+4]
   \   0000016E   0x2100             MOVS     R1,#+0
   \   00000170   0xF9B4 0x0004      LDRSH    R0,[R4, #+4]
   \   00000174   0x.... 0x....      BL       BUTTON_SetBkColor
    137              
    138              BUTTON_SetTextColor(buttonTool.btnHandle, BUTTON_CI_PRESSED, gCfgItems.btn_textcolor);
   \   00000178   0x68FA             LDR      R2,[R7, #+12]
   \   0000017A   0x2101             MOVS     R1,#+1
   \   0000017C   0xF9B5 0x0000      LDRSH    R0,[R5, #+0]
   \   00000180   0x.... 0x....      BL       BUTTON_SetTextColor
    139              BUTTON_SetTextColor(buttonTool.btnHandle, BUTTON_CI_UNPRESSED, gCfgItems.btn_textcolor);
   \   00000184   0x68FA             LDR      R2,[R7, #+12]
   \   00000186   0x2100             MOVS     R1,#+0
   \   00000188   0xF9B5 0x0000      LDRSH    R0,[R5, #+0]
   \   0000018C   0x.... 0x....      BL       BUTTON_SetTextColor
    140              BUTTON_SetTextColor(buttonSet.btnHandle, BUTTON_CI_PRESSED, gCfgItems.btn_textcolor);
   \   00000190   0x68FA             LDR      R2,[R7, #+12]
   \   00000192   0x2101             MOVS     R1,#+1
   \   00000194   0xF9B4 0x001C      LDRSH    R0,[R4, #+28]
   \   00000198   0x.... 0x....      BL       BUTTON_SetTextColor
    141              BUTTON_SetTextColor(buttonSet.btnHandle, BUTTON_CI_UNPRESSED, gCfgItems.btn_textcolor);
   \   0000019C   0x68FA             LDR      R2,[R7, #+12]
   \   0000019E   0x2100             MOVS     R1,#+0
   \   000001A0   0xF9B4 0x001C      LDRSH    R0,[R4, #+28]
   \   000001A4   0x.... 0x....      BL       BUTTON_SetTextColor
    142              BUTTON_SetTextColor(buttonPrint.btnHandle, BUTTON_CI_PRESSED, gCfgItems.btn_textcolor);
   \   000001A8   0x68FA             LDR      R2,[R7, #+12]
   \   000001AA   0x2101             MOVS     R1,#+1
   \   000001AC   0xF9B4 0x0004      LDRSH    R0,[R4, #+4]
   \   000001B0   0x.... 0x....      BL       BUTTON_SetTextColor
    143              BUTTON_SetTextColor(buttonPrint.btnHandle, BUTTON_CI_UNPRESSED, gCfgItems.btn_textcolor);
   \   000001B4   0x68FA             LDR      R2,[R7, #+12]
   \   000001B6   0x2100             MOVS     R1,#+0
   \   000001B8   0xF9B4 0x0004      LDRSH    R0,[R4, #+4]
   \   000001BC   0x.... 0x....      BL       BUTTON_SetTextColor
    144          
    145              
    146              BUTTON_SetTextAlign(buttonTool.btnHandle, GUI_TA_BOTTOM | GUI_TA_HCENTER);
   \   000001C0   0x2106             MOVS     R1,#+6
   \   000001C2   0xF9B5 0x0000      LDRSH    R0,[R5, #+0]
   \   000001C6   0x.... 0x....      BL       BUTTON_SetTextAlign
    147              BUTTON_SetTextAlign(buttonSet.btnHandle, GUI_TA_BOTTOM | GUI_TA_HCENTER);
   \   000001CA   0x2106             MOVS     R1,#+6
   \   000001CC   0xF9B4 0x001C      LDRSH    R0,[R4, #+28]
   \   000001D0   0x.... 0x....      BL       BUTTON_SetTextAlign
    148              BUTTON_SetTextAlign(buttonPrint.btnHandle, GUI_TA_BOTTOM | GUI_TA_HCENTER);
   \   000001D4   0x2106             MOVS     R1,#+6
   \   000001D6   0xF9B4 0x0004      LDRSH    R0,[R4, #+4]
   \   000001DA   0x.... 0x....      BL       BUTTON_SetTextAlign
    149          
    150          	if(gCfgItems.multiple_language !=0)
   \   000001DE   0xF896 0x019B      LDRB     R0,[R6, #+411]
   \   000001E2   0x2800             CMP      R0,#+0
   \   000001E4   0xD012             BEQ.N    ??draw_ready_print_0
    151          	{
    152          		BUTTON_SetText(buttonTool.btnHandle, main_menu.tool);
   \   000001E6   0x....             LDR.N    R6,??DataTable5_12
   \   000001E8   0x6AB1             LDR      R1,[R6, #+40]
   \   000001EA   0xF9B5 0x0000      LDRSH    R0,[R5, #+0]
   \   000001EE   0x.... 0x....      BL       BUTTON_SetText
    153          		BUTTON_SetText(buttonSet.btnHandle, main_menu.set);
   \   000001F2   0x6A71             LDR      R1,[R6, #+36]
   \   000001F4   0xF9B4 0x001C      LDRSH    R0,[R4, #+28]
   \   000001F8   0x.... 0x....      BL       BUTTON_SetText
    154          		BUTTON_SetText(buttonPrint.btnHandle, main_menu.print);
   \   000001FC   0x6931             LDR      R1,[R6, #+16]
   \   000001FE   0xF9B4 0x0004      LDRSH    R0,[R4, #+4]
   \   00000202   0xB004             ADD      SP,SP,#+16
   \   00000204   0xE8BD 0x47F0      POP      {R4-R10,LR}
   \   00000208   0x.... 0x....      B.W      BUTTON_SetText
    155          	}
    156          
    157          
    158          }
   \                     ??draw_ready_print_0: (+1)
   \   0000020C   0xE8BD 0x87FF      POP      {R0-R10,PC}      ;; return
    159          

   \                                 In section .text, align 2, keep-with-next
    160          void Clear_ready_print()
    161          {
   \                     Clear_ready_print: (+1)
   \   00000000   0xB510             PUSH     {R4,LR}
    162          	GUI_SetBkColor(gCfgItems.background_color);
   \   00000002   0x....             LDR.N    R0,??DataTable5_7
   \   00000004   0x6840             LDR      R0,[R0, #+4]
   \   00000006   0x.... 0x....      BL       GUI_SetBkColor
    163          	if(WM_IsWindow(hReadyPrintWnd))
   \   0000000A   0x....             LDR.N    R4,??DataTable5
   \   0000000C   0xF9B4 0x0000      LDRSH    R0,[R4, #+0]
   \   00000010   0x.... 0x....      BL       WM_IsWindow
   \   00000014   0x2800             CMP      R0,#+0
   \   00000016   0xD005             BEQ.N    ??Clear_ready_print_0
    164          	{
    165          		WM_DeleteWindow(hReadyPrintWnd);
   \   00000018   0xF9B4 0x0000      LDRSH    R0,[R4, #+0]
   \   0000001C   0xE8BD 0x4010      POP      {R4,LR}
   \   00000020   0x.... 0x....      B.W      WM_DeleteWindow
    166          		//GUI_Exec();
    167          	}
    168          	
    169          	//GUI_Clear();
    170          }
   \                     ??Clear_ready_print_0: (+1)
   \   00000024   0xBD10             POP      {R4,PC}          ;; return

   \                                 In section .text, align 4, keep-with-next
   \                     ??DataTable5:
   \   00000000   0x........         DC32     hReadyPrintWnd

   \                                 In section .text, align 4, keep-with-next
   \                     ??DataTable5_1:
   \   00000000   0x........         DC32     disp_in_file_dir

   \                                 In section .text, align 4, keep-with-next
   \                     ??DataTable5_2:
   \   00000000   0x........         DC32     last_disp_state

   \                                 In section .text, align 4, keep-with-next
   \                     ??DataTable5_3:
   \   00000000   0x........         DC32     buttonTool

   \                                 In section .text, align 4, keep-with-next
   \                     ??DataTable5_4:
   \   00000000   0x........         DC32     disp_state_stack

   \                                 In section .text, align 4, keep-with-next
   \                     ??DataTable5_5:
   \   00000000   0x........         DC32     disp_state

   \                                 In section .text, align 4, keep-with-next
   \                     ??DataTable5_6:
   \   00000000   0x........         DC32     GUI_FontHZ_fontHz14

   \                                 In section .text, align 4, keep-with-next
   \                     ??DataTable5_7:
   \   00000000   0x........         DC32     gCfgItems

   \                                 In section .text, align 4, keep-with-next
   \                     ??DataTable5_8:
   \   00000000   0x........         DC32     _Z14cbReadPrintWinP10WM_MESSAGE

   \                                 In section .text, align 4, keep-with-next
   \                     ??DataTable5_9:
   \   00000000   0x........         DC32     bmp_struct

   \                                 In section .text, align 4, keep-with-next
   \                     ??DataTable5_10:
   \   00000000   0x........         DC32     BMP_PIC_X

   \                                 In section .text, align 4, keep-with-next
   \                     ??DataTable5_11:
   \   00000000   0x........         DC32     BMP_PIC_Y

   \                                 In section .text, align 4, keep-with-next
   \                     ??DataTable5_12:
   \   00000000   0x........         DC32     main_menu

   \                                 In section .text, align 4, keep-with-next
   \                     `?<Constant "bmp_tool.bin">`:
   \   00000000   0x62 0x6D          DC8 "bmp_tool.bin"
   \              0x70 0x5F    
   \              0x74 0x6F    
   \              0x6F 0x6C    
   \              0x2E 0x62    
   \              0x69 0x6E    
   \              0x00         
   \   0000000D   0x00 0x00          DC8 0, 0, 0
   \              0x00         

   \                                 In section .text, align 4, keep-with-next
   \                     `?<Constant "bmp_set.bin">`:
   \   00000000   0x62 0x6D          DC8 "bmp_set.bin"
   \              0x70 0x5F    
   \              0x73 0x65    
   \              0x74 0x2E    
   \              0x62 0x69    
   \              0x6E 0x00    

   \                                 In section .text, align 4, keep-with-next
   \                     `?<Constant "bmp_printing.bin">`:
   \   00000000   0x62 0x6D          DC8 "bmp_printing.bin"
   \              0x70 0x5F    
   \              0x70 0x72    
   \              0x69 0x6E    
   \              0x74 0x69    
   \              0x6E 0x67    
   \              0x2E 0x62    
   \              0x69 0x6E    
   \              0x00         
   \   00000011   0x00 0x00          DC8 0, 0, 0
   \              0x00         
    171          

   Maximum stack usage in bytes:

   .cstack Function
   ------- --------
       8   Clear_ready_print
         8   -> GUI_SetBkColor
         0   -> WM_DeleteWindow
         8   -> WM_IsWindow
       8   cbReadPrintWin(WM_MESSAGE *)
         8   -> Clear_ready_print
         0   -> WM_DefaultProc
         0   -> draw_Set
         0   -> draw_print_file
         0   -> draw_tool()
      48   draw_ready_print
        48   -> BUTTON_CreateEx
        48   -> BUTTON_SetBitmapEx
        48   -> BUTTON_SetBkColor
        48   -> BUTTON_SetBmpFileName
         0   -> BUTTON_SetText
        48   -> BUTTON_SetText
        48   -> BUTTON_SetTextAlign
        48   -> BUTTON_SetTextColor
        48   -> GUI_Clear
        48   -> GUI_SetBkColor
        48   -> GUI_SetColor
        48   -> GUI_SetFont
        48   -> WM_CreateWindow
        48   -> memset


   Section sizes:

   Bytes  Function/Label
   -----  --------------
      20  ?<Constant "bmp_printing.bin">
      12  ?<Constant "bmp_set.bin">
      16  ?<Constant "bmp_tool.bin">
       4  ??DataTable5
       4  ??DataTable5_1
       4  ??DataTable5_10
       4  ??DataTable5_11
       4  ??DataTable5_12
       4  ??DataTable5_2
       4  ??DataTable5_3
       4  ??DataTable5_4
       4  ??DataTable5_5
       4  ??DataTable5_6
       4  ??DataTable5_7
       4  ??DataTable5_8
       4  ??DataTable5_9
      38  Clear_ready_print
       4  X_ADD
       4  X_INTERVAL
      20  bmp_test_struct
      24  buttonTool
     120  cbReadPrintWin(WM_MESSAGE *)
     528  draw_ready_print
      52  hReadyPrintWnd
          buttonPrint
          buttonSet
       1  -- Other

 
  76 bytes in section .bss
  28 bytes in section .data
   1 byte  in section .rodata
 786 bytes in section .text
 
 786 bytes of CODE  memory
   0 bytes of CONST memory (+ 1 byte shared)
 104 bytes of DATA  memory

Errors: none
Warnings: 80
