###############################################################################
#
# IAR ANSI C/C++ Compiler V7.10.1.6676/W32 for ARM        18/Jul/2019  11:56:43
# Copyright 1999-2014 IAR Systems AB.
#
#    Cpu mode     =  thumb
#    Endian       =  little
#    Source file  =  
#        E:\DLP_Proj\DLP_source\branches\DLP_opensource\User\ui\draw_move_motor.cpp
#    Command line =  
#        E:\DLP_Proj\DLP_source\branches\DLP_opensource\User\ui\draw_move_motor.cpp
#        -D USE_HAL_DRIVER -D STM32F407xx -D STM32F40_41xxx -D USE_HAL_LIB -D
#        MKS_DLP_BOARD -D TFT35 -lC
#        E:\DLP_Proj\DLP_source\branches\DLP_opensource\EWARM\mksDLP/List\ -lA
#        E:\DLP_Proj\DLP_source\branches\DLP_opensource\EWARM\mksDLP/List\
#        --diag_suppress Pa050 -o
#        E:\DLP_Proj\DLP_source\branches\DLP_opensource\EWARM\mksDLP/Obj\
#        --no_unroll --no_inline --no_tbaa --no_scheduling --debug
#        --endian=little --cpu=Cortex-M4F -e --char_is_signed --fpu=VFPv4_sp
#        --dlib_config "C:\Program Files (x86)\IAR Systems\Embedded Workbench
#        7.0\arm\INC\c\DLib_Config_Full.h" -I
#        E:\DLP_Proj\DLP_source\branches\DLP_opensource\EWARM/../Inc\ -I
#        E:\DLP_Proj\DLP_source\branches\DLP_opensource\EWARM/../Src\ -I
#        E:\DLP_Proj\DLP_source\branches\DLP_opensource\EWARM/../Drivers/STM32F4xx_HAL_Driver/Inc\
#        -I
#        E:\DLP_Proj\DLP_source\branches\DLP_opensource\EWARM/../Drivers/STM32F4xx_HAL_Driver/Inc/Legacy\
#        -I
#        E:\DLP_Proj\DLP_source\branches\DLP_opensource\EWARM/../Middlewares/Third_Party/FatFs/src/drivers\
#        -I
#        E:\DLP_Proj\DLP_source\branches\DLP_opensource\EWARM/../Middlewares/ST/STM32_USB_Host_Library/Core/Inc\
#        -I
#        E:\DLP_Proj\DLP_source\branches\DLP_opensource\EWARM/../Middlewares/ST/STM32_USB_Host_Library/Class/MSC/Inc\
#        -I
#        E:\DLP_Proj\DLP_source\branches\DLP_opensource\EWARM/../Drivers/CMSIS/Device/ST/STM32F4xx/Include\
#        -I
#        E:\DLP_Proj\DLP_source\branches\DLP_opensource\EWARM/../Middlewares/Third_Party/FatFs/src\
#        -I
#        E:\DLP_Proj\DLP_source\branches\DLP_opensource\EWARM/../Middlewares/Third_Party/Marlin\
#        -I
#        E:\DLP_Proj\DLP_source\branches\DLP_opensource\EWARM/../Drivers/CMSIS/Include\
#        -I
#        E:\DLP_Proj\DLP_source\branches\DLP_opensource\EWARM/../Drivers/BSP/variant\
#        -I
#        E:\DLP_Proj\DLP_source\branches\DLP_opensource\EWARM/../Drivers/BSP/Components/at24cxx\
#        -I
#        E:\DLP_Proj\DLP_source\branches\DLP_opensource\EWARM/../Drivers/BSP/Components/w25qxx\
#        -I
#        E:\DLP_Proj\DLP_source\branches\DLP_opensource\EWARM/../Drivers/BSP/Components/ssd2828\
#        -I
#        E:\DLP_Proj\DLP_source\branches\DLP_opensource\EWARM/../Drivers/BSP/Components/lcd\
#        -I
#        E:\DLP_Proj\DLP_source\branches\DLP_opensource\EWARM/../Drivers/libstmf4\
#        -I
#        E:\DLP_Proj\DLP_source\branches\DLP_opensource\EWARM/../Drivers/libstmf4/include\
#        -I
#        E:\DLP_Proj\DLP_source\branches\DLP_opensource\EWARM/../Middlewares/arduino/stm32/cores/arduino\
#        -I
#        E:\DLP_Proj\DLP_source\branches\DLP_opensource\EWARM/../Middlewares/gui\
#        -I
#        E:\DLP_Proj\DLP_source\branches\DLP_opensource\EWARM/../Middlewares/gui/GUI/ConvertColor\
#        -I
#        E:\DLP_Proj\DLP_source\branches\DLP_opensource\EWARM/../Middlewares/gui/GUI/ConvertMono\
#        -I
#        E:\DLP_Proj\DLP_source\branches\DLP_opensource\EWARM/../Middlewares/gui/GUI/Core\
#        -I
#        E:\DLP_Proj\DLP_source\branches\DLP_opensource\EWARM/../Middlewares/gui/GUI/Font\
#        -I
#        E:\DLP_Proj\DLP_source\branches\DLP_opensource\EWARM/../Middlewares/gui/AntiAlias\
#        -I
#        E:\DLP_Proj\DLP_source\branches\DLP_opensource\EWARM/../Middlewares/gui/GUI/GUIDemo\
#        -I
#        E:\DLP_Proj\DLP_source\branches\DLP_opensource\EWARM/../Middlewares/gui/GUI/LCDDriver\
#        -I
#        E:\DLP_Proj\DLP_source\branches\DLP_opensource\EWARM/../Middlewares/gui/GUI/MemDev\
#        -I
#        E:\DLP_Proj\DLP_source\branches\DLP_opensource\EWARM/../Middlewares/gui/GUI/MultiLayer\
#        -I
#        E:\DLP_Proj\DLP_source\branches\DLP_opensource\EWARM/../Middlewares/gui/GUI/Widget\
#        -I
#        E:\DLP_Proj\DLP_source\branches\DLP_opensource\EWARM/../Middlewares/gui/GUI/WM\
#        -I
#        E:\DLP_Proj\DLP_source\branches\DLP_opensource\EWARM/../Middlewares/gui/GUI_X\
#        -I
#        E:\DLP_Proj\DLP_source\branches\DLP_opensource\EWARM/../Middlewares/gui/Config\
#        -I E:\DLP_Proj\DLP_source\branches\DLP_opensource\EWARM/../User/ui\ -I
#        E:\DLP_Proj\DLP_source\branches\DLP_opensource\EWARM/../User/ui/Multi_language\
#        -I
#        E:\DLP_Proj\DLP_source\branches\DLP_opensource\EWARM/../User/ui/QRENCODE\
#        -Om --eec++ -I "C:\Program Files (x86)\IAR Systems\Embedded Workbench
#        7.0\arm\CMSIS\Include\"
#    List file    =  
#        E:\DLP_Proj\DLP_source\branches\DLP_opensource\EWARM\mksDLP/List\draw_move_motor.lst
#    Object file  =  
#        E:\DLP_Proj\DLP_source\branches\DLP_opensource\EWARM\mksDLP/Obj\draw_move_motor.o
#
###############################################################################

E:\DLP_Proj\DLP_source\branches\DLP_opensource\User\ui\draw_move_motor.cpp
      1          #include "draw_move_motor.h"
      2          #include "gui.h"
      3          #include "button.h"
      4          #include "draw_ui.h"

  #define UNUSED(x) (void) (x)
          ^
"E:\DLP_Proj\DLP_source\branches\DLP_opensource\Middlewares\Third_Party\Marlin\macros.h",101  Warning[Pe047]: 
          incompatible redefinition of macro "UNUSED" (declared at line 87 of
          "E:\DLP_Proj\DLP_source\branches\DLP_opensource\Drivers\STM32F4xx_HAL
          _Driver\Inc\stm32f4xx_hal_def.h")

  		volatile volatile float desireBedTempBak;
  		         ^
"E:\DLP_Proj\DLP_source\branches\DLP_opensource\Inc\mks_cfg.h",351  Warning[Pe083]: 
          type qualifier specified more than once

  #define IS_SPI_MODE(MODE) (((MODE) == SPI_Mode_Master) || \
          ^
"E:\DLP_Proj\DLP_source\branches\DLP_opensource\Drivers\libstmf4\include\stm32f4xx_spi.h",173  Warning[Pe047]: 
          incompatible redefinition of macro "IS_SPI_MODE" (declared at line
          511 of
          "E:\DLP_Proj\DLP_source\branches\DLP_opensource\Drivers\STM32F4xx_HAL
          _Driver\Inc\stm32f4xx_hal_spi.h")

  #define IS_SPI_DATASIZE(DATASIZE) (((DATASIZE) == SPI_DataSize_16b) || \
          ^
"E:\DLP_Proj\DLP_source\branches\DLP_opensource\Drivers\libstmf4\include\stm32f4xx_spi.h",185  Warning[Pe047]: 
          incompatible redefinition of macro "IS_SPI_DATASIZE" (declared at
          line 523 of
          "E:\DLP_Proj\DLP_source\branches\DLP_opensource\Drivers\STM32F4xx_HAL
          _Driver\Inc\stm32f4xx_hal_spi.h")

  #define IS_SPI_CPOL(CPOL) (((CPOL) == SPI_CPOL_Low) || \
          ^
"E:\DLP_Proj\DLP_source\branches\DLP_opensource\Drivers\libstmf4\include\stm32f4xx_spi.h",197  Warning[Pe047]: 
          incompatible redefinition of macro "IS_SPI_CPOL" (declared at line
          526 of
          "E:\DLP_Proj\DLP_source\branches\DLP_opensource\Drivers\STM32F4xx_HAL
          _Driver\Inc\stm32f4xx_hal_spi.h")

  #define IS_SPI_CPHA(CPHA) (((CPHA) == SPI_CPHA_1Edge) || \
          ^
"E:\DLP_Proj\DLP_source\branches\DLP_opensource\Drivers\libstmf4\include\stm32f4xx_spi.h",209  Warning[Pe047]: 
          incompatible redefinition of macro "IS_SPI_CPHA" (declared at line
          529 of
          "E:\DLP_Proj\DLP_source\branches\DLP_opensource\Drivers\STM32F4xx_HAL
          _Driver\Inc\stm32f4xx_hal_spi.h")

  #define IS_SPI_NSS(NSS) (((NSS) == SPI_NSS_Soft) || \
          ^
"E:\DLP_Proj\DLP_source\branches\DLP_opensource\Drivers\libstmf4\include\stm32f4xx_spi.h",221  Warning[Pe047]: 
          incompatible redefinition of macro "IS_SPI_NSS" (declared at line
          532 of
          "E:\DLP_Proj\DLP_source\branches\DLP_opensource\Drivers\STM32F4xx_HAL
          _Driver\Inc\stm32f4xx_hal_spi.h")

  #define IS_SPI_BAUDRATE_PRESCALER(PRESCALER) (((PRESCALER) == SPI_BaudRatePrescaler_2) || \
          ^
"E:\DLP_Proj\DLP_source\branches\DLP_opensource\Drivers\libstmf4\include\stm32f4xx_spi.h",239  Warning[Pe047]: 
          incompatible redefinition of macro "IS_SPI_BAUDRATE_PRESCALER"
          (declared at line 536 of
          "E:\DLP_Proj\DLP_source\branches\DLP_opensource\Drivers\STM32F4xx_HAL
          _Driver\Inc\stm32f4xx_hal_spi.h")

  #define IS_SPI_FIRST_BIT(BIT) (((BIT) == SPI_FirstBit_MSB) || \
          ^
"E:\DLP_Proj\DLP_source\branches\DLP_opensource\Drivers\libstmf4\include\stm32f4xx_spi.h",257  Warning[Pe047]: 
          incompatible redefinition of macro "IS_SPI_FIRST_BIT" (declared at
          line 545 of
          "E:\DLP_Proj\DLP_source\branches\DLP_opensource\Drivers\STM32F4xx_HAL
          _Driver\Inc\stm32f4xx_hal_spi.h")

  #define IS_SPI_DIRECTION(DIRECTION) (((DIRECTION) == SPI_Direction_Rx) || \
          ^
"E:\DLP_Proj\DLP_source\branches\DLP_opensource\Drivers\libstmf4\include\stm32f4xx_spi.h",400  Warning[Pe047]: 
          incompatible redefinition of macro "IS_SPI_DIRECTION" (declared at
          line 514 of
          "E:\DLP_Proj\DLP_source\branches\DLP_opensource\Drivers\STM32F4xx_HAL
          _Driver\Inc\stm32f4xx_hal_spi.h")

  #define SPI_FLAG_CRCERR                 ((uint16_t)0x0010)
          ^
"E:\DLP_Proj\DLP_source\branches\DLP_opensource\Drivers\libstmf4\include\stm32f4xx_spi.h",442  Warning[Pe047]: 
          incompatible redefinition of macro "SPI_FLAG_CRCERR" (declared at
          line 293 of
          "E:\DLP_Proj\DLP_source\branches\DLP_opensource\Drivers\STM32F4xx_HAL
          _Driver\Inc\stm32f4xx_hal_spi.h")

  #define SPI_FLAG_MODF                   ((uint16_t)0x0020)
          ^
"E:\DLP_Proj\DLP_source\branches\DLP_opensource\Drivers\libstmf4\include\stm32f4xx_spi.h",443  Warning[Pe047]: 
          incompatible redefinition of macro "SPI_FLAG_MODF" (declared at line
          294 of
          "E:\DLP_Proj\DLP_source\branches\DLP_opensource\Drivers\STM32F4xx_HAL
          _Driver\Inc\stm32f4xx_hal_spi.h")

  #define IS_SPI_CRC_POLYNOMIAL(POLYNOMIAL) ((POLYNOMIAL) >= 0x1)
          ^
"E:\DLP_Proj\DLP_source\branches\DLP_opensource\Drivers\libstmf4\include\stm32f4xx_spi.h",462  Warning[Pe047]: 
          incompatible redefinition of macro "IS_SPI_CRC_POLYNOMIAL" (declared
          at line 554 of
          "E:\DLP_Proj\DLP_source\branches\DLP_opensource\Drivers\STM32F4xx_HAL
          _Driver\Inc\stm32f4xx_hal_spi.h")

  #define SPI_IT_TXE                   SPI_I2S_IT_TXE
          ^
"E:\DLP_Proj\DLP_source\branches\DLP_opensource\Drivers\libstmf4\include\stm32f4xx_spi.h",473  Warning[Pe047]: 
          incompatible redefinition of macro "SPI_IT_TXE" (declared at line
          280 of
          "E:\DLP_Proj\DLP_source\branches\DLP_opensource\Drivers\STM32F4xx_HAL
          _Driver\Inc\stm32f4xx_hal_spi.h")

  #define SPI_IT_RXNE                  SPI_I2S_IT_RXNE
          ^
"E:\DLP_Proj\DLP_source\branches\DLP_opensource\Drivers\libstmf4\include\stm32f4xx_spi.h",474  Warning[Pe047]: 
          incompatible redefinition of macro "SPI_IT_RXNE" (declared at line
          281 of
          "E:\DLP_Proj\DLP_source\branches\DLP_opensource\Drivers\STM32F4xx_HAL
          _Driver\Inc\stm32f4xx_hal_spi.h")

  #define SPI_IT_ERR                   SPI_I2S_IT_ERR
          ^
"E:\DLP_Proj\DLP_source\branches\DLP_opensource\Drivers\libstmf4\include\stm32f4xx_spi.h",475  Warning[Pe047]: 
          incompatible redefinition of macro "SPI_IT_ERR" (declared at line
          282 of
          "E:\DLP_Proj\DLP_source\branches\DLP_opensource\Drivers\STM32F4xx_HAL
          _Driver\Inc\stm32f4xx_hal_spi.h")

  #define SPI_FLAG_RXNE                SPI_I2S_FLAG_RXNE
          ^
"E:\DLP_Proj\DLP_source\branches\DLP_opensource\Drivers\libstmf4\include\stm32f4xx_spi.h",477  Warning[Pe047]: 
          incompatible redefinition of macro "SPI_FLAG_RXNE" (declared at line
          290 of
          "E:\DLP_Proj\DLP_source\branches\DLP_opensource\Drivers\STM32F4xx_HAL
          _Driver\Inc\stm32f4xx_hal_spi.h")

  #define SPI_FLAG_TXE                 SPI_I2S_FLAG_TXE
          ^
"E:\DLP_Proj\DLP_source\branches\DLP_opensource\Drivers\libstmf4\include\stm32f4xx_spi.h",478  Warning[Pe047]: 
          incompatible redefinition of macro "SPI_FLAG_TXE" (declared at line
          291 of
          "E:\DLP_Proj\DLP_source\branches\DLP_opensource\Drivers\STM32F4xx_HAL
          _Driver\Inc\stm32f4xx_hal_spi.h")

  #define SPI_FLAG_OVR                 SPI_I2S_FLAG_OVR
          ^
"E:\DLP_Proj\DLP_source\branches\DLP_opensource\Drivers\libstmf4\include\stm32f4xx_spi.h",479  Warning[Pe047]: 
          incompatible redefinition of macro "SPI_FLAG_OVR" (declared at line
          295 of
          "E:\DLP_Proj\DLP_source\branches\DLP_opensource\Drivers\STM32F4xx_HAL
          _Driver\Inc\stm32f4xx_hal_spi.h")

  #define SPI_FLAG_BSY                 SPI_I2S_FLAG_BSY
          ^
"E:\DLP_Proj\DLP_source\branches\DLP_opensource\Drivers\libstmf4\include\stm32f4xx_spi.h",480  Warning[Pe047]: 
          incompatible redefinition of macro "SPI_FLAG_BSY" (declared at line
          292 of
          "E:\DLP_Proj\DLP_source\branches\DLP_opensource\Drivers\STM32F4xx_HAL
          _Driver\Inc\stm32f4xx_hal_spi.h")

    #define FILAMENT_CHANGE_TEXT_EN				"Please click <Load> \nor <unload>,After \npinter pause."
            ^
"E:\DLP_Proj\DLP_source\branches\DLP_opensource\User\ui\Multi_language\Language_en.h",165  Warning[Pe047]: 
          incompatible redefinition of macro "FILAMENT_CHANGE_TEXT_EN"
          (declared at line 143)

  #define DIALOG_UNBIND_PRINTER_CN            "Ëß£Èô§ÁªëÂÆö?"
          ^
"E:\DLP_Proj\DLP_source\branches\DLP_opensource\User\ui\Multi_language\Language_s_cn.h",248  Warning[Pe047]: 
          incompatible redefinition of macro "DIALOG_UNBIND_PRINTER_CN"
          (declared at line 243)

    #define FILAMENT_CHANGE_TEXT_T_CN				"ÂæÖÊâìÂç∞Ê©üÊö´ÂÅúÂêé,\nË´ãÊåâ<ÈÄ≤Êñô>Êàñ<ÈÄÄÊñô>"
            ^
"E:\DLP_Proj\DLP_source\branches\DLP_opensource\User\ui\Multi_language\Language_t_cn.h",157  Warning[Pe047]: 
          incompatible redefinition of macro "FILAMENT_CHANGE_TEXT_T_CN"
          (declared at line 143)

    #define FILAMENT_CHANGE_TEXT_RU				"Please click <Load> \nor <unload>,After \npinter pause."
            ^
"E:\DLP_Proj\DLP_source\branches\DLP_opensource\User\ui\Multi_language\Language_ru.h",163  Warning[Pe047]: 
          incompatible redefinition of macro "FILAMENT_CHANGE_TEXT_RU"
          (declared at line 143)

  #define DIALOG_UNBIND_PRINTER_RU            "Unbind the printer?"
          ^
"E:\DLP_Proj\DLP_source\branches\DLP_opensource\User\ui\Multi_language\Language_ru.h",260  Warning[Pe047]: 
          incompatible redefinition of macro "DIALOG_UNBIND_PRINTER_RU"
          (declared at line 255)

    #define FILAMENT_CHANGE_TEXT_FR				"Please click <Load> \nor <unload>,After \npinter pause."
            ^
"E:\DLP_Proj\DLP_source\branches\DLP_opensource\User\ui\Multi_language\Language_fr.h",163  Warning[Pe047]: 
          incompatible redefinition of macro "FILAMENT_CHANGE_TEXT_FR"
          (declared at line 143)

  #define DIALOG_UNBIND_PRINTER_FR        "Unbind the printer?"
          ^
"E:\DLP_Proj\DLP_source\branches\DLP_opensource\User\ui\Multi_language\Language_fr.h",263  Warning[Pe047]: 
          incompatible redefinition of macro "DIALOG_UNBIND_PRINTER_FR"
          (declared at line 259)

    #define FILAMENT_CHANGE_TEXT_SP				"Please click <Load> \nor <unload>,After \npinter pause."
            ^
"E:\DLP_Proj\DLP_source\branches\DLP_opensource\User\ui\Multi_language\Language_sp.h",162  Warning[Pe047]: 
          incompatible redefinition of macro "FILAMENT_CHANGE_TEXT_SP"
          (declared at line 143)

    #define FILAMENT_CHANGE_TEXT_IT				"Please click <Load> \nor <unload>,After \npinter pause."
            ^
"E:\DLP_Proj\DLP_source\branches\DLP_opensource\User\ui\Multi_language\Language_it.h",163  Warning[Pe047]: 
          incompatible redefinition of macro "FILAMENT_CHANGE_TEXT_IT"
          (declared at line 143)

  #define DIALOG_UNBIND_PRINTER_IT                "Unbind the printer?"
          ^
"E:\DLP_Proj\DLP_source\branches\DLP_opensource\User\ui\Multi_language\Language_it.h",259  Warning[Pe047]: 
          incompatible redefinition of macro "DIALOG_UNBIND_PRINTER_IT"
          (declared at line 254)

  #define FILAMENT_CHANGE_TEXT_JP				"Please click <Load> \nor <unload>,After \npinter pause."
          ^
"E:\DLP_Proj\DLP_source\branches\DLP_opensource\User\ui\Multi_language\Multi_language.h",688  Warning[Pe047]: 
          incompatible redefinition of macro "FILAMENT_CHANGE_TEXT_JP"
          (declared at line 681)

  #define FILAMENT_CHANGE_TEXT_GN				"Please click <Load> \nor <unload>,After \npinter pause."
          ^
"E:\DLP_Proj\DLP_source\branches\DLP_opensource\User\ui\Multi_language\Multi_language.h",896  Warning[Pe047]: 
          incompatible redefinition of macro "FILAMENT_CHANGE_TEXT_GN"
          (declared at line 890)

  #define Simple_Dec"ºı…Ÿ"
                    ^
"E:\DLP_Proj\DLP_source\branches\DLP_opensource\User\ui\draw_ui.h",387  Warning[Pe1649]: 
          white space is required between the macro name "Simple_Dec" and its
          replacement text

  #define Simple_Speed "ÀŸ∂»"
          ^
"E:\DLP_Proj\DLP_source\branches\DLP_opensource\User\ui\draw_ui.h",442  Warning[Pe047]: 
          incompatible redefinition of macro "Simple_Speed" (declared at line
          439)

  #define Complex_Speed "ÀŸ∂»"
          ^
"E:\DLP_Proj\DLP_source\branches\DLP_opensource\User\ui\draw_ui.h",443  Warning[Pe047]: 
          incompatible redefinition of macro "Complex_Speed" (declared at line
          440)
      5          #include "draw_print_file.h"
      6          #include "fontLib.h"
      7          #include <math.h>
      8          #include <stdint.h>
      9          #include "stdint.h"
     10          #include "Marlin.h"

    #define MIN_SOFTWARE_ENDSTOPS mksCfg.min_software_endstops	/*--mks cfg--*/
            ^
"E:\DLP_Proj\DLP_source\branches\DLP_opensource\Middlewares\Third_Party\Marlin\Configuration.h",824  Warning[Pe047]: 
          incompatible redefinition of macro "MIN_SOFTWARE_ENDSTOPS" (declared
          at line 819)

    #define MAX_SOFTWARE_ENDSTOPS mksCfg.max_software_endstops	/*--mks cfg--*/
            ^
"E:\DLP_Proj\DLP_source\branches\DLP_opensource\Middlewares\Third_Party\Marlin\Configuration.h",834  Warning[Pe047]: 
          incompatible redefinition of macro "MAX_SOFTWARE_ENDSTOPS" (declared
          at line 829)

  #define strcpy_P(dest, src) strcpy((dest), (src))
          ^
"E:\DLP_Proj\DLP_source\branches\DLP_opensource\Middlewares\arduino\stm32\cores\arduino\avr\pgmspace.h",23  Warning[Pe047]: 
          incompatible redefinition of macro "strcpy_P" (declared at line 93
          of
          "E:\DLP_Proj\DLP_source\branches\DLP_opensource\Middlewares\Third_Par
          ty\Marlin\Marlin_export.h")

  #define strstr_P(a, b) strstr((a), (b))
          ^
"E:\DLP_Proj\DLP_source\branches\DLP_opensource\Middlewares\arduino\stm32\cores\arduino\avr\pgmspace.h",26  Warning[Pe047]: 
          incompatible redefinition of macro "strstr_P" (declared at line 94
          of
          "E:\DLP_Proj\DLP_source\branches\DLP_opensource\Middlewares\Third_Par
          ty\Marlin\Marlin_export.h")

  #define sprintf_P(s, f, ...) sprintf((s), (f), __VA_ARGS__)
          ^
"E:\DLP_Proj\DLP_source\branches\DLP_opensource\Middlewares\arduino\stm32\cores\arduino\avr\pgmspace.h",28  Warning[Pe047]: 
          incompatible redefinition of macro "sprintf_P" (declared at line 95
          of
          "E:\DLP_Proj\DLP_source\branches\DLP_opensource\Middlewares\Third_Par
          ty\Marlin\Marlin_export.h")

  #define pgm_read_word_near(addr) pgm_read_word(addr)
          ^
"E:\DLP_Proj\DLP_source\branches\DLP_opensource\Middlewares\arduino\stm32\cores\arduino\avr\pgmspace.h",38  Warning[Pe047]: 
          incompatible redefinition of macro "pgm_read_word_near" (declared at
          line 65 of
          "E:\DLP_Proj\DLP_source\branches\DLP_opensource\Middlewares\Third_Par
          ty\Marlin\Marlin_export.h")

  #define IS_IWDG_PRESCALER(PRESCALER) (((PRESCALER) == IWDG_Prescaler_4)  || \
          ^
"E:\DLP_Proj\DLP_source\branches\DLP_opensource\Drivers\libstmf4\include\stm32f4xx_iwdg.h",80  Warning[Pe047]: 
          incompatible redefinition of macro "IS_IWDG_PRESCALER" (declared at
          line 209 of
          "E:\DLP_Proj\DLP_source\branches\DLP_opensource\Drivers\STM32F4xx_HAL
          _Driver\Inc\stm32f4xx_hal_iwdg.h")

  #define IS_IWDG_RELOAD(RELOAD) ((RELOAD) <= 0xFFF)
          ^
"E:\DLP_Proj\DLP_source\branches\DLP_opensource\Drivers\libstmf4\include\stm32f4xx_iwdg.h",97  Warning[Pe047]: 
          incompatible redefinition of macro "IS_IWDG_RELOAD" (declared at
          line 222 of
          "E:\DLP_Proj\DLP_source\branches\DLP_opensource\Drivers\STM32F4xx_HAL
          _Driver\Inc\stm32f4xx_hal_iwdg.h")

  #define IS_FSMC_NORSRAM_BANK(BANK) (((BANK) == FSMC_Bank1_NORSRAM1) || \
          ^
"E:\DLP_Proj\DLP_source\branches\DLP_opensource\Drivers\libstmf4\include\stm32f4xx_fsmc.h",272  Warning[Pe047]: 
          incompatible redefinition of macro "IS_FSMC_NORSRAM_BANK" (declared
          at line 834 of
          "E:\DLP_Proj\DLP_source\branches\DLP_opensource\Drivers\STM32F4xx_HAL
          _Driver\Inc\stm32f4xx_ll_fsmc.h")

  #define IS_FSMC_NAND_BANK(BANK) (((BANK) == FSMC_Bank2_NAND) || \
          ^
"E:\DLP_Proj\DLP_source\branches\DLP_opensource\Drivers\libstmf4\include\stm32f4xx_fsmc.h",277  Warning[Pe047]: 
          incompatible redefinition of macro "IS_FSMC_NAND_BANK" (declared at
          line 855 of
          "E:\DLP_Proj\DLP_source\branches\DLP_opensource\Drivers\STM32F4xx_HAL
          _Driver\Inc\stm32f4xx_ll_fsmc.h")

  #define IS_FSMC_MUX(MUX) (((MUX) == FSMC_DataAddressMux_Disable) || \
          ^
"E:\DLP_Proj\DLP_source\branches\DLP_opensource\Drivers\libstmf4\include\stm32f4xx_fsmc.h",298  Warning[Pe047]: 
          incompatible redefinition of macro "IS_FSMC_MUX" (declared at line
          839 of
          "E:\DLP_Proj\DLP_source\branches\DLP_opensource\Drivers\STM32F4xx_HAL
          _Driver\Inc\stm32f4xx_ll_fsmc.h")

  #define IS_FSMC_MEMORY(MEMORY) (((MEMORY) == FSMC_MemoryType_SRAM) || \
          ^
"E:\DLP_Proj\DLP_source\branches\DLP_opensource\Drivers\libstmf4\include\stm32f4xx_fsmc.h",311  Warning[Pe047]: 
          incompatible redefinition of macro "IS_FSMC_MEMORY" (declared at
          line 842 of
          "E:\DLP_Proj\DLP_source\branches\DLP_opensource\Drivers\STM32F4xx_HAL
          _Driver\Inc\stm32f4xx_ll_fsmc.h")

  #define IS_FSMC_BURSTMODE(STATE) (((STATE) == FSMC_BurstAccessMode_Disable) || \
          ^
"E:\DLP_Proj\DLP_source\branches\DLP_opensource\Drivers\libstmf4\include\stm32f4xx_fsmc.h",336  Warning[Pe047]: 
          incompatible redefinition of macro "IS_FSMC_BURSTMODE" (declared at
          line 894 of
          "E:\DLP_Proj\DLP_source\branches\DLP_opensource\Drivers\STM32F4xx_HAL
          _Driver\Inc\stm32f4xx_ll_fsmc.h")

  #define IS_FSMC_ASYNWAIT(STATE) (((STATE) == FSMC_AsynchronousWait_Disable) || \
          ^
"E:\DLP_Proj\DLP_source\branches\DLP_opensource\Drivers\libstmf4\include\stm32f4xx_fsmc.h",347  Warning[Pe047]: 
          incompatible redefinition of macro "IS_FSMC_ASYNWAIT" (declared at
          line 915 of
          "E:\DLP_Proj\DLP_source\branches\DLP_opensource\Drivers\STM32F4xx_HAL
          _Driver\Inc\stm32f4xx_ll_fsmc.h")

  #define IS_FSMC_WAIT_POLARITY(POLARITY) (((POLARITY) == FSMC_WaitSignalPolarity_Low) || \
          ^
"E:\DLP_Proj\DLP_source\branches\DLP_opensource\Drivers\libstmf4\include\stm32f4xx_fsmc.h",358  Warning[Pe047]: 
          incompatible redefinition of macro "IS_FSMC_WAIT_POLARITY" (declared
          at line 897 of
          "E:\DLP_Proj\DLP_source\branches\DLP_opensource\Drivers\STM32F4xx_HAL
          _Driver\Inc\stm32f4xx_ll_fsmc.h")

  #define IS_FSMC_WRAP_MODE(MODE) (((MODE) == FSMC_WrapMode_Disable) || \
          ^
"E:\DLP_Proj\DLP_source\branches\DLP_opensource\Drivers\libstmf4\include\stm32f4xx_fsmc.h",369  Warning[Pe047]: 
          incompatible redefinition of macro "IS_FSMC_WRAP_MODE" (declared at
          line 900 of
          "E:\DLP_Proj\DLP_source\branches\DLP_opensource\Drivers\STM32F4xx_HAL
          _Driver\Inc\stm32f4xx_ll_fsmc.h")

  #define IS_FSMC_WAIT_SIGNAL_ACTIVE(ACTIVE) (((ACTIVE) == FSMC_WaitSignalActive_BeforeWaitState) || \
          ^
"E:\DLP_Proj\DLP_source\branches\DLP_opensource\Drivers\libstmf4\include\stm32f4xx_fsmc.h",380  Warning[Pe047]: 
          incompatible redefinition of macro "IS_FSMC_WAIT_SIGNAL_ACTIVE"
          (declared at line 903 of
          "E:\DLP_Proj\DLP_source\branches\DLP_opensource\Drivers\STM32F4xx_HAL
          _Driver\Inc\stm32f4xx_ll_fsmc.h")

  #define IS_FSMC_WRITE_OPERATION(OPERATION) (((OPERATION) == FSMC_WriteOperation_Disable) || \
          ^
"E:\DLP_Proj\DLP_source\branches\DLP_opensource\Drivers\libstmf4\include\stm32f4xx_fsmc.h",391  Warning[Pe047]: 
          incompatible redefinition of macro "IS_FSMC_WRITE_OPERATION"
          (declared at line 906 of
          "E:\DLP_Proj\DLP_source\branches\DLP_opensource\Drivers\STM32F4xx_HAL
          _Driver\Inc\stm32f4xx_ll_fsmc.h")

  #define IS_FSMC_WAITE_SIGNAL(SIGNAL) (((SIGNAL) == FSMC_WaitSignal_Disable) || \
          ^
"E:\DLP_Proj\DLP_source\branches\DLP_opensource\Drivers\libstmf4\include\stm32f4xx_fsmc.h",402  Warning[Pe047]: 
          incompatible redefinition of macro "IS_FSMC_WAITE_SIGNAL" (declared
          at line 909 of
          "E:\DLP_Proj\DLP_source\branches\DLP_opensource\Drivers\STM32F4xx_HAL
          _Driver\Inc\stm32f4xx_ll_fsmc.h")

  #define IS_FSMC_EXTENDED_MODE(MODE) (((MODE) == FSMC_ExtendedMode_Disable) || \
          ^
"E:\DLP_Proj\DLP_source\branches\DLP_opensource\Drivers\libstmf4\include\stm32f4xx_fsmc.h",414  Warning[Pe047]: 
          incompatible redefinition of macro "IS_FSMC_EXTENDED_MODE" (declared
          at line 912 of
          "E:\DLP_Proj\DLP_source\branches\DLP_opensource\Drivers\STM32F4xx_HAL
          _Driver\Inc\stm32f4xx_ll_fsmc.h")

  #define IS_FSMC_WRITE_BURST(BURST) (((BURST) == FSMC_WriteBurst_Disable) || \
          ^
"E:\DLP_Proj\DLP_source\branches\DLP_opensource\Drivers\libstmf4\include\stm32f4xx_fsmc.h",426  Warning[Pe047]: 
          incompatible redefinition of macro "IS_FSMC_WRITE_BURST" (declared
          at line 920 of
          "E:\DLP_Proj\DLP_source\branches\DLP_opensource\Drivers\STM32F4xx_HAL
          _Driver\Inc\stm32f4xx_ll_fsmc.h")

  #define IS_FSMC_ADDRESS_SETUP_TIME(TIME) ((TIME) <= 0xF)
          ^
"E:\DLP_Proj\DLP_source\branches\DLP_opensource\Drivers\libstmf4\include\stm32f4xx_fsmc.h",435  Warning[Pe047]: 
          incompatible redefinition of macro "IS_FSMC_ADDRESS_SETUP_TIME"
          (declared at line 923 of
          "E:\DLP_Proj\DLP_source\branches\DLP_opensource\Drivers\STM32F4xx_HAL
          _Driver\Inc\stm32f4xx_ll_fsmc.h")

  #define IS_FSMC_ADDRESS_HOLD_TIME(TIME) ((TIME) <= 0xF)
          ^
"E:\DLP_Proj\DLP_source\branches\DLP_opensource\Drivers\libstmf4\include\stm32f4xx_fsmc.h",443  Warning[Pe047]: 
          incompatible redefinition of macro "IS_FSMC_ADDRESS_HOLD_TIME"
          (declared at line 925 of
          "E:\DLP_Proj\DLP_source\branches\DLP_opensource\Drivers\STM32F4xx_HAL
          _Driver\Inc\stm32f4xx_ll_fsmc.h")

  #define IS_FSMC_DATASETUP_TIME(TIME) (((TIME) > 0) && ((TIME) <= 0xFF))
          ^
"E:\DLP_Proj\DLP_source\branches\DLP_opensource\Drivers\libstmf4\include\stm32f4xx_fsmc.h",451  Warning[Pe047]: 
          incompatible redefinition of macro "IS_FSMC_DATASETUP_TIME"
          (declared at line 927 of
          "E:\DLP_Proj\DLP_source\branches\DLP_opensource\Drivers\STM32F4xx_HAL
          _Driver\Inc\stm32f4xx_ll_fsmc.h")

  #define IS_FSMC_TURNAROUND_TIME(TIME) ((TIME) <= 0xF)
          ^
"E:\DLP_Proj\DLP_source\branches\DLP_opensource\Drivers\libstmf4\include\stm32f4xx_fsmc.h",459  Warning[Pe047]: 
          incompatible redefinition of macro "IS_FSMC_TURNAROUND_TIME"
          (declared at line 929 of
          "E:\DLP_Proj\DLP_source\branches\DLP_opensource\Drivers\STM32F4xx_HAL
          _Driver\Inc\stm32f4xx_ll_fsmc.h")

  #define IS_FSMC_CLK_DIV(DIV) ((DIV) <= 0xF)
          ^
"E:\DLP_Proj\DLP_source\branches\DLP_opensource\Drivers\libstmf4\include\stm32f4xx_fsmc.h",467  Warning[Pe047]: 
          incompatible redefinition of macro "IS_FSMC_CLK_DIV" (declared at
          line 934 of
          "E:\DLP_Proj\DLP_source\branches\DLP_opensource\Drivers\STM32F4xx_HAL
          _Driver\Inc\stm32f4xx_ll_fsmc.h")

  #define IS_FSMC_DATA_LATENCY(LATENCY) ((LATENCY) <= 0xF)
          ^
"E:\DLP_Proj\DLP_source\branches\DLP_opensource\Drivers\libstmf4\include\stm32f4xx_fsmc.h",475  Warning[Pe047]: 
          incompatible redefinition of macro "IS_FSMC_DATA_LATENCY" (declared
          at line 918 of
          "E:\DLP_Proj\DLP_source\branches\DLP_opensource\Drivers\STM32F4xx_HAL
          _Driver\Inc\stm32f4xx_ll_fsmc.h")

  #define IS_FSMC_ACCESS_MODE(MODE) (((MODE) == FSMC_AccessMode_A) || \
          ^
"E:\DLP_Proj\DLP_source\branches\DLP_opensource\Drivers\libstmf4\include\stm32f4xx_fsmc.h",487  Warning[Pe047]: 
          incompatible redefinition of macro "IS_FSMC_ACCESS_MODE" (declared
          at line 850 of
          "E:\DLP_Proj\DLP_source\branches\DLP_opensource\Drivers\STM32F4xx_HAL
          _Driver\Inc\stm32f4xx_ll_fsmc.h")

  #define IS_FSMC_WAIT_FEATURE(FEATURE) (((FEATURE) == FSMC_Waitfeature_Disable) || \
          ^
"E:\DLP_Proj\DLP_source\branches\DLP_opensource\Drivers\libstmf4\include\stm32f4xx_fsmc.h",508  Warning[Pe047]: 
          incompatible redefinition of macro "IS_FSMC_WAIT_FEATURE" (declared
          at line 858 of
          "E:\DLP_Proj\DLP_source\branches\DLP_opensource\Drivers\STM32F4xx_HAL
          _Driver\Inc\stm32f4xx_ll_fsmc.h")

  #define IS_FSMC_ECC_STATE(STATE) (((STATE) == FSMC_ECC_Disable) || \
          ^
"E:\DLP_Proj\DLP_source\branches\DLP_opensource\Drivers\libstmf4\include\stm32f4xx_fsmc.h",520  Warning[Pe047]: 
          incompatible redefinition of macro "IS_FSMC_ECC_STATE" (declared at
          line 864 of
          "E:\DLP_Proj\DLP_source\branches\DLP_opensource\Drivers\STM32F4xx_HAL
          _Driver\Inc\stm32f4xx_ll_fsmc.h")

  #define IS_FSMC_ECCPAGE_SIZE(SIZE) (((SIZE) == FSMC_ECCPageSize_256Bytes) || \
          ^
"E:\DLP_Proj\DLP_source\branches\DLP_opensource\Drivers\libstmf4\include\stm32f4xx_fsmc.h",535  Warning[Pe047]: 
          incompatible redefinition of macro "IS_FSMC_ECCPAGE_SIZE" (declared
          at line 867 of
          "E:\DLP_Proj\DLP_source\branches\DLP_opensource\Drivers\STM32F4xx_HAL
          _Driver\Inc\stm32f4xx_ll_fsmc.h")

  #define IS_FSMC_TCLR_TIME(TIME) ((TIME) <= 0xFF)
          ^
"E:\DLP_Proj\DLP_source\branches\DLP_opensource\Drivers\libstmf4\include\stm32f4xx_fsmc.h",548  Warning[Pe047]: 
          incompatible redefinition of macro "IS_FSMC_TCLR_TIME" (declared at
          line 874 of
          "E:\DLP_Proj\DLP_source\branches\DLP_opensource\Drivers\STM32F4xx_HAL
          _Driver\Inc\stm32f4xx_ll_fsmc.h")

  #define IS_FSMC_TAR_TIME(TIME) ((TIME) <= 0xFF)
          ^
"E:\DLP_Proj\DLP_source\branches\DLP_opensource\Drivers\libstmf4\include\stm32f4xx_fsmc.h",556  Warning[Pe047]: 
          incompatible redefinition of macro "IS_FSMC_TAR_TIME" (declared at
          line 876 of
          "E:\DLP_Proj\DLP_source\branches\DLP_opensource\Drivers\STM32F4xx_HAL
          _Driver\Inc\stm32f4xx_ll_fsmc.h")

  #define IS_FSMC_SETUP_TIME(TIME) ((TIME) <= 0xFF)
          ^
"E:\DLP_Proj\DLP_source\branches\DLP_opensource\Drivers\libstmf4\include\stm32f4xx_fsmc.h",564  Warning[Pe047]: 
          incompatible redefinition of macro "IS_FSMC_SETUP_TIME" (declared at
          line 878 of
          "E:\DLP_Proj\DLP_source\branches\DLP_opensource\Drivers\STM32F4xx_HAL
          _Driver\Inc\stm32f4xx_ll_fsmc.h")

  #define IS_FSMC_WAIT_TIME(TIME) ((TIME) <= 0xFF)
          ^
"E:\DLP_Proj\DLP_source\branches\DLP_opensource\Drivers\libstmf4\include\stm32f4xx_fsmc.h",572  Warning[Pe047]: 
          incompatible redefinition of macro "IS_FSMC_WAIT_TIME" (declared at
          line 880 of
          "E:\DLP_Proj\DLP_source\branches\DLP_opensource\Drivers\STM32F4xx_HAL
          _Driver\Inc\stm32f4xx_ll_fsmc.h")

  #define IS_FSMC_HOLD_TIME(TIME) ((TIME) <= 0xFF)
          ^
"E:\DLP_Proj\DLP_source\branches\DLP_opensource\Drivers\libstmf4\include\stm32f4xx_fsmc.h",580  Warning[Pe047]: 
          incompatible redefinition of macro "IS_FSMC_HOLD_TIME" (declared at
          line 882 of
          "E:\DLP_Proj\DLP_source\branches\DLP_opensource\Drivers\STM32F4xx_HAL
          _Driver\Inc\stm32f4xx_ll_fsmc.h")

  #define IS_FSMC_HIZ_TIME(TIME) ((TIME) <= 0xFF)
          ^
"E:\DLP_Proj\DLP_source\branches\DLP_opensource\Drivers\libstmf4\include\stm32f4xx_fsmc.h",588  Warning[Pe047]: 
          incompatible redefinition of macro "IS_FSMC_HIZ_TIME" (declared at
          line 884 of
          "E:\DLP_Proj\DLP_source\branches\DLP_opensource\Drivers\STM32F4xx_HAL
          _Driver\Inc\stm32f4xx_ll_fsmc.h")

  #define FSMC_FLAG_FEMPT                          ((uint32_t)0x00000040)
          ^
"E:\DLP_Proj\DLP_source\branches\DLP_opensource\Drivers\libstmf4\include\stm32f4xx_fsmc.h",613  Warning[Pe047]: 
          incompatible redefinition of macro "FSMC_FLAG_FEMPT" (declared at
          line 530 of
          "E:\DLP_Proj\DLP_source\branches\DLP_opensource\Drivers\STM32F4xx_HAL
          _Driver\Inc\stm32f4xx_ll_fsmc.h")

    #define assert_param(expr) ((void)0)        
            ^
"E:\DLP_Proj\DLP_source\branches\DLP_opensource\Drivers\libstmf4\stm32f4xx_conf.h",149  Warning[Pe047]: 
          incompatible redefinition of macro "assert_param" (declared at line
          431 of
          "E:\DLP_Proj\DLP_source\branches\DLP_opensource\Inc\stm32f4xx_hal_con
          f.h")
     11          
     12          #ifndef GUI_FLASH
     13          #define GUI_FLASH
     14          #endif
     15          
     16          

   \                                 In section .bss, align 4
     17          static BUTTON_STRUCT buttonZI, buttonZD, buttonV,  buttonRet;
   \                     buttonZI:
   \   00000000                      DS8 24
   \   00000018                      DS8 24

   \                                 In section .bss, align 4
   \                     buttonRet:
   \   00000000                      DS8 24
   \   00000018                      DS8 24

   \                                 In section .bss, align 4
     18          GUI_HWIN hMoveMotorWnd;
   \                     hMoveMotorWnd:
   \   00000000                      DS8 2
   \   00000002                      DS8 2
   \   00000004                      DS8 24
   \   0000001C                      DS8 24

   \                                 In section .bss, align 4
     19          static BUTTON_STRUCT buttonstep01,buttonstep1,buttonstep10,button_z_home,button_z_stop;
   \                     button_z_home:
   \   00000000                      DS8 24
   \   00000018                      DS8 24
     20          
     21          extern GUI_FLASH const GUI_FONT GUI_FontHZ_fontHz18;
     22          extern unsigned char positionSaveFlag;
     23          extern int X_ADD,X_INTERVAL;   //**Õº∆¨º‰∏Ù
     24          
     25          

   \                                 In section .text, align 2, keep-with-next
     26          static void cbMoveMotorWin(WM_MESSAGE * pMsg) {
   \                     _Z14cbMoveMotorWinP10WM_MESSAGE: (+1)
   \   00000000   0xB530             PUSH     {R4,R5,LR}
   \   00000002   0xB089             SUB      SP,SP,#+36
   \   00000004   0x4604             MOV      R4,R0
     27          	
     28          	struct PressEvt *press_event;
                 	                 ^
Warning[Pe550]: variable "press_event" was set but never used
     29          	char buf[30] = {0};
   \   00000006   0xA801             ADD      R0,SP,#+4
   \   00000008   0x2120             MOVS     R1,#+32
   \   0000000A   0x.... 0x....      BL       __aeabi_memclr4
     30          
     31          	switch (pMsg->MsgId) {
   \   0000000E   0x6820             LDR      R0,[R4, #+0]
   \   00000010   0x280C             CMP      R0,#+12
   \   00000012   0xF000 0x809E      BEQ.W    ??cbMoveMotorWin_0
   \   00000016   0x280D             CMP      R0,#+13
   \   00000018   0xF000 0x809B      BEQ.W    ??cbMoveMotorWin_0
   \   0000001C   0x280F             CMP      R0,#+15
   \   0000001E   0xF000 0x8098      BEQ.W    ??cbMoveMotorWin_0
   \   00000022   0x2826             CMP      R0,#+38
   \   00000024   0xF040 0x8092      BNE.W    ??cbMoveMotorWin_1
     32          	case WM_PAINT:
     33          
     34          		break;
     35          	case WM_TOUCH:
     36          	 	press_event = (struct PressEvt *)pMsg->Data.p;
     37          		
     38          		break;
     39          	case WM_TOUCH_CHILD:
     40          	  press_event = (struct PressEvt *)pMsg->Data.p;
     41          		
     42          	  break;
     43          
     44          	case WM_NOTIFY_PARENT:
     45          		if(pMsg->Data.v == WM_NOTIFICATION_RELEASED)
   \   00000028   0x68A0             LDR      R0,[R4, #+8]
   \   0000002A   0x2802             CMP      R0,#+2
   \   0000002C   0xF040 0x8091      BNE.W    ??cbMoveMotorWin_0
     46          		{
     47          		
     48          			press_event = (struct PressEvt *)pMsg->Data.p;
     49          
     50          			if(pMsg->hWinSrc == buttonstep01.btnHandle)
   \   00000030   0x.... 0x....      LDR.W    R5,??DataTable19
   \   00000034   0xF9B4 0x0006      LDRSH    R0,[R4, #+6]
   \   00000038   0xF9B5 0x1004      LDRSH    R1,[R5, #+4]
   \   0000003C   0x4288             CMP      R0,R1
   \   0000003E   0xD107             BNE.N    ??cbMoveMotorWin_2
     51          			{
     52          
     53          				gCfgItems.move_dist = 0.1;
   \   00000040   0x.... 0x....      LDR.W    R0,??DataTable19_1
   \   00000044   0x.... 0x....      LDR.W    R1,??DataTable19_2  ;; 0x3dcccccd
   \   00000048   0xF8C0 0x10D4      STR      R1,[R0, #+212]
     54          				disp_move_dist();
   \   0000004C   0x.... 0x....      BL       disp_move_dist
     55          				
     56          			}
     57          			if(pMsg->hWinSrc == buttonstep1.btnHandle)
   \                     ??cbMoveMotorWin_2: (+1)
   \   00000050   0xF9B4 0x0006      LDRSH    R0,[R4, #+6]
   \   00000054   0xF9B5 0x101C      LDRSH    R1,[R5, #+28]
   \   00000058   0x4288             CMP      R0,R1
   \   0000005A   0xD107             BNE.N    ??cbMoveMotorWin_3
     58          			{
     59          
     60          				gCfgItems.move_dist = 1;
   \   0000005C   0x.... 0x....      LDR.W    R0,??DataTable19_1
   \   00000060   0xF04F 0x517E      MOV      R1,#+1065353216
   \   00000064   0xF8C0 0x10D4      STR      R1,[R0, #+212]
     61          				disp_move_dist();
   \   00000068   0x.... 0x....      BL       disp_move_dist
     62          				
     63          			}
     64          			if(pMsg->hWinSrc == buttonstep10.btnHandle)
   \                     ??cbMoveMotorWin_3: (+1)
   \   0000006C   0xF9B4 0x0006      LDRSH    R0,[R4, #+6]
   \   00000070   0x.... 0x....      LDR.W    R1,??DataTable19_3
   \   00000074   0xF9B1 0x2018      LDRSH    R2,[R1, #+24]
   \   00000078   0x4290             CMP      R0,R2
   \   0000007A   0xD108             BNE.N    ??cbMoveMotorWin_4
     65          			{
     66          
     67          				gCfgItems.move_dist = 10;
   \   0000007C   0x.... 0x....      LDR.W    R0,??DataTable19_1
   \   00000080   0x.... 0x....      LDR.W    R1,??DataTable19_4  ;; 0x41200000
   \   00000084   0xF8C0 0x10D4      STR      R1,[R0, #+212]
     68          				disp_move_dist();
   \   00000088   0x.... 0x....      BL       disp_move_dist
   \   0000008C   0xE061             B.N      ??cbMoveMotorWin_0
     69          				
     70          			}
     71          
     72          			else if(pMsg->hWinSrc == buttonZI.btnHandle)
   \                     ??cbMoveMotorWin_4: (+1)
   \   0000008E   0x.... 0x....      LDR.W    R2,??DataTable19_5
   \   00000092   0xF9B2 0x3000      LDRSH    R3,[R2, #+0]
   \   00000096   0x4298             CMP      R0,R3
   \   00000098   0xD119             BNE.N    ??cbMoveMotorWin_5
     73          			{
     74              			enqueue_and_echo_commands_P(PSTR("G91"));
   \   0000009A   0x....             ADR.N    R0,??DataTable17  ;; "G91"
   \   0000009C   0x.... 0x....      BL       _Z27enqueue_and_echo_commands_PPKc
     75              			sprintf(buf, "G1 Z%3.1f F%d\n",gCfgItems.move_dist, gCfgItems.moveSpeed);
   \   000000A0   0x.... 0x....      LDR.W    R0,??DataTable19_1
   \   000000A4   0xF9B0 0x10CE      LDRSH    R1,[R0, #+206]
   \   000000A8   0x9100             STR      R1,[SP, #+0]
   \   000000AA   0xF8D0 0x00D4      LDR      R0,[R0, #+212]
   \   000000AE   0x.... 0x....      BL       __aeabi_f2d
   \   000000B2   0x4602             MOV      R2,R0
   \   000000B4   0x460B             MOV      R3,R1
   \   000000B6   0x.... 0x....      ADR.W    R1,`?<Constant "G1 Z%3.1f F%d\\n">`
   \   000000BA   0xA801             ADD      R0,SP,#+4
   \   000000BC   0x.... 0x....      BL       sprintf
     76              			enqueue_and_echo_commands_P(PSTR(buf));
   \   000000C0   0xA801             ADD      R0,SP,#+4
   \   000000C2   0x.... 0x....      BL       _Z27enqueue_and_echo_commands_PPKc
     77              			enqueue_and_echo_commands_P(PSTR("G90"));
   \   000000C6   0x....             ADR.N    R0,??DataTable17_1  ;; "G90"
   \   000000C8   0x.... 0x....      BL       _Z27enqueue_and_echo_commands_PPKc
   \   000000CC   0xE041             B.N      ??cbMoveMotorWin_0
     78          			}
     79          			else if(pMsg->hWinSrc == buttonZD.btnHandle)
   \                     ??cbMoveMotorWin_5: (+1)
   \   000000CE   0xF9B2 0x2018      LDRSH    R2,[R2, #+24]
   \   000000D2   0x4290             CMP      R0,R2
   \   000000D4   0xD119             BNE.N    ??cbMoveMotorWin_6
     80          			{
     81              			enqueue_and_echo_commands_P(PSTR("G91"));
   \   000000D6   0x....             ADR.N    R0,??DataTable17  ;; "G91"
   \   000000D8   0x.... 0x....      BL       _Z27enqueue_and_echo_commands_PPKc
     82              			sprintf(buf, "G1 Z-%3.1f F%d\n",gCfgItems.move_dist, gCfgItems.moveSpeed);
   \   000000DC   0x.... 0x....      LDR.W    R0,??DataTable19_1
   \   000000E0   0xF9B0 0x10CE      LDRSH    R1,[R0, #+206]
   \   000000E4   0x9100             STR      R1,[SP, #+0]
   \   000000E6   0xF8D0 0x00D4      LDR      R0,[R0, #+212]
   \   000000EA   0x.... 0x....      BL       __aeabi_f2d
   \   000000EE   0x4602             MOV      R2,R0
   \   000000F0   0x460B             MOV      R3,R1
   \   000000F2   0x.... 0x....      ADR.W    R1,`?<Constant "G1 Z-%3.1f F%d\\n">`
   \   000000F6   0xA801             ADD      R0,SP,#+4
   \   000000F8   0x.... 0x....      BL       sprintf
     83              			enqueue_and_echo_commands_P(PSTR(buf));
   \   000000FC   0xA801             ADD      R0,SP,#+4
   \   000000FE   0x.... 0x....      BL       _Z27enqueue_and_echo_commands_PPKc
     84              			enqueue_and_echo_commands_P(PSTR("G90"));					
   \   00000102   0x....             ADR.N    R0,??DataTable17_1  ;; "G90"
   \   00000104   0x.... 0x....      BL       _Z27enqueue_and_echo_commands_PPKc
   \   00000108   0xE023             B.N      ??cbMoveMotorWin_0
     85          			}
     86          			else if(pMsg->hWinSrc == buttonRet.btnHandle)
   \                     ??cbMoveMotorWin_6: (+1)
   \   0000010A   0xF9B1 0x1000      LDRSH    R1,[R1, #+0]
   \   0000010E   0x4288             CMP      R0,R1
   \   00000110   0xD108             BNE.N    ??cbMoveMotorWin_7
     87          			{
     88          				last_disp_state = MOVE_MOTOR_UI;
   \   00000112   0x2004             MOVS     R0,#+4
   \   00000114   0x.... 0x....      LDR.W    R1,??DataTable19_6
   \   00000118   0x7008             STRB     R0,[R1, #+0]
     89          				Clear_move_motor();
   \   0000011A   0x.... 0x....      BL       Clear_move_motor
     90          				draw_return_ui();
   \   0000011E   0x.... 0x....      BL       draw_return_ui
   \   00000122   0xE016             B.N      ??cbMoveMotorWin_0
     91          								
     92          			}
     93                      else if(pMsg->hWinSrc == button_z_home.btnHandle)
   \                     ??cbMoveMotorWin_7: (+1)
   \   00000124   0x.... 0x....      LDR.W    R1,??DataTable19_7
   \   00000128   0xF9B1 0x2000      LDRSH    R2,[R1, #+0]
   \   0000012C   0x4290             CMP      R0,R2
   \   0000012E   0xD104             BNE.N    ??cbMoveMotorWin_8
     94                      {
     95                          enqueue_and_echo_commands_P(PSTR("G28 Z0"));
   \   00000130   0x.... 0x....      ADR.W    R0,`?<Constant "G28 Z0">`
   \   00000134   0x.... 0x....      BL       _Z27enqueue_and_echo_commands_PPKc
   \   00000138   0xE00B             B.N      ??cbMoveMotorWin_0
     96                      }
     97                      else if(pMsg->hWinSrc == button_z_stop.btnHandle)
   \                     ??cbMoveMotorWin_8: (+1)
   \   0000013A   0xF9B1 0x1018      LDRSH    R1,[R1, #+24]
   \   0000013E   0x4288             CMP      R0,R1
   \   00000140   0xD107             BNE.N    ??cbMoveMotorWin_0
     98                      {
     99                          mksdlp.quick_stop();	//skyblue modify 2018-10
   \   00000142   0x.... 0x....      LDR.W    R0,??DataTable19_8
   \   00000146   0x.... 0x....      BL       _ZN7MKS_DLP10quick_stopEv
   \   0000014A   0xE002             B.N      ??cbMoveMotorWin_0
    100                      }            
    101          		}
    102          		break;
    103          	default:
    104          	WM_DefaultProc(pMsg);
   \                     ??cbMoveMotorWin_1: (+1)
   \   0000014C   0x4620             MOV      R0,R4
   \   0000014E   0x.... 0x....      BL       WM_DefaultProc
    105          	}
    106          }
   \                     ??cbMoveMotorWin_0: (+1)
   \   00000152   0xB009             ADD      SP,SP,#+36
   \   00000154   0xBD30             POP      {R4,R5,PC}       ;; return
    107          
    108          

   \                                 In section .text, align 2, keep-with-next
    109          void draw_move_motor()
    110          {
   \                     draw_move_motor: (+1)
   \   00000000   0xE92D 0x4FF0      PUSH     {R4-R11,LR}
   \   00000004   0xB085             SUB      SP,SP,#+20
    111          	
    112            	char buffer_z[15]={0};
                   	     ^
Warning[Pe177]: variable "buffer_z" was declared but never referenced
    113          	
    114          	if(disp_state_stack._disp_state[disp_state_stack._disp_index] != MOVE_MOTOR_UI)
   \   00000006   0x.... 0x....      LDR.W    R0,??DataTable19_9
   \   0000000A   0xF990 0x1064      LDRSB    R1,[R0, #+100]
   \   0000000E   0x560A             LDRSB    R2,[R1, R0]
   \   00000010   0x2A04             CMP      R2,#+4
   \   00000012   0xD005             BEQ.N    ??draw_move_motor_0
    115          	{
    116          		disp_state_stack._disp_index++;
   \   00000014   0x1C49             ADDS     R1,R1,#+1
   \   00000016   0xF880 0x1064      STRB     R1,[R0, #+100]
    117          		disp_state_stack._disp_state[disp_state_stack._disp_index] = MOVE_MOTOR_UI;
   \   0000001A   0x2204             MOVS     R2,#+4
   \   0000001C   0xB249             SXTB     R1,R1
   \   0000001E   0x540A             STRB     R2,[R1, R0]
    118          	}
    119          	disp_state = MOVE_MOTOR_UI;
   \                     ??draw_move_motor_0: (+1)
   \   00000020   0x2004             MOVS     R0,#+4
   \   00000022   0x.... 0x....      LDR.W    R1,??DataTable19_10
   \   00000026   0x7008             STRB     R0,[R1, #+0]
    120          	
    121          	GUI_SetBkColor(gCfgItems.background_color);
   \   00000028   0x.... 0x....      LDR.W    R4,??DataTable19_1
   \   0000002C   0x6860             LDR      R0,[R4, #+4]
   \   0000002E   0x.... 0x....      BL       GUI_SetBkColor
    122          	GUI_SetColor(gCfgItems.title_color);
   \   00000032   0x6DA0             LDR      R0,[R4, #+88]
   \   00000034   0x.... 0x....      BL       GUI_SetColor
    123          	GUI_Clear();
   \   00000038   0x.... 0x....      BL       GUI_Clear
    124          	
    125              hMoveMotorWnd = WM_CreateWindow(0, titleHeight, LCD_WIDTH, imgHeight, WM_CF_SHOW, cbMoveMotorWin, 0);
   \   0000003C   0x2000             MOVS     R0,#+0
   \   0000003E   0x9002             STR      R0,[SP, #+8]
   \   00000040   0x.... 0x....      LDR.W    R0,??DataTable19_11
   \   00000044   0x9001             STR      R0,[SP, #+4]
   \   00000046   0x2002             MOVS     R0,#+2
   \   00000048   0x9000             STR      R0,[SP, #+0]
   \   0000004A   0xF44F 0x73A0      MOV      R3,#+320
   \   0000004E   0xF44F 0x72F0      MOV      R2,#+480
   \   00000052   0x2100             MOVS     R1,#+0
   \   00000054   0x4608             MOV      R0,R1
   \   00000056   0x.... 0x....      BL       WM_CreateWindow
   \   0000005A   0x.... 0x....      LDR.W    R5,??DataTable19
   \   0000005E   0x8028             STRH     R0,[R5, #+0]
    126          
    127          
    128              buttonstep01.btnHandle = BUTTON_CreateEx(15, 15,140,90,hMoveMotorWnd, BUTTON_CF_SHOW, 0, 102);
   \   00000060   0x2166             MOVS     R1,#+102
   \   00000062   0x9103             STR      R1,[SP, #+12]
   \   00000064   0x2100             MOVS     R1,#+0
   \   00000066   0x9102             STR      R1,[SP, #+8]
   \   00000068   0x2102             MOVS     R1,#+2
   \   0000006A   0x9101             STR      R1,[SP, #+4]
   \   0000006C   0x9000             STR      R0,[SP, #+0]
   \   0000006E   0x235A             MOVS     R3,#+90
   \   00000070   0x228C             MOVS     R2,#+140
   \   00000072   0x210F             MOVS     R1,#+15
   \   00000074   0x4608             MOV      R0,R1
   \   00000076   0x.... 0x....      BL       BUTTON_CreateEx
   \   0000007A   0x80A8             STRH     R0,[R5, #+4]
    129              buttonstep1.btnHandle = BUTTON_CreateEx(170, 15,140,90,hMoveMotorWnd, BUTTON_CF_SHOW, 0, 103);
   \   0000007C   0x2067             MOVS     R0,#+103
   \   0000007E   0x9003             STR      R0,[SP, #+12]
   \   00000080   0x2000             MOVS     R0,#+0
   \   00000082   0x9002             STR      R0,[SP, #+8]
   \   00000084   0x2002             MOVS     R0,#+2
   \   00000086   0x9001             STR      R0,[SP, #+4]
   \   00000088   0xF9B5 0x0000      LDRSH    R0,[R5, #+0]
   \   0000008C   0x9000             STR      R0,[SP, #+0]
   \   0000008E   0x235A             MOVS     R3,#+90
   \   00000090   0x228C             MOVS     R2,#+140
   \   00000092   0x210F             MOVS     R1,#+15
   \   00000094   0x20AA             MOVS     R0,#+170
   \   00000096   0x.... 0x....      BL       BUTTON_CreateEx
   \   0000009A   0x83A8             STRH     R0,[R5, #+28]
    130          	buttonstep10.btnHandle = BUTTON_CreateEx(325,15,140,90,hMoveMotorWnd, BUTTON_CF_SHOW, 0, 108);
   \   0000009C   0x.... 0x....      LDR.W    R6,??DataTable19_3
   \   000000A0   0xF240 0x1945      MOVW     R9,#+325
   \   000000A4   0x206C             MOVS     R0,#+108
   \   000000A6   0x9003             STR      R0,[SP, #+12]
   \   000000A8   0x2000             MOVS     R0,#+0
   \   000000AA   0x9002             STR      R0,[SP, #+8]
   \   000000AC   0x2002             MOVS     R0,#+2
   \   000000AE   0x9001             STR      R0,[SP, #+4]
   \   000000B0   0xF9B5 0x0000      LDRSH    R0,[R5, #+0]
   \   000000B4   0x9000             STR      R0,[SP, #+0]
   \   000000B6   0x235A             MOVS     R3,#+90
   \   000000B8   0x228C             MOVS     R2,#+140
   \   000000BA   0x210F             MOVS     R1,#+15
   \   000000BC   0x4648             MOV      R0,R9
   \   000000BE   0x.... 0x....      BL       BUTTON_CreateEx
   \   000000C2   0x8330             STRH     R0,[R6, #+24]
    131          
    132              button_z_home.btnHandle = BUTTON_CreateEx(15,115,140,90,hMoveMotorWnd, BUTTON_CF_SHOW, 0, 106);
   \   000000C4   0x.... 0x....      LDR.W    R7,??DataTable19_7
   \   000000C8   0x206A             MOVS     R0,#+106
   \   000000CA   0x9003             STR      R0,[SP, #+12]
   \   000000CC   0x2000             MOVS     R0,#+0
   \   000000CE   0x9002             STR      R0,[SP, #+8]
   \   000000D0   0x2002             MOVS     R0,#+2
   \   000000D2   0x9001             STR      R0,[SP, #+4]
   \   000000D4   0xF9B5 0x0000      LDRSH    R0,[R5, #+0]
   \   000000D8   0x9000             STR      R0,[SP, #+0]
   \   000000DA   0x235A             MOVS     R3,#+90
   \   000000DC   0x228C             MOVS     R2,#+140
   \   000000DE   0x2173             MOVS     R1,#+115
   \   000000E0   0x200F             MOVS     R0,#+15
   \   000000E2   0x.... 0x....      BL       BUTTON_CreateEx
   \   000000E6   0x8038             STRH     R0,[R7, #+0]
    133              buttonZI.btnHandle = BUTTON_CreateEx(170,115,140,90,hMoveMotorWnd, BUTTON_CF_SHOW, 0, 101);
   \   000000E8   0x.... 0x....      LDR.W    R8,??DataTable19_5
   \   000000EC   0x2065             MOVS     R0,#+101
   \   000000EE   0x9003             STR      R0,[SP, #+12]
   \   000000F0   0x2000             MOVS     R0,#+0
   \   000000F2   0x9002             STR      R0,[SP, #+8]
   \   000000F4   0x2002             MOVS     R0,#+2
   \   000000F6   0x9001             STR      R0,[SP, #+4]
   \   000000F8   0xF9B5 0x0000      LDRSH    R0,[R5, #+0]
   \   000000FC   0x9000             STR      R0,[SP, #+0]
   \   000000FE   0x235A             MOVS     R3,#+90
   \   00000100   0x228C             MOVS     R2,#+140
   \   00000102   0x2173             MOVS     R1,#+115
   \   00000104   0x20AA             MOVS     R0,#+170
   \   00000106   0x.... 0x....      BL       BUTTON_CreateEx
   \   0000010A   0xF8A8 0x0000      STRH     R0,[R8, #+0]
    134              buttonZD.btnHandle = BUTTON_CreateEx(325,115,140,90,hMoveMotorWnd, BUTTON_CF_SHOW, 0, 105);
   \   0000010E   0x2069             MOVS     R0,#+105
   \   00000110   0x9003             STR      R0,[SP, #+12]
   \   00000112   0x2000             MOVS     R0,#+0
   \   00000114   0x9002             STR      R0,[SP, #+8]
   \   00000116   0x2002             MOVS     R0,#+2
   \   00000118   0x9001             STR      R0,[SP, #+4]
   \   0000011A   0xF9B5 0x0000      LDRSH    R0,[R5, #+0]
   \   0000011E   0x9000             STR      R0,[SP, #+0]
   \   00000120   0x235A             MOVS     R3,#+90
   \   00000122   0x228C             MOVS     R2,#+140
   \   00000124   0x2173             MOVS     R1,#+115
   \   00000126   0x4648             MOV      R0,R9
   \   00000128   0x.... 0x....      BL       BUTTON_CreateEx
   \   0000012C   0xF8A8 0x0018      STRH     R0,[R8, #+24]
    135          
    136              button_z_stop.btnHandle = BUTTON_CreateEx(15,215,140,90,hMoveMotorWnd, BUTTON_CF_SHOW, 0, 107);
   \   00000130   0x206B             MOVS     R0,#+107
   \   00000132   0x9003             STR      R0,[SP, #+12]
   \   00000134   0x2000             MOVS     R0,#+0
   \   00000136   0x9002             STR      R0,[SP, #+8]
   \   00000138   0x2002             MOVS     R0,#+2
   \   0000013A   0x9001             STR      R0,[SP, #+4]
   \   0000013C   0xF9B5 0x0000      LDRSH    R0,[R5, #+0]
   \   00000140   0x9000             STR      R0,[SP, #+0]
   \   00000142   0x235A             MOVS     R3,#+90
   \   00000144   0x228C             MOVS     R2,#+140
   \   00000146   0x21D7             MOVS     R1,#+215
   \   00000148   0x200F             MOVS     R0,#+15
   \   0000014A   0x.... 0x....      BL       BUTTON_CreateEx
   \   0000014E   0x8338             STRH     R0,[R7, #+24]
    137              
    138          	buttonRet.btnHandle = BUTTON_CreateEx(325,215,140,90,hMoveMotorWnd, BUTTON_CF_SHOW, 0, 109);
   \   00000150   0x206D             MOVS     R0,#+109
   \   00000152   0x9003             STR      R0,[SP, #+12]
   \   00000154   0x2000             MOVS     R0,#+0
   \   00000156   0x9002             STR      R0,[SP, #+8]
   \   00000158   0x2002             MOVS     R0,#+2
   \   0000015A   0x9001             STR      R0,[SP, #+4]
   \   0000015C   0xF9B5 0x0000      LDRSH    R0,[R5, #+0]
   \   00000160   0x9000             STR      R0,[SP, #+0]
   \   00000162   0x235A             MOVS     R3,#+90
   \   00000164   0x228C             MOVS     R2,#+140
   \   00000166   0x21D7             MOVS     R1,#+215
   \   00000168   0x4648             MOV      R0,R9
   \   0000016A   0x.... 0x....      BL       BUTTON_CreateEx
   \   0000016E   0x8030             STRH     R0,[R6, #+0]
    139          
    140          
    141          	BUTTON_SetBmpFileName(buttonZI.btnHandle, "bmp_zAdd.bin",1);
   \   00000170   0x2201             MOVS     R2,#+1
   \   00000172   0x.... 0x....      ADR.W    R1,`?<Constant "bmp_zAdd.bin">`
   \   00000176   0xF9B8 0x0000      LDRSH    R0,[R8, #+0]
   \   0000017A   0x.... 0x....      BL       BUTTON_SetBmpFileName
    142          	BUTTON_SetBmpFileName(buttonZD.btnHandle, "bmp_zDec.bin",1);
   \   0000017E   0x2201             MOVS     R2,#+1
   \   00000180   0x.... 0x....      ADR.W    R1,`?<Constant "bmp_zDec.bin">`
   \   00000184   0xF9B8 0x0018      LDRSH    R0,[R8, #+24]
   \   00000188   0x.... 0x....      BL       BUTTON_SetBmpFileName
    143          	BUTTON_SetBmpFileName(button_z_home.btnHandle, "bmp_z_home.bin",1);  
   \   0000018C   0x2201             MOVS     R2,#+1
   \   0000018E   0x.... 0x....      ADR.W    R1,`?<Constant "bmp_z_home.bin">`
   \   00000192   0xF9B7 0x0000      LDRSH    R0,[R7, #+0]
   \   00000196   0x.... 0x....      BL       BUTTON_SetBmpFileName
    144              BUTTON_SetBmpFileName(button_z_stop.btnHandle, "bmp_z_stop.bin",1); 
   \   0000019A   0x2201             MOVS     R2,#+1
   \   0000019C   0x.... 0x....      ADR.W    R1,`?<Constant "bmp_z_stop.bin">`
   \   000001A0   0xF9B7 0x0018      LDRSH    R0,[R7, #+24]
   \   000001A4   0x.... 0x....      BL       BUTTON_SetBmpFileName
    145              BUTTON_SetBmpFileName(buttonRet.btnHandle, "bmp_back.bin",1);
   \   000001A8   0x2201             MOVS     R2,#+1
   \   000001AA   0x.... 0x....      ADR.W    R1,`?<Constant "bmp_back.bin">`
   \   000001AE   0xF9B6 0x0000      LDRSH    R0,[R6, #+0]
   \   000001B2   0x.... 0x....      BL       BUTTON_SetBmpFileName
    146              
    147          	BUTTON_SetBitmapEx(buttonZI.btnHandle, 0, &bmp_struct_140X90, BMP_PIC_X, BMP_PIC_Y);
   \   000001B6   0x.... 0x....      LDR.W    R9,??DataTable19_12
   \   000001BA   0x.... 0x....      LDR.W    R10,??DataTable19_13
   \   000001BE   0x.... 0x....      LDR.W    R11,??DataTable19_14
   \   000001C2   0xF99B 0x0000      LDRSB    R0,[R11, #+0]
   \   000001C6   0x9000             STR      R0,[SP, #+0]
   \   000001C8   0xF99A 0x3000      LDRSB    R3,[R10, #+0]
   \   000001CC   0x464A             MOV      R2,R9
   \   000001CE   0x2100             MOVS     R1,#+0
   \   000001D0   0xF9B8 0x0000      LDRSH    R0,[R8, #+0]
   \   000001D4   0x.... 0x....      BL       BUTTON_SetBitmapEx
    148          	BUTTON_SetBitmapEx(buttonZD.btnHandle, 0, &bmp_struct_140X90, BMP_PIC_X, BMP_PIC_Y);
   \   000001D8   0xF99B 0x0000      LDRSB    R0,[R11, #+0]
   \   000001DC   0x9000             STR      R0,[SP, #+0]
   \   000001DE   0xF99A 0x3000      LDRSB    R3,[R10, #+0]
   \   000001E2   0x464A             MOV      R2,R9
   \   000001E4   0x2100             MOVS     R1,#+0
   \   000001E6   0xF9B8 0x0018      LDRSH    R0,[R8, #+24]
   \   000001EA   0x.... 0x....      BL       BUTTON_SetBitmapEx
    149          	BUTTON_SetBitmapEx(buttonstep01.btnHandle, 0, &bmp_struct_140X90, BMP_PIC_X, BMP_PIC_Y);
   \   000001EE   0xF99B 0x0000      LDRSB    R0,[R11, #+0]
   \   000001F2   0x9000             STR      R0,[SP, #+0]
   \   000001F4   0xF99A 0x3000      LDRSB    R3,[R10, #+0]
   \   000001F8   0x464A             MOV      R2,R9
   \   000001FA   0x2100             MOVS     R1,#+0
   \   000001FC   0xF9B5 0x0004      LDRSH    R0,[R5, #+4]
   \   00000200   0x.... 0x....      BL       BUTTON_SetBitmapEx
    150          	BUTTON_SetBitmapEx(buttonstep1.btnHandle, 0, &bmp_struct_140X90, BMP_PIC_X, BMP_PIC_Y);
   \   00000204   0xF99B 0x0000      LDRSB    R0,[R11, #+0]
   \   00000208   0x9000             STR      R0,[SP, #+0]
   \   0000020A   0xF99A 0x3000      LDRSB    R3,[R10, #+0]
   \   0000020E   0x464A             MOV      R2,R9
   \   00000210   0x2100             MOVS     R1,#+0
   \   00000212   0xF9B5 0x001C      LDRSH    R0,[R5, #+28]
   \   00000216   0x.... 0x....      BL       BUTTON_SetBitmapEx
    151          	BUTTON_SetBitmapEx(buttonstep10.btnHandle, 0, &bmp_struct_140X90, BMP_PIC_X, BMP_PIC_Y);
   \   0000021A   0xF99B 0x0000      LDRSB    R0,[R11, #+0]
   \   0000021E   0x9000             STR      R0,[SP, #+0]
   \   00000220   0xF99A 0x3000      LDRSB    R3,[R10, #+0]
   \   00000224   0x464A             MOV      R2,R9
   \   00000226   0x2100             MOVS     R1,#+0
   \   00000228   0xF9B6 0x0018      LDRSH    R0,[R6, #+24]
   \   0000022C   0x.... 0x....      BL       BUTTON_SetBitmapEx
    152          	BUTTON_SetBitmapEx(button_z_home.btnHandle, 0, &bmp_struct_140X90, BMP_PIC_X, BMP_PIC_Y);
   \   00000230   0xF99B 0x0000      LDRSB    R0,[R11, #+0]
   \   00000234   0x9000             STR      R0,[SP, #+0]
   \   00000236   0xF99A 0x3000      LDRSB    R3,[R10, #+0]
   \   0000023A   0x464A             MOV      R2,R9
   \   0000023C   0x2100             MOVS     R1,#+0
   \   0000023E   0xF9B7 0x0000      LDRSH    R0,[R7, #+0]
   \   00000242   0x.... 0x....      BL       BUTTON_SetBitmapEx
    153          	BUTTON_SetBitmapEx(button_z_stop.btnHandle, 0, &bmp_struct_140X90, BMP_PIC_X, BMP_PIC_Y);
   \   00000246   0xF99B 0x0000      LDRSB    R0,[R11, #+0]
   \   0000024A   0x9000             STR      R0,[SP, #+0]
   \   0000024C   0xF99A 0x3000      LDRSB    R3,[R10, #+0]
   \   00000250   0x464A             MOV      R2,R9
   \   00000252   0x2100             MOVS     R1,#+0
   \   00000254   0xF9B7 0x0018      LDRSH    R0,[R7, #+24]
   \   00000258   0x.... 0x....      BL       BUTTON_SetBitmapEx
    154          	BUTTON_SetBitmapEx(buttonRet.btnHandle, 0, &bmp_struct_140X90, BMP_PIC_X, BMP_PIC_Y); 
   \   0000025C   0xF99B 0x0000      LDRSB    R0,[R11, #+0]
   \   00000260   0x9000             STR      R0,[SP, #+0]
   \   00000262   0xF99A 0x3000      LDRSB    R3,[R10, #+0]
   \   00000266   0x464A             MOV      R2,R9
   \   00000268   0x2100             MOVS     R1,#+0
   \   0000026A   0xF9B6 0x0000      LDRSH    R0,[R6, #+0]
   \   0000026E   0x.... 0x....      BL       BUTTON_SetBitmapEx
    155          
    156          	BUTTON_SetBkColor(buttonZI.btnHandle, BUTTON_CI_PRESSED, gCfgItems.btn_color);
   \   00000272   0x68A2             LDR      R2,[R4, #+8]
   \   00000274   0x2101             MOVS     R1,#+1
   \   00000276   0xF9B8 0x0000      LDRSH    R0,[R8, #+0]
   \   0000027A   0x.... 0x....      BL       BUTTON_SetBkColor
    157          	BUTTON_SetBkColor(buttonZI.btnHandle, BUTTON_CI_UNPRESSED, gCfgItems.btn_color);
   \   0000027E   0x68A2             LDR      R2,[R4, #+8]
   \   00000280   0x2100             MOVS     R1,#+0
   \   00000282   0xF9B8 0x0000      LDRSH    R0,[R8, #+0]
   \   00000286   0x.... 0x....      BL       BUTTON_SetBkColor
    158          	BUTTON_SetTextColor(buttonZI.btnHandle, BUTTON_CI_PRESSED, gCfgItems.btn_textcolor);
   \   0000028A   0x6922             LDR      R2,[R4, #+16]
   \   0000028C   0x2101             MOVS     R1,#+1
   \   0000028E   0xF9B8 0x0000      LDRSH    R0,[R8, #+0]
   \   00000292   0x.... 0x....      BL       BUTTON_SetTextColor
    159          	BUTTON_SetTextColor(buttonZI.btnHandle, BUTTON_CI_UNPRESSED, gCfgItems.btn_textcolor);
   \   00000296   0x6922             LDR      R2,[R4, #+16]
   \   00000298   0x2100             MOVS     R1,#+0
   \   0000029A   0xF9B8 0x0000      LDRSH    R0,[R8, #+0]
   \   0000029E   0x.... 0x....      BL       BUTTON_SetTextColor
    160          
    161          	BUTTON_SetBkColor(buttonZD.btnHandle, BUTTON_CI_PRESSED, gCfgItems.btn_color);
   \   000002A2   0x68A2             LDR      R2,[R4, #+8]
   \   000002A4   0x2101             MOVS     R1,#+1
   \   000002A6   0xF9B8 0x0018      LDRSH    R0,[R8, #+24]
   \   000002AA   0x.... 0x....      BL       BUTTON_SetBkColor
    162          	BUTTON_SetBkColor(buttonZD.btnHandle, BUTTON_CI_UNPRESSED, gCfgItems.btn_color);
   \   000002AE   0x68A2             LDR      R2,[R4, #+8]
   \   000002B0   0x2100             MOVS     R1,#+0
   \   000002B2   0xF9B8 0x0018      LDRSH    R0,[R8, #+24]
   \   000002B6   0x.... 0x....      BL       BUTTON_SetBkColor
    163          	BUTTON_SetTextColor(buttonZD.btnHandle, BUTTON_CI_PRESSED, gCfgItems.btn_textcolor);
   \   000002BA   0x6922             LDR      R2,[R4, #+16]
   \   000002BC   0x2101             MOVS     R1,#+1
   \   000002BE   0xF9B8 0x0018      LDRSH    R0,[R8, #+24]
   \   000002C2   0x.... 0x....      BL       BUTTON_SetTextColor
    164          	BUTTON_SetTextColor(buttonZD.btnHandle, BUTTON_CI_UNPRESSED, gCfgItems.btn_textcolor);
   \   000002C6   0x6922             LDR      R2,[R4, #+16]
   \   000002C8   0x2100             MOVS     R1,#+0
   \   000002CA   0xF9B8 0x0018      LDRSH    R0,[R8, #+24]
   \   000002CE   0x.... 0x....      BL       BUTTON_SetTextColor
    165          
    166          	BUTTON_SetBkColor(buttonstep01.btnHandle, BUTTON_CI_PRESSED, gCfgItems.btn_color);
   \   000002D2   0x68A2             LDR      R2,[R4, #+8]
   \   000002D4   0x2101             MOVS     R1,#+1
   \   000002D6   0xF9B5 0x0004      LDRSH    R0,[R5, #+4]
   \   000002DA   0x.... 0x....      BL       BUTTON_SetBkColor
    167          	BUTTON_SetBkColor(buttonstep01.btnHandle, BUTTON_CI_UNPRESSED, gCfgItems.btn_color);
   \   000002DE   0x68A2             LDR      R2,[R4, #+8]
   \   000002E0   0x2100             MOVS     R1,#+0
   \   000002E2   0xF9B5 0x0004      LDRSH    R0,[R5, #+4]
   \   000002E6   0x.... 0x....      BL       BUTTON_SetBkColor
    168          	BUTTON_SetTextColor(buttonstep01.btnHandle, BUTTON_CI_PRESSED, gCfgItems.btn_textcolor);
   \   000002EA   0x6922             LDR      R2,[R4, #+16]
   \   000002EC   0x2101             MOVS     R1,#+1
   \   000002EE   0xF9B5 0x0004      LDRSH    R0,[R5, #+4]
   \   000002F2   0x.... 0x....      BL       BUTTON_SetTextColor
    169          	BUTTON_SetTextColor(buttonstep01.btnHandle, BUTTON_CI_UNPRESSED, gCfgItems.btn_textcolor);
   \   000002F6   0x6922             LDR      R2,[R4, #+16]
   \   000002F8   0x2100             MOVS     R1,#+0
   \   000002FA   0xF9B5 0x0004      LDRSH    R0,[R5, #+4]
   \   000002FE   0x.... 0x....      BL       BUTTON_SetTextColor
    170          
    171          	BUTTON_SetBkColor(buttonstep1.btnHandle, BUTTON_CI_PRESSED, gCfgItems.btn_color);
   \   00000302   0x68A2             LDR      R2,[R4, #+8]
   \   00000304   0x2101             MOVS     R1,#+1
   \   00000306   0xF9B5 0x001C      LDRSH    R0,[R5, #+28]
   \   0000030A   0x.... 0x....      BL       BUTTON_SetBkColor
    172          	BUTTON_SetBkColor(buttonstep1.btnHandle, BUTTON_CI_UNPRESSED, gCfgItems.btn_color);
   \   0000030E   0x68A2             LDR      R2,[R4, #+8]
   \   00000310   0x2100             MOVS     R1,#+0
   \   00000312   0xF9B5 0x001C      LDRSH    R0,[R5, #+28]
   \   00000316   0x.... 0x....      BL       BUTTON_SetBkColor
    173          	BUTTON_SetTextColor(buttonstep1.btnHandle, BUTTON_CI_PRESSED, gCfgItems.btn_textcolor);
   \   0000031A   0x6922             LDR      R2,[R4, #+16]
   \   0000031C   0x2101             MOVS     R1,#+1
   \   0000031E   0xF9B5 0x001C      LDRSH    R0,[R5, #+28]
   \   00000322   0x.... 0x....      BL       BUTTON_SetTextColor
    174          	BUTTON_SetTextColor(buttonstep1.btnHandle, BUTTON_CI_UNPRESSED, gCfgItems.btn_textcolor);
   \   00000326   0x6922             LDR      R2,[R4, #+16]
   \   00000328   0x2100             MOVS     R1,#+0
   \   0000032A   0xF9B5 0x001C      LDRSH    R0,[R5, #+28]
   \   0000032E   0x.... 0x....      BL       BUTTON_SetTextColor
    175          
    176          	BUTTON_SetBkColor(buttonstep10.btnHandle, BUTTON_CI_PRESSED, gCfgItems.btn_color);
   \   00000332   0x68A2             LDR      R2,[R4, #+8]
   \   00000334   0x2101             MOVS     R1,#+1
   \   00000336   0xF9B6 0x0018      LDRSH    R0,[R6, #+24]
   \   0000033A   0x.... 0x....      BL       BUTTON_SetBkColor
    177          	BUTTON_SetBkColor(buttonstep10.btnHandle, BUTTON_CI_UNPRESSED, gCfgItems.btn_color);
   \   0000033E   0x68A2             LDR      R2,[R4, #+8]
   \   00000340   0x2100             MOVS     R1,#+0
   \   00000342   0xF9B6 0x0018      LDRSH    R0,[R6, #+24]
   \   00000346   0x.... 0x....      BL       BUTTON_SetBkColor
    178          	BUTTON_SetTextColor(buttonstep10.btnHandle, BUTTON_CI_PRESSED, gCfgItems.btn_textcolor);
   \   0000034A   0x6922             LDR      R2,[R4, #+16]
   \   0000034C   0x2101             MOVS     R1,#+1
   \   0000034E   0xF9B6 0x0018      LDRSH    R0,[R6, #+24]
   \   00000352   0x.... 0x....      BL       BUTTON_SetTextColor
    179          	BUTTON_SetTextColor(buttonstep10.btnHandle, BUTTON_CI_UNPRESSED, gCfgItems.btn_textcolor);
   \   00000356   0x6922             LDR      R2,[R4, #+16]
   \   00000358   0x2100             MOVS     R1,#+0
   \   0000035A   0xF9B6 0x0018      LDRSH    R0,[R6, #+24]
   \   0000035E   0x.... 0x....      BL       BUTTON_SetTextColor
    180          
    181          	BUTTON_SetBkColor(button_z_home.btnHandle, BUTTON_CI_PRESSED, gCfgItems.btn_color);
   \   00000362   0x68A2             LDR      R2,[R4, #+8]
   \   00000364   0x2101             MOVS     R1,#+1
   \   00000366   0xF9B7 0x0000      LDRSH    R0,[R7, #+0]
   \   0000036A   0x.... 0x....      BL       BUTTON_SetBkColor
    182          	BUTTON_SetBkColor(button_z_home.btnHandle, BUTTON_CI_UNPRESSED, gCfgItems.btn_color);
   \   0000036E   0x68A2             LDR      R2,[R4, #+8]
   \   00000370   0x2100             MOVS     R1,#+0
   \   00000372   0xF9B7 0x0000      LDRSH    R0,[R7, #+0]
   \   00000376   0x.... 0x....      BL       BUTTON_SetBkColor
    183          	BUTTON_SetTextColor(button_z_home.btnHandle, BUTTON_CI_PRESSED, gCfgItems.btn_textcolor);
   \   0000037A   0x6922             LDR      R2,[R4, #+16]
   \   0000037C   0x2101             MOVS     R1,#+1
   \   0000037E   0xF9B7 0x0000      LDRSH    R0,[R7, #+0]
   \   00000382   0x.... 0x....      BL       BUTTON_SetTextColor
    184          	BUTTON_SetTextColor(button_z_home.btnHandle, BUTTON_CI_UNPRESSED, gCfgItems.btn_textcolor);
   \   00000386   0x6922             LDR      R2,[R4, #+16]
   \   00000388   0x2100             MOVS     R1,#+0
   \   0000038A   0xF9B7 0x0000      LDRSH    R0,[R7, #+0]
   \   0000038E   0x.... 0x....      BL       BUTTON_SetTextColor
    185          
    186          	BUTTON_SetBkColor(button_z_stop.btnHandle, BUTTON_CI_PRESSED, gCfgItems.btn_color);
   \   00000392   0x68A2             LDR      R2,[R4, #+8]
   \   00000394   0x2101             MOVS     R1,#+1
   \   00000396   0xF9B7 0x0018      LDRSH    R0,[R7, #+24]
   \   0000039A   0x.... 0x....      BL       BUTTON_SetBkColor
    187          	BUTTON_SetBkColor(button_z_stop.btnHandle, BUTTON_CI_UNPRESSED, gCfgItems.btn_color);
   \   0000039E   0x68A2             LDR      R2,[R4, #+8]
   \   000003A0   0x2100             MOVS     R1,#+0
   \   000003A2   0xF9B7 0x0018      LDRSH    R0,[R7, #+24]
   \   000003A6   0x.... 0x....      BL       BUTTON_SetBkColor
    188          	BUTTON_SetTextColor(button_z_stop.btnHandle, BUTTON_CI_PRESSED, gCfgItems.btn_textcolor);
   \   000003AA   0x6922             LDR      R2,[R4, #+16]
   \   000003AC   0x2101             MOVS     R1,#+1
   \   000003AE   0xF9B7 0x0018      LDRSH    R0,[R7, #+24]
   \   000003B2   0x.... 0x....      BL       BUTTON_SetTextColor
    189          	BUTTON_SetTextColor(button_z_stop.btnHandle, BUTTON_CI_UNPRESSED, gCfgItems.btn_textcolor);
   \   000003B6   0x6922             LDR      R2,[R4, #+16]
   \   000003B8   0x2100             MOVS     R1,#+0
   \   000003BA   0xF9B7 0x0018      LDRSH    R0,[R7, #+24]
   \   000003BE   0x.... 0x....      BL       BUTTON_SetTextColor
    190          
    191          	BUTTON_SetBkColor(buttonRet.btnHandle, BUTTON_CI_PRESSED, gCfgItems.btn_color);
   \   000003C2   0x68A2             LDR      R2,[R4, #+8]
   \   000003C4   0x2101             MOVS     R1,#+1
   \   000003C6   0xF9B6 0x0000      LDRSH    R0,[R6, #+0]
   \   000003CA   0x.... 0x....      BL       BUTTON_SetBkColor
    192          	BUTTON_SetBkColor(buttonRet.btnHandle, BUTTON_CI_UNPRESSED, gCfgItems.btn_color);
   \   000003CE   0x68A2             LDR      R2,[R4, #+8]
   \   000003D0   0x2100             MOVS     R1,#+0
   \   000003D2   0xF9B6 0x0000      LDRSH    R0,[R6, #+0]
   \   000003D6   0x.... 0x....      BL       BUTTON_SetBkColor
    193          	BUTTON_SetTextColor(buttonRet.btnHandle, BUTTON_CI_PRESSED, gCfgItems.btn_textcolor);
   \   000003DA   0x6922             LDR      R2,[R4, #+16]
   \   000003DC   0x2101             MOVS     R1,#+1
   \   000003DE   0xF9B6 0x0000      LDRSH    R0,[R6, #+0]
   \   000003E2   0x.... 0x....      BL       BUTTON_SetTextColor
    194          	BUTTON_SetTextColor(buttonRet.btnHandle, BUTTON_CI_UNPRESSED, gCfgItems.btn_textcolor);  
   \   000003E6   0x6922             LDR      R2,[R4, #+16]
   \   000003E8   0x2100             MOVS     R1,#+0
   \   000003EA   0xF9B6 0x0000      LDRSH    R0,[R6, #+0]
   \   000003EE   0x.... 0x....      BL       BUTTON_SetTextColor
    195          
    196              disp_move_dist();
   \   000003F2   0xB005             ADD      SP,SP,#+20
   \   000003F4   0xE8BD 0x4FF0      POP      {R4-R11,LR}
   \   000003F8                      REQUIRE disp_move_dist
   \   000003F8                      ;; // Fall through to label disp_move_dist
    197          	
    198          }
    199          

   \                                 In section .text, align 2, keep-with-next
    200          void disp_move_dist()
    201          {
   \                     disp_move_dist: (+1)
   \   00000000   0xB510             PUSH     {R4,LR}
    202          	char buf[30] = {0};
                 	     ^
Warning[Pe177]: variable "buf" was declared but never referenced

  static BUTTON_STRUCT buttonZI, buttonZD, buttonV,  buttonRet;
                                           ^
"E:\DLP_Proj\DLP_source\branches\DLP_opensource\User\ui\draw_move_motor.cpp",17  Warning[Pe177]: 
          variable "buttonV" was declared but never referenced

      			sprintf(buf, "G1 Z%3.1f F%d\n",gCfgItems.move_dist, gCfgItems.moveSpeed);
      			^
"E:\DLP_Proj\DLP_source\branches\DLP_opensource\User\ui\draw_move_motor.cpp",75  Warning[Pa082]: 
          undefined behavior: the order of volatile accesses is undefined in
          this statement

      			sprintf(buf, "G1 Z-%3.1f F%d\n",gCfgItems.move_dist, gCfgItems.moveSpeed);
      			^
"E:\DLP_Proj\DLP_source\branches\DLP_opensource\User\ui\draw_move_motor.cpp",82  Warning[Pa082]: 
          undefined behavior: the order of volatile accesses is undefined in
          this statement
    203          		
    204          	if((int)(10 * gCfgItems.move_dist) == 1)
   \   00000002   0xEEB2 0x0A04      VMOV.F32 S0,#10.0
   \   00000006   0x....             LDR.N    R0,??DataTable19_1
   \   00000008   0xEDD0 0x0A35      VLDR     S1,[R0, #+212]
   \   0000000C   0xEE60 0x0A80      VMUL.F32 S1,S1,S0
   \   00000010   0xEEFD 0x0AE0      VCVT.S32.F32 S1,S1
   \   00000014   0xEE10 0x1A90      VMOV     R1,S1
   \   00000018   0x2901             CMP      R1,#+1
   \   0000001A   0xD118             BNE.N    ??disp_move_dist_0
    205          	{
    206          		BUTTON_SetBmpFileName(buttonstep01.btnHandle, "bmp_step_move0_1_sel.bin",1);
   \   0000001C   0x....             LDR.N    R4,??DataTable19
   \   0000001E   0x2201             MOVS     R2,#+1
   \   00000020   0x.... 0x....      ADR.W    R1,`?<Constant "bmp_step_move0_1_sel.bin">`
   \   00000024   0xF9B4 0x0004      LDRSH    R0,[R4, #+4]
   \   00000028   0x.... 0x....      BL       BUTTON_SetBmpFileName
    207                  BUTTON_SetBmpFileName(buttonstep1.btnHandle, "bmp_step_move1.bin",1);
   \   0000002C   0x2201             MOVS     R2,#+1
   \   0000002E   0x.... 0x....      ADR.W    R1,`?<Constant "bmp_step_move1.bin">`
   \   00000032   0xF9B4 0x001C      LDRSH    R0,[R4, #+28]
   \   00000036   0x.... 0x....      BL       BUTTON_SetBmpFileName
    208                  BUTTON_SetBmpFileName(buttonstep10.btnHandle, "bmp_step_move10.bin",1);
   \   0000003A   0x2201             MOVS     R2,#+1
   \   0000003C   0x.... 0x....      ADR.W    R1,`?<Constant "bmp_step_move10.bin">`
   \   00000040   0x....             LDR.N    R0,??DataTable19_3
   \   00000042   0xF9B0 0x0018      LDRSH    R0,[R0, #+24]
   \   00000046   0xE8BD 0x4010      POP      {R4,LR}
   \   0000004A   0x.... 0x....      B.W      BUTTON_SetBmpFileName
    209          	}
    210          	else if((int)(10 * gCfgItems.move_dist) == 10)
   \                     ??disp_move_dist_0: (+1)
   \   0000004E   0xEDD0 0x0A35      VLDR     S1,[R0, #+212]
   \   00000052   0xEE60 0x0A80      VMUL.F32 S1,S1,S0
   \   00000056   0xEEFD 0x0AE0      VCVT.S32.F32 S1,S1
   \   0000005A   0xEE10 0x1A90      VMOV     R1,S1
   \   0000005E   0x290A             CMP      R1,#+10
   \   00000060   0xD118             BNE.N    ??disp_move_dist_1
    211          	{
    212          		BUTTON_SetBmpFileName(buttonstep01.btnHandle, "bmp_step_move0_1.bin",1);
   \   00000062   0x....             LDR.N    R4,??DataTable19
   \   00000064   0x2201             MOVS     R2,#+1
   \   00000066   0x.... 0x....      ADR.W    R1,`?<Constant "bmp_step_move0_1.bin">`
   \   0000006A   0xF9B4 0x0004      LDRSH    R0,[R4, #+4]
   \   0000006E   0x.... 0x....      BL       BUTTON_SetBmpFileName
    213                  BUTTON_SetBmpFileName(buttonstep1.btnHandle, "bmp_step_move1_sel.bin",1);
   \   00000072   0x2201             MOVS     R2,#+1
   \   00000074   0x.... 0x....      ADR.W    R1,`?<Constant "bmp_step_move1_sel.bin">`
   \   00000078   0xF9B4 0x001C      LDRSH    R0,[R4, #+28]
   \   0000007C   0x.... 0x....      BL       BUTTON_SetBmpFileName
    214                  BUTTON_SetBmpFileName(buttonstep10.btnHandle, "bmp_step_move10.bin",1);
   \   00000080   0x2201             MOVS     R2,#+1
   \   00000082   0x.... 0x....      ADR.W    R1,`?<Constant "bmp_step_move10.bin">`
   \   00000086   0x....             LDR.N    R0,??DataTable19_3
   \   00000088   0xF9B0 0x0018      LDRSH    R0,[R0, #+24]
   \   0000008C   0xE8BD 0x4010      POP      {R4,LR}
   \   00000090   0x.... 0x....      B.W      BUTTON_SetBmpFileName
    215          	}
    216          	else if((int)(10 * gCfgItems.move_dist) == 100)
   \                     ??disp_move_dist_1: (+1)
   \   00000094   0xEDD0 0x0A35      VLDR     S1,[R0, #+212]
   \   00000098   0xEE20 0x0A80      VMUL.F32 S0,S1,S0
   \   0000009C   0xEEBD 0x0AC0      VCVT.S32.F32 S0,S0
   \   000000A0   0xEE10 0x0A10      VMOV     R0,S0
   \   000000A4   0x2864             CMP      R0,#+100
   \   000000A6   0xD118             BNE.N    ??disp_move_dist_2
    217          	{
    218          	    BUTTON_SetBmpFileName(buttonstep01.btnHandle, "bmp_step_move0_1.bin",1);
   \   000000A8   0x....             LDR.N    R4,??DataTable19
   \   000000AA   0x2201             MOVS     R2,#+1
   \   000000AC   0x.... 0x....      ADR.W    R1,`?<Constant "bmp_step_move0_1.bin">`
   \   000000B0   0xF9B4 0x0004      LDRSH    R0,[R4, #+4]
   \   000000B4   0x.... 0x....      BL       BUTTON_SetBmpFileName
    219          	    BUTTON_SetBmpFileName(buttonstep1.btnHandle, "bmp_step_move1.bin",1);
   \   000000B8   0x2201             MOVS     R2,#+1
   \   000000BA   0x.... 0x....      ADR.W    R1,`?<Constant "bmp_step_move1.bin">`
   \   000000BE   0xF9B4 0x001C      LDRSH    R0,[R4, #+28]
   \   000000C2   0x.... 0x....      BL       BUTTON_SetBmpFileName
    220          		BUTTON_SetBmpFileName(buttonstep10.btnHandle, "bmp_step_move10_sel.bin",1);
   \   000000C6   0x2201             MOVS     R2,#+1
   \   000000C8   0x.... 0x....      ADR.W    R1,`?<Constant "bmp_step_move10_sel.bin">`
   \   000000CC   0x....             LDR.N    R0,??DataTable19_3
   \   000000CE   0xF9B0 0x0018      LDRSH    R0,[R0, #+24]
   \   000000D2   0xE8BD 0x4010      POP      {R4,LR}
   \   000000D6   0x.... 0x....      B.W      BUTTON_SetBmpFileName
    221          	}
    222          		
    223          	
    224          }
   \                     ??disp_move_dist_2: (+1)
   \   000000DA   0xBD10             POP      {R4,PC}          ;; return
    225          

   \                                 In section .text, align 2, keep-with-next
    226          void Clear_move_motor()
    227          {
   \                     Clear_move_motor: (+1)
   \   00000000   0xB510             PUSH     {R4,LR}
    228          	GUI_SetBkColor(gCfgItems.background_color);
   \   00000002   0x....             LDR.N    R0,??DataTable19_1
   \   00000004   0x6840             LDR      R0,[R0, #+4]
   \   00000006   0x.... 0x....      BL       GUI_SetBkColor
    229          	if(WM_IsWindow(hMoveMotorWnd))
   \   0000000A   0x....             LDR.N    R4,??DataTable19
   \   0000000C   0xF9B4 0x0000      LDRSH    R0,[R4, #+0]
   \   00000010   0x.... 0x....      BL       WM_IsWindow
   \   00000014   0x2800             CMP      R0,#+0
   \   00000016   0xD005             BEQ.N    ??Clear_move_motor_0
    230          	{
    231          		WM_DeleteWindow(hMoveMotorWnd);
   \   00000018   0xF9B4 0x0000      LDRSH    R0,[R4, #+0]
   \   0000001C   0xE8BD 0x4010      POP      {R4,LR}
   \   00000020   0x.... 0x....      B.W      WM_DeleteWindow
    232          		//GUI_Exec();
    233          	}
    234          	
    235          	//GUI_Clear();
    236          }
   \                     ??Clear_move_motor_0: (+1)
   \   00000024   0xBD10             POP      {R4,PC}          ;; return

   \                                 In section .text, align 4, keep-with-next
   \                     ??DataTable17:
   \   00000000   0x47 0x39          DC8      "G91"
   \              0x31 0x00    

   \                                 In section .text, align 4, keep-with-next
   \                     ??DataTable17_1:
   \   00000000   0x47 0x39          DC8      "G90"
   \              0x30 0x00    

   \                                 In section .text, align 4, keep-with-next
   \                     ??DataTable19:
   \   00000000   0x........         DC32     hMoveMotorWnd

   \                                 In section .text, align 4, keep-with-next
   \                     ??DataTable19_1:
   \   00000000   0x........         DC32     gCfgItems

   \                                 In section .text, align 4, keep-with-next
   \                     ??DataTable19_2:
   \   00000000   0x3DCCCCCD         DC32     0x3dcccccd

   \                                 In section .text, align 4, keep-with-next
   \                     ??DataTable19_3:
   \   00000000   0x........         DC32     buttonRet

   \                                 In section .text, align 4, keep-with-next
   \                     ??DataTable19_4:
   \   00000000   0x41200000         DC32     0x41200000

   \                                 In section .text, align 4, keep-with-next
   \                     ??DataTable19_5:
   \   00000000   0x........         DC32     buttonZI

   \                                 In section .text, align 4, keep-with-next
   \                     ??DataTable19_6:
   \   00000000   0x........         DC32     last_disp_state

   \                                 In section .text, align 4, keep-with-next
   \                     ??DataTable19_7:
   \   00000000   0x........         DC32     button_z_home

   \                                 In section .text, align 4, keep-with-next
   \                     ??DataTable19_8:
   \   00000000   0x........         DC32     mksdlp

   \                                 In section .text, align 4, keep-with-next
   \                     ??DataTable19_9:
   \   00000000   0x........         DC32     disp_state_stack

   \                                 In section .text, align 4, keep-with-next
   \                     ??DataTable19_10:
   \   00000000   0x........         DC32     disp_state

   \                                 In section .text, align 4, keep-with-next
   \                     ??DataTable19_11:
   \   00000000   0x........         DC32     _Z14cbMoveMotorWinP10WM_MESSAGE

   \                                 In section .text, align 4, keep-with-next
   \                     ??DataTable19_12:
   \   00000000   0x........         DC32     bmp_struct_140X90

   \                                 In section .text, align 4, keep-with-next
   \                     ??DataTable19_13:
   \   00000000   0x........         DC32     BMP_PIC_X

   \                                 In section .text, align 4, keep-with-next
   \                     ??DataTable19_14:
   \   00000000   0x........         DC32     BMP_PIC_Y

   \                                 In section .text, align 4, keep-with-next
   \                     `?<Constant "G1 Z%3.1f F%d\\n">`:
   \   00000000   0x47 0x31          DC8 "G1 Z%3.1f F%d\012"
   \              0x20 0x5A    
   \              0x25 0x33    
   \              0x2E 0x31    
   \              0x66 0x20    
   \              0x46 0x25    
   \              0x64 0x0A    
   \              0x00         
   \   0000000F   0x00               DC8 0

   \                                 In section .text, align 4, keep-with-next
   \                     `?<Constant "G1 Z-%3.1f F%d\\n">`:
   \   00000000   0x47 0x31          DC8 "G1 Z-%3.1f F%d\012"
   \              0x20 0x5A    
   \              0x2D 0x25    
   \              0x33 0x2E    
   \              0x31 0x66    
   \              0x20 0x46    
   \              0x25 0x64    
   \              0x0A 0x00    

   \                                 In section .text, align 4, keep-with-next
   \                     `?<Constant "G28 Z0">`:
   \   00000000   0x47 0x32          DC8 "G28 Z0"
   \              0x38 0x20    
   \              0x5A 0x30    
   \              0x00         
   \   00000007   0x00               DC8 0

   \                                 In section .text, align 4, keep-with-next
   \                     `?<Constant "bmp_zAdd.bin">`:
   \   00000000   0x62 0x6D          DC8 "bmp_zAdd.bin"
   \              0x70 0x5F    
   \              0x7A 0x41    
   \              0x64 0x64    
   \              0x2E 0x62    
   \              0x69 0x6E    
   \              0x00         
   \   0000000D   0x00 0x00          DC8 0, 0, 0
   \              0x00         

   \                                 In section .text, align 4, keep-with-next
   \                     `?<Constant "bmp_zDec.bin">`:
   \   00000000   0x62 0x6D          DC8 "bmp_zDec.bin"
   \              0x70 0x5F    
   \              0x7A 0x44    
   \              0x65 0x63    
   \              0x2E 0x62    
   \              0x69 0x6E    
   \              0x00         
   \   0000000D   0x00 0x00          DC8 0, 0, 0
   \              0x00         

   \                                 In section .text, align 4, keep-with-next
   \                     `?<Constant "bmp_z_home.bin">`:
   \   00000000   0x62 0x6D          DC8 "bmp_z_home.bin"
   \              0x70 0x5F    
   \              0x7A 0x5F    
   \              0x68 0x6F    
   \              0x6D 0x65    
   \              0x2E 0x62    
   \              0x69 0x6E    
   \              0x00         
   \   0000000F   0x00               DC8 0

   \                                 In section .text, align 4, keep-with-next
   \                     `?<Constant "bmp_z_stop.bin">`:
   \   00000000   0x62 0x6D          DC8 "bmp_z_stop.bin"
   \              0x70 0x5F    
   \              0x7A 0x5F    
   \              0x73 0x74    
   \              0x6F 0x70    
   \              0x2E 0x62    
   \              0x69 0x6E    
   \              0x00         
   \   0000000F   0x00               DC8 0

   \                                 In section .text, align 4, keep-with-next
   \                     `?<Constant "bmp_back.bin">`:
   \   00000000   0x62 0x6D          DC8 "bmp_back.bin"
   \              0x70 0x5F    
   \              0x62 0x61    
   \              0x63 0x6B    
   \              0x2E 0x62    
   \              0x69 0x6E    
   \              0x00         
   \   0000000D   0x00 0x00          DC8 0, 0, 0
   \              0x00         

   \                                 In section .text, align 4, keep-with-next
   \                     `?<Constant "bmp_step_move0_1_sel.bin">`:
   \   00000000   0x62 0x6D          DC8 "bmp_step_move0_1_sel.bin"
   \              0x70 0x5F    
   \              0x73 0x74    
   \              0x65 0x70    
   \              0x5F 0x6D    
   \              0x6F 0x76    
   \              0x65 0x30    
   \              0x5F 0x31    
   \              0x5F 0x73    
   \              0x65 0x6C    
   \              0x2E 0x62    
   \              0x69 0x6E    
   \              0x00         
   \   00000019   0x00 0x00          DC8 0, 0, 0
   \              0x00         

   \                                 In section .text, align 4, keep-with-next
   \                     `?<Constant "bmp_step_move1.bin">`:
   \   00000000   0x62 0x6D          DC8 "bmp_step_move1.bin"
   \              0x70 0x5F    
   \              0x73 0x74    
   \              0x65 0x70    
   \              0x5F 0x6D    
   \              0x6F 0x76    
   \              0x65 0x31    
   \              0x2E 0x62    
   \              0x69 0x6E    
   \              0x00         
   \   00000013   0x00               DC8 0

   \                                 In section .text, align 4, keep-with-next
   \                     `?<Constant "bmp_step_move10.bin">`:
   \   00000000   0x62 0x6D          DC8 "bmp_step_move10.bin"
   \              0x70 0x5F    
   \              0x73 0x74    
   \              0x65 0x70    
   \              0x5F 0x6D    
   \              0x6F 0x76    
   \              0x65 0x31    
   \              0x30 0x2E    
   \              0x62 0x69    
   \              0x6E 0x00    

   \                                 In section .text, align 4, keep-with-next
   \                     `?<Constant "bmp_step_move0_1.bin">`:
   \   00000000   0x62 0x6D          DC8 "bmp_step_move0_1.bin"
   \              0x70 0x5F    
   \              0x73 0x74    
   \              0x65 0x70    
   \              0x5F 0x6D    
   \              0x6F 0x76    
   \              0x65 0x30    
   \              0x5F 0x31    
   \              0x2E 0x62    
   \              0x69 0x6E    
   \              0x00         
   \   00000015   0x00 0x00          DC8 0, 0, 0
   \              0x00         

   \                                 In section .text, align 4, keep-with-next
   \                     `?<Constant "bmp_step_move1_sel.bin">`:
   \   00000000   0x62 0x6D          DC8 "bmp_step_move1_sel.bin"
   \              0x70 0x5F    
   \              0x73 0x74    
   \              0x65 0x70    
   \              0x5F 0x6D    
   \              0x6F 0x76    
   \              0x65 0x31    
   \              0x5F 0x73    
   \              0x65 0x6C    
   \              0x2E 0x62    
   \              0x69 0x6E    
   \              0x00         
   \   00000017   0x00               DC8 0

   \                                 In section .text, align 4, keep-with-next
   \                     `?<Constant "bmp_step_move10_sel.bin">`:
   \   00000000   0x62 0x6D          DC8 "bmp_step_move10_sel.bin"
   \              0x70 0x5F    
   \              0x73 0x74    
   \              0x65 0x70    
   \              0x5F 0x6D    
   \              0x6F 0x76    
   \              0x65 0x31    
   \              0x30 0x5F    
   \              0x73 0x65    
   \              0x6C 0x2E    
   \              0x62 0x69    
   \              0x6E 0x00    

   \                                 In section .rodata, align 4, keep-with-next
   \                     `?<Constant {'\\000'}>`:
   \   00000000   0x00 0x00          DC8 0, 0, 0, 0, 0, 0, 0, 0, 0, 0, 0, 0, 0, 0, 0, 0, 0
   \              0x00 0x00    
   \              0x00 0x00    
   \              0x00 0x00    
   \              0x00 0x00    
   \              0x00 0x00    
   \              0x00 0x00    
   \              0x00 0x00    
   \              0x00         
   \   00000011   0x00 0x00          DC8 0, 0, 0, 0, 0, 0, 0, 0, 0, 0, 0, 0, 0, 0, 0
   \              0x00 0x00    
   \              0x00 0x00    
   \              0x00 0x00    
   \              0x00 0x00    
   \              0x00 0x00    
   \              0x00 0x00    
   \              0x00         

   \                                 In section .rodata, align 4, keep-with-next
   \                     `?<Constant "G91">`:
   \   00000000   0x47 0x39          DC8 "G91"
   \              0x31 0x00    

   \                                 In section .rodata, align 4, keep-with-next
   \                     `?<Constant "G90">`:
   \   00000000   0x47 0x39          DC8 "G90"
   \              0x30 0x00    
    237          

   Maximum stack usage in bytes:

   .cstack Function
   ------- --------
       8   Clear_move_motor
         8   -> GUI_SetBkColor
         0   -> WM_DeleteWindow
         8   -> WM_IsWindow
      48   cbMoveMotorWin(WM_MESSAGE *)
        48   -> Clear_move_motor
        48   -> MKS_DLP::quick_stop()
        48   -> WM_DefaultProc
        48   -> __aeabi_f2d
        48   -> __aeabi_memclr4
        48   -> disp_move_dist
        48   -> draw_return_ui
        48   -> enqueue_and_echo_commands_P(char const *)
        48   -> sprintf
       8   disp_move_dist
         0   -> BUTTON_SetBmpFileName
         8   -> BUTTON_SetBmpFileName
      56   draw_move_motor
        56   -> BUTTON_CreateEx
        56   -> BUTTON_SetBitmapEx
        56   -> BUTTON_SetBkColor
        56   -> BUTTON_SetBmpFileName
        56   -> BUTTON_SetTextColor
        56   -> GUI_Clear
        56   -> GUI_SetBkColor
        56   -> GUI_SetColor
        56   -> WM_CreateWindow
         0   -> disp_move_dist


   Section sizes:

   Bytes  Function/Label
   -----  --------------
      16  ?<Constant "G1 Z%3.1f F%d\n">
      16  ?<Constant "G1 Z-%3.1f F%d\n">
       8  ?<Constant "G28 Z0">
       4  ?<Constant "G90">
       4  ?<Constant "G91">
      16  ?<Constant "bmp_back.bin">
      24  ?<Constant "bmp_step_move0_1.bin">
      28  ?<Constant "bmp_step_move0_1_sel.bin">
      20  ?<Constant "bmp_step_move1.bin">
      20  ?<Constant "bmp_step_move10.bin">
      24  ?<Constant "bmp_step_move10_sel.bin">
      24  ?<Constant "bmp_step_move1_sel.bin">
      16  ?<Constant "bmp_zAdd.bin">
      16  ?<Constant "bmp_zDec.bin">
      16  ?<Constant "bmp_z_home.bin">
      16  ?<Constant "bmp_z_stop.bin">
      32  ?<Constant {'\000'}>
       4  ??DataTable17
       4  ??DataTable17_1
       4  ??DataTable19
       4  ??DataTable19_1
       4  ??DataTable19_10
       4  ??DataTable19_11
       4  ??DataTable19_12
       4  ??DataTable19_13
       4  ??DataTable19_14
       4  ??DataTable19_2
       4  ??DataTable19_3
       4  ??DataTable19_4
       4  ??DataTable19_5
       4  ??DataTable19_6
       4  ??DataTable19_7
       4  ??DataTable19_8
       4  ??DataTable19_9
      38  Clear_move_motor
      48  buttonRet
          buttonstep10
      48  buttonZI
          buttonZD
      48  button_z_home
          button_z_stop
     342  cbMoveMotorWin(WM_MESSAGE *)
     220  disp_move_dist
    1016  draw_move_motor
      52  hMoveMotorWnd
          buttonstep01
          buttonstep1
       1  -- Other

 
   196 bytes in section .bss
    41 bytes in section .rodata
 1 944 bytes in section .text
 
 1 944 bytes of CODE  memory
    40 bytes of CONST memory (+ 1 byte shared)
   196 bytes of DATA  memory

Errors: none
Warnings: 80
