###############################################################################
#
# IAR ANSI C/C++ Compiler V7.10.1.6676/W32 for ARM        16/Jul/2019  16:58:11
# Copyright 1999-2014 IAR Systems AB.
#
#    Cpu mode     =  thumb
#    Endian       =  little
#    Source file  =  
#        E:\DLP_Proj\DLP_source\branches\DLP_opensource\User\ui\draw_wifi.cpp
#    Command line =  
#        E:\DLP_Proj\DLP_source\branches\DLP_opensource\User\ui\draw_wifi.cpp
#        -D USE_HAL_DRIVER -D STM32F407xx -D STM32F40_41xxx -D USE_HAL_LIB -D
#        MKS_DLP_BOARD -D TFT35 -lC
#        E:\DLP_Proj\DLP_source\branches\DLP_opensource\EWARM\mksDLP/List\ -lA
#        E:\DLP_Proj\DLP_source\branches\DLP_opensource\EWARM\mksDLP/List\
#        --diag_suppress Pa050 -o
#        E:\DLP_Proj\DLP_source\branches\DLP_opensource\EWARM\mksDLP/Obj\
#        --no_unroll --no_inline --no_tbaa --no_scheduling --debug
#        --endian=little --cpu=Cortex-M4F -e --char_is_signed --fpu=VFPv4_sp
#        --dlib_config "C:\Program Files (x86)\IAR Systems\Embedded Workbench
#        7.0\arm\INC\c\DLib_Config_Full.h" -I
#        E:\DLP_Proj\DLP_source\branches\DLP_opensource\EWARM/../Inc\ -I
#        E:\DLP_Proj\DLP_source\branches\DLP_opensource\EWARM/../Src\ -I
#        E:\DLP_Proj\DLP_source\branches\DLP_opensource\EWARM/../Drivers/STM32F4xx_HAL_Driver/Inc\
#        -I
#        E:\DLP_Proj\DLP_source\branches\DLP_opensource\EWARM/../Drivers/STM32F4xx_HAL_Driver/Inc/Legacy\
#        -I
#        E:\DLP_Proj\DLP_source\branches\DLP_opensource\EWARM/../Middlewares/Third_Party/FatFs/src/drivers\
#        -I
#        E:\DLP_Proj\DLP_source\branches\DLP_opensource\EWARM/../Middlewares/ST/STM32_USB_Host_Library/Core/Inc\
#        -I
#        E:\DLP_Proj\DLP_source\branches\DLP_opensource\EWARM/../Middlewares/ST/STM32_USB_Host_Library/Class/MSC/Inc\
#        -I
#        E:\DLP_Proj\DLP_source\branches\DLP_opensource\EWARM/../Drivers/CMSIS/Device/ST/STM32F4xx/Include\
#        -I
#        E:\DLP_Proj\DLP_source\branches\DLP_opensource\EWARM/../Middlewares/Third_Party/FatFs/src\
#        -I
#        E:\DLP_Proj\DLP_source\branches\DLP_opensource\EWARM/../Middlewares/Third_Party/Marlin\
#        -I
#        E:\DLP_Proj\DLP_source\branches\DLP_opensource\EWARM/../Drivers/CMSIS/Include\
#        -I
#        E:\DLP_Proj\DLP_source\branches\DLP_opensource\EWARM/../Drivers/BSP/variant\
#        -I
#        E:\DLP_Proj\DLP_source\branches\DLP_opensource\EWARM/../Drivers/BSP/Components/at24cxx\
#        -I
#        E:\DLP_Proj\DLP_source\branches\DLP_opensource\EWARM/../Drivers/BSP/Components/w25qxx\
#        -I
#        E:\DLP_Proj\DLP_source\branches\DLP_opensource\EWARM/../Drivers/BSP/Components/ssd2828\
#        -I
#        E:\DLP_Proj\DLP_source\branches\DLP_opensource\EWARM/../Drivers/BSP/Components/lcd\
#        -I
#        E:\DLP_Proj\DLP_source\branches\DLP_opensource\EWARM/../Drivers/libstmf4\
#        -I
#        E:\DLP_Proj\DLP_source\branches\DLP_opensource\EWARM/../Drivers/libstmf4/include\
#        -I
#        E:\DLP_Proj\DLP_source\branches\DLP_opensource\EWARM/../Middlewares/arduino/stm32/cores/arduino\
#        -I
#        E:\DLP_Proj\DLP_source\branches\DLP_opensource\EWARM/../Middlewares/Ucgui\
#        -I
#        E:\DLP_Proj\DLP_source\branches\DLP_opensource\EWARM/../Middlewares/Ucgui/GUI/ConvertColor\
#        -I
#        E:\DLP_Proj\DLP_source\branches\DLP_opensource\EWARM/../Middlewares/Ucgui/GUI/ConvertMono\
#        -I
#        E:\DLP_Proj\DLP_source\branches\DLP_opensource\EWARM/../Middlewares/Ucgui/GUI/Core\
#        -I
#        E:\DLP_Proj\DLP_source\branches\DLP_opensource\EWARM/../Middlewares/Ucgui/GUI/Font\
#        -I
#        E:\DLP_Proj\DLP_source\branches\DLP_opensource\EWARM/../Middlewares/Ucgui/AntiAlias\
#        -I
#        E:\DLP_Proj\DLP_source\branches\DLP_opensource\EWARM/../Middlewares/Ucgui/GUI/GUIDemo\
#        -I
#        E:\DLP_Proj\DLP_source\branches\DLP_opensource\EWARM/../Middlewares/Ucgui/GUI/LCDDriver\
#        -I
#        E:\DLP_Proj\DLP_source\branches\DLP_opensource\EWARM/../Middlewares/Ucgui/GUI/MemDev\
#        -I
#        E:\DLP_Proj\DLP_source\branches\DLP_opensource\EWARM/../Middlewares/Ucgui/GUI/MultiLayer\
#        -I
#        E:\DLP_Proj\DLP_source\branches\DLP_opensource\EWARM/../Middlewares/Ucgui/GUI/Widget\
#        -I
#        E:\DLP_Proj\DLP_source\branches\DLP_opensource\EWARM/../Middlewares/Ucgui/GUI/WM\
#        -I
#        E:\DLP_Proj\DLP_source\branches\DLP_opensource\EWARM/../Middlewares/Ucgui/GUI_X\
#        -I
#        E:\DLP_Proj\DLP_source\branches\DLP_opensource\EWARM/../Middlewares/Ucgui/Config\
#        -I E:\DLP_Proj\DLP_source\branches\DLP_opensource\EWARM/../User/ui\ -I
#        E:\DLP_Proj\DLP_source\branches\DLP_opensource\EWARM/../User/ui/Multi_language\
#        -I
#        E:\DLP_Proj\DLP_source\branches\DLP_opensource\EWARM/../User/ui/QRENCODE\
#        -Om --eec++ -I "C:\Program Files (x86)\IAR Systems\Embedded Workbench
#        7.0\arm\CMSIS\Include\"
#    List file    =  
#        E:\DLP_Proj\DLP_source\branches\DLP_opensource\EWARM\mksDLP/List\draw_wifi.lst
#    Object file  =  
#        E:\DLP_Proj\DLP_source\branches\DLP_opensource\EWARM\mksDLP/Obj\draw_wifi.o
#
###############################################################################

E:\DLP_Proj\DLP_source\branches\DLP_opensource\User\ui\draw_wifi.cpp
      1          #include "gui.h"
      2          #include "button.h"
      3          #include "PROGBAR.h"
      4          #include "draw_wifi.h"
      5          #include "draw_ui.h"

  #define UNUSED(x) (void) (x)
          ^
"E:\DLP_Proj\DLP_source\branches\DLP_opensource\Middlewares\Third_Party\Marlin\macros.h",101  Warning[Pe047]: 
          incompatible redefinition of macro "UNUSED" (declared at line 87 of
          "E:\DLP_Proj\DLP_source\branches\DLP_opensource\Drivers\STM32F4xx_HAL
          _Driver\Inc\stm32f4xx_hal_def.h")

  		volatile volatile float desireBedTempBak;
  		         ^
"E:\DLP_Proj\DLP_source\branches\DLP_opensource\Inc\mks_cfg.h",406  Warning[Pe083]: 
          type qualifier specified more than once

  #define IS_SPI_MODE(MODE) (((MODE) == SPI_Mode_Master) || \
          ^
"E:\DLP_Proj\DLP_source\branches\DLP_opensource\Drivers\libstmf4\include\stm32f4xx_spi.h",173  Warning[Pe047]: 
          incompatible redefinition of macro "IS_SPI_MODE" (declared at line
          511 of
          "E:\DLP_Proj\DLP_source\branches\DLP_opensource\Drivers\STM32F4xx_HAL
          _Driver\Inc\stm32f4xx_hal_spi.h")

  #define IS_SPI_DATASIZE(DATASIZE) (((DATASIZE) == SPI_DataSize_16b) || \
          ^
"E:\DLP_Proj\DLP_source\branches\DLP_opensource\Drivers\libstmf4\include\stm32f4xx_spi.h",185  Warning[Pe047]: 
          incompatible redefinition of macro "IS_SPI_DATASIZE" (declared at
          line 523 of
          "E:\DLP_Proj\DLP_source\branches\DLP_opensource\Drivers\STM32F4xx_HAL
          _Driver\Inc\stm32f4xx_hal_spi.h")

  #define IS_SPI_CPOL(CPOL) (((CPOL) == SPI_CPOL_Low) || \
          ^
"E:\DLP_Proj\DLP_source\branches\DLP_opensource\Drivers\libstmf4\include\stm32f4xx_spi.h",197  Warning[Pe047]: 
          incompatible redefinition of macro "IS_SPI_CPOL" (declared at line
          526 of
          "E:\DLP_Proj\DLP_source\branches\DLP_opensource\Drivers\STM32F4xx_HAL
          _Driver\Inc\stm32f4xx_hal_spi.h")

  #define IS_SPI_CPHA(CPHA) (((CPHA) == SPI_CPHA_1Edge) || \
          ^
"E:\DLP_Proj\DLP_source\branches\DLP_opensource\Drivers\libstmf4\include\stm32f4xx_spi.h",209  Warning[Pe047]: 
          incompatible redefinition of macro "IS_SPI_CPHA" (declared at line
          529 of
          "E:\DLP_Proj\DLP_source\branches\DLP_opensource\Drivers\STM32F4xx_HAL
          _Driver\Inc\stm32f4xx_hal_spi.h")

  #define IS_SPI_NSS(NSS) (((NSS) == SPI_NSS_Soft) || \
          ^
"E:\DLP_Proj\DLP_source\branches\DLP_opensource\Drivers\libstmf4\include\stm32f4xx_spi.h",221  Warning[Pe047]: 
          incompatible redefinition of macro "IS_SPI_NSS" (declared at line
          532 of
          "E:\DLP_Proj\DLP_source\branches\DLP_opensource\Drivers\STM32F4xx_HAL
          _Driver\Inc\stm32f4xx_hal_spi.h")

  #define IS_SPI_BAUDRATE_PRESCALER(PRESCALER) (((PRESCALER) == SPI_BaudRatePrescaler_2) || \
          ^
"E:\DLP_Proj\DLP_source\branches\DLP_opensource\Drivers\libstmf4\include\stm32f4xx_spi.h",239  Warning[Pe047]: 
          incompatible redefinition of macro "IS_SPI_BAUDRATE_PRESCALER"
          (declared at line 536 of
          "E:\DLP_Proj\DLP_source\branches\DLP_opensource\Drivers\STM32F4xx_HAL
          _Driver\Inc\stm32f4xx_hal_spi.h")

  #define IS_SPI_FIRST_BIT(BIT) (((BIT) == SPI_FirstBit_MSB) || \
          ^
"E:\DLP_Proj\DLP_source\branches\DLP_opensource\Drivers\libstmf4\include\stm32f4xx_spi.h",257  Warning[Pe047]: 
          incompatible redefinition of macro "IS_SPI_FIRST_BIT" (declared at
          line 545 of
          "E:\DLP_Proj\DLP_source\branches\DLP_opensource\Drivers\STM32F4xx_HAL
          _Driver\Inc\stm32f4xx_hal_spi.h")

  #define IS_SPI_DIRECTION(DIRECTION) (((DIRECTION) == SPI_Direction_Rx) || \
          ^
"E:\DLP_Proj\DLP_source\branches\DLP_opensource\Drivers\libstmf4\include\stm32f4xx_spi.h",400  Warning[Pe047]: 
          incompatible redefinition of macro "IS_SPI_DIRECTION" (declared at
          line 514 of
          "E:\DLP_Proj\DLP_source\branches\DLP_opensource\Drivers\STM32F4xx_HAL
          _Driver\Inc\stm32f4xx_hal_spi.h")

  #define SPI_FLAG_CRCERR                 ((uint16_t)0x0010)
          ^
"E:\DLP_Proj\DLP_source\branches\DLP_opensource\Drivers\libstmf4\include\stm32f4xx_spi.h",442  Warning[Pe047]: 
          incompatible redefinition of macro "SPI_FLAG_CRCERR" (declared at
          line 293 of
          "E:\DLP_Proj\DLP_source\branches\DLP_opensource\Drivers\STM32F4xx_HAL
          _Driver\Inc\stm32f4xx_hal_spi.h")

  #define SPI_FLAG_MODF                   ((uint16_t)0x0020)
          ^
"E:\DLP_Proj\DLP_source\branches\DLP_opensource\Drivers\libstmf4\include\stm32f4xx_spi.h",443  Warning[Pe047]: 
          incompatible redefinition of macro "SPI_FLAG_MODF" (declared at line
          294 of
          "E:\DLP_Proj\DLP_source\branches\DLP_opensource\Drivers\STM32F4xx_HAL
          _Driver\Inc\stm32f4xx_hal_spi.h")

  #define IS_SPI_CRC_POLYNOMIAL(POLYNOMIAL) ((POLYNOMIAL) >= 0x1)
          ^
"E:\DLP_Proj\DLP_source\branches\DLP_opensource\Drivers\libstmf4\include\stm32f4xx_spi.h",462  Warning[Pe047]: 
          incompatible redefinition of macro "IS_SPI_CRC_POLYNOMIAL" (declared
          at line 554 of
          "E:\DLP_Proj\DLP_source\branches\DLP_opensource\Drivers\STM32F4xx_HAL
          _Driver\Inc\stm32f4xx_hal_spi.h")

  #define SPI_IT_TXE                   SPI_I2S_IT_TXE
          ^
"E:\DLP_Proj\DLP_source\branches\DLP_opensource\Drivers\libstmf4\include\stm32f4xx_spi.h",473  Warning[Pe047]: 
          incompatible redefinition of macro "SPI_IT_TXE" (declared at line
          280 of
          "E:\DLP_Proj\DLP_source\branches\DLP_opensource\Drivers\STM32F4xx_HAL
          _Driver\Inc\stm32f4xx_hal_spi.h")

  #define SPI_IT_RXNE                  SPI_I2S_IT_RXNE
          ^
"E:\DLP_Proj\DLP_source\branches\DLP_opensource\Drivers\libstmf4\include\stm32f4xx_spi.h",474  Warning[Pe047]: 
          incompatible redefinition of macro "SPI_IT_RXNE" (declared at line
          281 of
          "E:\DLP_Proj\DLP_source\branches\DLP_opensource\Drivers\STM32F4xx_HAL
          _Driver\Inc\stm32f4xx_hal_spi.h")

  #define SPI_IT_ERR                   SPI_I2S_IT_ERR
          ^
"E:\DLP_Proj\DLP_source\branches\DLP_opensource\Drivers\libstmf4\include\stm32f4xx_spi.h",475  Warning[Pe047]: 
          incompatible redefinition of macro "SPI_IT_ERR" (declared at line
          282 of
          "E:\DLP_Proj\DLP_source\branches\DLP_opensource\Drivers\STM32F4xx_HAL
          _Driver\Inc\stm32f4xx_hal_spi.h")

  #define SPI_FLAG_RXNE                SPI_I2S_FLAG_RXNE
          ^
"E:\DLP_Proj\DLP_source\branches\DLP_opensource\Drivers\libstmf4\include\stm32f4xx_spi.h",477  Warning[Pe047]: 
          incompatible redefinition of macro "SPI_FLAG_RXNE" (declared at line
          290 of
          "E:\DLP_Proj\DLP_source\branches\DLP_opensource\Drivers\STM32F4xx_HAL
          _Driver\Inc\stm32f4xx_hal_spi.h")

  #define SPI_FLAG_TXE                 SPI_I2S_FLAG_TXE
          ^
"E:\DLP_Proj\DLP_source\branches\DLP_opensource\Drivers\libstmf4\include\stm32f4xx_spi.h",478  Warning[Pe047]: 
          incompatible redefinition of macro "SPI_FLAG_TXE" (declared at line
          291 of
          "E:\DLP_Proj\DLP_source\branches\DLP_opensource\Drivers\STM32F4xx_HAL
          _Driver\Inc\stm32f4xx_hal_spi.h")

  #define SPI_FLAG_OVR                 SPI_I2S_FLAG_OVR
          ^
"E:\DLP_Proj\DLP_source\branches\DLP_opensource\Drivers\libstmf4\include\stm32f4xx_spi.h",479  Warning[Pe047]: 
          incompatible redefinition of macro "SPI_FLAG_OVR" (declared at line
          295 of
          "E:\DLP_Proj\DLP_source\branches\DLP_opensource\Drivers\STM32F4xx_HAL
          _Driver\Inc\stm32f4xx_hal_spi.h")

  #define SPI_FLAG_BSY                 SPI_I2S_FLAG_BSY
          ^
"E:\DLP_Proj\DLP_source\branches\DLP_opensource\Drivers\libstmf4\include\stm32f4xx_spi.h",480  Warning[Pe047]: 
          incompatible redefinition of macro "SPI_FLAG_BSY" (declared at line
          292 of
          "E:\DLP_Proj\DLP_source\branches\DLP_opensource\Drivers\STM32F4xx_HAL
          _Driver\Inc\stm32f4xx_hal_spi.h")

    #define FILAMENT_CHANGE_TEXT_EN				"Please click <Load> \nor <unload>,After \npinter pause."
            ^
"E:\DLP_Proj\DLP_source\branches\DLP_opensource\User\ui\Multi_language\Language_en.h",165  Warning[Pe047]: 
          incompatible redefinition of macro "FILAMENT_CHANGE_TEXT_EN"
          (declared at line 143)

  #define DIALOG_UNBIND_PRINTER_CN            "Ëß£Èô§ÁªëÂÆö?"
          ^
"E:\DLP_Proj\DLP_source\branches\DLP_opensource\User\ui\Multi_language\Language_s_cn.h",248  Warning[Pe047]: 
          incompatible redefinition of macro "DIALOG_UNBIND_PRINTER_CN"
          (declared at line 243)

    #define FILAMENT_CHANGE_TEXT_T_CN				"ÂæÖÊâìÂç∞Ê©üÊö´ÂÅúÂêé,\nË´ãÊåâ<ÈÄ≤Êñô>Êàñ<ÈÄÄÊñô>"
            ^
"E:\DLP_Proj\DLP_source\branches\DLP_opensource\User\ui\Multi_language\Language_t_cn.h",157  Warning[Pe047]: 
          incompatible redefinition of macro "FILAMENT_CHANGE_TEXT_T_CN"
          (declared at line 143)

    #define FILAMENT_CHANGE_TEXT_RU				"Please click <Load> \nor <unload>,After \npinter pause."
            ^
"E:\DLP_Proj\DLP_source\branches\DLP_opensource\User\ui\Multi_language\Language_ru.h",163  Warning[Pe047]: 
          incompatible redefinition of macro "FILAMENT_CHANGE_TEXT_RU"
          (declared at line 143)

  #define DIALOG_UNBIND_PRINTER_RU            "Unbind the printer?"
          ^
"E:\DLP_Proj\DLP_source\branches\DLP_opensource\User\ui\Multi_language\Language_ru.h",260  Warning[Pe047]: 
          incompatible redefinition of macro "DIALOG_UNBIND_PRINTER_RU"
          (declared at line 255)

    #define FILAMENT_CHANGE_TEXT_FR				"Please click <Load> \nor <unload>,After \npinter pause."
            ^
"E:\DLP_Proj\DLP_source\branches\DLP_opensource\User\ui\Multi_language\Language_fr.h",163  Warning[Pe047]: 
          incompatible redefinition of macro "FILAMENT_CHANGE_TEXT_FR"
          (declared at line 143)

  #define DIALOG_UNBIND_PRINTER_FR        "Unbind the printer?"
          ^
"E:\DLP_Proj\DLP_source\branches\DLP_opensource\User\ui\Multi_language\Language_fr.h",263  Warning[Pe047]: 
          incompatible redefinition of macro "DIALOG_UNBIND_PRINTER_FR"
          (declared at line 259)

    #define FILAMENT_CHANGE_TEXT_SP				"Please click <Load> \nor <unload>,After \npinter pause."
            ^
"E:\DLP_Proj\DLP_source\branches\DLP_opensource\User\ui\Multi_language\Language_sp.h",162  Warning[Pe047]: 
          incompatible redefinition of macro "FILAMENT_CHANGE_TEXT_SP"
          (declared at line 143)

    #define FILAMENT_CHANGE_TEXT_IT				"Please click <Load> \nor <unload>,After \npinter pause."
            ^
"E:\DLP_Proj\DLP_source\branches\DLP_opensource\User\ui\Multi_language\Language_it.h",163  Warning[Pe047]: 
          incompatible redefinition of macro "FILAMENT_CHANGE_TEXT_IT"
          (declared at line 143)

  #define DIALOG_UNBIND_PRINTER_IT                "Unbind the printer?"
          ^
"E:\DLP_Proj\DLP_source\branches\DLP_opensource\User\ui\Multi_language\Language_it.h",259  Warning[Pe047]: 
          incompatible redefinition of macro "DIALOG_UNBIND_PRINTER_IT"
          (declared at line 254)

  #define FILAMENT_CHANGE_TEXT_JP				"Please click <Load> \nor <unload>,After \npinter pause."
          ^
"E:\DLP_Proj\DLP_source\branches\DLP_opensource\User\ui\Multi_language\Multi_language.h",688  Warning[Pe047]: 
          incompatible redefinition of macro "FILAMENT_CHANGE_TEXT_JP"
          (declared at line 681)

  #define FILAMENT_CHANGE_TEXT_GN				"Please click <Load> \nor <unload>,After \npinter pause."
          ^
"E:\DLP_Proj\DLP_source\branches\DLP_opensource\User\ui\Multi_language\Multi_language.h",896  Warning[Pe047]: 
          incompatible redefinition of macro "FILAMENT_CHANGE_TEXT_GN"
          (declared at line 890)

  #define Simple_Dec"ºı…Ÿ"
                    ^
"E:\DLP_Proj\DLP_source\branches\DLP_opensource\User\ui\draw_ui.h",493  Warning[Pe1649]: 
          white space is required between the macro name "Simple_Dec" and its
          replacement text

  #define Simple_Speed "ÀŸ∂»"
          ^
"E:\DLP_Proj\DLP_source\branches\DLP_opensource\User\ui\draw_ui.h",548  Warning[Pe047]: 
          incompatible redefinition of macro "Simple_Speed" (declared at line
          545)

  #define Complex_Speed "ÀŸ∂»"
          ^
"E:\DLP_Proj\DLP_source\branches\DLP_opensource\User\ui\draw_ui.h",549  Warning[Pe047]: 
          incompatible redefinition of macro "Complex_Speed" (declared at line
          546)
      6          #include "fontLib.h"
      7          #include "LISTBOX.h"
      8          #include "draw_bind.h"
      9          #include "wifi_module.h"
     10          
     11          #ifndef GUI_FLASH
     12          #define GUI_FLASH
     13          #endif
     14          

   \                                 In section .bss, align 4
     15          static GUI_HWIN hWifiWnd;
   \                     hWifiWnd:
   \   00000000                      DS8 2
   \   00000002                      DS8 2
   \   00000004                      DS8 24
   \   0000001C                      DS8 24
     16          
     17          
     18          extern GUI_FLASH const GUI_FONT GUI_FontHZ_fontHz18;
     19          extern int X_ADD,X_INTERVAL;   //**Õº∆¨º‰∏Ù
     20          
     21          
     22          	
     23          static BUTTON_STRUCT  buttonCloud,buttonRet;

   \                                 In section .text, align 2, keep-with-next
     24          static void cbWifiWin(WM_MESSAGE * pMsg) {
     25          
     26          	struct PressEvt *press_event;
                 	                 ^
Warning[Pe550]: variable "press_event" was set but never used
     27          	switch (pMsg->MsgId)
   \                     _Z9cbWifiWinP10WM_MESSAGE: (+1)
   \   00000000   0x6801             LDR      R1,[R0, #+0]
   \   00000002   0x290C             CMP      R1,#+12
   \   00000004   0xD100             BNE.N    ??cbWifiWin_0
   \   00000006   0x4770             BX       LR
   \                     ??cbWifiWin_0: (+1)
   \   00000008   0xB580             PUSH     {R7,LR}
   \   0000000A   0x290D             CMP      R1,#+13
   \   0000000C   0xD022             BEQ.N    ??cbWifiWin_1
   \   0000000E   0x290F             CMP      R1,#+15
   \   00000010   0xD020             BEQ.N    ??cbWifiWin_1
   \   00000012   0x2926             CMP      R1,#+38
   \   00000014   0xD11A             BNE.N    ??cbWifiWin_2
     28          	{
     29          		case WM_PAINT:
     30          			//GUI_SetBkColor(GUI_BLUE);
     31          			//GUI_Clear();
     32          			//GUI_DispString("window");
     33          			break;
     34          		case WM_TOUCH:
     35          		 	press_event = (struct PressEvt *)pMsg->Data.p;
     36          			
     37          			break;
     38          		case WM_TOUCH_CHILD:
     39          			press_event = (struct PressEvt *)pMsg->Data.p;
     40          
     41          			break;
     42          			
     43          		case WM_NOTIFY_PARENT:
     44          			if(pMsg->Data.v == WM_NOTIFICATION_RELEASED)
   \   00000016   0x6881             LDR      R1,[R0, #+8]
   \   00000018   0x2902             CMP      R1,#+2
   \   0000001A   0xD11B             BNE.N    ??cbWifiWin_1
     45          			{
     46          				if(pMsg->hWinSrc == buttonCloud.btnHandle)
   \   0000001C   0xF9B0 0x0006      LDRSH    R0,[R0, #+6]
   \   00000020   0x.... 0x....      LDR.W    R1,??DataTable7_1
   \   00000024   0xF9B1 0x2004      LDRSH    R2,[R1, #+4]
   \   00000028   0x4290             CMP      R0,R2
   \   0000002A   0xD105             BNE.N    ??cbWifiWin_3
     47          				{
     48          					Clear_Wifi();
   \   0000002C   0x.... 0x....      BL       Clear_Wifi
     49          					draw_bind();
   \   00000030   0xE8BD 0x4001      POP      {R0,LR}
   \   00000034   0x.... 0x....      B.W      draw_bind
     50          				}
     51          				else if(pMsg->hWinSrc == buttonRet.btnHandle)
   \                     ??cbWifiWin_3: (+1)
   \   00000038   0xF9B1 0x101C      LDRSH    R1,[R1, #+28]
   \   0000003C   0x4288             CMP      R0,R1
   \   0000003E   0xD109             BNE.N    ??cbWifiWin_1
     52          				{
     53          					Clear_Wifi();
   \   00000040   0x.... 0x....      BL       Clear_Wifi
     54          					draw_return_ui();
   \   00000044   0xE8BD 0x4001      POP      {R0,LR}
   \   00000048   0x.... 0x....      B.W      draw_return_ui
     55          				}			
     56          				
     57          			}
     58          			break;
     59          			
     60          		default:
     61          			WM_DefaultProc(pMsg);
   \                     ??cbWifiWin_2: (+1)
   \   0000004C   0xE8BD 0x4002      POP      {R1,LR}
   \   00000050   0x.... 0x....      B.W      WM_DefaultProc
     62          		}
     63          	}
   \                     ??cbWifiWin_1: (+1)
   \   00000054   0xBD01             POP      {R0,PC}          ;; return
     64          
     65          //every key:22*23
     66          #define PAD_KEY_WIDTH	22
     67          #define PAD_KEY_HEIGH	23
     68          #define PAD_KEY_DIST	2
     69          

   \                                 In section .text, align 2, keep-with-next
     70          void draw_Wifi()
     71          {	
   \                     draw_Wifi: (+1)
   \   00000000   0xB57F             PUSH     {R0-R6,LR}
     72          	int row;
                 	    ^
Warning[Pe177]: variable "row" was declared but never referenced
     73          
     74          	char buf[60];
                 	     ^
Warning[Pe177]: variable "buf" was declared but never referenced
     75          	
     76          	int i;
                 	    ^
Warning[Pe177]: variable "i" was declared but never referenced
     77          
     78          	if(disp_state_stack._disp_state[disp_state_stack._disp_index] != WIFI_UI)
   \   00000002   0x....             LDR.N    R0,??DataTable7_2
   \   00000004   0xF990 0x1064      LDRSB    R1,[R0, #+100]
   \   00000008   0x560A             LDRSB    R2,[R1, R0]
   \   0000000A   0x2A16             CMP      R2,#+22
   \   0000000C   0xD005             BEQ.N    ??draw_Wifi_0
     79          	{
     80          		disp_state_stack._disp_index++;
   \   0000000E   0x1C49             ADDS     R1,R1,#+1
   \   00000010   0xF880 0x1064      STRB     R1,[R0, #+100]
     81          		disp_state_stack._disp_state[disp_state_stack._disp_index] = WIFI_UI;
   \   00000014   0x2216             MOVS     R2,#+22
   \   00000016   0xB249             SXTB     R1,R1
   \   00000018   0x540A             STRB     R2,[R1, R0]
     82          	}
     83          	disp_state = WIFI_UI;
   \                     ??draw_Wifi_0: (+1)
   \   0000001A   0x2016             MOVS     R0,#+22
   \   0000001C   0x....             LDR.N    R1,??DataTable7_3
   \   0000001E   0x7008             STRB     R0,[R1, #+0]
     84          	GUI_Clear();	
   \   00000020   0x.... 0x....      BL       GUI_Clear
     85          
     86          	GUI_SetBkColor(gCfgItems.background_color);
   \   00000024   0x....             LDR.N    R4,??DataTable7_4
   \   00000026   0x6860             LDR      R0,[R4, #+4]
   \   00000028   0x.... 0x....      BL       GUI_SetBkColor
     87          	GUI_SetColor(gCfgItems.title_color);
   \   0000002C   0x1D25             ADDS     R5,R4,#+4
   \   0000002E   0x6D68             LDR      R0,[R5, #+84]
   \   00000030   0x.... 0x....      BL       GUI_SetColor
     88          	GUI_Clear();
   \   00000034   0x.... 0x....      BL       GUI_Clear
     89          
     90          	GUI_DispStringAt(creat_title_text(),  TITLE_XPOS, TITLE_YPOS);
   \   00000038   0x.... 0x....      BL       creat_title_text
   \   0000003C   0x....             LDR.N    R1,??DataTable7_5
   \   0000003E   0x89CA             LDRH     R2,[R1, #+14]
   \   00000040   0x8989             LDRH     R1,[R1, #+12]
   \   00000042   0x.... 0x....      BL       GUI_DispStringAt
     91          	
     92          	disp_wifi_state();
   \   00000046   0x.... 0x....      BL       disp_wifi_state
     93          	
     94          	hWifiWnd = WM_CreateWindow(BTN_X_PIXEL*2+INTERVAL_V*3 , titleHeight,BTN_X_PIXEL*2+INTERVAL_V,imgHeight, WM_CF_SHOW, cbWifiWin, 0);
   \   0000004A   0x....             LDR.N    R6,??DataTable7_1
   \   0000004C   0x2000             MOVS     R0,#+0
   \   0000004E   0x9002             STR      R0,[SP, #+8]
   \   00000050   0x....             LDR.N    R0,??DataTable7_6
   \   00000052   0x9001             STR      R0,[SP, #+4]
   \   00000054   0x2002             MOVS     R0,#+2
   \   00000056   0x9000             STR      R0,[SP, #+0]
   \   00000058   0xF44F 0x73A0      MOV      R3,#+320
   \   0000005C   0xF240 0x1239      MOVW     R2,#+313
   \   00000060   0x2100             MOVS     R1,#+0
   \   00000062   0xF240 0x107B      MOVW     R0,#+379
   \   00000066   0x.... 0x....      BL       WM_CreateWindow
   \   0000006A   0x8030             STRH     R0,[R6, #+0]
     95          
     96          	if(gCfgItems.wifi_type == ESP_WIFI)
   \   0000006C   0xF894 0x0208      LDRB     R0,[R4, #+520]
   \   00000070   0x2802             CMP      R0,#+2
   \   00000072   0xD144             BNE.N    ??draw_Wifi_1
     97          	{
     98          		if((gCfgItems.wifi_type == 0x02)&&(gCfgItems.cloud_enable == 1))
   \   00000074   0xF894 0x0208      LDRB     R0,[R4, #+520]
   \   00000078   0x2802             CMP      R0,#+2
   \   0000007A   0xD140             BNE.N    ??draw_Wifi_1
   \   0000007C   0xF504 0x7002      ADD      R0,R4,#+520
   \   00000080   0xF990 0x0001      LDRSB    R0,[R0, #+1]
   \   00000084   0x2801             CMP      R0,#+1
   \   00000086   0xD13A             BNE.N    ??draw_Wifi_1
     99          		{
    100          			buttonCloud.btnHandle = BUTTON_CreateEx(0,BTN_Y_PIXEL+INTERVAL_H, BTN_X_PIXEL, BTN_Y_PIXEL, hWifiWnd, BUTTON_CF_SHOW, 0, alloc_win_id());
   \   00000088   0x.... 0x....      BL       alloc_win_id
   \   0000008C   0x9003             STR      R0,[SP, #+12]
   \   0000008E   0x2000             MOVS     R0,#+0
   \   00000090   0x9002             STR      R0,[SP, #+8]
   \   00000092   0x2002             MOVS     R0,#+2
   \   00000094   0x9001             STR      R0,[SP, #+4]
   \   00000096   0xF9B6 0x0000      LDRSH    R0,[R6, #+0]
   \   0000009A   0x9000             STR      R0,[SP, #+0]
   \   0000009C   0x2374             MOVS     R3,#+116
   \   0000009E   0x228C             MOVS     R2,#+140
   \   000000A0   0x2183             MOVS     R1,#+131
   \   000000A2   0x2000             MOVS     R0,#+0
   \   000000A4   0x.... 0x....      BL       BUTTON_CreateEx
   \   000000A8   0x80B0             STRH     R0,[R6, #+4]
    101          
    102          			BUTTON_SetBmpFileName(buttonCloud.btnHandle, "bmp_cloud.bin",1);
   \   000000AA   0x2201             MOVS     R2,#+1
   \   000000AC   0x.... 0x....      ADR.W    R1,`?<Constant "bmp_cloud.bin">`
   \   000000B0   0x.... 0x....      BL       BUTTON_SetBmpFileName
    103          			BUTTON_SetBitmapEx(buttonCloud.btnHandle, 0, &bmp_struct, BMP_PIC_X, BMP_PIC_Y);
   \   000000B4   0x....             LDR.N    R0,??DataTable7_7
   \   000000B6   0xF990 0x0000      LDRSB    R0,[R0, #+0]
   \   000000BA   0x9000             STR      R0,[SP, #+0]
   \   000000BC   0x....             LDR.N    R0,??DataTable7_8
   \   000000BE   0xF990 0x3000      LDRSB    R3,[R0, #+0]
   \   000000C2   0x....             LDR.N    R2,??DataTable7_9
   \   000000C4   0x2100             MOVS     R1,#+0
   \   000000C6   0xF9B6 0x0004      LDRSH    R0,[R6, #+4]
   \   000000CA   0x.... 0x....      BL       BUTTON_SetBitmapEx
    104          		
    105          			BUTTON_SetBkColor(buttonCloud.btnHandle, BUTTON_CI_PRESSED, gCfgItems.btn_color);
   \   000000CE   0x686A             LDR      R2,[R5, #+4]
   \   000000D0   0x2101             MOVS     R1,#+1
   \   000000D2   0xF9B6 0x0004      LDRSH    R0,[R6, #+4]
   \   000000D6   0x.... 0x....      BL       BUTTON_SetBkColor
    106          			BUTTON_SetBkColor(buttonCloud.btnHandle, BUTTON_CI_UNPRESSED, gCfgItems.btn_color);
   \   000000DA   0x686A             LDR      R2,[R5, #+4]
   \   000000DC   0x2100             MOVS     R1,#+0
   \   000000DE   0xF9B6 0x0004      LDRSH    R0,[R6, #+4]
   \   000000E2   0x.... 0x....      BL       BUTTON_SetBkColor
    107          			BUTTON_SetTextColor(buttonCloud.btnHandle, BUTTON_CI_PRESSED, gCfgItems.btn_textcolor);
   \   000000E6   0x68EA             LDR      R2,[R5, #+12]
   \   000000E8   0x2101             MOVS     R1,#+1
   \   000000EA   0xF9B6 0x0004      LDRSH    R0,[R6, #+4]
   \   000000EE   0x.... 0x....      BL       BUTTON_SetTextColor
    108          			BUTTON_SetTextColor(buttonCloud.btnHandle, BUTTON_CI_UNPRESSED, gCfgItems.btn_textcolor);  
   \   000000F2   0x68EA             LDR      R2,[R5, #+12]
   \   000000F4   0x2100             MOVS     R1,#+0
   \   000000F6   0xF9B6 0x0004      LDRSH    R0,[R6, #+4]
   \   000000FA   0x.... 0x....      BL       BUTTON_SetTextColor
    109          		}
    110          
    111          	}
    112          	
    113          	buttonRet.btnHandle = BUTTON_CreateEx(BTN_X_PIXEL+INTERVAL_V , BTN_Y_PIXEL+INTERVAL_H, BTN_X_PIXEL, BTN_Y_PIXEL, hWifiWnd, BUTTON_CF_SHOW, 0, alloc_win_id());
   \                     ??draw_Wifi_1: (+1)
   \   000000FE   0x.... 0x....      BL       alloc_win_id
   \   00000102   0x9003             STR      R0,[SP, #+12]
   \   00000104   0x2000             MOVS     R0,#+0
   \   00000106   0x9002             STR      R0,[SP, #+8]
   \   00000108   0x2002             MOVS     R0,#+2
   \   0000010A   0x9001             STR      R0,[SP, #+4]
   \   0000010C   0xF9B6 0x0000      LDRSH    R0,[R6, #+0]
   \   00000110   0x9000             STR      R0,[SP, #+0]
   \   00000112   0x2374             MOVS     R3,#+116
   \   00000114   0x228C             MOVS     R2,#+140
   \   00000116   0x2183             MOVS     R1,#+131
   \   00000118   0x20AD             MOVS     R0,#+173
   \   0000011A   0x.... 0x....      BL       BUTTON_CreateEx
   \   0000011E   0x83B0             STRH     R0,[R6, #+28]
    114          	
    115          #if VERSION_WITH_PIC	
    116          	BUTTON_SetBmpFileName(buttonRet.btnHandle, "bmp_return.bin",1);
   \   00000120   0x2201             MOVS     R2,#+1
   \   00000122   0x.... 0x....      ADR.W    R1,`?<Constant "bmp_return.bin">`
   \   00000126   0x.... 0x....      BL       BUTTON_SetBmpFileName
    117          	BUTTON_SetBitmapEx(buttonRet.btnHandle, 0, &bmp_struct,BMP_PIC_X, BMP_PIC_Y);
   \   0000012A   0x....             LDR.N    R0,??DataTable7_7
   \   0000012C   0xF990 0x0000      LDRSB    R0,[R0, #+0]
   \   00000130   0x9000             STR      R0,[SP, #+0]
   \   00000132   0x....             LDR.N    R0,??DataTable7_8
   \   00000134   0xF990 0x3000      LDRSB    R3,[R0, #+0]
   \   00000138   0x....             LDR.N    R2,??DataTable7_9
   \   0000013A   0x2100             MOVS     R1,#+0
   \   0000013C   0xF9B6 0x001C      LDRSH    R0,[R6, #+28]
   \   00000140   0x.... 0x....      BL       BUTTON_SetBitmapEx
    118              
    119          	BUTTON_SetBkColor(buttonRet.btnHandle, BUTTON_CI_PRESSED, gCfgItems.back_btn_color);
   \   00000144   0x6FAA             LDR      R2,[R5, #+120]
   \   00000146   0x2101             MOVS     R1,#+1
   \   00000148   0xF9B6 0x001C      LDRSH    R0,[R6, #+28]
   \   0000014C   0x.... 0x....      BL       BUTTON_SetBkColor
    120          	BUTTON_SetBkColor(buttonRet.btnHandle, BUTTON_CI_UNPRESSED, gCfgItems.back_btn_color);
   \   00000150   0x6FAA             LDR      R2,[R5, #+120]
   \   00000152   0x2100             MOVS     R1,#+0
   \   00000154   0xF9B6 0x001C      LDRSH    R0,[R6, #+28]
   \   00000158   0x.... 0x....      BL       BUTTON_SetBkColor
    121          	BUTTON_SetTextColor(buttonRet.btnHandle, BUTTON_CI_PRESSED, gCfgItems.back_btn_textcolor);
   \   0000015C   0x6FEA             LDR      R2,[R5, #+124]
   \   0000015E   0x2101             MOVS     R1,#+1
   \   00000160   0xF9B6 0x001C      LDRSH    R0,[R6, #+28]
   \   00000164   0x.... 0x....      BL       BUTTON_SetTextColor
    122          	BUTTON_SetTextColor(buttonRet.btnHandle, BUTTON_CI_UNPRESSED, gCfgItems.back_btn_textcolor);        
   \   00000168   0x6FEA             LDR      R2,[R5, #+124]
   \   0000016A   0x2100             MOVS     R1,#+0
   \   0000016C   0xF9B6 0x001C      LDRSH    R0,[R6, #+28]
   \   00000170   0x.... 0x....      BL       BUTTON_SetTextColor
    123          	if(gCfgItems.multiple_language != 0)	
   \   00000174   0xF894 0x019B      LDRB     R0,[R4, #+411]
   \   00000178   0x2800             CMP      R0,#+0
   \   0000017A   0xD018             BEQ.N    ??draw_Wifi_2
    124          	{
    125          		//if(gCfgItems.wifi_type == ESP_WIFI)
    126          		if((gCfgItems.wifi_type == ESP_WIFI)&&(gCfgItems.cloud_enable == 1))
   \   0000017C   0xF894 0x0208      LDRB     R0,[R4, #+520]
   \   00000180   0x2802             CMP      R0,#+2
   \   00000182   0xD10B             BNE.N    ??draw_Wifi_3
   \   00000184   0xF504 0x7002      ADD      R0,R4,#+520
   \   00000188   0xF990 0x0001      LDRSB    R0,[R0, #+1]
   \   0000018C   0x2801             CMP      R0,#+1
   \   0000018E   0xD105             BNE.N    ??draw_Wifi_3
    127          			BUTTON_SetText(buttonCloud.btnHandle,wifi_menu.cloud); 
   \   00000190   0x....             LDR.N    R0,??DataTable7_10
   \   00000192   0x6981             LDR      R1,[R0, #+24]
   \   00000194   0xF9B6 0x0004      LDRSH    R0,[R6, #+4]
   \   00000198   0x.... 0x....      BL       BUTTON_SetText
    128          		BUTTON_SetText(buttonRet.btnHandle, common_menu.text_back);
   \                     ??draw_Wifi_3: (+1)
   \   0000019C   0x....             LDR.N    R0,??DataTable7_11
   \   0000019E   0x6801             LDR      R1,[R0, #+0]
   \   000001A0   0xF9B6 0x001C      LDRSH    R0,[R6, #+28]
   \   000001A4   0xB004             ADD      SP,SP,#+16
   \   000001A6   0xE8BD 0x4070      POP      {R4-R6,LR}
   \   000001AA   0x.... 0x....      B.W      BUTTON_SetText
    129          	}
    130          
    131          
    132          #endif
    133          
    134          	//GUI_Exec();
    135          
    136          
    137          	
    138          }
   \                     ??draw_Wifi_2: (+1)
   \   000001AE   0xBD7F             POP      {R0-R6,PC}       ;; return
    139          
    140          

   \                                 In section .text, align 2, keep-with-next
    141          void disp_wifi_state()
    142          {
   \                     disp_wifi_state: (+1)
   \   00000000   0xB5F0             PUSH     {R4-R7,LR}
   \   00000002   0xB099             SUB      SP,SP,#+100
    143          		char buf[100]={0};
   \   00000004   0xA800             ADD      R0,SP,#+0
   \   00000006   0x2164             MOVS     R1,#+100
   \   00000008   0x.... 0x....      BL       __aeabi_memclr4
    144          		GUI_DispStringAt(wifi_menu.ip, 20, titleHeight	+ 25);
   \   0000000C   0x....             LDR.N    R4,??DataTable7_10
   \   0000000E   0x2219             MOVS     R2,#+25
   \   00000010   0x2114             MOVS     R1,#+20
   \   00000012   0x6860             LDR      R0,[R4, #+4]
   \   00000014   0x.... 0x....      BL       GUI_DispStringAt
    145          		memset(buf, ' ', sizeof(buf)-1);
   \   00000018   0x2263             MOVS     R2,#+99
   \   0000001A   0x2120             MOVS     R1,#+32
   \   0000001C   0xA800             ADD      R0,SP,#+0
   \   0000001E   0x.... 0x....      BL       memset
    146          		GUI_DispStringAt(buf, 20+30, titleHeight  + 25);		
   \   00000022   0x2219             MOVS     R2,#+25
   \   00000024   0x2132             MOVS     R1,#+50
   \   00000026   0xA800             ADD      R0,SP,#+0
   \   00000028   0x.... 0x....      BL       GUI_DispStringAt
    147          		sprintf(buf, "%s", (char *)ipPara.ip_addr); 	
   \   0000002C   0x....             ADR.N    R5,??DataTable7  ;; 0x25, 0x73, 0x00, 0x00
   \   0000002E   0x....             LDR.N    R2,??DataTable7_12
   \   00000030   0x4629             MOV      R1,R5
   \   00000032   0xA800             ADD      R0,SP,#+0
   \   00000034   0x.... 0x....      BL       sprintf
    148          		GUI_DispStringAt(buf, 20+30, titleHeight	+ 25);
   \   00000038   0x2219             MOVS     R2,#+25
   \   0000003A   0x2132             MOVS     R1,#+50
   \   0000003C   0xA800             ADD      R0,SP,#+0
   \   0000003E   0x.... 0x....      BL       GUI_DispStringAt
    149          		
    150          
    151          		GUI_DispStringAt(wifi_menu.wifi, 20, titleHeight	+ 60);
   \   00000042   0x223C             MOVS     R2,#+60
   \   00000044   0x2114             MOVS     R1,#+20
   \   00000046   0x68A0             LDR      R0,[R4, #+8]
   \   00000048   0x.... 0x....      BL       GUI_DispStringAt
    152          		memset(buf, ' ', sizeof(buf)-1);
   \   0000004C   0x2263             MOVS     R2,#+99
   \   0000004E   0x2120             MOVS     R1,#+32
   \   00000050   0xA800             ADD      R0,SP,#+0
   \   00000052   0x.... 0x....      BL       memset
    153          		GUI_DispStringAt(buf, 20+50, titleHeight  + 60);		
   \   00000056   0x223C             MOVS     R2,#+60
   \   00000058   0x2146             MOVS     R1,#+70
   \   0000005A   0xA800             ADD      R0,SP,#+0
   \   0000005C   0x.... 0x....      BL       GUI_DispStringAt
    154          		sprintf(buf, "%s", wifiPara.ap_name);
   \   00000060   0x....             LDR.N    R6,??DataTable7_13
   \   00000062   0x4632             MOV      R2,R6
   \   00000064   0x4629             MOV      R1,R5
   \   00000066   0xA800             ADD      R0,SP,#+0
   \   00000068   0x.... 0x....      BL       sprintf
    155          		GUI_DispStringAt(buf, 20+50, titleHeight	+ 60);
   \   0000006C   0x223C             MOVS     R2,#+60
   \   0000006E   0x2146             MOVS     R1,#+70
   \   00000070   0xA800             ADD      R0,SP,#+0
   \   00000072   0x.... 0x....      BL       GUI_DispStringAt
    156          
    157          		if(wifiPara.mode == 0x01)
   \   00000076   0x....             LDR.N    R7,??DataTable7_14
   \   00000078   0x6EB0             LDR      R0,[R6, #+104]
   \   0000007A   0x2801             CMP      R0,#+1
   \   0000007C   0xD14C             BNE.N    ??disp_wifi_state_0
    158          		{
    159          			GUI_DispStringAt(wifi_menu.key, 20, titleHeight  + 95);
   \   0000007E   0x225F             MOVS     R2,#+95
   \   00000080   0x2114             MOVS     R1,#+20
   \   00000082   0x68E0             LDR      R0,[R4, #+12]
   \   00000084   0x.... 0x....      BL       GUI_DispStringAt
    160          			memset(buf, ' ', sizeof(buf)-1);
   \   00000088   0x2263             MOVS     R2,#+99
   \   0000008A   0x2120             MOVS     R1,#+32
   \   0000008C   0xA800             ADD      R0,SP,#+0
   \   0000008E   0x.... 0x....      BL       memset
    161          			GUI_DispStringAt(buf, 20+40, titleHeight  + 95);		
   \   00000092   0x225F             MOVS     R2,#+95
   \   00000094   0x213C             MOVS     R1,#+60
   \   00000096   0xA800             ADD      R0,SP,#+0
   \   00000098   0x.... 0x....      BL       GUI_DispStringAt
    162          			sprintf(buf, "%s", wifiPara.keyCode);
   \   0000009C   0xF106 0x0220      ADD      R2,R6,#+32
   \   000000A0   0x4629             MOV      R1,R5
   \   000000A2   0xA800             ADD      R0,SP,#+0
   \   000000A4   0x.... 0x....      BL       sprintf
    163          			GUI_DispStringAt(buf, 20+40, titleHeight	+ 95);
   \   000000A8   0x225F             MOVS     R2,#+95
   \   000000AA   0x213C             MOVS     R1,#+60
   \   000000AC   0xA800             ADD      R0,SP,#+0
   \   000000AE   0x.... 0x....      BL       GUI_DispStringAt
    164          			
    165          			memset(buf, ' ', sizeof(buf)-1);
   \   000000B2   0x2263             MOVS     R2,#+99
   \   000000B4   0x2120             MOVS     R1,#+32
   \   000000B6   0xA800             ADD      R0,SP,#+0
   \   000000B8   0x.... 0x....      BL       memset
    166          			GUI_DispStringAt(buf, 20, titleHeight + 130);				
   \   000000BC   0x2282             MOVS     R2,#+130
   \   000000BE   0x2114             MOVS     R1,#+20
   \   000000C0   0xA800             ADD      R0,SP,#+0
   \   000000C2   0x.... 0x....      BL       GUI_DispStringAt
    167          			GUI_DispStringAt(wifi_menu.state_ap, 20, titleHeight + 130);
   \   000000C6   0x2282             MOVS     R2,#+130
   \   000000C8   0x2114             MOVS     R1,#+20
   \   000000CA   0x6920             LDR      R0,[R4, #+16]
   \   000000CC   0x.... 0x....      BL       GUI_DispStringAt
    168          
    169          			
    170          			memset(buf, ' ', sizeof(buf)-1);
   \   000000D0   0x2263             MOVS     R2,#+99
   \   000000D2   0x2120             MOVS     R1,#+32
   \   000000D4   0xA800             ADD      R0,SP,#+0
   \   000000D6   0x.... 0x....      BL       memset
    171          			GUI_DispStringAt(buf, 120, titleHeight + 130);			
   \   000000DA   0x2282             MOVS     R2,#+130
   \   000000DC   0x2178             MOVS     R1,#+120
   \   000000DE   0xA800             ADD      R0,SP,#+0
   \   000000E0   0x.... 0x....      BL       GUI_DispStringAt
    172          			if(wifi_link_state == WIFI_CONNECTED)
   \   000000E4   0xF997 0x0000      LDRSB    R0,[R7, #+0]
   \   000000E8   0x280E             CMP      R0,#+14
   \   000000EA   0xD105             BNE.N    ??disp_wifi_state_1
    173          				GUI_DispStringAt(wifi_menu.connected, 120, titleHeight + 130);
   \   000000EC   0x2282             MOVS     R2,#+130
   \   000000EE   0x2178             MOVS     R1,#+120
   \   000000F0   0x69E0             LDR      R0,[R4, #+28]
   \   000000F2   0x.... 0x....      BL       GUI_DispStringAt
   \   000000F6   0xE04B             B.N      ??disp_wifi_state_2
    174          			else if(wifi_link_state == WIFI_NOT_CONFIG)
   \                     ??disp_wifi_state_1: (+1)
   \   000000F8   0xF997 0x0000      LDRSB    R0,[R7, #+0]
   \   000000FC   0x2800             CMP      R0,#+0
   \   000000FE   0xD105             BNE.N    ??disp_wifi_state_3
    175          				GUI_DispStringAt(wifi_menu.disconnected, 120, titleHeight + 130);
   \   00000100   0x2282             MOVS     R2,#+130
   \   00000102   0x2178             MOVS     R1,#+120
   \   00000104   0x6A20             LDR      R0,[R4, #+32]
   \   00000106   0x.... 0x....      BL       GUI_DispStringAt
   \   0000010A   0xE041             B.N      ??disp_wifi_state_2
    176          			else 
    177          				GUI_DispStringAt(wifi_menu.exception, 120, titleHeight + 130);
   \                     ??disp_wifi_state_3: (+1)
   \   0000010C   0x2282             MOVS     R2,#+130
   \   0000010E   0x2178             MOVS     R1,#+120
   \   00000110   0x6A60             LDR      R0,[R4, #+36]
   \   00000112   0x.... 0x....      BL       GUI_DispStringAt
   \   00000116   0xE03B             B.N      ??disp_wifi_state_2
    178          		}
    179          		else
    180          		{
    181          			memset(buf, ' ', sizeof(buf)-1);
   \                     ??disp_wifi_state_0: (+1)
   \   00000118   0x2263             MOVS     R2,#+99
   \   0000011A   0x2120             MOVS     R1,#+32
   \   0000011C   0xA800             ADD      R0,SP,#+0
   \   0000011E   0x.... 0x....      BL       memset
    182          			GUI_DispStringAt(buf, 20, titleHeight + 95);				
   \   00000122   0x225F             MOVS     R2,#+95
   \   00000124   0x2114             MOVS     R1,#+20
   \   00000126   0xA800             ADD      R0,SP,#+0
   \   00000128   0x.... 0x....      BL       GUI_DispStringAt
    183          			GUI_DispStringAt(wifi_menu.state_sta, 20, titleHeight + 95);
   \   0000012C   0x225F             MOVS     R2,#+95
   \   0000012E   0x2114             MOVS     R1,#+20
   \   00000130   0x6960             LDR      R0,[R4, #+20]
   \   00000132   0x.... 0x....      BL       GUI_DispStringAt
    184          			
    185          			memset(buf, ' ', sizeof(buf)-1);
   \   00000136   0x2263             MOVS     R2,#+99
   \   00000138   0x2120             MOVS     R1,#+32
   \   0000013A   0xA800             ADD      R0,SP,#+0
   \   0000013C   0x.... 0x....      BL       memset
    186          			GUI_DispStringAt(buf, 120, titleHeight + 95);			
   \   00000140   0x225F             MOVS     R2,#+95
   \   00000142   0x2178             MOVS     R1,#+120
   \   00000144   0xA800             ADD      R0,SP,#+0
   \   00000146   0x.... 0x....      BL       GUI_DispStringAt
    187          			if(wifi_link_state == WIFI_CONNECTED)
   \   0000014A   0xF997 0x0000      LDRSB    R0,[R7, #+0]
   \   0000014E   0x280E             CMP      R0,#+14
   \   00000150   0xD105             BNE.N    ??disp_wifi_state_4
    188          				GUI_DispStringAt(wifi_menu.connected, 120, titleHeight + 95);
   \   00000152   0x225F             MOVS     R2,#+95
   \   00000154   0x2178             MOVS     R1,#+120
   \   00000156   0x69E0             LDR      R0,[R4, #+28]
   \   00000158   0x.... 0x....      BL       GUI_DispStringAt
   \   0000015C   0xE00E             B.N      ??disp_wifi_state_5
    189          			else if(wifi_link_state == WIFI_NOT_CONFIG)
   \                     ??disp_wifi_state_4: (+1)
   \   0000015E   0xF997 0x0000      LDRSB    R0,[R7, #+0]
   \   00000162   0x2800             CMP      R0,#+0
   \   00000164   0xD105             BNE.N    ??disp_wifi_state_6
    190          				GUI_DispStringAt(wifi_menu.disconnected, 120, titleHeight + 95);
   \   00000166   0x225F             MOVS     R2,#+95
   \   00000168   0x2178             MOVS     R1,#+120
   \   0000016A   0x6A20             LDR      R0,[R4, #+32]
   \   0000016C   0x.... 0x....      BL       GUI_DispStringAt
   \   00000170   0xE004             B.N      ??disp_wifi_state_5
    191          			else 
    192          				GUI_DispStringAt(wifi_menu.exception, 120, titleHeight + 95);	
   \                     ??disp_wifi_state_6: (+1)
   \   00000172   0x225F             MOVS     R2,#+95
   \   00000174   0x2178             MOVS     R1,#+120
   \   00000176   0x6A60             LDR      R0,[R4, #+36]
   \   00000178   0x.... 0x....      BL       GUI_DispStringAt
    193          
    194          			memset(buf, ' ', sizeof(buf)-1);
   \                     ??disp_wifi_state_5: (+1)
   \   0000017C   0x2263             MOVS     R2,#+99
   \   0000017E   0x2120             MOVS     R1,#+32
   \   00000180   0xA800             ADD      R0,SP,#+0
   \   00000182   0x.... 0x....      BL       memset
    195          			GUI_DispStringAt(buf, 20, titleHeight + 130);	
   \   00000186   0x2282             MOVS     R2,#+130
   \   00000188   0x2114             MOVS     R1,#+20
   \   0000018A   0xA800             ADD      R0,SP,#+0
   \   0000018C   0x.... 0x....      BL       GUI_DispStringAt
    196          			//memset(buf, ' ', sizeof(buf)-1);
    197          			//GUI_DispStringAt(buf, 160, titleHeight + 130);
    198          		}
    199          }
   \                     ??disp_wifi_state_2: (+1)
   \   00000190   0xB019             ADD      SP,SP,#+100
   \   00000192   0xBDF0             POP      {R4-R7,PC}       ;; return
    200          

   \                                 In section .text, align 2, keep-with-next
    201          void Clear_Wifi()
    202          {
   \                     Clear_Wifi: (+1)
   \   00000000   0xB510             PUSH     {R4,LR}
    203          	GUI_SetBkColor(gCfgItems.background_color);
   \   00000002   0x....             LDR.N    R0,??DataTable7_4
   \   00000004   0x6840             LDR      R0,[R0, #+4]
   \   00000006   0x.... 0x....      BL       GUI_SetBkColor
    204          	if(WM_IsWindow(hWifiWnd))
   \   0000000A   0x....             LDR.N    R4,??DataTable7_1
   \   0000000C   0xF9B4 0x0000      LDRSH    R0,[R4, #+0]
   \   00000010   0x.... 0x....      BL       WM_IsWindow
   \   00000014   0x2800             CMP      R0,#+0
   \   00000016   0xD005             BEQ.N    ??Clear_Wifi_0
    205          	{
    206          		WM_DeleteWindow(hWifiWnd);
   \   00000018   0xF9B4 0x0000      LDRSH    R0,[R4, #+0]
   \   0000001C   0xE8BD 0x4010      POP      {R4,LR}
   \   00000020   0x.... 0x....      B.W      WM_DeleteWindow
    207          	//	GUI_Exec();
    208          	}
    209          	
    210          	//GUI_Clear();
    211          }
   \                     ??Clear_Wifi_0: (+1)
   \   00000024   0xBD10             POP      {R4,PC}          ;; return

   \                                 In section .text, align 4, keep-with-next
   \                     ??DataTable7:
   \   00000000   0x25 0x73          DC8      0x25, 0x73, 0x00, 0x00
   \              0x00 0x00    

   \                                 In section .text, align 4, keep-with-next
   \                     ??DataTable7_1:
   \   00000000   0x........         DC32     hWifiWnd

   \                                 In section .text, align 4, keep-with-next
   \                     ??DataTable7_2:
   \   00000000   0x........         DC32     disp_state_stack

   \                                 In section .text, align 4, keep-with-next
   \                     ??DataTable7_3:
   \   00000000   0x........         DC32     disp_state

   \                                 In section .text, align 4, keep-with-next
   \                     ??DataTable7_4:
   \   00000000   0x........         DC32     gCfgItems

   \                                 In section .text, align 4, keep-with-next
   \                     ??DataTable7_5:
   \   00000000   0x........         DC32     TFT_screen

   \                                 In section .text, align 4, keep-with-next
   \                     ??DataTable7_6:
   \   00000000   0x........         DC32     _Z9cbWifiWinP10WM_MESSAGE

   \                                 In section .text, align 4, keep-with-next
   \                     ??DataTable7_7:
   \   00000000   0x........         DC32     BMP_PIC_Y

   \                                 In section .text, align 4, keep-with-next
   \                     ??DataTable7_8:
   \   00000000   0x........         DC32     BMP_PIC_X

   \                                 In section .text, align 4, keep-with-next
   \                     ??DataTable7_9:
   \   00000000   0x........         DC32     bmp_struct

   \                                 In section .text, align 4, keep-with-next
   \                     ??DataTable7_10:
   \   00000000   0x........         DC32     wifi_menu

   \                                 In section .text, align 4, keep-with-next
   \                     ??DataTable7_11:
   \   00000000   0x........         DC32     common_menu

   \                                 In section .text, align 4, keep-with-next
   \                     ??DataTable7_12:
   \   00000000   0x........         DC32     ipPara+0x1

   \                                 In section .text, align 4, keep-with-next
   \                     ??DataTable7_13:
   \   00000000   0x........         DC32     wifiPara

   \                                 In section .text, align 4, keep-with-next
   \                     ??DataTable7_14:
   \   00000000   0x........         DC32     wifi_link_state

   \                                 In section .text, align 4, keep-with-next
   \                     `?<Constant "bmp_cloud.bin">`:
   \   00000000   0x62 0x6D          DC8 "bmp_cloud.bin"
   \              0x70 0x5F    
   \              0x63 0x6C    
   \              0x6F 0x75    
   \              0x64 0x2E    
   \              0x62 0x69    
   \              0x6E 0x00    
   \   0000000E   0x00 0x00          DC8 0, 0

   \                                 In section .text, align 4, keep-with-next
   \                     `?<Constant "bmp_return.bin">`:
   \   00000000   0x62 0x6D          DC8 "bmp_return.bin"
   \              0x70 0x5F    
   \              0x72 0x65    
   \              0x74 0x75    
   \              0x72 0x6E    
   \              0x2E 0x62    
   \              0x69 0x6E    
   \              0x00         
   \   0000000F   0x00               DC8 0

   \                                 In section .rodata, align 4, keep-with-next
   \                     `?<Constant {'\\000'}>`:
   \   00000000   0x00 0x00          DC8 0, 0, 0, 0, 0, 0, 0, 0, 0, 0, 0, 0, 0, 0, 0, 0, 0
   \              0x00 0x00    
   \              0x00 0x00    
   \              0x00 0x00    
   \              0x00 0x00    
   \              0x00 0x00    
   \              0x00 0x00    
   \              0x00 0x00    
   \              0x00         
   \   00000011   0x00 0x00          DC8 0, 0, 0, 0, 0, 0, 0, 0, 0, 0, 0, 0, 0, 0, 0, 0
   \              0x00 0x00    
   \              0x00 0x00    
   \              0x00 0x00    
   \              0x00 0x00    
   \              0x00 0x00    
   \              0x00 0x00    
   \              0x00 0x00    
   \   00000021   0x00 0x00          DC8 0, 0, 0, 0, 0, 0, 0, 0, 0, 0, 0, 0, 0, 0, 0, 0
   \              0x00 0x00    
   \              0x00 0x00    
   \              0x00 0x00    
   \              0x00 0x00    
   \              0x00 0x00    
   \              0x00 0x00    
   \              0x00 0x00    
   \   00000031   0x00 0x00          DC8 0, 0, 0, 0, 0, 0, 0, 0, 0, 0, 0, 0, 0, 0, 0, 0
   \              0x00 0x00    
   \              0x00 0x00    
   \              0x00 0x00    
   \              0x00 0x00    
   \              0x00 0x00    
   \              0x00 0x00    
   \              0x00 0x00    
   \   00000041   0x00 0x00          DC8 0, 0, 0, 0, 0, 0, 0, 0, 0, 0, 0, 0, 0, 0, 0, 0
   \              0x00 0x00    
   \              0x00 0x00    
   \              0x00 0x00    
   \              0x00 0x00    
   \              0x00 0x00    
   \              0x00 0x00    
   \              0x00 0x00    
   \   00000051   0x00 0x00          DC8 0, 0, 0, 0, 0, 0, 0, 0, 0, 0, 0, 0, 0, 0, 0, 0, 0, 0, 0
   \              0x00 0x00    
   \              0x00 0x00    
   \              0x00 0x00    
   \              0x00 0x00    
   \              0x00 0x00    
   \              0x00 0x00    
   \              0x00 0x00    
   \              0x00 0x00    
   \              0x00         

   \                                 In section .rodata, align 4, keep-with-next
   \                     `?<Constant "%s">`:
   \   00000000   0x25 0x73          DC8 "%s"
   \              0x00         
   \   00000003   0x00               DC8 0
    212          
    213          

   Maximum stack usage in bytes:

   .cstack Function
   ------- --------
       8   Clear_Wifi
         8   -> GUI_SetBkColor
         0   -> WM_DeleteWindow
         8   -> WM_IsWindow
       8   cbWifiWin(WM_MESSAGE *)
         8   -> Clear_Wifi
         0   -> WM_DefaultProc
         0   -> draw_bind
         0   -> draw_return_ui
     120   disp_wifi_state
       120   -> GUI_DispStringAt
       120   -> __aeabi_memclr4
       120   -> memset
       120   -> sprintf
      32   draw_Wifi
        32   -> BUTTON_CreateEx
        32   -> BUTTON_SetBitmapEx
        32   -> BUTTON_SetBkColor
        32   -> BUTTON_SetBmpFileName
         0   -> BUTTON_SetText
        32   -> BUTTON_SetText
        32   -> BUTTON_SetTextColor
        32   -> GUI_Clear
        32   -> GUI_DispStringAt
        32   -> GUI_SetBkColor
        32   -> GUI_SetColor
        32   -> WM_CreateWindow
        32   -> alloc_win_id
        32   -> creat_title_text
        32   -> disp_wifi_state


   Section sizes:

   Bytes  Function/Label
   -----  --------------
       4  ?<Constant "%s">
      16  ?<Constant "bmp_cloud.bin">
      16  ?<Constant "bmp_return.bin">
     100  ?<Constant {'\000'}>
       4  ??DataTable7
       4  ??DataTable7_1
       4  ??DataTable7_10
       4  ??DataTable7_11
       4  ??DataTable7_12
       4  ??DataTable7_13
       4  ??DataTable7_14
       4  ??DataTable7_2
       4  ??DataTable7_3
       4  ??DataTable7_4
       4  ??DataTable7_5
       4  ??DataTable7_6
       4  ??DataTable7_7
       4  ??DataTable7_8
       4  ??DataTable7_9
      38  Clear_Wifi
      86  cbWifiWin(WM_MESSAGE *)
     404  disp_wifi_state
     432  draw_Wifi
      52  hWifiWnd
          buttonCloud
          buttonRet

 
    52 bytes in section .bss
   104 bytes in section .rodata
 1 052 bytes in section .text
 
 1 052 bytes of CODE  memory
   104 bytes of CONST memory
    52 bytes of DATA  memory

Errors: none
Warnings: 39
