###############################################################################
#
# IAR ANSI C/C++ Compiler V7.10.1.6676/W32 for ARM        16/Jul/2019  18:16:03
# Copyright 1999-2014 IAR Systems AB.
#
#    Cpu mode     =  thumb
#    Endian       =  little
#    Source file  =  
#        E:\DLP_Proj\DLP_source\branches\DLP_opensource\User\ui\draw_more.cpp
#    Command line =  
#        E:\DLP_Proj\DLP_source\branches\DLP_opensource\User\ui\draw_more.cpp
#        -D USE_HAL_DRIVER -D STM32F407xx -D STM32F40_41xxx -D USE_HAL_LIB -D
#        MKS_DLP_BOARD -D TFT35 -lC
#        E:\DLP_Proj\DLP_source\branches\DLP_opensource\EWARM\mksDLP/List\ -lA
#        E:\DLP_Proj\DLP_source\branches\DLP_opensource\EWARM\mksDLP/List\
#        --diag_suppress Pa050 -o
#        E:\DLP_Proj\DLP_source\branches\DLP_opensource\EWARM\mksDLP/Obj\
#        --no_unroll --no_inline --no_tbaa --no_scheduling --debug
#        --endian=little --cpu=Cortex-M4F -e --char_is_signed --fpu=VFPv4_sp
#        --dlib_config "C:\Program Files (x86)\IAR Systems\Embedded Workbench
#        7.0\arm\INC\c\DLib_Config_Full.h" -I
#        E:\DLP_Proj\DLP_source\branches\DLP_opensource\EWARM/../Inc\ -I
#        E:\DLP_Proj\DLP_source\branches\DLP_opensource\EWARM/../Src\ -I
#        E:\DLP_Proj\DLP_source\branches\DLP_opensource\EWARM/../Drivers/STM32F4xx_HAL_Driver/Inc\
#        -I
#        E:\DLP_Proj\DLP_source\branches\DLP_opensource\EWARM/../Drivers/STM32F4xx_HAL_Driver/Inc/Legacy\
#        -I
#        E:\DLP_Proj\DLP_source\branches\DLP_opensource\EWARM/../Middlewares/Third_Party/FatFs/src/drivers\
#        -I
#        E:\DLP_Proj\DLP_source\branches\DLP_opensource\EWARM/../Middlewares/ST/STM32_USB_Host_Library/Core/Inc\
#        -I
#        E:\DLP_Proj\DLP_source\branches\DLP_opensource\EWARM/../Middlewares/ST/STM32_USB_Host_Library/Class/MSC/Inc\
#        -I
#        E:\DLP_Proj\DLP_source\branches\DLP_opensource\EWARM/../Drivers/CMSIS/Device/ST/STM32F4xx/Include\
#        -I
#        E:\DLP_Proj\DLP_source\branches\DLP_opensource\EWARM/../Middlewares/Third_Party/FatFs/src\
#        -I
#        E:\DLP_Proj\DLP_source\branches\DLP_opensource\EWARM/../Middlewares/Third_Party/Marlin\
#        -I
#        E:\DLP_Proj\DLP_source\branches\DLP_opensource\EWARM/../Drivers/CMSIS/Include\
#        -I
#        E:\DLP_Proj\DLP_source\branches\DLP_opensource\EWARM/../Drivers/BSP/variant\
#        -I
#        E:\DLP_Proj\DLP_source\branches\DLP_opensource\EWARM/../Drivers/BSP/Components/at24cxx\
#        -I
#        E:\DLP_Proj\DLP_source\branches\DLP_opensource\EWARM/../Drivers/BSP/Components/w25qxx\
#        -I
#        E:\DLP_Proj\DLP_source\branches\DLP_opensource\EWARM/../Drivers/BSP/Components/ssd2828\
#        -I
#        E:\DLP_Proj\DLP_source\branches\DLP_opensource\EWARM/../Drivers/BSP/Components/lcd\
#        -I
#        E:\DLP_Proj\DLP_source\branches\DLP_opensource\EWARM/../Drivers/libstmf4\
#        -I
#        E:\DLP_Proj\DLP_source\branches\DLP_opensource\EWARM/../Drivers/libstmf4/include\
#        -I
#        E:\DLP_Proj\DLP_source\branches\DLP_opensource\EWARM/../Middlewares/arduino/stm32/cores/arduino\
#        -I
#        E:\DLP_Proj\DLP_source\branches\DLP_opensource\EWARM/../Middlewares/Ucgui\
#        -I
#        E:\DLP_Proj\DLP_source\branches\DLP_opensource\EWARM/../Middlewares/Ucgui/GUI/ConvertColor\
#        -I
#        E:\DLP_Proj\DLP_source\branches\DLP_opensource\EWARM/../Middlewares/Ucgui/GUI/ConvertMono\
#        -I
#        E:\DLP_Proj\DLP_source\branches\DLP_opensource\EWARM/../Middlewares/Ucgui/GUI/Core\
#        -I
#        E:\DLP_Proj\DLP_source\branches\DLP_opensource\EWARM/../Middlewares/Ucgui/GUI/Font\
#        -I
#        E:\DLP_Proj\DLP_source\branches\DLP_opensource\EWARM/../Middlewares/Ucgui/AntiAlias\
#        -I
#        E:\DLP_Proj\DLP_source\branches\DLP_opensource\EWARM/../Middlewares/Ucgui/GUI/GUIDemo\
#        -I
#        E:\DLP_Proj\DLP_source\branches\DLP_opensource\EWARM/../Middlewares/Ucgui/GUI/LCDDriver\
#        -I
#        E:\DLP_Proj\DLP_source\branches\DLP_opensource\EWARM/../Middlewares/Ucgui/GUI/MemDev\
#        -I
#        E:\DLP_Proj\DLP_source\branches\DLP_opensource\EWARM/../Middlewares/Ucgui/GUI/MultiLayer\
#        -I
#        E:\DLP_Proj\DLP_source\branches\DLP_opensource\EWARM/../Middlewares/Ucgui/GUI/Widget\
#        -I
#        E:\DLP_Proj\DLP_source\branches\DLP_opensource\EWARM/../Middlewares/Ucgui/GUI/WM\
#        -I
#        E:\DLP_Proj\DLP_source\branches\DLP_opensource\EWARM/../Middlewares/Ucgui/GUI_X\
#        -I
#        E:\DLP_Proj\DLP_source\branches\DLP_opensource\EWARM/../Middlewares/Ucgui/Config\
#        -I E:\DLP_Proj\DLP_source\branches\DLP_opensource\EWARM/../User/ui\ -I
#        E:\DLP_Proj\DLP_source\branches\DLP_opensource\EWARM/../User/ui/Multi_language\
#        -I
#        E:\DLP_Proj\DLP_source\branches\DLP_opensource\EWARM/../User/ui/QRENCODE\
#        -Om --eec++ -I "C:\Program Files (x86)\IAR Systems\Embedded Workbench
#        7.0\arm\CMSIS\Include\"
#    List file    =  
#        E:\DLP_Proj\DLP_source\branches\DLP_opensource\EWARM\mksDLP/List\draw_more.lst
#    Object file  =  
#        E:\DLP_Proj\DLP_source\branches\DLP_opensource\EWARM\mksDLP/Obj\draw_more.o
#
###############################################################################

E:\DLP_Proj\DLP_source\branches\DLP_opensource\User\ui\draw_more.cpp
      1          #include "draw_more.h"
      2          #include "gui.h"
      3          #include "button.h"
      4          #include "draw_ui.h"

  #define UNUSED(x) (void) (x)
          ^
"E:\DLP_Proj\DLP_source\branches\DLP_opensource\Middlewares\Third_Party\Marlin\macros.h",101  Warning[Pe047]: 
          incompatible redefinition of macro "UNUSED" (declared at line 87 of
          "E:\DLP_Proj\DLP_source\branches\DLP_opensource\Drivers\STM32F4xx_HAL
          _Driver\Inc\stm32f4xx_hal_def.h")

  		volatile volatile float desireBedTempBak;
  		         ^
"E:\DLP_Proj\DLP_source\branches\DLP_opensource\Inc\mks_cfg.h",351  Warning[Pe083]: 
          type qualifier specified more than once

  #define IS_SPI_MODE(MODE) (((MODE) == SPI_Mode_Master) || \
          ^
"E:\DLP_Proj\DLP_source\branches\DLP_opensource\Drivers\libstmf4\include\stm32f4xx_spi.h",173  Warning[Pe047]: 
          incompatible redefinition of macro "IS_SPI_MODE" (declared at line
          511 of
          "E:\DLP_Proj\DLP_source\branches\DLP_opensource\Drivers\STM32F4xx_HAL
          _Driver\Inc\stm32f4xx_hal_spi.h")

  #define IS_SPI_DATASIZE(DATASIZE) (((DATASIZE) == SPI_DataSize_16b) || \
          ^
"E:\DLP_Proj\DLP_source\branches\DLP_opensource\Drivers\libstmf4\include\stm32f4xx_spi.h",185  Warning[Pe047]: 
          incompatible redefinition of macro "IS_SPI_DATASIZE" (declared at
          line 523 of
          "E:\DLP_Proj\DLP_source\branches\DLP_opensource\Drivers\STM32F4xx_HAL
          _Driver\Inc\stm32f4xx_hal_spi.h")

  #define IS_SPI_CPOL(CPOL) (((CPOL) == SPI_CPOL_Low) || \
          ^
"E:\DLP_Proj\DLP_source\branches\DLP_opensource\Drivers\libstmf4\include\stm32f4xx_spi.h",197  Warning[Pe047]: 
          incompatible redefinition of macro "IS_SPI_CPOL" (declared at line
          526 of
          "E:\DLP_Proj\DLP_source\branches\DLP_opensource\Drivers\STM32F4xx_HAL
          _Driver\Inc\stm32f4xx_hal_spi.h")

  #define IS_SPI_CPHA(CPHA) (((CPHA) == SPI_CPHA_1Edge) || \
          ^
"E:\DLP_Proj\DLP_source\branches\DLP_opensource\Drivers\libstmf4\include\stm32f4xx_spi.h",209  Warning[Pe047]: 
          incompatible redefinition of macro "IS_SPI_CPHA" (declared at line
          529 of
          "E:\DLP_Proj\DLP_source\branches\DLP_opensource\Drivers\STM32F4xx_HAL
          _Driver\Inc\stm32f4xx_hal_spi.h")

  #define IS_SPI_NSS(NSS) (((NSS) == SPI_NSS_Soft) || \
          ^
"E:\DLP_Proj\DLP_source\branches\DLP_opensource\Drivers\libstmf4\include\stm32f4xx_spi.h",221  Warning[Pe047]: 
          incompatible redefinition of macro "IS_SPI_NSS" (declared at line
          532 of
          "E:\DLP_Proj\DLP_source\branches\DLP_opensource\Drivers\STM32F4xx_HAL
          _Driver\Inc\stm32f4xx_hal_spi.h")

  #define IS_SPI_BAUDRATE_PRESCALER(PRESCALER) (((PRESCALER) == SPI_BaudRatePrescaler_2) || \
          ^
"E:\DLP_Proj\DLP_source\branches\DLP_opensource\Drivers\libstmf4\include\stm32f4xx_spi.h",239  Warning[Pe047]: 
          incompatible redefinition of macro "IS_SPI_BAUDRATE_PRESCALER"
          (declared at line 536 of
          "E:\DLP_Proj\DLP_source\branches\DLP_opensource\Drivers\STM32F4xx_HAL
          _Driver\Inc\stm32f4xx_hal_spi.h")

  #define IS_SPI_FIRST_BIT(BIT) (((BIT) == SPI_FirstBit_MSB) || \
          ^
"E:\DLP_Proj\DLP_source\branches\DLP_opensource\Drivers\libstmf4\include\stm32f4xx_spi.h",257  Warning[Pe047]: 
          incompatible redefinition of macro "IS_SPI_FIRST_BIT" (declared at
          line 545 of
          "E:\DLP_Proj\DLP_source\branches\DLP_opensource\Drivers\STM32F4xx_HAL
          _Driver\Inc\stm32f4xx_hal_spi.h")

  #define IS_SPI_DIRECTION(DIRECTION) (((DIRECTION) == SPI_Direction_Rx) || \
          ^
"E:\DLP_Proj\DLP_source\branches\DLP_opensource\Drivers\libstmf4\include\stm32f4xx_spi.h",400  Warning[Pe047]: 
          incompatible redefinition of macro "IS_SPI_DIRECTION" (declared at
          line 514 of
          "E:\DLP_Proj\DLP_source\branches\DLP_opensource\Drivers\STM32F4xx_HAL
          _Driver\Inc\stm32f4xx_hal_spi.h")

  #define SPI_FLAG_CRCERR                 ((uint16_t)0x0010)
          ^
"E:\DLP_Proj\DLP_source\branches\DLP_opensource\Drivers\libstmf4\include\stm32f4xx_spi.h",442  Warning[Pe047]: 
          incompatible redefinition of macro "SPI_FLAG_CRCERR" (declared at
          line 293 of
          "E:\DLP_Proj\DLP_source\branches\DLP_opensource\Drivers\STM32F4xx_HAL
          _Driver\Inc\stm32f4xx_hal_spi.h")

  #define SPI_FLAG_MODF                   ((uint16_t)0x0020)
          ^
"E:\DLP_Proj\DLP_source\branches\DLP_opensource\Drivers\libstmf4\include\stm32f4xx_spi.h",443  Warning[Pe047]: 
          incompatible redefinition of macro "SPI_FLAG_MODF" (declared at line
          294 of
          "E:\DLP_Proj\DLP_source\branches\DLP_opensource\Drivers\STM32F4xx_HAL
          _Driver\Inc\stm32f4xx_hal_spi.h")

  #define IS_SPI_CRC_POLYNOMIAL(POLYNOMIAL) ((POLYNOMIAL) >= 0x1)
          ^
"E:\DLP_Proj\DLP_source\branches\DLP_opensource\Drivers\libstmf4\include\stm32f4xx_spi.h",462  Warning[Pe047]: 
          incompatible redefinition of macro "IS_SPI_CRC_POLYNOMIAL" (declared
          at line 554 of
          "E:\DLP_Proj\DLP_source\branches\DLP_opensource\Drivers\STM32F4xx_HAL
          _Driver\Inc\stm32f4xx_hal_spi.h")

  #define SPI_IT_TXE                   SPI_I2S_IT_TXE
          ^
"E:\DLP_Proj\DLP_source\branches\DLP_opensource\Drivers\libstmf4\include\stm32f4xx_spi.h",473  Warning[Pe047]: 
          incompatible redefinition of macro "SPI_IT_TXE" (declared at line
          280 of
          "E:\DLP_Proj\DLP_source\branches\DLP_opensource\Drivers\STM32F4xx_HAL
          _Driver\Inc\stm32f4xx_hal_spi.h")

  #define SPI_IT_RXNE                  SPI_I2S_IT_RXNE
          ^
"E:\DLP_Proj\DLP_source\branches\DLP_opensource\Drivers\libstmf4\include\stm32f4xx_spi.h",474  Warning[Pe047]: 
          incompatible redefinition of macro "SPI_IT_RXNE" (declared at line
          281 of
          "E:\DLP_Proj\DLP_source\branches\DLP_opensource\Drivers\STM32F4xx_HAL
          _Driver\Inc\stm32f4xx_hal_spi.h")

  #define SPI_IT_ERR                   SPI_I2S_IT_ERR
          ^
"E:\DLP_Proj\DLP_source\branches\DLP_opensource\Drivers\libstmf4\include\stm32f4xx_spi.h",475  Warning[Pe047]: 
          incompatible redefinition of macro "SPI_IT_ERR" (declared at line
          282 of
          "E:\DLP_Proj\DLP_source\branches\DLP_opensource\Drivers\STM32F4xx_HAL
          _Driver\Inc\stm32f4xx_hal_spi.h")

  #define SPI_FLAG_RXNE                SPI_I2S_FLAG_RXNE
          ^
"E:\DLP_Proj\DLP_source\branches\DLP_opensource\Drivers\libstmf4\include\stm32f4xx_spi.h",477  Warning[Pe047]: 
          incompatible redefinition of macro "SPI_FLAG_RXNE" (declared at line
          290 of
          "E:\DLP_Proj\DLP_source\branches\DLP_opensource\Drivers\STM32F4xx_HAL
          _Driver\Inc\stm32f4xx_hal_spi.h")

  #define SPI_FLAG_TXE                 SPI_I2S_FLAG_TXE
          ^
"E:\DLP_Proj\DLP_source\branches\DLP_opensource\Drivers\libstmf4\include\stm32f4xx_spi.h",478  Warning[Pe047]: 
          incompatible redefinition of macro "SPI_FLAG_TXE" (declared at line
          291 of
          "E:\DLP_Proj\DLP_source\branches\DLP_opensource\Drivers\STM32F4xx_HAL
          _Driver\Inc\stm32f4xx_hal_spi.h")

  #define SPI_FLAG_OVR                 SPI_I2S_FLAG_OVR
          ^
"E:\DLP_Proj\DLP_source\branches\DLP_opensource\Drivers\libstmf4\include\stm32f4xx_spi.h",479  Warning[Pe047]: 
          incompatible redefinition of macro "SPI_FLAG_OVR" (declared at line
          295 of
          "E:\DLP_Proj\DLP_source\branches\DLP_opensource\Drivers\STM32F4xx_HAL
          _Driver\Inc\stm32f4xx_hal_spi.h")

  #define SPI_FLAG_BSY                 SPI_I2S_FLAG_BSY
          ^
"E:\DLP_Proj\DLP_source\branches\DLP_opensource\Drivers\libstmf4\include\stm32f4xx_spi.h",480  Warning[Pe047]: 
          incompatible redefinition of macro "SPI_FLAG_BSY" (declared at line
          292 of
          "E:\DLP_Proj\DLP_source\branches\DLP_opensource\Drivers\STM32F4xx_HAL
          _Driver\Inc\stm32f4xx_hal_spi.h")

    #define FILAMENT_CHANGE_TEXT_EN				"Please click <Load> \nor <unload>,After \npinter pause."
            ^
"E:\DLP_Proj\DLP_source\branches\DLP_opensource\User\ui\Multi_language\Language_en.h",165  Warning[Pe047]: 
          incompatible redefinition of macro "FILAMENT_CHANGE_TEXT_EN"
          (declared at line 143)

  #define DIALOG_UNBIND_PRINTER_CN            "Ëß£Èô§ÁªëÂÆö?"
          ^
"E:\DLP_Proj\DLP_source\branches\DLP_opensource\User\ui\Multi_language\Language_s_cn.h",248  Warning[Pe047]: 
          incompatible redefinition of macro "DIALOG_UNBIND_PRINTER_CN"
          (declared at line 243)

    #define FILAMENT_CHANGE_TEXT_T_CN				"ÂæÖÊâìÂç∞Ê©üÊö´ÂÅúÂêé,\nË´ãÊåâ<ÈÄ≤Êñô>Êàñ<ÈÄÄÊñô>"
            ^
"E:\DLP_Proj\DLP_source\branches\DLP_opensource\User\ui\Multi_language\Language_t_cn.h",157  Warning[Pe047]: 
          incompatible redefinition of macro "FILAMENT_CHANGE_TEXT_T_CN"
          (declared at line 143)

    #define FILAMENT_CHANGE_TEXT_RU				"Please click <Load> \nor <unload>,After \npinter pause."
            ^
"E:\DLP_Proj\DLP_source\branches\DLP_opensource\User\ui\Multi_language\Language_ru.h",163  Warning[Pe047]: 
          incompatible redefinition of macro "FILAMENT_CHANGE_TEXT_RU"
          (declared at line 143)

  #define DIALOG_UNBIND_PRINTER_RU            "Unbind the printer?"
          ^
"E:\DLP_Proj\DLP_source\branches\DLP_opensource\User\ui\Multi_language\Language_ru.h",260  Warning[Pe047]: 
          incompatible redefinition of macro "DIALOG_UNBIND_PRINTER_RU"
          (declared at line 255)

    #define FILAMENT_CHANGE_TEXT_FR				"Please click <Load> \nor <unload>,After \npinter pause."
            ^
"E:\DLP_Proj\DLP_source\branches\DLP_opensource\User\ui\Multi_language\Language_fr.h",163  Warning[Pe047]: 
          incompatible redefinition of macro "FILAMENT_CHANGE_TEXT_FR"
          (declared at line 143)

  #define DIALOG_UNBIND_PRINTER_FR        "Unbind the printer?"
          ^
"E:\DLP_Proj\DLP_source\branches\DLP_opensource\User\ui\Multi_language\Language_fr.h",263  Warning[Pe047]: 
          incompatible redefinition of macro "DIALOG_UNBIND_PRINTER_FR"
          (declared at line 259)

    #define FILAMENT_CHANGE_TEXT_SP				"Please click <Load> \nor <unload>,After \npinter pause."
            ^
"E:\DLP_Proj\DLP_source\branches\DLP_opensource\User\ui\Multi_language\Language_sp.h",162  Warning[Pe047]: 
          incompatible redefinition of macro "FILAMENT_CHANGE_TEXT_SP"
          (declared at line 143)

    #define FILAMENT_CHANGE_TEXT_IT				"Please click <Load> \nor <unload>,After \npinter pause."
            ^
"E:\DLP_Proj\DLP_source\branches\DLP_opensource\User\ui\Multi_language\Language_it.h",163  Warning[Pe047]: 
          incompatible redefinition of macro "FILAMENT_CHANGE_TEXT_IT"
          (declared at line 143)

  #define DIALOG_UNBIND_PRINTER_IT                "Unbind the printer?"
          ^
"E:\DLP_Proj\DLP_source\branches\DLP_opensource\User\ui\Multi_language\Language_it.h",259  Warning[Pe047]: 
          incompatible redefinition of macro "DIALOG_UNBIND_PRINTER_IT"
          (declared at line 254)

  #define FILAMENT_CHANGE_TEXT_JP				"Please click <Load> \nor <unload>,After \npinter pause."
          ^
"E:\DLP_Proj\DLP_source\branches\DLP_opensource\User\ui\Multi_language\Multi_language.h",688  Warning[Pe047]: 
          incompatible redefinition of macro "FILAMENT_CHANGE_TEXT_JP"
          (declared at line 681)

  #define FILAMENT_CHANGE_TEXT_GN				"Please click <Load> \nor <unload>,After \npinter pause."
          ^
"E:\DLP_Proj\DLP_source\branches\DLP_opensource\User\ui\Multi_language\Multi_language.h",896  Warning[Pe047]: 
          incompatible redefinition of macro "FILAMENT_CHANGE_TEXT_GN"
          (declared at line 890)

  #define Simple_Dec"ºı…Ÿ"
                    ^
"E:\DLP_Proj\DLP_source\branches\DLP_opensource\User\ui\draw_ui.h",388  Warning[Pe1649]: 
          white space is required between the macro name "Simple_Dec" and its
          replacement text

  #define Simple_Speed "ÀŸ∂»"
          ^
"E:\DLP_Proj\DLP_source\branches\DLP_opensource\User\ui\draw_ui.h",443  Warning[Pe047]: 
          incompatible redefinition of macro "Simple_Speed" (declared at line
          440)

  #define Complex_Speed "ÀŸ∂»"
          ^
"E:\DLP_Proj\DLP_source\branches\DLP_opensource\User\ui\draw_ui.h",444  Warning[Pe047]: 
          incompatible redefinition of macro "Complex_Speed" (declared at line
          441)
      5          //#include "printer.h"
      6          #include "fontLib.h"
      7          //#include "gcode.h"
      8          #include "stdint.h"
      9          #include "pic_manager.h"
     10          #include "spi_flash.h"
     11          //#include "mks_tft_fifo.h"
     12          #include "draw_zoffset.h"
     13          #ifndef GUI_FLASH
     14          #define GUI_FLASH
     15          #endif
     16          

   \                                 In section .bss, align 4
     17          static BUTTON_STRUCT buttonzoffset,buttonCustom1, buttonCustom2, buttonCustom3, buttonCustom4, buttonCustom5, buttonCustom6, buttonCustom7,  buttonRet;
   \                     buttonzoffset:
   \   00000000                      DS8 24
   \   00000018                      DS8 24

   \                                 In section .bss, align 4
   \                     buttonCustom4:
   \   00000000                      DS8 24
   \   00000018                      DS8 24

   \                                 In section .bss, align 4
   \                     buttonCustom6:
   \   00000000                      DS8 24
   \   00000018                      DS8 24
     18          GUI_HWIN hMoreWnd;
     19          
     20          extern GUI_FLASH const GUI_FONT GUI_FontHZ_fontHz18;
     21          //extern TFT_FIFO gcodeCmdTxFIFO;		//gcode ÷∏¡Ó∑¢ÀÕ∂”¡–
     22          //extern TFT_FIFO gcodeCmdRxFIFO;		//gcode	÷∏¡ÓΩ” ’∂”¡–
     23          
     24          /*
     25          extern char cmd1_code[200];
     26          extern char cmd2_code[200];
     27          extern char cmd3_code[200];
     28          extern char cmd4_code[200];
     29          extern char cmd5_code[200];
     30          extern char cmd6_code[200];
     31          extern char cmd7_code[200];
     32          */
     33          extern char cmd_code[201];
     34          
     35          /*
     36          unsigned char codebuff[100];
     37          unsigned char x[1]={0};
     38          volatile unsigned char *codebufpoint = x;
     39          */

   \                                 In section .bss, align 4
     40          unsigned char codebuff[100];              //**
   \                     codebuff:
   \   00000000                      DS8 100

   \                                 In section .bss, align 1
     41          char x[1]={0};
   \                     x:
   \   00000000                      DS8 1

   \                                 In section .data, align 4
   \                     hMoreWnd:
   \   00000000   0x00 0x00          DC8 0, 0
   \   00000002   0x00 0x00          DC8 0, 0
   \   00000004   0x00 0x00          DC8 0, 0, 0, 0, 0, 0, 0, 0, 0, 0, 0, 0, 0, 0, 0, 0
   \              0x00 0x00    
   \              0x00 0x00    
   \              0x00 0x00    
   \              0x00 0x00    
   \              0x00 0x00    
   \              0x00 0x00    
   \              0x00 0x00    
   \   00000014   0x00 0x00          DC8 0, 0, 0, 0, 0, 0, 0, 0
   \              0x00 0x00    
   \              0x00 0x00    
   \              0x00 0x00    
   \   0000001C   0x00 0x00          DC8 0, 0, 0, 0, 0, 0, 0, 0, 0, 0, 0, 0, 0, 0, 0, 0
   \              0x00 0x00    
   \              0x00 0x00    
   \              0x00 0x00    
   \              0x00 0x00    
   \              0x00 0x00    
   \              0x00 0x00    
   \              0x00 0x00    
   \   0000002C   0x00 0x00          DC8 0, 0, 0, 0, 0, 0, 0, 0
   \              0x00 0x00    
   \              0x00 0x00    
   \              0x00 0x00    
   \   00000034   0x00 0x00          DC8 0, 0, 0, 0, 0, 0, 0, 0, 0, 0, 0, 0, 0, 0, 0, 0
   \              0x00 0x00    
   \              0x00 0x00    
   \              0x00 0x00    
   \              0x00 0x00    
   \              0x00 0x00    
   \              0x00 0x00    
   \              0x00 0x00    
   \   00000044   0x00 0x00          DC8 0, 0, 0, 0, 0, 0, 0, 0
   \              0x00 0x00    
   \              0x00 0x00    
   \              0x00 0x00    
     42          volatile char *codebufpoint = x;
   \                     codebufpoint:
   \   0000004C   0x........         DC32 x
     43          extern int X_ADD,X_INTERVAL;   //**Õº∆¨º‰∏Ù
     44          
     45          #if tan_mask
     46          //void pushButtonCodeToFifo(uint8_t *buttoncode)
     47          void pushButtonCodeToFifo(void)
     48          {
     49          	uint8_t i = 0,j;
     50          #if 1	
     51          	while(*(codebufpoint) != '\0')
     52          	{
     53          		memset(codebuff,0,sizeof(codebuff));
     54          		
     55          		while(*(codebufpoint) != 0x3b)//√¸¡Ó––“‘∑÷∫≈Œ™Ω· ¯∑˚°£
     56          		{
     57          			codebuff[i] = *codebufpoint;
     58          			i++;
     59          			codebufpoint++;
     60          		}
     61          		
     62          		codebuff[i] = '\n';
     63          		
     64          		codebufpoint += 1;		
     65          		if(checkFIFO(&gcodeCmdTxFIFO) != fifo_full)
     66          		{
     67          			pushFIFO(&gcodeCmdTxFIFO, codebuff);
     68          		}
     69          		else
     70          		{
     71          			codebufpoint = codebufpoint - i - 1;
     72          			break;
     73          		}
     74          		i = 0;
     75          	}
     76          #endif
     77          	
     78          }
     79          #endif

   \                                 In section .text, align 2, keep-with-next
     80          static void cbMoreWin(WM_MESSAGE * pMsg) {
     81          
     82          	//unsigned char codebuff[100];
     83          	uint8_t *codebuffpointer;
                 	         ^
Warning[Pe177]: variable "codebuffpointer" was declared but never referenced
     84          	unsigned char i = 0,j = 0;
                 	              ^
Warning[Pe177]: variable "i" was declared but never referenced

  	unsigned char i = 0,j = 0;
  	                    ^
"E:\DLP_Proj\DLP_source\branches\DLP_opensource\User\ui\draw_more.cpp",84  Warning[Pe177]: 
          variable "j" was declared but never referenced
     85          	
     86          	struct PressEvt *press_event;
                 	                 ^
Warning[Pe550]: variable "press_event" was set but never used
     87          	//char buf[30] = {0};
     88          
     89          	switch (pMsg->MsgId) {
   \                     _Z9cbMoreWinP10WM_MESSAGE: (+1)
   \   00000000   0x6801             LDR      R1,[R0, #+0]
   \   00000002   0x290C             CMP      R1,#+12
   \   00000004   0xD100             BNE.N    ??cbMoreWin_0
   \   00000006   0x4770             BX       LR
   \                     ??cbMoreWin_0: (+1)
   \   00000008   0xB538             PUSH     {R3-R5,LR}
   \   0000000A   0x290D             CMP      R1,#+13
   \   0000000C   0xD078             BEQ.N    ??cbMoreWin_1
   \   0000000E   0x290F             CMP      R1,#+15
   \   00000010   0xD076             BEQ.N    ??cbMoreWin_1
   \   00000012   0x2926             CMP      R1,#+38
   \   00000014   0xD170             BNE.N    ??cbMoreWin_2
     90          	case WM_PAINT:
     91          	//GUI_SetBkColor(GUI_BLACK);
     92          	//	GUI_Clear();
     93          	//GUI_DispString("window");
     94          		break;
     95          	case WM_TOUCH:
     96          	 	press_event = (struct PressEvt *)pMsg->Data.p;
     97          		
     98          		break;
     99          	case WM_TOUCH_CHILD:
    100          	  press_event = (struct PressEvt *)pMsg->Data.p;
    101          		
    102          	  break;
    103          
    104          	case WM_NOTIFY_PARENT:
    105          		if(pMsg->Data.v == WM_NOTIFICATION_RELEASED)
   \   00000016   0x6881             LDR      R1,[R0, #+8]
   \   00000018   0x2902             CMP      R1,#+2
   \   0000001A   0xD171             BNE.N    ??cbMoreWin_1
    106          		{	
    107          			press_event = (struct PressEvt *)pMsg->Data.p;
    108          
    109          		
    110          			if(pMsg->hWinSrc == buttonCustom1.btnHandle)
   \   0000001C   0xF9B0 0x0006      LDRSH    R0,[R0, #+6]
   \   00000020   0x.... 0x....      LDR.W    R4,??DataTable10
   \   00000024   0xF9B4 0x1004      LDRSH    R1,[R4, #+4]
   \   00000028   0x4288             CMP      R0,R1
   \   0000002A   0xD108             BNE.N    ??cbMoreWin_3
    111          			{
    112          				SPI_FLASH_BufferRead((u8 *)cmd_code,BUTTON_CMD1_ADDR,201);
   \   0000002C   0x.... 0x....      LDR.W    R5,??DataTable10_1
   \   00000030   0x22C9             MOVS     R2,#+201
   \   00000032   0x2104             MOVS     R1,#+4
   \   00000034   0x4628             MOV      R0,R5
   \   00000036   0x.... 0x....      BL       SPI_FLASH_BufferRead
    113          				codebufpoint = cmd_code;
   \   0000003A   0x64E5             STR      R5,[R4, #+76]
   \   0000003C   0xBD31             POP      {R0,R4,R5,PC}
    114          			}
    115          			else if(pMsg->hWinSrc == buttonCustom2.btnHandle)
   \                     ??cbMoreWin_3: (+1)
   \   0000003E   0xF9B4 0x101C      LDRSH    R1,[R4, #+28]
   \   00000042   0x4288             CMP      R0,R1
   \   00000044   0xD108             BNE.N    ??cbMoreWin_4
    116          			{
    117          				SPI_FLASH_BufferRead((u8 *)cmd_code,BUTTON_CMD2_ADDR,201);
   \   00000046   0x.... 0x....      LDR.W    R5,??DataTable10_1
   \   0000004A   0x22C9             MOVS     R2,#+201
   \   0000004C   0x21D0             MOVS     R1,#+208
   \   0000004E   0x4628             MOV      R0,R5
   \   00000050   0x.... 0x....      BL       SPI_FLASH_BufferRead
    118          				codebufpoint = cmd_code;
   \   00000054   0x64E5             STR      R5,[R4, #+76]
   \   00000056   0xBD31             POP      {R0,R4,R5,PC}
    119          
    120          			}
    121          			else if(pMsg->hWinSrc == buttonCustom3.btnHandle)
   \                     ??cbMoreWin_4: (+1)
   \   00000058   0xF9B4 0x1034      LDRSH    R1,[R4, #+52]
   \   0000005C   0x4288             CMP      R0,R1
   \   0000005E   0xD109             BNE.N    ??cbMoreWin_5
    122          			{
    123          				SPI_FLASH_BufferRead((u8 *)cmd_code,BUTTON_CMD3_ADDR,201);
   \   00000060   0x.... 0x....      LDR.W    R5,??DataTable10_1
   \   00000064   0x22C9             MOVS     R2,#+201
   \   00000066   0xF44F 0x71CE      MOV      R1,#+412
   \   0000006A   0x4628             MOV      R0,R5
   \   0000006C   0x.... 0x....      BL       SPI_FLASH_BufferRead
    124          				codebufpoint = cmd_code;				
   \   00000070   0x64E5             STR      R5,[R4, #+76]
   \   00000072   0xBD31             POP      {R0,R4,R5,PC}
    125          			}
    126          			else if(pMsg->hWinSrc == buttonCustom4.btnHandle)
   \                     ??cbMoreWin_5: (+1)
   \   00000074   0x.... 0x....      LDR.W    R1,??DataTable10_2
   \   00000078   0xF9B1 0x2000      LDRSH    R2,[R1, #+0]
   \   0000007C   0x4290             CMP      R0,R2
   \   0000007E   0xD109             BNE.N    ??cbMoreWin_6
    127          			{
    128          				SPI_FLASH_BufferRead((u8 *)cmd_code,BUTTON_CMD4_ADDR,201);
   \   00000080   0x.... 0x....      LDR.W    R5,??DataTable10_1
   \   00000084   0x22C9             MOVS     R2,#+201
   \   00000086   0xF44F 0x711A      MOV      R1,#+616
   \   0000008A   0x4628             MOV      R0,R5
   \   0000008C   0x.... 0x....      BL       SPI_FLASH_BufferRead
    129          				codebufpoint = cmd_code;
   \   00000090   0x64E5             STR      R5,[R4, #+76]
   \   00000092   0xBD31             POP      {R0,R4,R5,PC}
    130          
    131          			}
    132          			else if(pMsg->hWinSrc == buttonCustom5.btnHandle)
   \                     ??cbMoreWin_6: (+1)
   \   00000094   0xF9B1 0x1018      LDRSH    R1,[R1, #+24]
   \   00000098   0x4288             CMP      R0,R1
   \   0000009A   0xD109             BNE.N    ??cbMoreWin_7
    133          			{
    134          				SPI_FLASH_BufferRead((u8 *)cmd_code,BUTTON_CMD5_ADDR,201);
   \   0000009C   0x.... 0x....      LDR.W    R5,??DataTable10_1
   \   000000A0   0x22C9             MOVS     R2,#+201
   \   000000A2   0xF44F 0x714D      MOV      R1,#+820
   \   000000A6   0x4628             MOV      R0,R5
   \   000000A8   0x.... 0x....      BL       SPI_FLASH_BufferRead
    135          				codebufpoint = cmd_code;
   \   000000AC   0x64E5             STR      R5,[R4, #+76]
   \   000000AE   0xBD31             POP      {R0,R4,R5,PC}
    136          
    137          			}
    138          			else if(pMsg->hWinSrc == buttonCustom6.btnHandle)
   \                     ??cbMoreWin_7: (+1)
   \   000000B0   0x.... 0x....      LDR.W    R1,??DataTable10_3
   \   000000B4   0xF9B1 0x2000      LDRSH    R2,[R1, #+0]
   \   000000B8   0x4290             CMP      R0,R2
   \   000000BA   0xD003             BEQ.N    ??cbMoreWin_8
    139          			{
    140          				SPI_FLASH_BufferRead((u8 *)cmd_code,BUTTON_CMD6_ADDR,201);
    141          				codebufpoint = cmd_code;
    142          
    143          			}
    144          			else if(pMsg->hWinSrc == buttonCustom7.btnHandle)
   \   000000BC   0xF9B1 0x1018      LDRSH    R1,[R1, #+24]
   \   000000C0   0x4288             CMP      R0,R1
   \   000000C2   0xD109             BNE.N    ??cbMoreWin_9
    145          			{
    146          				SPI_FLASH_BufferRead((u8 *)cmd_code,BUTTON_CMD6_ADDR,201);
   \                     ??cbMoreWin_8: (+1)
   \   000000C4   0x.... 0x....      LDR.W    R5,??DataTable10_1
   \   000000C8   0x22C9             MOVS     R2,#+201
   \   000000CA   0xF44F 0x6180      MOV      R1,#+1024
   \   000000CE   0x4628             MOV      R0,R5
   \   000000D0   0x.... 0x....      BL       SPI_FLASH_BufferRead
    147          				codebufpoint = cmd_code;
   \   000000D4   0x64E5             STR      R5,[R4, #+76]
   \   000000D6   0xBD31             POP      {R0,R4,R5,PC}
    148          
    149          			}			
    150          #if tan_mask
    151          			else if(pMsg->hWinSrc == buttonzoffset.btnHandle)
    152          			{
    153          				last_disp_state = MORE_UI;
    154          				Clear_more();
    155          				draw_Zoffset();
    156          
    157          			}	
    158          #endif
    159          			else if(pMsg->hWinSrc == buttonRet.btnHandle)
   \                     ??cbMoreWin_9: (+1)
   \   000000D8   0x.... 0x....      LDR.W    R1,??DataTable10_4
   \   000000DC   0xF9B1 0x1018      LDRSH    R1,[R1, #+24]
   \   000000E0   0x4288             CMP      R0,R1
   \   000000E2   0xD10D             BNE.N    ??cbMoreWin_1
    160          			{
    161          				last_disp_state = MORE_UI;
   \   000000E4   0x2017             MOVS     R0,#+23
   \   000000E6   0x.... 0x....      LDR.W    R1,??DataTable10_5
   \   000000EA   0x7008             STRB     R0,[R1, #+0]
    162          				Clear_more();
   \   000000EC   0x.... 0x....      BL       Clear_more
    163          				draw_return_ui();		
   \   000000F0   0xE8BD 0x4031      POP      {R0,R4,R5,LR}
   \   000000F4   0x.... 0x....      B.W      draw_return_ui
    164          			}
    165          
    166          		}
    167          		break;
    168          	default:
    169          	WM_DefaultProc(pMsg);
   \                     ??cbMoreWin_2: (+1)
   \   000000F8   0xE8BD 0x4032      POP      {R1,R4,R5,LR}
   \   000000FC   0x.... 0x....      B.W      WM_DefaultProc
    170          	}
    171          }
   \                     ??cbMoreWin_1: (+1)
   \   00000100   0xBD31             POP      {R0,R4,R5,PC}    ;; return
    172          
    173          

   \                                 In section .text, align 4, keep-with-next
    174          void draw_More()
    175          {
   \                     draw_More: (+1)
   \   00000000   0xE92D 0x4FF0      PUSH     {R4-R11,LR}
   \   00000004   0xB085             SUB      SP,SP,#+20
    176          if(disp_state_stack._disp_state[disp_state_stack._disp_index] != MORE_UI)
   \   00000006   0x.... 0x....      LDR.W    R0,??DataTable10_6
   \   0000000A   0xF990 0x1064      LDRSB    R1,[R0, #+100]
   \   0000000E   0x560A             LDRSB    R2,[R1, R0]
   \   00000010   0x2A17             CMP      R2,#+23
   \   00000012   0xD005             BEQ.N    ??draw_More_2
    177          	{
    178          		disp_state_stack._disp_index++;
   \   00000014   0x1C49             ADDS     R1,R1,#+1
   \   00000016   0xF880 0x1064      STRB     R1,[R0, #+100]
    179          		disp_state_stack._disp_state[disp_state_stack._disp_index] = MORE_UI;
   \   0000001A   0x2217             MOVS     R2,#+23
   \   0000001C   0xB249             SXTB     R1,R1
   \   0000001E   0x540A             STRB     R2,[R1, R0]
    180          	}
    181          	disp_state = MORE_UI;
   \                     ??draw_More_2: (+1)
   \   00000020   0x2017             MOVS     R0,#+23
   \   00000022   0x.... 0x....      LDR.W    R1,??DataTable10_7
   \   00000026   0x7008             STRB     R0,[R1, #+0]
    182          	
    183          	//GUI_SetFont(&GUI_Font8x18);
    184          	GUI_SetBkColor(gCfgItems.background_color);
   \   00000028   0x.... 0x....      LDR.W    R4,??DataTable10_8
   \   0000002C   0x6860             LDR      R0,[R4, #+4]
   \   0000002E   0x.... 0x....      BL       GUI_SetBkColor
    185          	GUI_SetColor(gCfgItems.title_color);
   \   00000032   0x1D25             ADDS     R5,R4,#+4
   \   00000034   0x6D68             LDR      R0,[R5, #+84]
   \   00000036   0x.... 0x....      BL       GUI_SetColor
    186          	GUI_Clear();
   \   0000003A   0x.... 0x....      BL       GUI_Clear
    187          	#if 0
    188          	//GUI_SetFont(&FONT_TITLE);
    189          	if(gCfgItems.language == LANG_COMPLEX_CHINESE)
    190          	{
    191          		GUI_SetFont(&GUI_FontHZ16);
    192          	}
    193          	else if(gCfgItems.language == LANG_SIMPLE_CHINESE)
    194          	{
    195          		GUI_SetFont(&FONT_TITLE);
    196          	}
    197          	else
    198          	{
    199          		GUI_SetFont(&GUI_FontHZ_fontHz18);
    200          	}
    201          #endif
    202          
    203          	GUI_DispStringAt(creat_title_text(),  TITLE_XPOS, TITLE_YPOS);
   \   0000003E   0x.... 0x....      BL       creat_title_text
   \   00000042   0x.... 0x....      LDR.W    R1,??DataTable10_9
   \   00000046   0x89CA             LDRH     R2,[R1, #+14]
   \   00000048   0x8989             LDRH     R1,[R1, #+12]
   \   0000004A   0x.... 0x....      BL       GUI_DispStringAt
    204          	
    205          
    206          	hMoreWnd = WM_CreateWindow(0, titleHeight, LCD_WIDTH, imgHeight, WM_CF_SHOW, cbMoreWin, 0);
   \   0000004E   0x2000             MOVS     R0,#+0
   \   00000050   0x9002             STR      R0,[SP, #+8]
   \   00000052   0x.... 0x....      LDR.W    R0,??DataTable10_10
   \   00000056   0x9001             STR      R0,[SP, #+4]
   \   00000058   0x2002             MOVS     R0,#+2
   \   0000005A   0x9000             STR      R0,[SP, #+0]
   \   0000005C   0xF44F 0x73A0      MOV      R3,#+320
   \   00000060   0xF44F 0x72F0      MOV      R2,#+480
   \   00000064   0x2100             MOVS     R1,#+0
   \   00000066   0x4608             MOV      R0,R1
   \   00000068   0x.... 0x....      BL       WM_CreateWindow
   \   0000006C   0x4601             MOV      R1,R0
   \   0000006E   0x.... 0x....      LDR.W    R6,??DataTable10
   \   00000072   0x8031             STRH     R1,[R6, #+0]
    207          	if(gCfgItems.zoffset_display_flg == 1)
   \   00000074   0xF204 0x109B      ADDW     R0,R4,#+411
   \   00000078   0x9004             STR      R0,[SP, #+16]
   \   0000007A   0x.... 0x....      LDR.W    R7,??DataTable10_11
   \   0000007E   0x.... 0x....      LDR.W    R8,??DataTable10_12
   \   00000082   0x.... 0x....      LDR.W    R9,??DataTable10_13
   \   00000086   0x.... 0x....      LDR.W    R10,??DataTable10_4
   \   0000008A   0x7A40             LDRB     R0,[R0, #+9]
   \   0000008C   0x2801             CMP      R0,#+1
   \   0000008E   0xF040 0x8161      BNE.W    ??draw_More_3
    208          	{
    209          		buttonzoffset.btnHandle= BUTTON_CreateEx(INTERVAL_V, 0,BTN_X_PIXEL, BTN_Y_PIXEL,hMoreWnd, BUTTON_CF_SHOW, 0, 101);
   \   00000092   0x2065             MOVS     R0,#+101
   \   00000094   0x9003             STR      R0,[SP, #+12]
   \   00000096   0x2000             MOVS     R0,#+0
   \   00000098   0x9002             STR      R0,[SP, #+8]
   \   0000009A   0x2002             MOVS     R0,#+2
   \   0000009C   0x9001             STR      R0,[SP, #+4]
   \   0000009E   0x9100             STR      R1,[SP, #+0]
   \   000000A0   0x2374             MOVS     R3,#+116
   \   000000A2   0x228C             MOVS     R2,#+140
   \   000000A4   0x2100             MOVS     R1,#+0
   \   000000A6   0x2021             MOVS     R0,#+33
   \   000000A8   0x.... 0x....      BL       BUTTON_CreateEx
   \   000000AC   0xF8AA 0x0000      STRH     R0,[R10, #+0]
    210          		BUTTON_SetBmpFileName(buttonzoffset.btnHandle, "bmp_zoffset.bin",1);
   \   000000B0   0x2201             MOVS     R2,#+1
   \   000000B2   0x.... 0x....      ADR.W    R1,`?<Constant "bmp_zoffset.bin">`
   \   000000B6   0x.... 0x....      BL       BUTTON_SetBmpFileName
    211          		BUTTON_SetBkColor(buttonzoffset.btnHandle, BUTTON_CI_PRESSED, gCfgItems.btn_color);
   \   000000BA   0x686A             LDR      R2,[R5, #+4]
   \   000000BC   0x2101             MOVS     R1,#+1
   \   000000BE   0xF9BA 0x0000      LDRSH    R0,[R10, #+0]
   \   000000C2   0x.... 0x....      BL       BUTTON_SetBkColor
    212          		BUTTON_SetBkColor(buttonzoffset.btnHandle, BUTTON_CI_UNPRESSED, gCfgItems.btn_color);
   \   000000C6   0x686A             LDR      R2,[R5, #+4]
   \   000000C8   0x2100             MOVS     R1,#+0
   \   000000CA   0xF9BA 0x0000      LDRSH    R0,[R10, #+0]
   \   000000CE   0x.... 0x....      BL       BUTTON_SetBkColor
    213          		BUTTON_SetTextColor(buttonzoffset.btnHandle, BUTTON_CI_PRESSED, gCfgItems.btn_textcolor);
   \   000000D2   0x68EA             LDR      R2,[R5, #+12]
   \   000000D4   0x2101             MOVS     R1,#+1
   \   000000D6   0xF9BA 0x0000      LDRSH    R0,[R10, #+0]
   \   000000DA   0x.... 0x....      BL       BUTTON_SetTextColor
    214          		BUTTON_SetTextColor(buttonzoffset.btnHandle, BUTTON_CI_UNPRESSED, gCfgItems.btn_textcolor);	
   \   000000DE   0x68EA             LDR      R2,[R5, #+12]
   \   000000E0   0x2100             MOVS     R1,#+0
   \   000000E2   0xF9BA 0x0000      LDRSH    R0,[R10, #+0]
   \   000000E6   0x.... 0x....      BL       BUTTON_SetTextColor
    215          		BUTTON_SetBitmapEx(buttonzoffset.btnHandle, 0, &bmp_struct, BMP_PIC_X, BMP_PIC_Y);
   \   000000EA   0xF999 0x0000      LDRSB    R0,[R9, #+0]
   \   000000EE   0x9000             STR      R0,[SP, #+0]
   \   000000F0   0xF998 0x3000      LDRSB    R3,[R8, #+0]
   \   000000F4   0x463A             MOV      R2,R7
   \   000000F6   0x2100             MOVS     R1,#+0
   \   000000F8   0xF9BA 0x0000      LDRSH    R0,[R10, #+0]
   \   000000FC   0x.... 0x....      BL       BUTTON_SetBitmapEx
    216          		if(gCfgItems.MoreItem_pic_cnt > 6)
   \   00000100   0xF894 0x00F4      LDRB     R0,[R4, #+244]
   \   00000104   0x2807             CMP      R0,#+7
   \   00000106   0xDB02             BLT.N    ??draw_More_4
    217          			gCfgItems.MoreItem_pic_cnt = 6;
   \   00000108   0x2006             MOVS     R0,#+6
   \   0000010A   0xF884 0x00F4      STRB     R0,[R4, #+244]
    218          		
    219          		switch(gCfgItems.MoreItem_pic_cnt)
   \                     ??draw_More_4: (+1)
   \   0000010E   0xF894 0x00F4      LDRB     R0,[R4, #+244]
   \   00000112   0x1E40             SUBS     R0,R0,#+1
   \   00000114   0x2805             CMP      R0,#+5
   \   00000116   0xF200 0x8274      BHI.W    ??draw_More_5
   \   0000011A   0xE8DF 0xF010      TBH      [PC, R0, LSL #+1]
   \                     ??draw_More_0:
   \   0000011E   0x00EE 0x00C1      DC16     0xEE,0xC1,0x94,0x65
   \              0x0094 0x0065
   \   00000126   0x0036 0x0006      DC16     0x36,0x6
    220          		{
    221          			case 6:
    222          			   buttonCustom6.btnHandle= BUTTON_CreateEx(BTN_X_PIXEL*2+INTERVAL_V*3,  BTN_Y_PIXEL+INTERVAL_H,BTN_X_PIXEL, BTN_Y_PIXEL,hMoreWnd, BUTTON_CF_SHOW, 0, 107);
   \                     ??draw_More_6: (+1)
   \   0000012A   0xF240 0x107B      MOVW     R0,#+379
   \   0000012E   0x216B             MOVS     R1,#+107
   \   00000130   0x9103             STR      R1,[SP, #+12]
   \   00000132   0x2100             MOVS     R1,#+0
   \   00000134   0x9102             STR      R1,[SP, #+8]
   \   00000136   0x2102             MOVS     R1,#+2
   \   00000138   0x9101             STR      R1,[SP, #+4]
   \   0000013A   0xF9B6 0x1000      LDRSH    R1,[R6, #+0]
   \   0000013E   0x9100             STR      R1,[SP, #+0]
   \   00000140   0x2374             MOVS     R3,#+116
   \   00000142   0x228C             MOVS     R2,#+140
   \   00000144   0x2183             MOVS     R1,#+131
   \   00000146   0x.... 0x....      BL       BUTTON_CreateEx
   \   0000014A   0x.... 0x....      LDR.W    R11,??DataTable10_3
   \   0000014E   0xF8AB 0x0000      STRH     R0,[R11, #+0]
    223          			   BUTTON_SetBmpFileName(buttonCustom6.btnHandle, "bmp_custom6.bin",1);
   \   00000152   0x2201             MOVS     R2,#+1
   \   00000154   0x.... 0x....      ADR.W    R1,`?<Constant "bmp_custom6.bin">`
   \   00000158   0x.... 0x....      BL       BUTTON_SetBmpFileName
    224          			   BUTTON_SetBkColor(buttonCustom6.btnHandle, BUTTON_CI_PRESSED, gCfgItems.btn_state_color);
   \   0000015C   0x6F2A             LDR      R2,[R5, #+112]
   \   0000015E   0x2101             MOVS     R1,#+1
   \   00000160   0xF9BB 0x0000      LDRSH    R0,[R11, #+0]
   \   00000164   0x.... 0x....      BL       BUTTON_SetBkColor
    225          			   BUTTON_SetBkColor(buttonCustom6.btnHandle, BUTTON_CI_UNPRESSED, gCfgItems.btn_state_color);
   \   00000168   0x6F2A             LDR      R2,[R5, #+112]
   \   0000016A   0x2100             MOVS     R1,#+0
   \   0000016C   0xF9BB 0x0000      LDRSH    R0,[R11, #+0]
   \   00000170   0x.... 0x....      BL       BUTTON_SetBkColor
    226          			   BUTTON_SetBitmapEx(buttonCustom6.btnHandle, 0, &bmp_struct, BMP_PIC_X, BMP_PIC_Y);
   \   00000174   0xF999 0x0000      LDRSB    R0,[R9, #+0]
   \   00000178   0x9000             STR      R0,[SP, #+0]
   \   0000017A   0xF998 0x3000      LDRSB    R3,[R8, #+0]
   \   0000017E   0x463A             MOV      R2,R7
   \   00000180   0x2100             MOVS     R1,#+0
   \   00000182   0xF9BB 0x0000      LDRSH    R0,[R11, #+0]
   \   00000186   0x.... 0x....      BL       BUTTON_SetBitmapEx
    227          			case 5:
    228          			   buttonCustom5.btnHandle= BUTTON_CreateEx(BTN_X_PIXEL+INTERVAL_V*2,  BTN_Y_PIXEL+INTERVAL_H,BTN_X_PIXEL, BTN_Y_PIXEL,hMoreWnd, BUTTON_CF_SHOW, 0, 106);
   \                     ??draw_More_7: (+1)
   \   0000018A   0x206A             MOVS     R0,#+106
   \   0000018C   0x9003             STR      R0,[SP, #+12]
   \   0000018E   0x2000             MOVS     R0,#+0
   \   00000190   0x9002             STR      R0,[SP, #+8]
   \   00000192   0x2002             MOVS     R0,#+2
   \   00000194   0x9001             STR      R0,[SP, #+4]
   \   00000196   0xF9B6 0x0000      LDRSH    R0,[R6, #+0]
   \   0000019A   0x9000             STR      R0,[SP, #+0]
   \   0000019C   0x2374             MOVS     R3,#+116
   \   0000019E   0x228C             MOVS     R2,#+140
   \   000001A0   0x2183             MOVS     R1,#+131
   \   000001A2   0x20CE             MOVS     R0,#+206
   \   000001A4   0x.... 0x....      BL       BUTTON_CreateEx
   \   000001A8   0x.... 0x....      LDR.W    R11,??DataTable10_2
   \   000001AC   0xF8AB 0x0018      STRH     R0,[R11, #+24]
    229          			   BUTTON_SetBmpFileName(buttonCustom5.btnHandle, "bmp_custom5.bin",1);
   \   000001B0   0x2201             MOVS     R2,#+1
   \   000001B2   0x.... 0x....      ADR.W    R1,`?<Constant "bmp_custom5.bin">`
   \   000001B6   0x.... 0x....      BL       BUTTON_SetBmpFileName
    230          			   BUTTON_SetBkColor(buttonCustom5.btnHandle, BUTTON_CI_PRESSED, gCfgItems.btn_state_color);
   \   000001BA   0x6F2A             LDR      R2,[R5, #+112]
   \   000001BC   0x2101             MOVS     R1,#+1
   \   000001BE   0xF9BB 0x0018      LDRSH    R0,[R11, #+24]
   \   000001C2   0x.... 0x....      BL       BUTTON_SetBkColor
    231          			   BUTTON_SetBkColor(buttonCustom5.btnHandle, BUTTON_CI_UNPRESSED, gCfgItems.btn_state_color);
   \   000001C6   0x6F2A             LDR      R2,[R5, #+112]
   \   000001C8   0x2100             MOVS     R1,#+0
   \   000001CA   0xF9BB 0x0018      LDRSH    R0,[R11, #+24]
   \   000001CE   0x.... 0x....      BL       BUTTON_SetBkColor
    232          			   BUTTON_SetBitmapEx(buttonCustom5.btnHandle, 0, &bmp_struct, BMP_PIC_X, BMP_PIC_Y);
   \   000001D2   0xF999 0x0000      LDRSB    R0,[R9, #+0]
   \   000001D6   0x9000             STR      R0,[SP, #+0]
   \   000001D8   0xF998 0x3000      LDRSB    R3,[R8, #+0]
   \   000001DC   0x463A             MOV      R2,R7
   \   000001DE   0x2100             MOVS     R1,#+0
   \   000001E0   0xF9BB 0x0018      LDRSH    R0,[R11, #+24]
   \   000001E4   0x.... 0x....      BL       BUTTON_SetBitmapEx
    233          			case 4:
    234          			   buttonCustom4.btnHandle= BUTTON_CreateEx(INTERVAL_V,  BTN_Y_PIXEL+INTERVAL_H,BTN_X_PIXEL, BTN_Y_PIXEL,hMoreWnd, BUTTON_CF_SHOW, 0, 105);
   \                     ??draw_More_8: (+1)
   \   000001E8   0x2069             MOVS     R0,#+105
   \   000001EA   0x9003             STR      R0,[SP, #+12]
   \   000001EC   0x2000             MOVS     R0,#+0
   \   000001EE   0x9002             STR      R0,[SP, #+8]
   \   000001F0   0x2002             MOVS     R0,#+2
   \   000001F2   0x9001             STR      R0,[SP, #+4]
   \   000001F4   0xF9B6 0x0000      LDRSH    R0,[R6, #+0]
   \   000001F8   0x9000             STR      R0,[SP, #+0]
   \   000001FA   0x2374             MOVS     R3,#+116
   \   000001FC   0x228C             MOVS     R2,#+140
   \   000001FE   0x2183             MOVS     R1,#+131
   \   00000200   0x2021             MOVS     R0,#+33
   \   00000202   0x.... 0x....      BL       BUTTON_CreateEx
   \   00000206   0x.... 0x....      LDR.W    R11,??DataTable10_2
   \   0000020A   0xF8AB 0x0000      STRH     R0,[R11, #+0]
    235          			   BUTTON_SetBmpFileName(buttonCustom4.btnHandle, "bmp_custom4.bin",1);
   \   0000020E   0x2201             MOVS     R2,#+1
   \   00000210   0x.... 0x....      ADR.W    R1,`?<Constant "bmp_custom4.bin">`
   \   00000214   0x.... 0x....      BL       BUTTON_SetBmpFileName
    236          			   BUTTON_SetBkColor(buttonCustom4.btnHandle, BUTTON_CI_PRESSED, gCfgItems.btn_state_color);
   \   00000218   0x6F2A             LDR      R2,[R5, #+112]
   \   0000021A   0x2101             MOVS     R1,#+1
   \   0000021C   0xF9BB 0x0000      LDRSH    R0,[R11, #+0]
   \   00000220   0x.... 0x....      BL       BUTTON_SetBkColor
    237          			   BUTTON_SetBkColor(buttonCustom4.btnHandle, BUTTON_CI_UNPRESSED, gCfgItems.btn_state_color);
   \   00000224   0x6F2A             LDR      R2,[R5, #+112]
   \   00000226   0x2100             MOVS     R1,#+0
   \   00000228   0xF9BB 0x0000      LDRSH    R0,[R11, #+0]
   \   0000022C   0x.... 0x....      BL       BUTTON_SetBkColor
    238          			   BUTTON_SetBitmapEx(buttonCustom4.btnHandle, 0, &bmp_struct, BMP_PIC_X, BMP_PIC_Y);
   \   00000230   0xF999 0x0000      LDRSB    R0,[R9, #+0]
   \   00000234   0x9000             STR      R0,[SP, #+0]
   \   00000236   0xF998 0x3000      LDRSB    R3,[R8, #+0]
   \   0000023A   0x463A             MOV      R2,R7
   \   0000023C   0x2100             MOVS     R1,#+0
   \   0000023E   0xF9BB 0x0000      LDRSH    R0,[R11, #+0]
   \   00000242   0x.... 0x....      BL       BUTTON_SetBitmapEx
    239          			case 3:
    240          			   buttonCustom3.btnHandle= BUTTON_CreateEx(BTN_X_PIXEL*3+INTERVAL_V*4,  0,BTN_X_PIXEL, BTN_Y_PIXEL,hMoreWnd, BUTTON_CF_SHOW, 0, 108);
   \                     ??draw_More_9: (+1)
   \   00000246   0x206C             MOVS     R0,#+108
   \   00000248   0x9003             STR      R0,[SP, #+12]
   \   0000024A   0x2000             MOVS     R0,#+0
   \   0000024C   0x9002             STR      R0,[SP, #+8]
   \   0000024E   0x2002             MOVS     R0,#+2
   \   00000250   0x9001             STR      R0,[SP, #+4]
   \   00000252   0xF9B6 0x0000      LDRSH    R0,[R6, #+0]
   \   00000256   0x9000             STR      R0,[SP, #+0]
   \   00000258   0x2374             MOVS     R3,#+116
   \   0000025A   0x228C             MOVS     R2,#+140
   \   0000025C   0x2100             MOVS     R1,#+0
   \   0000025E   0xF44F 0x700A      MOV      R0,#+552
   \   00000262   0x.... 0x....      BL       BUTTON_CreateEx
   \   00000266   0x86B0             STRH     R0,[R6, #+52]
    241          			   BUTTON_SetBmpFileName(buttonCustom3.btnHandle, "bmp_custom3.bin",1);
   \   00000268   0x2201             MOVS     R2,#+1
   \   0000026A   0x.... 0x....      ADR.W    R1,`?<Constant "bmp_custom3.bin">`
   \   0000026E   0x.... 0x....      BL       BUTTON_SetBmpFileName
    242          			   BUTTON_SetBkColor(buttonCustom3.btnHandle, BUTTON_CI_PRESSED, gCfgItems.btn_state_color);
   \   00000272   0x6F2A             LDR      R2,[R5, #+112]
   \   00000274   0x2101             MOVS     R1,#+1
   \   00000276   0xF9B6 0x0034      LDRSH    R0,[R6, #+52]
   \   0000027A   0x.... 0x....      BL       BUTTON_SetBkColor
    243          			   BUTTON_SetBkColor(buttonCustom3.btnHandle, BUTTON_CI_UNPRESSED, gCfgItems.btn_state_color);
   \   0000027E   0x6F2A             LDR      R2,[R5, #+112]
   \   00000280   0x2100             MOVS     R1,#+0
   \   00000282   0xF9B6 0x0034      LDRSH    R0,[R6, #+52]
   \   00000286   0x.... 0x....      BL       BUTTON_SetBkColor
    244          			   BUTTON_SetBitmapEx(buttonCustom3.btnHandle, 0, &bmp_struct, BMP_PIC_X, BMP_PIC_Y);
   \   0000028A   0xF999 0x0000      LDRSB    R0,[R9, #+0]
   \   0000028E   0x9000             STR      R0,[SP, #+0]
   \   00000290   0xF998 0x3000      LDRSB    R3,[R8, #+0]
   \   00000294   0x463A             MOV      R2,R7
   \   00000296   0x2100             MOVS     R1,#+0
   \   00000298   0xF9B6 0x0034      LDRSH    R0,[R6, #+52]
   \   0000029C   0x.... 0x....      BL       BUTTON_SetBitmapEx
    245          			case 2:
    246          			   buttonCustom2.btnHandle= BUTTON_CreateEx(BTN_X_PIXEL*2+INTERVAL_V*3,  0,BTN_X_PIXEL, BTN_Y_PIXEL,hMoreWnd, BUTTON_CF_SHOW, 0, 103);
   \                     ??draw_More_10: (+1)
   \   000002A0   0xF240 0x107B      MOVW     R0,#+379
   \   000002A4   0x2167             MOVS     R1,#+103
   \   000002A6   0x9103             STR      R1,[SP, #+12]
   \   000002A8   0x2100             MOVS     R1,#+0
   \   000002AA   0x9102             STR      R1,[SP, #+8]
   \   000002AC   0x2102             MOVS     R1,#+2
   \   000002AE   0x9101             STR      R1,[SP, #+4]
   \   000002B0   0xF9B6 0x1000      LDRSH    R1,[R6, #+0]
   \   000002B4   0x9100             STR      R1,[SP, #+0]
   \   000002B6   0x2374             MOVS     R3,#+116
   \   000002B8   0x228C             MOVS     R2,#+140
   \   000002BA   0x2100             MOVS     R1,#+0
   \   000002BC   0x.... 0x....      BL       BUTTON_CreateEx
   \   000002C0   0x83B0             STRH     R0,[R6, #+28]
    247          			   BUTTON_SetBmpFileName(buttonCustom2.btnHandle, "bmp_custom2.bin",1);
   \   000002C2   0x2201             MOVS     R2,#+1
   \   000002C4   0x.... 0x....      ADR.W    R1,`?<Constant "bmp_custom2.bin">`
   \   000002C8   0x.... 0x....      BL       BUTTON_SetBmpFileName
    248          			   BUTTON_SetBkColor(buttonCustom2.btnHandle, BUTTON_CI_PRESSED, gCfgItems.btn_state_color);
   \   000002CC   0x6F2A             LDR      R2,[R5, #+112]
   \   000002CE   0x2101             MOVS     R1,#+1
   \   000002D0   0xF9B6 0x001C      LDRSH    R0,[R6, #+28]
   \   000002D4   0x.... 0x....      BL       BUTTON_SetBkColor
    249          			   BUTTON_SetBkColor(buttonCustom2.btnHandle, BUTTON_CI_UNPRESSED, gCfgItems.btn_state_color);
   \   000002D8   0x6F2A             LDR      R2,[R5, #+112]
   \   000002DA   0x2100             MOVS     R1,#+0
   \   000002DC   0xF9B6 0x001C      LDRSH    R0,[R6, #+28]
   \   000002E0   0x.... 0x....      BL       BUTTON_SetBkColor
    250          			   BUTTON_SetBitmapEx(buttonCustom2.btnHandle, 0, &bmp_struct, BMP_PIC_X, BMP_PIC_Y);
   \   000002E4   0xF999 0x0000      LDRSB    R0,[R9, #+0]
   \   000002E8   0x9000             STR      R0,[SP, #+0]
   \   000002EA   0xF998 0x3000      LDRSB    R3,[R8, #+0]
   \   000002EE   0x463A             MOV      R2,R7
   \   000002F0   0x2100             MOVS     R1,#+0
   \   000002F2   0xF9B6 0x001C      LDRSH    R0,[R6, #+28]
   \   000002F6   0x.... 0x....      BL       BUTTON_SetBitmapEx
    251          			case 1:
    252          			   buttonCustom1.btnHandle= BUTTON_CreateEx(BTN_X_PIXEL+INTERVAL_V*2,  0,BTN_X_PIXEL, BTN_Y_PIXEL,hMoreWnd, BUTTON_CF_SHOW, 0, 102); 	   
   \                     ??draw_More_11: (+1)
   \   000002FA   0x2066             MOVS     R0,#+102
   \   000002FC   0x9003             STR      R0,[SP, #+12]
   \   000002FE   0x2000             MOVS     R0,#+0
   \   00000300   0x9002             STR      R0,[SP, #+8]
   \   00000302   0x2002             MOVS     R0,#+2
   \   00000304   0x9001             STR      R0,[SP, #+4]
   \   00000306   0xF9B6 0x0000      LDRSH    R0,[R6, #+0]
   \   0000030A   0x9000             STR      R0,[SP, #+0]
   \   0000030C   0x2374             MOVS     R3,#+116
   \   0000030E   0x228C             MOVS     R2,#+140
   \   00000310   0x2100             MOVS     R1,#+0
   \   00000312   0x20CE             MOVS     R0,#+206
   \   00000314   0x.... 0x....      BL       BUTTON_CreateEx
   \   00000318   0x80B0             STRH     R0,[R6, #+4]
    253          			   BUTTON_SetBmpFileName(buttonCustom1.btnHandle, "bmp_custom1.bin",1);
   \   0000031A   0x2201             MOVS     R2,#+1
   \   0000031C   0x.... 0x....      ADR.W    R1,`?<Constant "bmp_custom1.bin">`
   \   00000320   0x.... 0x....      BL       BUTTON_SetBmpFileName
    254          			   BUTTON_SetBkColor(buttonCustom1.btnHandle, BUTTON_CI_PRESSED, gCfgItems.btn_state_color);
   \   00000324   0x6F2A             LDR      R2,[R5, #+112]
   \   00000326   0x2101             MOVS     R1,#+1
   \   00000328   0xF9B6 0x0004      LDRSH    R0,[R6, #+4]
   \   0000032C   0x.... 0x....      BL       BUTTON_SetBkColor
    255          			   BUTTON_SetBkColor(buttonCustom1.btnHandle, BUTTON_CI_UNPRESSED, gCfgItems.btn_state_color);
   \   00000330   0x6F2A             LDR      R2,[R5, #+112]
   \   00000332   0x2100             MOVS     R1,#+0
   \   00000334   0xF9B6 0x0004      LDRSH    R0,[R6, #+4]
   \   00000338   0x.... 0x....      BL       BUTTON_SetBkColor
    256          			   BUTTON_SetBitmapEx(buttonCustom1.btnHandle, 0, &bmp_struct, BMP_PIC_X, BMP_PIC_Y);
   \   0000033C   0xF999 0x0000      LDRSB    R0,[R9, #+0]
   \   00000340   0x9000             STR      R0,[SP, #+0]
   \   00000342   0xF998 0x3000      LDRSB    R3,[R8, #+0]
   \   00000346   0x463A             MOV      R2,R7
   \   00000348   0x2100             MOVS     R1,#+0
   \   0000034A   0xF9B6 0x0004      LDRSH    R0,[R6, #+4]
   \   0000034E   0x.... 0x....      BL       BUTTON_SetBitmapEx
    257          			//case 1:
    258          			//   buttonCustom1.btnHandle= BUTTON_CreateEx(INTERVAL_V, 0,BTN_X_PIXEL, BTN_Y_PIXEL,hMoreWnd, BUTTON_CF_SHOW, 0, 101);
    259          			//   BUTTON_SetBmpFileName(buttonCustom1.btnHandle, "bmp_custom1.bin",1);
    260          			//   BUTTON_SetBkColor(buttonCustom1.btnHandle, BUTTON_CI_PRESSED, gCfgItems.btn_state_color);
    261          			//   BUTTON_SetBkColor(buttonCustom1.btnHandle, BUTTON_CI_UNPRESSED, gCfgItems.btn_state_color);
    262          			//   BUTTON_SetBitmapEx(buttonCustom1.btnHandle, 0, &bmp_struct, BMP_PIC_X, BMP_PIC_Y);
    263          			break;
   \   00000352   0xE156             B.N      ??draw_More_5
    264          			default:break;
    265          			}
    266          		}
    267          		else
    268          		{
    269          			if(gCfgItems.MoreItem_pic_cnt > 7)
   \                     ??draw_More_3: (+1)
   \   00000354   0xF894 0x00F4      LDRB     R0,[R4, #+244]
   \   00000358   0x2808             CMP      R0,#+8
   \   0000035A   0xDB02             BLT.N    ??draw_More_12
    270          				gCfgItems.MoreItem_pic_cnt = 7;
   \   0000035C   0x2007             MOVS     R0,#+7
   \   0000035E   0xF884 0x00F4      STRB     R0,[R4, #+244]
    271          			
    272          			switch(gCfgItems.MoreItem_pic_cnt)
   \                     ??draw_More_12: (+1)
   \   00000362   0xF894 0x00F4      LDRB     R0,[R4, #+244]
   \   00000366   0x1E40             SUBS     R0,R0,#+1
   \   00000368   0x2806             CMP      R0,#+6
   \   0000036A   0xF200 0x814A      BHI.W    ??draw_More_5
   \   0000036E   0xE8DF 0xF010      TBH      [PC, R0, LSL #+1]
   \                     ??draw_More_1:
   \   00000372   0x011C 0x00F0      DC16     0x11C,0xF0,0xC3,0x93
   \              0x00C3 0x0093
   \   0000037A   0x0064 0x0035      DC16     0x64,0x35,0x7
   \              0x0007       
    273          			{
    274          				case 7:
    275          				   buttonCustom7.btnHandle= BUTTON_CreateEx(BTN_X_PIXEL*2+INTERVAL_V*3,  BTN_Y_PIXEL+INTERVAL_H,BTN_X_PIXEL, BTN_Y_PIXEL,hMoreWnd, BUTTON_CF_SHOW, 0, 107);
   \                     ??draw_More_13: (+1)
   \   00000380   0xF240 0x107B      MOVW     R0,#+379
   \   00000384   0x226B             MOVS     R2,#+107
   \   00000386   0x9203             STR      R2,[SP, #+12]
   \   00000388   0x2200             MOVS     R2,#+0
   \   0000038A   0x9202             STR      R2,[SP, #+8]
   \   0000038C   0x2202             MOVS     R2,#+2
   \   0000038E   0x9201             STR      R2,[SP, #+4]
   \   00000390   0x9100             STR      R1,[SP, #+0]
   \   00000392   0x2374             MOVS     R3,#+116
   \   00000394   0x228C             MOVS     R2,#+140
   \   00000396   0x2183             MOVS     R1,#+131
   \   00000398   0x.... 0x....      BL       BUTTON_CreateEx
   \   0000039C   0x.... 0x....      LDR.W    R11,??DataTable10_3
   \   000003A0   0xF8AB 0x0018      STRH     R0,[R11, #+24]
    276          				   BUTTON_SetBmpFileName(buttonCustom7.btnHandle, "bmp_custom6.bin",1);
   \   000003A4   0x2201             MOVS     R2,#+1
   \   000003A6   0x.... 0x....      ADR.W    R1,`?<Constant "bmp_custom6.bin">`
   \   000003AA   0x.... 0x....      BL       BUTTON_SetBmpFileName
    277          				   BUTTON_SetBkColor(buttonCustom7.btnHandle, BUTTON_CI_PRESSED, gCfgItems.btn_state_color);
   \   000003AE   0x6F2A             LDR      R2,[R5, #+112]
   \   000003B0   0x2101             MOVS     R1,#+1
   \   000003B2   0xF9BB 0x0018      LDRSH    R0,[R11, #+24]
   \   000003B6   0x.... 0x....      BL       BUTTON_SetBkColor
    278          				   BUTTON_SetBkColor(buttonCustom7.btnHandle, BUTTON_CI_UNPRESSED, gCfgItems.btn_state_color);
   \   000003BA   0x6F2A             LDR      R2,[R5, #+112]
   \   000003BC   0x2100             MOVS     R1,#+0
   \   000003BE   0xF9BB 0x0018      LDRSH    R0,[R11, #+24]
   \   000003C2   0x.... 0x....      BL       BUTTON_SetBkColor
    279          				   BUTTON_SetBitmapEx(buttonCustom7.btnHandle, 0, &bmp_struct, BMP_PIC_X, BMP_PIC_Y);
   \   000003C6   0xF999 0x0000      LDRSB    R0,[R9, #+0]
   \   000003CA   0x9000             STR      R0,[SP, #+0]
   \   000003CC   0xF998 0x3000      LDRSB    R3,[R8, #+0]
   \   000003D0   0x463A             MOV      R2,R7
   \   000003D2   0x2100             MOVS     R1,#+0
   \   000003D4   0xF9BB 0x0018      LDRSH    R0,[R11, #+24]
   \   000003D8   0x.... 0x....      BL       BUTTON_SetBitmapEx
    280          				case 6:
    281          				   buttonCustom6.btnHandle= BUTTON_CreateEx(BTN_X_PIXEL+INTERVAL_V*2,  BTN_Y_PIXEL+INTERVAL_H,BTN_X_PIXEL, BTN_Y_PIXEL,hMoreWnd, BUTTON_CF_SHOW, 0, 106);
   \                     ??draw_More_14: (+1)
   \   000003DC   0x206A             MOVS     R0,#+106
   \   000003DE   0x9003             STR      R0,[SP, #+12]
   \   000003E0   0x2000             MOVS     R0,#+0
   \   000003E2   0x9002             STR      R0,[SP, #+8]
   \   000003E4   0x2002             MOVS     R0,#+2
   \   000003E6   0x9001             STR      R0,[SP, #+4]
   \   000003E8   0xF9B6 0x0000      LDRSH    R0,[R6, #+0]
   \   000003EC   0x9000             STR      R0,[SP, #+0]
   \   000003EE   0x2374             MOVS     R3,#+116
   \   000003F0   0x228C             MOVS     R2,#+140
   \   000003F2   0x2183             MOVS     R1,#+131
   \   000003F4   0x20CE             MOVS     R0,#+206
   \   000003F6   0x.... 0x....      BL       BUTTON_CreateEx
   \   000003FA   0x.... 0x....      LDR.W    R11,??DataTable10_3
   \   000003FE   0xF8AB 0x0000      STRH     R0,[R11, #+0]
    282          				   BUTTON_SetBmpFileName(buttonCustom6.btnHandle, "bmp_custom5.bin",1);
   \   00000402   0x2201             MOVS     R2,#+1
   \   00000404   0x.... 0x....      ADR.W    R1,`?<Constant "bmp_custom5.bin">`
   \   00000408   0x.... 0x....      BL       BUTTON_SetBmpFileName
    283          				   BUTTON_SetBkColor(buttonCustom6.btnHandle, BUTTON_CI_PRESSED, gCfgItems.btn_state_color);
   \   0000040C   0x6F2A             LDR      R2,[R5, #+112]
   \   0000040E   0x2101             MOVS     R1,#+1
   \   00000410   0xF9BB 0x0000      LDRSH    R0,[R11, #+0]
   \   00000414   0x.... 0x....      BL       BUTTON_SetBkColor
    284          				   BUTTON_SetBkColor(buttonCustom6.btnHandle, BUTTON_CI_UNPRESSED, gCfgItems.btn_state_color);
   \   00000418   0x6F2A             LDR      R2,[R5, #+112]
   \   0000041A   0x2100             MOVS     R1,#+0
   \   0000041C   0xF9BB 0x0000      LDRSH    R0,[R11, #+0]
   \   00000420   0x.... 0x....      BL       BUTTON_SetBkColor
    285          				   BUTTON_SetBitmapEx(buttonCustom6.btnHandle, 0, &bmp_struct, BMP_PIC_X, BMP_PIC_Y);
   \   00000424   0xF999 0x0000      LDRSB    R0,[R9, #+0]
   \   00000428   0x9000             STR      R0,[SP, #+0]
   \   0000042A   0xF998 0x3000      LDRSB    R3,[R8, #+0]
   \   0000042E   0x463A             MOV      R2,R7
   \   00000430   0x2100             MOVS     R1,#+0
   \   00000432   0xF9BB 0x0000      LDRSH    R0,[R11, #+0]
   \   00000436   0x.... 0x....      BL       BUTTON_SetBitmapEx
    286          				case 5:
    287          				   buttonCustom5.btnHandle= BUTTON_CreateEx(INTERVAL_V,  BTN_Y_PIXEL+INTERVAL_H,BTN_X_PIXEL, BTN_Y_PIXEL,hMoreWnd, BUTTON_CF_SHOW, 0, 105);
   \                     ??draw_More_15: (+1)
   \   0000043A   0x2069             MOVS     R0,#+105
   \   0000043C   0x9003             STR      R0,[SP, #+12]
   \   0000043E   0x2000             MOVS     R0,#+0
   \   00000440   0x9002             STR      R0,[SP, #+8]
   \   00000442   0x2002             MOVS     R0,#+2
   \   00000444   0x9001             STR      R0,[SP, #+4]
   \   00000446   0xF9B6 0x0000      LDRSH    R0,[R6, #+0]
   \   0000044A   0x9000             STR      R0,[SP, #+0]
   \   0000044C   0x2374             MOVS     R3,#+116
   \   0000044E   0x228C             MOVS     R2,#+140
   \   00000450   0x2183             MOVS     R1,#+131
   \   00000452   0x2021             MOVS     R0,#+33
   \   00000454   0x.... 0x....      BL       BUTTON_CreateEx
   \   00000458   0x.... 0x....      LDR.W    R11,??DataTable10_2
   \   0000045C   0xF8AB 0x0018      STRH     R0,[R11, #+24]
    288          				   BUTTON_SetBmpFileName(buttonCustom5.btnHandle, "bmp_custom4.bin",1);
   \   00000460   0x2201             MOVS     R2,#+1
   \   00000462   0x.... 0x....      ADR.W    R1,`?<Constant "bmp_custom4.bin">`
   \   00000466   0x.... 0x....      BL       BUTTON_SetBmpFileName
    289          				   BUTTON_SetBkColor(buttonCustom5.btnHandle, BUTTON_CI_PRESSED, gCfgItems.btn_state_color);
   \   0000046A   0x6F2A             LDR      R2,[R5, #+112]
   \   0000046C   0x2101             MOVS     R1,#+1
   \   0000046E   0xF9BB 0x0018      LDRSH    R0,[R11, #+24]
   \   00000472   0x.... 0x....      BL       BUTTON_SetBkColor
    290          				   BUTTON_SetBkColor(buttonCustom5.btnHandle, BUTTON_CI_UNPRESSED, gCfgItems.btn_state_color);
   \   00000476   0x6F2A             LDR      R2,[R5, #+112]
   \   00000478   0x2100             MOVS     R1,#+0
   \   0000047A   0xF9BB 0x0018      LDRSH    R0,[R11, #+24]
   \   0000047E   0x.... 0x....      BL       BUTTON_SetBkColor
    291          				   BUTTON_SetBitmapEx(buttonCustom5.btnHandle, 0, &bmp_struct, BMP_PIC_X, BMP_PIC_Y);
   \   00000482   0xF999 0x0000      LDRSB    R0,[R9, #+0]
   \   00000486   0x9000             STR      R0,[SP, #+0]
   \   00000488   0xF998 0x3000      LDRSB    R3,[R8, #+0]
   \   0000048C   0x463A             MOV      R2,R7
   \   0000048E   0x2100             MOVS     R1,#+0
   \   00000490   0xF9BB 0x0018      LDRSH    R0,[R11, #+24]
   \   00000494   0x.... 0x....      BL       BUTTON_SetBitmapEx
    292          				case 4:
    293          				   buttonCustom4.btnHandle= BUTTON_CreateEx(BTN_X_PIXEL*3+INTERVAL_V*4,  0,BTN_X_PIXEL, BTN_Y_PIXEL,hMoreWnd, BUTTON_CF_SHOW, 0, 108);
   \                     ??draw_More_16: (+1)
   \   00000498   0x206C             MOVS     R0,#+108
   \   0000049A   0x9003             STR      R0,[SP, #+12]
   \   0000049C   0x2000             MOVS     R0,#+0
   \   0000049E   0x9002             STR      R0,[SP, #+8]
   \   000004A0   0x2002             MOVS     R0,#+2
   \   000004A2   0x9001             STR      R0,[SP, #+4]
   \   000004A4   0xF9B6 0x0000      LDRSH    R0,[R6, #+0]
   \   000004A8   0x9000             STR      R0,[SP, #+0]
   \   000004AA   0x2374             MOVS     R3,#+116
   \   000004AC   0x228C             MOVS     R2,#+140
   \   000004AE   0x2100             MOVS     R1,#+0
   \   000004B0   0xF44F 0x700A      MOV      R0,#+552
   \   000004B4   0x.... 0x....      BL       BUTTON_CreateEx
   \   000004B8   0x.... 0x....      LDR.W    R11,??DataTable10_2
   \   000004BC   0xF8AB 0x0000      STRH     R0,[R11, #+0]
    294          				   BUTTON_SetBmpFileName(buttonCustom4.btnHandle, "bmp_custom3.bin",1);
   \   000004C0   0x2201             MOVS     R2,#+1
   \   000004C2   0x.... 0x....      ADR.W    R1,`?<Constant "bmp_custom3.bin">`
   \   000004C6   0x.... 0x....      BL       BUTTON_SetBmpFileName
    295          				   BUTTON_SetBkColor(buttonCustom4.btnHandle, BUTTON_CI_PRESSED, gCfgItems.btn_state_color);
   \   000004CA   0x6F2A             LDR      R2,[R5, #+112]
   \   000004CC   0x2101             MOVS     R1,#+1
   \   000004CE   0xF9BB 0x0000      LDRSH    R0,[R11, #+0]
   \   000004D2   0x.... 0x....      BL       BUTTON_SetBkColor
    296          				   BUTTON_SetBkColor(buttonCustom4.btnHandle, BUTTON_CI_UNPRESSED, gCfgItems.btn_state_color);
   \   000004D6   0x6F2A             LDR      R2,[R5, #+112]
   \   000004D8   0x2100             MOVS     R1,#+0
   \   000004DA   0xF9BB 0x0000      LDRSH    R0,[R11, #+0]
   \   000004DE   0x.... 0x....      BL       BUTTON_SetBkColor
    297          				   BUTTON_SetBitmapEx(buttonCustom4.btnHandle, 0, &bmp_struct, BMP_PIC_X, BMP_PIC_Y);
   \   000004E2   0xF999 0x0000      LDRSB    R0,[R9, #+0]
   \   000004E6   0x9000             STR      R0,[SP, #+0]
   \   000004E8   0xF998 0x3000      LDRSB    R3,[R8, #+0]
   \   000004EC   0x463A             MOV      R2,R7
   \   000004EE   0x2100             MOVS     R1,#+0
   \   000004F0   0xF9BB 0x0000      LDRSH    R0,[R11, #+0]
   \   000004F4   0x.... 0x....      BL       BUTTON_SetBitmapEx
    298          				case 3:
    299          				   buttonCustom3.btnHandle= BUTTON_CreateEx(BTN_X_PIXEL*2+INTERVAL_V*3,  0,BTN_X_PIXEL, BTN_Y_PIXEL,hMoreWnd, BUTTON_CF_SHOW, 0, 103);
   \                     ??draw_More_17: (+1)
   \   000004F8   0xF240 0x107B      MOVW     R0,#+379
   \   000004FC   0x2167             MOVS     R1,#+103
   \   000004FE   0x9103             STR      R1,[SP, #+12]
   \   00000500   0x2100             MOVS     R1,#+0
   \   00000502   0x9102             STR      R1,[SP, #+8]
   \   00000504   0x2102             MOVS     R1,#+2
   \   00000506   0x9101             STR      R1,[SP, #+4]
   \   00000508   0xF9B6 0x1000      LDRSH    R1,[R6, #+0]
   \   0000050C   0x9100             STR      R1,[SP, #+0]
   \   0000050E   0x2374             MOVS     R3,#+116
   \   00000510   0x228C             MOVS     R2,#+140
   \   00000512   0x2100             MOVS     R1,#+0
   \   00000514   0x.... 0x....      BL       BUTTON_CreateEx
   \   00000518   0x86B0             STRH     R0,[R6, #+52]
    300          				   BUTTON_SetBmpFileName(buttonCustom3.btnHandle, "bmp_custom2.bin",1);
   \   0000051A   0x2201             MOVS     R2,#+1
   \   0000051C   0x.... 0x....      ADR.W    R1,`?<Constant "bmp_custom2.bin">`
   \   00000520   0x.... 0x....      BL       BUTTON_SetBmpFileName
    301          				   BUTTON_SetBkColor(buttonCustom3.btnHandle, BUTTON_CI_PRESSED, gCfgItems.btn_state_color);
   \   00000524   0x6F2A             LDR      R2,[R5, #+112]
   \   00000526   0x2101             MOVS     R1,#+1
   \   00000528   0xF9B6 0x0034      LDRSH    R0,[R6, #+52]
   \   0000052C   0x.... 0x....      BL       BUTTON_SetBkColor
    302          				   BUTTON_SetBkColor(buttonCustom3.btnHandle, BUTTON_CI_UNPRESSED, gCfgItems.btn_state_color);
   \   00000530   0x6F2A             LDR      R2,[R5, #+112]
   \   00000532   0x2100             MOVS     R1,#+0
   \   00000534   0xF9B6 0x0034      LDRSH    R0,[R6, #+52]
   \   00000538   0x.... 0x....      BL       BUTTON_SetBkColor
    303          				   BUTTON_SetBitmapEx(buttonCustom3.btnHandle, 0, &bmp_struct, BMP_PIC_X, BMP_PIC_Y);
   \   0000053C   0xF999 0x0000      LDRSB    R0,[R9, #+0]
   \   00000540   0x9000             STR      R0,[SP, #+0]
   \   00000542   0xF998 0x3000      LDRSB    R3,[R8, #+0]
   \   00000546   0x463A             MOV      R2,R7
   \   00000548   0x2100             MOVS     R1,#+0
   \   0000054A   0xF9B6 0x0034      LDRSH    R0,[R6, #+52]
   \   0000054E   0x.... 0x....      BL       BUTTON_SetBitmapEx
    304          				case 2:
    305          				   buttonCustom2.btnHandle= BUTTON_CreateEx(BTN_X_PIXEL+INTERVAL_V*2,  0,BTN_X_PIXEL, BTN_Y_PIXEL,hMoreWnd, BUTTON_CF_SHOW, 0, 102); 	   
   \                     ??draw_More_18: (+1)
   \   00000552   0x2066             MOVS     R0,#+102
   \   00000554   0x9003             STR      R0,[SP, #+12]
   \   00000556   0x2000             MOVS     R0,#+0
   \   00000558   0x9002             STR      R0,[SP, #+8]
   \   0000055A   0x2002             MOVS     R0,#+2
   \   0000055C   0x9001             STR      R0,[SP, #+4]
   \   0000055E   0xF9B6 0x0000      LDRSH    R0,[R6, #+0]
   \   00000562   0x9000             STR      R0,[SP, #+0]
   \   00000564   0x2374             MOVS     R3,#+116
   \   00000566   0x228C             MOVS     R2,#+140
   \   00000568   0x2100             MOVS     R1,#+0
   \   0000056A   0x20CE             MOVS     R0,#+206
   \   0000056C   0x.... 0x....      BL       BUTTON_CreateEx
   \   00000570   0x83B0             STRH     R0,[R6, #+28]
    306          				   BUTTON_SetBmpFileName(buttonCustom2.btnHandle, "bmp_custom1.bin",1);
   \   00000572   0x2201             MOVS     R2,#+1
   \   00000574   0x.... 0x....      ADR.W    R1,`?<Constant "bmp_custom1.bin">`
   \   00000578   0x.... 0x....      BL       BUTTON_SetBmpFileName
    307          				   BUTTON_SetBkColor(buttonCustom2.btnHandle, BUTTON_CI_PRESSED, gCfgItems.btn_state_color);
   \   0000057C   0x6F2A             LDR      R2,[R5, #+112]
   \   0000057E   0x2101             MOVS     R1,#+1
   \   00000580   0xF9B6 0x001C      LDRSH    R0,[R6, #+28]
   \   00000584   0x.... 0x....      BL       BUTTON_SetBkColor
    308          				   BUTTON_SetBkColor(buttonCustom2.btnHandle, BUTTON_CI_UNPRESSED, gCfgItems.btn_state_color);
   \   00000588   0x6F2A             LDR      R2,[R5, #+112]
   \   0000058A   0x2100             MOVS     R1,#+0
   \   0000058C   0xF9B6 0x001C      LDRSH    R0,[R6, #+28]
   \   00000590   0x.... 0x....      BL       BUTTON_SetBkColor
    309          				   BUTTON_SetBitmapEx(buttonCustom2.btnHandle, 0, &bmp_struct, BMP_PIC_X, BMP_PIC_Y);
   \   00000594   0xF999 0x0000      LDRSB    R0,[R9, #+0]
   \   00000598   0x9000             STR      R0,[SP, #+0]
   \   0000059A   0xF998 0x3000      LDRSB    R3,[R8, #+0]
   \   0000059E   0x463A             MOV      R2,R7
   \   000005A0   0x2100             MOVS     R1,#+0
   \   000005A2   0xF9B6 0x001C      LDRSH    R0,[R6, #+28]
   \   000005A6   0x.... 0x....      BL       BUTTON_SetBitmapEx
    310          				case 1:
    311          				   buttonCustom1.btnHandle= BUTTON_CreateEx(INTERVAL_V, 0,BTN_X_PIXEL, BTN_Y_PIXEL,hMoreWnd, BUTTON_CF_SHOW, 0, 101);
   \                     ??draw_More_19: (+1)
   \   000005AA   0x2065             MOVS     R0,#+101
   \   000005AC   0x9003             STR      R0,[SP, #+12]
   \   000005AE   0x2000             MOVS     R0,#+0
   \   000005B0   0x9002             STR      R0,[SP, #+8]
   \   000005B2   0x2002             MOVS     R0,#+2
   \   000005B4   0x9001             STR      R0,[SP, #+4]
   \   000005B6   0xF9B6 0x0000      LDRSH    R0,[R6, #+0]
   \   000005BA   0x9000             STR      R0,[SP, #+0]
   \   000005BC   0x2374             MOVS     R3,#+116
   \   000005BE   0x228C             MOVS     R2,#+140
   \   000005C0   0x2100             MOVS     R1,#+0
   \   000005C2   0x2021             MOVS     R0,#+33
   \   000005C4   0x.... 0x....      BL       BUTTON_CreateEx
   \   000005C8   0x80B0             STRH     R0,[R6, #+4]
    312          				   BUTTON_SetBmpFileName(buttonCustom1.btnHandle, "bmp_custom1.bin",1);
   \   000005CA   0x2201             MOVS     R2,#+1
   \   000005CC   0x.... 0x....      ADR.W    R1,`?<Constant "bmp_custom1.bin">`
   \   000005D0   0x.... 0x....      BL       BUTTON_SetBmpFileName
    313          				   BUTTON_SetBkColor(buttonCustom1.btnHandle, BUTTON_CI_PRESSED, gCfgItems.btn_state_color);
   \   000005D4   0x6F2A             LDR      R2,[R5, #+112]
   \   000005D6   0x2101             MOVS     R1,#+1
   \   000005D8   0xF9B6 0x0004      LDRSH    R0,[R6, #+4]
   \   000005DC   0x.... 0x....      BL       BUTTON_SetBkColor
    314          				   BUTTON_SetBkColor(buttonCustom1.btnHandle, BUTTON_CI_UNPRESSED, gCfgItems.btn_state_color);
   \   000005E0   0x6F2A             LDR      R2,[R5, #+112]
   \   000005E2   0x2100             MOVS     R1,#+0
   \   000005E4   0xF9B6 0x0004      LDRSH    R0,[R6, #+4]
   \   000005E8   0x.... 0x....      BL       BUTTON_SetBkColor
    315          				   BUTTON_SetBitmapEx(buttonCustom1.btnHandle, 0, &bmp_struct, BMP_PIC_X, BMP_PIC_Y);
   \   000005EC   0xF999 0x0000      LDRSB    R0,[R9, #+0]
   \   000005F0   0x9000             STR      R0,[SP, #+0]
   \   000005F2   0xF998 0x3000      LDRSB    R3,[R8, #+0]
   \   000005F6   0x463A             MOV      R2,R7
   \   000005F8   0x2100             MOVS     R1,#+0
   \   000005FA   0xF9B6 0x0004      LDRSH    R0,[R6, #+4]
   \   000005FE   0x.... 0x....      BL       BUTTON_SetBitmapEx
    316          				break;
    317          				default:break;
    318          			 
    319          			}		
    320          		}
    321          	buttonRet.btnHandle = BUTTON_CreateEx(BTN_X_PIXEL*3+INTERVAL_V*4,  BTN_Y_PIXEL+INTERVAL_H,BTN_X_PIXEL, BTN_Y_PIXEL,hMoreWnd, BUTTON_CF_SHOW, 0, 109);
   \                     ??draw_More_5: (+1)
   \   00000602   0x206D             MOVS     R0,#+109
   \   00000604   0x9003             STR      R0,[SP, #+12]
   \   00000606   0x2000             MOVS     R0,#+0
   \   00000608   0x9002             STR      R0,[SP, #+8]
   \   0000060A   0x2002             MOVS     R0,#+2
   \   0000060C   0x9001             STR      R0,[SP, #+4]
   \   0000060E   0xF9B6 0x0000      LDRSH    R0,[R6, #+0]
   \   00000612   0x9000             STR      R0,[SP, #+0]
   \   00000614   0x2374             MOVS     R3,#+116
   \   00000616   0x228C             MOVS     R2,#+140
   \   00000618   0x2183             MOVS     R1,#+131
   \   0000061A   0xF44F 0x700A      MOV      R0,#+552
   \   0000061E   0x.... 0x....      BL       BUTTON_CreateEx
   \   00000622   0xF8AA 0x0018      STRH     R0,[R10, #+24]
    322          	BUTTON_SetBmpFileName(buttonRet.btnHandle, "bmp_return.bin",1);
   \   00000626   0x2201             MOVS     R2,#+1
   \   00000628   0x.... 0x....      ADR.W    R1,`?<Constant "bmp_return.bin">`
   \   0000062C   0x.... 0x....      BL       BUTTON_SetBmpFileName
    323          	BUTTON_SetBitmapEx(buttonRet.btnHandle, 0, &bmp_struct, BMP_PIC_X, BMP_PIC_Y);
   \   00000630   0xF999 0x0000      LDRSB    R0,[R9, #+0]
   \   00000634   0x9000             STR      R0,[SP, #+0]
   \   00000636   0xF998 0x3000      LDRSB    R3,[R8, #+0]
   \   0000063A   0x463A             MOV      R2,R7
   \   0000063C   0x2100             MOVS     R1,#+0
   \   0000063E   0xF9BA 0x0018      LDRSH    R0,[R10, #+24]
   \   00000642   0x.... 0x....      BL       BUTTON_SetBitmapEx
    324          	BUTTON_SetBkColor(buttonRet.btnHandle, BUTTON_CI_PRESSED, gCfgItems.back_btn_color);
   \   00000646   0x6FAA             LDR      R2,[R5, #+120]
   \   00000648   0x2101             MOVS     R1,#+1
   \   0000064A   0xF9BA 0x0018      LDRSH    R0,[R10, #+24]
   \   0000064E   0x.... 0x....      BL       BUTTON_SetBkColor
    325          	BUTTON_SetBkColor(buttonRet.btnHandle,BUTTON_CI_UNPRESSED, gCfgItems.back_btn_color);
   \   00000652   0x6FAA             LDR      R2,[R5, #+120]
   \   00000654   0x2100             MOVS     R1,#+0
   \   00000656   0xF9BA 0x0018      LDRSH    R0,[R10, #+24]
   \   0000065A   0x.... 0x....      BL       BUTTON_SetBkColor
    326          	BUTTON_SetTextColor(buttonRet.btnHandle, BUTTON_CI_PRESSED, gCfgItems.back_btn_textcolor);
   \   0000065E   0x6FEA             LDR      R2,[R5, #+124]
   \   00000660   0x2101             MOVS     R1,#+1
   \   00000662   0xF9BA 0x0018      LDRSH    R0,[R10, #+24]
   \   00000666   0x.... 0x....      BL       BUTTON_SetTextColor
    327          	BUTTON_SetTextColor(buttonRet.btnHandle,BUTTON_CI_UNPRESSED, gCfgItems.back_btn_textcolor);
   \   0000066A   0x6FEA             LDR      R2,[R5, #+124]
   \   0000066C   0x2100             MOVS     R1,#+0
   \   0000066E   0xF9BA 0x0018      LDRSH    R0,[R10, #+24]
   \   00000672   0x.... 0x....      BL       BUTTON_SetTextColor
    328          
    329          	if(gCfgItems.multiple_language != 0)
   \   00000676   0xF894 0x019B      LDRB     R0,[R4, #+411]
   \   0000067A   0x2800             CMP      R0,#+0
   \   0000067C   0xD012             BEQ.N    ??draw_More_20
    330          	{
    331          		if(gCfgItems.zoffset_display_flg == 1)
   \   0000067E   0x9804             LDR      R0,[SP, #+16]
   \   00000680   0x7A40             LDRB     R0,[R0, #+9]
   \   00000682   0x2801             CMP      R0,#+1
   \   00000684   0xD105             BNE.N    ??draw_More_21
    332          		{
    333          			BUTTON_SetText(buttonzoffset.btnHandle, more_menu.zoffset);
   \   00000686   0x....             LDR.N    R0,??DataTable10_14
   \   00000688   0x6841             LDR      R1,[R0, #+4]
   \   0000068A   0xF9BA 0x0000      LDRSH    R0,[R10, #+0]
   \   0000068E   0x.... 0x....      BL       BUTTON_SetText
    334          		}
    335          		BUTTON_SetText(buttonRet.btnHandle, common_menu.text_back);
   \                     ??draw_More_21: (+1)
   \   00000692   0x....             LDR.N    R0,??DataTable10_15
   \   00000694   0x6801             LDR      R1,[R0, #+0]
   \   00000696   0xF9BA 0x0018      LDRSH    R0,[R10, #+24]
   \   0000069A   0xB005             ADD      SP,SP,#+20
   \   0000069C   0xE8BD 0x4FF0      POP      {R4-R11,LR}
   \   000006A0   0x.... 0x....      B.W      BUTTON_SetText
    336          	}
    337          	
    338          
    339          	//GUI_Exec();
    340          
    341          	
    342          }
   \                     ??draw_More_20: (+1)
   \   000006A4   0xB005             ADD      SP,SP,#+20
   \   000006A6   0xE8BD 0x8FF0      POP      {R4-R11,PC}      ;; return
    343          

   \                                 In section .text, align 2, keep-with-next
    344          void Clear_more()
    345          {
   \                     Clear_more: (+1)
   \   00000000   0xB510             PUSH     {R4,LR}
    346          	GUI_SetBkColor(gCfgItems.background_color);
   \   00000002   0x....             LDR.N    R0,??DataTable10_8
   \   00000004   0x6840             LDR      R0,[R0, #+4]
   \   00000006   0x.... 0x....      BL       GUI_SetBkColor
    347          	if(WM_IsWindow(hMoreWnd))
   \   0000000A   0x....             LDR.N    R4,??DataTable10
   \   0000000C   0xF9B4 0x0000      LDRSH    R0,[R4, #+0]
   \   00000010   0x.... 0x....      BL       WM_IsWindow
   \   00000014   0x2800             CMP      R0,#+0
   \   00000016   0xD005             BEQ.N    ??Clear_more_0
    348          	{
    349          		WM_DeleteWindow(hMoreWnd);
   \   00000018   0xF9B4 0x0000      LDRSH    R0,[R4, #+0]
   \   0000001C   0xE8BD 0x4010      POP      {R4,LR}
   \   00000020   0x.... 0x....      B.W      WM_DeleteWindow
    350          		//GUI_Exec();
    351          	}
    352          	
    353          	//GUI_Clear();
    354          }
   \                     ??Clear_more_0: (+1)
   \   00000024   0xBD10             POP      {R4,PC}          ;; return

   \                                 In section .text, align 4, keep-with-next
   \                     ??DataTable10:
   \   00000000   0x........         DC32     hMoreWnd

   \                                 In section .text, align 4, keep-with-next
   \                     ??DataTable10_1:
   \   00000000   0x........         DC32     cmd_code

   \                                 In section .text, align 4, keep-with-next
   \                     ??DataTable10_2:
   \   00000000   0x........         DC32     buttonCustom4

   \                                 In section .text, align 4, keep-with-next
   \                     ??DataTable10_3:
   \   00000000   0x........         DC32     buttonCustom6

   \                                 In section .text, align 4, keep-with-next
   \                     ??DataTable10_4:
   \   00000000   0x........         DC32     buttonzoffset

   \                                 In section .text, align 4, keep-with-next
   \                     ??DataTable10_5:
   \   00000000   0x........         DC32     last_disp_state

   \                                 In section .text, align 4, keep-with-next
   \                     ??DataTable10_6:
   \   00000000   0x........         DC32     disp_state_stack

   \                                 In section .text, align 4, keep-with-next
   \                     ??DataTable10_7:
   \   00000000   0x........         DC32     disp_state

   \                                 In section .text, align 4, keep-with-next
   \                     ??DataTable10_8:
   \   00000000   0x........         DC32     gCfgItems

   \                                 In section .text, align 4, keep-with-next
   \                     ??DataTable10_9:
   \   00000000   0x........         DC32     TFT_screen

   \                                 In section .text, align 4, keep-with-next
   \                     ??DataTable10_10:
   \   00000000   0x........         DC32     _Z9cbMoreWinP10WM_MESSAGE

   \                                 In section .text, align 4, keep-with-next
   \                     ??DataTable10_11:
   \   00000000   0x........         DC32     bmp_struct

   \                                 In section .text, align 4, keep-with-next
   \                     ??DataTable10_12:
   \   00000000   0x........         DC32     BMP_PIC_X

   \                                 In section .text, align 4, keep-with-next
   \                     ??DataTable10_13:
   \   00000000   0x........         DC32     BMP_PIC_Y

   \                                 In section .text, align 4, keep-with-next
   \                     ??DataTable10_14:
   \   00000000   0x........         DC32     more_menu

   \                                 In section .text, align 4, keep-with-next
   \                     ??DataTable10_15:
   \   00000000   0x........         DC32     common_menu

   \                                 In section .text, align 4, keep-with-next
   \                     `?<Constant "bmp_zoffset.bin">`:
   \   00000000   0x62 0x6D          DC8 "bmp_zoffset.bin"
   \              0x70 0x5F    
   \              0x7A 0x6F    
   \              0x66 0x66    
   \              0x73 0x65    
   \              0x74 0x2E    
   \              0x62 0x69    
   \              0x6E 0x00    

   \                                 In section .text, align 4, keep-with-next
   \                     `?<Constant "bmp_custom6.bin">`:
   \   00000000   0x62 0x6D          DC8 "bmp_custom6.bin"
   \              0x70 0x5F    
   \              0x63 0x75    
   \              0x73 0x74    
   \              0x6F 0x6D    
   \              0x36 0x2E    
   \              0x62 0x69    
   \              0x6E 0x00    

   \                                 In section .text, align 4, keep-with-next
   \                     `?<Constant "bmp_custom5.bin">`:
   \   00000000   0x62 0x6D          DC8 "bmp_custom5.bin"
   \              0x70 0x5F    
   \              0x63 0x75    
   \              0x73 0x74    
   \              0x6F 0x6D    
   \              0x35 0x2E    
   \              0x62 0x69    
   \              0x6E 0x00    

   \                                 In section .text, align 4, keep-with-next
   \                     `?<Constant "bmp_custom4.bin">`:
   \   00000000   0x62 0x6D          DC8 "bmp_custom4.bin"
   \              0x70 0x5F    
   \              0x63 0x75    
   \              0x73 0x74    
   \              0x6F 0x6D    
   \              0x34 0x2E    
   \              0x62 0x69    
   \              0x6E 0x00    

   \                                 In section .text, align 4, keep-with-next
   \                     `?<Constant "bmp_custom3.bin">`:
   \   00000000   0x62 0x6D          DC8 "bmp_custom3.bin"
   \              0x70 0x5F    
   \              0x63 0x75    
   \              0x73 0x74    
   \              0x6F 0x6D    
   \              0x33 0x2E    
   \              0x62 0x69    
   \              0x6E 0x00    

   \                                 In section .text, align 4, keep-with-next
   \                     `?<Constant "bmp_custom2.bin">`:
   \   00000000   0x62 0x6D          DC8 "bmp_custom2.bin"
   \              0x70 0x5F    
   \              0x63 0x75    
   \              0x73 0x74    
   \              0x6F 0x6D    
   \              0x32 0x2E    
   \              0x62 0x69    
   \              0x6E 0x00    

   \                                 In section .text, align 4, keep-with-next
   \                     `?<Constant "bmp_custom1.bin">`:
   \   00000000   0x62 0x6D          DC8 "bmp_custom1.bin"
   \              0x70 0x5F    
   \              0x63 0x75    
   \              0x73 0x74    
   \              0x6F 0x6D    
   \              0x31 0x2E    
   \              0x62 0x69    
   \              0x6E 0x00    

   \                                 In section .text, align 4, keep-with-next
   \                     `?<Constant "bmp_return.bin">`:
   \   00000000   0x62 0x6D          DC8 "bmp_return.bin"
   \              0x70 0x5F    
   \              0x72 0x65    
   \              0x74 0x75    
   \              0x72 0x6E    
   \              0x2E 0x62    
   \              0x69 0x6E    
   \              0x00         
   \   0000000F   0x00               DC8 0
    355          
    356          

   Maximum stack usage in bytes:

   .cstack Function
   ------- --------
       8   Clear_more
         8   -> GUI_SetBkColor
         0   -> WM_DeleteWindow
         8   -> WM_IsWindow
      16   cbMoreWin(WM_MESSAGE *)
        16   -> Clear_more
        16   -> SPI_FLASH_BufferRead
         0   -> WM_DefaultProc
         0   -> draw_return_ui
      56   draw_More
        56   -> BUTTON_CreateEx
        56   -> BUTTON_SetBitmapEx
        56   -> BUTTON_SetBkColor
        56   -> BUTTON_SetBmpFileName
         0   -> BUTTON_SetText
        56   -> BUTTON_SetText
        56   -> BUTTON_SetTextColor
        56   -> GUI_Clear
        56   -> GUI_DispStringAt
        56   -> GUI_SetBkColor
        56   -> GUI_SetColor
        56   -> WM_CreateWindow
        56   -> creat_title_text


   Section sizes:

   Bytes  Function/Label
   -----  --------------
      16  ?<Constant "bmp_custom1.bin">
      16  ?<Constant "bmp_custom2.bin">
      16  ?<Constant "bmp_custom3.bin">
      16  ?<Constant "bmp_custom4.bin">
      16  ?<Constant "bmp_custom5.bin">
      16  ?<Constant "bmp_custom6.bin">
      16  ?<Constant "bmp_return.bin">
      16  ?<Constant "bmp_zoffset.bin">
       4  ??DataTable10
       4  ??DataTable10_1
       4  ??DataTable10_10
       4  ??DataTable10_11
       4  ??DataTable10_12
       4  ??DataTable10_13
       4  ??DataTable10_14
       4  ??DataTable10_15
       4  ??DataTable10_2
       4  ??DataTable10_3
       4  ??DataTable10_4
       4  ??DataTable10_5
       4  ??DataTable10_6
       4  ??DataTable10_7
       4  ??DataTable10_8
       4  ??DataTable10_9
      38  Clear_more
      48  buttonCustom4
          buttonCustom5
      48  buttonCustom6
          buttonCustom7
      48  buttonzoffset
          buttonRet
     258  cbMoreWin(WM_MESSAGE *)
     100  codebuff
    1706  draw_More
      80  hMoreWnd
          buttonCustom1
          buttonCustom2
          buttonCustom3
          codebufpoint
       1  x

 
   245 bytes in section .bss
    80 bytes in section .data
 2 194 bytes in section .text
 
 2 194 bytes of CODE memory
   325 bytes of DATA memory

Errors: none
Warnings: 39
