###############################################################################
#
# IAR ANSI C/C++ Compiler V7.10.1.6676/W32 for ARM        16/Jul/2019  18:15:58
# Copyright 1999-2014 IAR Systems AB.
#
#    Cpu mode     =  thumb
#    Endian       =  little
#    Source file  =  
#        E:\DLP_Proj\DLP_source\branches\DLP_opensource\User\ui\draw_filamentchange.cpp
#    Command line =  
#        E:\DLP_Proj\DLP_source\branches\DLP_opensource\User\ui\draw_filamentchange.cpp
#        -D USE_HAL_DRIVER -D STM32F407xx -D STM32F40_41xxx -D USE_HAL_LIB -D
#        MKS_DLP_BOARD -D TFT35 -lC
#        E:\DLP_Proj\DLP_source\branches\DLP_opensource\EWARM\mksDLP/List\ -lA
#        E:\DLP_Proj\DLP_source\branches\DLP_opensource\EWARM\mksDLP/List\
#        --diag_suppress Pa050 -o
#        E:\DLP_Proj\DLP_source\branches\DLP_opensource\EWARM\mksDLP/Obj\
#        --no_unroll --no_inline --no_tbaa --no_scheduling --debug
#        --endian=little --cpu=Cortex-M4F -e --char_is_signed --fpu=VFPv4_sp
#        --dlib_config "C:\Program Files (x86)\IAR Systems\Embedded Workbench
#        7.0\arm\INC\c\DLib_Config_Full.h" -I
#        E:\DLP_Proj\DLP_source\branches\DLP_opensource\EWARM/../Inc\ -I
#        E:\DLP_Proj\DLP_source\branches\DLP_opensource\EWARM/../Src\ -I
#        E:\DLP_Proj\DLP_source\branches\DLP_opensource\EWARM/../Drivers/STM32F4xx_HAL_Driver/Inc\
#        -I
#        E:\DLP_Proj\DLP_source\branches\DLP_opensource\EWARM/../Drivers/STM32F4xx_HAL_Driver/Inc/Legacy\
#        -I
#        E:\DLP_Proj\DLP_source\branches\DLP_opensource\EWARM/../Middlewares/Third_Party/FatFs/src/drivers\
#        -I
#        E:\DLP_Proj\DLP_source\branches\DLP_opensource\EWARM/../Middlewares/ST/STM32_USB_Host_Library/Core/Inc\
#        -I
#        E:\DLP_Proj\DLP_source\branches\DLP_opensource\EWARM/../Middlewares/ST/STM32_USB_Host_Library/Class/MSC/Inc\
#        -I
#        E:\DLP_Proj\DLP_source\branches\DLP_opensource\EWARM/../Drivers/CMSIS/Device/ST/STM32F4xx/Include\
#        -I
#        E:\DLP_Proj\DLP_source\branches\DLP_opensource\EWARM/../Middlewares/Third_Party/FatFs/src\
#        -I
#        E:\DLP_Proj\DLP_source\branches\DLP_opensource\EWARM/../Middlewares/Third_Party/Marlin\
#        -I
#        E:\DLP_Proj\DLP_source\branches\DLP_opensource\EWARM/../Drivers/CMSIS/Include\
#        -I
#        E:\DLP_Proj\DLP_source\branches\DLP_opensource\EWARM/../Drivers/BSP/variant\
#        -I
#        E:\DLP_Proj\DLP_source\branches\DLP_opensource\EWARM/../Drivers/BSP/Components/at24cxx\
#        -I
#        E:\DLP_Proj\DLP_source\branches\DLP_opensource\EWARM/../Drivers/BSP/Components/w25qxx\
#        -I
#        E:\DLP_Proj\DLP_source\branches\DLP_opensource\EWARM/../Drivers/BSP/Components/ssd2828\
#        -I
#        E:\DLP_Proj\DLP_source\branches\DLP_opensource\EWARM/../Drivers/BSP/Components/lcd\
#        -I
#        E:\DLP_Proj\DLP_source\branches\DLP_opensource\EWARM/../Drivers/libstmf4\
#        -I
#        E:\DLP_Proj\DLP_source\branches\DLP_opensource\EWARM/../Drivers/libstmf4/include\
#        -I
#        E:\DLP_Proj\DLP_source\branches\DLP_opensource\EWARM/../Middlewares/arduino/stm32/cores/arduino\
#        -I
#        E:\DLP_Proj\DLP_source\branches\DLP_opensource\EWARM/../Middlewares/Ucgui\
#        -I
#        E:\DLP_Proj\DLP_source\branches\DLP_opensource\EWARM/../Middlewares/Ucgui/GUI/ConvertColor\
#        -I
#        E:\DLP_Proj\DLP_source\branches\DLP_opensource\EWARM/../Middlewares/Ucgui/GUI/ConvertMono\
#        -I
#        E:\DLP_Proj\DLP_source\branches\DLP_opensource\EWARM/../Middlewares/Ucgui/GUI/Core\
#        -I
#        E:\DLP_Proj\DLP_source\branches\DLP_opensource\EWARM/../Middlewares/Ucgui/GUI/Font\
#        -I
#        E:\DLP_Proj\DLP_source\branches\DLP_opensource\EWARM/../Middlewares/Ucgui/AntiAlias\
#        -I
#        E:\DLP_Proj\DLP_source\branches\DLP_opensource\EWARM/../Middlewares/Ucgui/GUI/GUIDemo\
#        -I
#        E:\DLP_Proj\DLP_source\branches\DLP_opensource\EWARM/../Middlewares/Ucgui/GUI/LCDDriver\
#        -I
#        E:\DLP_Proj\DLP_source\branches\DLP_opensource\EWARM/../Middlewares/Ucgui/GUI/MemDev\
#        -I
#        E:\DLP_Proj\DLP_source\branches\DLP_opensource\EWARM/../Middlewares/Ucgui/GUI/MultiLayer\
#        -I
#        E:\DLP_Proj\DLP_source\branches\DLP_opensource\EWARM/../Middlewares/Ucgui/GUI/Widget\
#        -I
#        E:\DLP_Proj\DLP_source\branches\DLP_opensource\EWARM/../Middlewares/Ucgui/GUI/WM\
#        -I
#        E:\DLP_Proj\DLP_source\branches\DLP_opensource\EWARM/../Middlewares/Ucgui/GUI_X\
#        -I
#        E:\DLP_Proj\DLP_source\branches\DLP_opensource\EWARM/../Middlewares/Ucgui/Config\
#        -I E:\DLP_Proj\DLP_source\branches\DLP_opensource\EWARM/../User/ui\ -I
#        E:\DLP_Proj\DLP_source\branches\DLP_opensource\EWARM/../User/ui/Multi_language\
#        -I
#        E:\DLP_Proj\DLP_source\branches\DLP_opensource\EWARM/../User/ui/QRENCODE\
#        -Om --eec++ -I "C:\Program Files (x86)\IAR Systems\Embedded Workbench
#        7.0\arm\CMSIS\Include\"
#    List file    =  
#        E:\DLP_Proj\DLP_source\branches\DLP_opensource\EWARM\mksDLP/List\draw_filamentchange.lst
#    Object file  =  
#        E:\DLP_Proj\DLP_source\branches\DLP_opensource\EWARM\mksDLP/Obj\draw_filamentchange.o
#
###############################################################################

E:\DLP_Proj\DLP_source\branches\DLP_opensource\User\ui\draw_filamentchange.cpp
      1          #include "gui.h"
      2          #include "button.h"
      3          #include "draw_filamentchange.h"
      4          #include "draw_ui.h"

  #define UNUSED(x) (void) (x)
          ^
"E:\DLP_Proj\DLP_source\branches\DLP_opensource\Middlewares\Third_Party\Marlin\macros.h",101  Warning[Pe047]: 
          incompatible redefinition of macro "UNUSED" (declared at line 87 of
          "E:\DLP_Proj\DLP_source\branches\DLP_opensource\Drivers\STM32F4xx_HAL
          _Driver\Inc\stm32f4xx_hal_def.h")

  		volatile volatile float desireBedTempBak;
  		         ^
"E:\DLP_Proj\DLP_source\branches\DLP_opensource\Inc\mks_cfg.h",351  Warning[Pe083]: 
          type qualifier specified more than once

  #define IS_SPI_MODE(MODE) (((MODE) == SPI_Mode_Master) || \
          ^
"E:\DLP_Proj\DLP_source\branches\DLP_opensource\Drivers\libstmf4\include\stm32f4xx_spi.h",173  Warning[Pe047]: 
          incompatible redefinition of macro "IS_SPI_MODE" (declared at line
          511 of
          "E:\DLP_Proj\DLP_source\branches\DLP_opensource\Drivers\STM32F4xx_HAL
          _Driver\Inc\stm32f4xx_hal_spi.h")

  #define IS_SPI_DATASIZE(DATASIZE) (((DATASIZE) == SPI_DataSize_16b) || \
          ^
"E:\DLP_Proj\DLP_source\branches\DLP_opensource\Drivers\libstmf4\include\stm32f4xx_spi.h",185  Warning[Pe047]: 
          incompatible redefinition of macro "IS_SPI_DATASIZE" (declared at
          line 523 of
          "E:\DLP_Proj\DLP_source\branches\DLP_opensource\Drivers\STM32F4xx_HAL
          _Driver\Inc\stm32f4xx_hal_spi.h")

  #define IS_SPI_CPOL(CPOL) (((CPOL) == SPI_CPOL_Low) || \
          ^
"E:\DLP_Proj\DLP_source\branches\DLP_opensource\Drivers\libstmf4\include\stm32f4xx_spi.h",197  Warning[Pe047]: 
          incompatible redefinition of macro "IS_SPI_CPOL" (declared at line
          526 of
          "E:\DLP_Proj\DLP_source\branches\DLP_opensource\Drivers\STM32F4xx_HAL
          _Driver\Inc\stm32f4xx_hal_spi.h")

  #define IS_SPI_CPHA(CPHA) (((CPHA) == SPI_CPHA_1Edge) || \
          ^
"E:\DLP_Proj\DLP_source\branches\DLP_opensource\Drivers\libstmf4\include\stm32f4xx_spi.h",209  Warning[Pe047]: 
          incompatible redefinition of macro "IS_SPI_CPHA" (declared at line
          529 of
          "E:\DLP_Proj\DLP_source\branches\DLP_opensource\Drivers\STM32F4xx_HAL
          _Driver\Inc\stm32f4xx_hal_spi.h")

  #define IS_SPI_NSS(NSS) (((NSS) == SPI_NSS_Soft) || \
          ^
"E:\DLP_Proj\DLP_source\branches\DLP_opensource\Drivers\libstmf4\include\stm32f4xx_spi.h",221  Warning[Pe047]: 
          incompatible redefinition of macro "IS_SPI_NSS" (declared at line
          532 of
          "E:\DLP_Proj\DLP_source\branches\DLP_opensource\Drivers\STM32F4xx_HAL
          _Driver\Inc\stm32f4xx_hal_spi.h")

  #define IS_SPI_BAUDRATE_PRESCALER(PRESCALER) (((PRESCALER) == SPI_BaudRatePrescaler_2) || \
          ^
"E:\DLP_Proj\DLP_source\branches\DLP_opensource\Drivers\libstmf4\include\stm32f4xx_spi.h",239  Warning[Pe047]: 
          incompatible redefinition of macro "IS_SPI_BAUDRATE_PRESCALER"
          (declared at line 536 of
          "E:\DLP_Proj\DLP_source\branches\DLP_opensource\Drivers\STM32F4xx_HAL
          _Driver\Inc\stm32f4xx_hal_spi.h")

  #define IS_SPI_FIRST_BIT(BIT) (((BIT) == SPI_FirstBit_MSB) || \
          ^
"E:\DLP_Proj\DLP_source\branches\DLP_opensource\Drivers\libstmf4\include\stm32f4xx_spi.h",257  Warning[Pe047]: 
          incompatible redefinition of macro "IS_SPI_FIRST_BIT" (declared at
          line 545 of
          "E:\DLP_Proj\DLP_source\branches\DLP_opensource\Drivers\STM32F4xx_HAL
          _Driver\Inc\stm32f4xx_hal_spi.h")

  #define IS_SPI_DIRECTION(DIRECTION) (((DIRECTION) == SPI_Direction_Rx) || \
          ^
"E:\DLP_Proj\DLP_source\branches\DLP_opensource\Drivers\libstmf4\include\stm32f4xx_spi.h",400  Warning[Pe047]: 
          incompatible redefinition of macro "IS_SPI_DIRECTION" (declared at
          line 514 of
          "E:\DLP_Proj\DLP_source\branches\DLP_opensource\Drivers\STM32F4xx_HAL
          _Driver\Inc\stm32f4xx_hal_spi.h")

  #define SPI_FLAG_CRCERR                 ((uint16_t)0x0010)
          ^
"E:\DLP_Proj\DLP_source\branches\DLP_opensource\Drivers\libstmf4\include\stm32f4xx_spi.h",442  Warning[Pe047]: 
          incompatible redefinition of macro "SPI_FLAG_CRCERR" (declared at
          line 293 of
          "E:\DLP_Proj\DLP_source\branches\DLP_opensource\Drivers\STM32F4xx_HAL
          _Driver\Inc\stm32f4xx_hal_spi.h")

  #define SPI_FLAG_MODF                   ((uint16_t)0x0020)
          ^
"E:\DLP_Proj\DLP_source\branches\DLP_opensource\Drivers\libstmf4\include\stm32f4xx_spi.h",443  Warning[Pe047]: 
          incompatible redefinition of macro "SPI_FLAG_MODF" (declared at line
          294 of
          "E:\DLP_Proj\DLP_source\branches\DLP_opensource\Drivers\STM32F4xx_HAL
          _Driver\Inc\stm32f4xx_hal_spi.h")

  #define IS_SPI_CRC_POLYNOMIAL(POLYNOMIAL) ((POLYNOMIAL) >= 0x1)
          ^
"E:\DLP_Proj\DLP_source\branches\DLP_opensource\Drivers\libstmf4\include\stm32f4xx_spi.h",462  Warning[Pe047]: 
          incompatible redefinition of macro "IS_SPI_CRC_POLYNOMIAL" (declared
          at line 554 of
          "E:\DLP_Proj\DLP_source\branches\DLP_opensource\Drivers\STM32F4xx_HAL
          _Driver\Inc\stm32f4xx_hal_spi.h")

  #define SPI_IT_TXE                   SPI_I2S_IT_TXE
          ^
"E:\DLP_Proj\DLP_source\branches\DLP_opensource\Drivers\libstmf4\include\stm32f4xx_spi.h",473  Warning[Pe047]: 
          incompatible redefinition of macro "SPI_IT_TXE" (declared at line
          280 of
          "E:\DLP_Proj\DLP_source\branches\DLP_opensource\Drivers\STM32F4xx_HAL
          _Driver\Inc\stm32f4xx_hal_spi.h")

  #define SPI_IT_RXNE                  SPI_I2S_IT_RXNE
          ^
"E:\DLP_Proj\DLP_source\branches\DLP_opensource\Drivers\libstmf4\include\stm32f4xx_spi.h",474  Warning[Pe047]: 
          incompatible redefinition of macro "SPI_IT_RXNE" (declared at line
          281 of
          "E:\DLP_Proj\DLP_source\branches\DLP_opensource\Drivers\STM32F4xx_HAL
          _Driver\Inc\stm32f4xx_hal_spi.h")

  #define SPI_IT_ERR                   SPI_I2S_IT_ERR
          ^
"E:\DLP_Proj\DLP_source\branches\DLP_opensource\Drivers\libstmf4\include\stm32f4xx_spi.h",475  Warning[Pe047]: 
          incompatible redefinition of macro "SPI_IT_ERR" (declared at line
          282 of
          "E:\DLP_Proj\DLP_source\branches\DLP_opensource\Drivers\STM32F4xx_HAL
          _Driver\Inc\stm32f4xx_hal_spi.h")

  #define SPI_FLAG_RXNE                SPI_I2S_FLAG_RXNE
          ^
"E:\DLP_Proj\DLP_source\branches\DLP_opensource\Drivers\libstmf4\include\stm32f4xx_spi.h",477  Warning[Pe047]: 
          incompatible redefinition of macro "SPI_FLAG_RXNE" (declared at line
          290 of
          "E:\DLP_Proj\DLP_source\branches\DLP_opensource\Drivers\STM32F4xx_HAL
          _Driver\Inc\stm32f4xx_hal_spi.h")

  #define SPI_FLAG_TXE                 SPI_I2S_FLAG_TXE
          ^
"E:\DLP_Proj\DLP_source\branches\DLP_opensource\Drivers\libstmf4\include\stm32f4xx_spi.h",478  Warning[Pe047]: 
          incompatible redefinition of macro "SPI_FLAG_TXE" (declared at line
          291 of
          "E:\DLP_Proj\DLP_source\branches\DLP_opensource\Drivers\STM32F4xx_HAL
          _Driver\Inc\stm32f4xx_hal_spi.h")

  #define SPI_FLAG_OVR                 SPI_I2S_FLAG_OVR
          ^
"E:\DLP_Proj\DLP_source\branches\DLP_opensource\Drivers\libstmf4\include\stm32f4xx_spi.h",479  Warning[Pe047]: 
          incompatible redefinition of macro "SPI_FLAG_OVR" (declared at line
          295 of
          "E:\DLP_Proj\DLP_source\branches\DLP_opensource\Drivers\STM32F4xx_HAL
          _Driver\Inc\stm32f4xx_hal_spi.h")

  #define SPI_FLAG_BSY                 SPI_I2S_FLAG_BSY
          ^
"E:\DLP_Proj\DLP_source\branches\DLP_opensource\Drivers\libstmf4\include\stm32f4xx_spi.h",480  Warning[Pe047]: 
          incompatible redefinition of macro "SPI_FLAG_BSY" (declared at line
          292 of
          "E:\DLP_Proj\DLP_source\branches\DLP_opensource\Drivers\STM32F4xx_HAL
          _Driver\Inc\stm32f4xx_hal_spi.h")

    #define FILAMENT_CHANGE_TEXT_EN				"Please click <Load> \nor <unload>,After \npinter pause."
            ^
"E:\DLP_Proj\DLP_source\branches\DLP_opensource\User\ui\Multi_language\Language_en.h",165  Warning[Pe047]: 
          incompatible redefinition of macro "FILAMENT_CHANGE_TEXT_EN"
          (declared at line 143)

  #define DIALOG_UNBIND_PRINTER_CN            "Ëß£Èô§ÁªëÂÆö?"
          ^
"E:\DLP_Proj\DLP_source\branches\DLP_opensource\User\ui\Multi_language\Language_s_cn.h",248  Warning[Pe047]: 
          incompatible redefinition of macro "DIALOG_UNBIND_PRINTER_CN"
          (declared at line 243)

    #define FILAMENT_CHANGE_TEXT_T_CN				"ÂæÖÊâìÂç∞Ê©üÊö´ÂÅúÂêé,\nË´ãÊåâ<ÈÄ≤Êñô>Êàñ<ÈÄÄÊñô>"
            ^
"E:\DLP_Proj\DLP_source\branches\DLP_opensource\User\ui\Multi_language\Language_t_cn.h",157  Warning[Pe047]: 
          incompatible redefinition of macro "FILAMENT_CHANGE_TEXT_T_CN"
          (declared at line 143)

    #define FILAMENT_CHANGE_TEXT_RU				"Please click <Load> \nor <unload>,After \npinter pause."
            ^
"E:\DLP_Proj\DLP_source\branches\DLP_opensource\User\ui\Multi_language\Language_ru.h",163  Warning[Pe047]: 
          incompatible redefinition of macro "FILAMENT_CHANGE_TEXT_RU"
          (declared at line 143)

  #define DIALOG_UNBIND_PRINTER_RU            "Unbind the printer?"
          ^
"E:\DLP_Proj\DLP_source\branches\DLP_opensource\User\ui\Multi_language\Language_ru.h",260  Warning[Pe047]: 
          incompatible redefinition of macro "DIALOG_UNBIND_PRINTER_RU"
          (declared at line 255)

    #define FILAMENT_CHANGE_TEXT_FR				"Please click <Load> \nor <unload>,After \npinter pause."
            ^
"E:\DLP_Proj\DLP_source\branches\DLP_opensource\User\ui\Multi_language\Language_fr.h",163  Warning[Pe047]: 
          incompatible redefinition of macro "FILAMENT_CHANGE_TEXT_FR"
          (declared at line 143)

  #define DIALOG_UNBIND_PRINTER_FR        "Unbind the printer?"
          ^
"E:\DLP_Proj\DLP_source\branches\DLP_opensource\User\ui\Multi_language\Language_fr.h",263  Warning[Pe047]: 
          incompatible redefinition of macro "DIALOG_UNBIND_PRINTER_FR"
          (declared at line 259)

    #define FILAMENT_CHANGE_TEXT_SP				"Please click <Load> \nor <unload>,After \npinter pause."
            ^
"E:\DLP_Proj\DLP_source\branches\DLP_opensource\User\ui\Multi_language\Language_sp.h",162  Warning[Pe047]: 
          incompatible redefinition of macro "FILAMENT_CHANGE_TEXT_SP"
          (declared at line 143)

    #define FILAMENT_CHANGE_TEXT_IT				"Please click <Load> \nor <unload>,After \npinter pause."
            ^
"E:\DLP_Proj\DLP_source\branches\DLP_opensource\User\ui\Multi_language\Language_it.h",163  Warning[Pe047]: 
          incompatible redefinition of macro "FILAMENT_CHANGE_TEXT_IT"
          (declared at line 143)

  #define DIALOG_UNBIND_PRINTER_IT                "Unbind the printer?"
          ^
"E:\DLP_Proj\DLP_source\branches\DLP_opensource\User\ui\Multi_language\Language_it.h",259  Warning[Pe047]: 
          incompatible redefinition of macro "DIALOG_UNBIND_PRINTER_IT"
          (declared at line 254)

  #define FILAMENT_CHANGE_TEXT_JP				"Please click <Load> \nor <unload>,After \npinter pause."
          ^
"E:\DLP_Proj\DLP_source\branches\DLP_opensource\User\ui\Multi_language\Multi_language.h",688  Warning[Pe047]: 
          incompatible redefinition of macro "FILAMENT_CHANGE_TEXT_JP"
          (declared at line 681)

  #define FILAMENT_CHANGE_TEXT_GN				"Please click <Load> \nor <unload>,After \npinter pause."
          ^
"E:\DLP_Proj\DLP_source\branches\DLP_opensource\User\ui\Multi_language\Multi_language.h",896  Warning[Pe047]: 
          incompatible redefinition of macro "FILAMENT_CHANGE_TEXT_GN"
          (declared at line 890)

  #define Simple_Dec"ºı…Ÿ"
                    ^
"E:\DLP_Proj\DLP_source\branches\DLP_opensource\User\ui\draw_ui.h",388  Warning[Pe1649]: 
          white space is required between the macro name "Simple_Dec" and its
          replacement text

  #define Simple_Speed "ÀŸ∂»"
          ^
"E:\DLP_Proj\DLP_source\branches\DLP_opensource\User\ui\draw_ui.h",443  Warning[Pe047]: 
          incompatible redefinition of macro "Simple_Speed" (declared at line
          440)

  #define Complex_Speed "ÀŸ∂»"
          ^
"E:\DLP_Proj\DLP_source\branches\DLP_opensource\User\ui\draw_ui.h",444  Warning[Pe047]: 
          incompatible redefinition of macro "Complex_Speed" (declared at line
          441)
      5          //#include "printer.h"
      6          #include "text.h"
      7          //#include "gcode.h"
      8          #include "draw_pre_heat.h"
      9          //#include "mks_tft_fifo.h"
     10          //#include "mks_tft_com.h"
     11          #include "draw_printing.h"
     12          #include "marlin.h"

    #define MIN_SOFTWARE_ENDSTOPS mksCfg.min_software_endstops	/*--mks cfg--*/
            ^
"E:\DLP_Proj\DLP_source\branches\DLP_opensource\Middlewares\Third_Party\Marlin\Configuration.h",824  Warning[Pe047]: 
          incompatible redefinition of macro "MIN_SOFTWARE_ENDSTOPS" (declared
          at line 819)

    #define MAX_SOFTWARE_ENDSTOPS mksCfg.max_software_endstops	/*--mks cfg--*/
            ^
"E:\DLP_Proj\DLP_source\branches\DLP_opensource\Middlewares\Third_Party\Marlin\Configuration.h",834  Warning[Pe047]: 
          incompatible redefinition of macro "MAX_SOFTWARE_ENDSTOPS" (declared
          at line 829)

  #define strcpy_P(dest, src) strcpy((dest), (src))
          ^
"E:\DLP_Proj\DLP_source\branches\DLP_opensource\Middlewares\arduino\stm32\cores\arduino\avr\pgmspace.h",23  Warning[Pe047]: 
          incompatible redefinition of macro "strcpy_P" (declared at line 93
          of
          "E:\DLP_Proj\DLP_source\branches\DLP_opensource\Middlewares\Third_Par
          ty\Marlin\Marlin_export.h")

  #define strstr_P(a, b) strstr((a), (b))
          ^
"E:\DLP_Proj\DLP_source\branches\DLP_opensource\Middlewares\arduino\stm32\cores\arduino\avr\pgmspace.h",26  Warning[Pe047]: 
          incompatible redefinition of macro "strstr_P" (declared at line 94
          of
          "E:\DLP_Proj\DLP_source\branches\DLP_opensource\Middlewares\Third_Par
          ty\Marlin\Marlin_export.h")

  #define sprintf_P(s, f, ...) sprintf((s), (f), __VA_ARGS__)
          ^
"E:\DLP_Proj\DLP_source\branches\DLP_opensource\Middlewares\arduino\stm32\cores\arduino\avr\pgmspace.h",28  Warning[Pe047]: 
          incompatible redefinition of macro "sprintf_P" (declared at line 95
          of
          "E:\DLP_Proj\DLP_source\branches\DLP_opensource\Middlewares\Third_Par
          ty\Marlin\Marlin_export.h")

  #define pgm_read_word_near(addr) pgm_read_word(addr)
          ^
"E:\DLP_Proj\DLP_source\branches\DLP_opensource\Middlewares\arduino\stm32\cores\arduino\avr\pgmspace.h",38  Warning[Pe047]: 
          incompatible redefinition of macro "pgm_read_word_near" (declared at
          line 65 of
          "E:\DLP_Proj\DLP_source\branches\DLP_opensource\Middlewares\Third_Par
          ty\Marlin\Marlin_export.h")

  #define IS_IWDG_PRESCALER(PRESCALER) (((PRESCALER) == IWDG_Prescaler_4)  || \
          ^
"E:\DLP_Proj\DLP_source\branches\DLP_opensource\Drivers\libstmf4\include\stm32f4xx_iwdg.h",80  Warning[Pe047]: 
          incompatible redefinition of macro "IS_IWDG_PRESCALER" (declared at
          line 209 of
          "E:\DLP_Proj\DLP_source\branches\DLP_opensource\Drivers\STM32F4xx_HAL
          _Driver\Inc\stm32f4xx_hal_iwdg.h")

  #define IS_IWDG_RELOAD(RELOAD) ((RELOAD) <= 0xFFF)
          ^
"E:\DLP_Proj\DLP_source\branches\DLP_opensource\Drivers\libstmf4\include\stm32f4xx_iwdg.h",97  Warning[Pe047]: 
          incompatible redefinition of macro "IS_IWDG_RELOAD" (declared at
          line 222 of
          "E:\DLP_Proj\DLP_source\branches\DLP_opensource\Drivers\STM32F4xx_HAL
          _Driver\Inc\stm32f4xx_hal_iwdg.h")

  #define IS_FSMC_NORSRAM_BANK(BANK) (((BANK) == FSMC_Bank1_NORSRAM1) || \
          ^
"E:\DLP_Proj\DLP_source\branches\DLP_opensource\Drivers\libstmf4\include\stm32f4xx_fsmc.h",272  Warning[Pe047]: 
          incompatible redefinition of macro "IS_FSMC_NORSRAM_BANK" (declared
          at line 834 of
          "E:\DLP_Proj\DLP_source\branches\DLP_opensource\Drivers\STM32F4xx_HAL
          _Driver\Inc\stm32f4xx_ll_fsmc.h")

  #define IS_FSMC_NAND_BANK(BANK) (((BANK) == FSMC_Bank2_NAND) || \
          ^
"E:\DLP_Proj\DLP_source\branches\DLP_opensource\Drivers\libstmf4\include\stm32f4xx_fsmc.h",277  Warning[Pe047]: 
          incompatible redefinition of macro "IS_FSMC_NAND_BANK" (declared at
          line 855 of
          "E:\DLP_Proj\DLP_source\branches\DLP_opensource\Drivers\STM32F4xx_HAL
          _Driver\Inc\stm32f4xx_ll_fsmc.h")

  #define IS_FSMC_MUX(MUX) (((MUX) == FSMC_DataAddressMux_Disable) || \
          ^
"E:\DLP_Proj\DLP_source\branches\DLP_opensource\Drivers\libstmf4\include\stm32f4xx_fsmc.h",298  Warning[Pe047]: 
          incompatible redefinition of macro "IS_FSMC_MUX" (declared at line
          839 of
          "E:\DLP_Proj\DLP_source\branches\DLP_opensource\Drivers\STM32F4xx_HAL
          _Driver\Inc\stm32f4xx_ll_fsmc.h")

  #define IS_FSMC_MEMORY(MEMORY) (((MEMORY) == FSMC_MemoryType_SRAM) || \
          ^
"E:\DLP_Proj\DLP_source\branches\DLP_opensource\Drivers\libstmf4\include\stm32f4xx_fsmc.h",311  Warning[Pe047]: 
          incompatible redefinition of macro "IS_FSMC_MEMORY" (declared at
          line 842 of
          "E:\DLP_Proj\DLP_source\branches\DLP_opensource\Drivers\STM32F4xx_HAL
          _Driver\Inc\stm32f4xx_ll_fsmc.h")

  #define IS_FSMC_BURSTMODE(STATE) (((STATE) == FSMC_BurstAccessMode_Disable) || \
          ^
"E:\DLP_Proj\DLP_source\branches\DLP_opensource\Drivers\libstmf4\include\stm32f4xx_fsmc.h",336  Warning[Pe047]: 
          incompatible redefinition of macro "IS_FSMC_BURSTMODE" (declared at
          line 894 of
          "E:\DLP_Proj\DLP_source\branches\DLP_opensource\Drivers\STM32F4xx_HAL
          _Driver\Inc\stm32f4xx_ll_fsmc.h")

  #define IS_FSMC_ASYNWAIT(STATE) (((STATE) == FSMC_AsynchronousWait_Disable) || \
          ^
"E:\DLP_Proj\DLP_source\branches\DLP_opensource\Drivers\libstmf4\include\stm32f4xx_fsmc.h",347  Warning[Pe047]: 
          incompatible redefinition of macro "IS_FSMC_ASYNWAIT" (declared at
          line 915 of
          "E:\DLP_Proj\DLP_source\branches\DLP_opensource\Drivers\STM32F4xx_HAL
          _Driver\Inc\stm32f4xx_ll_fsmc.h")

  #define IS_FSMC_WAIT_POLARITY(POLARITY) (((POLARITY) == FSMC_WaitSignalPolarity_Low) || \
          ^
"E:\DLP_Proj\DLP_source\branches\DLP_opensource\Drivers\libstmf4\include\stm32f4xx_fsmc.h",358  Warning[Pe047]: 
          incompatible redefinition of macro "IS_FSMC_WAIT_POLARITY" (declared
          at line 897 of
          "E:\DLP_Proj\DLP_source\branches\DLP_opensource\Drivers\STM32F4xx_HAL
          _Driver\Inc\stm32f4xx_ll_fsmc.h")

  #define IS_FSMC_WRAP_MODE(MODE) (((MODE) == FSMC_WrapMode_Disable) || \
          ^
"E:\DLP_Proj\DLP_source\branches\DLP_opensource\Drivers\libstmf4\include\stm32f4xx_fsmc.h",369  Warning[Pe047]: 
          incompatible redefinition of macro "IS_FSMC_WRAP_MODE" (declared at
          line 900 of
          "E:\DLP_Proj\DLP_source\branches\DLP_opensource\Drivers\STM32F4xx_HAL
          _Driver\Inc\stm32f4xx_ll_fsmc.h")

  #define IS_FSMC_WAIT_SIGNAL_ACTIVE(ACTIVE) (((ACTIVE) == FSMC_WaitSignalActive_BeforeWaitState) || \
          ^
"E:\DLP_Proj\DLP_source\branches\DLP_opensource\Drivers\libstmf4\include\stm32f4xx_fsmc.h",380  Warning[Pe047]: 
          incompatible redefinition of macro "IS_FSMC_WAIT_SIGNAL_ACTIVE"
          (declared at line 903 of
          "E:\DLP_Proj\DLP_source\branches\DLP_opensource\Drivers\STM32F4xx_HAL
          _Driver\Inc\stm32f4xx_ll_fsmc.h")

  #define IS_FSMC_WRITE_OPERATION(OPERATION) (((OPERATION) == FSMC_WriteOperation_Disable) || \
          ^
"E:\DLP_Proj\DLP_source\branches\DLP_opensource\Drivers\libstmf4\include\stm32f4xx_fsmc.h",391  Warning[Pe047]: 
          incompatible redefinition of macro "IS_FSMC_WRITE_OPERATION"
          (declared at line 906 of
          "E:\DLP_Proj\DLP_source\branches\DLP_opensource\Drivers\STM32F4xx_HAL
          _Driver\Inc\stm32f4xx_ll_fsmc.h")

  #define IS_FSMC_WAITE_SIGNAL(SIGNAL) (((SIGNAL) == FSMC_WaitSignal_Disable) || \
          ^
"E:\DLP_Proj\DLP_source\branches\DLP_opensource\Drivers\libstmf4\include\stm32f4xx_fsmc.h",402  Warning[Pe047]: 
          incompatible redefinition of macro "IS_FSMC_WAITE_SIGNAL" (declared
          at line 909 of
          "E:\DLP_Proj\DLP_source\branches\DLP_opensource\Drivers\STM32F4xx_HAL
          _Driver\Inc\stm32f4xx_ll_fsmc.h")

  #define IS_FSMC_EXTENDED_MODE(MODE) (((MODE) == FSMC_ExtendedMode_Disable) || \
          ^
"E:\DLP_Proj\DLP_source\branches\DLP_opensource\Drivers\libstmf4\include\stm32f4xx_fsmc.h",414  Warning[Pe047]: 
          incompatible redefinition of macro "IS_FSMC_EXTENDED_MODE" (declared
          at line 912 of
          "E:\DLP_Proj\DLP_source\branches\DLP_opensource\Drivers\STM32F4xx_HAL
          _Driver\Inc\stm32f4xx_ll_fsmc.h")

  #define IS_FSMC_WRITE_BURST(BURST) (((BURST) == FSMC_WriteBurst_Disable) || \
          ^
"E:\DLP_Proj\DLP_source\branches\DLP_opensource\Drivers\libstmf4\include\stm32f4xx_fsmc.h",426  Warning[Pe047]: 
          incompatible redefinition of macro "IS_FSMC_WRITE_BURST" (declared
          at line 920 of
          "E:\DLP_Proj\DLP_source\branches\DLP_opensource\Drivers\STM32F4xx_HAL
          _Driver\Inc\stm32f4xx_ll_fsmc.h")

  #define IS_FSMC_ADDRESS_SETUP_TIME(TIME) ((TIME) <= 0xF)
          ^
"E:\DLP_Proj\DLP_source\branches\DLP_opensource\Drivers\libstmf4\include\stm32f4xx_fsmc.h",435  Warning[Pe047]: 
          incompatible redefinition of macro "IS_FSMC_ADDRESS_SETUP_TIME"
          (declared at line 923 of
          "E:\DLP_Proj\DLP_source\branches\DLP_opensource\Drivers\STM32F4xx_HAL
          _Driver\Inc\stm32f4xx_ll_fsmc.h")

  #define IS_FSMC_ADDRESS_HOLD_TIME(TIME) ((TIME) <= 0xF)
          ^
"E:\DLP_Proj\DLP_source\branches\DLP_opensource\Drivers\libstmf4\include\stm32f4xx_fsmc.h",443  Warning[Pe047]: 
          incompatible redefinition of macro "IS_FSMC_ADDRESS_HOLD_TIME"
          (declared at line 925 of
          "E:\DLP_Proj\DLP_source\branches\DLP_opensource\Drivers\STM32F4xx_HAL
          _Driver\Inc\stm32f4xx_ll_fsmc.h")

  #define IS_FSMC_DATASETUP_TIME(TIME) (((TIME) > 0) && ((TIME) <= 0xFF))
          ^
"E:\DLP_Proj\DLP_source\branches\DLP_opensource\Drivers\libstmf4\include\stm32f4xx_fsmc.h",451  Warning[Pe047]: 
          incompatible redefinition of macro "IS_FSMC_DATASETUP_TIME"
          (declared at line 927 of
          "E:\DLP_Proj\DLP_source\branches\DLP_opensource\Drivers\STM32F4xx_HAL
          _Driver\Inc\stm32f4xx_ll_fsmc.h")

  #define IS_FSMC_TURNAROUND_TIME(TIME) ((TIME) <= 0xF)
          ^
"E:\DLP_Proj\DLP_source\branches\DLP_opensource\Drivers\libstmf4\include\stm32f4xx_fsmc.h",459  Warning[Pe047]: 
          incompatible redefinition of macro "IS_FSMC_TURNAROUND_TIME"
          (declared at line 929 of
          "E:\DLP_Proj\DLP_source\branches\DLP_opensource\Drivers\STM32F4xx_HAL
          _Driver\Inc\stm32f4xx_ll_fsmc.h")

  #define IS_FSMC_CLK_DIV(DIV) ((DIV) <= 0xF)
          ^
"E:\DLP_Proj\DLP_source\branches\DLP_opensource\Drivers\libstmf4\include\stm32f4xx_fsmc.h",467  Warning[Pe047]: 
          incompatible redefinition of macro "IS_FSMC_CLK_DIV" (declared at
          line 934 of
          "E:\DLP_Proj\DLP_source\branches\DLP_opensource\Drivers\STM32F4xx_HAL
          _Driver\Inc\stm32f4xx_ll_fsmc.h")

  #define IS_FSMC_DATA_LATENCY(LATENCY) ((LATENCY) <= 0xF)
          ^
"E:\DLP_Proj\DLP_source\branches\DLP_opensource\Drivers\libstmf4\include\stm32f4xx_fsmc.h",475  Warning[Pe047]: 
          incompatible redefinition of macro "IS_FSMC_DATA_LATENCY" (declared
          at line 918 of
          "E:\DLP_Proj\DLP_source\branches\DLP_opensource\Drivers\STM32F4xx_HAL
          _Driver\Inc\stm32f4xx_ll_fsmc.h")

  #define IS_FSMC_ACCESS_MODE(MODE) (((MODE) == FSMC_AccessMode_A) || \
          ^
"E:\DLP_Proj\DLP_source\branches\DLP_opensource\Drivers\libstmf4\include\stm32f4xx_fsmc.h",487  Warning[Pe047]: 
          incompatible redefinition of macro "IS_FSMC_ACCESS_MODE" (declared
          at line 850 of
          "E:\DLP_Proj\DLP_source\branches\DLP_opensource\Drivers\STM32F4xx_HAL
          _Driver\Inc\stm32f4xx_ll_fsmc.h")

  #define IS_FSMC_WAIT_FEATURE(FEATURE) (((FEATURE) == FSMC_Waitfeature_Disable) || \
          ^
"E:\DLP_Proj\DLP_source\branches\DLP_opensource\Drivers\libstmf4\include\stm32f4xx_fsmc.h",508  Warning[Pe047]: 
          incompatible redefinition of macro "IS_FSMC_WAIT_FEATURE" (declared
          at line 858 of
          "E:\DLP_Proj\DLP_source\branches\DLP_opensource\Drivers\STM32F4xx_HAL
          _Driver\Inc\stm32f4xx_ll_fsmc.h")

  #define IS_FSMC_ECC_STATE(STATE) (((STATE) == FSMC_ECC_Disable) || \
          ^
"E:\DLP_Proj\DLP_source\branches\DLP_opensource\Drivers\libstmf4\include\stm32f4xx_fsmc.h",520  Warning[Pe047]: 
          incompatible redefinition of macro "IS_FSMC_ECC_STATE" (declared at
          line 864 of
          "E:\DLP_Proj\DLP_source\branches\DLP_opensource\Drivers\STM32F4xx_HAL
          _Driver\Inc\stm32f4xx_ll_fsmc.h")

  #define IS_FSMC_ECCPAGE_SIZE(SIZE) (((SIZE) == FSMC_ECCPageSize_256Bytes) || \
          ^
"E:\DLP_Proj\DLP_source\branches\DLP_opensource\Drivers\libstmf4\include\stm32f4xx_fsmc.h",535  Warning[Pe047]: 
          incompatible redefinition of macro "IS_FSMC_ECCPAGE_SIZE" (declared
          at line 867 of
          "E:\DLP_Proj\DLP_source\branches\DLP_opensource\Drivers\STM32F4xx_HAL
          _Driver\Inc\stm32f4xx_ll_fsmc.h")

  #define IS_FSMC_TCLR_TIME(TIME) ((TIME) <= 0xFF)
          ^
"E:\DLP_Proj\DLP_source\branches\DLP_opensource\Drivers\libstmf4\include\stm32f4xx_fsmc.h",548  Warning[Pe047]: 
          incompatible redefinition of macro "IS_FSMC_TCLR_TIME" (declared at
          line 874 of
          "E:\DLP_Proj\DLP_source\branches\DLP_opensource\Drivers\STM32F4xx_HAL
          _Driver\Inc\stm32f4xx_ll_fsmc.h")

  #define IS_FSMC_TAR_TIME(TIME) ((TIME) <= 0xFF)
          ^
"E:\DLP_Proj\DLP_source\branches\DLP_opensource\Drivers\libstmf4\include\stm32f4xx_fsmc.h",556  Warning[Pe047]: 
          incompatible redefinition of macro "IS_FSMC_TAR_TIME" (declared at
          line 876 of
          "E:\DLP_Proj\DLP_source\branches\DLP_opensource\Drivers\STM32F4xx_HAL
          _Driver\Inc\stm32f4xx_ll_fsmc.h")

  #define IS_FSMC_SETUP_TIME(TIME) ((TIME) <= 0xFF)
          ^
"E:\DLP_Proj\DLP_source\branches\DLP_opensource\Drivers\libstmf4\include\stm32f4xx_fsmc.h",564  Warning[Pe047]: 
          incompatible redefinition of macro "IS_FSMC_SETUP_TIME" (declared at
          line 878 of
          "E:\DLP_Proj\DLP_source\branches\DLP_opensource\Drivers\STM32F4xx_HAL
          _Driver\Inc\stm32f4xx_ll_fsmc.h")

  #define IS_FSMC_WAIT_TIME(TIME) ((TIME) <= 0xFF)
          ^
"E:\DLP_Proj\DLP_source\branches\DLP_opensource\Drivers\libstmf4\include\stm32f4xx_fsmc.h",572  Warning[Pe047]: 
          incompatible redefinition of macro "IS_FSMC_WAIT_TIME" (declared at
          line 880 of
          "E:\DLP_Proj\DLP_source\branches\DLP_opensource\Drivers\STM32F4xx_HAL
          _Driver\Inc\stm32f4xx_ll_fsmc.h")

  #define IS_FSMC_HOLD_TIME(TIME) ((TIME) <= 0xFF)
          ^
"E:\DLP_Proj\DLP_source\branches\DLP_opensource\Drivers\libstmf4\include\stm32f4xx_fsmc.h",580  Warning[Pe047]: 
          incompatible redefinition of macro "IS_FSMC_HOLD_TIME" (declared at
          line 882 of
          "E:\DLP_Proj\DLP_source\branches\DLP_opensource\Drivers\STM32F4xx_HAL
          _Driver\Inc\stm32f4xx_ll_fsmc.h")

  #define IS_FSMC_HIZ_TIME(TIME) ((TIME) <= 0xFF)
          ^
"E:\DLP_Proj\DLP_source\branches\DLP_opensource\Drivers\libstmf4\include\stm32f4xx_fsmc.h",588  Warning[Pe047]: 
          incompatible redefinition of macro "IS_FSMC_HIZ_TIME" (declared at
          line 884 of
          "E:\DLP_Proj\DLP_source\branches\DLP_opensource\Drivers\STM32F4xx_HAL
          _Driver\Inc\stm32f4xx_ll_fsmc.h")

  #define FSMC_FLAG_FEMPT                          ((uint32_t)0x00000040)
          ^
"E:\DLP_Proj\DLP_source\branches\DLP_opensource\Drivers\libstmf4\include\stm32f4xx_fsmc.h",613  Warning[Pe047]: 
          incompatible redefinition of macro "FSMC_FLAG_FEMPT" (declared at
          line 530 of
          "E:\DLP_Proj\DLP_source\branches\DLP_opensource\Drivers\STM32F4xx_HAL
          _Driver\Inc\stm32f4xx_ll_fsmc.h")

    #define assert_param(expr) ((void)0)        
            ^
"E:\DLP_Proj\DLP_source\branches\DLP_opensource\Drivers\libstmf4\stm32f4xx_conf.h",149  Warning[Pe047]: 
          incompatible redefinition of macro "assert_param" (declared at line
          431 of
          "E:\DLP_Proj\DLP_source\branches\DLP_opensource\Inc\stm32f4xx_hal_con
          f.h")
     13          #include "temperature.h"

        target_temperature[HOTEND_INDEX] = celsius;
                                         ^
"E:\DLP_Proj\DLP_source\branches\DLP_opensource\Middlewares\Third_Party\Marlin\temperature.h",397  Warning[Pa093]: 
          implicit conversion from floating point to integer
     14          #include "mks_reprint.h"

  #define SD_DETECT_INVERTED false
          ^
"E:\DLP_Proj\DLP_source\branches\DLP_opensource\Middlewares\Third_Party\Marlin\cardreader.h",27  Warning[Pe047]: 
          incompatible redefinition of macro "SD_DETECT_INVERTED" (declared at
          line 512 of
          "E:\DLP_Proj\DLP_source\branches\DLP_opensource\Middlewares\Third_Par
          ty\Marlin\Configuration_adv.h")

  #define PSTR(s) s
          ^
"E:\DLP_Proj\DLP_source\branches\DLP_opensource\Middlewares\Third_Party\Marlin\cardreader.h",31  Warning[Pe047]: 
          incompatible redefinition of macro "PSTR" (declared at line 63 of
          "E:\DLP_Proj\DLP_source\branches\DLP_opensource\EWARM/../Middlewares/
          Third_Party/Marlin\marlin.h")

  #define pgm_read_byte(x) (*(char*)x)
          ^
"E:\DLP_Proj\DLP_source\branches\DLP_opensource\Middlewares\Third_Party\Marlin\cardreader.h",32  Warning[Pe047]: 
          incompatible redefinition of macro "pgm_read_byte" (declared at line
          64 of
          "E:\DLP_Proj\DLP_source\branches\DLP_opensource\Middlewares\Third_Par
          ty\Marlin\Marlin_export.h")

      static constexpr int8_t next_block_index(const int8_t block_index) { return BLOCK_MOD(block_index + 1); }
             ^
"E:\DLP_Proj\DLP_source\branches\DLP_opensource\Middlewares\Third_Party\Marlin\planner.h",582  Warning[Pe815]: 
          type qualifier on return type is meaningless

      static constexpr int8_t prev_block_index(const int8_t block_index) { return BLOCK_MOD(block_index - 1); }
             ^
"E:\DLP_Proj\DLP_source\branches\DLP_opensource\Middlewares\Third_Party\Marlin\planner.h",583  Warning[Pe815]: 
          type qualifier on return type is meaningless

  #define LONG_FILENAME_LENGTH (13*MAX_VFAT_ENTRIES+1)
          ^
"E:\DLP_Proj\DLP_source\branches\DLP_opensource\Middlewares\Third_Party\Marlin\cardreader.h",61  Warning[Pe047]: 
          incompatible redefinition of macro "LONG_FILENAME_LENGTH" (declared
          at line 119 of
          "E:\DLP_Proj\DLP_source\branches\DLP_opensource\Middlewares\Third_Par
          ty\Marlin\SdFatConfig.h")

  #define ALLOW_DEPRECATED_FUNCTIONS 0
          ^
"E:\DLP_Proj\DLP_source\branches\DLP_opensource\Middlewares\Third_Party\Marlin\SdFat.h",635  Warning[Pe047]: 
          incompatible redefinition of macro "ALLOW_DEPRECATED_FUNCTIONS"
          (declared at line 67 of
          "E:\DLP_Proj\DLP_source\branches\DLP_opensource\Middlewares\Third_Par
          ty\Marlin\SdFatConfig.h")

  #define SPI_SD_INIT_RATE 11
          ^
"E:\DLP_Proj\DLP_source\branches\DLP_opensource\Middlewares\Third_Party\Marlin\SdFat.h",647  Warning[Pe047]: 
          incompatible redefinition of macro "SPI_SD_INIT_RATE" (declared at
          line 79 of
          "E:\DLP_Proj\DLP_source\branches\DLP_opensource\Middlewares\Third_Par
          ty\Marlin\SdFatConfig.h")
     15          
     16          extern float feedrate_mm_s;
     17          
     18          //extern TFT_FIFO gcodeCmdTxFIFO;		//gcode ÷∏¡Ó∑¢ÀÕ∂”¡–
     19          //extern TFT_FIFO gcodeCmdRxFIFO;		//gcode	÷∏¡ÓΩ” ’∂”¡–
     20          extern int X_ADD,X_INTERVAL;
     21          

   \                                 In section .bss, align 4
     22          GUI_HWIN hFilamentChangeWnd;
     23          static TEXT_Handle textExtruTemp, textExtruMsg;
     24          
     25          static BUTTON_STRUCT buttonFilamentChangeIn, buttonFilamentChangeOut, buttonSprayType,buttonFilamentChangepreheat,buttonFilamentChangeStop, buttonRet;
     26          
     27          extern volatile uint8_t get_temp_flag;
     28          extern uint8_t Get_Temperature_Flg;
     29          extern unsigned char positionSaveFlag;
     30          
     31          uint8_t filamentchange_Process = 0;
     32          
     33          extern uint8_t link_mutex_detect_time;
     34          
     35          void disp_filament_sprayer_type();
     36          void disp_filament_sprayer_temp();
     37          
     38          uint8_t Filament_in_flg;
     39          uint8_t Filament_out_flg;
     40          uint8_t filament_loading_complete;
     41          uint8_t filament_heating_flg;
     42          uint8_t filament_loading_flg;
     43          uint8_t filament_load_cmd_flg;
     44          uint8_t filament_load_timing_flg;
     45          uint16_t filament_load_timing_cnt;
     46          
     47          uint8_t filament_load_heat_flg;
     48          uint8_t filament_unload_heat_flg;
     49          
     50          static uint8_t filament_in_out_flg;
   \                     filament_in_out_flg:
   \   00000000                      DS8 1
   \   00000001                      DS8 1
   \                     hFilamentChangeWnd:
   \   00000002                      DS8 2
   \   00000004                      DS8 2
   \   00000006                      DS8 2
   \   00000008                      DS8 24
   \   00000020                      DS8 24

   \                                 In section .bss, align 4
   \                     buttonFilamentChangeIn:
   \   00000000                      DS8 24
   \   00000018                      DS8 24

   \                                 In section .bss, align 1
   \                     filamentchange_Process:
   \   00000000                      DS8 1

   \                                 In section .bss, align 1
   \                     Filament_in_flg:
   \   00000000                      DS8 1

   \                                 In section .bss, align 1
   \                     Filament_out_flg:
   \   00000000                      DS8 1

   \                                 In section .bss, align 1
   \                     filament_loading_complete:
   \   00000000                      DS8 1

   \                                 In section .bss, align 1
   \                     filament_heating_flg:
   \   00000000                      DS8 1

   \                                 In section .bss, align 1
   \                     filament_loading_flg:
   \   00000000                      DS8 1

   \                                 In section .bss, align 1
   \                     filament_load_cmd_flg:
   \   00000000                      DS8 1

   \                                 In section .bss, align 1
   \                     filament_load_timing_flg:
   \   00000000                      DS8 1

   \                                 In section .bss, align 2
   \                     filament_load_timing_cnt:
   \   00000000                      DS8 2

   \                                 In section .bss, align 1
   \                     filament_load_heat_flg:
   \   00000000                      DS8 1

   \                                 In section .bss, align 1
   \                     filament_unload_heat_flg:
   \   00000000                      DS8 1
     51          
     52          extern uint8_t pause_flag;
     53          
     54          extern void filament_sprayer_temp();
     55          
     56          

   \                                 In section .text, align 2, keep-with-next
     57          static void cbFilamentChangeWin(WM_MESSAGE * pMsg) {
     58          
     59          	char buf[50] = {0};
     60          
     61          	switch (pMsg->MsgId)
   \                     _Z19cbFilamentChangeWinP10WM_MESSAGE: (+1)
   \   00000000   0x6801             LDR      R1,[R0, #+0]
   \   00000002   0x290C             CMP      R1,#+12
   \   00000004   0xD100             BNE.N    ??cbFilamentChangeWin_0
   \   00000006   0x4770             BX       LR
   \                     ??cbFilamentChangeWin_0: (+1)
   \   00000008   0xB580             PUSH     {R7,LR}
   \   0000000A   0x290D             CMP      R1,#+13
   \   0000000C   0xD03A             BEQ.N    ??cbFilamentChangeWin_1
   \   0000000E   0x290F             CMP      R1,#+15
   \   00000010   0xD038             BEQ.N    ??cbFilamentChangeWin_1
   \   00000012   0x2926             CMP      R1,#+38
   \   00000014   0xD132             BNE.N    ??cbFilamentChangeWin_2
     62          	{
     63          		case WM_PAINT:			
     64          			//GUI_SetColor(gCfgItems.state_background_color);
     65          			//GUI_SetColor(gCfgItems.state_background_color);
     66          			//GUI_DrawRect(LCD_WIDTH/4+X_ADD, 0, LCD_WIDTH *3 / 4-X_INTERVAL, imgHeight /2 -15);
     67          			//GUI_SetColor(gCfgItems.state_background_color);
     68          			//GUI_FillRect(LCD_WIDTH/4+X_ADD, 0, LCD_WIDTH *3 / 4-X_INTERVAL, imgHeight /2 -15);		
     69          			break;
     70          		case WM_TOUCH:
     71          		 	
     72          			break;
     73          		case WM_TOUCH_CHILD:
     74          			
     75          			break;
     76          			
     77          		case WM_NOTIFY_PARENT:
     78          			if(pMsg->Data.v == WM_NOTIFICATION_RELEASED)
   \   00000016   0x6881             LDR      R1,[R0, #+8]
   \   00000018   0x2902             CMP      R1,#+2
   \   0000001A   0xD133             BNE.N    ??cbFilamentChangeWin_1
     79          			{
     80          				if(pMsg->hWinSrc == buttonRet.btnHandle)
   \   0000001C   0xF9B0 0x0006      LDRSH    R0,[R0, #+6]
   \   00000020   0x.... 0x....      LDR.W    R1,??DataTable13_1
   \   00000024   0xF9B1 0x2020      LDRSH    R2,[R1, #+32]
   \   00000028   0x4290             CMP      R0,R2
   \   0000002A   0xD119             BNE.N    ??cbFilamentChangeWin_3
     81          				{
     82          #if tan_mask
     83          					//if(last_disp_state != PAUSE_UI)
     84          					//{
     85          					//Get_Temperature_Flg = 0;
     86          					//}
     87          					#if 0
     88          					if((printerStaus== pr_pause)&&(pause_flag != 1))
     89          					{
     90          						pause_flag = 0;
     91          						//I2C_EE_Init(400000);
     92          						MX_I2C1_Init(400000);
     93          						start_print_time();
     94          						printerStaus = pr_working;
     95          					}
     96          					#endif
     97          					if(filament_in_out_flg == 1)
     98          					{
     99          						if((gCfgItems.sprayerNum == 2)&&(printerStaus != pr_idle))
    100          						{
    101          							gCfgItems.curSprayerChoose = gCfgItems.curSprayerChoose_bak;
    102          						}
    103          						sprintf(buf,"M104 T%d S%.f\n",gCfgItems.curSprayerChoose,gCfgItems.desireSprayerTempBak_1[gCfgItems.curSprayerChoose]);
    104          						pushFIFO(&gcodeCmdTxFIFO,(unsigned char *)buf);
    105          					}
    106          #endif
    107          #if 0       //mks 2018-07_a                                        
    108          					if((mksCfg.extruders == 2)
    109          						&&(mksReprint.mks_printer_state!=MKS_IDLE)
    110          						&&(mksReprint.mks_printer_state!=MKS_REPRINTED))
    111          					{
    112          						if(gCfgItems.curSprayerChoose_bak == 1)
    113          						{
    114          							enqueue_and_echo_command("T1");
    115          						}
    116          						else
    117          						{
    118          							enqueue_and_echo_command("T0");
    119          						}
    120          						
    121          						feedrate_mm_s = gCfgItems.moveSpeed_bak ;
    122          					}
    123          #endif
    124          					thermalManager.target_temperature[gCfgItems.curSprayerChoose]= gCfgItems.desireSprayerTempBak;
                 					                                                             ^
Warning[Pa093]: implicit conversion from floating point to integer

  	char buf[50] = {0};
  	     ^
"E:\DLP_Proj\DLP_source\branches\DLP_opensource\User\ui\draw_filamentchange.cpp",59  Warning[Pe177]: 
          variable "buf" was declared but never referenced
   \   0000002C   0x.... 0x....      LDR.W    R0,??DataTable13_2
   \   00000030   0xF990 0x20BC      LDRSB    R2,[R0, #+188]
   \   00000034   0xED90 0x0A47      VLDR     S0,[R0, #+284]
   \   00000038   0xEEBD 0x0AC0      VCVT.S32.F32 S0,S0
   \   0000003C   0x.... 0x....      LDR.W    R0,??DataTable13_3
   \   00000040   0xEB00 0x0082      ADD      R0,R0,R2, LSL #+2
   \   00000044   0xED80 0x0A00      VSTR     S0,[R0, #0]
    125          
    126          					filament_in_out_flg = 0;	
   \   00000048   0x2000             MOVS     R0,#+0
   \   0000004A   0x7008             STRB     R0,[R1, #+0]
    127          					last_disp_state = FILAMENTCHANGE_UI;
   \   0000004C   0x201B             MOVS     R0,#+27
   \   0000004E   0x.... 0x....      LDR.W    R1,??DataTable13_4
   \   00000052   0x7008             STRB     R0,[R1, #+0]
    128          					Clear_FilamentChange();
   \   00000054   0x.... 0x....      BL       Clear_FilamentChange
    129          					draw_return_ui();
   \   00000058   0xE8BD 0x4001      POP      {R0,LR}
   \   0000005C   0x.... 0x....      B.W      draw_return_ui
    130          				}
    131          #if 0                
    132          				else if(pMsg->hWinSrc == buttonFilamentChangeIn.btnHandle)
    133          				{
    134          					temperature_change_frequency = 1;
    135          					filament_load_heat_flg=1;
    136          					if((abs(thermalManager.target_temperature[gCfgItems.curSprayerChoose]-thermalManager.current_temperature[gCfgItems.curSprayerChoose])<=1)
    137          					||(gCfgItems.filament_load_limit_temper<=thermalManager.current_temperature[gCfgItems.curSprayerChoose]))
    138          					{
    139          						last_disp_state = FILAMENTCHANGE_UI;
    140          						Clear_FilamentChange();
    141          						draw_dialog(DIALOG_TYPE_FILAMENT_HEAT_LOAD_COMPLETED);
    142          					}
    143          					else
    144          					{
    145          						last_disp_state = FILAMENTCHANGE_UI;
    146          						Clear_FilamentChange();
    147          						draw_dialog(DIALOG_TYPE_FILAMENT_LOAD_HEAT);
    148          						if(thermalManager.target_temperature[gCfgItems.curSprayerChoose]<gCfgItems.filament_load_limit_temper)
    149          						{
    150          							memset(buf,0,sizeof(buf));
    151          							sprintf(buf,"M104 T%d S%d\n",gCfgItems.curSprayerChoose,gCfgItems.filament_load_limit_temper);
    152          							enqueue_and_echo_commands_P(PSTR(buf));
    153          						}
    154          						filament_sprayer_temp();
    155          					}
    156          
    157          				}
    158          				
    159          				else if(pMsg->hWinSrc == buttonFilamentChangeOut.btnHandle)
    160          				{
    161          					temperature_change_frequency=1;
    162          					filament_unload_heat_flg=1;
    163          					if((thermalManager.target_temperature[gCfgItems.curSprayerChoose] > 0)
    164          						&&((abs((int)((int)thermalManager.target_temperature[gCfgItems.curSprayerChoose] - gCfgItems.filament_unload_limit_temper))<=1)
    165          						||((int)thermalManager.target_temperature[gCfgItems.curSprayerChoose] > gCfgItems.filament_unload_limit_temper)))
    166          					{
    167          						last_disp_state = FILAMENTCHANGE_UI;
    168          						Clear_FilamentChange();
    169          						draw_dialog(DIALOG_TYPE_FILAMENT_UNLOAD_COMPLETED);
    170          					}
    171          					else
    172          					{
    173          						last_disp_state = FILAMENTCHANGE_UI;
    174          						Clear_FilamentChange();
    175          						draw_dialog(DIALOG_TYPE_FILAMENT_UNLOAD_HEAT);
    176          						if(thermalManager.target_temperature[gCfgItems.curSprayerChoose]<gCfgItems.filament_load_limit_temper)
    177          						{
    178          							memset(buf,0,sizeof(buf));
    179          							sprintf(buf,"M104 T%d S%d\n",gCfgItems.curSprayerChoose,gCfgItems.filament_load_limit_temper);
    180          							enqueue_and_echo_commands_P(PSTR(buf));
    181          						}
    182          						filament_sprayer_temp();
    183          
    184          						//gCfgItems.desireSprayerTemp[gCfgItems.curSprayerChoose] = gCfgItems.filament_unload_limit_temper;
    185          						//Extruder::setTemperatureForExtruder(gCfgItems.filament_unload_limit_temper,gCfgItems.curSprayerChoose);
    186          					}				
    187          				}
    188          #endif                                
    189          				else if(pMsg->hWinSrc == buttonSprayType.btnHandle)
   \                     ??cbFilamentChangeWin_3: (+1)
   \   00000060   0xF9B1 0x1008      LDRSH    R1,[R1, #+8]
   \   00000064   0x4288             CMP      R0,R1
   \   00000066   0xD10D             BNE.N    ??cbFilamentChangeWin_1
    190          				{
    191          #if 0       //mks 2018-07_a                                  
    192          					if(mksCfg.extruders == 2)
    193          					{
    194          						if(gCfgItems.curSprayerChoose == 0)
    195          						{
    196          							gCfgItems.curSprayerChoose = 1;
    197          							//enqueue_and_echo_commands_P("T1");
    198          						}
    199          						else
    200          						{
    201          							gCfgItems.curSprayerChoose = 0;
    202          							//enqueue_and_echo_commands_P("T0");
    203          						}
    204          					}
    205          					else
    206          #endif                                          
    207          					{
    208          						gCfgItems.curSprayerChoose = 0;
   \   00000068   0x2000             MOVS     R0,#+0
   \   0000006A   0x.... 0x....      LDR.W    R1,??DataTable13_2
   \   0000006E   0xF881 0x00BC      STRB     R0,[R1, #+188]
    209          					}
    210          					
    211          					disp_filament_sprayer_temp();
   \   00000072   0x.... 0x....      BL       disp_filament_sprayer_temp
    212          					disp_filament_sprayer_type();
   \   00000076   0xE8BD 0x4001      POP      {R0,LR}
   \   0000007A   0x....             B.N      _Z26disp_filament_sprayer_typev
    213          				}	
    214          
    215          			}		
    216          			break;
    217          		default:
    218          			WM_DefaultProc(pMsg);
   \                     ??cbFilamentChangeWin_2: (+1)
   \   0000007C   0xE8BD 0x4002      POP      {R1,LR}
   \   00000080   0x.... 0x....      B.W      WM_DefaultProc
    219          	}
    220          }
   \                     ??cbFilamentChangeWin_1: (+1)
   \   00000084   0xBD01             POP      {R0,PC}          ;; return
    221          

   \                                 In section .text, align 2, keep-with-next
    222          void draw_FilamentChange()
    223          {
   \                     draw_FilamentChange: (+1)
   \   00000000   0xE92D 0x47F0      PUSH     {R4-R10,LR}
   \   00000004   0xB086             SUB      SP,SP,#+24
    224          	int8_t buf[100] = {0};
                 	       ^
Warning[Pe177]: variable "buf" was declared but never referenced

  static TEXT_Handle textExtruTemp, textExtruMsg;
                                    ^
"E:\DLP_Proj\DLP_source\branches\DLP_opensource\User\ui\draw_filamentchange.cpp",23  Warning[Pe177]: 
          variable "textExtruMsg" was declared but never referenced

  static BUTTON_STRUCT buttonFilamentChangeIn, buttonFilamentChangeOut, buttonSprayType,buttonFilamentChangepreheat,buttonFilamentChangeStop, buttonRet;
                                                                                        ^
"E:\DLP_Proj\DLP_source\branches\DLP_opensource\User\ui\draw_filamentchange.cpp",25  Warning[Pe177]: 
          variable "buttonFilamentChangepreheat" was declared but never
          referenced

  static BUTTON_STRUCT buttonFilamentChangeIn, buttonFilamentChangeOut, buttonSprayType,buttonFilamentChangepreheat,buttonFilamentChangeStop, buttonRet;
                                                                                                                    ^
"E:\DLP_Proj\DLP_source\branches\DLP_opensource\User\ui\draw_filamentchange.cpp",25  Warning[Pe177]: 
          variable "buttonFilamentChangeStop" was declared but never referenced

  static uint8_t filament_in_out_flg;
                 ^
"E:\DLP_Proj\DLP_source\branches\DLP_opensource\User\ui\draw_filamentchange.cpp",50  Warning[Pe550]: 
          variable "filament_in_out_flg" was set but never used

  					thermalManager.target_temperature[gCfgItems.curSprayerChoose]= gCfgItems.desireSprayerTempBak;
  					^
"E:\DLP_Proj\DLP_source\branches\DLP_opensource\User\ui\draw_filamentchange.cpp",124  Warning[Pa082]: 
          undefined behavior: the order of volatile accesses is undefined in
          this statement
    225          	//link_mutex_detect_time = 5;
    226          	//Get_Temperature_Flg = 1;
    227          	//get_temp_flag = 1;
    228          
    229          	
    230          	if(disp_state_stack._disp_state[disp_state_stack._disp_index] != FILAMENTCHANGE_UI)
   \   00000006   0x.... 0x....      LDR.W    R0,??DataTable13_5
   \   0000000A   0xF990 0x1064      LDRSB    R1,[R0, #+100]
   \   0000000E   0x560A             LDRSB    R2,[R1, R0]
   \   00000010   0x2A1B             CMP      R2,#+27
   \   00000012   0xD005             BEQ.N    ??draw_FilamentChange_0
    231          	{
    232          		disp_state_stack._disp_index++;
   \   00000014   0x1C49             ADDS     R1,R1,#+1
   \   00000016   0xF880 0x1064      STRB     R1,[R0, #+100]
    233          		disp_state_stack._disp_state[disp_state_stack._disp_index] = FILAMENTCHANGE_UI;
   \   0000001A   0x221B             MOVS     R2,#+27
   \   0000001C   0xB249             SXTB     R1,R1
   \   0000001E   0x540A             STRB     R2,[R1, R0]
    234          	}
    235          	disp_state = FILAMENTCHANGE_UI;
   \                     ??draw_FilamentChange_0: (+1)
   \   00000020   0x201B             MOVS     R0,#+27
   \   00000022   0x.... 0x....      LDR.W    R1,??DataTable13_6
   \   00000026   0x7008             STRB     R0,[R1, #+0]
    236          		
    237          	GUI_SetBkColor(gCfgItems.background_color);
   \   00000028   0x.... 0x....      LDR.W    R4,??DataTable13_2
   \   0000002C   0x6860             LDR      R0,[R4, #+4]
   \   0000002E   0x.... 0x....      BL       GUI_SetBkColor
    238          	GUI_SetColor(gCfgItems.title_color);
   \   00000032   0x1D25             ADDS     R5,R4,#+4
   \   00000034   0x6D68             LDR      R0,[R5, #+84]
   \   00000036   0x.... 0x....      BL       GUI_SetColor
    239          	GUI_Clear();
   \   0000003A   0x.... 0x....      BL       GUI_Clear
    240          	#if 0
    241          	if(gCfgItems.language == LANG_COMPLEX_CHINESE)
    242          	{
    243          		GUI_SetFont(&GUI_FontHZ16);
    244          	}
    245          	else if(gCfgItems.language == LANG_SIMPLE_CHINESE)
    246          	{
    247          		GUI_SetFont(&FONT_TITLE);
    248          	}
    249          	else
    250          	{
    251          		GUI_SetFont(&GUI_FontHZ_fontHz18);
    252          	}
    253          	#endif
    254          	
    255          	GUI_DispStringAt(creat_title_text(),  TITLE_XPOS, TITLE_YPOS);
   \   0000003E   0x.... 0x....      BL       creat_title_text
   \   00000042   0x.... 0x....      LDR.W    R1,??DataTable13_7
   \   00000046   0x89CA             LDRH     R2,[R1, #+14]
   \   00000048   0x8989             LDRH     R1,[R1, #+12]
   \   0000004A   0x.... 0x....      BL       GUI_DispStringAt
    256          
    257          	hFilamentChangeWnd = WM_CreateWindow(0, titleHeight, LCD_WIDTH, imgHeight, WM_CF_SHOW, cbFilamentChangeWin, 0);
   \   0000004E   0x....             LDR.N    R6,??DataTable13_1
   \   00000050   0x2000             MOVS     R0,#+0
   \   00000052   0x9002             STR      R0,[SP, #+8]
   \   00000054   0x....             LDR.N    R0,??DataTable13_8
   \   00000056   0x9001             STR      R0,[SP, #+4]
   \   00000058   0x2002             MOVS     R0,#+2
   \   0000005A   0x9000             STR      R0,[SP, #+0]
   \   0000005C   0xF44F 0x73A0      MOV      R3,#+320
   \   00000060   0xF44F 0x72F0      MOV      R2,#+480
   \   00000064   0x2100             MOVS     R1,#+0
   \   00000066   0x4608             MOV      R0,R1
   \   00000068   0x.... 0x....      BL       WM_CreateWindow
   \   0000006C   0x8070             STRH     R0,[R6, #+2]
    258          
    259          	buttonFilamentChangeIn.btnHandle = BUTTON_CreateEx(INTERVAL_V,0,BTN_X_PIXEL, BTN_Y_PIXEL, hFilamentChangeWnd, BUTTON_CF_SHOW, 0, alloc_win_id());
   \   0000006E   0x.... 0x....      BL       alloc_win_id
   \   00000072   0x....             LDR.N    R7,??DataTable13_9
   \   00000074   0x9003             STR      R0,[SP, #+12]
   \   00000076   0x2000             MOVS     R0,#+0
   \   00000078   0x9002             STR      R0,[SP, #+8]
   \   0000007A   0x2002             MOVS     R0,#+2
   \   0000007C   0x9001             STR      R0,[SP, #+4]
   \   0000007E   0xF9B6 0x0002      LDRSH    R0,[R6, #+2]
   \   00000082   0x9000             STR      R0,[SP, #+0]
   \   00000084   0x2374             MOVS     R3,#+116
   \   00000086   0x228C             MOVS     R2,#+140
   \   00000088   0x2100             MOVS     R1,#+0
   \   0000008A   0x2021             MOVS     R0,#+33
   \   0000008C   0x.... 0x....      BL       BUTTON_CreateEx
   \   00000090   0x8038             STRH     R0,[R7, #+0]
    260          	buttonFilamentChangeOut.btnHandle = BUTTON_CreateEx(BTN_X_PIXEL*3+INTERVAL_V*4,0,BTN_X_PIXEL, BTN_Y_PIXEL, hFilamentChangeWnd, BUTTON_CF_SHOW, 0, alloc_win_id());
   \   00000092   0x.... 0x....      BL       alloc_win_id
   \   00000096   0x9003             STR      R0,[SP, #+12]
   \   00000098   0x2000             MOVS     R0,#+0
   \   0000009A   0x9002             STR      R0,[SP, #+8]
   \   0000009C   0x2002             MOVS     R0,#+2
   \   0000009E   0x9001             STR      R0,[SP, #+4]
   \   000000A0   0xF9B6 0x0002      LDRSH    R0,[R6, #+2]
   \   000000A4   0x9000             STR      R0,[SP, #+0]
   \   000000A6   0x2374             MOVS     R3,#+116
   \   000000A8   0x228C             MOVS     R2,#+140
   \   000000AA   0x2100             MOVS     R1,#+0
   \   000000AC   0xF44F 0x700A      MOV      R0,#+552
   \   000000B0   0x.... 0x....      BL       BUTTON_CreateEx
   \   000000B4   0x8338             STRH     R0,[R7, #+24]
    261          	buttonSprayType.btnHandle = BUTTON_CreateEx(INTERVAL_V,BTN_Y_PIXEL+INTERVAL_H,BTN_X_PIXEL, BTN_Y_PIXEL, hFilamentChangeWnd, BUTTON_CF_SHOW, 0, 303);
   \   000000B6   0xF240 0x102F      MOVW     R0,#+303
   \   000000BA   0x9003             STR      R0,[SP, #+12]
   \   000000BC   0x2000             MOVS     R0,#+0
   \   000000BE   0x9002             STR      R0,[SP, #+8]
   \   000000C0   0x2002             MOVS     R0,#+2
   \   000000C2   0x9001             STR      R0,[SP, #+4]
   \   000000C4   0xF9B6 0x0002      LDRSH    R0,[R6, #+2]
   \   000000C8   0x9000             STR      R0,[SP, #+0]
   \   000000CA   0x2374             MOVS     R3,#+116
   \   000000CC   0x228C             MOVS     R2,#+140
   \   000000CE   0x2183             MOVS     R1,#+131
   \   000000D0   0x2021             MOVS     R0,#+33
   \   000000D2   0x.... 0x....      BL       BUTTON_CreateEx
   \   000000D6   0x8130             STRH     R0,[R6, #+8]
    262          	buttonRet.btnHandle = BUTTON_CreateEx(BTN_X_PIXEL*3+INTERVAL_V*4, BTN_Y_PIXEL+INTERVAL_H,BTN_X_PIXEL,BTN_Y_PIXEL, hFilamentChangeWnd, BUTTON_CF_SHOW, 0, alloc_win_id());
   \   000000D8   0x.... 0x....      BL       alloc_win_id
   \   000000DC   0x9003             STR      R0,[SP, #+12]
   \   000000DE   0x2000             MOVS     R0,#+0
   \   000000E0   0x9002             STR      R0,[SP, #+8]
   \   000000E2   0x2002             MOVS     R0,#+2
   \   000000E4   0x9001             STR      R0,[SP, #+4]
   \   000000E6   0xF9B6 0x0002      LDRSH    R0,[R6, #+2]
   \   000000EA   0x9000             STR      R0,[SP, #+0]
   \   000000EC   0x2374             MOVS     R3,#+116
   \   000000EE   0x228C             MOVS     R2,#+140
   \   000000F0   0x2183             MOVS     R1,#+131
   \   000000F2   0xF44F 0x700A      MOV      R0,#+552
   \   000000F6   0x.... 0x....      BL       BUTTON_CreateEx
   \   000000FA   0x8430             STRH     R0,[R6, #+32]
    263          
    264          	BUTTON_SetBmpFileName(buttonFilamentChangeIn.btnHandle, "bmp_in.bin",1);
   \   000000FC   0x2201             MOVS     R2,#+1
   \   000000FE   0x.... 0x....      ADR.W    R1,`?<Constant "bmp_in.bin">`
   \   00000102   0xF9B7 0x0000      LDRSH    R0,[R7, #+0]
   \   00000106   0x.... 0x....      BL       BUTTON_SetBmpFileName
    265          	BUTTON_SetBmpFileName(buttonFilamentChangeOut.btnHandle, "bmp_out.bin",1);
   \   0000010A   0x2201             MOVS     R2,#+1
   \   0000010C   0x.... 0x....      ADR.W    R1,`?<Constant "bmp_out.bin">`
   \   00000110   0xF9B7 0x0018      LDRSH    R0,[R7, #+24]
   \   00000114   0x.... 0x....      BL       BUTTON_SetBmpFileName
    266          	BUTTON_SetBmpFileName(buttonRet.btnHandle, "bmp_return.bin",1);
   \   00000118   0x2201             MOVS     R2,#+1
   \   0000011A   0x.... 0x....      ADR.W    R1,`?<Constant "bmp_return.bin">`
   \   0000011E   0xF9B6 0x0020      LDRSH    R0,[R6, #+32]
   \   00000122   0x.... 0x....      BL       BUTTON_SetBmpFileName
    267          	
    268          	BUTTON_SetBitmapEx(buttonFilamentChangeIn.btnHandle, 0, &bmp_struct, BMP_PIC_X, BMP_PIC_Y);
   \   00000126   0x.... 0x....      LDR.W    R8,??DataTable13_10
   \   0000012A   0x.... 0x....      LDR.W    R9,??DataTable13_11
   \   0000012E   0x.... 0x....      LDR.W    R10,??DataTable13_12
   \   00000132   0xF99A 0x0000      LDRSB    R0,[R10, #+0]
   \   00000136   0x9000             STR      R0,[SP, #+0]
   \   00000138   0xF999 0x3000      LDRSB    R3,[R9, #+0]
   \   0000013C   0x4642             MOV      R2,R8
   \   0000013E   0x2100             MOVS     R1,#+0
   \   00000140   0xF9B7 0x0000      LDRSH    R0,[R7, #+0]
   \   00000144   0x.... 0x....      BL       BUTTON_SetBitmapEx
    269          	BUTTON_SetBitmapEx(buttonFilamentChangeOut.btnHandle, 0, &bmp_struct, BMP_PIC_X, BMP_PIC_Y);
   \   00000148   0xF99A 0x0000      LDRSB    R0,[R10, #+0]
   \   0000014C   0x9000             STR      R0,[SP, #+0]
   \   0000014E   0xF999 0x3000      LDRSB    R3,[R9, #+0]
   \   00000152   0x4642             MOV      R2,R8
   \   00000154   0x2100             MOVS     R1,#+0
   \   00000156   0xF9B7 0x0018      LDRSH    R0,[R7, #+24]
   \   0000015A   0x.... 0x....      BL       BUTTON_SetBitmapEx
    270          	BUTTON_SetBitmapEx(buttonRet.btnHandle, 0, &bmp_struct, BMP_PIC_X, BMP_PIC_Y);
   \   0000015E   0xF99A 0x0000      LDRSB    R0,[R10, #+0]
   \   00000162   0x9000             STR      R0,[SP, #+0]
   \   00000164   0xF999 0x3000      LDRSB    R3,[R9, #+0]
   \   00000168   0x4642             MOV      R2,R8
   \   0000016A   0x2100             MOVS     R1,#+0
   \   0000016C   0xF9B6 0x0020      LDRSH    R0,[R6, #+32]
   \   00000170   0x.... 0x....      BL       BUTTON_SetBitmapEx
    271          
    272          	BUTTON_SetBkColor(buttonFilamentChangeIn.btnHandle, BUTTON_CI_PRESSED, gCfgItems.btn_color);
   \   00000174   0x686A             LDR      R2,[R5, #+4]
   \   00000176   0x2101             MOVS     R1,#+1
   \   00000178   0xF9B7 0x0000      LDRSH    R0,[R7, #+0]
   \   0000017C   0x.... 0x....      BL       BUTTON_SetBkColor
    273          	BUTTON_SetBkColor(buttonFilamentChangeIn.btnHandle, BUTTON_CI_UNPRESSED, gCfgItems.btn_color);
   \   00000180   0x686A             LDR      R2,[R5, #+4]
   \   00000182   0x2100             MOVS     R1,#+0
   \   00000184   0xF9B7 0x0000      LDRSH    R0,[R7, #+0]
   \   00000188   0x.... 0x....      BL       BUTTON_SetBkColor
    274          	BUTTON_SetTextColor(buttonFilamentChangeIn.btnHandle, BUTTON_CI_PRESSED, gCfgItems.btn_textcolor);
   \   0000018C   0x68EA             LDR      R2,[R5, #+12]
   \   0000018E   0x2101             MOVS     R1,#+1
   \   00000190   0xF9B7 0x0000      LDRSH    R0,[R7, #+0]
   \   00000194   0x.... 0x....      BL       BUTTON_SetTextColor
    275          	BUTTON_SetTextColor(buttonFilamentChangeIn.btnHandle, BUTTON_CI_UNPRESSED, gCfgItems.btn_textcolor);
   \   00000198   0x68EA             LDR      R2,[R5, #+12]
   \   0000019A   0x2100             MOVS     R1,#+0
   \   0000019C   0xF9B7 0x0000      LDRSH    R0,[R7, #+0]
   \   000001A0   0x.... 0x....      BL       BUTTON_SetTextColor
    276          	
    277          	BUTTON_SetBkColor(buttonFilamentChangeOut.btnHandle, BUTTON_CI_PRESSED, gCfgItems.btn_color);
   \   000001A4   0x686A             LDR      R2,[R5, #+4]
   \   000001A6   0x2101             MOVS     R1,#+1
   \   000001A8   0xF9B7 0x0018      LDRSH    R0,[R7, #+24]
   \   000001AC   0x.... 0x....      BL       BUTTON_SetBkColor
    278          	BUTTON_SetBkColor(buttonFilamentChangeOut.btnHandle, BUTTON_CI_UNPRESSED, gCfgItems.btn_color);
   \   000001B0   0x686A             LDR      R2,[R5, #+4]
   \   000001B2   0x2100             MOVS     R1,#+0
   \   000001B4   0xF9B7 0x0018      LDRSH    R0,[R7, #+24]
   \   000001B8   0x.... 0x....      BL       BUTTON_SetBkColor
    279          	BUTTON_SetTextColor(buttonFilamentChangeOut.btnHandle, BUTTON_CI_PRESSED, gCfgItems.btn_textcolor);
   \   000001BC   0x68EA             LDR      R2,[R5, #+12]
   \   000001BE   0x2101             MOVS     R1,#+1
   \   000001C0   0xF9B7 0x0018      LDRSH    R0,[R7, #+24]
   \   000001C4   0x.... 0x....      BL       BUTTON_SetTextColor
    280          	BUTTON_SetTextColor(buttonFilamentChangeOut.btnHandle, BUTTON_CI_UNPRESSED, gCfgItems.btn_textcolor);
   \   000001C8   0x68EA             LDR      R2,[R5, #+12]
   \   000001CA   0x2100             MOVS     R1,#+0
   \   000001CC   0xF9B7 0x0018      LDRSH    R0,[R7, #+24]
   \   000001D0   0x.... 0x....      BL       BUTTON_SetTextColor
    281          	
    282          
    283          	BUTTON_SetBkColor(buttonRet.btnHandle, BUTTON_CI_PRESSED, gCfgItems.back_btn_color);
   \   000001D4   0x6FAA             LDR      R2,[R5, #+120]
   \   000001D6   0x2101             MOVS     R1,#+1
   \   000001D8   0xF9B6 0x0020      LDRSH    R0,[R6, #+32]
   \   000001DC   0x.... 0x....      BL       BUTTON_SetBkColor
    284          	BUTTON_SetBkColor(buttonRet.btnHandle,BUTTON_CI_UNPRESSED, gCfgItems.back_btn_color);
   \   000001E0   0x6FAA             LDR      R2,[R5, #+120]
   \   000001E2   0x2100             MOVS     R1,#+0
   \   000001E4   0xF9B6 0x0020      LDRSH    R0,[R6, #+32]
   \   000001E8   0x.... 0x....      BL       BUTTON_SetBkColor
    285          	BUTTON_SetTextColor(buttonRet.btnHandle, BUTTON_CI_PRESSED, gCfgItems.back_btn_textcolor);
   \   000001EC   0x6FEA             LDR      R2,[R5, #+124]
   \   000001EE   0x2101             MOVS     R1,#+1
   \   000001F0   0xF9B6 0x0020      LDRSH    R0,[R6, #+32]
   \   000001F4   0x.... 0x....      BL       BUTTON_SetTextColor
    286          	BUTTON_SetTextColor(buttonRet.btnHandle,BUTTON_CI_UNPRESSED, gCfgItems.back_btn_textcolor);
   \   000001F8   0x6FEA             LDR      R2,[R5, #+124]
   \   000001FA   0x2100             MOVS     R1,#+0
   \   000001FC   0xF9B6 0x0020      LDRSH    R0,[R6, #+32]
   \   00000200   0x.... 0x....      BL       BUTTON_SetTextColor
    287          
    288          	BUTTON_SetBkColor(buttonSprayType.btnHandle, BUTTON_CI_PRESSED, gCfgItems.btn_state_color);
   \   00000204   0x6F2A             LDR      R2,[R5, #+112]
   \   00000206   0x2101             MOVS     R1,#+1
   \   00000208   0xF9B6 0x0008      LDRSH    R0,[R6, #+8]
   \   0000020C   0x.... 0x....      BL       BUTTON_SetBkColor
    289          	BUTTON_SetBkColor(buttonSprayType.btnHandle,BUTTON_CI_UNPRESSED, gCfgItems.btn_state_color);
   \   00000210   0x6F2A             LDR      R2,[R5, #+112]
   \   00000212   0x2100             MOVS     R1,#+0
   \   00000214   0xF9B6 0x0008      LDRSH    R0,[R6, #+8]
   \   00000218   0x.... 0x....      BL       BUTTON_SetBkColor
    290          	BUTTON_SetTextColor(buttonSprayType.btnHandle, BUTTON_CI_PRESSED, gCfgItems.btn_state_textcolor);
   \   0000021C   0x6F6A             LDR      R2,[R5, #+116]
   \   0000021E   0x2101             MOVS     R1,#+1
   \   00000220   0xF9B6 0x0008      LDRSH    R0,[R6, #+8]
   \   00000224   0x.... 0x....      BL       BUTTON_SetTextColor
    291          	BUTTON_SetTextColor(buttonSprayType.btnHandle,BUTTON_CI_UNPRESSED, gCfgItems.btn_state_textcolor);
   \   00000228   0x6F6A             LDR      R2,[R5, #+116]
   \   0000022A   0x2100             MOVS     R1,#+0
   \   0000022C   0xF9B6 0x0008      LDRSH    R0,[R6, #+8]
   \   00000230   0x.... 0x....      BL       BUTTON_SetTextColor
    292          	
    293          	textExtruTemp = TEXT_CreateEx(BTN_X_PIXEL+INTERVAL_V*2,(BTN_Y_PIXEL-90)/2,BTN_X_PIXEL*2+INTERVAL_V,60, hFilamentChangeWnd, WM_CF_SHOW, TEXT_CF_HCENTER|TEXT_CF_VCENTER,GUI_ID_TEXT2, " ");
   \   00000234   0x....             ADR.N    R0,??DataTable13  ;; " "
   \   00000236   0x9004             STR      R0,[SP, #+16]
   \   00000238   0xF44F 0x70B1      MOV      R0,#+354
   \   0000023C   0x9003             STR      R0,[SP, #+12]
   \   0000023E   0x200E             MOVS     R0,#+14
   \   00000240   0x9002             STR      R0,[SP, #+8]
   \   00000242   0x2002             MOVS     R0,#+2
   \   00000244   0x9001             STR      R0,[SP, #+4]
   \   00000246   0xF9B6 0x0002      LDRSH    R0,[R6, #+2]
   \   0000024A   0x9000             STR      R0,[SP, #+0]
   \   0000024C   0x233C             MOVS     R3,#+60
   \   0000024E   0xF240 0x1239      MOVW     R2,#+313
   \   00000252   0x210D             MOVS     R1,#+13
   \   00000254   0x20CE             MOVS     R0,#+206
   \   00000256   0x.... 0x....      BL       TEXT_CreateEx
   \   0000025A   0x80B0             STRH     R0,[R6, #+4]
    294          	//textExtruMsg = TEXT_CreateEx(BTN_X_PIXEL+INTERVAL_V*2,(BTN_Y_PIXEL-30)/2+30, BTN_X_PIXEL*2+INTERVAL_V,30, hFilamentChangeWnd, WM_CF_SHOW, TEXT_CF_HCENTER|TEXT_CF_VCENTER,GUI_ID_TEXT1, " ");
    295          
    296          	if(gCfgItems.multiple_language != 0)
   \   0000025C   0xF894 0x019B      LDRB     R0,[R4, #+411]
   \   00000260   0x2800             CMP      R0,#+0
   \   00000262   0xD010             BEQ.N    ??draw_FilamentChange_1
    297          	{
    298          		BUTTON_SetText(buttonFilamentChangeIn.btnHandle,filament_menu.in);
   \   00000264   0x....             LDR.N    R5,??DataTable13_13
   \   00000266   0x6869             LDR      R1,[R5, #+4]
   \   00000268   0xF9B7 0x0000      LDRSH    R0,[R7, #+0]
   \   0000026C   0x.... 0x....      BL       BUTTON_SetText
    299          		BUTTON_SetText(buttonFilamentChangeOut.btnHandle,filament_menu.out);	
   \   00000270   0x68A9             LDR      R1,[R5, #+8]
   \   00000272   0xF9B7 0x0018      LDRSH    R0,[R7, #+24]
   \   00000276   0x.... 0x....      BL       BUTTON_SetText
    300          		BUTTON_SetText(buttonRet.btnHandle,common_menu.text_back);
   \   0000027A   0x....             LDR.N    R0,??DataTable13_14
   \   0000027C   0x6801             LDR      R1,[R0, #+0]
   \   0000027E   0xF9B6 0x0020      LDRSH    R0,[R6, #+32]
   \   00000282   0x.... 0x....      BL       BUTTON_SetText
    301          	}
    302          
    303          	//TEXT_SetTextAlign(textExtruMsg,  GUI_TA_BOTTOM | GUI_TA_HCENTER);
    304          	//TEXT_SetTextAlign(textExtruTemp,  GUI_TA_TOP| GUI_TA_HCENTER);
    305          
    306          	disp_filament_sprayer_temp();
   \                     ??draw_FilamentChange_1: (+1)
   \   00000286   0x.... 0x....      BL       disp_filament_sprayer_temp
    307          	gCfgItems.curSprayerChoose = active_extruder;
   \   0000028A   0x....             LDR.N    R0,??DataTable13_15
   \   0000028C   0xF990 0x0000      LDRSB    R0,[R0, #+0]
   \   00000290   0xF884 0x00BC      STRB     R0,[R4, #+188]
    308          	disp_filament_sprayer_type();
   \   00000294   0xB006             ADD      SP,SP,#+24
   \   00000296   0xE8BD 0x47F0      POP      {R4-R10,LR}
   \   0000029A   0x....             B.N      _Z26disp_filament_sprayer_typev
    309          	//TEXT_SetTextColor(textExtruMsg, gCfgItems.state_text_color);
    310          	//TEXT_SetBkColor(textExtruMsg, gCfgItems.state_background_color);
    311          	
    312          	//sprintf((char*)buf,filament_menu.ready_replace);
    313          	//TEXT_SetText(textExtruMsg, (const char *)buf);	
    314          }
    315          
    316          

   \                                 In section .text, align 2, keep-with-next
    317          void disp_filament_sprayer_temp()
    318          {
   \                     disp_filament_sprayer_temp: (+1)
   \   00000000   0xB570             PUSH     {R4-R6,LR}
   \   00000002   0xB08E             SUB      SP,SP,#+56
    319          	int8_t buf[30] = {0};
   \   00000004   0xA805             ADD      R0,SP,#+20
   \   00000006   0x2120             MOVS     R1,#+32
   \   00000008   0x.... 0x....      BL       __aeabi_memclr4
    320          	int8_t buf1[20] = {0};
   \   0000000C   0xA800             ADD      R0,SP,#+0
   \   0000000E   0x2114             MOVS     R1,#+20
   \   00000010   0x.... 0x....      BL       __aeabi_memclr4
    321          
    322          	TEXT_SetTextColor(textExtruTemp, gCfgItems.state_text_color);
   \   00000014   0x....             LDR.N    R5,??DataTable13_2
   \   00000016   0xF105 0x065C      ADD      R6,R5,#+92
   \   0000001A   0x....             LDR.N    R4,??DataTable13_1
   \   0000001C   0x6871             LDR      R1,[R6, #+4]
   \   0000001E   0xF9B4 0x0004      LDRSH    R0,[R4, #+4]
   \   00000022   0x.... 0x....      BL       TEXT_SetTextColor
    323          	TEXT_SetBkColor(textExtruTemp, gCfgItems.state_background_color);
   \   00000026   0x6DE9             LDR      R1,[R5, #+92]
   \   00000028   0xF9B4 0x0004      LDRSH    R0,[R4, #+4]
   \   0000002C   0x.... 0x....      BL       TEXT_SetBkColor
    324          	//TEXT_SetTextAlign(textExtruTemp,  GUI_TA_VERTICAL| GUI_TA_HCENTER);
    325          	sprintf((char*)buf,"E%d: ",gCfgItems.curSprayerChoose+1);
   \   00000030   0xF996 0x0060      LDRSB    R0,[R6, #+96]
   \   00000034   0x1C42             ADDS     R2,R0,#+1
   \   00000036   0x.... 0x....      ADR.W    R1,`?<Constant "E%d: ">`
   \   0000003A   0xA805             ADD      R0,SP,#+20
   \   0000003C   0x.... 0x....      BL       sprintf
    326          	sprintf((char*)buf1, filament_menu.stat_temp, (int)thermalManager.current_temperature[gCfgItems.curSprayerChoose],(int)thermalManager.target_temperature[gCfgItems.curSprayerChoose]);
                 	^
Warning[Pa082]: undefined behavior: the order of volatile accesses is
          undefined in this statement
   \   00000040   0xF996 0x0060      LDRSB    R0,[R6, #+96]
   \   00000044   0x....             LDR.N    R1,??DataTable13_3
   \   00000046   0xF851 0x3020      LDR      R3,[R1, R0, LSL #+2]
   \   0000004A   0xF996 0x0060      LDRSB    R0,[R6, #+96]
   \   0000004E   0x....             LDR.N    R1,??DataTable13_16
   \   00000050   0xEB01 0x0080      ADD      R0,R1,R0, LSL #+2
   \   00000054   0xED90 0x0A00      VLDR     S0,[R0, #0]
   \   00000058   0xEEBD 0x0AC0      VCVT.S32.F32 S0,S0
   \   0000005C   0xEE10 0x2A10      VMOV     R2,S0
   \   00000060   0x....             LDR.N    R0,??DataTable13_13
   \   00000062   0x6981             LDR      R1,[R0, #+24]
   \   00000064   0xA800             ADD      R0,SP,#+0
   \   00000066   0x.... 0x....      BL       sprintf
    327          	strcat((char*)buf,(char*)buf1);
   \   0000006A   0xA900             ADD      R1,SP,#+0
   \   0000006C   0xA805             ADD      R0,SP,#+20
   \   0000006E   0x.... 0x....      BL       strcat
    328          	TEXT_SetText(textExtruTemp, (const char *)buf);
   \   00000072   0xA905             ADD      R1,SP,#+20
   \   00000074   0xF9B4 0x0004      LDRSH    R0,[R4, #+4]
   \   00000078   0x.... 0x....      BL       TEXT_SetText
    329          }
   \   0000007C   0xB00E             ADD      SP,SP,#+56
   \   0000007E   0xBD70             POP      {R4-R6,PC}       ;; return
    330          

   \                                 In section .text, align 2, keep-with-next
    331          void disp_filament_sprayer_type()
    332          {
   \                     _Z26disp_filament_sprayer_typev: (+1)
   \   00000000   0xE92D 0x41F0      PUSH     {R4-R8,LR}
   \   00000004   0xB082             SUB      SP,SP,#+8
    333          	if(gCfgItems.curSprayerChoose == 0)
   \   00000006   0x....             LDR.N    R4,??DataTable13_1
   \   00000008   0xF9B4 0x0008      LDRSH    R0,[R4, #+8]
   \   0000000C   0x....             LDR.N    R6,??DataTable13_10
   \   0000000E   0x....             LDR.N    R7,??DataTable13_11
   \   00000010   0x.... 0x....      LDR.W    R8,??DataTable13_12
   \   00000014   0x....             LDR.N    R5,??DataTable13_2
   \   00000016   0xF995 0x10BC      LDRSB    R1,[R5, #+188]
   \   0000001A   0x2900             CMP      R1,#+0
   \   0000001C   0xD110             BNE.N    ??disp_filament_sprayer_type_0
    334          	{			
    335          		#if VERSION_WITH_PIC
    336          		BUTTON_SetBmpFileName(buttonSprayType.btnHandle, "bmp_extru1.bin",1);
   \   0000001E   0x2201             MOVS     R2,#+1
   \   00000020   0x.... 0x....      ADR.W    R1,`?<Constant "bmp_extru1.bin">`
   \   00000024   0x.... 0x....      BL       BUTTON_SetBmpFileName
    337          		BUTTON_SetBitmapEx(buttonSprayType.btnHandle, 0, &bmp_struct, BMP_PIC_X, BMP_PIC_Y);
   \   00000028   0xF998 0x0000      LDRSB    R0,[R8, #+0]
   \   0000002C   0x9000             STR      R0,[SP, #+0]
   \   0000002E   0xF997 0x3000      LDRSB    R3,[R7, #+0]
   \   00000032   0x4632             MOV      R2,R6
   \   00000034   0x2100             MOVS     R1,#+0
   \   00000036   0xF9B4 0x0008      LDRSH    R0,[R4, #+8]
   \   0000003A   0x.... 0x....      BL       BUTTON_SetBitmapEx
   \   0000003E   0xE00F             B.N      ??disp_filament_sprayer_type_1
    338          		#endif
    339          	}
    340          	else
    341          	{
    342          		#if VERSION_WITH_PIC
    343          		BUTTON_SetBmpFileName(buttonSprayType.btnHandle, "bmp_extru2.bin",1);
   \                     ??disp_filament_sprayer_type_0: (+1)
   \   00000040   0x2201             MOVS     R2,#+1
   \   00000042   0x.... 0x....      ADR.W    R1,`?<Constant "bmp_extru2.bin">`
   \   00000046   0x.... 0x....      BL       BUTTON_SetBmpFileName
    344          		BUTTON_SetBitmapEx(buttonSprayType.btnHandle, 0, &bmp_struct, BMP_PIC_X, BMP_PIC_Y);
   \   0000004A   0xF998 0x0000      LDRSB    R0,[R8, #+0]
   \   0000004E   0x9000             STR      R0,[SP, #+0]
   \   00000050   0xF997 0x3000      LDRSB    R3,[R7, #+0]
   \   00000054   0x4632             MOV      R2,R6
   \   00000056   0x2100             MOVS     R1,#+0
   \   00000058   0xF9B4 0x0008      LDRSH    R0,[R4, #+8]
   \   0000005C   0x.... 0x....      BL       BUTTON_SetBitmapEx
    345          		#endif
    346          	}
    347          	if(gCfgItems.multiple_language != 0)
   \                     ??disp_filament_sprayer_type_1: (+1)
   \   00000060   0xF895 0x019B      LDRB     R0,[R5, #+411]
   \   00000064   0x2800             CMP      R0,#+0
   \   00000066   0xD017             BEQ.N    ??disp_filament_sprayer_type_2
    348          	{
    349          		if(gCfgItems.curSprayerChoose == 0)
   \   00000068   0xF995 0x00BC      LDRSB    R0,[R5, #+188]
   \   0000006C   0x2800             CMP      R0,#+0
   \   0000006E   0xD107             BNE.N    ??disp_filament_sprayer_type_3
    350          		{
    351          			BUTTON_SetText(buttonSprayType.btnHandle,filament_menu.ext1);
   \   00000070   0x....             LDR.N    R0,??DataTable13_13
   \   00000072   0x68C1             LDR      R1,[R0, #+12]
   \   00000074   0xF9B4 0x0008      LDRSH    R0,[R4, #+8]
   \   00000078   0xE8BD 0x41FC      POP      {R2-R8,LR}
   \   0000007C   0x.... 0x....      B.W      BUTTON_SetText
    352          		}
    353          		else if(gCfgItems.curSprayerChoose == 1)
   \                     ??disp_filament_sprayer_type_3: (+1)
   \   00000080   0xF995 0x00BC      LDRSB    R0,[R5, #+188]
   \   00000084   0x2801             CMP      R0,#+1
   \   00000086   0xD107             BNE.N    ??disp_filament_sprayer_type_2
    354          		{
    355          			BUTTON_SetText(buttonSprayType.btnHandle,filament_menu.ext2);
   \   00000088   0x....             LDR.N    R0,??DataTable13_13
   \   0000008A   0x6901             LDR      R1,[R0, #+16]
   \   0000008C   0xF9B4 0x0008      LDRSH    R0,[R4, #+8]
   \   00000090   0xE8BD 0x41FC      POP      {R2-R8,LR}
   \   00000094   0x.... 0x....      B.W      BUTTON_SetText
    356          		}		
    357          	}	
    358          }
   \                     ??disp_filament_sprayer_type_2: (+1)
   \   00000098   0xE8BD 0x81F3      POP      {R0,R1,R4-R8,PC}  ;; return
    359          #if 0
    360          void FilamentChange_handle()
    361          {
    362          	char buf[15] = {0};
    363          
    364          	switch(filamentchange_Process)
    365          	{
    366          	case 1:
    367          
    368          		if(gcodeCmdTxFIFO.count <= 12)
    369          		{
    370          			//pushFIFO(&gcodeCmdTxFIFO, RELATIVE_COORD_COMMAN);
    371          			
    372          			if(gCfgItems.sprayerNum == 2)
    373          			{							
    374          				sprintf(buf,"T%d\n",gCfgItems.curSprayerChoose);
    375          				pushFIFO(&gcodeCmdTxFIFO, (unsigned char *)buf);
    376          				memset(buf,0,sizeof(buf));
    377          				sprintf(buf, "G1 E%d F%d\n", gCfgItems.filamentchange_step, gCfgItems.filamentchange_speed);
    378          				pushFIFO(&gcodeCmdTxFIFO, (unsigned char *)buf);	
    379          			}
    380          			else
    381          			{
    382          				MOVE_E_COMMAN(buf, gCfgItems.filamentchange_step, gCfgItems.filamentchange_speed);
    383          				pushFIFO(&gcodeCmdTxFIFO, (unsigned char *)buf);
    384          			} 	
    385          
    386          			//pushFIFO(&gcodeCmdTxFIFO, ABSOLUTE_COORD_COMMAN);		
    387          		}
    388          
    389          		break;
    390          	case 2:
    391          	
    392          		if(gcodeCmdTxFIFO.count <= 12)
    393          		{
    394          			//pushFIFO(&gcodeCmdTxFIFO, RELATIVE_COORD_COMMAN);
    395          					
    396          			if(gCfgItems.sprayerNum == 2)
    397          			{							
    398          				sprintf(buf,"T%d\n",gCfgItems.curSprayerChoose);
    399          				pushFIFO(&gcodeCmdTxFIFO, (unsigned char *)buf);
    400          				memset(buf,0,sizeof(buf));
    401          				sprintf(buf, "G1 E%d F%d\n", 0-gCfgItems.filamentchange_step, gCfgItems.filamentchange_speed);
    402          				pushFIFO(&gcodeCmdTxFIFO, (unsigned char *)buf);	
    403          			}
    404          			else
    405          			{
    406          				MOVE_E_COMMAN(buf, 0-gCfgItems.filamentchange_step, gCfgItems.filamentchange_speed);
    407          				pushFIFO(&gcodeCmdTxFIFO, (unsigned char *)buf);
    408          			} 	
    409          
    410          			//pushFIFO(&gcodeCmdTxFIFO, ABSOLUTE_COORD_COMMAN);			
    411          		}
    412          		break;
    413          	case 3:
    414          		initFIFO(&gcodeCmdTxFIFO);
    415          		filamentchange_Process = 0;	
    416          		pushFIFO(&gcodeCmdTxFIFO, (unsigned char *)ABSOLUTE_COORD_COMMAN);//»∑±£∫Û–¯“‘æ¯∂‘◊¯±Í÷¥––
    417          		//“∆∂Ø∫Û¬Ì…œ±£¥Ê ˝æ›
    418          		if(last_disp_state == PRINT_MORE_UI)
    419          			positionSaveFlag = 1;		
    420          		break;
    421          	default:break;		
    422          	}
    423          }
    424          #endif

   \                                 In section .text, align 2, keep-with-next
    425          void Clear_FilamentChange()
    426          {
   \                     Clear_FilamentChange: (+1)
   \   00000000   0xB510             PUSH     {R4,LR}
    427          	GUI_SetBkColor(gCfgItems.background_color);
   \   00000002   0x....             LDR.N    R0,??DataTable13_2
   \   00000004   0x6840             LDR      R0,[R0, #+4]
   \   00000006   0x.... 0x....      BL       GUI_SetBkColor
    428          	if(WM_IsWindow(hFilamentChangeWnd))
   \   0000000A   0x....             LDR.N    R4,??DataTable13_1
   \   0000000C   0xF9B4 0x0002      LDRSH    R0,[R4, #+2]
   \   00000010   0x.... 0x....      BL       WM_IsWindow
   \   00000014   0x2800             CMP      R0,#+0
   \   00000016   0xD007             BEQ.N    ??Clear_FilamentChange_0
    429          	{
    430          		WM_DeleteWindow(hFilamentChangeWnd);
   \   00000018   0xF9B4 0x0002      LDRSH    R0,[R4, #+2]
   \   0000001C   0x.... 0x....      BL       WM_DeleteWindow
    431          		GUI_Exec();
   \   00000020   0xE8BD 0x4010      POP      {R4,LR}
   \   00000024   0x.... 0x....      B.W      GUI_Exec
    432          	}
    433          	//GUI_Clear();
    434          }
   \                     ??Clear_FilamentChange_0: (+1)
   \   00000028   0xBD10             POP      {R4,PC}          ;; return

   \                                 In section .text, align 4, keep-with-next
   \                     ??DataTable13:
   \   00000000   0x20 0x00          DC8      " ",0x0,0x0
   \              0x00 0x00    

   \                                 In section .text, align 4, keep-with-next
   \                     ??DataTable13_1:
   \   00000000   0x........         DC32     filament_in_out_flg

   \                                 In section .text, align 4, keep-with-next
   \                     ??DataTable13_2:
   \   00000000   0x........         DC32     gCfgItems

   \                                 In section .text, align 4, keep-with-next
   \                     ??DataTable13_3:
   \   00000000   0x........         DC32     _ZN11Temperature18target_temperatureE

   \                                 In section .text, align 4, keep-with-next
   \                     ??DataTable13_4:
   \   00000000   0x........         DC32     last_disp_state

   \                                 In section .text, align 4, keep-with-next
   \                     ??DataTable13_5:
   \   00000000   0x........         DC32     disp_state_stack

   \                                 In section .text, align 4, keep-with-next
   \                     ??DataTable13_6:
   \   00000000   0x........         DC32     disp_state

   \                                 In section .text, align 4, keep-with-next
   \                     ??DataTable13_7:
   \   00000000   0x........         DC32     TFT_screen

   \                                 In section .text, align 4, keep-with-next
   \                     ??DataTable13_8:
   \   00000000   0x........         DC32     _Z19cbFilamentChangeWinP10WM_MESSAGE

   \                                 In section .text, align 4, keep-with-next
   \                     ??DataTable13_9:
   \   00000000   0x........         DC32     buttonFilamentChangeIn

   \                                 In section .text, align 4, keep-with-next
   \                     ??DataTable13_10:
   \   00000000   0x........         DC32     bmp_struct

   \                                 In section .text, align 4, keep-with-next
   \                     ??DataTable13_11:
   \   00000000   0x........         DC32     BMP_PIC_X

   \                                 In section .text, align 4, keep-with-next
   \                     ??DataTable13_12:
   \   00000000   0x........         DC32     BMP_PIC_Y

   \                                 In section .text, align 4, keep-with-next
   \                     ??DataTable13_13:
   \   00000000   0x........         DC32     filament_menu

   \                                 In section .text, align 4, keep-with-next
   \                     ??DataTable13_14:
   \   00000000   0x........         DC32     common_menu

   \                                 In section .text, align 4, keep-with-next
   \                     ??DataTable13_15:
   \   00000000   0x........         DC32     active_extruder

   \                                 In section .text, align 4, keep-with-next
   \                     ??DataTable13_16:
   \   00000000   0x........         DC32     _ZN11Temperature19current_temperatureE

   \                                 In section .text, align 4, keep-with-next
   \                     `?<Constant "bmp_in.bin">`:
   \   00000000   0x62 0x6D          DC8 "bmp_in.bin"
   \              0x70 0x5F    
   \              0x69 0x6E    
   \              0x2E 0x62    
   \              0x69 0x6E    
   \              0x00         
   \   0000000B   0x00               DC8 0

   \                                 In section .text, align 4, keep-with-next
   \                     `?<Constant "bmp_out.bin">`:
   \   00000000   0x62 0x6D          DC8 "bmp_out.bin"
   \              0x70 0x5F    
   \              0x6F 0x75    
   \              0x74 0x2E    
   \              0x62 0x69    
   \              0x6E 0x00    

   \                                 In section .text, align 4, keep-with-next
   \                     `?<Constant "bmp_return.bin">`:
   \   00000000   0x62 0x6D          DC8 "bmp_return.bin"
   \              0x70 0x5F    
   \              0x72 0x65    
   \              0x74 0x75    
   \              0x72 0x6E    
   \              0x2E 0x62    
   \              0x69 0x6E    
   \              0x00         
   \   0000000F   0x00               DC8 0

   \                                 In section .text, align 4, keep-with-next
   \                     `?<Constant "E%d: ">`:
   \   00000000   0x45 0x25          DC8 "E%d: "
   \              0x64 0x3A    
   \              0x20 0x00    
   \   00000006   0x00 0x00          DC8 0, 0

   \                                 In section .text, align 4, keep-with-next
   \                     `?<Constant "bmp_extru1.bin">`:
   \   00000000   0x62 0x6D          DC8 "bmp_extru1.bin"
   \              0x70 0x5F    
   \              0x65 0x78    
   \              0x74 0x72    
   \              0x75 0x31    
   \              0x2E 0x62    
   \              0x69 0x6E    
   \              0x00         
   \   0000000F   0x00               DC8 0

   \                                 In section .text, align 4, keep-with-next
   \                     `?<Constant "bmp_extru2.bin">`:
   \   00000000   0x62 0x6D          DC8 "bmp_extru2.bin"
   \              0x70 0x5F    
   \              0x65 0x78    
   \              0x74 0x72    
   \              0x75 0x32    
   \              0x2E 0x62    
   \              0x69 0x6E    
   \              0x00         
   \   0000000F   0x00               DC8 0

   \                                 In section .rodata, align 2, keep-with-next
   \                     `?<Constant " ">`:
   \   00000000   0x20 0x00          DC8 " "

   \                                 In section .rodata, align 4, keep-with-next
   \                     `?<Constant {(int8_t)'\\000'}>`:
   \   00000000   0x00 0x00          DC8 0, 0, 0, 0, 0, 0, 0, 0, 0, 0, 0, 0, 0, 0, 0, 0, 0
   \              0x00 0x00    
   \              0x00 0x00    
   \              0x00 0x00    
   \              0x00 0x00    
   \              0x00 0x00    
   \              0x00 0x00    
   \              0x00 0x00    
   \              0x00         
   \   00000011   0x00 0x00          DC8 0, 0, 0, 0, 0, 0, 0, 0, 0, 0, 0, 0, 0, 0, 0
   \              0x00 0x00    
   \              0x00 0x00    
   \              0x00 0x00    
   \              0x00 0x00    
   \              0x00 0x00    
   \              0x00 0x00    
   \              0x00         

   \                                 In section .rodata, align 4, keep-with-next
   \                     `?<Constant {(int8_t)'\\000'}>_1`:
   \   00000000   0x00 0x00          DC8 0, 0, 0, 0, 0, 0, 0, 0, 0, 0, 0, 0, 0, 0, 0, 0, 0, 0, 0, 0
   \              0x00 0x00    
   \              0x00 0x00    
   \              0x00 0x00    
   \              0x00 0x00    
   \              0x00 0x00    
   \              0x00 0x00    
   \              0x00 0x00    
   \              0x00 0x00    
   \              0x00 0x00    
    435          
    436          

   Maximum stack usage in bytes:

   .cstack Function
   ------- --------
       8   Clear_FilamentChange
         0   -> GUI_Exec
         8   -> GUI_SetBkColor
         8   -> WM_DeleteWindow
         8   -> WM_IsWindow
       8   cbFilamentChangeWin(WM_MESSAGE *)
         8   -> Clear_FilamentChange
         0   -> WM_DefaultProc
         8   -> disp_filament_sprayer_temp
         0   -> disp_filament_sprayer_type()
         0   -> draw_return_ui
      72   disp_filament_sprayer_temp
        72   -> TEXT_SetBkColor
        72   -> TEXT_SetText
        72   -> TEXT_SetTextColor
        72   -> __aeabi_memclr4
        72   -> sprintf
        72   -> strcat
      32   disp_filament_sprayer_type()
        32   -> BUTTON_SetBitmapEx
        32   -> BUTTON_SetBmpFileName
         0   -> BUTTON_SetText
      56   draw_FilamentChange
        56   -> BUTTON_CreateEx
        56   -> BUTTON_SetBitmapEx
        56   -> BUTTON_SetBkColor
        56   -> BUTTON_SetBmpFileName
        56   -> BUTTON_SetText
        56   -> BUTTON_SetTextColor
        56   -> GUI_Clear
        56   -> GUI_DispStringAt
        56   -> GUI_SetBkColor
        56   -> GUI_SetColor
        56   -> TEXT_CreateEx
        56   -> WM_CreateWindow
        56   -> alloc_win_id
        56   -> creat_title_text
        56   -> disp_filament_sprayer_temp
         0   -> disp_filament_sprayer_type()


   Section sizes:

   Bytes  Function/Label
   -----  --------------
       2  ?<Constant " ">
       8  ?<Constant "E%d: ">
      16  ?<Constant "bmp_extru1.bin">
      16  ?<Constant "bmp_extru2.bin">
      12  ?<Constant "bmp_in.bin">
      12  ?<Constant "bmp_out.bin">
      16  ?<Constant "bmp_return.bin">
      32  ?<Constant {(int8_t)'\000'}>
      20  ?<Constant {(int8_t)'\000'}>_1
       4  ??DataTable13
       4  ??DataTable13_1
       4  ??DataTable13_10
       4  ??DataTable13_11
       4  ??DataTable13_12
       4  ??DataTable13_13
       4  ??DataTable13_14
       4  ??DataTable13_15
       4  ??DataTable13_16
       4  ??DataTable13_2
       4  ??DataTable13_3
       4  ??DataTable13_4
       4  ??DataTable13_5
       4  ??DataTable13_6
       4  ??DataTable13_7
       4  ??DataTable13_8
       4  ??DataTable13_9
      42  Clear_FilamentChange
       1  Filament_in_flg
       1  Filament_out_flg
      48  buttonFilamentChangeIn
          buttonFilamentChangeOut
     134  cbFilamentChangeWin(WM_MESSAGE *)
     128  disp_filament_sprayer_temp
     156  disp_filament_sprayer_type()
     668  draw_FilamentChange
       1  filament_heating_flg
      56  filament_in_out_flg
          hFilamentChangeWnd
          textExtruTemp
          buttonSprayType
          buttonRet
       1  filament_load_cmd_flg
       1  filament_load_heat_flg
       2  filament_load_timing_cnt
       1  filament_load_timing_flg
       1  filament_loading_complete
       1  filament_loading_flg
       1  filament_unload_heat_flg
       1  filamentchange_Process
       1  -- Other

 
   116 bytes in section .bss
    55 bytes in section .rodata
 1 276 bytes in section .text
 
 1 276 bytes of CODE  memory
    54 bytes of CONST memory (+ 1 byte shared)
   116 bytes of DATA  memory

Errors: none
Warnings: 92
