###############################################################################
#
# IAR ANSI C/C++ Compiler V7.10.1.6676/W32 for ARM        18/Jul/2019  11:56:48
# Copyright 1999-2014 IAR Systems AB.
#
#    Cpu mode     =  thumb
#    Endian       =  little
#    Source file  =  
#        E:\DLP_Proj\DLP_source\branches\DLP_opensource\User\ui\draw_set.cpp
#    Command line =  
#        E:\DLP_Proj\DLP_source\branches\DLP_opensource\User\ui\draw_set.cpp -D
#        USE_HAL_DRIVER -D STM32F407xx -D STM32F40_41xxx -D USE_HAL_LIB -D
#        MKS_DLP_BOARD -D TFT35 -lC
#        E:\DLP_Proj\DLP_source\branches\DLP_opensource\EWARM\mksDLP/List\ -lA
#        E:\DLP_Proj\DLP_source\branches\DLP_opensource\EWARM\mksDLP/List\
#        --diag_suppress Pa050 -o
#        E:\DLP_Proj\DLP_source\branches\DLP_opensource\EWARM\mksDLP/Obj\
#        --no_unroll --no_inline --no_tbaa --no_scheduling --debug
#        --endian=little --cpu=Cortex-M4F -e --char_is_signed --fpu=VFPv4_sp
#        --dlib_config "C:\Program Files (x86)\IAR Systems\Embedded Workbench
#        7.0\arm\INC\c\DLib_Config_Full.h" -I
#        E:\DLP_Proj\DLP_source\branches\DLP_opensource\EWARM/../Inc\ -I
#        E:\DLP_Proj\DLP_source\branches\DLP_opensource\EWARM/../Src\ -I
#        E:\DLP_Proj\DLP_source\branches\DLP_opensource\EWARM/../Drivers/STM32F4xx_HAL_Driver/Inc\
#        -I
#        E:\DLP_Proj\DLP_source\branches\DLP_opensource\EWARM/../Drivers/STM32F4xx_HAL_Driver/Inc/Legacy\
#        -I
#        E:\DLP_Proj\DLP_source\branches\DLP_opensource\EWARM/../Middlewares/Third_Party/FatFs/src/drivers\
#        -I
#        E:\DLP_Proj\DLP_source\branches\DLP_opensource\EWARM/../Middlewares/ST/STM32_USB_Host_Library/Core/Inc\
#        -I
#        E:\DLP_Proj\DLP_source\branches\DLP_opensource\EWARM/../Middlewares/ST/STM32_USB_Host_Library/Class/MSC/Inc\
#        -I
#        E:\DLP_Proj\DLP_source\branches\DLP_opensource\EWARM/../Drivers/CMSIS/Device/ST/STM32F4xx/Include\
#        -I
#        E:\DLP_Proj\DLP_source\branches\DLP_opensource\EWARM/../Middlewares/Third_Party/FatFs/src\
#        -I
#        E:\DLP_Proj\DLP_source\branches\DLP_opensource\EWARM/../Middlewares/Third_Party/Marlin\
#        -I
#        E:\DLP_Proj\DLP_source\branches\DLP_opensource\EWARM/../Drivers/CMSIS/Include\
#        -I
#        E:\DLP_Proj\DLP_source\branches\DLP_opensource\EWARM/../Drivers/BSP/variant\
#        -I
#        E:\DLP_Proj\DLP_source\branches\DLP_opensource\EWARM/../Drivers/BSP/Components/at24cxx\
#        -I
#        E:\DLP_Proj\DLP_source\branches\DLP_opensource\EWARM/../Drivers/BSP/Components/w25qxx\
#        -I
#        E:\DLP_Proj\DLP_source\branches\DLP_opensource\EWARM/../Drivers/BSP/Components/ssd2828\
#        -I
#        E:\DLP_Proj\DLP_source\branches\DLP_opensource\EWARM/../Drivers/BSP/Components/lcd\
#        -I
#        E:\DLP_Proj\DLP_source\branches\DLP_opensource\EWARM/../Drivers/libstmf4\
#        -I
#        E:\DLP_Proj\DLP_source\branches\DLP_opensource\EWARM/../Drivers/libstmf4/include\
#        -I
#        E:\DLP_Proj\DLP_source\branches\DLP_opensource\EWARM/../Middlewares/arduino/stm32/cores/arduino\
#        -I
#        E:\DLP_Proj\DLP_source\branches\DLP_opensource\EWARM/../Middlewares/gui\
#        -I
#        E:\DLP_Proj\DLP_source\branches\DLP_opensource\EWARM/../Middlewares/gui/GUI/ConvertColor\
#        -I
#        E:\DLP_Proj\DLP_source\branches\DLP_opensource\EWARM/../Middlewares/gui/GUI/ConvertMono\
#        -I
#        E:\DLP_Proj\DLP_source\branches\DLP_opensource\EWARM/../Middlewares/gui/GUI/Core\
#        -I
#        E:\DLP_Proj\DLP_source\branches\DLP_opensource\EWARM/../Middlewares/gui/GUI/Font\
#        -I
#        E:\DLP_Proj\DLP_source\branches\DLP_opensource\EWARM/../Middlewares/gui/AntiAlias\
#        -I
#        E:\DLP_Proj\DLP_source\branches\DLP_opensource\EWARM/../Middlewares/gui/GUI/GUIDemo\
#        -I
#        E:\DLP_Proj\DLP_source\branches\DLP_opensource\EWARM/../Middlewares/gui/GUI/LCDDriver\
#        -I
#        E:\DLP_Proj\DLP_source\branches\DLP_opensource\EWARM/../Middlewares/gui/GUI/MemDev\
#        -I
#        E:\DLP_Proj\DLP_source\branches\DLP_opensource\EWARM/../Middlewares/gui/GUI/MultiLayer\
#        -I
#        E:\DLP_Proj\DLP_source\branches\DLP_opensource\EWARM/../Middlewares/gui/GUI/Widget\
#        -I
#        E:\DLP_Proj\DLP_source\branches\DLP_opensource\EWARM/../Middlewares/gui/GUI/WM\
#        -I
#        E:\DLP_Proj\DLP_source\branches\DLP_opensource\EWARM/../Middlewares/gui/GUI_X\
#        -I
#        E:\DLP_Proj\DLP_source\branches\DLP_opensource\EWARM/../Middlewares/gui/Config\
#        -I E:\DLP_Proj\DLP_source\branches\DLP_opensource\EWARM/../User/ui\ -I
#        E:\DLP_Proj\DLP_source\branches\DLP_opensource\EWARM/../User/ui/Multi_language\
#        -I
#        E:\DLP_Proj\DLP_source\branches\DLP_opensource\EWARM/../User/ui/QRENCODE\
#        -Om --eec++ -I "C:\Program Files (x86)\IAR Systems\Embedded Workbench
#        7.0\arm\CMSIS\Include\"
#    List file    =  
#        E:\DLP_Proj\DLP_source\branches\DLP_opensource\EWARM\mksDLP/List\draw_set.lst
#    Object file  =  
#        E:\DLP_Proj\DLP_source\branches\DLP_opensource\EWARM\mksDLP/Obj\draw_set.o
#
###############################################################################

E:\DLP_Proj\DLP_source\branches\DLP_opensource\User\ui\draw_set.cpp
      1          #include "gui.h"
      2          #include "button.h"
      3          #include "PROGBAR.h"
      4          #include "draw_ui.h"

  #define UNUSED(x) (void) (x)
          ^
"E:\DLP_Proj\DLP_source\branches\DLP_opensource\Middlewares\Third_Party\Marlin\macros.h",101  Warning[Pe047]: 
          incompatible redefinition of macro "UNUSED" (declared at line 87 of
          "E:\DLP_Proj\DLP_source\branches\DLP_opensource\Drivers\STM32F4xx_HAL
          _Driver\Inc\stm32f4xx_hal_def.h")

  		volatile volatile float desireBedTempBak;
  		         ^
"E:\DLP_Proj\DLP_source\branches\DLP_opensource\Inc\mks_cfg.h",351  Warning[Pe083]: 
          type qualifier specified more than once

  #define IS_SPI_MODE(MODE) (((MODE) == SPI_Mode_Master) || \
          ^
"E:\DLP_Proj\DLP_source\branches\DLP_opensource\Drivers\libstmf4\include\stm32f4xx_spi.h",173  Warning[Pe047]: 
          incompatible redefinition of macro "IS_SPI_MODE" (declared at line
          511 of
          "E:\DLP_Proj\DLP_source\branches\DLP_opensource\Drivers\STM32F4xx_HAL
          _Driver\Inc\stm32f4xx_hal_spi.h")

  #define IS_SPI_DATASIZE(DATASIZE) (((DATASIZE) == SPI_DataSize_16b) || \
          ^
"E:\DLP_Proj\DLP_source\branches\DLP_opensource\Drivers\libstmf4\include\stm32f4xx_spi.h",185  Warning[Pe047]: 
          incompatible redefinition of macro "IS_SPI_DATASIZE" (declared at
          line 523 of
          "E:\DLP_Proj\DLP_source\branches\DLP_opensource\Drivers\STM32F4xx_HAL
          _Driver\Inc\stm32f4xx_hal_spi.h")

  #define IS_SPI_CPOL(CPOL) (((CPOL) == SPI_CPOL_Low) || \
          ^
"E:\DLP_Proj\DLP_source\branches\DLP_opensource\Drivers\libstmf4\include\stm32f4xx_spi.h",197  Warning[Pe047]: 
          incompatible redefinition of macro "IS_SPI_CPOL" (declared at line
          526 of
          "E:\DLP_Proj\DLP_source\branches\DLP_opensource\Drivers\STM32F4xx_HAL
          _Driver\Inc\stm32f4xx_hal_spi.h")

  #define IS_SPI_CPHA(CPHA) (((CPHA) == SPI_CPHA_1Edge) || \
          ^
"E:\DLP_Proj\DLP_source\branches\DLP_opensource\Drivers\libstmf4\include\stm32f4xx_spi.h",209  Warning[Pe047]: 
          incompatible redefinition of macro "IS_SPI_CPHA" (declared at line
          529 of
          "E:\DLP_Proj\DLP_source\branches\DLP_opensource\Drivers\STM32F4xx_HAL
          _Driver\Inc\stm32f4xx_hal_spi.h")

  #define IS_SPI_NSS(NSS) (((NSS) == SPI_NSS_Soft) || \
          ^
"E:\DLP_Proj\DLP_source\branches\DLP_opensource\Drivers\libstmf4\include\stm32f4xx_spi.h",221  Warning[Pe047]: 
          incompatible redefinition of macro "IS_SPI_NSS" (declared at line
          532 of
          "E:\DLP_Proj\DLP_source\branches\DLP_opensource\Drivers\STM32F4xx_HAL
          _Driver\Inc\stm32f4xx_hal_spi.h")

  #define IS_SPI_BAUDRATE_PRESCALER(PRESCALER) (((PRESCALER) == SPI_BaudRatePrescaler_2) || \
          ^
"E:\DLP_Proj\DLP_source\branches\DLP_opensource\Drivers\libstmf4\include\stm32f4xx_spi.h",239  Warning[Pe047]: 
          incompatible redefinition of macro "IS_SPI_BAUDRATE_PRESCALER"
          (declared at line 536 of
          "E:\DLP_Proj\DLP_source\branches\DLP_opensource\Drivers\STM32F4xx_HAL
          _Driver\Inc\stm32f4xx_hal_spi.h")

  #define IS_SPI_FIRST_BIT(BIT) (((BIT) == SPI_FirstBit_MSB) || \
          ^
"E:\DLP_Proj\DLP_source\branches\DLP_opensource\Drivers\libstmf4\include\stm32f4xx_spi.h",257  Warning[Pe047]: 
          incompatible redefinition of macro "IS_SPI_FIRST_BIT" (declared at
          line 545 of
          "E:\DLP_Proj\DLP_source\branches\DLP_opensource\Drivers\STM32F4xx_HAL
          _Driver\Inc\stm32f4xx_hal_spi.h")

  #define IS_SPI_DIRECTION(DIRECTION) (((DIRECTION) == SPI_Direction_Rx) || \
          ^
"E:\DLP_Proj\DLP_source\branches\DLP_opensource\Drivers\libstmf4\include\stm32f4xx_spi.h",400  Warning[Pe047]: 
          incompatible redefinition of macro "IS_SPI_DIRECTION" (declared at
          line 514 of
          "E:\DLP_Proj\DLP_source\branches\DLP_opensource\Drivers\STM32F4xx_HAL
          _Driver\Inc\stm32f4xx_hal_spi.h")

  #define SPI_FLAG_CRCERR                 ((uint16_t)0x0010)
          ^
"E:\DLP_Proj\DLP_source\branches\DLP_opensource\Drivers\libstmf4\include\stm32f4xx_spi.h",442  Warning[Pe047]: 
          incompatible redefinition of macro "SPI_FLAG_CRCERR" (declared at
          line 293 of
          "E:\DLP_Proj\DLP_source\branches\DLP_opensource\Drivers\STM32F4xx_HAL
          _Driver\Inc\stm32f4xx_hal_spi.h")

  #define SPI_FLAG_MODF                   ((uint16_t)0x0020)
          ^
"E:\DLP_Proj\DLP_source\branches\DLP_opensource\Drivers\libstmf4\include\stm32f4xx_spi.h",443  Warning[Pe047]: 
          incompatible redefinition of macro "SPI_FLAG_MODF" (declared at line
          294 of
          "E:\DLP_Proj\DLP_source\branches\DLP_opensource\Drivers\STM32F4xx_HAL
          _Driver\Inc\stm32f4xx_hal_spi.h")

  #define IS_SPI_CRC_POLYNOMIAL(POLYNOMIAL) ((POLYNOMIAL) >= 0x1)
          ^
"E:\DLP_Proj\DLP_source\branches\DLP_opensource\Drivers\libstmf4\include\stm32f4xx_spi.h",462  Warning[Pe047]: 
          incompatible redefinition of macro "IS_SPI_CRC_POLYNOMIAL" (declared
          at line 554 of
          "E:\DLP_Proj\DLP_source\branches\DLP_opensource\Drivers\STM32F4xx_HAL
          _Driver\Inc\stm32f4xx_hal_spi.h")

  #define SPI_IT_TXE                   SPI_I2S_IT_TXE
          ^
"E:\DLP_Proj\DLP_source\branches\DLP_opensource\Drivers\libstmf4\include\stm32f4xx_spi.h",473  Warning[Pe047]: 
          incompatible redefinition of macro "SPI_IT_TXE" (declared at line
          280 of
          "E:\DLP_Proj\DLP_source\branches\DLP_opensource\Drivers\STM32F4xx_HAL
          _Driver\Inc\stm32f4xx_hal_spi.h")

  #define SPI_IT_RXNE                  SPI_I2S_IT_RXNE
          ^
"E:\DLP_Proj\DLP_source\branches\DLP_opensource\Drivers\libstmf4\include\stm32f4xx_spi.h",474  Warning[Pe047]: 
          incompatible redefinition of macro "SPI_IT_RXNE" (declared at line
          281 of
          "E:\DLP_Proj\DLP_source\branches\DLP_opensource\Drivers\STM32F4xx_HAL
          _Driver\Inc\stm32f4xx_hal_spi.h")

  #define SPI_IT_ERR                   SPI_I2S_IT_ERR
          ^
"E:\DLP_Proj\DLP_source\branches\DLP_opensource\Drivers\libstmf4\include\stm32f4xx_spi.h",475  Warning[Pe047]: 
          incompatible redefinition of macro "SPI_IT_ERR" (declared at line
          282 of
          "E:\DLP_Proj\DLP_source\branches\DLP_opensource\Drivers\STM32F4xx_HAL
          _Driver\Inc\stm32f4xx_hal_spi.h")

  #define SPI_FLAG_RXNE                SPI_I2S_FLAG_RXNE
          ^
"E:\DLP_Proj\DLP_source\branches\DLP_opensource\Drivers\libstmf4\include\stm32f4xx_spi.h",477  Warning[Pe047]: 
          incompatible redefinition of macro "SPI_FLAG_RXNE" (declared at line
          290 of
          "E:\DLP_Proj\DLP_source\branches\DLP_opensource\Drivers\STM32F4xx_HAL
          _Driver\Inc\stm32f4xx_hal_spi.h")

  #define SPI_FLAG_TXE                 SPI_I2S_FLAG_TXE
          ^
"E:\DLP_Proj\DLP_source\branches\DLP_opensource\Drivers\libstmf4\include\stm32f4xx_spi.h",478  Warning[Pe047]: 
          incompatible redefinition of macro "SPI_FLAG_TXE" (declared at line
          291 of
          "E:\DLP_Proj\DLP_source\branches\DLP_opensource\Drivers\STM32F4xx_HAL
          _Driver\Inc\stm32f4xx_hal_spi.h")

  #define SPI_FLAG_OVR                 SPI_I2S_FLAG_OVR
          ^
"E:\DLP_Proj\DLP_source\branches\DLP_opensource\Drivers\libstmf4\include\stm32f4xx_spi.h",479  Warning[Pe047]: 
          incompatible redefinition of macro "SPI_FLAG_OVR" (declared at line
          295 of
          "E:\DLP_Proj\DLP_source\branches\DLP_opensource\Drivers\STM32F4xx_HAL
          _Driver\Inc\stm32f4xx_hal_spi.h")

  #define SPI_FLAG_BSY                 SPI_I2S_FLAG_BSY
          ^
"E:\DLP_Proj\DLP_source\branches\DLP_opensource\Drivers\libstmf4\include\stm32f4xx_spi.h",480  Warning[Pe047]: 
          incompatible redefinition of macro "SPI_FLAG_BSY" (declared at line
          292 of
          "E:\DLP_Proj\DLP_source\branches\DLP_opensource\Drivers\STM32F4xx_HAL
          _Driver\Inc\stm32f4xx_hal_spi.h")

    #define FILAMENT_CHANGE_TEXT_EN				"Please click <Load> \nor <unload>,After \npinter pause."
            ^
"E:\DLP_Proj\DLP_source\branches\DLP_opensource\User\ui\Multi_language\Language_en.h",165  Warning[Pe047]: 
          incompatible redefinition of macro "FILAMENT_CHANGE_TEXT_EN"
          (declared at line 143)

  #define DIALOG_UNBIND_PRINTER_CN            "Ëß£Èô§ÁªëÂÆö?"
          ^
"E:\DLP_Proj\DLP_source\branches\DLP_opensource\User\ui\Multi_language\Language_s_cn.h",248  Warning[Pe047]: 
          incompatible redefinition of macro "DIALOG_UNBIND_PRINTER_CN"
          (declared at line 243)

    #define FILAMENT_CHANGE_TEXT_T_CN				"ÂæÖÊâìÂç∞Ê©üÊö´ÂÅúÂêé,\nË´ãÊåâ<ÈÄ≤Êñô>Êàñ<ÈÄÄÊñô>"
            ^
"E:\DLP_Proj\DLP_source\branches\DLP_opensource\User\ui\Multi_language\Language_t_cn.h",157  Warning[Pe047]: 
          incompatible redefinition of macro "FILAMENT_CHANGE_TEXT_T_CN"
          (declared at line 143)

    #define FILAMENT_CHANGE_TEXT_RU				"Please click <Load> \nor <unload>,After \npinter pause."
            ^
"E:\DLP_Proj\DLP_source\branches\DLP_opensource\User\ui\Multi_language\Language_ru.h",163  Warning[Pe047]: 
          incompatible redefinition of macro "FILAMENT_CHANGE_TEXT_RU"
          (declared at line 143)

  #define DIALOG_UNBIND_PRINTER_RU            "Unbind the printer?"
          ^
"E:\DLP_Proj\DLP_source\branches\DLP_opensource\User\ui\Multi_language\Language_ru.h",260  Warning[Pe047]: 
          incompatible redefinition of macro "DIALOG_UNBIND_PRINTER_RU"
          (declared at line 255)

    #define FILAMENT_CHANGE_TEXT_FR				"Please click <Load> \nor <unload>,After \npinter pause."
            ^
"E:\DLP_Proj\DLP_source\branches\DLP_opensource\User\ui\Multi_language\Language_fr.h",163  Warning[Pe047]: 
          incompatible redefinition of macro "FILAMENT_CHANGE_TEXT_FR"
          (declared at line 143)

  #define DIALOG_UNBIND_PRINTER_FR        "Unbind the printer?"
          ^
"E:\DLP_Proj\DLP_source\branches\DLP_opensource\User\ui\Multi_language\Language_fr.h",263  Warning[Pe047]: 
          incompatible redefinition of macro "DIALOG_UNBIND_PRINTER_FR"
          (declared at line 259)

    #define FILAMENT_CHANGE_TEXT_SP				"Please click <Load> \nor <unload>,After \npinter pause."
            ^
"E:\DLP_Proj\DLP_source\branches\DLP_opensource\User\ui\Multi_language\Language_sp.h",162  Warning[Pe047]: 
          incompatible redefinition of macro "FILAMENT_CHANGE_TEXT_SP"
          (declared at line 143)

    #define FILAMENT_CHANGE_TEXT_IT				"Please click <Load> \nor <unload>,After \npinter pause."
            ^
"E:\DLP_Proj\DLP_source\branches\DLP_opensource\User\ui\Multi_language\Language_it.h",163  Warning[Pe047]: 
          incompatible redefinition of macro "FILAMENT_CHANGE_TEXT_IT"
          (declared at line 143)

  #define DIALOG_UNBIND_PRINTER_IT                "Unbind the printer?"
          ^
"E:\DLP_Proj\DLP_source\branches\DLP_opensource\User\ui\Multi_language\Language_it.h",259  Warning[Pe047]: 
          incompatible redefinition of macro "DIALOG_UNBIND_PRINTER_IT"
          (declared at line 254)

  #define FILAMENT_CHANGE_TEXT_JP				"Please click <Load> \nor <unload>,After \npinter pause."
          ^
"E:\DLP_Proj\DLP_source\branches\DLP_opensource\User\ui\Multi_language\Multi_language.h",688  Warning[Pe047]: 
          incompatible redefinition of macro "FILAMENT_CHANGE_TEXT_JP"
          (declared at line 681)

  #define FILAMENT_CHANGE_TEXT_GN				"Please click <Load> \nor <unload>,After \npinter pause."
          ^
"E:\DLP_Proj\DLP_source\branches\DLP_opensource\User\ui\Multi_language\Multi_language.h",896  Warning[Pe047]: 
          incompatible redefinition of macro "FILAMENT_CHANGE_TEXT_GN"
          (declared at line 890)

  #define Simple_Dec"ºı…Ÿ"
                    ^
"E:\DLP_Proj\DLP_source\branches\DLP_opensource\User\ui\draw_ui.h",387  Warning[Pe1649]: 
          white space is required between the macro name "Simple_Dec" and its
          replacement text

  #define Simple_Speed "ÀŸ∂»"
          ^
"E:\DLP_Proj\DLP_source\branches\DLP_opensource\User\ui\draw_ui.h",442  Warning[Pe047]: 
          incompatible redefinition of macro "Simple_Speed" (declared at line
          439)

  #define Complex_Speed "ÀŸ∂»"
          ^
"E:\DLP_Proj\DLP_source\branches\DLP_opensource\User\ui\draw_ui.h",443  Warning[Pe047]: 
          incompatible redefinition of macro "Complex_Speed" (declared at line
          440)
      5          #include "draw_set.h"
      6          #include "fontLib.h"
      7          #include "LISTBOX.h"
      8          #include "draw_language.h"
      9          #include "draw_about.h"
     10          #include "pic_manager.h"
     11          #include "spi_flash.h"
     12          #include "draw_print_file.h"
     13          
     14          #ifndef GUI_FLASH
     15          #define GUI_FLASH
     16          #endif
     17          
     18          //#include "touch_calibrate.h"
     19          
     20          
     21          

   \                                 In section .bss, align 4
     22          static GUI_HWIN hSetWnd;
   \                     hSetWnd:
   \   00000000                      DS8 2
   \   00000002                      DS8 2
   \   00000004                      DS8 24
   \   0000001C                      DS8 24
     23          
     24          extern uint8_t Get_Temperature_Flg;
     25          extern volatile uint8_t get_temp_flag;
     26          extern GUI_FLASH const GUI_FONT GUI_FontHZ_fontHz18;
     27          
     28          extern volatile char *codebufpoint;
     29          extern char cmd_code[201];
     30          extern int X_ADD,X_INTERVAL;   //**Õº∆¨º‰∏Ù
     31          extern uint32_t choose_ret;
     32          extern uint8_t disp_in_file_dir;
     33          	
     34          static BUTTON_STRUCT buttonDisk, buttonVarify, buttonMachine, buttonConnect, buttonWifi, buttonLanguage, buttonAbout, buttonFunction_1,buttonFunction_2,buttonFunction_3,buttonRet,buttonFilamentChange,buttonFan,buttonBreakpoint;
     35          static BUTTON_STRUCT buttonMoto_off;
     36          
     37          

   \                                 In section .bss, align 4
     38          static BUTTON_STRUCT buttonService,buttonInfo;
   \                     buttonService:
   \   00000000                      DS8 24
   \   00000018                      DS8 24
     39          static BUTTON_STRUCT buttonLanguage_Text,buttonService_Text,buttonInfo_Text,buttonRet_Text;
     40          

   \                                 In section .text, align 2, keep-with-next
     41          static void cbSetWin(WM_MESSAGE * pMsg) {
     42          
     43          	uint16_t i=0;
                 	         ^
Warning[Pe177]: variable "i" was declared but never referenced
     44          	uint8_t *funcbuff;
                 	         ^
Warning[Pe177]: variable "funcbuff" was declared but never referenced
     45          	
     46          	struct PressEvt *press_event;
                 	                 ^
Warning[Pe550]: variable "press_event" was set but never used
     47          	switch (pMsg->MsgId)
   \                     _Z8cbSetWinP10WM_MESSAGE: (+1)
   \   00000000   0x6801             LDR      R1,[R0, #+0]
   \   00000002   0x290C             CMP      R1,#+12
   \   00000004   0xD100             BNE.N    ??cbSetWin_0
   \   00000006   0x4770             BX       LR
   \                     ??cbSetWin_0: (+1)
   \   00000008   0xB580             PUSH     {R7,LR}
   \   0000000A   0x290D             CMP      R1,#+13
   \   0000000C   0xD042             BEQ.N    ??cbSetWin_1
   \   0000000E   0x290F             CMP      R1,#+15
   \   00000010   0xD040             BEQ.N    ??cbSetWin_1
   \   00000012   0x2926             CMP      R1,#+38
   \   00000014   0xD13A             BNE.N    ??cbSetWin_2
     48          	{
     49          		case WM_PAINT:
     50          			//GUI_SetBkColor(GUI_BLUE);
     51          			//GUI_Clear();
     52          			//GUI_DispString("window");
     53          			break;
     54          		case WM_TOUCH:
     55          		 	press_event = (struct PressEvt *)pMsg->Data.p;
     56          			
     57          			break;
     58          		case WM_TOUCH_CHILD:
     59          			press_event = (struct PressEvt *)pMsg->Data.p;
     60          
     61          			break;
     62          			
     63          		case WM_NOTIFY_PARENT:
     64          			if(pMsg->Data.v == WM_NOTIFICATION_RELEASED)
   \   00000016   0x6881             LDR      R1,[R0, #+8]
   \   00000018   0x2902             CMP      R1,#+2
   \   0000001A   0xD13B             BNE.N    ??cbSetWin_1
     65          			{
     66          			#if 1
     67          				if(pMsg->hWinSrc == buttonRet.btnHandle)
   \   0000001C   0xF9B0 0x0006      LDRSH    R0,[R0, #+6]
   \   00000020   0x....             LDR.N    R1,??DataTable6
   \   00000022   0xF9B1 0x201C      LDRSH    R2,[R1, #+28]
   \   00000026   0x4290             CMP      R0,R2
   \   00000028   0xD108             BNE.N    ??cbSetWin_3
     68          				{
     69          				    last_disp_state = SET_UI;
   \   0000002A   0x200C             MOVS     R0,#+12
   \   0000002C   0x....             LDR.N    R1,??DataTable6_1
   \   0000002E   0x7008             STRB     R0,[R1, #+0]
     70          					Clear_Set();
   \   00000030   0x.... 0x....      BL       Clear_Set
     71          					draw_return_ui();
   \   00000034   0xE8BD 0x4001      POP      {R0,LR}
   \   00000038   0x.... 0x....      B.W      draw_return_ui
     72          					
     73          				}
     74                          else if(pMsg->hWinSrc == buttonService.btnHandle)
   \                     ??cbSetWin_3: (+1)
   \   0000003C   0x....             LDR.N    R2,??DataTable6_2
   \   0000003E   0xF9B2 0x3000      LDRSH    R3,[R2, #+0]
   \   00000042   0x4298             CMP      R0,R3
   \   00000044   0xD108             BNE.N    ??cbSetWin_4
     75                          {
     76                              last_disp_state = SET_UI;
   \   00000046   0x200C             MOVS     R0,#+12
   \   00000048   0x....             LDR.N    R1,??DataTable6_1
   \   0000004A   0x7008             STRB     R0,[R1, #+0]
     77                              Clear_Set();
   \   0000004C   0x.... 0x....      BL       Clear_Set
     78                              draw_Service();
   \   00000050   0xE8BD 0x4001      POP      {R0,LR}
   \   00000054   0x.... 0x....      B.W      draw_Service
     79                          }
     80                          else if(pMsg->hWinSrc == buttonInfo.btnHandle)
   \                     ??cbSetWin_4: (+1)
   \   00000058   0xF9B2 0x2018      LDRSH    R2,[R2, #+24]
   \   0000005C   0x4290             CMP      R0,R2
   \   0000005E   0xD108             BNE.N    ??cbSetWin_5
     81                          {
     82                              last_disp_state = SET_UI;
   \   00000060   0x200C             MOVS     R0,#+12
   \   00000062   0x....             LDR.N    R1,??DataTable6_1
   \   00000064   0x7008             STRB     R0,[R1, #+0]
     83                              Clear_Set();
   \   00000066   0x.... 0x....      BL       Clear_Set
     84                              draw_Info();
   \   0000006A   0xE8BD 0x4001      POP      {R0,LR}
   \   0000006E   0x.... 0x....      B.W      draw_Info
     85                          }
     86          				else if(pMsg->hWinSrc == buttonLanguage.btnHandle)
   \                     ??cbSetWin_5: (+1)
   \   00000072   0xF9B1 0x1004      LDRSH    R1,[R1, #+4]
   \   00000076   0x4288             CMP      R0,R1
   \   00000078   0xD10C             BNE.N    ??cbSetWin_1
     87          				{
     88          					last_disp_state = SET_UI;
   \   0000007A   0x200C             MOVS     R0,#+12
   \   0000007C   0x....             LDR.N    R1,??DataTable6_1
   \   0000007E   0x7008             STRB     R0,[R1, #+0]
     89          					Clear_Set();
   \   00000080   0x.... 0x....      BL       Clear_Set
     90          					draw_Language();
   \   00000084   0xE8BD 0x4001      POP      {R0,LR}
   \   00000088   0x.... 0x....      B.W      draw_Language
     91          				}  
     92                          
     93          				#if 0
     94          				else if(pMsg->hWinSrc == buttonVarify.btnHandle)
     95          				{
     96          
     97          					last_disp_state = SET_UI;
     98          					Clear_Set();
     99          					draw_calibrate();
    100          
    101          				}
    102          				#endif	
    103          #if 0                 
    104          				else if(pMsg->hWinSrc == buttonDisk.btnHandle)
    105          				{
    106          					last_disp_state = SET_UI;
    107          					Clear_Set();
    108          					draw_Disk();
    109          				}
    110          #if tan_mask
    111          				else if(pMsg->hWinSrc == buttonVarify.btnHandle)
    112          				{
    113          					last_disp_state = SET_UI;
    114          					Clear_Set();
    115          					draw_calibrate();
    116          				}
    117          #endif
    118          				else if(pMsg->hWinSrc == buttonLanguage.btnHandle)
    119          				{
    120          					last_disp_state = SET_UI;
    121          					Clear_Set();
    122          					draw_Language();
    123          				}
    124                          
    125          				else if(pMsg->hWinSrc == buttonAbout.btnHandle)
    126          				{
    127          					last_disp_state = SET_UI;
    128          					Clear_Set();
    129          					draw_About();
    130          					//draw_calibrate();
    131          				}
    132          				else if(pMsg->hWinSrc == buttonWifi.btnHandle)
    133          				{
    134          					last_disp_state = SET_UI;
    135          					Clear_Set();
    136          					draw_Wifi();
    137          				}       
    138          				else if(pMsg->hWinSrc == buttonFilamentChange.btnHandle)
    139          				{
    140          					/*last_disp_state = SET_UI;
    141          					Clear_Set();
    142          					draw_FilamentChange();*/
    143          					last_disp_state = SET_UI;
    144          					//Get_Temperature_Flg = 1;
    145          					//get_temp_flag = 1;
    146          					Clear_Set();
    147          					draw_FilamentChange();
    148          				}				
    149          				/*else if(pMsg->hWinSrc == buttonFunction_1.btnHandle)
    150          				{
    151          					
    152          					if(gCfgItems.leveling_mode == 1)
    153          					{
    154          						SPI_FLASH_BufferRead((u8 *)cmd_code,BUTTON_FUNCTION2_ADDR,201);
    155          						codebufpoint = cmd_code;
    156          					}
    157          					else
    158          					{
    159          						last_disp_state = SET_UI;
    160          						Clear_Set();
    161          						draw_leveling();
    162          					}
    163          					
    164          					
    165          				}*/
    166                           
    167          				else if(pMsg->hWinSrc == buttonFan.btnHandle)
    168          				{
    169          					last_disp_state = SET_UI;
    170          					Clear_Set();
    171          					draw_fan();
    172          				}
    173          				else if(pMsg->hWinSrc == buttonFunction_1.btnHandle)
    174          				{	
    175          					/*if((gCfgItems.leveling_mode == 1)||CfgPrinterItems.cfg_drive_system == 3)
    176          					{
    177          						memset(cmd_code,0,sizeof(cmd_code));
    178          						SPI_FLASH_BufferRead((u8*)cmd_code,BUTTON_FUNCTION2_ADDR,201);
    179          						codebufpoint = cmd_code;
    180          					}
    181          					else
    182          					{
    183          						last_disp_state = SET_UI;
    184          						Clear_Set();
    185          						draw_leveling();						
    186          					}*/
    187          					
    188          					SPI_FLASH_BufferRead((u8 *)cmd_code,BUTTON_FUNCTION1_ADDR,201);
    189          					codebufpoint = cmd_code;
    190          				}
    191          				else if(pMsg->hWinSrc == buttonBreakpoint.btnHandle)
    192          				{
    193          					last_disp_state = SET_UI;
    194          					Clear_Set();
    195          					gCfgItems.breakpoint_reprint_flg = 1;
    196          					disp_in_file_dir = 1;
    197          					draw_print_file();
    198          				}			
    199          			#endif
    200                  #endif
    201          			}
    202          			break;
    203          			
    204          		default:
    205          			WM_DefaultProc(pMsg);
   \                     ??cbSetWin_2: (+1)
   \   0000008C   0xE8BD 0x4002      POP      {R1,LR}
   \   00000090   0x.... 0x....      B.W      WM_DefaultProc
    206          		}
    207          	}
   \                     ??cbSetWin_1: (+1)
   \   00000094   0xBD01             POP      {R0,PC}          ;; return
    208          
    209          

   \                                 In section .text, align 2, keep-with-next
    210          void draw_Set()
    211          {
   \                     draw_Set: (+1)
   \   00000000   0xE92D 0x47FF      PUSH     {R0-R10,LR}
    212          #if 1			
    213          	
    214          	int i;
                 	    ^
Warning[Pe177]: variable "i" was declared but never referenced

  static BUTTON_STRUCT buttonDisk, buttonVarify, buttonMachine, buttonConnect, buttonWifi, buttonLanguage, buttonAbout, buttonFunction_1,buttonFunction_2,buttonFunction_3,buttonRet,buttonFilamentChange,buttonFan,buttonBreakpoint;
                       ^
"E:\DLP_Proj\DLP_source\branches\DLP_opensource\User\ui\draw_set.cpp",34  Warning[Pe177]: 
          variable "buttonDisk" was declared but never referenced

  static BUTTON_STRUCT buttonDisk, buttonVarify, buttonMachine, buttonConnect, buttonWifi, buttonLanguage, buttonAbout, buttonFunction_1,buttonFunction_2,buttonFunction_3,buttonRet,buttonFilamentChange,buttonFan,buttonBreakpoint;
                                   ^
"E:\DLP_Proj\DLP_source\branches\DLP_opensource\User\ui\draw_set.cpp",34  Warning[Pe177]: 
          variable "buttonVarify" was declared but never referenced

  static BUTTON_STRUCT buttonDisk, buttonVarify, buttonMachine, buttonConnect, buttonWifi, buttonLanguage, buttonAbout, buttonFunction_1,buttonFunction_2,buttonFunction_3,buttonRet,buttonFilamentChange,buttonFan,buttonBreakpoint;
                                                 ^
"E:\DLP_Proj\DLP_source\branches\DLP_opensource\User\ui\draw_set.cpp",34  Warning[Pe177]: 
          variable "buttonMachine" was declared but never referenced

  static BUTTON_STRUCT buttonDisk, buttonVarify, buttonMachine, buttonConnect, buttonWifi, buttonLanguage, buttonAbout, buttonFunction_1,buttonFunction_2,buttonFunction_3,buttonRet,buttonFilamentChange,buttonFan,buttonBreakpoint;
                                                                ^
"E:\DLP_Proj\DLP_source\branches\DLP_opensource\User\ui\draw_set.cpp",34  Warning[Pe177]: 
          variable "buttonConnect" was declared but never referenced

  static BUTTON_STRUCT buttonDisk, buttonVarify, buttonMachine, buttonConnect, buttonWifi, buttonLanguage, buttonAbout, buttonFunction_1,buttonFunction_2,buttonFunction_3,buttonRet,buttonFilamentChange,buttonFan,buttonBreakpoint;
                                                                               ^
"E:\DLP_Proj\DLP_source\branches\DLP_opensource\User\ui\draw_set.cpp",34  Warning[Pe177]: 
          variable "buttonWifi" was declared but never referenced

  static BUTTON_STRUCT buttonDisk, buttonVarify, buttonMachine, buttonConnect, buttonWifi, buttonLanguage, buttonAbout, buttonFunction_1,buttonFunction_2,buttonFunction_3,buttonRet,buttonFilamentChange,buttonFan,buttonBreakpoint;
                                                                                                           ^
"E:\DLP_Proj\DLP_source\branches\DLP_opensource\User\ui\draw_set.cpp",34  Warning[Pe177]: 
          variable "buttonAbout" was declared but never referenced

  static BUTTON_STRUCT buttonDisk, buttonVarify, buttonMachine, buttonConnect, buttonWifi, buttonLanguage, buttonAbout, buttonFunction_1,buttonFunction_2,buttonFunction_3,buttonRet,buttonFilamentChange,buttonFan,buttonBreakpoint;
                                                                                                                        ^
"E:\DLP_Proj\DLP_source\branches\DLP_opensource\User\ui\draw_set.cpp",34  Warning[Pe177]: 
          variable "buttonFunction_1" was declared but never referenced

  static BUTTON_STRUCT buttonDisk, buttonVarify, buttonMachine, buttonConnect, buttonWifi, buttonLanguage, buttonAbout, buttonFunction_1,buttonFunction_2,buttonFunction_3,buttonRet,buttonFilamentChange,buttonFan,buttonBreakpoint;
                                                                                                                                         ^
"E:\DLP_Proj\DLP_source\branches\DLP_opensource\User\ui\draw_set.cpp",34  Warning[Pe177]: 
          variable "buttonFunction_2" was declared but never referenced

  static BUTTON_STRUCT buttonDisk, buttonVarify, buttonMachine, buttonConnect, buttonWifi, buttonLanguage, buttonAbout, buttonFunction_1,buttonFunction_2,buttonFunction_3,buttonRet,buttonFilamentChange,buttonFan,buttonBreakpoint;
                                                                                                                                                          ^
"E:\DLP_Proj\DLP_source\branches\DLP_opensource\User\ui\draw_set.cpp",34  Warning[Pe177]: 
          variable "buttonFunction_3" was declared but never referenced

  static BUTTON_STRUCT buttonDisk, buttonVarify, buttonMachine, buttonConnect, buttonWifi, buttonLanguage, buttonAbout, buttonFunction_1,buttonFunction_2,buttonFunction_3,buttonRet,buttonFilamentChange,buttonFan,buttonBreakpoint;
                                                                                                                                                                                     ^
"E:\DLP_Proj\DLP_source\branches\DLP_opensource\User\ui\draw_set.cpp",34  Warning[Pe177]: 
          variable "buttonFilamentChange" was declared but never referenced

  static BUTTON_STRUCT buttonDisk, buttonVarify, buttonMachine, buttonConnect, buttonWifi, buttonLanguage, buttonAbout, buttonFunction_1,buttonFunction_2,buttonFunction_3,buttonRet,buttonFilamentChange,buttonFan,buttonBreakpoint;
                                                                                                                                                                                                          ^
"E:\DLP_Proj\DLP_source\branches\DLP_opensource\User\ui\draw_set.cpp",34  Warning[Pe177]: 
          variable "buttonFan" was declared but never referenced

  static BUTTON_STRUCT buttonDisk, buttonVarify, buttonMachine, buttonConnect, buttonWifi, buttonLanguage, buttonAbout, buttonFunction_1,buttonFunction_2,buttonFunction_3,buttonRet,buttonFilamentChange,buttonFan,buttonBreakpoint;
                                                                                                                                                                                                                    ^
"E:\DLP_Proj\DLP_source\branches\DLP_opensource\User\ui\draw_set.cpp",34  Warning[Pe177]: 
          variable "buttonBreakpoint" was declared but never referenced

  static BUTTON_STRUCT buttonMoto_off;
                       ^
"E:\DLP_Proj\DLP_source\branches\DLP_opensource\User\ui\draw_set.cpp",35  Warning[Pe177]: 
          variable "buttonMoto_off" was declared but never referenced

  static BUTTON_STRUCT buttonLanguage_Text,buttonService_Text,buttonInfo_Text,buttonRet_Text;
                       ^
"E:\DLP_Proj\DLP_source\branches\DLP_opensource\User\ui\draw_set.cpp",39  Warning[Pe177]: 
          variable "buttonLanguage_Text" was declared but never referenced

  static BUTTON_STRUCT buttonLanguage_Text,buttonService_Text,buttonInfo_Text,buttonRet_Text;
                                           ^
"E:\DLP_Proj\DLP_source\branches\DLP_opensource\User\ui\draw_set.cpp",39  Warning[Pe177]: 
          variable "buttonService_Text" was declared but never referenced

  static BUTTON_STRUCT buttonLanguage_Text,buttonService_Text,buttonInfo_Text,buttonRet_Text;
                                                              ^
"E:\DLP_Proj\DLP_source\branches\DLP_opensource\User\ui\draw_set.cpp",39  Warning[Pe177]: 
          variable "buttonInfo_Text" was declared but never referenced

  static BUTTON_STRUCT buttonLanguage_Text,buttonService_Text,buttonInfo_Text,buttonRet_Text;
                                                                              ^
"E:\DLP_Proj\DLP_source\branches\DLP_opensource\User\ui\draw_set.cpp",39  Warning[Pe177]: 
          variable "buttonRet_Text" was declared but never referenced
    215          
    216          	if(disp_state_stack._disp_state[disp_state_stack._disp_index] != SET_UI)
   \   00000004   0x....             LDR.N    R0,??DataTable6_3
   \   00000006   0xF990 0x1064      LDRSB    R1,[R0, #+100]
   \   0000000A   0x560A             LDRSB    R2,[R1, R0]
   \   0000000C   0x2A0C             CMP      R2,#+12
   \   0000000E   0xD005             BEQ.N    ??draw_Set_0
    217          	{
    218          		disp_state_stack._disp_index++;
   \   00000010   0x1C49             ADDS     R1,R1,#+1
   \   00000012   0xF880 0x1064      STRB     R1,[R0, #+100]
    219          		disp_state_stack._disp_state[disp_state_stack._disp_index] = SET_UI;
   \   00000016   0x220C             MOVS     R2,#+12
   \   00000018   0xB249             SXTB     R1,R1
   \   0000001A   0x540A             STRB     R2,[R1, R0]
    220          	}
    221          	disp_state = SET_UI;
   \                     ??draw_Set_0: (+1)
   \   0000001C   0x200C             MOVS     R0,#+12
   \   0000001E   0x....             LDR.N    R1,??DataTable6_4
   \   00000020   0x7008             STRB     R0,[R1, #+0]
    222          	GUI_Clear();
   \   00000022   0x.... 0x....      BL       GUI_Clear
    223          
    224          	GUI_SetBkColor(gCfgItems.background_color);
   \   00000026   0x....             LDR.N    R4,??DataTable6_5
   \   00000028   0x6860             LDR      R0,[R4, #+4]
   \   0000002A   0x.... 0x....      BL       GUI_SetBkColor
    225          	GUI_SetColor(gCfgItems.title_color);
   \   0000002E   0x1D25             ADDS     R5,R4,#+4
   \   00000030   0x6D68             LDR      R0,[R5, #+84]
   \   00000032   0x.... 0x....      BL       GUI_SetColor
    226          #if 0
    227          
    228          	GUI_DispStringAt(creat_title_text(), TITLE_XPOS, TITLE_YPOS);
    229          	hSetWnd = WM_CreateWindow(0, titleHeight, LCD_WIDTH, imgHeight, WM_CF_SHOW, cbSetWin, 0);
    230          
    231          	buttonDisk.btnHandle = BUTTON_CreateEx(INTERVAL_V, 0,BTN_X_PIXEL, BTN_Y_PIXEL, hSetWnd, BUTTON_CF_SHOW, 0, 301);
    232          	buttonWifi.btnHandle  = BUTTON_CreateEx(BTN_X_PIXEL+INTERVAL_V*2, 0,BTN_X_PIXEL, BTN_Y_PIXEL, hSetWnd, BUTTON_CF_SHOW, 0, 303);
    233          	buttonFan.btnHandle = BUTTON_CreateEx(BTN_X_PIXEL*2+INTERVAL_V*3,  0,BTN_X_PIXEL, BTN_Y_PIXEL, hSetWnd, BUTTON_CF_SHOW, 0, 304);
    234          	buttonAbout.btnHandle = BUTTON_CreateEx(BTN_X_PIXEL*3+INTERVAL_V*4,  0,BTN_X_PIXEL, BTN_Y_PIXEL, hSetWnd, BUTTON_CF_SHOW, 0, 305);
    235          	if(TFT_screen.display_style == 0)
    236          	{
    237          		buttonFilamentChange.btnHandle  = BUTTON_CreateEx(INTERVAL_V,  BTN_Y_PIXEL+INTERVAL_H,BTN_X_PIXEL, BTN_Y_PIXEL, hSetWnd, BUTTON_CF_SHOW, 0, 306);
    238          		buttonBreakpoint.btnHandle  =  BUTTON_CreateEx(BTN_X_PIXEL+INTERVAL_V*2, BTN_Y_PIXEL+INTERVAL_H,BTN_X_PIXEL, BTN_Y_PIXEL,hSetWnd, BUTTON_CF_SHOW, 0, 302);//alloc_win_id());
    239          		if(gCfgItems.multiple_language !=0)
    240          		{
    241          			buttonLanguage.btnHandle = BUTTON_CreateEx(BTN_X_PIXEL*2+INTERVAL_V*3, BTN_Y_PIXEL+INTERVAL_H,BTN_X_PIXEL, BTN_Y_PIXEL,hSetWnd, BUTTON_CF_SHOW, 0, 302);//alloc_win_id());
    242          		}
    243          		/*
    244          		if(gCfgItems.func_btn1_display_flag != 0)
    245          		{
    246          			buttonFunction_1.btnHandle = BUTTON_CreateEx(BTN_X_PIXEL*2+INTERVAL_V*3, BTN_Y_PIXEL+INTERVAL_H,BTN_X_PIXEL, BTN_Y_PIXEL,hSetWnd, BUTTON_CF_SHOW, 0, 302);//alloc_win_id());
    247          		}
    248          		*/	
    249          	}
    250          	else
    251          	{
    252          		buttonBreakpoint.btnHandle  = BUTTON_CreateEx(INTERVAL_V,  BTN_Y_PIXEL+INTERVAL_H,BTN_X_PIXEL, BTN_Y_PIXEL, hSetWnd, BUTTON_CF_SHOW, 0, 306);
    253          		buttonFunction_1.btnHandle  =  BUTTON_CreateEx(BTN_X_PIXEL+INTERVAL_V*2, BTN_Y_PIXEL+INTERVAL_H,BTN_X_PIXEL, BTN_Y_PIXEL,hSetWnd, BUTTON_CF_SHOW, 0, 302);//alloc_win_id());
    254          		if(gCfgItems.multiple_language !=0)
    255          		{
    256          			buttonLanguage.btnHandle = BUTTON_CreateEx(BTN_X_PIXEL*2+INTERVAL_V*3, BTN_Y_PIXEL+INTERVAL_H,BTN_X_PIXEL, BTN_Y_PIXEL,hSetWnd, BUTTON_CF_SHOW, 0, 302);//alloc_win_id());
    257          		}		
    258          	}
    259          	buttonRet.btnHandle  = BUTTON_CreateEx(BTN_X_PIXEL*3+INTERVAL_V*4,  BTN_Y_PIXEL+INTERVAL_H,BTN_X_PIXEL, BTN_Y_PIXEL, hSetWnd, BUTTON_CF_SHOW, 0, 308);
    260          
    261          #if VERSION_WITH_PIC	
    262          
    263          
    264          
    265          	BUTTON_SetBmpFileName(buttonDisk.btnHandle, "bmp_fileSys.bin",1);
    266          	BUTTON_SetBmpFileName(buttonWifi.btnHandle, "bmp_wifi.bin",1);
    267          	BUTTON_SetBmpFileName(buttonFan.btnHandle, "bmp_fan.bin",1);
    268          	BUTTON_SetBmpFileName(buttonAbout.btnHandle, "bmp_about.bin",1);
    269          	
    270          	BUTTON_SetBmpFileName(buttonFilamentChange.btnHandle, "bmp_filament.bin",1);
    271          	BUTTON_SetBmpFileName(buttonBreakpoint.btnHandle, "bmp_breakpoint.bin",1);
    272          	if(TFT_screen.display_style != 0)
    273          		BUTTON_SetBmpFileName(buttonFunction_1.btnHandle, "bmp_function1.bin",1);
    274          	BUTTON_SetBmpFileName(buttonLanguage.btnHandle, "bmp_language.bin",1);
    275          	
    276          	BUTTON_SetBmpFileName(buttonRet.btnHandle, "bmp_return.bin",1);
    277          
    278          	BUTTON_SetBitmapEx(buttonDisk.btnHandle, 0, &bmp_struct, BMP_PIC_X, BMP_PIC_Y);
    279          	BUTTON_SetBitmapEx(buttonWifi.btnHandle, 0, &bmp_struct, BMP_PIC_X, BMP_PIC_Y);
    280          	BUTTON_SetBitmapEx(buttonFan.btnHandle, 0, &bmp_struct,BMP_PIC_X, BMP_PIC_Y);
    281          	BUTTON_SetBitmapEx(buttonAbout.btnHandle, 0, &bmp_struct, BMP_PIC_X, BMP_PIC_Y);
    282          	BUTTON_SetBitmapEx(buttonFilamentChange.btnHandle, 0, &bmp_struct, BMP_PIC_X, BMP_PIC_Y);
    283          	BUTTON_SetBitmapEx(buttonBreakpoint.btnHandle, 0, &bmp_struct, BMP_PIC_X, BMP_PIC_Y);
    284          	if(TFT_screen.display_style != 0)
    285          		BUTTON_SetBitmapEx(buttonFunction_1.btnHandle, 0, &bmp_struct,BMP_PIC_X, BMP_PIC_Y);
    286          	BUTTON_SetBitmapEx(buttonLanguage.btnHandle, 0, &bmp_struct, BMP_PIC_X, BMP_PIC_Y);
    287          	BUTTON_SetBitmapEx(buttonRet.btnHandle, 0, &bmp_struct,BMP_PIC_X, BMP_PIC_Y);
    288          
    289          	BUTTON_SetBkColor(buttonDisk.btnHandle, BUTTON_CI_PRESSED, gCfgItems.btn_color);
    290          	BUTTON_SetBkColor(buttonDisk.btnHandle, BUTTON_CI_UNPRESSED, gCfgItems.btn_color);	
    291          	BUTTON_SetBkColor(buttonWifi.btnHandle, BUTTON_CI_PRESSED, gCfgItems.btn_color);
    292          	BUTTON_SetBkColor(buttonWifi.btnHandle, BUTTON_CI_UNPRESSED, gCfgItems.btn_color);
    293          	BUTTON_SetBkColor(buttonFan.btnHandle, BUTTON_CI_PRESSED, gCfgItems.btn_color);
    294          	BUTTON_SetBkColor(buttonFan.btnHandle, BUTTON_CI_UNPRESSED, gCfgItems.btn_color);
    295          	BUTTON_SetBkColor(buttonFilamentChange.btnHandle, BUTTON_CI_PRESSED, gCfgItems.btn_color);
    296          	BUTTON_SetBkColor(buttonFilamentChange.btnHandle,BUTTON_CI_UNPRESSED, gCfgItems.btn_color);
    297          	BUTTON_SetBkColor(buttonAbout.btnHandle, BUTTON_CI_PRESSED, gCfgItems.btn_color);
    298          	BUTTON_SetBkColor(buttonAbout.btnHandle, BUTTON_CI_UNPRESSED, gCfgItems.btn_color);
    299          	BUTTON_SetBkColor(buttonBreakpoint.btnHandle, BUTTON_CI_PRESSED, gCfgItems.btn_color);
    300          	BUTTON_SetBkColor(buttonBreakpoint.btnHandle, BUTTON_CI_UNPRESSED, gCfgItems.btn_color);
    301          	if(TFT_screen.display_style != 0)
    302          	{
    303          		BUTTON_SetBkColor(buttonFunction_1.btnHandle, BUTTON_CI_PRESSED, gCfgItems.btn_color);
    304          		BUTTON_SetBkColor(buttonFunction_1.btnHandle, BUTTON_CI_UNPRESSED, gCfgItems.btn_color);
    305          	}
    306          	BUTTON_SetBkColor(buttonLanguage.btnHandle, BUTTON_CI_PRESSED, gCfgItems.btn_color);
    307          	BUTTON_SetBkColor(buttonLanguage.btnHandle, BUTTON_CI_UNPRESSED, gCfgItems.btn_color);
    308          	BUTTON_SetBkColor(buttonRet.btnHandle, BUTTON_CI_PRESSED, gCfgItems.back_btn_color);
    309          	BUTTON_SetBkColor(buttonRet.btnHandle, BUTTON_CI_UNPRESSED, gCfgItems.back_btn_color);	
    310          	
    311          	BUTTON_SetTextColor(buttonDisk.btnHandle, BUTTON_CI_PRESSED, gCfgItems.btn_textcolor);
    312          	BUTTON_SetTextColor(buttonDisk.btnHandle, BUTTON_CI_UNPRESSED, gCfgItems.btn_textcolor);
    313          	BUTTON_SetTextColor(buttonWifi.btnHandle, BUTTON_CI_PRESSED, gCfgItems.btn_textcolor);
    314          	BUTTON_SetTextColor(buttonWifi.btnHandle, BUTTON_CI_UNPRESSED, gCfgItems.btn_textcolor);
    315          	BUTTON_SetTextColor(buttonFan.btnHandle, BUTTON_CI_PRESSED, gCfgItems.btn_textcolor);
    316          	BUTTON_SetTextColor(buttonFan.btnHandle, BUTTON_CI_UNPRESSED, gCfgItems.btn_textcolor);
    317          	BUTTON_SetTextColor(buttonFilamentChange.btnHandle, BUTTON_CI_PRESSED, gCfgItems.btn_textcolor);
    318          	BUTTON_SetTextColor(buttonFilamentChange.btnHandle,BUTTON_CI_UNPRESSED, gCfgItems.btn_textcolor);
    319          	BUTTON_SetTextColor(buttonAbout.btnHandle, BUTTON_CI_PRESSED, gCfgItems.btn_textcolor);
    320          	BUTTON_SetTextColor(buttonAbout.btnHandle, BUTTON_CI_UNPRESSED, gCfgItems.btn_textcolor);
    321          	BUTTON_SetTextColor(buttonBreakpoint.btnHandle, BUTTON_CI_PRESSED, gCfgItems.btn_textcolor);
    322          	BUTTON_SetTextColor(buttonBreakpoint.btnHandle, BUTTON_CI_UNPRESSED, gCfgItems.btn_textcolor);
    323          	if(TFT_screen.display_style != 0)
    324          	{
    325          		BUTTON_SetTextColor(buttonFunction_1.btnHandle, BUTTON_CI_PRESSED, gCfgItems.btn_textcolor);
    326          		BUTTON_SetTextColor(buttonFunction_1.btnHandle, BUTTON_CI_UNPRESSED, gCfgItems.btn_textcolor);
    327          	}
    328          	BUTTON_SetTextColor(buttonLanguage.btnHandle, BUTTON_CI_PRESSED, gCfgItems.btn_textcolor);
    329          	BUTTON_SetTextColor(buttonLanguage.btnHandle, BUTTON_CI_UNPRESSED, gCfgItems.btn_textcolor);
    330          	BUTTON_SetTextColor(buttonRet.btnHandle, BUTTON_CI_PRESSED, gCfgItems.back_btn_textcolor);
    331          	BUTTON_SetTextColor(buttonRet.btnHandle, BUTTON_CI_UNPRESSED, gCfgItems.back_btn_textcolor);	
    332          	
    333          	if(gCfgItems.multiple_language != 0)
    334          	{
    335          		BUTTON_SetText(buttonDisk.btnHandle, set_menu.filesys);
    336          		BUTTON_SetText(buttonWifi.btnHandle, set_menu.wifi);
    337          		BUTTON_SetText(buttonFan.btnHandle, set_menu.fan);
    338          		BUTTON_SetText(buttonFilamentChange.btnHandle, set_menu.filament);
    339          		BUTTON_SetText(buttonAbout.btnHandle, set_menu.about);
    340          		BUTTON_SetText(buttonBreakpoint.btnHandle, set_menu.breakpoint);
    341          		if(TFT_screen.display_style != 0)
    342          			BUTTON_SetText(buttonFunction_1.btnHandle, set_menu.motoroff);
    343          		BUTTON_SetText(buttonLanguage.btnHandle, set_menu.language);
    344          		BUTTON_SetText(buttonRet.btnHandle, common_menu.text_back);
    345          	}
    346          
    347          
    348          #endif
    349          #else
    350                  hSetWnd = WM_CreateWindow(0, titleHeight, LCD_WIDTH, imgHeight, WM_CF_SHOW, cbSetWin, 0);
   \   00000036   0x2000             MOVS     R0,#+0
   \   00000038   0x9002             STR      R0,[SP, #+8]
   \   0000003A   0x....             LDR.N    R0,??DataTable6_6
   \   0000003C   0x9001             STR      R0,[SP, #+4]
   \   0000003E   0x2002             MOVS     R0,#+2
   \   00000040   0x9000             STR      R0,[SP, #+0]
   \   00000042   0xF44F 0x73A0      MOV      R3,#+320
   \   00000046   0xF44F 0x72F0      MOV      R2,#+480
   \   0000004A   0x2100             MOVS     R1,#+0
   \   0000004C   0x4608             MOV      R0,R1
   \   0000004E   0x.... 0x....      BL       WM_CreateWindow
   \   00000052   0x....             LDR.N    R6,??DataTable6
   \   00000054   0x8030             STRH     R0,[R6, #+0]
    351                  buttonLanguage.btnHandle = BUTTON_CreateEx(20,20,120, 130, hSetWnd, BUTTON_CF_SHOW, 0, 301);
   \   00000056   0xF240 0x112D      MOVW     R1,#+301
   \   0000005A   0x9103             STR      R1,[SP, #+12]
   \   0000005C   0x2100             MOVS     R1,#+0
   \   0000005E   0x9102             STR      R1,[SP, #+8]
   \   00000060   0x2102             MOVS     R1,#+2
   \   00000062   0x9101             STR      R1,[SP, #+4]
   \   00000064   0x9000             STR      R0,[SP, #+0]
   \   00000066   0x2382             MOVS     R3,#+130
   \   00000068   0x2278             MOVS     R2,#+120
   \   0000006A   0x2114             MOVS     R1,#+20
   \   0000006C   0x4608             MOV      R0,R1
   \   0000006E   0x.... 0x....      BL       BUTTON_CreateEx
   \   00000072   0x80B0             STRH     R0,[R6, #+4]
    352                  buttonService.btnHandle  = BUTTON_CreateEx(180,20,120, 130, hSetWnd, BUTTON_CF_SHOW, 0, 303);
   \   00000074   0x....             LDR.N    R7,??DataTable6_2
   \   00000076   0xF240 0x102F      MOVW     R0,#+303
   \   0000007A   0x9003             STR      R0,[SP, #+12]
   \   0000007C   0x2000             MOVS     R0,#+0
   \   0000007E   0x9002             STR      R0,[SP, #+8]
   \   00000080   0x2002             MOVS     R0,#+2
   \   00000082   0x9001             STR      R0,[SP, #+4]
   \   00000084   0xF9B6 0x0000      LDRSH    R0,[R6, #+0]
   \   00000088   0x9000             STR      R0,[SP, #+0]
   \   0000008A   0x2382             MOVS     R3,#+130
   \   0000008C   0x2278             MOVS     R2,#+120
   \   0000008E   0x2114             MOVS     R1,#+20
   \   00000090   0x20B4             MOVS     R0,#+180
   \   00000092   0x.... 0x....      BL       BUTTON_CreateEx
   \   00000096   0x8038             STRH     R0,[R7, #+0]
    353                  buttonInfo.btnHandle = BUTTON_CreateEx(340,20,120, 130, hSetWnd, BUTTON_CF_SHOW, 0, 304);
   \   00000098   0xF44F 0x7098      MOV      R0,#+304
   \   0000009C   0x9003             STR      R0,[SP, #+12]
   \   0000009E   0x2000             MOVS     R0,#+0
   \   000000A0   0x9002             STR      R0,[SP, #+8]
   \   000000A2   0x2002             MOVS     R0,#+2
   \   000000A4   0x9001             STR      R0,[SP, #+4]
   \   000000A6   0xF9B6 0x0000      LDRSH    R0,[R6, #+0]
   \   000000AA   0x9000             STR      R0,[SP, #+0]
   \   000000AC   0x2382             MOVS     R3,#+130
   \   000000AE   0x2278             MOVS     R2,#+120
   \   000000B0   0x2114             MOVS     R1,#+20
   \   000000B2   0xF44F 0x70AA      MOV      R0,#+340
   \   000000B6   0x.... 0x....      BL       BUTTON_CreateEx
   \   000000BA   0x8338             STRH     R0,[R7, #+24]
    354                  buttonRet.btnHandle  = BUTTON_CreateEx(340,170,120, 130, hSetWnd, BUTTON_CF_SHOW, 0, 308);
   \   000000BC   0xF44F 0x709A      MOV      R0,#+308
   \   000000C0   0x9003             STR      R0,[SP, #+12]
   \   000000C2   0x2000             MOVS     R0,#+0
   \   000000C4   0x9002             STR      R0,[SP, #+8]
   \   000000C6   0x2002             MOVS     R0,#+2
   \   000000C8   0x9001             STR      R0,[SP, #+4]
   \   000000CA   0xF9B6 0x0000      LDRSH    R0,[R6, #+0]
   \   000000CE   0x9000             STR      R0,[SP, #+0]
   \   000000D0   0x2382             MOVS     R3,#+130
   \   000000D2   0x2278             MOVS     R2,#+120
   \   000000D4   0x21AA             MOVS     R1,#+170
   \   000000D6   0xF44F 0x70AA      MOV      R0,#+340
   \   000000DA   0x.... 0x....      BL       BUTTON_CreateEx
   \   000000DE   0x83B0             STRH     R0,[R6, #+28]
    355          
    356          #if 1
    357              	BUTTON_SetBmpFileName(buttonLanguage.btnHandle, "bmp_language.bin",1);
   \   000000E0   0x2201             MOVS     R2,#+1
   \   000000E2   0x.... 0x....      ADR.W    R1,`?<Constant "bmp_language.bin">`
   \   000000E6   0xF9B6 0x0004      LDRSH    R0,[R6, #+4]
   \   000000EA   0x.... 0x....      BL       BUTTON_SetBmpFileName
    358                  BUTTON_SetBmpFileName(buttonService.btnHandle, "bmp_service.bin",1);
   \   000000EE   0x2201             MOVS     R2,#+1
   \   000000F0   0x.... 0x....      ADR.W    R1,`?<Constant "bmp_service.bin">`
   \   000000F4   0xF9B7 0x0000      LDRSH    R0,[R7, #+0]
   \   000000F8   0x.... 0x....      BL       BUTTON_SetBmpFileName
    359                  BUTTON_SetBmpFileName(buttonInfo.btnHandle, "bmp_info.bin",1);
   \   000000FC   0x2201             MOVS     R2,#+1
   \   000000FE   0x.... 0x....      ADR.W    R1,`?<Constant "bmp_info.bin">`
   \   00000102   0xF9B7 0x0018      LDRSH    R0,[R7, #+24]
   \   00000106   0x.... 0x....      BL       BUTTON_SetBmpFileName
    360          	    BUTTON_SetBmpFileName(buttonRet.btnHandle, "bmp_return.bin",1);
   \   0000010A   0x2201             MOVS     R2,#+1
   \   0000010C   0x.... 0x....      ADR.W    R1,`?<Constant "bmp_return.bin">`
   \   00000110   0xF9B6 0x001C      LDRSH    R0,[R6, #+28]
   \   00000114   0x.... 0x....      BL       BUTTON_SetBmpFileName
    361          
    362          	    BUTTON_SetBitmapEx(buttonLanguage.btnHandle, 0, &bmp_struct, BMP_PIC_X, BMP_PIC_Y);
   \   00000118   0x.... 0x....      LDR.W    R8,??DataTable6_7
   \   0000011C   0x.... 0x....      LDR.W    R9,??DataTable6_8
   \   00000120   0x.... 0x....      LDR.W    R10,??DataTable6_9
   \   00000124   0xF99A 0x0000      LDRSB    R0,[R10, #+0]
   \   00000128   0x9000             STR      R0,[SP, #+0]
   \   0000012A   0xF999 0x3000      LDRSB    R3,[R9, #+0]
   \   0000012E   0x4642             MOV      R2,R8
   \   00000130   0x2100             MOVS     R1,#+0
   \   00000132   0xF9B6 0x0004      LDRSH    R0,[R6, #+4]
   \   00000136   0x.... 0x....      BL       BUTTON_SetBitmapEx
    363                  BUTTON_SetBitmapEx(buttonService.btnHandle, 0, &bmp_struct, BMP_PIC_X, BMP_PIC_Y);
   \   0000013A   0xF99A 0x0000      LDRSB    R0,[R10, #+0]
   \   0000013E   0x9000             STR      R0,[SP, #+0]
   \   00000140   0xF999 0x3000      LDRSB    R3,[R9, #+0]
   \   00000144   0x4642             MOV      R2,R8
   \   00000146   0x2100             MOVS     R1,#+0
   \   00000148   0xF9B7 0x0000      LDRSH    R0,[R7, #+0]
   \   0000014C   0x.... 0x....      BL       BUTTON_SetBitmapEx
    364                  BUTTON_SetBitmapEx(buttonInfo.btnHandle, 0, &bmp_struct, BMP_PIC_X, BMP_PIC_Y);
   \   00000150   0xF99A 0x0000      LDRSB    R0,[R10, #+0]
   \   00000154   0x9000             STR      R0,[SP, #+0]
   \   00000156   0xF999 0x3000      LDRSB    R3,[R9, #+0]
   \   0000015A   0x4642             MOV      R2,R8
   \   0000015C   0x2100             MOVS     R1,#+0
   \   0000015E   0xF9B7 0x0018      LDRSH    R0,[R7, #+24]
   \   00000162   0x.... 0x....      BL       BUTTON_SetBitmapEx
    365          	    BUTTON_SetBitmapEx(buttonRet.btnHandle, 0, &bmp_struct,BMP_PIC_X, BMP_PIC_Y);  
   \   00000166   0xF99A 0x0000      LDRSB    R0,[R10, #+0]
   \   0000016A   0x9000             STR      R0,[SP, #+0]
   \   0000016C   0xF999 0x3000      LDRSB    R3,[R9, #+0]
   \   00000170   0x4642             MOV      R2,R8
   \   00000172   0x2100             MOVS     R1,#+0
   \   00000174   0xF9B6 0x001C      LDRSH    R0,[R6, #+28]
   \   00000178   0x.... 0x....      BL       BUTTON_SetBitmapEx
    366                  
    367                  BUTTON_SetBkColor(buttonLanguage.btnHandle, BUTTON_CI_PRESSED, gCfgItems.btn_color);
   \   0000017C   0x686A             LDR      R2,[R5, #+4]
   \   0000017E   0x2101             MOVS     R1,#+1
   \   00000180   0xF9B6 0x0004      LDRSH    R0,[R6, #+4]
   \   00000184   0x.... 0x....      BL       BUTTON_SetBkColor
    368                  BUTTON_SetBkColor(buttonLanguage.btnHandle, BUTTON_CI_UNPRESSED, gCfgItems.btn_color);
   \   00000188   0x686A             LDR      R2,[R5, #+4]
   \   0000018A   0x2100             MOVS     R1,#+0
   \   0000018C   0xF9B6 0x0004      LDRSH    R0,[R6, #+4]
   \   00000190   0x.... 0x....      BL       BUTTON_SetBkColor
    369                  BUTTON_SetBkColor(buttonService.btnHandle, BUTTON_CI_PRESSED, gCfgItems.btn_color);
   \   00000194   0x686A             LDR      R2,[R5, #+4]
   \   00000196   0x2101             MOVS     R1,#+1
   \   00000198   0xF9B7 0x0000      LDRSH    R0,[R7, #+0]
   \   0000019C   0x.... 0x....      BL       BUTTON_SetBkColor
    370                  BUTTON_SetBkColor(buttonService.btnHandle, BUTTON_CI_UNPRESSED, gCfgItems.btn_color);
   \   000001A0   0x686A             LDR      R2,[R5, #+4]
   \   000001A2   0x2100             MOVS     R1,#+0
   \   000001A4   0xF9B7 0x0000      LDRSH    R0,[R7, #+0]
   \   000001A8   0x.... 0x....      BL       BUTTON_SetBkColor
    371                  BUTTON_SetBkColor(buttonInfo.btnHandle, BUTTON_CI_PRESSED, gCfgItems.btn_color);
   \   000001AC   0x686A             LDR      R2,[R5, #+4]
   \   000001AE   0x2101             MOVS     R1,#+1
   \   000001B0   0xF9B7 0x0018      LDRSH    R0,[R7, #+24]
   \   000001B4   0x.... 0x....      BL       BUTTON_SetBkColor
    372                  BUTTON_SetBkColor(buttonInfo.btnHandle, BUTTON_CI_UNPRESSED, gCfgItems.btn_color);        
   \   000001B8   0x686A             LDR      R2,[R5, #+4]
   \   000001BA   0x2100             MOVS     R1,#+0
   \   000001BC   0xF9B7 0x0018      LDRSH    R0,[R7, #+24]
   \   000001C0   0x.... 0x....      BL       BUTTON_SetBkColor
    373                  BUTTON_SetBkColor(buttonRet.btnHandle, BUTTON_CI_PRESSED, gCfgItems.btn_color);
   \   000001C4   0x686A             LDR      R2,[R5, #+4]
   \   000001C6   0x2101             MOVS     R1,#+1
   \   000001C8   0xF9B6 0x001C      LDRSH    R0,[R6, #+28]
   \   000001CC   0x.... 0x....      BL       BUTTON_SetBkColor
    374                  BUTTON_SetBkColor(buttonRet.btnHandle, BUTTON_CI_UNPRESSED, gCfgItems.btn_color);
   \   000001D0   0x686A             LDR      R2,[R5, #+4]
   \   000001D2   0x2100             MOVS     R1,#+0
   \   000001D4   0xF9B6 0x001C      LDRSH    R0,[R6, #+28]
   \   000001D8   0x.... 0x....      BL       BUTTON_SetBkColor
    375          
    376              	BUTTON_SetTextColor(buttonLanguage.btnHandle, BUTTON_CI_PRESSED, gCfgItems.btn_textcolor);
   \   000001DC   0x68EA             LDR      R2,[R5, #+12]
   \   000001DE   0x2101             MOVS     R1,#+1
   \   000001E0   0xF9B6 0x0004      LDRSH    R0,[R6, #+4]
   \   000001E4   0x.... 0x....      BL       BUTTON_SetTextColor
    377              	BUTTON_SetTextColor(buttonLanguage.btnHandle, BUTTON_CI_UNPRESSED, gCfgItems.btn_textcolor);
   \   000001E8   0x68EA             LDR      R2,[R5, #+12]
   \   000001EA   0x2100             MOVS     R1,#+0
   \   000001EC   0xF9B6 0x0004      LDRSH    R0,[R6, #+4]
   \   000001F0   0x.... 0x....      BL       BUTTON_SetTextColor
    378              	BUTTON_SetTextColor(buttonService.btnHandle, BUTTON_CI_PRESSED, gCfgItems.btn_textcolor);
   \   000001F4   0x68EA             LDR      R2,[R5, #+12]
   \   000001F6   0x2101             MOVS     R1,#+1
   \   000001F8   0xF9B7 0x0000      LDRSH    R0,[R7, #+0]
   \   000001FC   0x.... 0x....      BL       BUTTON_SetTextColor
    379              	BUTTON_SetTextColor(buttonService.btnHandle, BUTTON_CI_UNPRESSED, gCfgItems.btn_textcolor);
   \   00000200   0x68EA             LDR      R2,[R5, #+12]
   \   00000202   0x2100             MOVS     R1,#+0
   \   00000204   0xF9B7 0x0000      LDRSH    R0,[R7, #+0]
   \   00000208   0x.... 0x....      BL       BUTTON_SetTextColor
    380              	BUTTON_SetTextColor(buttonInfo.btnHandle, BUTTON_CI_PRESSED, gCfgItems.btn_textcolor);
   \   0000020C   0x68EA             LDR      R2,[R5, #+12]
   \   0000020E   0x2101             MOVS     R1,#+1
   \   00000210   0xF9B7 0x0018      LDRSH    R0,[R7, #+24]
   \   00000214   0x.... 0x....      BL       BUTTON_SetTextColor
    381              	BUTTON_SetTextColor(buttonInfo.btnHandle, BUTTON_CI_UNPRESSED, gCfgItems.btn_textcolor);
   \   00000218   0x68EA             LDR      R2,[R5, #+12]
   \   0000021A   0x2100             MOVS     R1,#+0
   \   0000021C   0xF9B7 0x0018      LDRSH    R0,[R7, #+24]
   \   00000220   0x.... 0x....      BL       BUTTON_SetTextColor
    382              	BUTTON_SetTextColor(buttonRet.btnHandle, BUTTON_CI_PRESSED, gCfgItems.btn_textcolor);
   \   00000224   0x68EA             LDR      R2,[R5, #+12]
   \   00000226   0x2101             MOVS     R1,#+1
   \   00000228   0xF9B6 0x001C      LDRSH    R0,[R6, #+28]
   \   0000022C   0x.... 0x....      BL       BUTTON_SetTextColor
    383              	BUTTON_SetTextColor(buttonRet.btnHandle, BUTTON_CI_UNPRESSED, gCfgItems.btn_textcolor);    
   \   00000230   0x68EA             LDR      R2,[R5, #+12]
   \   00000232   0x2100             MOVS     R1,#+0
   \   00000234   0xF9B6 0x001C      LDRSH    R0,[R6, #+28]
   \   00000238   0x.... 0x....      BL       BUTTON_SetTextColor
    384          
    385                  BUTTON_SetTextAlign(buttonLanguage.btnHandle, GUI_TA_BOTTOM | GUI_TA_HCENTER);
   \   0000023C   0x2106             MOVS     R1,#+6
   \   0000023E   0xF9B6 0x0004      LDRSH    R0,[R6, #+4]
   \   00000242   0x.... 0x....      BL       BUTTON_SetTextAlign
    386                  BUTTON_SetTextAlign(buttonService.btnHandle, GUI_TA_BOTTOM | GUI_TA_HCENTER);
   \   00000246   0x2106             MOVS     R1,#+6
   \   00000248   0xF9B7 0x0000      LDRSH    R0,[R7, #+0]
   \   0000024C   0x.... 0x....      BL       BUTTON_SetTextAlign
    387                  BUTTON_SetTextAlign(buttonInfo.btnHandle, GUI_TA_BOTTOM | GUI_TA_HCENTER);
   \   00000250   0x2106             MOVS     R1,#+6
   \   00000252   0xF9B7 0x0018      LDRSH    R0,[R7, #+24]
   \   00000256   0x.... 0x....      BL       BUTTON_SetTextAlign
    388                  BUTTON_SetTextAlign(buttonRet.btnHandle, GUI_TA_BOTTOM | GUI_TA_HCENTER);
   \   0000025A   0x2106             MOVS     R1,#+6
   \   0000025C   0xF9B6 0x001C      LDRSH    R0,[R6, #+28]
   \   00000260   0x.... 0x....      BL       BUTTON_SetTextAlign
    389          
    390              	if(gCfgItems.multiple_language != 0)
   \   00000264   0xF894 0x019B      LDRB     R0,[R4, #+411]
   \   00000268   0x2800             CMP      R0,#+0
   \   0000026A   0xD018             BEQ.N    ??draw_Set_1
    391              	{
    392              		BUTTON_SetText(buttonLanguage.btnHandle, set_menu.language);
   \   0000026C   0x....             LDR.N    R4,??DataTable6_10
   \   0000026E   0x6A61             LDR      R1,[R4, #+36]
   \   00000270   0xF9B6 0x0004      LDRSH    R0,[R6, #+4]
   \   00000274   0x.... 0x....      BL       BUTTON_SetText
    393              		BUTTON_SetText(buttonService.btnHandle, set_menu.service);
   \   00000278   0x6AA1             LDR      R1,[R4, #+40]
   \   0000027A   0xF9B7 0x0000      LDRSH    R0,[R7, #+0]
   \   0000027E   0x.... 0x....      BL       BUTTON_SetText
    394              		BUTTON_SetText(buttonInfo.btnHandle, set_menu.info);            
   \   00000282   0x6AE1             LDR      R1,[R4, #+44]
   \   00000284   0xF9B7 0x0018      LDRSH    R0,[R7, #+24]
   \   00000288   0x.... 0x....      BL       BUTTON_SetText
    395              		BUTTON_SetText(buttonRet.btnHandle, common_menu.text_back);
   \   0000028C   0x....             LDR.N    R0,??DataTable6_11
   \   0000028E   0x6801             LDR      R1,[R0, #+0]
   \   00000290   0xF9B6 0x001C      LDRSH    R0,[R6, #+28]
   \   00000294   0xB004             ADD      SP,SP,#+16
   \   00000296   0xE8BD 0x47F0      POP      {R4-R10,LR}
   \   0000029A   0x.... 0x....      B.W      BUTTON_SetText
    396              	} 
    397              	
    398          #else
    399              BUTTON_SetBmpFileName(buttonLanguage.btnHandle, NULL,1);
    400              BUTTON_SetBmpFileName(buttonService.btnHandle,NULL,1);
    401              BUTTON_SetBmpFileName(buttonInfo.btnHandle, NULL,1);
    402              BUTTON_SetBmpFileName(buttonRet.btnHandle, NULL,1);
    403              
    404              BUTTON_SetBkColor(buttonLanguage.btnHandle, BUTTON_CI_PRESSED, gCfgItems.btn_color);
    405              BUTTON_SetBkColor(buttonLanguage.btnHandle, BUTTON_CI_UNPRESSED, gCfgItems.btn_color);
    406              BUTTON_SetBkColor(buttonService.btnHandle, BUTTON_CI_PRESSED, gCfgItems.btn_color);
    407              BUTTON_SetBkColor(buttonService.btnHandle, BUTTON_CI_UNPRESSED, gCfgItems.btn_color);
    408              BUTTON_SetBkColor(buttonInfo.btnHandle, BUTTON_CI_PRESSED, gCfgItems.btn_color);
    409              BUTTON_SetBkColor(buttonInfo.btnHandle, BUTTON_CI_UNPRESSED, gCfgItems.btn_color);        
    410              BUTTON_SetBkColor(buttonRet.btnHandle, BUTTON_CI_PRESSED, gCfgItems.btn_color);
    411              BUTTON_SetBkColor(buttonRet.btnHandle, BUTTON_CI_UNPRESSED, gCfgItems.btn_color);
    412              
    413              BUTTON_SetTextColor(buttonLanguage.btnHandle, BUTTON_CI_PRESSED, gCfgItems.btn_textcolor);
    414              BUTTON_SetTextColor(buttonLanguage.btnHandle, BUTTON_CI_UNPRESSED, gCfgItems.btn_textcolor);
    415              BUTTON_SetTextColor(buttonService.btnHandle, BUTTON_CI_PRESSED, gCfgItems.btn_textcolor);
    416              BUTTON_SetTextColor(buttonService.btnHandle, BUTTON_CI_UNPRESSED, gCfgItems.btn_textcolor);
    417              BUTTON_SetTextColor(buttonInfo.btnHandle, BUTTON_CI_PRESSED, gCfgItems.btn_textcolor);
    418              BUTTON_SetTextColor(buttonInfo.btnHandle, BUTTON_CI_UNPRESSED, gCfgItems.btn_textcolor);                
    419              BUTTON_SetTextColor(buttonRet.btnHandle, BUTTON_CI_PRESSED, gCfgItems.btn_textcolor);
    420              BUTTON_SetTextColor(buttonRet.btnHandle, BUTTON_CI_UNPRESSED, gCfgItems.btn_textcolor); 
    421          
    422              if(gCfgItems.multiple_language != 0)
    423              {
    424          
    425                  BUTTON_SetText(buttonLanguage.btnHandle, set_menu.language);
    426                  BUTTON_SetText(buttonService.btnHandle, "SERVICE");
    427                  BUTTON_SetText(buttonInfo.btnHandle, "INFO");            
    428                  BUTTON_SetText(buttonRet.btnHandle, "RETURN");
    429              } 
    430          
    431          #endif
    432                  
    433          #endif	
    434          
    435          	//GUI_Exec();
    436          
    437          
    438          #endif	
    439          }
   \                     ??draw_Set_1: (+1)
   \   0000029E   0xE8BD 0x87FF      POP      {R0-R10,PC}      ;; return
    440          

   \                                 In section .text, align 2, keep-with-next
    441          void Clear_Set()
    442          {
   \                     Clear_Set: (+1)
   \   00000000   0xB510             PUSH     {R4,LR}
    443          	GUI_SetBkColor(gCfgItems.background_color);
   \   00000002   0x....             LDR.N    R0,??DataTable6_5
   \   00000004   0x6840             LDR      R0,[R0, #+4]
   \   00000006   0x.... 0x....      BL       GUI_SetBkColor
    444          	if(WM_IsWindow(hSetWnd))
   \   0000000A   0x....             LDR.N    R4,??DataTable6
   \   0000000C   0xF9B4 0x0000      LDRSH    R0,[R4, #+0]
   \   00000010   0x.... 0x....      BL       WM_IsWindow
   \   00000014   0x2800             CMP      R0,#+0
   \   00000016   0xD005             BEQ.N    ??Clear_Set_0
    445          	{
    446          		WM_DeleteWindow(hSetWnd);
   \   00000018   0xF9B4 0x0000      LDRSH    R0,[R4, #+0]
   \   0000001C   0xE8BD 0x4010      POP      {R4,LR}
   \   00000020   0x.... 0x....      B.W      WM_DeleteWindow
    447          		//GUI_Exec();
    448          	}
    449          	
    450          	//GUI_Clear();
    451          }
   \                     ??Clear_Set_0: (+1)
   \   00000024   0xBD10             POP      {R4,PC}          ;; return

   \                                 In section .text, align 4, keep-with-next
   \                     ??DataTable6:
   \   00000000   0x........         DC32     hSetWnd

   \                                 In section .text, align 4, keep-with-next
   \                     ??DataTable6_1:
   \   00000000   0x........         DC32     last_disp_state

   \                                 In section .text, align 4, keep-with-next
   \                     ??DataTable6_2:
   \   00000000   0x........         DC32     buttonService

   \                                 In section .text, align 4, keep-with-next
   \                     ??DataTable6_3:
   \   00000000   0x........         DC32     disp_state_stack

   \                                 In section .text, align 4, keep-with-next
   \                     ??DataTable6_4:
   \   00000000   0x........         DC32     disp_state

   \                                 In section .text, align 4, keep-with-next
   \                     ??DataTable6_5:
   \   00000000   0x........         DC32     gCfgItems

   \                                 In section .text, align 4, keep-with-next
   \                     ??DataTable6_6:
   \   00000000   0x........         DC32     _Z8cbSetWinP10WM_MESSAGE

   \                                 In section .text, align 4, keep-with-next
   \                     ??DataTable6_7:
   \   00000000   0x........         DC32     bmp_struct

   \                                 In section .text, align 4, keep-with-next
   \                     ??DataTable6_8:
   \   00000000   0x........         DC32     BMP_PIC_X

   \                                 In section .text, align 4, keep-with-next
   \                     ??DataTable6_9:
   \   00000000   0x........         DC32     BMP_PIC_Y

   \                                 In section .text, align 4, keep-with-next
   \                     ??DataTable6_10:
   \   00000000   0x........         DC32     set_menu

   \                                 In section .text, align 4, keep-with-next
   \                     ??DataTable6_11:
   \   00000000   0x........         DC32     common_menu

   \                                 In section .text, align 4, keep-with-next
   \                     `?<Constant "bmp_language.bin">`:
   \   00000000   0x62 0x6D          DC8 "bmp_language.bin"
   \              0x70 0x5F    
   \              0x6C 0x61    
   \              0x6E 0x67    
   \              0x75 0x61    
   \              0x67 0x65    
   \              0x2E 0x62    
   \              0x69 0x6E    
   \              0x00         
   \   00000011   0x00 0x00          DC8 0, 0, 0
   \              0x00         

   \                                 In section .text, align 4, keep-with-next
   \                     `?<Constant "bmp_service.bin">`:
   \   00000000   0x62 0x6D          DC8 "bmp_service.bin"
   \              0x70 0x5F    
   \              0x73 0x65    
   \              0x72 0x76    
   \              0x69 0x63    
   \              0x65 0x2E    
   \              0x62 0x69    
   \              0x6E 0x00    

   \                                 In section .text, align 4, keep-with-next
   \                     `?<Constant "bmp_info.bin">`:
   \   00000000   0x62 0x6D          DC8 "bmp_info.bin"
   \              0x70 0x5F    
   \              0x69 0x6E    
   \              0x66 0x6F    
   \              0x2E 0x62    
   \              0x69 0x6E    
   \              0x00         
   \   0000000D   0x00 0x00          DC8 0, 0, 0
   \              0x00         

   \                                 In section .text, align 4, keep-with-next
   \                     `?<Constant "bmp_return.bin">`:
   \   00000000   0x62 0x6D          DC8 "bmp_return.bin"
   \              0x70 0x5F    
   \              0x72 0x65    
   \              0x74 0x75    
   \              0x72 0x6E    
   \              0x2E 0x62    
   \              0x69 0x6E    
   \              0x00         
   \   0000000F   0x00               DC8 0
    452          
    453          

   Maximum stack usage in bytes:

   .cstack Function
   ------- --------
       8   Clear_Set
         8   -> GUI_SetBkColor
         0   -> WM_DeleteWindow
         8   -> WM_IsWindow
       8   cbSetWin(WM_MESSAGE *)
         8   -> Clear_Set
         0   -> WM_DefaultProc
         0   -> draw_Info
         0   -> draw_Language
         0   -> draw_Service
         0   -> draw_return_ui
      48   draw_Set
        48   -> BUTTON_CreateEx
        48   -> BUTTON_SetBitmapEx
        48   -> BUTTON_SetBkColor
        48   -> BUTTON_SetBmpFileName
         0   -> BUTTON_SetText
        48   -> BUTTON_SetText
        48   -> BUTTON_SetTextAlign
        48   -> BUTTON_SetTextColor
        48   -> GUI_Clear
        48   -> GUI_SetBkColor
        48   -> GUI_SetColor
        48   -> WM_CreateWindow


   Section sizes:

   Bytes  Function/Label
   -----  --------------
      16  ?<Constant "bmp_info.bin">
      20  ?<Constant "bmp_language.bin">
      16  ?<Constant "bmp_return.bin">
      16  ?<Constant "bmp_service.bin">
       4  ??DataTable6
       4  ??DataTable6_1
       4  ??DataTable6_10
       4  ??DataTable6_11
       4  ??DataTable6_2
       4  ??DataTable6_3
       4  ??DataTable6_4
       4  ??DataTable6_5
       4  ??DataTable6_6
       4  ??DataTable6_7
       4  ??DataTable6_8
       4  ??DataTable6_9
      38  Clear_Set
      48  buttonService
          buttonInfo
     150  cbSetWin(WM_MESSAGE *)
     674  draw_Set
      52  hSetWnd
          buttonLanguage
          buttonRet

 
 100 bytes in section .bss
 978 bytes in section .text
 
 978 bytes of CODE memory
 100 bytes of DATA memory

Errors: none
Warnings: 56
