###############################################################################
#
# IAR ANSI C/C++ Compiler V7.10.1.6676/W32 for ARM        18/Jul/2019  10:57:47
# Copyright 1999-2014 IAR Systems AB.
#
#    Cpu mode     =  thumb
#    Endian       =  little
#    Source file  =  
#        E:\DLP_Proj\DLP_source\branches\DLP_opensource\Middlewares\gui\GUI\Widget\DROPDOWN_DeleteItem.c
#    Command line =  
#        E:\DLP_Proj\DLP_source\branches\DLP_opensource\Middlewares\gui\GUI\Widget\DROPDOWN_DeleteItem.c
#        -D USE_HAL_DRIVER -D STM32F407xx -D STM32F40_41xxx -D USE_HAL_LIB -D
#        MKS_DLP_BOARD -D TFT35 -lC
#        E:\DLP_Proj\DLP_source\branches\DLP_opensource\EWARM\mksDLP/List\ -lA
#        E:\DLP_Proj\DLP_source\branches\DLP_opensource\EWARM\mksDLP/List\
#        --diag_suppress Pa050 -o
#        E:\DLP_Proj\DLP_source\branches\DLP_opensource\EWARM\mksDLP/Obj\
#        --no_unroll --no_inline --no_tbaa --no_scheduling --debug
#        --endian=little --cpu=Cortex-M4F -e --char_is_signed --fpu=VFPv4_sp
#        --dlib_config "C:\Program Files (x86)\IAR Systems\Embedded Workbench
#        7.0\arm\INC\c\DLib_Config_Full.h" -I
#        E:\DLP_Proj\DLP_source\branches\DLP_opensource\EWARM/../Inc\ -I
#        E:\DLP_Proj\DLP_source\branches\DLP_opensource\EWARM/../Src\ -I
#        E:\DLP_Proj\DLP_source\branches\DLP_opensource\EWARM/../Drivers/STM32F4xx_HAL_Driver/Inc\
#        -I
#        E:\DLP_Proj\DLP_source\branches\DLP_opensource\EWARM/../Drivers/STM32F4xx_HAL_Driver/Inc/Legacy\
#        -I
#        E:\DLP_Proj\DLP_source\branches\DLP_opensource\EWARM/../Middlewares/Third_Party/FatFs/src/drivers\
#        -I
#        E:\DLP_Proj\DLP_source\branches\DLP_opensource\EWARM/../Middlewares/ST/STM32_USB_Host_Library/Core/Inc\
#        -I
#        E:\DLP_Proj\DLP_source\branches\DLP_opensource\EWARM/../Middlewares/ST/STM32_USB_Host_Library/Class/MSC/Inc\
#        -I
#        E:\DLP_Proj\DLP_source\branches\DLP_opensource\EWARM/../Drivers/CMSIS/Device/ST/STM32F4xx/Include\
#        -I
#        E:\DLP_Proj\DLP_source\branches\DLP_opensource\EWARM/../Middlewares/Third_Party/FatFs/src\
#        -I
#        E:\DLP_Proj\DLP_source\branches\DLP_opensource\EWARM/../Middlewares/Third_Party/Marlin\
#        -I
#        E:\DLP_Proj\DLP_source\branches\DLP_opensource\EWARM/../Drivers/CMSIS/Include\
#        -I
#        E:\DLP_Proj\DLP_source\branches\DLP_opensource\EWARM/../Drivers/BSP/variant\
#        -I
#        E:\DLP_Proj\DLP_source\branches\DLP_opensource\EWARM/../Drivers/BSP/Components/at24cxx\
#        -I
#        E:\DLP_Proj\DLP_source\branches\DLP_opensource\EWARM/../Drivers/BSP/Components/w25qxx\
#        -I
#        E:\DLP_Proj\DLP_source\branches\DLP_opensource\EWARM/../Drivers/BSP/Components/ssd2828\
#        -I
#        E:\DLP_Proj\DLP_source\branches\DLP_opensource\EWARM/../Drivers/BSP/Components/lcd\
#        -I
#        E:\DLP_Proj\DLP_source\branches\DLP_opensource\EWARM/../Drivers/libstmf4\
#        -I
#        E:\DLP_Proj\DLP_source\branches\DLP_opensource\EWARM/../Drivers/libstmf4/include\
#        -I
#        E:\DLP_Proj\DLP_source\branches\DLP_opensource\EWARM/../Middlewares/arduino/stm32/cores/arduino\
#        -I
#        E:\DLP_Proj\DLP_source\branches\DLP_opensource\EWARM/../Middlewares/gui\
#        -I
#        E:\DLP_Proj\DLP_source\branches\DLP_opensource\EWARM/../Middlewares/gui/GUI/ConvertColor\
#        -I
#        E:\DLP_Proj\DLP_source\branches\DLP_opensource\EWARM/../Middlewares/gui/GUI/ConvertMono\
#        -I
#        E:\DLP_Proj\DLP_source\branches\DLP_opensource\EWARM/../Middlewares/gui/GUI/Core\
#        -I
#        E:\DLP_Proj\DLP_source\branches\DLP_opensource\EWARM/../Middlewares/gui/GUI/Font\
#        -I
#        E:\DLP_Proj\DLP_source\branches\DLP_opensource\EWARM/../Middlewares/gui/AntiAlias\
#        -I
#        E:\DLP_Proj\DLP_source\branches\DLP_opensource\EWARM/../Middlewares/gui/GUI/GUIDemo\
#        -I
#        E:\DLP_Proj\DLP_source\branches\DLP_opensource\EWARM/../Middlewares/gui/GUI/LCDDriver\
#        -I
#        E:\DLP_Proj\DLP_source\branches\DLP_opensource\EWARM/../Middlewares/gui/GUI/MemDev\
#        -I
#        E:\DLP_Proj\DLP_source\branches\DLP_opensource\EWARM/../Middlewares/gui/GUI/MultiLayer\
#        -I
#        E:\DLP_Proj\DLP_source\branches\DLP_opensource\EWARM/../Middlewares/gui/GUI/Widget\
#        -I
#        E:\DLP_Proj\DLP_source\branches\DLP_opensource\EWARM/../Middlewares/gui/GUI/WM\
#        -I
#        E:\DLP_Proj\DLP_source\branches\DLP_opensource\EWARM/../Middlewares/gui/GUI_X\
#        -I
#        E:\DLP_Proj\DLP_source\branches\DLP_opensource\EWARM/../Middlewares/gui/Config\
#        -I E:\DLP_Proj\DLP_source\branches\DLP_opensource\EWARM/../User/ui\ -I
#        E:\DLP_Proj\DLP_source\branches\DLP_opensource\EWARM/../User/ui/Multi_language\
#        -I
#        E:\DLP_Proj\DLP_source\branches\DLP_opensource\EWARM/../User/ui/QRENCODE\
#        -Om --use_c++_inline -I "C:\Program Files (x86)\IAR Systems\Embedded
#        Workbench 7.0\arm\CMSIS\Include\"
#    List file    =  
#        E:\DLP_Proj\DLP_source\branches\DLP_opensource\EWARM\mksDLP/List\DROPDOWN_DeleteItem.lst
#    Object file  =  
#        E:\DLP_Proj\DLP_source\branches\DLP_opensource\EWARM\mksDLP/Obj\DROPDOWN_DeleteItem.o
#
###############################################################################

E:\DLP_Proj\DLP_source\branches\DLP_opensource\Middlewares\gui\GUI\Widget\DROPDOWN_DeleteItem.c
      1          /*
      2          *********************************************************************************************************
      3          *                                                uC/GUI
      4          *                        Universal graphic software for embedded applications
      5          *
      6          *                       (c) Copyright 2002, Micrium Inc., Weston, FL
      7          *                       (c) Copyright 2002, SEGGER Microcontroller Systeme GmbH
      8          *
      9          *              µC/GUI is protected by international copyright laws. Knowledge of the
     10          *              source code may not be used to write a similar product. This file may
     11          *              only be used in accordance with a license and should not be redistributed
     12          *              in any way. We appreciate your understanding and fairness.
     13          *
     14          ----------------------------------------------------------------------
     15          File        : DROPDOWN_DeleteItem.c
     16          Purpose     : Implementation of dropdown widget
     17          ---------------------------END-OF-HEADER------------------------------
     18          */
     19          
     20          #include "DROPDOWN_Private.h"
     21          #include "LISTBOX.h"
     22          
     23          #if GUI_WINSUPPORT
     24          
     25          /*********************************************************************
     26          *
     27          *       Public routines
     28          *
     29          **********************************************************************
     30          */
     31          
     32          /*********************************************************************
     33          *
     34          *       DROPDOWN_DeleteItem
     35          */

   \                                 In section .text, align 2, keep-with-next
     36          void DROPDOWN_DeleteItem(DROPDOWN_Handle hObj, unsigned int Index) {
   \                     DROPDOWN_DeleteItem: (+1)
   \   00000000   0xB570             PUSH     {R4-R6,LR}
   \   00000002   0x4604             MOV      R4,R0
   \   00000004   0x460D             MOV      R5,R1
     37            if (hObj) {
   \   00000006   0x2C00             CMP      R4,#+0
   \   00000008   0xD018             BEQ.N    ??DROPDOWN_DeleteItem_0
     38              DROPDOWN_Obj * pObj;
     39              unsigned int NumItems;
     40              NumItems = DROPDOWN_GetNumItems(hObj);
   \   0000000A   0x.... 0x....      BL       DROPDOWN_GetNumItems
     41              if (Index < NumItems) {
   \   0000000E   0x4285             CMP      R5,R0
   \   00000010   0xD214             BCS.N    ??DROPDOWN_DeleteItem_0
     42                WM_LOCK();
     43                pObj = DROPDOWN_H2P(hObj);
   \   00000012   0x4620             MOV      R0,R4
   \   00000014   0x.... 0x....      BL       GUI_ALLOC_h2p
   \   00000018   0x4606             MOV      R6,R0
     44                GUI_ARRAY_DeleteItem(&pObj->Handles, Index);
   \   0000001A   0x4629             MOV      R1,R5
   \   0000001C   0xF106 0x002E      ADD      R0,R6,#+46
   \   00000020   0x.... 0x....      BL       GUI_ARRAY_DeleteItem
     45                WM_InvalidateWindow(hObj);
   \   00000024   0x4620             MOV      R0,R4
   \   00000026   0x.... 0x....      BL       WM_InvalidateWindow
     46                if (pObj->hListWin) {
   \   0000002A   0xF9B6 0x0060      LDRSH    R0,[R6, #+96]
   \   0000002E   0x2800             CMP      R0,#+0
   \   00000030   0xD004             BEQ.N    ??DROPDOWN_DeleteItem_0
     47                  LISTBOX_DeleteItem(pObj->hListWin, Index);
   \   00000032   0x4629             MOV      R1,R5
   \   00000034   0xE8BD 0x4070      POP      {R4-R6,LR}
   \   00000038   0x.... 0x....      B.W      LISTBOX_DeleteItem
     48                }
     49                WM_UNLOCK();
     50              }
     51            }
     52          }
   \                     ??DROPDOWN_DeleteItem_0: (+1)
   \   0000003C   0xBD70             POP      {R4-R6,PC}       ;; return
     53          
     54          #else                            /* Avoid problems with empty object modules */
     55            void DROPDOWN_DeleteItem_C(void);
     56            void DROPDOWN_DeleteItem_C(void) {}
     57          #endif

   Maximum stack usage in bytes:

   .cstack Function
   ------- --------
      16   DROPDOWN_DeleteItem
        16   -> DROPDOWN_GetNumItems
        16   -> GUI_ALLOC_h2p
        16   -> GUI_ARRAY_DeleteItem
         0   -> LISTBOX_DeleteItem
        16   -> WM_InvalidateWindow


   Section sizes:

   Bytes  Function/Label
   -----  --------------
      62  DROPDOWN_DeleteItem

 
 62 bytes in section .text
 
 62 bytes of CODE memory

Errors: none
Warnings: none
