###############################################################################
#
# IAR ANSI C/C++ Compiler V7.10.1.6676/W32 for ARM        18/Jul/2019  10:57:49
# Copyright 1999-2014 IAR Systems AB.
#
#    Cpu mode     =  thumb
#    Endian       =  little
#    Source file  =  
#        E:\DLP_Proj\DLP_source\branches\DLP_opensource\Middlewares\gui\GUI\Widget\EDIT_SetSel.c
#    Command line =  
#        E:\DLP_Proj\DLP_source\branches\DLP_opensource\Middlewares\gui\GUI\Widget\EDIT_SetSel.c
#        -D USE_HAL_DRIVER -D STM32F407xx -D STM32F40_41xxx -D USE_HAL_LIB -D
#        MKS_DLP_BOARD -D TFT35 -lC
#        E:\DLP_Proj\DLP_source\branches\DLP_opensource\EWARM\mksDLP/List\ -lA
#        E:\DLP_Proj\DLP_source\branches\DLP_opensource\EWARM\mksDLP/List\
#        --diag_suppress Pa050 -o
#        E:\DLP_Proj\DLP_source\branches\DLP_opensource\EWARM\mksDLP/Obj\
#        --no_unroll --no_inline --no_tbaa --no_scheduling --debug
#        --endian=little --cpu=Cortex-M4F -e --char_is_signed --fpu=VFPv4_sp
#        --dlib_config "C:\Program Files (x86)\IAR Systems\Embedded Workbench
#        7.0\arm\INC\c\DLib_Config_Full.h" -I
#        E:\DLP_Proj\DLP_source\branches\DLP_opensource\EWARM/../Inc\ -I
#        E:\DLP_Proj\DLP_source\branches\DLP_opensource\EWARM/../Src\ -I
#        E:\DLP_Proj\DLP_source\branches\DLP_opensource\EWARM/../Drivers/STM32F4xx_HAL_Driver/Inc\
#        -I
#        E:\DLP_Proj\DLP_source\branches\DLP_opensource\EWARM/../Drivers/STM32F4xx_HAL_Driver/Inc/Legacy\
#        -I
#        E:\DLP_Proj\DLP_source\branches\DLP_opensource\EWARM/../Middlewares/Third_Party/FatFs/src/drivers\
#        -I
#        E:\DLP_Proj\DLP_source\branches\DLP_opensource\EWARM/../Middlewares/ST/STM32_USB_Host_Library/Core/Inc\
#        -I
#        E:\DLP_Proj\DLP_source\branches\DLP_opensource\EWARM/../Middlewares/ST/STM32_USB_Host_Library/Class/MSC/Inc\
#        -I
#        E:\DLP_Proj\DLP_source\branches\DLP_opensource\EWARM/../Drivers/CMSIS/Device/ST/STM32F4xx/Include\
#        -I
#        E:\DLP_Proj\DLP_source\branches\DLP_opensource\EWARM/../Middlewares/Third_Party/FatFs/src\
#        -I
#        E:\DLP_Proj\DLP_source\branches\DLP_opensource\EWARM/../Middlewares/Third_Party/Marlin\
#        -I
#        E:\DLP_Proj\DLP_source\branches\DLP_opensource\EWARM/../Drivers/CMSIS/Include\
#        -I
#        E:\DLP_Proj\DLP_source\branches\DLP_opensource\EWARM/../Drivers/BSP/variant\
#        -I
#        E:\DLP_Proj\DLP_source\branches\DLP_opensource\EWARM/../Drivers/BSP/Components/at24cxx\
#        -I
#        E:\DLP_Proj\DLP_source\branches\DLP_opensource\EWARM/../Drivers/BSP/Components/w25qxx\
#        -I
#        E:\DLP_Proj\DLP_source\branches\DLP_opensource\EWARM/../Drivers/BSP/Components/ssd2828\
#        -I
#        E:\DLP_Proj\DLP_source\branches\DLP_opensource\EWARM/../Drivers/BSP/Components/lcd\
#        -I
#        E:\DLP_Proj\DLP_source\branches\DLP_opensource\EWARM/../Drivers/libstmf4\
#        -I
#        E:\DLP_Proj\DLP_source\branches\DLP_opensource\EWARM/../Drivers/libstmf4/include\
#        -I
#        E:\DLP_Proj\DLP_source\branches\DLP_opensource\EWARM/../Middlewares/arduino/stm32/cores/arduino\
#        -I
#        E:\DLP_Proj\DLP_source\branches\DLP_opensource\EWARM/../Middlewares/gui\
#        -I
#        E:\DLP_Proj\DLP_source\branches\DLP_opensource\EWARM/../Middlewares/gui/GUI/ConvertColor\
#        -I
#        E:\DLP_Proj\DLP_source\branches\DLP_opensource\EWARM/../Middlewares/gui/GUI/ConvertMono\
#        -I
#        E:\DLP_Proj\DLP_source\branches\DLP_opensource\EWARM/../Middlewares/gui/GUI/Core\
#        -I
#        E:\DLP_Proj\DLP_source\branches\DLP_opensource\EWARM/../Middlewares/gui/GUI/Font\
#        -I
#        E:\DLP_Proj\DLP_source\branches\DLP_opensource\EWARM/../Middlewares/gui/AntiAlias\
#        -I
#        E:\DLP_Proj\DLP_source\branches\DLP_opensource\EWARM/../Middlewares/gui/GUI/GUIDemo\
#        -I
#        E:\DLP_Proj\DLP_source\branches\DLP_opensource\EWARM/../Middlewares/gui/GUI/LCDDriver\
#        -I
#        E:\DLP_Proj\DLP_source\branches\DLP_opensource\EWARM/../Middlewares/gui/GUI/MemDev\
#        -I
#        E:\DLP_Proj\DLP_source\branches\DLP_opensource\EWARM/../Middlewares/gui/GUI/MultiLayer\
#        -I
#        E:\DLP_Proj\DLP_source\branches\DLP_opensource\EWARM/../Middlewares/gui/GUI/Widget\
#        -I
#        E:\DLP_Proj\DLP_source\branches\DLP_opensource\EWARM/../Middlewares/gui/GUI/WM\
#        -I
#        E:\DLP_Proj\DLP_source\branches\DLP_opensource\EWARM/../Middlewares/gui/GUI_X\
#        -I
#        E:\DLP_Proj\DLP_source\branches\DLP_opensource\EWARM/../Middlewares/gui/Config\
#        -I E:\DLP_Proj\DLP_source\branches\DLP_opensource\EWARM/../User/ui\ -I
#        E:\DLP_Proj\DLP_source\branches\DLP_opensource\EWARM/../User/ui/Multi_language\
#        -I
#        E:\DLP_Proj\DLP_source\branches\DLP_opensource\EWARM/../User/ui/QRENCODE\
#        -Om --use_c++_inline -I "C:\Program Files (x86)\IAR Systems\Embedded
#        Workbench 7.0\arm\CMSIS\Include\"
#    List file    =  
#        E:\DLP_Proj\DLP_source\branches\DLP_opensource\EWARM\mksDLP/List\EDIT_SetSel.lst
#    Object file  =  
#        E:\DLP_Proj\DLP_source\branches\DLP_opensource\EWARM\mksDLP/Obj\EDIT_SetSel.o
#
###############################################################################

E:\DLP_Proj\DLP_source\branches\DLP_opensource\Middlewares\gui\GUI\Widget\EDIT_SetSel.c
      1          /*
      2          *********************************************************************************************************
      3          *                                                uC/GUI
      4          *                        Universal graphic software for embedded applications
      5          *
      6          *                       (c) Copyright 2002, Micrium Inc., Weston, FL
      7          *                       (c) Copyright 2002, SEGGER Microcontroller Systeme GmbH
      8          *
      9          *              µC/GUI is protected by international copyright laws. Knowledge of the
     10          *              source code may not be used to write a similar product. This file may
     11          *              only be used in accordance with a license and should not be redistributed
     12          *              in any way. We appreciate your understanding and fairness.
     13          *
     14          ----------------------------------------------------------------------
     15          File        : EDIT_SetSel.c
     16          Purpose     : Implementation of edit widget
     17          ---------------------------END-OF-HEADER------------------------------
     18          */
     19          
     20          #include "EDIT.h"
     21          #include "EDIT_Private.h"
     22          
     23          #if GUI_WINSUPPORT
     24          
     25          /*********************************************************************
     26          *
     27          *             Exported routines
     28          *
     29          **********************************************************************
     30          */
     31          /*********************************************************************
     32          *
     33          *       EDIT_SetSel
     34          */

   \                                 In section .text, align 2, keep-with-next
     35          void EDIT_SetSel(EDIT_Handle hObj, int FirstChar, int LastChar) {
   \                     EDIT_SetSel: (+1)
   \   00000000   0xB5F8             PUSH     {R3-R7,LR}
   \   00000002   0x4605             MOV      R5,R0
   \   00000004   0x460E             MOV      R6,R1
   \   00000006   0x4617             MOV      R7,R2
     36            if (hObj) {
   \   00000008   0x2D00             CMP      R5,#+0
   \   0000000A   0xD01D             BEQ.N    ??EDIT_SetSel_0
     37              EDIT_Obj* pObj;
     38              WM_LOCK();
     39              pObj = EDIT_H2P(hObj);
   \   0000000C   0x.... 0x....      BL       GUI_ALLOC_h2p
   \   00000010   0x4604             MOV      R4,R0
     40              if (FirstChar == -1) {
   \   00000012   0xF116 0x0F01      CMN      R6,#+1
   \   00000016   0xD102             BNE.N    ??EDIT_SetSel_1
     41                pObj->SelSize = 0;
   \   00000018   0x2000             MOVS     R0,#+0
   \   0000001A   0x6460             STR      R0,[R4, #+68]
   \   0000001C   0xBDF1             POP      {R0,R4-R7,PC}
     42              } else {
     43                if (FirstChar > (pObj->BufferSize - 1)) {
   \                     ??EDIT_SetSel_1: (+1)
   \   0000001E   0x8DA0             LDRH     R0,[R4, #+44]
   \   00000020   0x1E40             SUBS     R0,R0,#+1
   \   00000022   0x42B0             CMP      R0,R6
   \   00000024   0xDA00             BGE.N    ??EDIT_SetSel_2
     44                  FirstChar = pObj->BufferSize - 1;
   \   00000026   0x4606             MOV      R6,R0
     45                }
     46                if (LastChar > (pObj->BufferSize - 1)) {
   \                     ??EDIT_SetSel_2: (+1)
   \   00000028   0x42B8             CMP      R0,R7
   \   0000002A   0xDA00             BGE.N    ??EDIT_SetSel_3
     47                  LastChar = pObj->BufferSize - 1;
   \   0000002C   0x4607             MOV      R7,R0
     48                }
     49                if (LastChar == -1) {
   \                     ??EDIT_SetSel_3: (+1)
   \   0000002E   0xF117 0x0F01      CMN      R7,#+1
   \   00000032   0xD103             BNE.N    ??EDIT_SetSel_4
     50                  LastChar = EDIT_GetNumChars(hObj);
   \   00000034   0x4628             MOV      R0,R5
   \   00000036   0x.... 0x....      BL       EDIT_GetNumChars
   \   0000003A   0x4607             MOV      R7,R0
     51                }
     52                if (LastChar >= FirstChar) {
   \                     ??EDIT_SetSel_4: (+1)
   \   0000003C   0x42B7             CMP      R7,R6
   \   0000003E   0xDB03             BLT.N    ??EDIT_SetSel_0
     53                  pObj->CursorPos = FirstChar;
   \   00000040   0x6426             STR      R6,[R4, #+64]
     54                  pObj->SelSize   = LastChar - FirstChar + 1;
   \   00000042   0x1BB8             SUBS     R0,R7,R6
   \   00000044   0x1C40             ADDS     R0,R0,#+1
   \   00000046   0x6460             STR      R0,[R4, #+68]
     55                }
     56              }
     57              WM_UNLOCK();
     58            }
     59          }
   \                     ??EDIT_SetSel_0: (+1)
   \   00000048   0xBDF1             POP      {R0,R4-R7,PC}    ;; return
     60          
     61          #else  /* avoid empty object files */
     62          
     63          void EDIT_SetSel_C(void);
     64          void EDIT_SetSel_C(void) {}
     65          
     66          #endif /* GUI_WINSUPPORT */
     67          
     68          

   Maximum stack usage in bytes:

   .cstack Function
   ------- --------
      24   EDIT_SetSel
        24   -> EDIT_GetNumChars
        24   -> GUI_ALLOC_h2p


   Section sizes:

   Bytes  Function/Label
   -----  --------------
      74  EDIT_SetSel

 
 74 bytes in section .text
 
 74 bytes of CODE memory

Errors: none
Warnings: none
