###############################################################################
#
# IAR ANSI C/C++ Compiler V7.10.1.6676/W32 for ARM        18/Jul/2019  10:57:52
# Copyright 1999-2014 IAR Systems AB.
#
#    Cpu mode     =  thumb
#    Endian       =  little
#    Source file  =  
#        E:\DLP_Proj\DLP_source\branches\DLP_opensource\Middlewares\gui\GUI\Font\F16_1HK.c
#    Command line =  
#        E:\DLP_Proj\DLP_source\branches\DLP_opensource\Middlewares\gui\GUI\Font\F16_1HK.c
#        -D USE_HAL_DRIVER -D STM32F407xx -D STM32F40_41xxx -D USE_HAL_LIB -D
#        MKS_DLP_BOARD -D TFT35 -lC
#        E:\DLP_Proj\DLP_source\branches\DLP_opensource\EWARM\mksDLP/List\ -lA
#        E:\DLP_Proj\DLP_source\branches\DLP_opensource\EWARM\mksDLP/List\
#        --diag_suppress Pa050 -o
#        E:\DLP_Proj\DLP_source\branches\DLP_opensource\EWARM\mksDLP/Obj\
#        --no_unroll --no_inline --no_tbaa --no_scheduling --debug
#        --endian=little --cpu=Cortex-M4F -e --char_is_signed --fpu=VFPv4_sp
#        --dlib_config "C:\Program Files (x86)\IAR Systems\Embedded Workbench
#        7.0\arm\INC\c\DLib_Config_Full.h" -I
#        E:\DLP_Proj\DLP_source\branches\DLP_opensource\EWARM/../Inc\ -I
#        E:\DLP_Proj\DLP_source\branches\DLP_opensource\EWARM/../Src\ -I
#        E:\DLP_Proj\DLP_source\branches\DLP_opensource\EWARM/../Drivers/STM32F4xx_HAL_Driver/Inc\
#        -I
#        E:\DLP_Proj\DLP_source\branches\DLP_opensource\EWARM/../Drivers/STM32F4xx_HAL_Driver/Inc/Legacy\
#        -I
#        E:\DLP_Proj\DLP_source\branches\DLP_opensource\EWARM/../Middlewares/Third_Party/FatFs/src/drivers\
#        -I
#        E:\DLP_Proj\DLP_source\branches\DLP_opensource\EWARM/../Middlewares/ST/STM32_USB_Host_Library/Core/Inc\
#        -I
#        E:\DLP_Proj\DLP_source\branches\DLP_opensource\EWARM/../Middlewares/ST/STM32_USB_Host_Library/Class/MSC/Inc\
#        -I
#        E:\DLP_Proj\DLP_source\branches\DLP_opensource\EWARM/../Drivers/CMSIS/Device/ST/STM32F4xx/Include\
#        -I
#        E:\DLP_Proj\DLP_source\branches\DLP_opensource\EWARM/../Middlewares/Third_Party/FatFs/src\
#        -I
#        E:\DLP_Proj\DLP_source\branches\DLP_opensource\EWARM/../Middlewares/Third_Party/Marlin\
#        -I
#        E:\DLP_Proj\DLP_source\branches\DLP_opensource\EWARM/../Drivers/CMSIS/Include\
#        -I
#        E:\DLP_Proj\DLP_source\branches\DLP_opensource\EWARM/../Drivers/BSP/variant\
#        -I
#        E:\DLP_Proj\DLP_source\branches\DLP_opensource\EWARM/../Drivers/BSP/Components/at24cxx\
#        -I
#        E:\DLP_Proj\DLP_source\branches\DLP_opensource\EWARM/../Drivers/BSP/Components/w25qxx\
#        -I
#        E:\DLP_Proj\DLP_source\branches\DLP_opensource\EWARM/../Drivers/BSP/Components/ssd2828\
#        -I
#        E:\DLP_Proj\DLP_source\branches\DLP_opensource\EWARM/../Drivers/BSP/Components/lcd\
#        -I
#        E:\DLP_Proj\DLP_source\branches\DLP_opensource\EWARM/../Drivers/libstmf4\
#        -I
#        E:\DLP_Proj\DLP_source\branches\DLP_opensource\EWARM/../Drivers/libstmf4/include\
#        -I
#        E:\DLP_Proj\DLP_source\branches\DLP_opensource\EWARM/../Middlewares/arduino/stm32/cores/arduino\
#        -I
#        E:\DLP_Proj\DLP_source\branches\DLP_opensource\EWARM/../Middlewares/gui\
#        -I
#        E:\DLP_Proj\DLP_source\branches\DLP_opensource\EWARM/../Middlewares/gui/GUI/ConvertColor\
#        -I
#        E:\DLP_Proj\DLP_source\branches\DLP_opensource\EWARM/../Middlewares/gui/GUI/ConvertMono\
#        -I
#        E:\DLP_Proj\DLP_source\branches\DLP_opensource\EWARM/../Middlewares/gui/GUI/Core\
#        -I
#        E:\DLP_Proj\DLP_source\branches\DLP_opensource\EWARM/../Middlewares/gui/GUI/Font\
#        -I
#        E:\DLP_Proj\DLP_source\branches\DLP_opensource\EWARM/../Middlewares/gui/AntiAlias\
#        -I
#        E:\DLP_Proj\DLP_source\branches\DLP_opensource\EWARM/../Middlewares/gui/GUI/GUIDemo\
#        -I
#        E:\DLP_Proj\DLP_source\branches\DLP_opensource\EWARM/../Middlewares/gui/GUI/LCDDriver\
#        -I
#        E:\DLP_Proj\DLP_source\branches\DLP_opensource\EWARM/../Middlewares/gui/GUI/MemDev\
#        -I
#        E:\DLP_Proj\DLP_source\branches\DLP_opensource\EWARM/../Middlewares/gui/GUI/MultiLayer\
#        -I
#        E:\DLP_Proj\DLP_source\branches\DLP_opensource\EWARM/../Middlewares/gui/GUI/Widget\
#        -I
#        E:\DLP_Proj\DLP_source\branches\DLP_opensource\EWARM/../Middlewares/gui/GUI/WM\
#        -I
#        E:\DLP_Proj\DLP_source\branches\DLP_opensource\EWARM/../Middlewares/gui/GUI_X\
#        -I
#        E:\DLP_Proj\DLP_source\branches\DLP_opensource\EWARM/../Middlewares/gui/Config\
#        -I E:\DLP_Proj\DLP_source\branches\DLP_opensource\EWARM/../User/ui\ -I
#        E:\DLP_Proj\DLP_source\branches\DLP_opensource\EWARM/../User/ui/Multi_language\
#        -I
#        E:\DLP_Proj\DLP_source\branches\DLP_opensource\EWARM/../User/ui/QRENCODE\
#        -Om --use_c++_inline -I "C:\Program Files (x86)\IAR Systems\Embedded
#        Workbench 7.0\arm\CMSIS\Include\"
#    List file    =  
#        E:\DLP_Proj\DLP_source\branches\DLP_opensource\EWARM\mksDLP/List\F16_1HK.lst
#    Object file  =  
#        E:\DLP_Proj\DLP_source\branches\DLP_opensource\EWARM\mksDLP/Obj\F16_1HK.o
#
###############################################################################

E:\DLP_Proj\DLP_source\branches\DLP_opensource\Middlewares\gui\GUI\Font\F16_1HK.c
      1          /*
      2          *********************************************************************************************************
      3          *                                                uC/GUI
      4          *                        Universal graphic software for embedded applications
      5          *
      6          *                       (c) Copyright 2002, Micrium Inc., Weston, FL
      7          *                       (c) Copyright 2002, SEGGER Microcontroller Systeme GmbH
      8          *
      9          *              µC/GUI is protected by international copyright laws. Knowledge of the
     10          *              source code may not be used to write a similar product. This file may
     11          *              only be used in accordance with a license and should not be redistributed
     12          *              in any way. We appreciate your understanding and fairness.
     13          *
     14          ----------------------------------------------------------------------
     15          File        : F16_1HK.C
     16          Purpose     : ASCII, West European, Hiragana & Katakana
     17          Height      : 16
     18          ---------------------------END-OF-HEADER------------------------------
     19          */
     20          
     21          #include "GUI_FontIntern.h"
     22          
     23          

   \                                 In section .rodata, align 4, keep-with-next
     24          GUI_CONST_STORAGE GUI_FONT_PROP GUI_Font16_1HK_Prop2 = {
   \                     GUI_Font16_1HK_Prop2:
   \   00000000   0x30A1 0x30F6      DC16 12449, 12534
   \   00000004   0x........         DC32 GUI_Font16_HK_CharInfo + 298H, GUI_Font16_1_FontProp1
   \              0x........   
     25             0x30A1                                         /* first character               */
     26            ,0x30F6                                         /* last character                */
     27            ,&GUI_Font16_HK_CharInfo[83]                    /* address of first character    */
     28            ,(const GUI_FONT_PROP GUI_UNI_PTR *)&GUI_Font16_1_FontProp1  /* pointer to next GUI_FONT_PROP */
     29          };
     30          

   \                                 In section .rodata, align 4, keep-with-next
     31          GUI_CONST_STORAGE GUI_FONT_PROP GUI_Font16_1HK_Prop1 = {
   \                     GUI_Font16_1HK_Prop1:
   \   00000000   0x3041 0x3093      DC16 12353, 12435
   \   00000004   0x........         DC32 GUI_Font16_HK_CharInfo, GUI_Font16_1HK_Prop2
   \              0x........   
     32             0x3041                                       /* first character               */
     33            ,0x3093                                       /* last character                */
     34            ,&GUI_Font16_HK_CharInfo[0]                   /* address of first character    */
     35            ,(const GUI_FONT_PROP GUI_UNI_PTR *)&GUI_Font16_1HK_Prop2  /* pointer to next GUI_FONT_PROP */
     36          };
     37          

   \                                 In section .rodata, align 4, keep-with-next
     38          GUI_CONST_STORAGE GUI_FONT GUI_Font16_1HK = {
   \                     GUI_Font16_1HK:
   \   00000000   0x........         DC32 GUIPROP_DispChar, GUIPROP_GetCharDistX, GUIPROP_GetFontInfo
   \              0x........   
   \              0x........   
   \   0000000C   0x........         DC32 GUIPROP_IsInFont, 0H
   \              0x00000000   
   \   00000014   0x10 0x10          DC8 16, 16, 1, 1
   \              0x01 0x01    
   \   00000018   0x........         DC32 GUI_Font16_1HK_Prop1
   \   0000001C   0x0D 0x07          DC8 13, 7, 10, 0
   \              0x0A 0x00    
     39             GUI_FONTTYPE_PROP  /* type of font    */
     40            ,16                 /* height of font  */
     41            ,16                 /* space of font y */
     42            ,1                  /* magnification x */
     43            ,1                  /* magnification y */
     44            ,{(const GUI_FONT_PROP GUI_UNI_PTR *)&GUI_Font16_1HK_Prop1}
     45            , 13, 7, 10
     46          };
     47          


   Section sizes:

   Bytes  Function/Label
   -----  --------------
      32  GUI_Font16_1HK
      12  GUI_Font16_1HK_Prop1
      12  GUI_Font16_1HK_Prop2

 
 56 bytes in section .rodata
 
 56 bytes of CONST memory

Errors: none
Warnings: none
