###############################################################################
#
# IAR ANSI C/C++ Compiler V7.10.1.6676/W32 for ARM        18/Jul/2019  10:57:59
# Copyright 1999-2014 IAR Systems AB.
#
#    Cpu mode     =  thumb
#    Endian       =  little
#    Source file  =  
#        E:\DLP_Proj\DLP_source\branches\DLP_opensource\Middlewares\gui\GUI\Widget\FRAMEWIN_SetFont.c
#    Command line =  
#        E:\DLP_Proj\DLP_source\branches\DLP_opensource\Middlewares\gui\GUI\Widget\FRAMEWIN_SetFont.c
#        -D USE_HAL_DRIVER -D STM32F407xx -D STM32F40_41xxx -D USE_HAL_LIB -D
#        MKS_DLP_BOARD -D TFT35 -lC
#        E:\DLP_Proj\DLP_source\branches\DLP_opensource\EWARM\mksDLP/List\ -lA
#        E:\DLP_Proj\DLP_source\branches\DLP_opensource\EWARM\mksDLP/List\
#        --diag_suppress Pa050 -o
#        E:\DLP_Proj\DLP_source\branches\DLP_opensource\EWARM\mksDLP/Obj\
#        --no_unroll --no_inline --no_tbaa --no_scheduling --debug
#        --endian=little --cpu=Cortex-M4F -e --char_is_signed --fpu=VFPv4_sp
#        --dlib_config "C:\Program Files (x86)\IAR Systems\Embedded Workbench
#        7.0\arm\INC\c\DLib_Config_Full.h" -I
#        E:\DLP_Proj\DLP_source\branches\DLP_opensource\EWARM/../Inc\ -I
#        E:\DLP_Proj\DLP_source\branches\DLP_opensource\EWARM/../Src\ -I
#        E:\DLP_Proj\DLP_source\branches\DLP_opensource\EWARM/../Drivers/STM32F4xx_HAL_Driver/Inc\
#        -I
#        E:\DLP_Proj\DLP_source\branches\DLP_opensource\EWARM/../Drivers/STM32F4xx_HAL_Driver/Inc/Legacy\
#        -I
#        E:\DLP_Proj\DLP_source\branches\DLP_opensource\EWARM/../Middlewares/Third_Party/FatFs/src/drivers\
#        -I
#        E:\DLP_Proj\DLP_source\branches\DLP_opensource\EWARM/../Middlewares/ST/STM32_USB_Host_Library/Core/Inc\
#        -I
#        E:\DLP_Proj\DLP_source\branches\DLP_opensource\EWARM/../Middlewares/ST/STM32_USB_Host_Library/Class/MSC/Inc\
#        -I
#        E:\DLP_Proj\DLP_source\branches\DLP_opensource\EWARM/../Drivers/CMSIS/Device/ST/STM32F4xx/Include\
#        -I
#        E:\DLP_Proj\DLP_source\branches\DLP_opensource\EWARM/../Middlewares/Third_Party/FatFs/src\
#        -I
#        E:\DLP_Proj\DLP_source\branches\DLP_opensource\EWARM/../Middlewares/Third_Party/Marlin\
#        -I
#        E:\DLP_Proj\DLP_source\branches\DLP_opensource\EWARM/../Drivers/CMSIS/Include\
#        -I
#        E:\DLP_Proj\DLP_source\branches\DLP_opensource\EWARM/../Drivers/BSP/variant\
#        -I
#        E:\DLP_Proj\DLP_source\branches\DLP_opensource\EWARM/../Drivers/BSP/Components/at24cxx\
#        -I
#        E:\DLP_Proj\DLP_source\branches\DLP_opensource\EWARM/../Drivers/BSP/Components/w25qxx\
#        -I
#        E:\DLP_Proj\DLP_source\branches\DLP_opensource\EWARM/../Drivers/BSP/Components/ssd2828\
#        -I
#        E:\DLP_Proj\DLP_source\branches\DLP_opensource\EWARM/../Drivers/BSP/Components/lcd\
#        -I
#        E:\DLP_Proj\DLP_source\branches\DLP_opensource\EWARM/../Drivers/libstmf4\
#        -I
#        E:\DLP_Proj\DLP_source\branches\DLP_opensource\EWARM/../Drivers/libstmf4/include\
#        -I
#        E:\DLP_Proj\DLP_source\branches\DLP_opensource\EWARM/../Middlewares/arduino/stm32/cores/arduino\
#        -I
#        E:\DLP_Proj\DLP_source\branches\DLP_opensource\EWARM/../Middlewares/gui\
#        -I
#        E:\DLP_Proj\DLP_source\branches\DLP_opensource\EWARM/../Middlewares/gui/GUI/ConvertColor\
#        -I
#        E:\DLP_Proj\DLP_source\branches\DLP_opensource\EWARM/../Middlewares/gui/GUI/ConvertMono\
#        -I
#        E:\DLP_Proj\DLP_source\branches\DLP_opensource\EWARM/../Middlewares/gui/GUI/Core\
#        -I
#        E:\DLP_Proj\DLP_source\branches\DLP_opensource\EWARM/../Middlewares/gui/GUI/Font\
#        -I
#        E:\DLP_Proj\DLP_source\branches\DLP_opensource\EWARM/../Middlewares/gui/AntiAlias\
#        -I
#        E:\DLP_Proj\DLP_source\branches\DLP_opensource\EWARM/../Middlewares/gui/GUI/GUIDemo\
#        -I
#        E:\DLP_Proj\DLP_source\branches\DLP_opensource\EWARM/../Middlewares/gui/GUI/LCDDriver\
#        -I
#        E:\DLP_Proj\DLP_source\branches\DLP_opensource\EWARM/../Middlewares/gui/GUI/MemDev\
#        -I
#        E:\DLP_Proj\DLP_source\branches\DLP_opensource\EWARM/../Middlewares/gui/GUI/MultiLayer\
#        -I
#        E:\DLP_Proj\DLP_source\branches\DLP_opensource\EWARM/../Middlewares/gui/GUI/Widget\
#        -I
#        E:\DLP_Proj\DLP_source\branches\DLP_opensource\EWARM/../Middlewares/gui/GUI/WM\
#        -I
#        E:\DLP_Proj\DLP_source\branches\DLP_opensource\EWARM/../Middlewares/gui/GUI_X\
#        -I
#        E:\DLP_Proj\DLP_source\branches\DLP_opensource\EWARM/../Middlewares/gui/Config\
#        -I E:\DLP_Proj\DLP_source\branches\DLP_opensource\EWARM/../User/ui\ -I
#        E:\DLP_Proj\DLP_source\branches\DLP_opensource\EWARM/../User/ui/Multi_language\
#        -I
#        E:\DLP_Proj\DLP_source\branches\DLP_opensource\EWARM/../User/ui/QRENCODE\
#        -Om --use_c++_inline -I "C:\Program Files (x86)\IAR Systems\Embedded
#        Workbench 7.0\arm\CMSIS\Include\"
#    List file    =  
#        E:\DLP_Proj\DLP_source\branches\DLP_opensource\EWARM\mksDLP/List\FRAMEWIN_SetFont.lst
#    Object file  =  
#        E:\DLP_Proj\DLP_source\branches\DLP_opensource\EWARM\mksDLP/Obj\FRAMEWIN_SetFont.o
#
###############################################################################

E:\DLP_Proj\DLP_source\branches\DLP_opensource\Middlewares\gui\GUI\Widget\FRAMEWIN_SetFont.c
      1          /*
      2          *********************************************************************************************************
      3          *                                                uC/GUI
      4          *                        Universal graphic software for embedded applications
      5          *
      6          *                       (c) Copyright 2002, Micrium Inc., Weston, FL
      7          *                       (c) Copyright 2002, SEGGER Microcontroller Systeme GmbH
      8          *
      9          *              µC/GUI is protected by international copyright laws. Knowledge of the
     10          *              source code may not be used to write a similar product. This file may
     11          *              only be used in accordance with a license and should not be redistributed
     12          *              in any way. We appreciate your understanding and fairness.
     13          *
     14          ----------------------------------------------------------------------
     15          File        : FRAMEWIN_SetFont.c
     16          Purpose     : 
     17          ---------------------------END-OF-HEADER------------------------------
     18          */
     19          
     20          #include <stdlib.h>
     21          #include <string.h>
     22          #include "FRAMEWIN_Private.h"
     23          
     24          #if GUI_WINSUPPORT
     25          
     26          
     27          /*********************************************************************
     28          *
     29          *        Exported routines
     30          *
     31          **********************************************************************
     32          */
     33          /*********************************************************************
     34          *
     35          *       FRAMEWIN_SetFont
     36          */

   \                                 In section .text, align 2, keep-with-next
     37          void FRAMEWIN_SetFont(FRAMEWIN_Handle hObj, const GUI_FONT GUI_UNI_PTR * pFont) {
   \                     FRAMEWIN_SetFont: (+1)
   \   00000000   0xB5F8             PUSH     {R3-R7,LR}
   \   00000002   0x4604             MOV      R4,R0
   \   00000004   0x460D             MOV      R5,R1
     38            GUI_LOCK();
     39            if (hObj) {
   \   00000006   0x2C00             CMP      R4,#+0
   \   00000008   0xD012             BEQ.N    ??FRAMEWIN_SetFont_0
     40              FRAMEWIN_Obj* pObj = FRAMEWIN_H2P(hObj);
   \   0000000A   0x.... 0x....      BL       GUI_ALLOC_h2p
   \   0000000E   0x4606             MOV      R6,R0
     41              int OldHeight = FRAMEWIN__CalcTitleHeight(pObj);
   \   00000010   0x.... 0x....      BL       FRAMEWIN__CalcTitleHeight
   \   00000014   0x4607             MOV      R7,R0
     42              pObj->Props.pFont = pFont;
   \   00000016   0x62B5             STR      R5,[R6, #+40]
     43              FRAMEWIN__UpdatePositions(pObj);
   \   00000018   0x4630             MOV      R0,R6
   \   0000001A   0x.... 0x....      BL       FRAMEWIN__UpdatePositions
     44              FRAMEWIN__UpdateButtons(pObj, OldHeight);
   \   0000001E   0x4639             MOV      R1,R7
   \   00000020   0x4630             MOV      R0,R6
   \   00000022   0x.... 0x....      BL       FRAMEWIN__UpdateButtons
     45              FRAMEWIN_Invalidate(hObj);
   \   00000026   0x4620             MOV      R0,R4
   \   00000028   0xE8BD 0x40F2      POP      {R1,R4-R7,LR}
   \   0000002C   0x.... 0x....      B.W      WM_InvalidateWindow
     46            }
     47            GUI_UNLOCK();
     48          }
   \                     ??FRAMEWIN_SetFont_0: (+1)
   \   00000030   0xBDF1             POP      {R0,R4-R7,PC}    ;; return
     49          
     50          #else
     51            void FRAMEWIN_SetFont_c(void) {} /* avoid empty object files */
     52          #endif /* GUI_WINSUPPORT */

   Maximum stack usage in bytes:

   .cstack Function
   ------- --------
      24   FRAMEWIN_SetFont
        24   -> FRAMEWIN__CalcTitleHeight
        24   -> FRAMEWIN__UpdateButtons
        24   -> FRAMEWIN__UpdatePositions
        24   -> GUI_ALLOC_h2p
         0   -> WM_InvalidateWindow


   Section sizes:

   Bytes  Function/Label
   -----  --------------
      50  FRAMEWIN_SetFont

 
 50 bytes in section .text
 
 50 bytes of CODE memory

Errors: none
Warnings: none
