###############################################################################
#
# IAR ANSI C/C++ Compiler V7.10.1.6676/W32 for ARM        18/Jul/2019  10:58:14
# Copyright 1999-2014 IAR Systems AB.
#
#    Cpu mode     =  thumb
#    Endian       =  little
#    Source file  =  
#        E:\DLP_Proj\DLP_source\branches\DLP_opensource\Middlewares\gui\GUI\Core\GUI_GetTextExtend.c
#    Command line =  
#        E:\DLP_Proj\DLP_source\branches\DLP_opensource\Middlewares\gui\GUI\Core\GUI_GetTextExtend.c
#        -D USE_HAL_DRIVER -D STM32F407xx -D STM32F40_41xxx -D USE_HAL_LIB -D
#        MKS_DLP_BOARD -D TFT35 -lC
#        E:\DLP_Proj\DLP_source\branches\DLP_opensource\EWARM\mksDLP/List\ -lA
#        E:\DLP_Proj\DLP_source\branches\DLP_opensource\EWARM\mksDLP/List\
#        --diag_suppress Pa050 -o
#        E:\DLP_Proj\DLP_source\branches\DLP_opensource\EWARM\mksDLP/Obj\
#        --no_unroll --no_inline --no_tbaa --no_scheduling --debug
#        --endian=little --cpu=Cortex-M4F -e --char_is_signed --fpu=VFPv4_sp
#        --dlib_config "C:\Program Files (x86)\IAR Systems\Embedded Workbench
#        7.0\arm\INC\c\DLib_Config_Full.h" -I
#        E:\DLP_Proj\DLP_source\branches\DLP_opensource\EWARM/../Inc\ -I
#        E:\DLP_Proj\DLP_source\branches\DLP_opensource\EWARM/../Src\ -I
#        E:\DLP_Proj\DLP_source\branches\DLP_opensource\EWARM/../Drivers/STM32F4xx_HAL_Driver/Inc\
#        -I
#        E:\DLP_Proj\DLP_source\branches\DLP_opensource\EWARM/../Drivers/STM32F4xx_HAL_Driver/Inc/Legacy\
#        -I
#        E:\DLP_Proj\DLP_source\branches\DLP_opensource\EWARM/../Middlewares/Third_Party/FatFs/src/drivers\
#        -I
#        E:\DLP_Proj\DLP_source\branches\DLP_opensource\EWARM/../Middlewares/ST/STM32_USB_Host_Library/Core/Inc\
#        -I
#        E:\DLP_Proj\DLP_source\branches\DLP_opensource\EWARM/../Middlewares/ST/STM32_USB_Host_Library/Class/MSC/Inc\
#        -I
#        E:\DLP_Proj\DLP_source\branches\DLP_opensource\EWARM/../Drivers/CMSIS/Device/ST/STM32F4xx/Include\
#        -I
#        E:\DLP_Proj\DLP_source\branches\DLP_opensource\EWARM/../Middlewares/Third_Party/FatFs/src\
#        -I
#        E:\DLP_Proj\DLP_source\branches\DLP_opensource\EWARM/../Middlewares/Third_Party/Marlin\
#        -I
#        E:\DLP_Proj\DLP_source\branches\DLP_opensource\EWARM/../Drivers/CMSIS/Include\
#        -I
#        E:\DLP_Proj\DLP_source\branches\DLP_opensource\EWARM/../Drivers/BSP/variant\
#        -I
#        E:\DLP_Proj\DLP_source\branches\DLP_opensource\EWARM/../Drivers/BSP/Components/at24cxx\
#        -I
#        E:\DLP_Proj\DLP_source\branches\DLP_opensource\EWARM/../Drivers/BSP/Components/w25qxx\
#        -I
#        E:\DLP_Proj\DLP_source\branches\DLP_opensource\EWARM/../Drivers/BSP/Components/ssd2828\
#        -I
#        E:\DLP_Proj\DLP_source\branches\DLP_opensource\EWARM/../Drivers/BSP/Components/lcd\
#        -I
#        E:\DLP_Proj\DLP_source\branches\DLP_opensource\EWARM/../Drivers/libstmf4\
#        -I
#        E:\DLP_Proj\DLP_source\branches\DLP_opensource\EWARM/../Drivers/libstmf4/include\
#        -I
#        E:\DLP_Proj\DLP_source\branches\DLP_opensource\EWARM/../Middlewares/arduino/stm32/cores/arduino\
#        -I
#        E:\DLP_Proj\DLP_source\branches\DLP_opensource\EWARM/../Middlewares/gui\
#        -I
#        E:\DLP_Proj\DLP_source\branches\DLP_opensource\EWARM/../Middlewares/gui/GUI/ConvertColor\
#        -I
#        E:\DLP_Proj\DLP_source\branches\DLP_opensource\EWARM/../Middlewares/gui/GUI/ConvertMono\
#        -I
#        E:\DLP_Proj\DLP_source\branches\DLP_opensource\EWARM/../Middlewares/gui/GUI/Core\
#        -I
#        E:\DLP_Proj\DLP_source\branches\DLP_opensource\EWARM/../Middlewares/gui/GUI/Font\
#        -I
#        E:\DLP_Proj\DLP_source\branches\DLP_opensource\EWARM/../Middlewares/gui/AntiAlias\
#        -I
#        E:\DLP_Proj\DLP_source\branches\DLP_opensource\EWARM/../Middlewares/gui/GUI/GUIDemo\
#        -I
#        E:\DLP_Proj\DLP_source\branches\DLP_opensource\EWARM/../Middlewares/gui/GUI/LCDDriver\
#        -I
#        E:\DLP_Proj\DLP_source\branches\DLP_opensource\EWARM/../Middlewares/gui/GUI/MemDev\
#        -I
#        E:\DLP_Proj\DLP_source\branches\DLP_opensource\EWARM/../Middlewares/gui/GUI/MultiLayer\
#        -I
#        E:\DLP_Proj\DLP_source\branches\DLP_opensource\EWARM/../Middlewares/gui/GUI/Widget\
#        -I
#        E:\DLP_Proj\DLP_source\branches\DLP_opensource\EWARM/../Middlewares/gui/GUI/WM\
#        -I
#        E:\DLP_Proj\DLP_source\branches\DLP_opensource\EWARM/../Middlewares/gui/GUI_X\
#        -I
#        E:\DLP_Proj\DLP_source\branches\DLP_opensource\EWARM/../Middlewares/gui/Config\
#        -I E:\DLP_Proj\DLP_source\branches\DLP_opensource\EWARM/../User/ui\ -I
#        E:\DLP_Proj\DLP_source\branches\DLP_opensource\EWARM/../User/ui/Multi_language\
#        -I
#        E:\DLP_Proj\DLP_source\branches\DLP_opensource\EWARM/../User/ui/QRENCODE\
#        -Om --use_c++_inline -I "C:\Program Files (x86)\IAR Systems\Embedded
#        Workbench 7.0\arm\CMSIS\Include\"
#    List file    =  
#        E:\DLP_Proj\DLP_source\branches\DLP_opensource\EWARM\mksDLP/List\GUI_GetTextExtend.lst
#    Object file  =  
#        E:\DLP_Proj\DLP_source\branches\DLP_opensource\EWARM\mksDLP/Obj\GUI_GetTextExtend.o
#
###############################################################################

E:\DLP_Proj\DLP_source\branches\DLP_opensource\Middlewares\gui\GUI\Core\GUI_GetTextExtend.c
      1          /*
      2          *********************************************************************************************************
      3          *                                                uC/GUI
      4          *                        Universal graphic software for embedded applications
      5          *
      6          *                       (c) Copyright 2002, Micrium Inc., Weston, FL
      7          *                       (c) Copyright 2002, SEGGER Microcontroller Systeme GmbH
      8          *
      9          *              µC/GUI is protected by international copyright laws. Knowledge of the
     10          *              source code may not be used to write a similar product. This file may
     11          *              only be used in accordance with a license and should not be redistributed
     12          *              in any way. We appreciate your understanding and fairness.
     13          *
     14          ----------------------------------------------------------------------
     15          File        : GUI_GetTextExtend.c
     16          Purpose     : Implementation of GUI_GetTextExtend
     17          ---------------------------END-OF-HEADER------------------------------
     18          */
     19          
     20          #include "GUI_Protected.h"
     21          
     22          /*********************************************************************
     23          *
     24          *       Public code
     25          *
     26          **********************************************************************
     27          */
     28          /*********************************************************************
     29          *
     30          *       GUI_GetTextExtend
     31          */

   \                                 In section .text, align 4, keep-with-next
     32          void GUI_GetTextExtend(GUI_RECT* pRect, const char GUI_UNI_PTR * s, int MaxNumChars) {
   \                     GUI_GetTextExtend: (+1)
   \   00000000   0xE92D 0x41F3      PUSH     {R0,R1,R4-R8,LR}
   \   00000004   0x4604             MOV      R4,R0
   \   00000006   0x4616             MOV      R6,R2
     33            int xMax      = 0;
   \   00000008   0x2700             MOVS     R7,#+0
     34            int NumLines  = 0;
   \   0000000A   0x463D             MOV      R5,R7
     35            int LineSizeX = 0;
   \   0000000C   0x46A8             MOV      R8,R5
     36            U16 Char;
     37            pRect->x0 = GUI_Context.DispPosX;
   \   0000000E   0x4817             LDR.N    R0,??GUI_GetTextExtend_0
   \   00000010   0x8C41             LDRH     R1,[R0, #+34]
   \   00000012   0x8021             STRH     R1,[R4, #+0]
     38            pRect->y0 = GUI_Context.DispPosY;
   \   00000014   0x8C80             LDRH     R0,[R0, #+36]
   \   00000016   0x8060             STRH     R0,[R4, #+2]
   \   00000018   0xE002             B.N      ??GUI_GetTextExtend_1
     39            while (MaxNumChars--) {
     40              Char = GUI_UC__GetCharCodeInc(&s);
     41              if ((Char == '\n') || (Char == 0)) {
     42                if (LineSizeX > xMax) {
     43                  xMax = LineSizeX;
     44                }
     45                LineSizeX = 0;
     46                NumLines++;
     47                if (!Char) {
     48                  break;
     49                }
     50              } else {
     51                LineSizeX += GUI_GetCharDistX(Char);
   \                     ??GUI_GetTextExtend_2: (+1)
   \   0000001A   0x.... 0x....      BL       GUI_GetCharDistX
   \   0000001E   0x4480             ADD      R8,R0,R8
     52              }
   \                     ??GUI_GetTextExtend_1: (+1)
   \   00000020   0x4630             MOV      R0,R6
   \   00000022   0x1E46             SUBS     R6,R0,#+1
   \   00000024   0x2800             CMP      R0,#+0
   \   00000026   0xD00E             BEQ.N    ??GUI_GetTextExtend_3
   \   00000028   0xA801             ADD      R0,SP,#+4
   \   0000002A   0x.... 0x....      BL       GUI_UC__GetCharCodeInc
   \   0000002E   0x280A             CMP      R0,#+10
   \   00000030   0xD001             BEQ.N    ??GUI_GetTextExtend_4
   \   00000032   0x2800             CMP      R0,#+0
   \   00000034   0xD1F1             BNE.N    ??GUI_GetTextExtend_2
   \                     ??GUI_GetTextExtend_4: (+1)
   \   00000036   0x4547             CMP      R7,R8
   \   00000038   0xDA00             BGE.N    ??GUI_GetTextExtend_5
   \   0000003A   0x4647             MOV      R7,R8
   \                     ??GUI_GetTextExtend_5: (+1)
   \   0000003C   0xF04F 0x0800      MOV      R8,#+0
   \   00000040   0x1C6D             ADDS     R5,R5,#+1
   \   00000042   0x2800             CMP      R0,#+0
   \   00000044   0xD1EC             BNE.N    ??GUI_GetTextExtend_1
     53            }
     54            if (LineSizeX > xMax) {
   \                     ??GUI_GetTextExtend_3: (+1)
   \   00000046   0x4547             CMP      R7,R8
   \   00000048   0xDA00             BGE.N    ??GUI_GetTextExtend_6
   \   0000004A   0x4647             MOV      R7,R8
     55              xMax = LineSizeX;
     56            }
     57            if (!NumLines) {
   \                     ??GUI_GetTextExtend_6: (+1)
   \   0000004C   0x2D00             CMP      R5,#+0
   \   0000004E   0xD100             BNE.N    ??GUI_GetTextExtend_7
     58              NumLines = 1;
   \   00000050   0x2501             MOVS     R5,#+1
     59            }
     60            pRect->x1 = pRect->x0 + xMax - 1;
   \                     ??GUI_GetTextExtend_7: (+1)
   \   00000052   0x8820             LDRH     R0,[R4, #+0]
   \   00000054   0x1838             ADDS     R0,R7,R0
   \   00000056   0x1E40             SUBS     R0,R0,#+1
   \   00000058   0x80A0             STRH     R0,[R4, #+4]
     61            pRect->y1 = pRect->y0 + GUI__GetFontSizeY() * NumLines - 1;
   \   0000005A   0x.... 0x....      BL       GUI__GetFontSizeY
   \   0000005E   0x8861             LDRH     R1,[R4, #+2]
   \   00000060   0xFB10 0x1005      SMLABB   R0,R0,R5,R1
   \   00000064   0x1E40             SUBS     R0,R0,#+1
   \   00000066   0x80E0             STRH     R0,[R4, #+6]
     62          }
   \   00000068   0xE8BD 0x81F3      POP      {R0,R1,R4-R8,PC}  ;; return
   \                     ??GUI_GetTextExtend_0:
   \   0000006C   0x........         DC32     GUI_Context
     63          
     64          /*************************** End of file ****************************/

   Maximum stack usage in bytes:

   .cstack Function
   ------- --------
      32   GUI_GetTextExtend
        32   -> GUI_GetCharDistX
        32   -> GUI_UC__GetCharCodeInc
        32   -> GUI__GetFontSizeY


   Section sizes:

   Bytes  Function/Label
   -----  --------------
     112  GUI_GetTextExtend

 
 112 bytes in section .text
 
 112 bytes of CODE memory

Errors: none
Warnings: none
