###############################################################################
#
# IAR ANSI C/C++ Compiler V7.10.1.6676/W32 for ARM        18/Jul/2019  10:58:12
# Copyright 1999-2014 IAR Systems AB.
#
#    Cpu mode     =  thumb
#    Endian       =  little
#    Source file  =  
#        E:\DLP_Proj\DLP_source\branches\DLP_opensource\Middlewares\gui\GUI\Widget\GUI_EditString.c
#    Command line =  
#        E:\DLP_Proj\DLP_source\branches\DLP_opensource\Middlewares\gui\GUI\Widget\GUI_EditString.c
#        -D USE_HAL_DRIVER -D STM32F407xx -D STM32F40_41xxx -D USE_HAL_LIB -D
#        MKS_DLP_BOARD -D TFT35 -lC
#        E:\DLP_Proj\DLP_source\branches\DLP_opensource\EWARM\mksDLP/List\ -lA
#        E:\DLP_Proj\DLP_source\branches\DLP_opensource\EWARM\mksDLP/List\
#        --diag_suppress Pa050 -o
#        E:\DLP_Proj\DLP_source\branches\DLP_opensource\EWARM\mksDLP/Obj\
#        --no_unroll --no_inline --no_tbaa --no_scheduling --debug
#        --endian=little --cpu=Cortex-M4F -e --char_is_signed --fpu=VFPv4_sp
#        --dlib_config "C:\Program Files (x86)\IAR Systems\Embedded Workbench
#        7.0\arm\INC\c\DLib_Config_Full.h" -I
#        E:\DLP_Proj\DLP_source\branches\DLP_opensource\EWARM/../Inc\ -I
#        E:\DLP_Proj\DLP_source\branches\DLP_opensource\EWARM/../Src\ -I
#        E:\DLP_Proj\DLP_source\branches\DLP_opensource\EWARM/../Drivers/STM32F4xx_HAL_Driver/Inc\
#        -I
#        E:\DLP_Proj\DLP_source\branches\DLP_opensource\EWARM/../Drivers/STM32F4xx_HAL_Driver/Inc/Legacy\
#        -I
#        E:\DLP_Proj\DLP_source\branches\DLP_opensource\EWARM/../Middlewares/Third_Party/FatFs/src/drivers\
#        -I
#        E:\DLP_Proj\DLP_source\branches\DLP_opensource\EWARM/../Middlewares/ST/STM32_USB_Host_Library/Core/Inc\
#        -I
#        E:\DLP_Proj\DLP_source\branches\DLP_opensource\EWARM/../Middlewares/ST/STM32_USB_Host_Library/Class/MSC/Inc\
#        -I
#        E:\DLP_Proj\DLP_source\branches\DLP_opensource\EWARM/../Drivers/CMSIS/Device/ST/STM32F4xx/Include\
#        -I
#        E:\DLP_Proj\DLP_source\branches\DLP_opensource\EWARM/../Middlewares/Third_Party/FatFs/src\
#        -I
#        E:\DLP_Proj\DLP_source\branches\DLP_opensource\EWARM/../Middlewares/Third_Party/Marlin\
#        -I
#        E:\DLP_Proj\DLP_source\branches\DLP_opensource\EWARM/../Drivers/CMSIS/Include\
#        -I
#        E:\DLP_Proj\DLP_source\branches\DLP_opensource\EWARM/../Drivers/BSP/variant\
#        -I
#        E:\DLP_Proj\DLP_source\branches\DLP_opensource\EWARM/../Drivers/BSP/Components/at24cxx\
#        -I
#        E:\DLP_Proj\DLP_source\branches\DLP_opensource\EWARM/../Drivers/BSP/Components/w25qxx\
#        -I
#        E:\DLP_Proj\DLP_source\branches\DLP_opensource\EWARM/../Drivers/BSP/Components/ssd2828\
#        -I
#        E:\DLP_Proj\DLP_source\branches\DLP_opensource\EWARM/../Drivers/BSP/Components/lcd\
#        -I
#        E:\DLP_Proj\DLP_source\branches\DLP_opensource\EWARM/../Drivers/libstmf4\
#        -I
#        E:\DLP_Proj\DLP_source\branches\DLP_opensource\EWARM/../Drivers/libstmf4/include\
#        -I
#        E:\DLP_Proj\DLP_source\branches\DLP_opensource\EWARM/../Middlewares/arduino/stm32/cores/arduino\
#        -I
#        E:\DLP_Proj\DLP_source\branches\DLP_opensource\EWARM/../Middlewares/gui\
#        -I
#        E:\DLP_Proj\DLP_source\branches\DLP_opensource\EWARM/../Middlewares/gui/GUI/ConvertColor\
#        -I
#        E:\DLP_Proj\DLP_source\branches\DLP_opensource\EWARM/../Middlewares/gui/GUI/ConvertMono\
#        -I
#        E:\DLP_Proj\DLP_source\branches\DLP_opensource\EWARM/../Middlewares/gui/GUI/Core\
#        -I
#        E:\DLP_Proj\DLP_source\branches\DLP_opensource\EWARM/../Middlewares/gui/GUI/Font\
#        -I
#        E:\DLP_Proj\DLP_source\branches\DLP_opensource\EWARM/../Middlewares/gui/AntiAlias\
#        -I
#        E:\DLP_Proj\DLP_source\branches\DLP_opensource\EWARM/../Middlewares/gui/GUI/GUIDemo\
#        -I
#        E:\DLP_Proj\DLP_source\branches\DLP_opensource\EWARM/../Middlewares/gui/GUI/LCDDriver\
#        -I
#        E:\DLP_Proj\DLP_source\branches\DLP_opensource\EWARM/../Middlewares/gui/GUI/MemDev\
#        -I
#        E:\DLP_Proj\DLP_source\branches\DLP_opensource\EWARM/../Middlewares/gui/GUI/MultiLayer\
#        -I
#        E:\DLP_Proj\DLP_source\branches\DLP_opensource\EWARM/../Middlewares/gui/GUI/Widget\
#        -I
#        E:\DLP_Proj\DLP_source\branches\DLP_opensource\EWARM/../Middlewares/gui/GUI/WM\
#        -I
#        E:\DLP_Proj\DLP_source\branches\DLP_opensource\EWARM/../Middlewares/gui/GUI_X\
#        -I
#        E:\DLP_Proj\DLP_source\branches\DLP_opensource\EWARM/../Middlewares/gui/Config\
#        -I E:\DLP_Proj\DLP_source\branches\DLP_opensource\EWARM/../User/ui\ -I
#        E:\DLP_Proj\DLP_source\branches\DLP_opensource\EWARM/../User/ui/Multi_language\
#        -I
#        E:\DLP_Proj\DLP_source\branches\DLP_opensource\EWARM/../User/ui/QRENCODE\
#        -Om --use_c++_inline -I "C:\Program Files (x86)\IAR Systems\Embedded
#        Workbench 7.0\arm\CMSIS\Include\"
#    List file    =  
#        E:\DLP_Proj\DLP_source\branches\DLP_opensource\EWARM\mksDLP/List\GUI_EditString.lst
#    Object file  =  
#        E:\DLP_Proj\DLP_source\branches\DLP_opensource\EWARM\mksDLP/Obj\GUI_EditString.o
#
###############################################################################

E:\DLP_Proj\DLP_source\branches\DLP_opensource\Middlewares\gui\GUI\Widget\GUI_EditString.c
      1          /*
      2          *********************************************************************************************************
      3          *                                                uC/GUI
      4          *                        Universal graphic software for embedded applications
      5          *
      6          *                       (c) Copyright 2002, Micrium Inc., Weston, FL
      7          *                       (c) Copyright 2002, SEGGER Microcontroller Systeme GmbH
      8          *
      9          *              µC/GUI is protected by international copyright laws. Knowledge of the
     10          *              source code may not be used to write a similar product. This file may
     11          *              only be used in accordance with a license and should not be redistributed
     12          *              in any way. We appreciate your understanding and fairness.
     13          *
     14          ----------------------------------------------------------------------
     15          File        : GUI_EditString.c
     16          Purpose     : Widget, add. module
     17          ----------------------------------------------------------------------
     18          */
     19          
     20          #include "EDIT.h"
     21          #include "GUI_Protected.h"
     22          #include "EDIT_Private.h"
     23          
     24          #if GUI_WINSUPPORT
     25          
     26          /*********************************************************************
     27          *
     28          *             Exported routines
     29          *
     30          **********************************************************************
     31          */
     32          /*********************************************************************
     33          *
     34          *       GUI_EditString
     35          */

   \                                 In section .text, align 2, keep-with-next
     36          void GUI_EditString(char * pString, int Len, int xsize) {
   \                     GUI_EditString: (+1)
   \   00000000   0xE92D 0x43FE      PUSH     {R1-R9,LR}
   \   00000004   0x4604             MOV      R4,R0
   \   00000006   0x460E             MOV      R6,R1
   \   00000008   0x4691             MOV      R9,R2
     37            int Key, x, y, ysize, Id;
     38            EDIT_Handle hEdit;
     39            EDIT_Obj* pObj;
     40            const GUI_FONT GUI_UNI_PTR * pOldFont = GUI_SetFont(EDIT_GetDefaultFont());
   \   0000000A   0x.... 0x....      BL       EDIT_GetDefaultFont
   \   0000000E   0x.... 0x....      BL       GUI_SetFont
   \   00000012   0x4605             MOV      R5,R0
     41            x = GUI_GetDispPosX();
   \   00000014   0x.... 0x....      BL       GUI_GetDispPosX
   \   00000018   0x4607             MOV      R7,R0
     42            y = GUI_GetDispPosY();
   \   0000001A   0x.... 0x....      BL       GUI_GetDispPosY
   \   0000001E   0x4680             MOV      R8,R0
     43            if (xsize == 0)
   \   00000020   0xF1B9 0x0F00      CMP      R9,#+0
   \   00000024   0xD105             BNE.N    ??GUI_EditString_0
     44              xsize = GUI_GetCharDistX('X') * Len + 6;
   \   00000026   0x2058             MOVS     R0,#+88
   \   00000028   0x.... 0x....      BL       GUI_GetCharDistX
   \   0000002C   0x4370             MULS     R0,R6,R0
   \   0000002E   0xF100 0x0906      ADD      R9,R0,#+6
     45            ysize = GUI_GetFontSizeY();
   \                     ??GUI_EditString_0: (+1)
   \   00000032   0x.... 0x....      BL       GUI_GetFontSizeY
   \   00000036   0x4603             MOV      R3,R0
     46            Id = 0x1234;
     47            hEdit = EDIT_Create(x, y, xsize, ysize, Id, Len, 0);
   \   00000038   0x2000             MOVS     R0,#+0
   \   0000003A   0x9002             STR      R0,[SP, #+8]
   \   0000003C   0x9601             STR      R6,[SP, #+4]
   \   0000003E   0xF241 0x2034      MOVW     R0,#+4660
   \   00000042   0x9000             STR      R0,[SP, #+0]
   \   00000044   0x464A             MOV      R2,R9
   \   00000046   0x4641             MOV      R1,R8
   \   00000048   0x4638             MOV      R0,R7
   \   0000004A   0x.... 0x....      BL       EDIT_Create
   \   0000004E   0x4606             MOV      R6,R0
     48            EDIT_SetText(hEdit, pString);
   \   00000050   0x4621             MOV      R1,R4
   \   00000052   0x.... 0x....      BL       EDIT_SetText
     49            pObj = EDIT_H2P(hEdit);
   \   00000056   0x4630             MOV      R0,R6
   \   00000058   0x.... 0x....      BL       GUI_ALLOC_h2p
   \   0000005C   0x4607             MOV      R7,R0
     50            WM_SetFocus(hEdit);
   \   0000005E   0x4630             MOV      R0,R6
   \   00000060   0x.... 0x....      BL       WM_SetFocus
     51            do {
     52              Key = GUI_WaitKey();
   \                     ??GUI_EditString_1: (+1)
   \   00000064   0x.... 0x....      BL       GUI_WaitKey
     53            } while ((Key != GUI_KEY_ESCAPE) && (Key != GUI_KEY_ENTER) && (Key != 0));
   \   00000068   0x281B             CMP      R0,#+27
   \   0000006A   0xD003             BEQ.N    ??GUI_EditString_2
   \   0000006C   0x280D             CMP      R0,#+13
   \   0000006E   0xD001             BEQ.N    ??GUI_EditString_2
   \   00000070   0x2800             CMP      R0,#+0
   \   00000072   0xD1F7             BNE.N    ??GUI_EditString_1
     54            if (Key == GUI_KEY_ENTER)
   \                     ??GUI_EditString_2: (+1)
   \   00000074   0x280D             CMP      R0,#+13
   \   00000076   0xD105             BNE.N    ??GUI_EditString_3
     55              EDIT_GetText(hEdit, pString, pObj->MaxLen);
   \   00000078   0xF9B7 0x202A      LDRSH    R2,[R7, #+42]
   \   0000007C   0x4621             MOV      R1,R4
   \   0000007E   0x4630             MOV      R0,R6
   \   00000080   0x.... 0x....      BL       EDIT_GetText
     56            GUI_SetFont(pOldFont);
   \                     ??GUI_EditString_3: (+1)
   \   00000084   0x4628             MOV      R0,R5
   \   00000086   0x.... 0x....      BL       GUI_SetFont
     57            EDIT_Delete(hEdit);
   \   0000008A   0x4630             MOV      R0,R6
   \   0000008C   0xE8BD 0x43FE      POP      {R1-R9,LR}
   \   00000090   0x.... 0x....      B.W      WM_DeleteWindow
     58          }
     59          
     60          #else /* avoid empty object files */
     61          
     62          void GUI_EditString_C(void);
     63          void GUI_EditString_C(void){}
     64          
     65          #endif

   Maximum stack usage in bytes:

   .cstack Function
   ------- --------
      40   GUI_EditString
        40   -> EDIT_Create
        40   -> EDIT_GetDefaultFont
        40   -> EDIT_GetText
        40   -> EDIT_SetText
        40   -> GUI_ALLOC_h2p
        40   -> GUI_GetCharDistX
        40   -> GUI_GetDispPosX
        40   -> GUI_GetDispPosY
        40   -> GUI_GetFontSizeY
        40   -> GUI_SetFont
        40   -> GUI_WaitKey
         0   -> WM_DeleteWindow
        40   -> WM_SetFocus


   Section sizes:

   Bytes  Function/Label
   -----  --------------
     148  GUI_EditString

 
 148 bytes in section .text
 
 148 bytes of CODE memory

Errors: none
Warnings: none
