###############################################################################
#
# IAR ANSI C/C++ Compiler V7.10.1.6676/W32 for ARM        18/Jul/2019  10:58:09
# Copyright 1999-2014 IAR Systems AB.
#
#    Cpu mode     =  thumb
#    Endian       =  little
#    Source file  =  
#        E:\DLP_Proj\DLP_source\branches\DLP_opensource\Middlewares\gui\GUI\Widget\GUI_DRAW_BMP.c
#    Command line =  
#        E:\DLP_Proj\DLP_source\branches\DLP_opensource\Middlewares\gui\GUI\Widget\GUI_DRAW_BMP.c
#        -D USE_HAL_DRIVER -D STM32F407xx -D STM32F40_41xxx -D USE_HAL_LIB -D
#        MKS_DLP_BOARD -D TFT35 -lC
#        E:\DLP_Proj\DLP_source\branches\DLP_opensource\EWARM\mksDLP/List\ -lA
#        E:\DLP_Proj\DLP_source\branches\DLP_opensource\EWARM\mksDLP/List\
#        --diag_suppress Pa050 -o
#        E:\DLP_Proj\DLP_source\branches\DLP_opensource\EWARM\mksDLP/Obj\
#        --no_unroll --no_inline --no_tbaa --no_scheduling --debug
#        --endian=little --cpu=Cortex-M4F -e --char_is_signed --fpu=VFPv4_sp
#        --dlib_config "C:\Program Files (x86)\IAR Systems\Embedded Workbench
#        7.0\arm\INC\c\DLib_Config_Full.h" -I
#        E:\DLP_Proj\DLP_source\branches\DLP_opensource\EWARM/../Inc\ -I
#        E:\DLP_Proj\DLP_source\branches\DLP_opensource\EWARM/../Src\ -I
#        E:\DLP_Proj\DLP_source\branches\DLP_opensource\EWARM/../Drivers/STM32F4xx_HAL_Driver/Inc\
#        -I
#        E:\DLP_Proj\DLP_source\branches\DLP_opensource\EWARM/../Drivers/STM32F4xx_HAL_Driver/Inc/Legacy\
#        -I
#        E:\DLP_Proj\DLP_source\branches\DLP_opensource\EWARM/../Middlewares/Third_Party/FatFs/src/drivers\
#        -I
#        E:\DLP_Proj\DLP_source\branches\DLP_opensource\EWARM/../Middlewares/ST/STM32_USB_Host_Library/Core/Inc\
#        -I
#        E:\DLP_Proj\DLP_source\branches\DLP_opensource\EWARM/../Middlewares/ST/STM32_USB_Host_Library/Class/MSC/Inc\
#        -I
#        E:\DLP_Proj\DLP_source\branches\DLP_opensource\EWARM/../Drivers/CMSIS/Device/ST/STM32F4xx/Include\
#        -I
#        E:\DLP_Proj\DLP_source\branches\DLP_opensource\EWARM/../Middlewares/Third_Party/FatFs/src\
#        -I
#        E:\DLP_Proj\DLP_source\branches\DLP_opensource\EWARM/../Middlewares/Third_Party/Marlin\
#        -I
#        E:\DLP_Proj\DLP_source\branches\DLP_opensource\EWARM/../Drivers/CMSIS/Include\
#        -I
#        E:\DLP_Proj\DLP_source\branches\DLP_opensource\EWARM/../Drivers/BSP/variant\
#        -I
#        E:\DLP_Proj\DLP_source\branches\DLP_opensource\EWARM/../Drivers/BSP/Components/at24cxx\
#        -I
#        E:\DLP_Proj\DLP_source\branches\DLP_opensource\EWARM/../Drivers/BSP/Components/w25qxx\
#        -I
#        E:\DLP_Proj\DLP_source\branches\DLP_opensource\EWARM/../Drivers/BSP/Components/ssd2828\
#        -I
#        E:\DLP_Proj\DLP_source\branches\DLP_opensource\EWARM/../Drivers/BSP/Components/lcd\
#        -I
#        E:\DLP_Proj\DLP_source\branches\DLP_opensource\EWARM/../Drivers/libstmf4\
#        -I
#        E:\DLP_Proj\DLP_source\branches\DLP_opensource\EWARM/../Drivers/libstmf4/include\
#        -I
#        E:\DLP_Proj\DLP_source\branches\DLP_opensource\EWARM/../Middlewares/arduino/stm32/cores/arduino\
#        -I
#        E:\DLP_Proj\DLP_source\branches\DLP_opensource\EWARM/../Middlewares/gui\
#        -I
#        E:\DLP_Proj\DLP_source\branches\DLP_opensource\EWARM/../Middlewares/gui/GUI/ConvertColor\
#        -I
#        E:\DLP_Proj\DLP_source\branches\DLP_opensource\EWARM/../Middlewares/gui/GUI/ConvertMono\
#        -I
#        E:\DLP_Proj\DLP_source\branches\DLP_opensource\EWARM/../Middlewares/gui/GUI/Core\
#        -I
#        E:\DLP_Proj\DLP_source\branches\DLP_opensource\EWARM/../Middlewares/gui/GUI/Font\
#        -I
#        E:\DLP_Proj\DLP_source\branches\DLP_opensource\EWARM/../Middlewares/gui/AntiAlias\
#        -I
#        E:\DLP_Proj\DLP_source\branches\DLP_opensource\EWARM/../Middlewares/gui/GUI/GUIDemo\
#        -I
#        E:\DLP_Proj\DLP_source\branches\DLP_opensource\EWARM/../Middlewares/gui/GUI/LCDDriver\
#        -I
#        E:\DLP_Proj\DLP_source\branches\DLP_opensource\EWARM/../Middlewares/gui/GUI/MemDev\
#        -I
#        E:\DLP_Proj\DLP_source\branches\DLP_opensource\EWARM/../Middlewares/gui/GUI/MultiLayer\
#        -I
#        E:\DLP_Proj\DLP_source\branches\DLP_opensource\EWARM/../Middlewares/gui/GUI/Widget\
#        -I
#        E:\DLP_Proj\DLP_source\branches\DLP_opensource\EWARM/../Middlewares/gui/GUI/WM\
#        -I
#        E:\DLP_Proj\DLP_source\branches\DLP_opensource\EWARM/../Middlewares/gui/GUI_X\
#        -I
#        E:\DLP_Proj\DLP_source\branches\DLP_opensource\EWARM/../Middlewares/gui/Config\
#        -I E:\DLP_Proj\DLP_source\branches\DLP_opensource\EWARM/../User/ui\ -I
#        E:\DLP_Proj\DLP_source\branches\DLP_opensource\EWARM/../User/ui/Multi_language\
#        -I
#        E:\DLP_Proj\DLP_source\branches\DLP_opensource\EWARM/../User/ui/QRENCODE\
#        -Om --use_c++_inline -I "C:\Program Files (x86)\IAR Systems\Embedded
#        Workbench 7.0\arm\CMSIS\Include\"
#    List file    =  
#        E:\DLP_Proj\DLP_source\branches\DLP_opensource\EWARM\mksDLP/List\GUI_DRAW_BMP.lst
#    Object file  =  
#        E:\DLP_Proj\DLP_source\branches\DLP_opensource\EWARM\mksDLP/Obj\GUI_DRAW_BMP.o
#
###############################################################################

E:\DLP_Proj\DLP_source\branches\DLP_opensource\Middlewares\gui\GUI\Widget\GUI_DRAW_BMP.c
      1          /*
      2          *********************************************************************************************************
      3          *                                                uC/GUI
      4          *                        Universal graphic software for embedded applications
      5          *
      6          *                       (c) Copyright 2002, Micrium Inc., Weston, FL
      7          *                       (c) Copyright 2002, SEGGER Microcontroller Systeme GmbH
      8          *
      9          *              µC/GUI is protected by international copyright laws. Knowledge of the
     10          *              source code may not be used to write a similar product. This file may
     11          *              only be used in accordance with a license and should not be redistributed
     12          *              in any way. We appreciate your understanding and fairness.
     13          *
     14          ----------------------------------------------------------------------
     15          File        : GUI_DRAW_BMP.c
     16          Purpose     : 
     17          ---------------------------END-OF-HEADER------------------------------
     18          */
     19          
     20          #include "GUI.h"
     21          #include "GUI_Protected.h"
     22          #include "WIDGET.h"
     23          
     24          #if GUI_WINSUPPORT
     25          
     26          /*********************************************************************
     27          *
     28          *       static code
     29          *
     30          **********************************************************************
     31          */
     32          /*********************************************************************
     33          *
     34          *       _Draw
     35          */

   \                                 In section .text, align 2, keep-with-next
     36          static void _Draw(const GUI_DRAW* pObj, int x, int y) {
     37            GUI_BMP_Draw((const GUI_BITMAP *)pObj->Data.pData, x + pObj->xOff, y + pObj->yOff);
   \                     _Draw: (+1)
   \   00000000   0xF9B0 0x300A      LDRSH    R3,[R0, #+10]
   \   00000004   0x18D2             ADDS     R2,R2,R3
   \   00000006   0xF9B0 0x3008      LDRSH    R3,[R0, #+8]
   \   0000000A   0x18C9             ADDS     R1,R1,R3
   \   0000000C   0x6840             LDR      R0,[R0, #+4]
   \   0000000E   0x.... 0x....      B.W      GUI_BMP_Draw
     38          }
     39          
     40          /*********************************************************************
     41          *
     42          *       _GetXSize
     43          */

   \                                 In section .text, align 2, keep-with-next
     44          static int _GetXSize(const GUI_DRAW* pObj) {
     45            return GUI_BMP_GetXSize(pObj->Data.pData);
   \                     _GetXSize: (+1)
   \   00000000   0x6840             LDR      R0,[R0, #+4]
   \   00000002   0x.... 0x....      B.W      GUI_BMP_GetXSize
     46          }
     47          
     48          /*********************************************************************
     49          *
     50          *       _GetYSize
     51          */

   \                                 In section .text, align 2, keep-with-next
     52          static int _GetYSize(const GUI_DRAW* pObj) {
     53            return GUI_BMP_GetXSize(pObj->Data.pData);
   \                     _GetYSize: (+1)
   \   00000000   0x6840             LDR      R0,[R0, #+4]
   \   00000002   0x.... 0x....      B.W      GUI_BMP_GetXSize
     54          }
     55          
     56          /*********************************************************************
     57          *
     58          *       static data, ConstObj
     59          *
     60          **********************************************************************
     61          */

   \                                 In section .text, align 4, keep-with-next
     62          static const GUI_DRAW_CONSTS _ConstObjData = {
   \                     _ConstObjData:
   \   00000000   0x........         DC32 _Draw, _GetXSize, _GetYSize
   \              0x........   
   \              0x........   
     63            _Draw,
     64            _GetXSize,
     65            _GetYSize
     66          };
     67          
     68          /*********************************************************************
     69          *
     70          *       public code
     71          *
     72          **********************************************************************
     73          */
     74          /*********************************************************************
     75          *
     76          *       GUI_DRAW_BMP_Create
     77          */

   \                                 In section .text, align 2, keep-with-next
     78          WM_HMEM GUI_DRAW_BMP_Create(const void* pBMP, int x, int y) {
   \                     GUI_DRAW_BMP_Create: (+1)
   \   00000000   0xB5F8             PUSH     {R3-R7,LR}
   \   00000002   0x4604             MOV      R4,R0
   \   00000004   0x460D             MOV      R5,R1
   \   00000006   0x4616             MOV      R6,R2
     79            WM_HMEM hMem;
     80            hMem = GUI_ALLOC_AllocZero(sizeof(GUI_DRAW));
   \   00000008   0x200C             MOVS     R0,#+12
   \   0000000A   0x.... 0x....      BL       GUI_ALLOC_AllocZero
   \   0000000E   0x0007             MOVS     R7,R0
     81            if (hMem) {
   \   00000010   0xD007             BEQ.N    ??GUI_DRAW_BMP_Create_0
     82              GUI_DRAW* pObj;
     83              WM_LOCK();
     84              pObj = (GUI_DRAW*)GUI_ALLOC_h2p(hMem);
   \   00000012   0x.... 0x....      BL       GUI_ALLOC_h2p
     85              pObj->pConsts      = &_ConstObjData;
   \   00000016   0x.... 0x....      ADR.W    R1,_ConstObjData
   \   0000001A   0x6001             STR      R1,[R0, #+0]
     86              pObj->Data.pData   = pBMP;
   \   0000001C   0x6044             STR      R4,[R0, #+4]
     87              pObj->xOff         = x;
   \   0000001E   0x8105             STRH     R5,[R0, #+8]
     88              pObj->yOff         = y;
   \   00000020   0x8146             STRH     R6,[R0, #+10]
     89              WM_UNLOCK();
     90            }
     91            return hMem;
   \                     ??GUI_DRAW_BMP_Create_0: (+1)
   \   00000022   0x4638             MOV      R0,R7
   \   00000024   0xBDF2             POP      {R1,R4-R7,PC}    ;; return
     92          }
     93          
     94          
     95          #else                            /* Avoid problems with empty object modules */
     96            void GUI_DRAW_BMP_C(void) {}
     97          #endif

   Maximum stack usage in bytes:

   .cstack Function
   ------- --------
      24   GUI_DRAW_BMP_Create
        24   -> GUI_ALLOC_AllocZero
        24   -> GUI_ALLOC_h2p
       0   _Draw
         0   -> GUI_BMP_Draw
       0   _GetXSize
         0   -> GUI_BMP_GetXSize
       0   _GetYSize
         0   -> GUI_BMP_GetXSize


   Section sizes:

   Bytes  Function/Label
   -----  --------------
      38  GUI_DRAW_BMP_Create
      12  _ConstObjData
      18  _Draw
       6  _GetXSize
       6  _GetYSize

 
 80 bytes in section .text
 
 80 bytes of CODE memory

Errors: none
Warnings: none
