###############################################################################
#
# IAR ANSI C/C++ Compiler V7.10.1.6676/W32 for ARM        18/Jul/2019  10:58:15
# Copyright 1999-2014 IAR Systems AB.
#
#    Cpu mode     =  thumb
#    Endian       =  little
#    Source file  =  
#        E:\DLP_Proj\DLP_source\branches\DLP_opensource\Middlewares\gui\GUI\Core\GUI_MergeRect.c
#    Command line =  
#        E:\DLP_Proj\DLP_source\branches\DLP_opensource\Middlewares\gui\GUI\Core\GUI_MergeRect.c
#        -D USE_HAL_DRIVER -D STM32F407xx -D STM32F40_41xxx -D USE_HAL_LIB -D
#        MKS_DLP_BOARD -D TFT35 -lC
#        E:\DLP_Proj\DLP_source\branches\DLP_opensource\EWARM\mksDLP/List\ -lA
#        E:\DLP_Proj\DLP_source\branches\DLP_opensource\EWARM\mksDLP/List\
#        --diag_suppress Pa050 -o
#        E:\DLP_Proj\DLP_source\branches\DLP_opensource\EWARM\mksDLP/Obj\
#        --no_unroll --no_inline --no_tbaa --no_scheduling --debug
#        --endian=little --cpu=Cortex-M4F -e --char_is_signed --fpu=VFPv4_sp
#        --dlib_config "C:\Program Files (x86)\IAR Systems\Embedded Workbench
#        7.0\arm\INC\c\DLib_Config_Full.h" -I
#        E:\DLP_Proj\DLP_source\branches\DLP_opensource\EWARM/../Inc\ -I
#        E:\DLP_Proj\DLP_source\branches\DLP_opensource\EWARM/../Src\ -I
#        E:\DLP_Proj\DLP_source\branches\DLP_opensource\EWARM/../Drivers/STM32F4xx_HAL_Driver/Inc\
#        -I
#        E:\DLP_Proj\DLP_source\branches\DLP_opensource\EWARM/../Drivers/STM32F4xx_HAL_Driver/Inc/Legacy\
#        -I
#        E:\DLP_Proj\DLP_source\branches\DLP_opensource\EWARM/../Middlewares/Third_Party/FatFs/src/drivers\
#        -I
#        E:\DLP_Proj\DLP_source\branches\DLP_opensource\EWARM/../Middlewares/ST/STM32_USB_Host_Library/Core/Inc\
#        -I
#        E:\DLP_Proj\DLP_source\branches\DLP_opensource\EWARM/../Middlewares/ST/STM32_USB_Host_Library/Class/MSC/Inc\
#        -I
#        E:\DLP_Proj\DLP_source\branches\DLP_opensource\EWARM/../Drivers/CMSIS/Device/ST/STM32F4xx/Include\
#        -I
#        E:\DLP_Proj\DLP_source\branches\DLP_opensource\EWARM/../Middlewares/Third_Party/FatFs/src\
#        -I
#        E:\DLP_Proj\DLP_source\branches\DLP_opensource\EWARM/../Middlewares/Third_Party/Marlin\
#        -I
#        E:\DLP_Proj\DLP_source\branches\DLP_opensource\EWARM/../Drivers/CMSIS/Include\
#        -I
#        E:\DLP_Proj\DLP_source\branches\DLP_opensource\EWARM/../Drivers/BSP/variant\
#        -I
#        E:\DLP_Proj\DLP_source\branches\DLP_opensource\EWARM/../Drivers/BSP/Components/at24cxx\
#        -I
#        E:\DLP_Proj\DLP_source\branches\DLP_opensource\EWARM/../Drivers/BSP/Components/w25qxx\
#        -I
#        E:\DLP_Proj\DLP_source\branches\DLP_opensource\EWARM/../Drivers/BSP/Components/ssd2828\
#        -I
#        E:\DLP_Proj\DLP_source\branches\DLP_opensource\EWARM/../Drivers/BSP/Components/lcd\
#        -I
#        E:\DLP_Proj\DLP_source\branches\DLP_opensource\EWARM/../Drivers/libstmf4\
#        -I
#        E:\DLP_Proj\DLP_source\branches\DLP_opensource\EWARM/../Drivers/libstmf4/include\
#        -I
#        E:\DLP_Proj\DLP_source\branches\DLP_opensource\EWARM/../Middlewares/arduino/stm32/cores/arduino\
#        -I
#        E:\DLP_Proj\DLP_source\branches\DLP_opensource\EWARM/../Middlewares/gui\
#        -I
#        E:\DLP_Proj\DLP_source\branches\DLP_opensource\EWARM/../Middlewares/gui/GUI/ConvertColor\
#        -I
#        E:\DLP_Proj\DLP_source\branches\DLP_opensource\EWARM/../Middlewares/gui/GUI/ConvertMono\
#        -I
#        E:\DLP_Proj\DLP_source\branches\DLP_opensource\EWARM/../Middlewares/gui/GUI/Core\
#        -I
#        E:\DLP_Proj\DLP_source\branches\DLP_opensource\EWARM/../Middlewares/gui/GUI/Font\
#        -I
#        E:\DLP_Proj\DLP_source\branches\DLP_opensource\EWARM/../Middlewares/gui/AntiAlias\
#        -I
#        E:\DLP_Proj\DLP_source\branches\DLP_opensource\EWARM/../Middlewares/gui/GUI/GUIDemo\
#        -I
#        E:\DLP_Proj\DLP_source\branches\DLP_opensource\EWARM/../Middlewares/gui/GUI/LCDDriver\
#        -I
#        E:\DLP_Proj\DLP_source\branches\DLP_opensource\EWARM/../Middlewares/gui/GUI/MemDev\
#        -I
#        E:\DLP_Proj\DLP_source\branches\DLP_opensource\EWARM/../Middlewares/gui/GUI/MultiLayer\
#        -I
#        E:\DLP_Proj\DLP_source\branches\DLP_opensource\EWARM/../Middlewares/gui/GUI/Widget\
#        -I
#        E:\DLP_Proj\DLP_source\branches\DLP_opensource\EWARM/../Middlewares/gui/GUI/WM\
#        -I
#        E:\DLP_Proj\DLP_source\branches\DLP_opensource\EWARM/../Middlewares/gui/GUI_X\
#        -I
#        E:\DLP_Proj\DLP_source\branches\DLP_opensource\EWARM/../Middlewares/gui/Config\
#        -I E:\DLP_Proj\DLP_source\branches\DLP_opensource\EWARM/../User/ui\ -I
#        E:\DLP_Proj\DLP_source\branches\DLP_opensource\EWARM/../User/ui/Multi_language\
#        -I
#        E:\DLP_Proj\DLP_source\branches\DLP_opensource\EWARM/../User/ui/QRENCODE\
#        -Om --use_c++_inline -I "C:\Program Files (x86)\IAR Systems\Embedded
#        Workbench 7.0\arm\CMSIS\Include\"
#    List file    =  
#        E:\DLP_Proj\DLP_source\branches\DLP_opensource\EWARM\mksDLP/List\GUI_MergeRect.lst
#    Object file  =  
#        E:\DLP_Proj\DLP_source\branches\DLP_opensource\EWARM\mksDLP/Obj\GUI_MergeRect.o
#
###############################################################################

E:\DLP_Proj\DLP_source\branches\DLP_opensource\Middlewares\gui\GUI\Core\GUI_MergeRect.c
      1          /*
      2          *********************************************************************************************************
      3          *                                                uC/GUI
      4          *                        Universal graphic software for embedded applications
      5          *
      6          *                       (c) Copyright 2002, Micrium Inc., Weston, FL
      7          *                       (c) Copyright 2002, SEGGER Microcontroller Systeme GmbH
      8          *
      9          *              µC/GUI is protected by international copyright laws. Knowledge of the
     10          *              source code may not be used to write a similar product. This file may
     11          *              only be used in accordance with a license and should not be redistributed
     12          *              in any way. We appreciate your understanding and fairness.
     13          *
     14          ----------------------------------------------------------------------
     15          File        : GUI_MergeRect.c
     16          Purpose     : Implementation of GUI_MergeRect
     17          ----------------------------------------------------------------------
     18          */
     19          
     20          #include "GUI.h"
     21          #include "GUIDebug.h"
     22          
     23          /*********************************************************************
     24          *
     25          *       Defines
     26          *
     27          **********************************************************************
     28          */
     29          
     30          #define Min(v0,v1) ((v0>v1) ? v1 : v0)
     31          #define Max(v0,v1) ((v0>v1) ? v0 : v1)
     32          
     33          /*********************************************************************
     34          *
     35          *       Public code
     36          *
     37          **********************************************************************
     38          */
     39          /*********************************************************************
     40          *
     41          *       GUI_MergeRect
     42          *
     43          * Purpose:
     44          *   Calc smalles rectangles containing both rects.
     45          */

   \                                 In section .text, align 2, keep-with-next
     46          void GUI_MergeRect(GUI_RECT* pDest, const GUI_RECT* pr0, const GUI_RECT* pr1) {
     47            if (pDest) {
   \                     GUI_MergeRect: (+1)
   \   00000000   0x2800             CMP      R0,#+0
   \   00000002   0xD100             BNE.N    ??GUI_MergeRect_0
   \   00000004   0x4770             BX       LR
     48              if (pr0 && pr1) {
   \                     ??GUI_MergeRect_0: (+1)
   \   00000006   0xB418             PUSH     {R3,R4}
   \   00000008   0x2900             CMP      R1,#+0
   \   0000000A   0xD022             BEQ.N    ??GUI_MergeRect_1
   \   0000000C   0x2A00             CMP      R2,#+0
   \   0000000E   0xD020             BEQ.N    ??GUI_MergeRect_1
     49                pDest->x0 = Min(pr0->x0, pr1->x0);
   \   00000010   0xF9B1 0x3000      LDRSH    R3,[R1, #+0]
   \   00000014   0xF9B2 0x4000      LDRSH    R4,[R2, #+0]
   \   00000018   0x429C             CMP      R4,R3
   \   0000001A   0xDA00             BGE.N    ??GUI_MergeRect_2
   \   0000001C   0x4623             MOV      R3,R4
   \                     ??GUI_MergeRect_2: (+1)
   \   0000001E   0x8003             STRH     R3,[R0, #+0]
     50                pDest->y0 = Min(pr0->y0, pr1->y0);
   \   00000020   0xF9B2 0x3002      LDRSH    R3,[R2, #+2]
   \   00000024   0xF9B1 0x4002      LDRSH    R4,[R1, #+2]
   \   00000028   0x42A3             CMP      R3,R4
   \   0000002A   0xDD00             BLE.N    ??GUI_MergeRect_3
   \   0000002C   0x4623             MOV      R3,R4
   \                     ??GUI_MergeRect_3: (+1)
   \   0000002E   0x8043             STRH     R3,[R0, #+2]
     51                pDest->x1 = Max(pr0->x1, pr1->x1);
   \   00000030   0xF9B2 0x3004      LDRSH    R3,[R2, #+4]
   \   00000034   0xF9B1 0x4004      LDRSH    R4,[R1, #+4]
   \   00000038   0x42A3             CMP      R3,R4
   \   0000003A   0xDA00             BGE.N    ??GUI_MergeRect_4
   \   0000003C   0x4623             MOV      R3,R4
   \                     ??GUI_MergeRect_4: (+1)
   \   0000003E   0x8083             STRH     R3,[R0, #+4]
     52                pDest->y1 = Max(pr0->y1, pr1->y1);
   \   00000040   0xF9B2 0x3006      LDRSH    R3,[R2, #+6]
   \   00000044   0xF9B1 0x4006      LDRSH    R4,[R1, #+6]
   \   00000048   0x42A3             CMP      R3,R4
   \   0000004A   0xDA00             BGE.N    ??GUI_MergeRect_5
   \   0000004C   0x4623             MOV      R3,R4
   \                     ??GUI_MergeRect_5: (+1)
   \   0000004E   0x80C3             STRH     R3,[R0, #+6]
     53                return;
   \   00000050   0xE006             B.N      ??GUI_MergeRect_6
     54              }
     55              *pDest = *(pr0 ? pr0 : pr1);
   \                     ??GUI_MergeRect_1: (+1)
   \   00000052   0x2900             CMP      R1,#+0
   \   00000054   0xD100             BNE.N    ??GUI_MergeRect_7
   \   00000056   0x4611             MOV      R1,R2
   \                     ??GUI_MergeRect_7: (+1)
   \   00000058   0x2208             MOVS     R2,#+8
   \   0000005A   0xBC18             POP      {R3,R4}
   \   0000005C   0x.... 0x....      B.W      __aeabi_memcpy
     56            }
     57          }
   \                     ??GUI_MergeRect_6: (+1)
   \   00000060   0xBC11             POP      {R0,R4}
   \   00000062   0x4770             BX       LR               ;; return
     58          
     59          /*************************** End of file ****************************/

   Maximum stack usage in bytes:

   .cstack Function
   ------- --------
       8   GUI_MergeRect
         0   -> __aeabi_memcpy


   Section sizes:

   Bytes  Function/Label
   -----  --------------
     100  GUI_MergeRect

 
 100 bytes in section .text
 
 100 bytes of CODE memory

Errors: none
Warnings: none
