###############################################################################
#
# IAR ANSI C/C++ Compiler V7.10.1.6676/W32 for ARM        18/Jul/2019  10:58:11
# Copyright 1999-2014 IAR Systems AB.
#
#    Cpu mode     =  thumb
#    Endian       =  little
#    Source file  =  
#        E:\DLP_Proj\DLP_source\branches\DLP_opensource\Middlewares\gui\GUI\Core\GUI_DrawPie.c
#    Command line =  
#        E:\DLP_Proj\DLP_source\branches\DLP_opensource\Middlewares\gui\GUI\Core\GUI_DrawPie.c
#        -D USE_HAL_DRIVER -D STM32F407xx -D STM32F40_41xxx -D USE_HAL_LIB -D
#        MKS_DLP_BOARD -D TFT35 -lC
#        E:\DLP_Proj\DLP_source\branches\DLP_opensource\EWARM\mksDLP/List\ -lA
#        E:\DLP_Proj\DLP_source\branches\DLP_opensource\EWARM\mksDLP/List\
#        --diag_suppress Pa050 -o
#        E:\DLP_Proj\DLP_source\branches\DLP_opensource\EWARM\mksDLP/Obj\
#        --no_unroll --no_inline --no_tbaa --no_scheduling --debug
#        --endian=little --cpu=Cortex-M4F -e --char_is_signed --fpu=VFPv4_sp
#        --dlib_config "C:\Program Files (x86)\IAR Systems\Embedded Workbench
#        7.0\arm\INC\c\DLib_Config_Full.h" -I
#        E:\DLP_Proj\DLP_source\branches\DLP_opensource\EWARM/../Inc\ -I
#        E:\DLP_Proj\DLP_source\branches\DLP_opensource\EWARM/../Src\ -I
#        E:\DLP_Proj\DLP_source\branches\DLP_opensource\EWARM/../Drivers/STM32F4xx_HAL_Driver/Inc\
#        -I
#        E:\DLP_Proj\DLP_source\branches\DLP_opensource\EWARM/../Drivers/STM32F4xx_HAL_Driver/Inc/Legacy\
#        -I
#        E:\DLP_Proj\DLP_source\branches\DLP_opensource\EWARM/../Middlewares/Third_Party/FatFs/src/drivers\
#        -I
#        E:\DLP_Proj\DLP_source\branches\DLP_opensource\EWARM/../Middlewares/ST/STM32_USB_Host_Library/Core/Inc\
#        -I
#        E:\DLP_Proj\DLP_source\branches\DLP_opensource\EWARM/../Middlewares/ST/STM32_USB_Host_Library/Class/MSC/Inc\
#        -I
#        E:\DLP_Proj\DLP_source\branches\DLP_opensource\EWARM/../Drivers/CMSIS/Device/ST/STM32F4xx/Include\
#        -I
#        E:\DLP_Proj\DLP_source\branches\DLP_opensource\EWARM/../Middlewares/Third_Party/FatFs/src\
#        -I
#        E:\DLP_Proj\DLP_source\branches\DLP_opensource\EWARM/../Middlewares/Third_Party/Marlin\
#        -I
#        E:\DLP_Proj\DLP_source\branches\DLP_opensource\EWARM/../Drivers/CMSIS/Include\
#        -I
#        E:\DLP_Proj\DLP_source\branches\DLP_opensource\EWARM/../Drivers/BSP/variant\
#        -I
#        E:\DLP_Proj\DLP_source\branches\DLP_opensource\EWARM/../Drivers/BSP/Components/at24cxx\
#        -I
#        E:\DLP_Proj\DLP_source\branches\DLP_opensource\EWARM/../Drivers/BSP/Components/w25qxx\
#        -I
#        E:\DLP_Proj\DLP_source\branches\DLP_opensource\EWARM/../Drivers/BSP/Components/ssd2828\
#        -I
#        E:\DLP_Proj\DLP_source\branches\DLP_opensource\EWARM/../Drivers/BSP/Components/lcd\
#        -I
#        E:\DLP_Proj\DLP_source\branches\DLP_opensource\EWARM/../Drivers/libstmf4\
#        -I
#        E:\DLP_Proj\DLP_source\branches\DLP_opensource\EWARM/../Drivers/libstmf4/include\
#        -I
#        E:\DLP_Proj\DLP_source\branches\DLP_opensource\EWARM/../Middlewares/arduino/stm32/cores/arduino\
#        -I
#        E:\DLP_Proj\DLP_source\branches\DLP_opensource\EWARM/../Middlewares/gui\
#        -I
#        E:\DLP_Proj\DLP_source\branches\DLP_opensource\EWARM/../Middlewares/gui/GUI/ConvertColor\
#        -I
#        E:\DLP_Proj\DLP_source\branches\DLP_opensource\EWARM/../Middlewares/gui/GUI/ConvertMono\
#        -I
#        E:\DLP_Proj\DLP_source\branches\DLP_opensource\EWARM/../Middlewares/gui/GUI/Core\
#        -I
#        E:\DLP_Proj\DLP_source\branches\DLP_opensource\EWARM/../Middlewares/gui/GUI/Font\
#        -I
#        E:\DLP_Proj\DLP_source\branches\DLP_opensource\EWARM/../Middlewares/gui/AntiAlias\
#        -I
#        E:\DLP_Proj\DLP_source\branches\DLP_opensource\EWARM/../Middlewares/gui/GUI/GUIDemo\
#        -I
#        E:\DLP_Proj\DLP_source\branches\DLP_opensource\EWARM/../Middlewares/gui/GUI/LCDDriver\
#        -I
#        E:\DLP_Proj\DLP_source\branches\DLP_opensource\EWARM/../Middlewares/gui/GUI/MemDev\
#        -I
#        E:\DLP_Proj\DLP_source\branches\DLP_opensource\EWARM/../Middlewares/gui/GUI/MultiLayer\
#        -I
#        E:\DLP_Proj\DLP_source\branches\DLP_opensource\EWARM/../Middlewares/gui/GUI/Widget\
#        -I
#        E:\DLP_Proj\DLP_source\branches\DLP_opensource\EWARM/../Middlewares/gui/GUI/WM\
#        -I
#        E:\DLP_Proj\DLP_source\branches\DLP_opensource\EWARM/../Middlewares/gui/GUI_X\
#        -I
#        E:\DLP_Proj\DLP_source\branches\DLP_opensource\EWARM/../Middlewares/gui/Config\
#        -I E:\DLP_Proj\DLP_source\branches\DLP_opensource\EWARM/../User/ui\ -I
#        E:\DLP_Proj\DLP_source\branches\DLP_opensource\EWARM/../User/ui/Multi_language\
#        -I
#        E:\DLP_Proj\DLP_source\branches\DLP_opensource\EWARM/../User/ui/QRENCODE\
#        -Om --use_c++_inline -I "C:\Program Files (x86)\IAR Systems\Embedded
#        Workbench 7.0\arm\CMSIS\Include\"
#    List file    =  
#        E:\DLP_Proj\DLP_source\branches\DLP_opensource\EWARM\mksDLP/List\GUI_DrawPie.lst
#    Object file  =  
#        E:\DLP_Proj\DLP_source\branches\DLP_opensource\EWARM\mksDLP/Obj\GUI_DrawPie.o
#
###############################################################################

E:\DLP_Proj\DLP_source\branches\DLP_opensource\Middlewares\gui\GUI\Core\GUI_DrawPie.c
      1          /*
      2          *********************************************************************************************************
      3          *                                                uC/GUI
      4          *                        Universal graphic software for embedded applications
      5          *
      6          *                       (c) Copyright 2002, Micrium Inc., Weston, FL
      7          *                       (c) Copyright 2002, SEGGER Microcontroller Systeme GmbH
      8          *
      9          *              µC/GUI is protected by international copyright laws. Knowledge of the
     10          *              source code may not be used to write a similar product. This file may
     11          *              only be used in accordance with a license and should not be redistributed
     12          *              in any way. We appreciate your understanding and fairness.
     13          *
     14          ----------------------------------------------------------------------
     15          File        : GUIARCFloat.C
     16          Purpose     : Draw Arc routines based on floating point
     17          ---------------------------END-OF-HEADER------------------------------
     18          */
     19          
     20          #include <stddef.h>           /* needed for definition of NULL */
     21          #include "GUI_Protected.h"
     22          
     23          /*********************************************************************
     24          *
     25          *       Static code
     26          *
     27          **********************************************************************
     28          */
     29          /*********************************************************************
     30          *
     31          *       _DrawPie
     32          */

   \                                 In section .text, align 2, keep-with-next
     33          static void _DrawPie(int x0, int y0, unsigned int r, int Angle0, int Angle1, int Type) {
   \                     _DrawPie: (+1)
   \   00000000   0xE92D 0x41FC      PUSH     {R2-R8,LR}
   \   00000004   0x4604             MOV      R4,R0
   \   00000006   0x460D             MOV      R5,R1
   \   00000008   0x4616             MOV      R6,R2
   \   0000000A   0x461F             MOV      R7,R3
     34            int PenSizeOld;
     35            PenSizeOld = GUI_GetPenSize();
   \   0000000C   0x.... 0x....      BL       GUI_GetPenSize
   \   00000010   0x4680             MOV      R8,R0
     36            GUI_SetPenSize(r);
   \   00000012   0x4630             MOV      R0,R6
   \   00000014   0xB2C0             UXTB     R0,R0
   \   00000016   0x.... 0x....      BL       GUI_SetPenSize
     37            r /= 2;
   \   0000001A   0x0872             LSRS     R2,R6,#+1
     38            GL_DrawArc(x0,y0,r,r,Angle0, Angle1);
   \   0000001C   0x9808             LDR      R0,[SP, #+32]
   \   0000001E   0x9001             STR      R0,[SP, #+4]
   \   00000020   0x9700             STR      R7,[SP, #+0]
   \   00000022   0x4613             MOV      R3,R2
   \   00000024   0x4629             MOV      R1,R5
   \   00000026   0x4620             MOV      R0,R4
   \   00000028   0x.... 0x....      BL       GL_DrawArc
     39            GUI_SetPenSize(PenSizeOld);
   \   0000002C   0x4640             MOV      R0,R8
   \   0000002E   0xE8BD 0x41F6      POP      {R1,R2,R4-R8,LR}
   \   00000032   0x.... 0x....      B.W      GUI_SetPenSize
     40            GUI_USE_PARA(Type);
     41          }
     42          
     43          /*********************************************************************
     44          *
     45          *       Public code
     46          *
     47          **********************************************************************
     48          */
     49          /*********************************************************************
     50          *
     51          *       GUI_DrawPie
     52          */

   \                                 In section .text, align 2, keep-with-next
     53          void GUI_DrawPie(int x0, int y0, int r, int a0, int a1, int Type) {
   \                     GUI_DrawPie: (+1)
   \   00000000   0xE92D 0x43F0      PUSH     {R4-R9,LR}
   \   00000004   0xB083             SUB      SP,SP,#+12
   \   00000006   0x4614             MOV      R4,R2
   \   00000008   0x461D             MOV      R5,R3
     54            GUI_LOCK();
     55            #if GUI_WINSUPPORT
     56              WM_ADDORG(x0,y0);
   \   0000000A   0x....             LDR.N    R2,??DataTable0
   \   0000000C   0x6C13             LDR      R3,[R2, #+64]
   \   0000000E   0xEB03 0x0800      ADD      R8,R3,R0
   \   00000012   0x6C50             LDR      R0,[R2, #+68]
   \   00000014   0xEB00 0x0901      ADD      R9,R0,R1
     57              WM_ITERATE_START(NULL) {
   \   00000018   0x2000             MOVS     R0,#+0
   \   0000001A   0x.... 0x....      BL       WM__InitIVRSearch
   \   0000001E   0x2800             CMP      R0,#+0
   \   00000020   0xD00D             BEQ.N    ??GUI_DrawPie_0
   \   00000022   0x9E0A             LDR      R6,[SP, #+40]
   \   00000024   0x9F0B             LDR      R7,[SP, #+44]
     58            #endif
     59            _DrawPie( x0, y0, r, a0, a1, Type);
   \                     ??GUI_DrawPie_1: (+1)
   \   00000026   0x9701             STR      R7,[SP, #+4]
   \   00000028   0x9600             STR      R6,[SP, #+0]
   \   0000002A   0x462B             MOV      R3,R5
   \   0000002C   0x4622             MOV      R2,R4
   \   0000002E   0x4649             MOV      R1,R9
   \   00000030   0x4640             MOV      R0,R8
   \   00000032   0x.... 0x....      BL       _DrawPie
     60            #if GUI_WINSUPPORT
     61              } WM_ITERATE_END();
   \   00000036   0x.... 0x....      BL       WM__GetNextIVR
   \   0000003A   0x2800             CMP      R0,#+0
   \   0000003C   0xD1F3             BNE.N    ??GUI_DrawPie_1
     62            #endif
     63            GUI_UNLOCK();
     64          }
   \                     ??GUI_DrawPie_0: (+1)
   \   0000003E   0xE8BD 0x83F7      POP      {R0-R2,R4-R9,PC}  ;; return

   \                                 In section .text, align 4, keep-with-next
   \                     ??DataTable0:
   \   00000000   0x........         DC32     GUI_Context
     65          
     66          /*************************** End of file ****************************/

   Maximum stack usage in bytes:

   .cstack Function
   ------- --------
      40   GUI_DrawPie
        40   -> WM__GetNextIVR
        40   -> WM__InitIVRSearch
        40   -> _DrawPie
      32   _DrawPie
        32   -> GL_DrawArc
        32   -> GUI_GetPenSize
         0   -> GUI_SetPenSize
        32   -> GUI_SetPenSize


   Section sizes:

   Bytes  Function/Label
   -----  --------------
       4  ??DataTable0
      66  GUI_DrawPie
      54  _DrawPie

 
 124 bytes in section .text
 
 124 bytes of CODE memory

Errors: none
Warnings: none
