###############################################################################
#
# IAR ANSI C/C++ Compiler V7.10.1.6676/W32 for ARM        18/Jul/2019  10:58:18
# Copyright 1999-2014 IAR Systems AB.
#
#    Cpu mode     =  thumb
#    Endian       =  little
#    Source file  =  
#        E:\DLP_Proj\DLP_source\branches\DLP_opensource\Middlewares\gui\GUI\Core\GUI_SetTextStyle.c
#    Command line =  
#        E:\DLP_Proj\DLP_source\branches\DLP_opensource\Middlewares\gui\GUI\Core\GUI_SetTextStyle.c
#        -D USE_HAL_DRIVER -D STM32F407xx -D STM32F40_41xxx -D USE_HAL_LIB -D
#        MKS_DLP_BOARD -D TFT35 -lC
#        E:\DLP_Proj\DLP_source\branches\DLP_opensource\EWARM\mksDLP/List\ -lA
#        E:\DLP_Proj\DLP_source\branches\DLP_opensource\EWARM\mksDLP/List\
#        --diag_suppress Pa050 -o
#        E:\DLP_Proj\DLP_source\branches\DLP_opensource\EWARM\mksDLP/Obj\
#        --no_unroll --no_inline --no_tbaa --no_scheduling --debug
#        --endian=little --cpu=Cortex-M4F -e --char_is_signed --fpu=VFPv4_sp
#        --dlib_config "C:\Program Files (x86)\IAR Systems\Embedded Workbench
#        7.0\arm\INC\c\DLib_Config_Full.h" -I
#        E:\DLP_Proj\DLP_source\branches\DLP_opensource\EWARM/../Inc\ -I
#        E:\DLP_Proj\DLP_source\branches\DLP_opensource\EWARM/../Src\ -I
#        E:\DLP_Proj\DLP_source\branches\DLP_opensource\EWARM/../Drivers/STM32F4xx_HAL_Driver/Inc\
#        -I
#        E:\DLP_Proj\DLP_source\branches\DLP_opensource\EWARM/../Drivers/STM32F4xx_HAL_Driver/Inc/Legacy\
#        -I
#        E:\DLP_Proj\DLP_source\branches\DLP_opensource\EWARM/../Middlewares/Third_Party/FatFs/src/drivers\
#        -I
#        E:\DLP_Proj\DLP_source\branches\DLP_opensource\EWARM/../Middlewares/ST/STM32_USB_Host_Library/Core/Inc\
#        -I
#        E:\DLP_Proj\DLP_source\branches\DLP_opensource\EWARM/../Middlewares/ST/STM32_USB_Host_Library/Class/MSC/Inc\
#        -I
#        E:\DLP_Proj\DLP_source\branches\DLP_opensource\EWARM/../Drivers/CMSIS/Device/ST/STM32F4xx/Include\
#        -I
#        E:\DLP_Proj\DLP_source\branches\DLP_opensource\EWARM/../Middlewares/Third_Party/FatFs/src\
#        -I
#        E:\DLP_Proj\DLP_source\branches\DLP_opensource\EWARM/../Middlewares/Third_Party/Marlin\
#        -I
#        E:\DLP_Proj\DLP_source\branches\DLP_opensource\EWARM/../Drivers/CMSIS/Include\
#        -I
#        E:\DLP_Proj\DLP_source\branches\DLP_opensource\EWARM/../Drivers/BSP/variant\
#        -I
#        E:\DLP_Proj\DLP_source\branches\DLP_opensource\EWARM/../Drivers/BSP/Components/at24cxx\
#        -I
#        E:\DLP_Proj\DLP_source\branches\DLP_opensource\EWARM/../Drivers/BSP/Components/w25qxx\
#        -I
#        E:\DLP_Proj\DLP_source\branches\DLP_opensource\EWARM/../Drivers/BSP/Components/ssd2828\
#        -I
#        E:\DLP_Proj\DLP_source\branches\DLP_opensource\EWARM/../Drivers/BSP/Components/lcd\
#        -I
#        E:\DLP_Proj\DLP_source\branches\DLP_opensource\EWARM/../Drivers/libstmf4\
#        -I
#        E:\DLP_Proj\DLP_source\branches\DLP_opensource\EWARM/../Drivers/libstmf4/include\
#        -I
#        E:\DLP_Proj\DLP_source\branches\DLP_opensource\EWARM/../Middlewares/arduino/stm32/cores/arduino\
#        -I
#        E:\DLP_Proj\DLP_source\branches\DLP_opensource\EWARM/../Middlewares/gui\
#        -I
#        E:\DLP_Proj\DLP_source\branches\DLP_opensource\EWARM/../Middlewares/gui/GUI/ConvertColor\
#        -I
#        E:\DLP_Proj\DLP_source\branches\DLP_opensource\EWARM/../Middlewares/gui/GUI/ConvertMono\
#        -I
#        E:\DLP_Proj\DLP_source\branches\DLP_opensource\EWARM/../Middlewares/gui/GUI/Core\
#        -I
#        E:\DLP_Proj\DLP_source\branches\DLP_opensource\EWARM/../Middlewares/gui/GUI/Font\
#        -I
#        E:\DLP_Proj\DLP_source\branches\DLP_opensource\EWARM/../Middlewares/gui/AntiAlias\
#        -I
#        E:\DLP_Proj\DLP_source\branches\DLP_opensource\EWARM/../Middlewares/gui/GUI/GUIDemo\
#        -I
#        E:\DLP_Proj\DLP_source\branches\DLP_opensource\EWARM/../Middlewares/gui/GUI/LCDDriver\
#        -I
#        E:\DLP_Proj\DLP_source\branches\DLP_opensource\EWARM/../Middlewares/gui/GUI/MemDev\
#        -I
#        E:\DLP_Proj\DLP_source\branches\DLP_opensource\EWARM/../Middlewares/gui/GUI/MultiLayer\
#        -I
#        E:\DLP_Proj\DLP_source\branches\DLP_opensource\EWARM/../Middlewares/gui/GUI/Widget\
#        -I
#        E:\DLP_Proj\DLP_source\branches\DLP_opensource\EWARM/../Middlewares/gui/GUI/WM\
#        -I
#        E:\DLP_Proj\DLP_source\branches\DLP_opensource\EWARM/../Middlewares/gui/GUI_X\
#        -I
#        E:\DLP_Proj\DLP_source\branches\DLP_opensource\EWARM/../Middlewares/gui/Config\
#        -I E:\DLP_Proj\DLP_source\branches\DLP_opensource\EWARM/../User/ui\ -I
#        E:\DLP_Proj\DLP_source\branches\DLP_opensource\EWARM/../User/ui/Multi_language\
#        -I
#        E:\DLP_Proj\DLP_source\branches\DLP_opensource\EWARM/../User/ui/QRENCODE\
#        -Om --use_c++_inline -I "C:\Program Files (x86)\IAR Systems\Embedded
#        Workbench 7.0\arm\CMSIS\Include\"
#    List file    =  
#        E:\DLP_Proj\DLP_source\branches\DLP_opensource\EWARM\mksDLP/List\GUI_SetTextStyle.lst
#    Object file  =  
#        E:\DLP_Proj\DLP_source\branches\DLP_opensource\EWARM\mksDLP/Obj\GUI_SetTextStyle.o
#
###############################################################################

E:\DLP_Proj\DLP_source\branches\DLP_opensource\Middlewares\gui\GUI\Core\GUI_SetTextStyle.c
      1          /*
      2          *********************************************************************************************************
      3          *                                                uC/GUI
      4          *                        Universal graphic software for embedded applications
      5          *
      6          *                       (c) Copyright 2002, Micrium Inc., Weston, FL
      7          *                       (c) Copyright 2002, SEGGER Microcontroller Systeme GmbH
      8          *
      9          *              µC/GUI is protected by international copyright laws. Knowledge of the
     10          *              source code may not be used to write a similar product. This file may
     11          *              only be used in accordance with a license and should not be redistributed
     12          *              in any way. We appreciate your understanding and fairness.
     13          *
     14          ----------------------------------------------------------------------
     15          File        : GUI_SetTextStyle.C
     16          Purpose     : Implementation of various text styles
     17          ---------------------------END-OF-HEADER------------------------------
     18          */
     19          
     20          #include <stddef.h>           /* needed for definition of NULL */
     21          #include <stdio.h>
     22          #include "GUI_Protected.h"
     23          
     24          /*********************************************************************
     25          *
     26          *       Static code
     27          *
     28          **********************************************************************
     29          */
     30          /*********************************************************************
     31          *
     32          *       GUI__cbDrawTextStyle
     33          */

   \                                 In section .text, align 2, keep-with-next
     34          static void GUI__cbDrawTextStyle(U16 Char) {
   \                     GUI__cbDrawTextStyle: (+1)
   \   00000000   0xB570             PUSH     {R4-R6,LR}
     35            int x0, x1;
     36            x1 = GUI_Context.DispPosX - 1;
   \   00000002   0x....             LDR.N    R4,??DataTable1
   \   00000004   0xF9B4 0x1022      LDRSH    R1,[R4, #+34]
   \   00000008   0x1E4D             SUBS     R5,R1,#+1
     37            x0 = x1 - GUI_Context.pAFont->pfGetCharDistX(Char) + 1;
   \   0000000A   0x69A1             LDR      R1,[R4, #+24]
   \   0000000C   0x6849             LDR      R1,[R1, #+4]
   \   0000000E   0x4788             BLX      R1
   \   00000010   0x1A28             SUBS     R0,R5,R0
   \   00000012   0x1C46             ADDS     R6,R0,#+1
     38            /* Handle Underline */
     39            if (GUI_Context.TextStyle & GUI_TS_UNDERLINE) {
   \   00000014   0x7BA0             LDRB     R0,[R4, #+14]
   \   00000016   0x07C0             LSLS     R0,R0,#+31
   \   00000018   0xD50C             BPL.N    ??GUI__cbDrawTextStyle_0
     40              int yOff = GUI_Context.pAFont->Baseline;
   \   0000001A   0x69A0             LDR      R0,[R4, #+24]
   \   0000001C   0x7F01             LDRB     R1,[R0, #+28]
   \   0000001E   0x7D00             LDRB     R0,[R0, #+20]
   \   00000020   0x4281             CMP      R1,R0
   \   00000022   0xDB00             BLT.N    ??GUI__cbDrawTextStyle_1
     41              if (yOff >= GUI_Context.pAFont->YSize) {
     42                yOff = GUI_Context.pAFont->YSize - 1;
   \   00000024   0x1E41             SUBS     R1,R0,#+1
     43              }
     44              LCD_DrawHLine(x0, GUI_Context.DispPosY + yOff, x1);
   \                     ??GUI__cbDrawTextStyle_1: (+1)
   \   00000026   0x462A             MOV      R2,R5
   \   00000028   0xF9B4 0x0024      LDRSH    R0,[R4, #+36]
   \   0000002C   0x1809             ADDS     R1,R1,R0
   \   0000002E   0x4630             MOV      R0,R6
   \   00000030   0x.... 0x....      BL       LCD_DrawHLine
     45            }
     46            /* Handle strike thru */
     47            if (GUI_Context.TextStyle & GUI_TS_STRIKETHRU) {
   \                     ??GUI__cbDrawTextStyle_0: (+1)
   \   00000034   0x7BA0             LDRB     R0,[R4, #+14]
   \   00000036   0x0780             LSLS     R0,R0,#+30
   \   00000038   0xD50E             BPL.N    ??GUI__cbDrawTextStyle_2
     48              int yOff = GUI_Context.pAFont->Baseline - ((GUI_Context.pAFont->CHeight + 1) / 2);
     49              LCD_DrawHLine(x0, GUI_Context.DispPosY + yOff, x1);
   \   0000003A   0x69A0             LDR      R0,[R4, #+24]
   \   0000003C   0x7F81             LDRB     R1,[R0, #+30]
   \   0000003E   0x1C49             ADDS     R1,R1,#+1
   \   00000040   0x462A             MOV      R2,R5
   \   00000042   0xF9B4 0x3024      LDRSH    R3,[R4, #+36]
   \   00000046   0x7F00             LDRB     R0,[R0, #+28]
   \   00000048   0x18C0             ADDS     R0,R0,R3
   \   0000004A   0xEB01 0x71D1      ADD      R1,R1,R1, LSR #+31
   \   0000004E   0xEBA0 0x0161      SUB      R1,R0,R1, ASR #+1
   \   00000052   0x4630             MOV      R0,R6
   \   00000054   0x.... 0x....      BL       LCD_DrawHLine
     50            }
     51            /* Handle over line */
     52            if (GUI_Context.TextStyle & GUI_TS_OVERLINE) {
   \                     ??GUI__cbDrawTextStyle_2: (+1)
   \   00000058   0x7BA0             LDRB     R0,[R4, #+14]
   \   0000005A   0x0740             LSLS     R0,R0,#+29
   \   0000005C   0xD50F             BPL.N    ??GUI__cbDrawTextStyle_3
     53              int yOff = GUI_Context.pAFont->Baseline - GUI_Context.pAFont->CHeight - 1;
   \   0000005E   0x69A0             LDR      R0,[R4, #+24]
   \   00000060   0x7F01             LDRB     R1,[R0, #+28]
   \   00000062   0x7F80             LDRB     R0,[R0, #+30]
   \   00000064   0x1A08             SUBS     R0,R1,R0
   \   00000066   0x1E40             SUBS     R0,R0,#+1
     54              if (yOff < 0) {
   \   00000068   0xD500             BPL.N    ??GUI__cbDrawTextStyle_4
     55                yOff = 0;
   \   0000006A   0x2000             MOVS     R0,#+0
     56              }
     57              LCD_DrawHLine(x0, GUI_Context.DispPosY + yOff, x1);
   \                     ??GUI__cbDrawTextStyle_4: (+1)
   \   0000006C   0x462A             MOV      R2,R5
   \   0000006E   0xF9B4 0x1024      LDRSH    R1,[R4, #+36]
   \   00000072   0x1841             ADDS     R1,R0,R1
   \   00000074   0x4630             MOV      R0,R6
   \   00000076   0xE8BD 0x4070      POP      {R4-R6,LR}
   \   0000007A   0x.... 0x....      B.W      LCD_DrawHLine
     58            }
     59          }
   \                     ??GUI__cbDrawTextStyle_3: (+1)
   \   0000007E   0xBD70             POP      {R4-R6,PC}       ;; return
     60          
     61          /*********************************************************************
     62          *
     63          *       Public code
     64          *
     65          **********************************************************************
     66          */
     67          /*********************************************************************
     68          *
     69          *       GUI_SetTextStyle
     70          */

   \                                 In section .text, align 2, keep-with-next
     71          char GUI_SetTextStyle(char Style) {
   \                     GUI_SetTextStyle: (+1)
   \   00000000   0xB410             PUSH     {R4}
     72            char OldStyle;
     73            GUI_LOCK();
     74            OldStyle = GUI_Context.TextStyle;
   \   00000002   0x....             LDR.N    R2,??DataTable1
   \   00000004   0xF992 0x100E      LDRSB    R1,[R2, #+14]
     75            GUI_pfDispCharStyle = GUI__cbDrawTextStyle;    /* Init function pointer (function in this module) */
   \   00000008   0x....             LDR.N    R3,??DataTable1_1
   \   0000000A   0x....             LDR.N    R4,??DataTable1_2
   \   0000000C   0x6023             STR      R3,[R4, #+0]
     76            GUI_Context.TextStyle = Style;
   \   0000000E   0x7390             STRB     R0,[R2, #+14]
     77            GUI_UNLOCK();
     78            return OldStyle;
   \   00000010   0x4608             MOV      R0,R1
   \   00000012   0xBC10             POP      {R4}
   \   00000014   0x4770             BX       LR               ;; return
     79          }

   \                                 In section .text, align 4, keep-with-next
   \                     ??DataTable1:
   \   00000000   0x........         DC32     GUI_Context

   \                                 In section .text, align 4, keep-with-next
   \                     ??DataTable1_1:
   \   00000000   0x........         DC32     GUI__cbDrawTextStyle

   \                                 In section .text, align 4, keep-with-next
   \                     ??DataTable1_2:
   \   00000000   0x........         DC32     GUI_pfDispCharStyle
     80          
     81          /*************************** End of file ****************************/

   Maximum stack usage in bytes:

   .cstack Function
   ------- --------
       4   GUI_SetTextStyle
      16   GUI__cbDrawTextStyle
        16   -- Indirect call
         0   -> LCD_DrawHLine
        16   -> LCD_DrawHLine


   Section sizes:

   Bytes  Function/Label
   -----  --------------
       4  ??DataTable1
       4  ??DataTable1_1
       4  ??DataTable1_2
      22  GUI_SetTextStyle
     128  GUI__cbDrawTextStyle

 
 162 bytes in section .text
 
 162 bytes of CODE memory

Errors: none
Warnings: none
