###############################################################################
#
# IAR ANSI C/C++ Compiler V7.10.1.6676/W32 for ARM        18/Jul/2019  10:58:12
# Copyright 1999-2014 IAR Systems AB.
#
#    Cpu mode     =  thumb
#    Endian       =  little
#    Source file  =  
#        E:\DLP_Proj\DLP_source\branches\DLP_opensource\Middlewares\gui\GUI\Widget\GUI_EditFloat.c
#    Command line =  
#        E:\DLP_Proj\DLP_source\branches\DLP_opensource\Middlewares\gui\GUI\Widget\GUI_EditFloat.c
#        -D USE_HAL_DRIVER -D STM32F407xx -D STM32F40_41xxx -D USE_HAL_LIB -D
#        MKS_DLP_BOARD -D TFT35 -lC
#        E:\DLP_Proj\DLP_source\branches\DLP_opensource\EWARM\mksDLP/List\ -lA
#        E:\DLP_Proj\DLP_source\branches\DLP_opensource\EWARM\mksDLP/List\
#        --diag_suppress Pa050 -o
#        E:\DLP_Proj\DLP_source\branches\DLP_opensource\EWARM\mksDLP/Obj\
#        --no_unroll --no_inline --no_tbaa --no_scheduling --debug
#        --endian=little --cpu=Cortex-M4F -e --char_is_signed --fpu=VFPv4_sp
#        --dlib_config "C:\Program Files (x86)\IAR Systems\Embedded Workbench
#        7.0\arm\INC\c\DLib_Config_Full.h" -I
#        E:\DLP_Proj\DLP_source\branches\DLP_opensource\EWARM/../Inc\ -I
#        E:\DLP_Proj\DLP_source\branches\DLP_opensource\EWARM/../Src\ -I
#        E:\DLP_Proj\DLP_source\branches\DLP_opensource\EWARM/../Drivers/STM32F4xx_HAL_Driver/Inc\
#        -I
#        E:\DLP_Proj\DLP_source\branches\DLP_opensource\EWARM/../Drivers/STM32F4xx_HAL_Driver/Inc/Legacy\
#        -I
#        E:\DLP_Proj\DLP_source\branches\DLP_opensource\EWARM/../Middlewares/Third_Party/FatFs/src/drivers\
#        -I
#        E:\DLP_Proj\DLP_source\branches\DLP_opensource\EWARM/../Middlewares/ST/STM32_USB_Host_Library/Core/Inc\
#        -I
#        E:\DLP_Proj\DLP_source\branches\DLP_opensource\EWARM/../Middlewares/ST/STM32_USB_Host_Library/Class/MSC/Inc\
#        -I
#        E:\DLP_Proj\DLP_source\branches\DLP_opensource\EWARM/../Drivers/CMSIS/Device/ST/STM32F4xx/Include\
#        -I
#        E:\DLP_Proj\DLP_source\branches\DLP_opensource\EWARM/../Middlewares/Third_Party/FatFs/src\
#        -I
#        E:\DLP_Proj\DLP_source\branches\DLP_opensource\EWARM/../Middlewares/Third_Party/Marlin\
#        -I
#        E:\DLP_Proj\DLP_source\branches\DLP_opensource\EWARM/../Drivers/CMSIS/Include\
#        -I
#        E:\DLP_Proj\DLP_source\branches\DLP_opensource\EWARM/../Drivers/BSP/variant\
#        -I
#        E:\DLP_Proj\DLP_source\branches\DLP_opensource\EWARM/../Drivers/BSP/Components/at24cxx\
#        -I
#        E:\DLP_Proj\DLP_source\branches\DLP_opensource\EWARM/../Drivers/BSP/Components/w25qxx\
#        -I
#        E:\DLP_Proj\DLP_source\branches\DLP_opensource\EWARM/../Drivers/BSP/Components/ssd2828\
#        -I
#        E:\DLP_Proj\DLP_source\branches\DLP_opensource\EWARM/../Drivers/BSP/Components/lcd\
#        -I
#        E:\DLP_Proj\DLP_source\branches\DLP_opensource\EWARM/../Drivers/libstmf4\
#        -I
#        E:\DLP_Proj\DLP_source\branches\DLP_opensource\EWARM/../Drivers/libstmf4/include\
#        -I
#        E:\DLP_Proj\DLP_source\branches\DLP_opensource\EWARM/../Middlewares/arduino/stm32/cores/arduino\
#        -I
#        E:\DLP_Proj\DLP_source\branches\DLP_opensource\EWARM/../Middlewares/gui\
#        -I
#        E:\DLP_Proj\DLP_source\branches\DLP_opensource\EWARM/../Middlewares/gui/GUI/ConvertColor\
#        -I
#        E:\DLP_Proj\DLP_source\branches\DLP_opensource\EWARM/../Middlewares/gui/GUI/ConvertMono\
#        -I
#        E:\DLP_Proj\DLP_source\branches\DLP_opensource\EWARM/../Middlewares/gui/GUI/Core\
#        -I
#        E:\DLP_Proj\DLP_source\branches\DLP_opensource\EWARM/../Middlewares/gui/GUI/Font\
#        -I
#        E:\DLP_Proj\DLP_source\branches\DLP_opensource\EWARM/../Middlewares/gui/AntiAlias\
#        -I
#        E:\DLP_Proj\DLP_source\branches\DLP_opensource\EWARM/../Middlewares/gui/GUI/GUIDemo\
#        -I
#        E:\DLP_Proj\DLP_source\branches\DLP_opensource\EWARM/../Middlewares/gui/GUI/LCDDriver\
#        -I
#        E:\DLP_Proj\DLP_source\branches\DLP_opensource\EWARM/../Middlewares/gui/GUI/MemDev\
#        -I
#        E:\DLP_Proj\DLP_source\branches\DLP_opensource\EWARM/../Middlewares/gui/GUI/MultiLayer\
#        -I
#        E:\DLP_Proj\DLP_source\branches\DLP_opensource\EWARM/../Middlewares/gui/GUI/Widget\
#        -I
#        E:\DLP_Proj\DLP_source\branches\DLP_opensource\EWARM/../Middlewares/gui/GUI/WM\
#        -I
#        E:\DLP_Proj\DLP_source\branches\DLP_opensource\EWARM/../Middlewares/gui/GUI_X\
#        -I
#        E:\DLP_Proj\DLP_source\branches\DLP_opensource\EWARM/../Middlewares/gui/Config\
#        -I E:\DLP_Proj\DLP_source\branches\DLP_opensource\EWARM/../User/ui\ -I
#        E:\DLP_Proj\DLP_source\branches\DLP_opensource\EWARM/../User/ui/Multi_language\
#        -I
#        E:\DLP_Proj\DLP_source\branches\DLP_opensource\EWARM/../User/ui/QRENCODE\
#        -Om --use_c++_inline -I "C:\Program Files (x86)\IAR Systems\Embedded
#        Workbench 7.0\arm\CMSIS\Include\"
#    List file    =  
#        E:\DLP_Proj\DLP_source\branches\DLP_opensource\EWARM\mksDLP/List\GUI_EditFloat.lst
#    Object file  =  
#        E:\DLP_Proj\DLP_source\branches\DLP_opensource\EWARM\mksDLP/Obj\GUI_EditFloat.o
#
###############################################################################

E:\DLP_Proj\DLP_source\branches\DLP_opensource\Middlewares\gui\GUI\Widget\GUI_EditFloat.c
      1          /*
      2          *********************************************************************************************************
      3          *                                                uC/GUI
      4          *                        Universal graphic software for embedded applications
      5          *
      6          *                       (c) Copyright 2002, Micrium Inc., Weston, FL
      7          *                       (c) Copyright 2002, SEGGER Microcontroller Systeme GmbH
      8          *
      9          *              µC/GUI is protected by international copyright laws. Knowledge of the
     10          *              source code may not be used to write a similar product. This file may
     11          *              only be used in accordance with a license and should not be redistributed
     12          *              in any way. We appreciate your understanding and fairness.
     13          *
     14          ----------------------------------------------------------------------
     15          File        : GUI_EditFloat.c
     16          Purpose     : Widget, add. module
     17          ----------------------------------------------------------------------
     18          */
     19          
     20          #include "EDIT.h"
     21          #include "GUI_Protected.h"
     22          #include "EDIT_Private.h"
     23          
     24          #if GUI_WINSUPPORT
     25          
     26          /*********************************************************************
     27          *
     28          *             Exported routines
     29          *
     30          **********************************************************************
     31          */
     32          /*********************************************************************
     33          *
     34          *       GUI_EditFloat
     35          */

   \                                 In section .text, align 4, keep-with-next
     36          float GUI_EditFloat(float Value, float Min, float Max, int Len, int xsize, int Shift, U8 Flags) {
   \                     GUI_EditFloat: (+1)
   \   00000000   0xE92D 0x47F0      PUSH     {R4-R10,LR}
   \   00000004   0xED2D 0x8B04      VPUSH    {D8-D9}
   \   00000008   0xB084             SUB      SP,SP,#+16
   \   0000000A   0xEEB0 0x8A40      VMOV.F32 S16,S0
   \   0000000E   0xEEF0 0x8A60      VMOV.F32 S17,S1
   \   00000012   0xEEB0 0x9A41      VMOV.F32 S18,S2
   \   00000016   0x4682             MOV      R10,R0
   \   00000018   0x4689             MOV      R9,R1
   \   0000001A   0x4614             MOV      R4,R2
   \   0000001C   0x461D             MOV      R5,R3
     37            float Ret;
     38            int Key, x, y, ysize, Id;
     39            EDIT_Handle hEdit;
     40            EDIT_Obj* pObj;
     41            const GUI_FONT GUI_UNI_PTR * pOldFont = GUI_SetFont(EDIT_GetDefaultFont());
   \   0000001E   0x.... 0x....      BL       EDIT_GetDefaultFont
   \   00000022   0x.... 0x....      BL       GUI_SetFont
   \   00000026   0x4606             MOV      R6,R0
     42            x = GUI_GetDispPosX();
   \   00000028   0x.... 0x....      BL       GUI_GetDispPosX
   \   0000002C   0x4607             MOV      R7,R0
     43            y = GUI_GetDispPosY();
   \   0000002E   0x.... 0x....      BL       GUI_GetDispPosY
   \   00000032   0x4680             MOV      R8,R0
     44            if (xsize == 0)
   \   00000034   0xF1B9 0x0F00      CMP      R9,#+0
   \   00000038   0xD104             BNE.N    ??GUI_EditFloat_0
     45              xsize = GUI_GetCharDistX('X') * Len;
   \   0000003A   0x2058             MOVS     R0,#+88
   \   0000003C   0x.... 0x....      BL       GUI_GetCharDistX
   \   00000040   0xFB0A 0xF900      MUL      R9,R10,R0
     46            ysize = GUI_GetFontSizeY();
   \                     ??GUI_EditFloat_0: (+1)
   \   00000044   0x.... 0x....      BL       GUI_GetFontSizeY
   \   00000048   0x4603             MOV      R3,R0
     47            Id = 0x1234;
     48            hEdit = EDIT_Create(x, y, xsize, ysize, Id, Len, 0);
   \   0000004A   0x2000             MOVS     R0,#+0
   \   0000004C   0x9002             STR      R0,[SP, #+8]
   \   0000004E   0xF8CD 0xA004      STR      R10,[SP, #+4]
   \   00000052   0xF241 0x2034      MOVW     R0,#+4660
   \   00000056   0x9000             STR      R0,[SP, #+0]
   \   00000058   0x464A             MOV      R2,R9
   \   0000005A   0x4641             MOV      R1,R8
   \   0000005C   0x4638             MOV      R0,R7
   \   0000005E   0x.... 0x....      BL       EDIT_Create
   \   00000062   0x4607             MOV      R7,R0
     49            pObj = EDIT_H2P(hEdit);
   \   00000064   0x.... 0x....      BL       GUI_ALLOC_h2p
   \   00000068   0x4680             MOV      R8,R0
     50            EDIT_SetFloatMode(hEdit, Value, Min, Max, Shift, Flags);
   \   0000006A   0x462A             MOV      R2,R5
   \   0000006C   0xB2D2             UXTB     R2,R2
   \   0000006E   0x4621             MOV      R1,R4
   \   00000070   0xEEB0 0x1A49      VMOV.F32 S2,S18
   \   00000074   0xEEF0 0x0A68      VMOV.F32 S1,S17
   \   00000078   0xEEB0 0x0A48      VMOV.F32 S0,S16
   \   0000007C   0x4638             MOV      R0,R7
   \   0000007E   0x.... 0x....      BL       EDIT_SetFloatMode
     51            do {
     52              Key = GUI_WaitKey();
   \                     ??GUI_EditFloat_1: (+1)
   \   00000082   0x.... 0x....      BL       GUI_WaitKey
   \   00000086   0x4604             MOV      R4,R0
     53              switch (Key) {
   \   00000088   0x2C1B             CMP      R4,#+27
   \   0000008A   0xD003             BEQ.N    ??GUI_EditFloat_2
     54              case GUI_KEY_ESCAPE:
     55                break;
     56              default:
     57                EDIT_AddKey(hEdit, Key);
   \   0000008C   0x4621             MOV      R1,R4
   \   0000008E   0x4638             MOV      R0,R7
   \   00000090   0x.... 0x....      BL       EDIT_AddKey
     58              }
     59            } while ((Key != GUI_KEY_ESCAPE) && (Key != GUI_KEY_ENTER) && (Key != 0));
   \                     ??GUI_EditFloat_2: (+1)
   \   00000094   0x2C1B             CMP      R4,#+27
   \   00000096   0xD003             BEQ.N    ??GUI_EditFloat_3
   \   00000098   0x2C0D             CMP      R4,#+13
   \   0000009A   0xD001             BEQ.N    ??GUI_EditFloat_3
   \   0000009C   0x2C00             CMP      R4,#+0
   \   0000009E   0xD1F0             BNE.N    ??GUI_EditFloat_1
     60            GUI_SetFont(pOldFont);
   \                     ??GUI_EditFloat_3: (+1)
   \   000000A0   0x4630             MOV      R0,R6
   \   000000A2   0x.... 0x....      BL       GUI_SetFont
     61            Ret = (I32)pObj->CurrentValue / (float)GUI_Pow10[pObj->NumDecs];
   \   000000A6   0xED98 0x0A0F      VLDR     S0,[R8, #+60]
   \   000000AA   0xEEB8 0x0AC0      VCVT.F32.S32 S0,S0
   \   000000AE   0xF898 0x0038      LDRB     R0,[R8, #+56]
   \   000000B2   0x4909             LDR.N    R1,??GUI_EditFloat_4
   \   000000B4   0xF851 0x0020      LDR      R0,[R1, R0, LSL #+2]
   \   000000B8   0xEE00 0x0A90      VMOV     S1,R0
   \   000000BC   0xEEF8 0x0A60      VCVT.F32.U32 S1,S1
   \   000000C0   0xEE80 0x8A20      VDIV.F32 S16,S0,S1
     62            EDIT_Delete(hEdit);
   \   000000C4   0x4638             MOV      R0,R7
   \   000000C6   0x.... 0x....      BL       WM_DeleteWindow
     63            return Ret;
   \   000000CA   0xEEB0 0x0A48      VMOV.F32 S0,S16
   \   000000CE   0xB004             ADD      SP,SP,#+16
   \   000000D0   0xECBD 0x8B04      VPOP     {D8-D9}
   \   000000D4   0xE8BD 0x87F0      POP      {R4-R10,PC}      ;; return
   \                     ??GUI_EditFloat_4:
   \   000000D8   0x........         DC32     GUI_Pow10
     64          }
     65          
     66          #else /* avoid empty object files */
     67          
     68          void GUI_EditFloat_C(void);
     69          void GUI_EditFloat_C(void){}
     70          
     71          #endif

   Maximum stack usage in bytes:

   .cstack Function
   ------- --------
      64   GUI_EditFloat
        64   -> EDIT_AddKey
        64   -> EDIT_Create
        64   -> EDIT_GetDefaultFont
        64   -> EDIT_SetFloatMode
        64   -> GUI_ALLOC_h2p
        64   -> GUI_GetCharDistX
        64   -> GUI_GetDispPosX
        64   -> GUI_GetDispPosY
        64   -> GUI_GetFontSizeY
        64   -> GUI_SetFont
        64   -> GUI_WaitKey
        64   -> WM_DeleteWindow


   Section sizes:

   Bytes  Function/Label
   -----  --------------
     220  GUI_EditFloat

 
 220 bytes in section .text
 
 220 bytes of CODE memory

Errors: none
Warnings: none
