###############################################################################
#
# IAR ANSI C/C++ Compiler V7.10.1.6676/W32 for ARM        18/Jul/2019  10:58:09
# Copyright 1999-2014 IAR Systems AB.
#
#    Cpu mode     =  thumb
#    Endian       =  little
#    Source file  =  
#        E:\DLP_Proj\DLP_source\branches\DLP_opensource\Middlewares\gui\GUI\Widget\GUI_DRAW.c
#    Command line =  
#        E:\DLP_Proj\DLP_source\branches\DLP_opensource\Middlewares\gui\GUI\Widget\GUI_DRAW.c
#        -D USE_HAL_DRIVER -D STM32F407xx -D STM32F40_41xxx -D USE_HAL_LIB -D
#        MKS_DLP_BOARD -D TFT35 -lC
#        E:\DLP_Proj\DLP_source\branches\DLP_opensource\EWARM\mksDLP/List\ -lA
#        E:\DLP_Proj\DLP_source\branches\DLP_opensource\EWARM\mksDLP/List\
#        --diag_suppress Pa050 -o
#        E:\DLP_Proj\DLP_source\branches\DLP_opensource\EWARM\mksDLP/Obj\
#        --no_unroll --no_inline --no_tbaa --no_scheduling --debug
#        --endian=little --cpu=Cortex-M4F -e --char_is_signed --fpu=VFPv4_sp
#        --dlib_config "C:\Program Files (x86)\IAR Systems\Embedded Workbench
#        7.0\arm\INC\c\DLib_Config_Full.h" -I
#        E:\DLP_Proj\DLP_source\branches\DLP_opensource\EWARM/../Inc\ -I
#        E:\DLP_Proj\DLP_source\branches\DLP_opensource\EWARM/../Src\ -I
#        E:\DLP_Proj\DLP_source\branches\DLP_opensource\EWARM/../Drivers/STM32F4xx_HAL_Driver/Inc\
#        -I
#        E:\DLP_Proj\DLP_source\branches\DLP_opensource\EWARM/../Drivers/STM32F4xx_HAL_Driver/Inc/Legacy\
#        -I
#        E:\DLP_Proj\DLP_source\branches\DLP_opensource\EWARM/../Middlewares/Third_Party/FatFs/src/drivers\
#        -I
#        E:\DLP_Proj\DLP_source\branches\DLP_opensource\EWARM/../Middlewares/ST/STM32_USB_Host_Library/Core/Inc\
#        -I
#        E:\DLP_Proj\DLP_source\branches\DLP_opensource\EWARM/../Middlewares/ST/STM32_USB_Host_Library/Class/MSC/Inc\
#        -I
#        E:\DLP_Proj\DLP_source\branches\DLP_opensource\EWARM/../Drivers/CMSIS/Device/ST/STM32F4xx/Include\
#        -I
#        E:\DLP_Proj\DLP_source\branches\DLP_opensource\EWARM/../Middlewares/Third_Party/FatFs/src\
#        -I
#        E:\DLP_Proj\DLP_source\branches\DLP_opensource\EWARM/../Middlewares/Third_Party/Marlin\
#        -I
#        E:\DLP_Proj\DLP_source\branches\DLP_opensource\EWARM/../Drivers/CMSIS/Include\
#        -I
#        E:\DLP_Proj\DLP_source\branches\DLP_opensource\EWARM/../Drivers/BSP/variant\
#        -I
#        E:\DLP_Proj\DLP_source\branches\DLP_opensource\EWARM/../Drivers/BSP/Components/at24cxx\
#        -I
#        E:\DLP_Proj\DLP_source\branches\DLP_opensource\EWARM/../Drivers/BSP/Components/w25qxx\
#        -I
#        E:\DLP_Proj\DLP_source\branches\DLP_opensource\EWARM/../Drivers/BSP/Components/ssd2828\
#        -I
#        E:\DLP_Proj\DLP_source\branches\DLP_opensource\EWARM/../Drivers/BSP/Components/lcd\
#        -I
#        E:\DLP_Proj\DLP_source\branches\DLP_opensource\EWARM/../Drivers/libstmf4\
#        -I
#        E:\DLP_Proj\DLP_source\branches\DLP_opensource\EWARM/../Drivers/libstmf4/include\
#        -I
#        E:\DLP_Proj\DLP_source\branches\DLP_opensource\EWARM/../Middlewares/arduino/stm32/cores/arduino\
#        -I
#        E:\DLP_Proj\DLP_source\branches\DLP_opensource\EWARM/../Middlewares/gui\
#        -I
#        E:\DLP_Proj\DLP_source\branches\DLP_opensource\EWARM/../Middlewares/gui/GUI/ConvertColor\
#        -I
#        E:\DLP_Proj\DLP_source\branches\DLP_opensource\EWARM/../Middlewares/gui/GUI/ConvertMono\
#        -I
#        E:\DLP_Proj\DLP_source\branches\DLP_opensource\EWARM/../Middlewares/gui/GUI/Core\
#        -I
#        E:\DLP_Proj\DLP_source\branches\DLP_opensource\EWARM/../Middlewares/gui/GUI/Font\
#        -I
#        E:\DLP_Proj\DLP_source\branches\DLP_opensource\EWARM/../Middlewares/gui/AntiAlias\
#        -I
#        E:\DLP_Proj\DLP_source\branches\DLP_opensource\EWARM/../Middlewares/gui/GUI/GUIDemo\
#        -I
#        E:\DLP_Proj\DLP_source\branches\DLP_opensource\EWARM/../Middlewares/gui/GUI/LCDDriver\
#        -I
#        E:\DLP_Proj\DLP_source\branches\DLP_opensource\EWARM/../Middlewares/gui/GUI/MemDev\
#        -I
#        E:\DLP_Proj\DLP_source\branches\DLP_opensource\EWARM/../Middlewares/gui/GUI/MultiLayer\
#        -I
#        E:\DLP_Proj\DLP_source\branches\DLP_opensource\EWARM/../Middlewares/gui/GUI/Widget\
#        -I
#        E:\DLP_Proj\DLP_source\branches\DLP_opensource\EWARM/../Middlewares/gui/GUI/WM\
#        -I
#        E:\DLP_Proj\DLP_source\branches\DLP_opensource\EWARM/../Middlewares/gui/GUI_X\
#        -I
#        E:\DLP_Proj\DLP_source\branches\DLP_opensource\EWARM/../Middlewares/gui/Config\
#        -I E:\DLP_Proj\DLP_source\branches\DLP_opensource\EWARM/../User/ui\ -I
#        E:\DLP_Proj\DLP_source\branches\DLP_opensource\EWARM/../User/ui/Multi_language\
#        -I
#        E:\DLP_Proj\DLP_source\branches\DLP_opensource\EWARM/../User/ui/QRENCODE\
#        -Om --use_c++_inline -I "C:\Program Files (x86)\IAR Systems\Embedded
#        Workbench 7.0\arm\CMSIS\Include\"
#    List file    =  
#        E:\DLP_Proj\DLP_source\branches\DLP_opensource\EWARM\mksDLP/List\GUI_DRAW.lst
#    Object file  =  
#        E:\DLP_Proj\DLP_source\branches\DLP_opensource\EWARM\mksDLP/Obj\GUI_DRAW.o
#
###############################################################################

E:\DLP_Proj\DLP_source\branches\DLP_opensource\Middlewares\gui\GUI\Widget\GUI_DRAW.c
      1          /*
      2          *********************************************************************************************************
      3          *                                                uC/GUI
      4          *                        Universal graphic software for embedded applications
      5          *
      6          *                       (c) Copyright 2002, Micrium Inc., Weston, FL
      7          *                       (c) Copyright 2002, SEGGER Microcontroller Systeme GmbH
      8          *
      9          *              µC/GUI is protected by international copyright laws. Knowledge of the
     10          *              source code may not be used to write a similar product. This file may
     11          *              only be used in accordance with a license and should not be redistributed
     12          *              in any way. We appreciate your understanding and fairness.
     13          *
     14          ----------------------------------------------------------------------
     15          File        : GUI_DRAW.c
     16          Purpose     : member functions of GUI_DRAW Object
     17          ---------------------------END-OF-HEADER------------------------------
     18          */
     19          
     20          #include "GUI.h"
     21          #include "GUI_Protected.h"
     22          #include "WIDGET.h"
     23          
     24          #if GUI_WINSUPPORT
     25          
     26          /*********************************************************************
     27          *
     28          *       puplic code
     29          *
     30          **********************************************************************
     31          */
     32          /*********************************************************************
     33          *
     34          *       GUI_DRAW__Draw
     35          */

   \                                 In section .text, align 2, keep-with-next
     36          void GUI_DRAW__Draw(GUI_DRAW_HANDLE hDrawObj, int x, int y) {
   \                     GUI_DRAW__Draw: (+1)
   \   00000000   0xB538             PUSH     {R3-R5,LR}
   \   00000002   0x460C             MOV      R4,R1
   \   00000004   0x4615             MOV      R5,R2
     37            if (hDrawObj) {
   \   00000006   0x2800             CMP      R0,#+0
   \   00000008   0xD009             BEQ.N    ??GUI_DRAW__Draw_0
     38              GUI_DRAW * pDrawObj;
     39              pDrawObj = (GUI_DRAW *)GUI_ALLOC_h2p(hDrawObj);
   \   0000000A   0x.... 0x....      BL       GUI_ALLOC_h2p
     40              pDrawObj->pConsts->pfDraw(pDrawObj, x, y);
   \   0000000E   0x462A             MOV      R2,R5
   \   00000010   0x4621             MOV      R1,R4
   \   00000012   0x6803             LDR      R3,[R0, #+0]
   \   00000014   0x681B             LDR      R3,[R3, #+0]
   \   00000016   0xB001             ADD      SP,SP,#+4
   \   00000018   0xE8BD 0x4030      POP      {R4,R5,LR}
   \   0000001C   0x4718             BX       R3
     41            }
     42          }
   \                     ??GUI_DRAW__Draw_0: (+1)
   \   0000001E   0xBD31             POP      {R0,R4,R5,PC}    ;; return
     43          
     44          /*********************************************************************
     45          *
     46          *       GUI_DRAW__GetXSize
     47          */

   \                                 In section .text, align 2, keep-with-next
     48          int GUI_DRAW__GetXSize(GUI_DRAW_HANDLE hDrawObj) {
   \                     GUI_DRAW__GetXSize: (+1)
   \   00000000   0xB580             PUSH     {R7,LR}
     49            if (hDrawObj) {
   \   00000002   0x2800             CMP      R0,#+0
   \   00000004   0xD006             BEQ.N    ??GUI_DRAW__GetXSize_0
     50              GUI_DRAW * pDrawObj;
     51              pDrawObj = (GUI_DRAW *)GUI_ALLOC_h2p(hDrawObj);
   \   00000006   0x.... 0x....      BL       GUI_ALLOC_h2p
     52              return pDrawObj->pConsts->pfGetXSize(pDrawObj);
   \   0000000A   0x6801             LDR      R1,[R0, #+0]
   \   0000000C   0x6849             LDR      R1,[R1, #+4]
   \   0000000E   0xE8BD 0x4004      POP      {R2,LR}
   \   00000012   0x4708             BX       R1
     53            }
     54            return 0;
   \                     ??GUI_DRAW__GetXSize_0: (+1)
   \   00000014   0x2000             MOVS     R0,#+0
   \   00000016   0xBD02             POP      {R1,PC}          ;; return
     55          }
     56          
     57          /*********************************************************************
     58          *
     59          *       GUI_DRAW__GetYSize
     60          */

   \                                 In section .text, align 2, keep-with-next
     61          int GUI_DRAW__GetYSize(GUI_DRAW_HANDLE hDrawObj) {
   \                     GUI_DRAW__GetYSize: (+1)
   \   00000000   0xB580             PUSH     {R7,LR}
     62            if (hDrawObj) {
   \   00000002   0x2800             CMP      R0,#+0
   \   00000004   0xD006             BEQ.N    ??GUI_DRAW__GetYSize_0
     63              GUI_DRAW * pDrawObj;
     64              pDrawObj = (GUI_DRAW *)GUI_ALLOC_h2p(hDrawObj);
   \   00000006   0x.... 0x....      BL       GUI_ALLOC_h2p
     65              return pDrawObj->pConsts->pfGetYSize(pDrawObj);
   \   0000000A   0x6801             LDR      R1,[R0, #+0]
   \   0000000C   0x6889             LDR      R1,[R1, #+8]
   \   0000000E   0xE8BD 0x4004      POP      {R2,LR}
   \   00000012   0x4708             BX       R1
     66            }
     67            return 0;
   \                     ??GUI_DRAW__GetYSize_0: (+1)
   \   00000014   0x2000             MOVS     R0,#+0
   \   00000016   0xBD02             POP      {R1,PC}          ;; return
     68          }
     69          
     70          #else                            /* Avoid problems with empty object modules */
     71            void GUI_DRAW_C(void) {}
     72          #endif
     73          
     74          /*************************** End of file ****************************/
     75          

   Maximum stack usage in bytes:

   .cstack Function
   ------- --------
      16   GUI_DRAW__Draw
         0   -- Indirect call
        16   -> GUI_ALLOC_h2p
       8   GUI_DRAW__GetXSize
         0   -- Indirect call
         8   -> GUI_ALLOC_h2p
       8   GUI_DRAW__GetYSize
         0   -- Indirect call
         8   -> GUI_ALLOC_h2p


   Section sizes:

   Bytes  Function/Label
   -----  --------------
      32  GUI_DRAW__Draw
      24  GUI_DRAW__GetXSize
      24  GUI_DRAW__GetYSize

 
 80 bytes in section .text
 
 80 bytes of CODE memory

Errors: none
Warnings: none
