###############################################################################
#
# IAR ANSI C/C++ Compiler V7.10.1.6676/W32 for ARM        18/Jul/2019  10:58:11
# Copyright 1999-2014 IAR Systems AB.
#
#    Cpu mode     =  thumb
#    Endian       =  little
#    Source file  =  
#        E:\DLP_Proj\DLP_source\branches\DLP_opensource\Middlewares\gui\GUI\Core\GUI_DrawPolyline.c
#    Command line =  
#        E:\DLP_Proj\DLP_source\branches\DLP_opensource\Middlewares\gui\GUI\Core\GUI_DrawPolyline.c
#        -D USE_HAL_DRIVER -D STM32F407xx -D STM32F40_41xxx -D USE_HAL_LIB -D
#        MKS_DLP_BOARD -D TFT35 -lC
#        E:\DLP_Proj\DLP_source\branches\DLP_opensource\EWARM\mksDLP/List\ -lA
#        E:\DLP_Proj\DLP_source\branches\DLP_opensource\EWARM\mksDLP/List\
#        --diag_suppress Pa050 -o
#        E:\DLP_Proj\DLP_source\branches\DLP_opensource\EWARM\mksDLP/Obj\
#        --no_unroll --no_inline --no_tbaa --no_scheduling --debug
#        --endian=little --cpu=Cortex-M4F -e --char_is_signed --fpu=VFPv4_sp
#        --dlib_config "C:\Program Files (x86)\IAR Systems\Embedded Workbench
#        7.0\arm\INC\c\DLib_Config_Full.h" -I
#        E:\DLP_Proj\DLP_source\branches\DLP_opensource\EWARM/../Inc\ -I
#        E:\DLP_Proj\DLP_source\branches\DLP_opensource\EWARM/../Src\ -I
#        E:\DLP_Proj\DLP_source\branches\DLP_opensource\EWARM/../Drivers/STM32F4xx_HAL_Driver/Inc\
#        -I
#        E:\DLP_Proj\DLP_source\branches\DLP_opensource\EWARM/../Drivers/STM32F4xx_HAL_Driver/Inc/Legacy\
#        -I
#        E:\DLP_Proj\DLP_source\branches\DLP_opensource\EWARM/../Middlewares/Third_Party/FatFs/src/drivers\
#        -I
#        E:\DLP_Proj\DLP_source\branches\DLP_opensource\EWARM/../Middlewares/ST/STM32_USB_Host_Library/Core/Inc\
#        -I
#        E:\DLP_Proj\DLP_source\branches\DLP_opensource\EWARM/../Middlewares/ST/STM32_USB_Host_Library/Class/MSC/Inc\
#        -I
#        E:\DLP_Proj\DLP_source\branches\DLP_opensource\EWARM/../Drivers/CMSIS/Device/ST/STM32F4xx/Include\
#        -I
#        E:\DLP_Proj\DLP_source\branches\DLP_opensource\EWARM/../Middlewares/Third_Party/FatFs/src\
#        -I
#        E:\DLP_Proj\DLP_source\branches\DLP_opensource\EWARM/../Middlewares/Third_Party/Marlin\
#        -I
#        E:\DLP_Proj\DLP_source\branches\DLP_opensource\EWARM/../Drivers/CMSIS/Include\
#        -I
#        E:\DLP_Proj\DLP_source\branches\DLP_opensource\EWARM/../Drivers/BSP/variant\
#        -I
#        E:\DLP_Proj\DLP_source\branches\DLP_opensource\EWARM/../Drivers/BSP/Components/at24cxx\
#        -I
#        E:\DLP_Proj\DLP_source\branches\DLP_opensource\EWARM/../Drivers/BSP/Components/w25qxx\
#        -I
#        E:\DLP_Proj\DLP_source\branches\DLP_opensource\EWARM/../Drivers/BSP/Components/ssd2828\
#        -I
#        E:\DLP_Proj\DLP_source\branches\DLP_opensource\EWARM/../Drivers/BSP/Components/lcd\
#        -I
#        E:\DLP_Proj\DLP_source\branches\DLP_opensource\EWARM/../Drivers/libstmf4\
#        -I
#        E:\DLP_Proj\DLP_source\branches\DLP_opensource\EWARM/../Drivers/libstmf4/include\
#        -I
#        E:\DLP_Proj\DLP_source\branches\DLP_opensource\EWARM/../Middlewares/arduino/stm32/cores/arduino\
#        -I
#        E:\DLP_Proj\DLP_source\branches\DLP_opensource\EWARM/../Middlewares/gui\
#        -I
#        E:\DLP_Proj\DLP_source\branches\DLP_opensource\EWARM/../Middlewares/gui/GUI/ConvertColor\
#        -I
#        E:\DLP_Proj\DLP_source\branches\DLP_opensource\EWARM/../Middlewares/gui/GUI/ConvertMono\
#        -I
#        E:\DLP_Proj\DLP_source\branches\DLP_opensource\EWARM/../Middlewares/gui/GUI/Core\
#        -I
#        E:\DLP_Proj\DLP_source\branches\DLP_opensource\EWARM/../Middlewares/gui/GUI/Font\
#        -I
#        E:\DLP_Proj\DLP_source\branches\DLP_opensource\EWARM/../Middlewares/gui/AntiAlias\
#        -I
#        E:\DLP_Proj\DLP_source\branches\DLP_opensource\EWARM/../Middlewares/gui/GUI/GUIDemo\
#        -I
#        E:\DLP_Proj\DLP_source\branches\DLP_opensource\EWARM/../Middlewares/gui/GUI/LCDDriver\
#        -I
#        E:\DLP_Proj\DLP_source\branches\DLP_opensource\EWARM/../Middlewares/gui/GUI/MemDev\
#        -I
#        E:\DLP_Proj\DLP_source\branches\DLP_opensource\EWARM/../Middlewares/gui/GUI/MultiLayer\
#        -I
#        E:\DLP_Proj\DLP_source\branches\DLP_opensource\EWARM/../Middlewares/gui/GUI/Widget\
#        -I
#        E:\DLP_Proj\DLP_source\branches\DLP_opensource\EWARM/../Middlewares/gui/GUI/WM\
#        -I
#        E:\DLP_Proj\DLP_source\branches\DLP_opensource\EWARM/../Middlewares/gui/GUI_X\
#        -I
#        E:\DLP_Proj\DLP_source\branches\DLP_opensource\EWARM/../Middlewares/gui/Config\
#        -I E:\DLP_Proj\DLP_source\branches\DLP_opensource\EWARM/../User/ui\ -I
#        E:\DLP_Proj\DLP_source\branches\DLP_opensource\EWARM/../User/ui/Multi_language\
#        -I
#        E:\DLP_Proj\DLP_source\branches\DLP_opensource\EWARM/../User/ui/QRENCODE\
#        -Om --use_c++_inline -I "C:\Program Files (x86)\IAR Systems\Embedded
#        Workbench 7.0\arm\CMSIS\Include\"
#    List file    =  
#        E:\DLP_Proj\DLP_source\branches\DLP_opensource\EWARM\mksDLP/List\GUI_DrawPolyline.lst
#    Object file  =  
#        E:\DLP_Proj\DLP_source\branches\DLP_opensource\EWARM\mksDLP/Obj\GUI_DrawPolyline.o
#
###############################################################################

E:\DLP_Proj\DLP_source\branches\DLP_opensource\Middlewares\gui\GUI\Core\GUI_DrawPolyline.c
      1          /*
      2          *********************************************************************************************************
      3          *                                                uC/GUI
      4          *                        Universal graphic software for embedded applications
      5          *
      6          *                       (c) Copyright 2002, Micrium Inc., Weston, FL
      7          *                       (c) Copyright 2002, SEGGER Microcontroller Systeme GmbH
      8          *
      9          *              µC/GUI is protected by international copyright laws. Knowledge of the
     10          *              source code may not be used to write a similar product. This file may
     11          *              only be used in accordance with a license and should not be redistributed
     12          *              in any way. We appreciate your understanding and fairness.
     13          *
     14          ----------------------------------------------------------------------
     15          File        : GUI_DrawPolyLine.c
     16          Purpose     : Implementation of GUI_DrawPolyline
     17          ---------------------------END-OF-HEADER------------------------------
     18          */
     19          
     20          #include <stddef.h>           /* needed for definition of NULL */
     21          #include "GUI_Protected.h"
     22          
     23          /*********************************************************************
     24          *
     25          *       Static code
     26          *
     27          **********************************************************************
     28          */
     29          /*********************************************************************
     30          *
     31          *       _DrawPolyLine
     32          *
     33          * Draw Poly line, which does not have to be a closed shape
     34          */

   \                                 In section .text, align 2, keep-with-next
     35          static void _DrawPolyLine(const GUI_POINT*pPoints, int NumPoints, int x0, int y0) {
   \                     _DrawPolyLine: (+1)
   \   00000000   0xB5F8             PUSH     {R3-R7,LR}
   \   00000002   0x4604             MOV      R4,R0
   \   00000004   0x460D             MOV      R5,R1
   \   00000006   0x4616             MOV      R6,R2
   \   00000008   0x461F             MOV      R7,R3
     36            GL_MoveTo(pPoints->x+x0, pPoints->y+y0);
   \   0000000A   0xF9B4 0x0002      LDRSH    R0,[R4, #+2]
   \   0000000E   0x1839             ADDS     R1,R7,R0
   \   00000010   0xF9B4 0x0000      LDRSH    R0,[R4, #+0]
   \   00000014   0xFA06 0xF080      SXTAH    R0,R6,R0
   \   00000018   0x.... 0x....      BL       GL_MoveTo
   \   0000001C   0xE009             B.N      ??_DrawPolyLine_0
     37            while (--NumPoints >0) {
     38              pPoints++;
   \                     ??_DrawPolyLine_1: (+1)
   \   0000001E   0x1D24             ADDS     R4,R4,#+4
     39              GL_DrawLineTo(pPoints->x+x0, pPoints->y+y0);
   \   00000020   0xF9B4 0x0002      LDRSH    R0,[R4, #+2]
   \   00000024   0x1839             ADDS     R1,R7,R0
   \   00000026   0xF9B4 0x0000      LDRSH    R0,[R4, #+0]
   \   0000002A   0xFA06 0xF080      SXTAH    R0,R6,R0
   \   0000002E   0x.... 0x....      BL       GL_DrawLineTo
     40            }
   \                     ??_DrawPolyLine_0: (+1)
   \   00000032   0x1E6D             SUBS     R5,R5,#+1
   \   00000034   0x2D01             CMP      R5,#+1
   \   00000036   0xDAF2             BGE.N    ??_DrawPolyLine_1
     41          }
   \   00000038   0xBDF1             POP      {R0,R4-R7,PC}    ;; return
     42          
     43          /*********************************************************************
     44          *
     45          *       Public code
     46          *
     47          **********************************************************************
     48          */
     49          /*********************************************************************
     50          *
     51          *       GUI_DrawPolyLine
     52          */

   \                                 In section .text, align 2, keep-with-next
     53          void GUI_DrawPolyLine(const GUI_POINT* pPoints, int NumPoints, int x0, int y0) {
   \                     GUI_DrawPolyLine: (+1)
   \   00000000   0xB5F8             PUSH     {R3-R7,LR}
   \   00000002   0x4604             MOV      R4,R0
   \   00000004   0x460D             MOV      R5,R1
     54            GUI_LOCK();
     55            #if (GUI_WINSUPPORT)
     56              WM_ADDORG(x0,y0);
   \   00000006   0x....             LDR.N    R0,??DataTable0
   \   00000008   0x6C01             LDR      R1,[R0, #+64]
   \   0000000A   0x188E             ADDS     R6,R1,R2
   \   0000000C   0x6C40             LDR      R0,[R0, #+68]
   \   0000000E   0x18C7             ADDS     R7,R0,R3
     57              WM_ITERATE_START(NULL); {
   \   00000010   0x2000             MOVS     R0,#+0
   \   00000012   0x.... 0x....      BL       WM__InitIVRSearch
   \   00000016   0x2800             CMP      R0,#+0
   \   00000018   0xD009             BEQ.N    ??GUI_DrawPolyLine_0
     58            #endif
     59            _DrawPolyLine (pPoints, NumPoints, x0, y0);
   \                     ??GUI_DrawPolyLine_1: (+1)
   \   0000001A   0x463B             MOV      R3,R7
   \   0000001C   0x4632             MOV      R2,R6
   \   0000001E   0x4629             MOV      R1,R5
   \   00000020   0x4620             MOV      R0,R4
   \   00000022   0x.... 0x....      BL       _DrawPolyLine
     60            #if (GUI_WINSUPPORT)
     61              } WM_ITERATE_END();
   \   00000026   0x.... 0x....      BL       WM__GetNextIVR
   \   0000002A   0x2800             CMP      R0,#+0
   \   0000002C   0xD1F5             BNE.N    ??GUI_DrawPolyLine_1
     62            #endif
     63            GUI_UNLOCK();
     64          }
   \                     ??GUI_DrawPolyLine_0: (+1)
   \   0000002E   0xBDF1             POP      {R0,R4-R7,PC}    ;; return

   \                                 In section .text, align 4, keep-with-next
   \                     ??DataTable0:
   \   00000000   0x........         DC32     GUI_Context
     65          
     66          /*************************** End of file ****************************/

   Maximum stack usage in bytes:

   .cstack Function
   ------- --------
      24   GUI_DrawPolyLine
        24   -> WM__GetNextIVR
        24   -> WM__InitIVRSearch
        24   -> _DrawPolyLine
      24   _DrawPolyLine
        24   -> GL_DrawLineTo
        24   -> GL_MoveTo


   Section sizes:

   Bytes  Function/Label
   -----  --------------
       4  ??DataTable0
      48  GUI_DrawPolyLine
      58  _DrawPolyLine

 
 110 bytes in section .text
 
 110 bytes of CODE memory

Errors: none
Warnings: none
