###############################################################################
#
# IAR ANSI C/C++ Compiler V7.10.1.6676/W32 for ARM        18/Jul/2019  10:58:03
# Copyright 1999-2014 IAR Systems AB.
#
#    Cpu mode     =  thumb
#    Endian       =  little
#    Source file  =  
#        E:\DLP_Proj\DLP_source\branches\DLP_opensource\Middlewares\gui\GUI\Core\GUI_ALLOC_AllocZero.c
#    Command line =  
#        E:\DLP_Proj\DLP_source\branches\DLP_opensource\Middlewares\gui\GUI\Core\GUI_ALLOC_AllocZero.c
#        -D USE_HAL_DRIVER -D STM32F407xx -D STM32F40_41xxx -D USE_HAL_LIB -D
#        MKS_DLP_BOARD -D TFT35 -lC
#        E:\DLP_Proj\DLP_source\branches\DLP_opensource\EWARM\mksDLP/List\ -lA
#        E:\DLP_Proj\DLP_source\branches\DLP_opensource\EWARM\mksDLP/List\
#        --diag_suppress Pa050 -o
#        E:\DLP_Proj\DLP_source\branches\DLP_opensource\EWARM\mksDLP/Obj\
#        --no_unroll --no_inline --no_tbaa --no_scheduling --debug
#        --endian=little --cpu=Cortex-M4F -e --char_is_signed --fpu=VFPv4_sp
#        --dlib_config "C:\Program Files (x86)\IAR Systems\Embedded Workbench
#        7.0\arm\INC\c\DLib_Config_Full.h" -I
#        E:\DLP_Proj\DLP_source\branches\DLP_opensource\EWARM/../Inc\ -I
#        E:\DLP_Proj\DLP_source\branches\DLP_opensource\EWARM/../Src\ -I
#        E:\DLP_Proj\DLP_source\branches\DLP_opensource\EWARM/../Drivers/STM32F4xx_HAL_Driver/Inc\
#        -I
#        E:\DLP_Proj\DLP_source\branches\DLP_opensource\EWARM/../Drivers/STM32F4xx_HAL_Driver/Inc/Legacy\
#        -I
#        E:\DLP_Proj\DLP_source\branches\DLP_opensource\EWARM/../Middlewares/Third_Party/FatFs/src/drivers\
#        -I
#        E:\DLP_Proj\DLP_source\branches\DLP_opensource\EWARM/../Middlewares/ST/STM32_USB_Host_Library/Core/Inc\
#        -I
#        E:\DLP_Proj\DLP_source\branches\DLP_opensource\EWARM/../Middlewares/ST/STM32_USB_Host_Library/Class/MSC/Inc\
#        -I
#        E:\DLP_Proj\DLP_source\branches\DLP_opensource\EWARM/../Drivers/CMSIS/Device/ST/STM32F4xx/Include\
#        -I
#        E:\DLP_Proj\DLP_source\branches\DLP_opensource\EWARM/../Middlewares/Third_Party/FatFs/src\
#        -I
#        E:\DLP_Proj\DLP_source\branches\DLP_opensource\EWARM/../Middlewares/Third_Party/Marlin\
#        -I
#        E:\DLP_Proj\DLP_source\branches\DLP_opensource\EWARM/../Drivers/CMSIS/Include\
#        -I
#        E:\DLP_Proj\DLP_source\branches\DLP_opensource\EWARM/../Drivers/BSP/variant\
#        -I
#        E:\DLP_Proj\DLP_source\branches\DLP_opensource\EWARM/../Drivers/BSP/Components/at24cxx\
#        -I
#        E:\DLP_Proj\DLP_source\branches\DLP_opensource\EWARM/../Drivers/BSP/Components/w25qxx\
#        -I
#        E:\DLP_Proj\DLP_source\branches\DLP_opensource\EWARM/../Drivers/BSP/Components/ssd2828\
#        -I
#        E:\DLP_Proj\DLP_source\branches\DLP_opensource\EWARM/../Drivers/BSP/Components/lcd\
#        -I
#        E:\DLP_Proj\DLP_source\branches\DLP_opensource\EWARM/../Drivers/libstmf4\
#        -I
#        E:\DLP_Proj\DLP_source\branches\DLP_opensource\EWARM/../Drivers/libstmf4/include\
#        -I
#        E:\DLP_Proj\DLP_source\branches\DLP_opensource\EWARM/../Middlewares/arduino/stm32/cores/arduino\
#        -I
#        E:\DLP_Proj\DLP_source\branches\DLP_opensource\EWARM/../Middlewares/gui\
#        -I
#        E:\DLP_Proj\DLP_source\branches\DLP_opensource\EWARM/../Middlewares/gui/GUI/ConvertColor\
#        -I
#        E:\DLP_Proj\DLP_source\branches\DLP_opensource\EWARM/../Middlewares/gui/GUI/ConvertMono\
#        -I
#        E:\DLP_Proj\DLP_source\branches\DLP_opensource\EWARM/../Middlewares/gui/GUI/Core\
#        -I
#        E:\DLP_Proj\DLP_source\branches\DLP_opensource\EWARM/../Middlewares/gui/GUI/Font\
#        -I
#        E:\DLP_Proj\DLP_source\branches\DLP_opensource\EWARM/../Middlewares/gui/AntiAlias\
#        -I
#        E:\DLP_Proj\DLP_source\branches\DLP_opensource\EWARM/../Middlewares/gui/GUI/GUIDemo\
#        -I
#        E:\DLP_Proj\DLP_source\branches\DLP_opensource\EWARM/../Middlewares/gui/GUI/LCDDriver\
#        -I
#        E:\DLP_Proj\DLP_source\branches\DLP_opensource\EWARM/../Middlewares/gui/GUI/MemDev\
#        -I
#        E:\DLP_Proj\DLP_source\branches\DLP_opensource\EWARM/../Middlewares/gui/GUI/MultiLayer\
#        -I
#        E:\DLP_Proj\DLP_source\branches\DLP_opensource\EWARM/../Middlewares/gui/GUI/Widget\
#        -I
#        E:\DLP_Proj\DLP_source\branches\DLP_opensource\EWARM/../Middlewares/gui/GUI/WM\
#        -I
#        E:\DLP_Proj\DLP_source\branches\DLP_opensource\EWARM/../Middlewares/gui/GUI_X\
#        -I
#        E:\DLP_Proj\DLP_source\branches\DLP_opensource\EWARM/../Middlewares/gui/Config\
#        -I E:\DLP_Proj\DLP_source\branches\DLP_opensource\EWARM/../User/ui\ -I
#        E:\DLP_Proj\DLP_source\branches\DLP_opensource\EWARM/../User/ui/Multi_language\
#        -I
#        E:\DLP_Proj\DLP_source\branches\DLP_opensource\EWARM/../User/ui/QRENCODE\
#        -Om --use_c++_inline -I "C:\Program Files (x86)\IAR Systems\Embedded
#        Workbench 7.0\arm\CMSIS\Include\"
#    List file    =  
#        E:\DLP_Proj\DLP_source\branches\DLP_opensource\EWARM\mksDLP/List\GUI_ALLOC_AllocZero.lst
#    Object file  =  
#        E:\DLP_Proj\DLP_source\branches\DLP_opensource\EWARM\mksDLP/Obj\GUI_ALLOC_AllocZero.o
#
###############################################################################

E:\DLP_Proj\DLP_source\branches\DLP_opensource\Middlewares\gui\GUI\Core\GUI_ALLOC_AllocZero.c
      1          /*
      2          *********************************************************************************************************
      3          *                                                uC/GUI
      4          *                        Universal graphic software for embedded applications
      5          *
      6          *                       (c) Copyright 2002, Micrium Inc., Weston, FL
      7          *                       (c) Copyright 2002, SEGGER Microcontroller Systeme GmbH
      8          *
      9          *              µC/GUI is protected by international copyright laws. Knowledge of the
     10          *              source code may not be used to write a similar product. This file may
     11          *              only be used in accordance with a license and should not be redistributed
     12          *              in any way. We appreciate your understanding and fairness.
     13          *
     14          ----------------------------------------------------------------------
     15          File        : GUIAlloc.C
     16          Purpose     : Dynamic memory management
     17          ----------------------------------------------------------------------
     18          */
     19          
     20          #include <stddef.h>           /* needed for definition of NULL */
     21          #include <string.h>           /* for memcpy, memset */
     22          
     23          #include "GUI_Protected.h"
     24          #include "GUIDebug.h"
     25          
     26          /*********************************************************************
     27          *
     28          *       Internal memory management
     29          *
     30          **********************************************************************
     31          */
     32          
     33          /*********************************************************************
     34          *
     35          *       GUI_ALLOC_AllocZero
     36          */

   \                                 In section .text, align 2, keep-with-next
     37          GUI_HMEM GUI_ALLOC_AllocZero(GUI_ALLOC_DATATYPE Size) {
   \                     GUI_ALLOC_AllocZero: (+1)
   \   00000000   0xB538             PUSH     {R3-R5,LR}
   \   00000002   0x4604             MOV      R4,R0
     38            GUI_HMEM hMem;
     39            GUI_LOCK();
     40            GUI_DEBUG_LOG2("\nGUI_ALLOC_Alloc... requesting %d, %d avail", Size, GUI_ALLOC_GetMaxSize());
     41            hMem = GUI_ALLOC_AllocNoInit(Size);
   \   00000004   0x.... 0x....      BL       GUI_ALLOC_AllocNoInit
   \   00000008   0x0005             MOVS     R5,R0
     42            if (hMem) {
   \   0000000A   0xD005             BEQ.N    ??GUI_ALLOC_AllocZero_0
     43              GUI_MEMSET((U8*)GUI_ALLOC_h2p(hMem), 0, Size);   /* Zeroinit ! */
   \   0000000C   0x.... 0x....      BL       GUI_ALLOC_h2p
   \   00000010   0x4622             MOV      R2,R4
   \   00000012   0x2100             MOVS     R1,#+0
   \   00000014   0x.... 0x....      BL       GUI__memset
     44            }
     45            GUI_UNLOCK();
     46            return hMem;
   \                     ??GUI_ALLOC_AllocZero_0: (+1)
   \   00000018   0x4628             MOV      R0,R5
   \   0000001A   0xBD32             POP      {R1,R4,R5,PC}    ;; return
     47          }
     48          
     49          /*************************** End of file ****************************/

   Maximum stack usage in bytes:

   .cstack Function
   ------- --------
      16   GUI_ALLOC_AllocZero
        16   -> GUI_ALLOC_AllocNoInit
        16   -> GUI_ALLOC_h2p
        16   -> GUI__memset


   Section sizes:

   Bytes  Function/Label
   -----  --------------
      28  GUI_ALLOC_AllocZero

 
 28 bytes in section .text
 
 28 bytes of CODE memory

Errors: none
Warnings: none
