###############################################################################
#
# IAR ANSI C/C++ Compiler V7.10.1.6676/W32 for ARM        18/Jul/2019  10:58:16
# Copyright 1999-2014 IAR Systems AB.
#
#    Cpu mode     =  thumb
#    Endian       =  little
#    Source file  =  
#        E:\DLP_Proj\DLP_source\branches\DLP_opensource\Middlewares\gui\GUI\Core\GUI_PID.c
#    Command line =  
#        E:\DLP_Proj\DLP_source\branches\DLP_opensource\Middlewares\gui\GUI\Core\GUI_PID.c
#        -D USE_HAL_DRIVER -D STM32F407xx -D STM32F40_41xxx -D USE_HAL_LIB -D
#        MKS_DLP_BOARD -D TFT35 -lC
#        E:\DLP_Proj\DLP_source\branches\DLP_opensource\EWARM\mksDLP/List\ -lA
#        E:\DLP_Proj\DLP_source\branches\DLP_opensource\EWARM\mksDLP/List\
#        --diag_suppress Pa050 -o
#        E:\DLP_Proj\DLP_source\branches\DLP_opensource\EWARM\mksDLP/Obj\
#        --no_unroll --no_inline --no_tbaa --no_scheduling --debug
#        --endian=little --cpu=Cortex-M4F -e --char_is_signed --fpu=VFPv4_sp
#        --dlib_config "C:\Program Files (x86)\IAR Systems\Embedded Workbench
#        7.0\arm\INC\c\DLib_Config_Full.h" -I
#        E:\DLP_Proj\DLP_source\branches\DLP_opensource\EWARM/../Inc\ -I
#        E:\DLP_Proj\DLP_source\branches\DLP_opensource\EWARM/../Src\ -I
#        E:\DLP_Proj\DLP_source\branches\DLP_opensource\EWARM/../Drivers/STM32F4xx_HAL_Driver/Inc\
#        -I
#        E:\DLP_Proj\DLP_source\branches\DLP_opensource\EWARM/../Drivers/STM32F4xx_HAL_Driver/Inc/Legacy\
#        -I
#        E:\DLP_Proj\DLP_source\branches\DLP_opensource\EWARM/../Middlewares/Third_Party/FatFs/src/drivers\
#        -I
#        E:\DLP_Proj\DLP_source\branches\DLP_opensource\EWARM/../Middlewares/ST/STM32_USB_Host_Library/Core/Inc\
#        -I
#        E:\DLP_Proj\DLP_source\branches\DLP_opensource\EWARM/../Middlewares/ST/STM32_USB_Host_Library/Class/MSC/Inc\
#        -I
#        E:\DLP_Proj\DLP_source\branches\DLP_opensource\EWARM/../Drivers/CMSIS/Device/ST/STM32F4xx/Include\
#        -I
#        E:\DLP_Proj\DLP_source\branches\DLP_opensource\EWARM/../Middlewares/Third_Party/FatFs/src\
#        -I
#        E:\DLP_Proj\DLP_source\branches\DLP_opensource\EWARM/../Middlewares/Third_Party/Marlin\
#        -I
#        E:\DLP_Proj\DLP_source\branches\DLP_opensource\EWARM/../Drivers/CMSIS/Include\
#        -I
#        E:\DLP_Proj\DLP_source\branches\DLP_opensource\EWARM/../Drivers/BSP/variant\
#        -I
#        E:\DLP_Proj\DLP_source\branches\DLP_opensource\EWARM/../Drivers/BSP/Components/at24cxx\
#        -I
#        E:\DLP_Proj\DLP_source\branches\DLP_opensource\EWARM/../Drivers/BSP/Components/w25qxx\
#        -I
#        E:\DLP_Proj\DLP_source\branches\DLP_opensource\EWARM/../Drivers/BSP/Components/ssd2828\
#        -I
#        E:\DLP_Proj\DLP_source\branches\DLP_opensource\EWARM/../Drivers/BSP/Components/lcd\
#        -I
#        E:\DLP_Proj\DLP_source\branches\DLP_opensource\EWARM/../Drivers/libstmf4\
#        -I
#        E:\DLP_Proj\DLP_source\branches\DLP_opensource\EWARM/../Drivers/libstmf4/include\
#        -I
#        E:\DLP_Proj\DLP_source\branches\DLP_opensource\EWARM/../Middlewares/arduino/stm32/cores/arduino\
#        -I
#        E:\DLP_Proj\DLP_source\branches\DLP_opensource\EWARM/../Middlewares/gui\
#        -I
#        E:\DLP_Proj\DLP_source\branches\DLP_opensource\EWARM/../Middlewares/gui/GUI/ConvertColor\
#        -I
#        E:\DLP_Proj\DLP_source\branches\DLP_opensource\EWARM/../Middlewares/gui/GUI/ConvertMono\
#        -I
#        E:\DLP_Proj\DLP_source\branches\DLP_opensource\EWARM/../Middlewares/gui/GUI/Core\
#        -I
#        E:\DLP_Proj\DLP_source\branches\DLP_opensource\EWARM/../Middlewares/gui/GUI/Font\
#        -I
#        E:\DLP_Proj\DLP_source\branches\DLP_opensource\EWARM/../Middlewares/gui/AntiAlias\
#        -I
#        E:\DLP_Proj\DLP_source\branches\DLP_opensource\EWARM/../Middlewares/gui/GUI/GUIDemo\
#        -I
#        E:\DLP_Proj\DLP_source\branches\DLP_opensource\EWARM/../Middlewares/gui/GUI/LCDDriver\
#        -I
#        E:\DLP_Proj\DLP_source\branches\DLP_opensource\EWARM/../Middlewares/gui/GUI/MemDev\
#        -I
#        E:\DLP_Proj\DLP_source\branches\DLP_opensource\EWARM/../Middlewares/gui/GUI/MultiLayer\
#        -I
#        E:\DLP_Proj\DLP_source\branches\DLP_opensource\EWARM/../Middlewares/gui/GUI/Widget\
#        -I
#        E:\DLP_Proj\DLP_source\branches\DLP_opensource\EWARM/../Middlewares/gui/GUI/WM\
#        -I
#        E:\DLP_Proj\DLP_source\branches\DLP_opensource\EWARM/../Middlewares/gui/GUI_X\
#        -I
#        E:\DLP_Proj\DLP_source\branches\DLP_opensource\EWARM/../Middlewares/gui/Config\
#        -I E:\DLP_Proj\DLP_source\branches\DLP_opensource\EWARM/../User/ui\ -I
#        E:\DLP_Proj\DLP_source\branches\DLP_opensource\EWARM/../User/ui/Multi_language\
#        -I
#        E:\DLP_Proj\DLP_source\branches\DLP_opensource\EWARM/../User/ui/QRENCODE\
#        -Om --use_c++_inline -I "C:\Program Files (x86)\IAR Systems\Embedded
#        Workbench 7.0\arm\CMSIS\Include\"
#    List file    =  
#        E:\DLP_Proj\DLP_source\branches\DLP_opensource\EWARM\mksDLP/List\GUI_PID.lst
#    Object file  =  
#        E:\DLP_Proj\DLP_source\branches\DLP_opensource\EWARM\mksDLP/Obj\GUI_PID.o
#
###############################################################################

E:\DLP_Proj\DLP_source\branches\DLP_opensource\Middlewares\gui\GUI\Core\GUI_PID.c
      1          /*
      2          *********************************************************************************************************
      3          *                                                uC/GUI
      4          *                        Universal graphic software for embedded applications
      5          *
      6          *                       (c) Copyright 2002, Micrium Inc., Weston, FL
      7          *                       (c) Copyright 2002, SEGGER Microcontroller Systeme GmbH
      8          *
      9          *              µC/GUI is protected by international copyright laws. Knowledge of the
     10          *              source code may not be used to write a similar product. This file may
     11          *              only be used in accordance with a license and should not be redistributed
     12          *              in any way. We appreciate your understanding and fairness.
     13          *
     14          ----------------------------------------------------------------------
     15          File        : GUI_PID.C
     16          Purpose     : PID (Pointer input device) management
     17          ----------------------------------------------------------------------
     18          */
     19          
     20          #include <stdio.h>
     21          #include <stdlib.h>
     22          #include <string.h>
     23          #include "LCD_Private.h"      /* private modul definitions & config */
     24          #include "GUI_Protected.h"
     25          
     26          #if GUI_WINSUPPORT
     27            #include "WM.h"
     28          #endif
     29          
     30          /*********************************************************************
     31          *
     32          *       Static data
     33          *
     34          **********************************************************************
     35          */
     36          

   \                                 In section .bss, align 4
     37          static GUI_PID_STATE _State;
   \                     _State:
   \   00000000                      DS8 12
     38          
     39          /*********************************************************************
     40          *
     41          *       Static code
     42          *
     43          **********************************************************************
     44          */
     45          /*********************************************************************
     46          *
     47          *       _PID_Load
     48          *
     49          * Purpose:
     50          *   If the window manager is available, write the function pointer for
     51          *   the PID handler.
     52          */

   \                                 In section .text, align 2, keep-with-next
     53          static void _PID_Load(void) {
     54            #if (GUI_WINSUPPORT)
     55              WM_pfHandlePID = WM_HandlePID;
   \                     _PID_Load: (+1)
   \   00000000   0x....             LDR.N    R0,??DataTable2
   \   00000002   0x....             LDR.N    R1,??DataTable2_1
   \   00000004   0x6008             STR      R0,[R1, #+0]
     56            #endif
     57          }
   \   00000006   0x4770             BX       LR               ;; return
     58          
     59          /*********************************************************************
     60          *
     61          *       Public code
     62          *
     63          **********************************************************************
     64          */
     65          /*********************************************************************
     66          *
     67          *       GUI_PID_GetState
     68          */

   \                                 In section .text, align 2, keep-with-next
     69          int GUI_PID_GetState(GUI_PID_STATE *pState) {
   \                     GUI_PID_GetState: (+1)
   \   00000000   0xB410             PUSH     {R4}
     70            *pState = _State;
   \   00000002   0x....             LDR.N    R1,??DataTable2_2
   \   00000004   0xC91C             LDM      R1!,{R2-R4}
   \   00000006   0xC01C             STM      R0!,{R2-R4}
   \   00000008   0x380C             SUBS     R0,R0,#+12
     71            return (pState->Pressed != 0) ? 1 : 0;
   \   0000000A   0x7A01             LDRB     R1,[R0, #+8]
   \   0000000C   0x1E48             SUBS     R0,R1,#+1
   \   0000000E   0x4180             SBCS     R0,R0,R0
   \   00000010   0x43C0             MVNS     R0,R0
   \   00000012   0x0FC0             LSRS     R0,R0,#+31
   \   00000014   0xBC10             POP      {R4}
   \   00000016   0x4770             BX       LR               ;; return
     72          }
     73          
     74          /*********************************************************************
     75          *
     76          *       GUI_PID_StoreState
     77          */

   \                                 In section .text, align 2, keep-with-next
     78          void GUI_PID_StoreState(const GUI_PID_STATE *pState) {
   \                     GUI_PID_StoreState: (+1)
   \   00000000   0xB538             PUSH     {R3-R5,LR}
   \   00000002   0x4604             MOV      R4,R0
     79            _PID_Load();
   \   00000004   0x.... 0x....      BL       _PID_Load
     80            if (memcmp(&_State, pState, sizeof(_State))) {
   \   00000008   0x....             LDR.N    R5,??DataTable2_2
   \   0000000A   0x220C             MOVS     R2,#+12
   \   0000000C   0x4621             MOV      R1,R4
   \   0000000E   0x4628             MOV      R0,R5
   \   00000010   0x.... 0x....      BL       memcmp
   \   00000014   0x2800             CMP      R0,#+0
   \   00000016   0xD001             BEQ.N    ??GUI_PID_StoreState_0
     81              _State = *pState;
   \   00000018   0xCC07             LDM      R4!,{R0-R2}
   \   0000001A   0xC507             STM      R5!,{R0-R2}
     82              GUI_X_SIGNAL_EVENT();
     83            }
     84          }
   \                     ??GUI_PID_StoreState_0: (+1)
   \   0000001C   0xBD31             POP      {R0,R4,R5,PC}    ;; return

   \                                 In section .text, align 4, keep-with-next
   \                     ??DataTable2:
   \   00000000   0x........         DC32     WM_HandlePID

   \                                 In section .text, align 4, keep-with-next
   \                     ??DataTable2_1:
   \   00000000   0x........         DC32     WM_pfHandlePID

   \                                 In section .text, align 4, keep-with-next
   \                     ??DataTable2_2:
   \   00000000   0x........         DC32     _State
     85          
     86          /*************************** End of file ****************************/

   Maximum stack usage in bytes:

   .cstack Function
   ------- --------
       4   GUI_PID_GetState
      16   GUI_PID_StoreState
        16   -> _PID_Load
        16   -> memcmp
       0   _PID_Load


   Section sizes:

   Bytes  Function/Label
   -----  --------------
       4  ??DataTable2
       4  ??DataTable2_1
       4  ??DataTable2_2
      24  GUI_PID_GetState
      30  GUI_PID_StoreState
       8  _PID_Load
      12  _State

 
 12 bytes in section .bss
 74 bytes in section .text
 
 74 bytes of CODE memory
 12 bytes of DATA memory

Errors: none
Warnings: none
