###############################################################################
#
# IAR ANSI C/C++ Compiler V7.10.1.6676/W32 for ARM        18/Jul/2019  10:19:54
# Copyright 1999-2014 IAR Systems AB.
#
#    Cpu mode     =  thumb
#    Endian       =  little
#    Source file  =  
#        E:\DLP_Proj\DLP_source\branches\DLP_opensource\Middlewares\gui\GUI\GUIDemo\GUIDEMO_Bitmap4bpp.c
#    Command line =  
#        E:\DLP_Proj\DLP_source\branches\DLP_opensource\Middlewares\gui\GUI\GUIDemo\GUIDEMO_Bitmap4bpp.c
#        -D USE_HAL_DRIVER -D STM32F407xx -D STM32F40_41xxx -D USE_HAL_LIB -D
#        MKS_DLP_BOARD -D TFT35 -lC
#        E:\DLP_Proj\DLP_source\branches\DLP_opensource\EWARM\mksDLP/List\ -lA
#        E:\DLP_Proj\DLP_source\branches\DLP_opensource\EWARM\mksDLP/List\
#        --diag_suppress Pa050 -o
#        E:\DLP_Proj\DLP_source\branches\DLP_opensource\EWARM\mksDLP/Obj\
#        --no_unroll --no_inline --no_tbaa --no_scheduling --debug
#        --endian=little --cpu=Cortex-M4F -e --char_is_signed --fpu=VFPv4_sp
#        --dlib_config "C:\Program Files (x86)\IAR Systems\Embedded Workbench
#        7.0\arm\INC\c\DLib_Config_Full.h" -I
#        E:\DLP_Proj\DLP_source\branches\DLP_opensource\EWARM/../Inc\ -I
#        E:\DLP_Proj\DLP_source\branches\DLP_opensource\EWARM/../Src\ -I
#        E:\DLP_Proj\DLP_source\branches\DLP_opensource\EWARM/../Drivers/STM32F4xx_HAL_Driver/Inc\
#        -I
#        E:\DLP_Proj\DLP_source\branches\DLP_opensource\EWARM/../Drivers/STM32F4xx_HAL_Driver/Inc/Legacy\
#        -I
#        E:\DLP_Proj\DLP_source\branches\DLP_opensource\EWARM/../Middlewares/Third_Party/FatFs/src/drivers\
#        -I
#        E:\DLP_Proj\DLP_source\branches\DLP_opensource\EWARM/../Middlewares/ST/STM32_USB_Host_Library/Core/Inc\
#        -I
#        E:\DLP_Proj\DLP_source\branches\DLP_opensource\EWARM/../Middlewares/ST/STM32_USB_Host_Library/Class/MSC/Inc\
#        -I
#        E:\DLP_Proj\DLP_source\branches\DLP_opensource\EWARM/../Drivers/CMSIS/Device/ST/STM32F4xx/Include\
#        -I
#        E:\DLP_Proj\DLP_source\branches\DLP_opensource\EWARM/../Middlewares/Third_Party/FatFs/src\
#        -I
#        E:\DLP_Proj\DLP_source\branches\DLP_opensource\EWARM/../Middlewares/Third_Party/Marlin\
#        -I
#        E:\DLP_Proj\DLP_source\branches\DLP_opensource\EWARM/../Drivers/CMSIS/Include\
#        -I
#        E:\DLP_Proj\DLP_source\branches\DLP_opensource\EWARM/../Drivers/BSP/variant\
#        -I
#        E:\DLP_Proj\DLP_source\branches\DLP_opensource\EWARM/../Drivers/BSP/Components/at24cxx\
#        -I
#        E:\DLP_Proj\DLP_source\branches\DLP_opensource\EWARM/../Drivers/BSP/Components/w25qxx\
#        -I
#        E:\DLP_Proj\DLP_source\branches\DLP_opensource\EWARM/../Drivers/BSP/Components/ssd2828\
#        -I
#        E:\DLP_Proj\DLP_source\branches\DLP_opensource\EWARM/../Drivers/BSP/Components/lcd\
#        -I
#        E:\DLP_Proj\DLP_source\branches\DLP_opensource\EWARM/../Drivers/libstmf4\
#        -I
#        E:\DLP_Proj\DLP_source\branches\DLP_opensource\EWARM/../Drivers/libstmf4/include\
#        -I
#        E:\DLP_Proj\DLP_source\branches\DLP_opensource\EWARM/../Middlewares/arduino/stm32/cores/arduino\
#        -I
#        E:\DLP_Proj\DLP_source\branches\DLP_opensource\EWARM/../Middlewares/gui\
#        -I
#        E:\DLP_Proj\DLP_source\branches\DLP_opensource\EWARM/../Middlewares/gui/GUI/ConvertColor\
#        -I
#        E:\DLP_Proj\DLP_source\branches\DLP_opensource\EWARM/../Middlewares/gui/GUI/ConvertMono\
#        -I
#        E:\DLP_Proj\DLP_source\branches\DLP_opensource\EWARM/../Middlewares/gui/GUI/Core\
#        -I
#        E:\DLP_Proj\DLP_source\branches\DLP_opensource\EWARM/../Middlewares/gui/GUI/Font\
#        -I
#        E:\DLP_Proj\DLP_source\branches\DLP_opensource\EWARM/../Middlewares/gui/AntiAlias\
#        -I
#        E:\DLP_Proj\DLP_source\branches\DLP_opensource\EWARM/../Middlewares/gui/GUI/GUIDemo\
#        -I
#        E:\DLP_Proj\DLP_source\branches\DLP_opensource\EWARM/../Middlewares/gui/GUI/LCDDriver\
#        -I
#        E:\DLP_Proj\DLP_source\branches\DLP_opensource\EWARM/../Middlewares/gui/GUI/MemDev\
#        -I
#        E:\DLP_Proj\DLP_source\branches\DLP_opensource\EWARM/../Middlewares/gui/GUI/MultiLayer\
#        -I
#        E:\DLP_Proj\DLP_source\branches\DLP_opensource\EWARM/../Middlewares/gui/GUI/Widget\
#        -I
#        E:\DLP_Proj\DLP_source\branches\DLP_opensource\EWARM/../Middlewares/gui/GUI/WM\
#        -I
#        E:\DLP_Proj\DLP_source\branches\DLP_opensource\EWARM/../Middlewares/gui/GUI_X\
#        -I
#        E:\DLP_Proj\DLP_source\branches\DLP_opensource\EWARM/../Middlewares/gui/Config\
#        -I E:\DLP_Proj\DLP_source\branches\DLP_opensource\EWARM/../User/ui\ -I
#        E:\DLP_Proj\DLP_source\branches\DLP_opensource\EWARM/../User/ui/Multi_language\
#        -I
#        E:\DLP_Proj\DLP_source\branches\DLP_opensource\EWARM/../User/ui/QRENCODE\
#        -Om --use_c++_inline -I "C:\Program Files (x86)\IAR Systems\Embedded
#        Workbench 7.0\arm\CMSIS\Include\"
#    List file    =  
#        E:\DLP_Proj\DLP_source\branches\DLP_opensource\EWARM\mksDLP/List\GUIDEMO_Bitmap4bpp.lst
#    Object file  =  
#        E:\DLP_Proj\DLP_source\branches\DLP_opensource\EWARM\mksDLP/Obj\GUIDEMO_Bitmap4bpp.o
#
###############################################################################

E:\DLP_Proj\DLP_source\branches\DLP_opensource\Middlewares\gui\GUI\GUIDemo\GUIDEMO_Bitmap4bpp.c
      1          /*
      2          *********************************************************************************************************
      3          *                                                uC/GUI
      4          *                        Universal graphic software for embedded applications
      5          *
      6          *                       (c) Copyright 2002, Micrium Inc., Weston, FL
      7          *                       (c) Copyright 2002, SEGGER Microcontroller Systeme GmbH
      8          *
      9          *              µC/GUI is protected by international copyright laws. Knowledge of the
     10          *              source code may not be used to write a similar product. This file may
     11          *              only be used in accordance with a license and should not be redistributed
     12          *              in any way. We appreciate your understanding and fairness.
     13          *
     14          ----------------------------------------------------------------------
     15          File        : GUIDEMO_Bitmap4bpp.c
     16          Purpose     : Contains a 4bpp bitmap
     17          ----------------------------------------------------------------------
     18          */
     19          
     20          #include "GUI.h"
     21          #include "GUIDEMO.h"
     22          
     23          /*********************************************************************
     24          *
     25          *       Static data
     26          *
     27          **********************************************************************
     28          */
     29          

   \                                 In section .rodata, align 4, keep-with-next
     30          static const GUI_COLOR _ColorsJoerg[] = {
   \                     _ColorsJoerg:
   \   00000000   0x00000000         DC32 0, 1118481, 2236962, 3355443, 4473924, 5592405, 6710886, 7829367
   \              0x00111111   
   \              0x00222222   
   \              0x00333333   
   \              0x00444444   
   \              0x00555555   
   \              0x00666666   
   \              0x00777777   
   \   00000020   0x00888888         DC32 8947848, 10066329, 11184810, 12303291, 13421772, 14540253
   \              0x00999999   
   \              0x00AAAAAA   
   \              0x00BBBBBB   
   \              0x00CCCCCC   
   \              0x00DDDDDD   
   \   00000038   0x00EEEEEE         DC32 15658734, 16777215
   \              0x00FFFFFF   
     31             0x000000, 0x111111, 0x222222, 0x333333
     32            ,0x444444, 0x555555, 0x666666, 0x777777
     33            ,0x888888, 0x999999, 0xAAAAAA, 0xBBBBBB
     34            ,0xCCCCCC, 0xDDDDDD, 0xEEEEEE, 0xFFFFFF
     35          };
     36          

   \                                 In section .rodata, align 4, keep-with-next
     37          static const GUI_LOGPALETTE _PalJoerg = {
   \                     _PalJoerg:
   \   00000000   0x00000010         DC32 16
   \   00000004   0x00 0x00          DC8 0, 0, 0, 0
   \              0x00 0x00    
   \   00000008   0x........         DC32 _ColorsJoerg
     38            16,	/* number of entries */
     39            0, 	/* No transparency */
     40            &_ColorsJoerg[0]
     41          };
     42          

   \                                 In section .rodata, align 4, keep-with-next
     43          static const unsigned char _acJoerg[] = {
   \                     _acJoerg:
   \   00000000   0x88 0x88          DC8 136, 136, 136, 136, 137, 136, 153, 153, 137, 153, 136, 153, 152
   \              0x88 0x88    
   \              0x89 0x88    
   \              0x99 0x99    
   \              0x89 0x99    
   \              0x88 0x99    
   \              0x98         
   \   0000000D   0x88 0x98          DC8 136, 152, 136, 137, 136, 137, 153, 136, 137, 136, 152, 152, 137
   \              0x88 0x89    
   \              0x88 0x89    
   \              0x99 0x88    
   \              0x89 0x88    
   \              0x98 0x98    
   \              0x89         
   \   0000001A   0x88 0x89          DC8 136, 137, 152, 136, 128, 136, 136, 136, 137, 136, 136, 136, 137
   \              0x98 0x88    
   \              0x80 0x88    
   \              0x88 0x88    
   \              0x89 0x88    
   \              0x88 0x88    
   \              0x89         
   \   00000027   0x89 0x99          DC8 137, 153, 136, 136, 136, 136, 136, 136, 136, 136, 137, 137, 136
   \              0x88 0x88    
   \              0x88 0x88    
   \              0x88 0x88    
   \              0x88 0x88    
   \              0x89 0x89    
   \              0x88         
   \   00000034   0x98 0x88          DC8 152, 136, 137, 152, 137, 136, 136, 136, 136, 128, 136, 136, 136
   \              0x89 0x98    
   \              0x89 0x88    
   \              0x88 0x88    
   \              0x88 0x80    
   \              0x88 0x88    
   \              0x88         
   \   00000041   0x88 0x89          DC8 136, 137, 136, 136, 136, 137, 136, 136, 136, 119, 117, 104, 86, 85
   \              0x88 0x88    
   \              0x88 0x89    
   \              0x88 0x88    
   \              0x88 0x77    
   \              0x75 0x68    
   \              0x56 0x55    
   \   0000004F   0x55 0x68          DC8 85, 104, 136, 136, 153, 152, 153, 152, 136, 136, 136, 136, 136, 128
   \              0x88 0x88    
   \              0x99 0x98    
   \              0x99 0x98    
   \              0x88 0x88    
   \              0x88 0x88    
   \              0x88 0x80    
   \   0000005D   0x88 0x88          DC8 136, 136, 136, 136, 137, 136, 136, 136, 136, 133, 68, 85, 83, 84
   \              0x88 0x88    
   \              0x89 0x88    
   \              0x88 0x88    
   \              0x88 0x85    
   \              0x44 0x55    
   \              0x53 0x54    
   \   0000006B   0x35 0x33          DC8 53, 51, 68, 68, 70, 103, 120, 136, 136, 136, 136, 136, 136, 136
   \              0x44 0x44    
   \              0x46 0x67    
   \              0x78 0x88    
   \              0x88 0x88    
   \              0x88 0x88    
   \              0x88 0x88    
   \   00000079   0x88 0x88          DC8 136, 136, 128, 136, 136, 136, 136, 136, 136, 136, 135, 120, 117, 67
   \              0x80 0x88    
   \              0x88 0x88    
   \              0x88 0x88    
   \              0x88 0x88    
   \              0x87 0x78    
   \              0x75 0x43    
   \   00000087   0x33 0x33          DC8 51, 51, 51, 52, 51, 51, 51, 68, 85, 103, 136, 136, 136, 136, 136
   \              0x33 0x34    
   \              0x33 0x33    
   \              0x33 0x44    
   \              0x55 0x67    
   \              0x88 0x88    
   \              0x88 0x88    
   \              0x88         
   \   00000096   0x88 0x88          DC8 136, 136, 136, 136, 128, 152, 153, 136, 136, 136, 136, 135, 134, 99
   \              0x88 0x88    
   \              0x80 0x98    
   \              0x99 0x88    
   \              0x88 0x88    
   \              0x88 0x87    
   \              0x86 0x63    
   \   000000A4   0x33 0x33          DC8 51, 51, 51, 51, 35, 34, 34, 35, 51, 51, 52, 86, 68, 104, 136, 136
   \              0x33 0x33    
   \              0x23 0x22    
   \              0x22 0x23    
   \              0x33 0x33    
   \              0x34 0x56    
   \              0x44 0x68    
   \              0x88 0x88    
   \   000000B4   0x88 0x88          DC8 136, 136, 136, 136, 136, 128, 136, 136, 136, 136, 136, 135, 133, 71
   \              0x88 0x88    
   \              0x88 0x80    
   \              0x88 0x88    
   \              0x88 0x88    
   \              0x88 0x87    
   \              0x85 0x47    
   \   000000C2   0x54 0x33          DC8 84, 51, 51, 50, 34, 35, 34, 34, 34, 34, 34, 51, 51, 51, 67, 119
   \              0x33 0x32    
   \              0x22 0x23    
   \              0x22 0x22    
   \              0x22 0x22    
   \              0x22 0x33    
   \              0x33 0x33    
   \              0x43 0x77    
   \   000000D2   0x88 0x88          DC8 136, 136, 136, 136, 136, 136, 128, 136, 136, 136, 136, 136, 134, 68
   \              0x88 0x88    
   \              0x88 0x88    
   \              0x80 0x88    
   \              0x88 0x88    
   \              0x88 0x88    
   \              0x86 0x44    
   \   000000E0   0x43 0x44          DC8 67, 68, 51, 51, 34, 34, 34, 34, 34, 34, 34, 34, 51, 35, 35, 51, 69
   \              0x33 0x33    
   \              0x22 0x22    
   \              0x22 0x22    
   \              0x22 0x22    
   \              0x22 0x22    
   \              0x33 0x23    
   \              0x23 0x33    
   \              0x45         
   \   000000F1   0x77 0x88          DC8 119, 136, 136, 136, 136, 136, 128, 136, 136, 136, 136, 135, 101, 67
   \              0x88 0x88    
   \              0x88 0x88    
   \              0x80 0x88    
   \              0x88 0x88    
   \              0x88 0x87    
   \              0x65 0x43    
   \   000000FF   0x33 0x33          DC8 51, 51, 51, 34, 34, 34, 34, 34, 34, 34, 34, 34, 34, 34, 34, 35, 52
   \              0x33 0x22    
   \              0x22 0x22    
   \              0x22 0x22    
   \              0x22 0x22    
   \              0x22 0x22    
   \              0x22 0x22    
   \              0x22 0x23    
   \              0x34         
   \   00000110   0x46 0x76          DC8 70, 118, 136, 136, 136, 136, 128, 152, 136, 136, 136, 118, 84, 51
   \              0x88 0x88    
   \              0x88 0x88    
   \              0x80 0x98    
   \              0x88 0x88    
   \              0x88 0x76    
   \              0x54 0x33    
   \   0000011E   0x33 0x23          DC8 51, 35, 50, 34, 34, 34, 34, 34, 34, 34, 18, 34, 34, 34, 34, 51, 51
   \              0x32 0x22    
   \              0x22 0x22    
   \              0x22 0x22    
   \              0x22 0x22    
   \              0x12 0x22    
   \              0x22 0x22    
   \              0x22 0x33    
   \              0x33         
   \   0000012F   0x44 0x48          DC8 68, 72, 136, 136, 136, 136, 128, 154, 153, 153, 153, 117, 67, 51
   \              0x88 0x88    
   \              0x88 0x88    
   \              0x80 0x9A    
   \              0x99 0x99    
   \              0x99 0x75    
   \              0x43 0x33    
   \   0000013D   0x33 0x22          DC8 51, 34, 34, 34, 34, 34, 18, 33, 34, 34, 34, 34, 34, 34, 35, 51, 51
   \              0x22 0x22    
   \              0x22 0x22    
   \              0x12 0x21    
   \              0x22 0x22    
   \              0x22 0x22    
   \              0x22 0x22    
   \              0x23 0x33    
   \              0x33         
   \   0000014E   0x34 0x76          DC8 52, 118, 120, 136, 136, 136, 128, 153, 153, 153, 151, 67, 51, 50
   \              0x78 0x88    
   \              0x88 0x88    
   \              0x80 0x99    
   \              0x99 0x99    
   \              0x97 0x43    
   \              0x33 0x32    
   \   0000015C   0x32 0x22          DC8 50, 34, 34, 34, 34, 34, 34, 33, 34, 18, 34, 18, 34, 34, 50, 34, 34
   \              0x22 0x22    
   \              0x22 0x22    
   \              0x22 0x21    
   \              0x22 0x12    
   \              0x22 0x12    
   \              0x22 0x22    
   \              0x32 0x22    
   \              0x22         
   \   0000016D   0x34 0x34          DC8 52, 52, 136, 153, 153, 153, 144, 153, 153, 153, 117, 67, 50, 34, 34
   \              0x88 0x99    
   \              0x99 0x99    
   \              0x90 0x99    
   \              0x99 0x99    
   \              0x75 0x43    
   \              0x32 0x22    
   \              0x22         
   \   0000017C   0x22 0x23          DC8 34, 35, 35, 34, 34, 34, 33, 34, 34, 34, 34, 34, 34, 34, 34, 34, 35
   \              0x23 0x22    
   \              0x22 0x22    
   \              0x21 0x22    
   \              0x22 0x22    
   \              0x22 0x22    
   \              0x22 0x22    
   \              0x22 0x22    
   \              0x23         
   \   0000018D   0x34 0x68          DC8 52, 104, 137, 137, 137, 128, 170, 170, 169, 134, 83, 34, 33, 34, 34
   \              0x89 0x89    
   \              0x89 0x80    
   \              0xAA 0xAA    
   \              0xA9 0x86    
   \              0x53 0x22    
   \              0x21 0x22    
   \              0x22         
   \   0000019C   0x23 0x22          DC8 35, 34, 34, 34, 34, 34, 34, 34, 34, 34, 34, 34, 34, 34, 34, 34, 36
   \              0x22 0x22    
   \              0x22 0x22    
   \              0x22 0x22    
   \              0x22 0x22    
   \              0x22 0x22    
   \              0x22 0x22    
   \              0x22 0x22    
   \              0x24         
   \   000001AD   0x58 0x99          DC8 88, 153, 153, 153, 144, 170, 170, 170, 133, 50, 34, 33, 18, 34, 34
   \              0x99 0x99    
   \              0x90 0xAA    
   \              0xAA 0xAA    
   \              0x85 0x32    
   \              0x22 0x21    
   \              0x12 0x22    
   \              0x22         
   \   000001BC   0x22 0x22          DC8 34, 34, 34, 34, 34, 34, 34, 34, 34, 34, 34, 34, 34, 34, 34, 36, 70
   \              0x22 0x22    
   \              0x22 0x22    
   \              0x22 0x22    
   \              0x22 0x22    
   \              0x22 0x22    
   \              0x22 0x22    
   \              0x22 0x24    
   \              0x46         
   \   000001CD   0x79 0x99          DC8 121, 153, 153, 144, 170, 170, 166, 51, 34, 34, 33, 34, 35, 34, 34
   \              0x99 0x90    
   \              0xAA 0xAA    
   \              0xA6 0x33    
   \              0x22 0x22    
   \              0x21 0x22    
   \              0x23 0x22    
   \              0x22         
   \   000001DC   0x22 0x22          DC8 34, 34, 34, 34, 34, 34, 34, 34, 34, 17, 34, 34, 34, 34, 34, 53, 104
   \              0x22 0x22    
   \              0x22 0x22    
   \              0x22 0x22    
   \              0x22 0x11    
   \              0x22 0x22    
   \              0x22 0x22    
   \              0x22 0x35    
   \              0x68         
   \   000001ED   0x99 0x99          DC8 153, 153, 144, 187, 186, 164, 50, 34, 33, 33, 34, 35, 34, 34, 34
   \              0x90 0xBB    
   \              0xBA 0xA4    
   \              0x32 0x22    
   \              0x21 0x21    
   \              0x22 0x23    
   \              0x22 0x22    
   \              0x22         
   \   000001FC   0x22 0x33          DC8 34, 51, 51, 50, 34, 34, 34, 34, 34, 34, 34, 34, 34, 34, 52, 102
   \              0x33 0x32    
   \              0x22 0x22    
   \              0x22 0x22    
   \              0x22 0x22    
   \              0x22 0x22    
   \              0x22 0x22    
   \              0x34 0x66    
   \   0000020C   0x99 0x99          DC8 153, 153, 144, 187, 186, 131, 34, 33, 18, 34, 51, 51, 51, 51, 51
   \              0x90 0xBB    
   \              0xBA 0x83    
   \              0x22 0x21    
   \              0x12 0x22    
   \              0x33 0x33    
   \              0x33 0x33    
   \              0x33         
   \   0000021B   0x33 0x33          DC8 51, 51, 51, 51, 51, 51, 35, 51, 34, 51, 50, 34, 33, 18, 34, 51, 137
   \              0x33 0x33    
   \              0x33 0x33    
   \              0x23 0x33    
   \              0x22 0x33    
   \              0x32 0x22    
   \              0x21 0x12    
   \              0x22 0x33    
   \              0x89         
   \   0000022C   0x99 0x90          DC8 153, 144, 187, 186, 99, 34, 33, 17, 35, 52, 68, 68, 68, 68, 68, 68
   \              0xBB 0xBA    
   \              0x63 0x22    
   \              0x21 0x11    
   \              0x23 0x34    
   \              0x44 0x44    
   \              0x44 0x44    
   \              0x44 0x44    
   \   0000023C   0x44 0x44          DC8 68, 68, 68, 52, 69, 67, 51, 51, 50, 50, 33, 18, 34, 35, 105, 153
   \              0x44 0x34    
   \              0x45 0x43    
   \              0x33 0x33    
   \              0x32 0x32    
   \              0x21 0x12    
   \              0x22 0x23    
   \              0x69 0x99    
   \   0000024C   0x90 0xBB          DC8 144, 187, 186, 50, 34, 33, 34, 52, 68, 69, 85, 85, 85, 85, 85, 68
   \              0xBA 0x32    
   \              0x22 0x21    
   \              0x22 0x34    
   \              0x44 0x45    
   \              0x55 0x55    
   \              0x55 0x55    
   \              0x55 0x44    
   \   0000025C   0x44 0x45          DC8 68, 69, 68, 84, 67, 51, 51, 51, 67, 33, 18, 34, 51, 88, 153, 144
   \              0x44 0x54    
   \              0x43 0x33    
   \              0x33 0x33    
   \              0x43 0x21    
   \              0x12 0x22    
   \              0x33 0x58    
   \              0x99 0x90    
   \   0000026C   0xBB 0xB6          DC8 187, 182, 51, 34, 34, 35, 68, 85, 85, 86, 102, 102, 118, 102, 102
   \              0x33 0x22    
   \              0x22 0x23    
   \              0x44 0x55    
   \              0x55 0x56    
   \              0x66 0x66    
   \              0x76 0x66    
   \              0x66         
   \   0000027B   0x55 0x66          DC8 85, 102, 85, 85, 68, 68, 68, 68, 68, 50, 34, 34, 35, 54, 153, 144
   \              0x55 0x55    
   \              0x44 0x44    
   \              0x44 0x44    
   \              0x44 0x32    
   \              0x22 0x22    
   \              0x23 0x36    
   \              0x99 0x90    
   \   0000028B   0xBB 0x92          DC8 187, 146, 51, 34, 34, 52, 85, 85, 86, 102, 102, 102, 102, 119, 119
   \              0x33 0x22    
   \              0x22 0x34    
   \              0x55 0x55    
   \              0x56 0x66    
   \              0x66 0x66    
   \              0x66 0x77    
   \              0x77         
   \   0000029A   0x66 0x67          DC8 102, 103, 118, 102, 102, 102, 101, 85, 85, 67, 34, 34, 34, 52, 153
   \              0x76 0x66    
   \              0x66 0x66    
   \              0x65 0x55    
   \              0x55 0x43    
   \              0x22 0x22    
   \              0x22 0x34    
   \              0x99         
   \   000002A9   0x90 0xBB          DC8 144, 187, 67, 50, 34, 35, 68, 85, 85, 86, 102, 102, 118, 102, 119
   \              0x43 0x32    
   \              0x22 0x23    
   \              0x44 0x55    
   \              0x55 0x56    
   \              0x66 0x66    
   \              0x76 0x66    
   \              0x77         
   \   000002B8   0x77 0x77          DC8 119, 119, 119, 119, 119, 119, 118, 102, 102, 101, 84, 33, 18, 34
   \              0x77 0x77    
   \              0x77 0x77    
   \              0x76 0x66    
   \              0x66 0x65    
   \              0x54 0x21    
   \              0x12 0x22    
   \   000002C6   0x33 0x69          DC8 51, 105, 144, 188, 51, 50, 34, 36, 69, 85, 102, 102, 102, 103, 119
   \              0x90 0xBC    
   \              0x33 0x32    
   \              0x22 0x24    
   \              0x45 0x55    
   \              0x66 0x66    
   \              0x66 0x67    
   \              0x77         
   \   000002D5   0x77 0x77          DC8 119, 119, 119, 119, 119, 119, 119, 119, 119, 119, 118, 101, 85, 66
   \              0x77 0x77    
   \              0x77 0x77    
   \              0x77 0x77    
   \              0x77 0x77    
   \              0x76 0x65    
   \              0x55 0x42    
   \   000002E3   0x12 0x22          DC8 18, 34, 52, 121, 144, 187, 51, 34, 34, 52, 69, 85, 102, 102, 102
   \              0x34 0x79    
   \              0x90 0xBB    
   \              0x33 0x22    
   \              0x22 0x34    
   \              0x45 0x55    
   \              0x66 0x66    
   \              0x66         
   \   000002F2   0x67 0x77          DC8 103, 119, 119, 119, 119, 119, 119, 119, 119, 119, 119, 119, 118
   \              0x77 0x77    
   \              0x77 0x77    
   \              0x77 0x77    
   \              0x77 0x77    
   \              0x77 0x77    
   \              0x76         
   \   000002FF   0x66 0x55          DC8 102, 85, 67, 17, 34, 51, 105, 144, 187, 35, 35, 34, 52, 85, 85, 102
   \              0x43 0x11    
   \              0x22 0x33    
   \              0x69 0x90    
   \              0xBB 0x23    
   \              0x23 0x22    
   \              0x34 0x55    
   \              0x55 0x66    
   \   0000030F   0x66 0x67          DC8 102, 103, 119, 119, 119, 119, 119, 119, 119, 119, 119, 119, 119
   \              0x77 0x77    
   \              0x77 0x77    
   \              0x77 0x77    
   \              0x77 0x77    
   \              0x77 0x77    
   \              0x77         
   \   0000031C   0x77 0x77          DC8 119, 119, 118, 85, 67, 34, 34, 51, 73, 144, 187, 35, 51, 51, 52, 85
   \              0x76 0x55    
   \              0x43 0x22    
   \              0x22 0x33    
   \              0x49 0x90    
   \              0xBB 0x23    
   \              0x33 0x33    
   \              0x34 0x55    
   \   0000032C   0x55 0x66          DC8 85, 102, 103, 103, 119, 119, 119, 119, 119, 135, 119, 135, 119, 119
   \              0x67 0x67    
   \              0x77 0x77    
   \              0x77 0x77    
   \              0x77 0x87    
   \              0x77 0x87    
   \              0x77 0x77    
   \   0000033A   0x77 0x77          DC8 119, 119, 119, 118, 101, 84, 50, 34, 51, 71, 144, 186, 51, 51, 51
   \              0x77 0x76    
   \              0x65 0x54    
   \              0x32 0x22    
   \              0x33 0x47    
   \              0x90 0xBA    
   \              0x33 0x33    
   \              0x33         
   \   00000349   0x44 0x55          DC8 68, 85, 85, 102, 103, 103, 119, 119, 119, 136, 136, 136, 136, 136
   \              0x55 0x66    
   \              0x67 0x67    
   \              0x77 0x77    
   \              0x77 0x88    
   \              0x88 0x88    
   \              0x88 0x88    
   \   00000357   0x88 0x87          DC8 136, 135, 119, 119, 119, 118, 101, 85, 50, 34, 51, 56, 144, 184, 51
   \              0x77 0x77    
   \              0x77 0x76    
   \              0x65 0x55    
   \              0x32 0x22    
   \              0x33 0x38    
   \              0x90 0xB8    
   \              0x33         
   \   00000366   0x23 0x33          DC8 35, 51, 68, 85, 85, 102, 102, 119, 119, 119, 120, 136, 137, 136
   \              0x44 0x55    
   \              0x55 0x66    
   \              0x66 0x77    
   \              0x77 0x77    
   \              0x78 0x88    
   \              0x89 0x88    
   \   00000374   0x88 0x88          DC8 136, 136, 136, 136, 135, 119, 119, 118, 102, 85, 50, 35, 36, 56
   \              0x88 0x88    
   \              0x87 0x77    
   \              0x77 0x76    
   \              0x66 0x55    
   \              0x32 0x23    
   \              0x24 0x38    
   \   00000382   0x90 0xB9          DC8 144, 185, 51, 51, 51, 69, 85, 85, 86, 102, 103, 119, 120, 136, 136
   \              0x33 0x33    
   \              0x33 0x45    
   \              0x55 0x55    
   \              0x56 0x66    
   \              0x67 0x77    
   \              0x78 0x88    
   \              0x88         
   \   00000391   0x89 0x98          DC8 137, 152, 153, 153, 152, 136, 135, 119, 119, 118, 102, 101, 67, 35
   \              0x99 0x99    
   \              0x98 0x88    
   \              0x87 0x77    
   \              0x77 0x76    
   \              0x66 0x65    
   \              0x43 0x23    
   \   0000039F   0x33 0x49          DC8 51, 73, 144, 185, 50, 51, 52, 68, 85, 85, 86, 102, 103, 119, 136
   \              0x90 0xB9    
   \              0x32 0x33    
   \              0x34 0x44    
   \              0x55 0x55    
   \              0x56 0x66    
   \              0x67 0x77    
   \              0x88         
   \   000003AE   0x88 0x88          DC8 136, 136, 137, 136, 153, 137, 152, 136, 136, 119, 119, 118, 102
   \              0x89 0x88    
   \              0x99 0x89    
   \              0x98 0x88    
   \              0x88 0x77    
   \              0x77 0x76    
   \              0x66         
   \   000003BB   0x65 0x43          DC8 101, 67, 51, 51, 73, 144, 185, 34, 51, 52, 68, 85, 85, 86, 102, 103
   \              0x33 0x33    
   \              0x49 0x90    
   \              0xB9 0x22    
   \              0x33 0x34    
   \              0x44 0x55    
   \              0x55 0x56    
   \              0x66 0x67    
   \   000003CB   0x77 0x88          DC8 119, 136, 136, 136, 153, 137, 152, 152, 136, 136, 136, 119, 118
   \              0x88 0x88    
   \              0x99 0x89    
   \              0x98 0x98    
   \              0x88 0x88    
   \              0x88 0x77    
   \              0x76         
   \   000003D8   0x76 0x66          DC8 118, 102, 85, 67, 51, 52, 121, 144, 184, 50, 51, 52, 68, 85, 85, 86
   \              0x55 0x43    
   \              0x33 0x34    
   \              0x79 0x90    
   \              0xB8 0x32    
   \              0x33 0x34    
   \              0x44 0x55    
   \              0x55 0x56    
   \   000003E8   0x66 0x67          DC8 102, 103, 119, 135, 136, 136, 137, 137, 153, 152, 136, 136, 136
   \              0x77 0x87    
   \              0x88 0x88    
   \              0x89 0x89    
   \              0x99 0x98    
   \              0x88 0x88    
   \              0x88         
   \   000003F5   0x77 0x76          DC8 119, 118, 102, 101, 85, 68, 51, 51, 137, 144, 181, 50, 51, 52, 68
   \              0x66 0x65    
   \              0x55 0x44    
   \              0x33 0x33    
   \              0x89 0x90    
   \              0xB5 0x32    
   \              0x33 0x34    
   \              0x44         
   \   00000404   0x55 0x55          DC8 85, 85, 86, 102, 103, 119, 119, 136, 136, 137, 137, 153, 136, 136
   \              0x56 0x66    
   \              0x67 0x77    
   \              0x77 0x88    
   \              0x88 0x89    
   \              0x89 0x99    
   \              0x88 0x88    
   \   00000412   0x88 0x78          DC8 136, 120, 119, 118, 102, 102, 101, 67, 51, 51, 153, 144, 181, 50
   \              0x77 0x76    
   \              0x66 0x66    
   \              0x65 0x43    
   \              0x33 0x33    
   \              0x99 0x90    
   \              0xB5 0x32    
   \   00000420   0x23 0x34          DC8 35, 52, 69, 85, 86, 102, 102, 119, 119, 119, 136, 136, 136, 136
   \              0x45 0x55    
   \              0x56 0x66    
   \              0x66 0x77    
   \              0x77 0x77    
   \              0x88 0x88    
   \              0x88 0x88    
   \   0000042E   0x98 0x89          DC8 152, 137, 136, 136, 135, 119, 119, 102, 102, 85, 67, 51, 37, 153
   \              0x88 0x88    
   \              0x87 0x77    
   \              0x77 0x66    
   \              0x66 0x55    
   \              0x43 0x33    
   \              0x25 0x99    
   \   0000043C   0x90 0xBA          DC8 144, 186, 50, 35, 51, 69, 85, 102, 86, 102, 119, 119, 119, 120, 136
   \              0x32 0x23    
   \              0x33 0x45    
   \              0x55 0x66    
   \              0x56 0x66    
   \              0x77 0x77    
   \              0x77 0x78    
   \              0x88         
   \   0000044B   0x89 0x89          DC8 137, 137, 136, 137, 136, 136, 136, 119, 119, 118, 102, 85, 67, 51
   \              0x88 0x89    
   \              0x88 0x88    
   \              0x88 0x77    
   \              0x77 0x76    
   \              0x66 0x55    
   \              0x43 0x33    
   \   00000459   0x28 0x99          DC8 40, 153, 144, 185, 35, 51, 52, 69, 85, 102, 102, 102, 119, 119, 119
   \              0x90 0xB9    
   \              0x23 0x33    
   \              0x34 0x45    
   \              0x55 0x66    
   \              0x66 0x66    
   \              0x77 0x77    
   \              0x77         
   \   00000468   0x78 0x88          DC8 120, 136, 136, 136, 136, 136, 136, 136, 135, 119, 119, 119, 102
   \              0x88 0x88    
   \              0x88 0x88    
   \              0x88 0x88    
   \              0x87 0x77    
   \              0x77 0x77    
   \              0x66         
   \   00000475   0x65 0x43          DC8 101, 67, 35, 41, 153, 144, 185, 35, 51, 51, 85, 86, 102, 102, 102
   \              0x23 0x29    
   \              0x99 0x90    
   \              0xB9 0x23    
   \              0x33 0x33    
   \              0x55 0x56    
   \              0x66 0x66    
   \              0x66         
   \   00000484   0x77 0x77          DC8 119, 119, 119, 136, 136, 136, 136, 136, 137, 136, 136, 120, 119
   \              0x77 0x88    
   \              0x88 0x88    
   \              0x88 0x88    
   \              0x89 0x88    
   \              0x88 0x78    
   \              0x77         
   \   00000491   0x77 0x77          DC8 119, 119, 118, 101, 67, 35, 57, 153, 144, 187, 51, 51, 52, 85, 102
   \              0x76 0x65    
   \              0x43 0x23    
   \              0x39 0x99    
   \              0x90 0xBB    
   \              0x33 0x33    
   \              0x34 0x55    
   \              0x66         
   \   000004A0   0x66 0x66          DC8 102, 102, 119, 119, 119, 136, 136, 136, 136, 136, 136, 136, 136
   \              0x77 0x77    
   \              0x77 0x88    
   \              0x88 0x88    
   \              0x88 0x88    
   \              0x88 0x88    
   \              0x88         
   \   000004AD   0x88 0x88          DC8 136, 136, 119, 119, 119, 118, 102, 83, 35, 26, 153, 144, 170, 51
   \              0x77 0x77    
   \              0x77 0x76    
   \              0x66 0x53    
   \              0x23 0x1A    
   \              0x99 0x90    
   \              0xAA 0x33    
   \   000004BB   0x33 0x33          DC8 51, 51, 85, 86, 102, 102, 102, 119, 119, 119, 136, 136, 136, 136
   \              0x55 0x56    
   \              0x66 0x66    
   \              0x66 0x77    
   \              0x77 0x77    
   \              0x88 0x88    
   \              0x88 0x88    
   \   000004C9   0x88 0x89          DC8 136, 137, 136, 136, 136, 120, 119, 119, 118, 102, 83, 35, 26, 169
   \              0x88 0x88    
   \              0x88 0x78    
   \              0x77 0x77    
   \              0x76 0x66    
   \              0x53 0x23    
   \              0x1A 0xA9    
   \   000004D7   0x90 0xAA          DC8 144, 170, 35, 51, 52, 86, 102, 102, 102, 102, 102, 119, 120, 136
   \              0x23 0x33    
   \              0x34 0x56    
   \              0x66 0x66    
   \              0x66 0x66    
   \              0x66 0x77    
   \              0x78 0x88    
   \   000004E5   0x88 0x88          DC8 136, 136, 136, 136, 136, 136, 136, 136, 135, 119, 119, 118, 102, 83
   \              0x88 0x88    
   \              0x88 0x88    
   \              0x88 0x88    
   \              0x87 0x77    
   \              0x77 0x76    
   \              0x66 0x53    
   \   000004F3   0x23 0x1A          DC8 35, 26, 153, 144, 170, 115, 51, 69, 102, 85, 85, 85, 85, 85, 85, 85
   \              0x99 0x90    
   \              0xAA 0x73    
   \              0x33 0x45    
   \              0x66 0x55    
   \              0x55 0x55    
   \              0x55 0x55    
   \              0x55 0x55    
   \   00000503   0x66 0x78          DC8 102, 120, 136, 136, 136, 136, 136, 135, 119, 102, 102, 119, 118
   \              0x88 0x88    
   \              0x88 0x88    
   \              0x88 0x87    
   \              0x77 0x66    
   \              0x66 0x77    
   \              0x76         
   \   00000510   0x66 0x53          DC8 102, 83, 51, 58, 154, 160, 171, 132, 51, 53, 102, 86, 85, 68, 69
   \              0x33 0x3A    
   \              0x9A 0xA0    
   \              0xAB 0x84    
   \              0x33 0x35    
   \              0x66 0x56    
   \              0x55 0x44    
   \              0x45         
   \   0000051F   0x43 0x33          DC8 67, 51, 52, 86, 103, 135, 119, 119, 136, 101, 101, 69, 85, 101, 102
   \              0x34 0x56    
   \              0x67 0x87    
   \              0x77 0x77    
   \              0x88 0x65    
   \              0x65 0x45    
   \              0x55 0x65    
   \              0x66         
   \   0000052E   0x66 0x66          DC8 102, 102, 100, 51, 90, 154, 160, 170, 51, 51, 54, 102, 101, 68, 69
   \              0x64 0x33    
   \              0x5A 0x9A    
   \              0xA0 0xAA    
   \              0x33 0x33    
   \              0x36 0x66    
   \              0x65 0x44    
   \              0x45         
   \   0000053D   0x56 0x55          DC8 86, 85, 68, 68, 85, 102, 119, 103, 119, 119, 84, 68, 68, 68, 69, 85
   \              0x44 0x44    
   \              0x55 0x66    
   \              0x77 0x67    
   \              0x77 0x77    
   \              0x54 0x44    
   \              0x44 0x44    
   \              0x45 0x55    
   \   0000054D   0x66 0x66          DC8 102, 102, 99, 51, 138, 154, 160, 166, 99, 51, 70, 102, 101, 85, 86
   \              0x63 0x33    
   \              0x8A 0x9A    
   \              0xA0 0xA6    
   \              0x63 0x33    
   \              0x46 0x66    
   \              0x65 0x55    
   \              0x56         
   \   0000055C   0x67 0x77          DC8 103, 119, 118, 85, 85, 102, 120, 119, 135, 118, 85, 85, 103, 119
   \              0x76 0x55    
   \              0x55 0x66    
   \              0x78 0x77    
   \              0x87 0x76    
   \              0x55 0x55    
   \              0x67 0x77    
   \   0000056A   0x76 0x55          DC8 118, 85, 85, 102, 99, 67, 153, 154, 160, 165, 53, 51, 70, 102, 85
   \              0x55 0x66    
   \              0x63 0x43    
   \              0x99 0x9A    
   \              0xA0 0xA5    
   \              0x35 0x33    
   \              0x46 0x66    
   \              0x55         
   \   00000579   0x55 0x65          DC8 85, 101, 101, 82, 52, 69, 84, 86, 120, 136, 136, 118, 102, 119, 136
   \              0x65 0x52    
   \              0x34 0x45    
   \              0x54 0x56    
   \              0x78 0x88    
   \              0x88 0x76    
   \              0x66 0x77    
   \              0x88         
   \   00000588   0x87 0x77          DC8 135, 119, 101, 101, 86, 99, 51, 52, 170, 160, 180, 69, 68, 70, 102
   \              0x65 0x65    
   \              0x56 0x63    
   \              0x33 0x34    
   \              0xAA 0xA0    
   \              0xB4 0x45    
   \              0x44 0x46    
   \              0x66         
   \   00000597   0x65 0x55          DC8 101, 85, 67, 18, 42, 18, 84, 68, 69, 104, 136, 136, 118, 102, 68
   \              0x43 0x12    
   \              0x2A 0x12    
   \              0x54 0x44    
   \              0x45 0x68    
   \              0x88 0x88    
   \              0x76 0x66    
   \              0x44         
   \   000005A6   0x12 0x46          DC8 18, 70, 119, 102, 102, 102, 99, 51, 119, 154, 160, 180, 69, 84, 70
   \              0x77 0x66    
   \              0x66 0x66    
   \              0x63 0x33    
   \              0x77 0x9A    
   \              0xA0 0xB4    
   \              0x45 0x54    
   \              0x46         
   \   000005B5   0x66 0x66          DC8 102, 102, 101, 50, 131, 34, 53, 117, 85, 69, 104, 136, 135, 101, 84
   \              0x65 0x32    
   \              0x83 0x22    
   \              0x35 0x75    
   \              0x55 0x45    
   \              0x68 0x88    
   \              0x87 0x65    
   \              0x54         
   \   000005C4   0x51 0x2A          DC8 81, 42, 36, 36, 102, 103, 118, 99, 55, 117, 138, 160, 182, 69, 68
   \              0x24 0x24    
   \              0x66 0x67    
   \              0x76 0x63    
   \              0x37 0x75    
   \              0x8A 0xA0    
   \              0xB6 0x45    
   \              0x44         
   \   000005D3   0x56 0x66          DC8 86, 102, 102, 84, 85, 102, 52, 88, 86, 103, 68, 103, 136, 134, 104
   \              0x66 0x54    
   \              0x55 0x66    
   \              0x34 0x58    
   \              0x56 0x67    
   \              0x44 0x67    
   \              0x88 0x86    
   \              0x68         
   \   000005E2   0x56 0x83          DC8 86, 131, 50, 57, 116, 70, 103, 119, 100, 87, 102, 154, 160, 167, 86
   \              0x32 0x39    
   \              0x74 0x46    
   \              0x67 0x77    
   \              0x64 0x57    
   \              0x66 0x9A    
   \              0xA0 0xA7    
   \              0x56         
   \   000005F1   0x54 0x56          DC8 84, 86, 102, 102, 86, 102, 102, 102, 119, 102, 102, 85, 103, 136
   \              0x66 0x66    
   \              0x56 0x66    
   \              0x66 0x66    
   \              0x77 0x66    
   \              0x66 0x55    
   \              0x67 0x88    
   \   000005FF   0x87 0x77          DC8 135, 119, 101, 103, 68, 119, 102, 85, 103, 119, 100, 104, 118, 154
   \              0x65 0x67    
   \              0x44 0x77    
   \              0x66 0x55    
   \              0x67 0x77    
   \              0x64 0x68    
   \              0x76 0x9A    
   \   0000060D   0xA0 0xA8          DC8 160, 168, 86, 84, 86, 102, 102, 101, 86, 102, 119, 135, 102, 101
   \              0x56 0x54    
   \              0x56 0x66    
   \              0x66 0x65    
   \              0x56 0x66    
   \              0x77 0x87    
   \              0x66 0x65    
   \   0000061B   0x55 0x67          DC8 85, 103, 120, 135, 103, 102, 103, 118, 119, 118, 102, 103, 118, 100
   \              0x78 0x87    
   \              0x67 0x66    
   \              0x67 0x76    
   \              0x77 0x76    
   \              0x66 0x67    
   \              0x76 0x64    
   \   00000629   0x78 0x65          DC8 120, 101, 154, 160, 171, 102, 67, 102, 102, 102, 102, 102, 102, 102
   \              0x9A 0xA0    
   \              0xAB 0x66    
   \              0x43 0x66    
   \              0x66 0x66    
   \              0x66 0x66    
   \              0x66 0x66    
   \   00000637   0x66 0x76          DC8 102, 118, 85, 86, 103, 135, 119, 118, 119, 119, 120, 136, 119, 119
   \              0x55 0x56    
   \              0x67 0x87    
   \              0x77 0x76    
   \              0x77 0x77    
   \              0x78 0x88    
   \              0x77 0x77    
   \   00000645   0x76 0x76          DC8 118, 118, 100, 136, 103, 170, 160, 171, 86, 68, 86, 102, 102, 118
   \              0x64 0x88    
   \              0x67 0xAA    
   \              0xA0 0xAB    
   \              0x56 0x44    
   \              0x56 0x66    
   \              0x66 0x76    
   \   00000653   0x66 0x77          DC8 102, 119, 119, 119, 102, 101, 86, 103, 119, 135, 118, 119, 135, 119
   \              0x77 0x77    
   \              0x66 0x65    
   \              0x56 0x67    
   \              0x77 0x87    
   \              0x76 0x77    
   \              0x87 0x77    
   \   00000661   0x77 0x77          DC8 119, 119, 119, 119, 119, 101, 104, 120, 170, 160, 170, 70, 70, 86
   \              0x77 0x77    
   \              0x77 0x65    
   \              0x68 0x78    
   \              0xAA 0xA0    
   \              0xAA 0x46    
   \              0x46 0x56    
   \   0000066F   0x66 0x66          DC8 102, 102, 119, 119, 119, 119, 118, 119, 101, 102, 103, 136, 135
   \              0x77 0x77    
   \              0x77 0x77    
   \              0x76 0x77    
   \              0x65 0x66    
   \              0x67 0x88    
   \              0x87         
   \   0000067C   0x76 0x77          DC8 118, 119, 136, 136, 119, 136, 119, 119, 118, 102, 104, 122, 170
   \              0x88 0x88    
   \              0x77 0x88    
   \              0x77 0x77    
   \              0x76 0x66    
   \              0x68 0x7A    
   \              0xAA         
   \   00000689   0xA0 0xBA          DC8 160, 186, 70, 85, 86, 102, 102, 119, 119, 119, 119, 119, 119, 102
   \              0x46 0x55    
   \              0x56 0x66    
   \              0x66 0x77    
   \              0x77 0x77    
   \              0x77 0x77    
   \              0x77 0x66    
   \   00000697   0x65 0x67          DC8 101, 103, 120, 135, 102, 119, 119, 136, 136, 136, 136, 119, 118
   \              0x78 0x87    
   \              0x66 0x77    
   \              0x77 0x88    
   \              0x88 0x88    
   \              0x88 0x77    
   \              0x76         
   \   000006A4   0x67 0x78          DC8 103, 120, 122, 170, 160, 170, 70, 99, 103, 102, 102, 103, 119, 119
   \              0x7A 0xAA    
   \              0xA0 0xAA    
   \              0x46 0x63    
   \              0x67 0x66    
   \              0x66 0x67    
   \              0x77 0x77    
   \   000006B2   0x77 0x77          DC8 119, 119, 119, 102, 102, 103, 120, 135, 103, 119, 119, 119, 119
   \              0x77 0x66    
   \              0x66 0x67    
   \              0x78 0x87    
   \              0x67 0x77    
   \              0x77 0x77    
   \              0x77         
   \   000006BF   0x77 0x88          DC8 119, 136, 119, 118, 118, 120, 154, 170, 160, 170, 85, 101, 55, 102
   \              0x77 0x76    
   \              0x76 0x78    
   \              0x9A 0xAA    
   \              0xA0 0xAA    
   \              0x55 0x65    
   \              0x37 0x66    
   \   000006CD   0x66 0x67          DC8 102, 103, 103, 119, 119, 119, 119, 102, 86, 102, 120, 119, 102, 119
   \              0x67 0x77    
   \              0x77 0x77    
   \              0x77 0x66    
   \              0x56 0x66    
   \              0x78 0x77    
   \              0x66 0x77    
   \   000006DB   0x88 0x77          DC8 136, 119, 119, 120, 136, 119, 118, 134, 120, 170, 170, 160, 170
   \              0x77 0x78    
   \              0x88 0x77    
   \              0x76 0x86    
   \              0x78 0xAA    
   \              0xAA 0xA0    
   \              0xAA         
   \   000006E8   0x95 0x76          DC8 149, 118, 86, 102, 102, 102, 119, 119, 135, 119, 135, 117, 86, 103
   \              0x56 0x66    
   \              0x66 0x66    
   \              0x77 0x77    
   \              0x87 0x77    
   \              0x87 0x75    
   \              0x56 0x67    
   \   000006F6   0x78 0x77          DC8 120, 119, 118, 136, 136, 136, 119, 120, 135, 119, 119, 103, 119
   \              0x76 0x88    
   \              0x88 0x88    
   \              0x77 0x78    
   \              0x87 0x77    
   \              0x77 0x67    
   \              0x77         
   \   00000703   0xAA 0xAA          DC8 170, 170, 160, 170, 165, 102, 87, 102, 102, 103, 119, 119, 135, 136
   \              0xA0 0xAA    
   \              0xA5 0x66    
   \              0x57 0x66    
   \              0x66 0x67    
   \              0x77 0x77    
   \              0x87 0x88    
   \   00000711   0x87 0x55          DC8 135, 85, 86, 103, 119, 135, 102, 120, 136, 136, 136, 135, 135, 120
   \              0x56 0x67    
   \              0x77 0x87    
   \              0x66 0x78    
   \              0x88 0x88    
   \              0x88 0x87    
   \              0x87 0x78    
   \   0000071F   0x76 0x79          DC8 118, 121, 119, 170, 170, 160, 170, 167, 102, 87, 102, 102, 103, 119
   \              0x77 0xAA    
   \              0xAA 0xA0    
   \              0xAA 0xA7    
   \              0x66 0x57    
   \              0x66 0x66    
   \              0x67 0x77    
   \   0000072D   0x77 0x88          DC8 119, 136, 136, 118, 86, 102, 103, 120, 135, 102, 104, 137, 136, 136
   \              0x88 0x76    
   \              0x56 0x66    
   \              0x67 0x78    
   \              0x87 0x66    
   \              0x68 0x89    
   \              0x88 0x88    
   \   0000073B   0x88 0x87          DC8 136, 135, 119, 118, 153, 119, 170, 170, 160, 170, 170, 102, 86, 102
   \              0x77 0x76    
   \              0x99 0x77    
   \              0xAA 0xAA    
   \              0xA0 0xAA    
   \              0xAA 0x66    
   \              0x56 0x66    
   \   00000749   0x66 0x77          DC8 102, 119, 119, 120, 136, 119, 101, 87, 102, 103, 138, 151, 119, 119
   \              0x77 0x78    
   \              0x88 0x77    
   \              0x65 0x57    
   \              0x66 0x67    
   \              0x8A 0x97    
   \              0x77 0x77    
   \   00000757   0x79 0x98          DC8 121, 152, 152, 136, 136, 135, 118, 136, 106, 170, 170, 160, 170
   \              0x98 0x88    
   \              0x88 0x87    
   \              0x76 0x88    
   \              0x6A 0xAA    
   \              0xAA 0xA0    
   \              0xAA         
   \   00000764   0xAA 0x66          DC8 170, 102, 87, 102, 102, 119, 119, 120, 136, 118, 101, 87, 118, 104
   \              0x57 0x66    
   \              0x66 0x77    
   \              0x77 0x78    
   \              0x88 0x76    
   \              0x65 0x57    
   \              0x76 0x68    
   \   00000772   0x89 0x88          DC8 137, 136, 119, 119, 119, 137, 152, 136, 136, 135, 118, 135, 106
   \              0x77 0x77    
   \              0x77 0x89    
   \              0x98 0x88    
   \              0x88 0x87    
   \              0x76 0x87    
   \              0x6A         
   \   0000077F   0xAA 0xAA          DC8 170, 170, 160, 170, 170, 166, 87, 102, 102, 119, 119, 119, 119, 119
   \              0xA0 0xAA    
   \              0xAA 0xA6    
   \              0x57 0x66    
   \              0x66 0x77    
   \              0x77 0x77    
   \              0x77 0x77    
   \   0000078D   0x65 0x44          DC8 101, 68, 70, 104, 136, 136, 119, 119, 119, 136, 152, 136, 136, 135
   \              0x46 0x68    
   \              0x88 0x88    
   \              0x77 0x77    
   \              0x77 0x88    
   \              0x98 0x88    
   \              0x88 0x87    
   \   0000079B   0x76 0x88          DC8 118, 136, 122, 170, 170, 160, 169, 170, 170, 168, 102, 102, 119
   \              0x7A 0xAA    
   \              0xAA 0xA0    
   \              0xA9 0xAA    
   \              0xAA 0xA8    
   \              0x66 0x66    
   \              0x77         
   \   000007A8   0x77 0x77          DC8 119, 119, 119, 118, 118, 85, 68, 71, 119, 134, 85, 119, 119, 120
   \              0x77 0x76    
   \              0x76 0x55    
   \              0x44 0x47    
   \              0x77 0x86    
   \              0x55 0x77    
   \              0x77 0x78    
   \   000007B6   0x88 0x88          DC8 136, 136, 136, 119, 118, 118, 170, 170, 170, 160, 170, 170, 170
   \              0x88 0x77    
   \              0x76 0x76    
   \              0xAA 0xAA    
   \              0xAA 0xA0    
   \              0xAA 0xAA    
   \              0xAA         
   \   000007C3   0xA9 0x66          DC8 169, 102, 102, 103, 119, 119, 119, 118, 102, 102, 84, 69, 102, 102
   \              0x66 0x67    
   \              0x77 0x77    
   \              0x77 0x76    
   \              0x66 0x66    
   \              0x54 0x45    
   \              0x66 0x66    
   \   000007D1   0x66 0x77          DC8 102, 119, 120, 136, 136, 136, 136, 119, 102, 139, 170, 170, 170
   \              0x78 0x88    
   \              0x88 0x88    
   \              0x88 0x77    
   \              0x66 0x8B    
   \              0xAA 0xAA    
   \              0xAA         
   \   000007DE   0xA0 0x9A          DC8 160, 154, 170, 169, 154, 119, 102, 119, 119, 119, 119, 118, 102
   \              0xAA 0xA9    
   \              0x9A 0x77    
   \              0x66 0x77    
   \              0x77 0x77    
   \              0x77 0x76    
   \              0x66         
   \   000007EB   0x66 0x66          DC8 102, 102, 101, 69, 86, 103, 119, 119, 135, 136, 136, 136, 119, 117
   \              0x65 0x45    
   \              0x56 0x67    
   \              0x77 0x77    
   \              0x87 0x88    
   \              0x88 0x88    
   \              0x77 0x75    
   \   000007F9   0xBA 0xAA          DC8 186, 170, 170, 170, 160, 170, 170, 170, 170, 103, 102, 119, 119
   \              0xAA 0xAA    
   \              0xA0 0xAA    
   \              0xAA 0xAA    
   \              0xAA 0x67    
   \              0x66 0x77    
   \              0x77         
   \   00000806   0x77 0x77          DC8 119, 119, 102, 102, 103, 103, 135, 119, 119, 119, 119, 119, 135
   \              0x66 0x66    
   \              0x67 0x67    
   \              0x87 0x77    
   \              0x77 0x77    
   \              0x77 0x77    
   \              0x87         
   \   00000813   0x78 0x88          DC8 120, 136, 136, 119, 100, 186, 170, 170, 170, 160, 169, 170, 170
   \              0x88 0x77    
   \              0x64 0xBA    
   \              0xAA 0xAA    
   \              0xAA 0xA0    
   \              0xA9 0xAA    
   \              0xAA         
   \   00000820   0xAA 0x67          DC8 170, 103, 102, 103, 119, 119, 119, 86, 85, 85, 102, 119, 119, 120
   \              0x66 0x67    
   \              0x77 0x77    
   \              0x77 0x56    
   \              0x55 0x55    
   \              0x66 0x77    
   \              0x77 0x78    
   \   0000082E   0x87 0x67          DC8 135, 103, 119, 136, 119, 136, 136, 119, 117, 170, 170, 170, 170
   \              0x77 0x88    
   \              0x77 0x88    
   \              0x88 0x77    
   \              0x75 0xAA    
   \              0xAA 0xAA    
   \              0xAA         
   \   0000083B   0xA0 0xAA          DC8 160, 170, 170, 170, 169, 87, 102, 103, 120, 135, 118, 51, 52, 51
   \              0xAA 0xAA    
   \              0xA9 0x57    
   \              0x66 0x67    
   \              0x78 0x87    
   \              0x76 0x33    
   \              0x34 0x33    
   \   00000849   0x45 0x57          DC8 69, 87, 119, 119, 119, 119, 119, 136, 136, 136, 135, 119, 121, 170
   \              0x77 0x77    
   \              0x77 0x77    
   \              0x77 0x88    
   \              0x88 0x88    
   \              0x87 0x77    
   \              0x79 0xAA    
   \   00000857   0xAA 0xAA          DC8 170, 170, 170, 160, 170, 170, 170, 170, 118, 102, 119, 119, 137
   \              0xAA 0xA0    
   \              0xAA 0xAA    
   \              0xAA 0xAA    
   \              0x76 0x66    
   \              0x77 0x77    
   \              0x89         
   \   00000864   0x77 0x66          DC8 119, 102, 84, 68, 67, 35, 52, 52, 86, 102, 117, 104, 120, 136, 136
   \              0x54 0x44    
   \              0x43 0x23    
   \              0x34 0x34    
   \              0x56 0x66    
   \              0x75 0x68    
   \              0x78 0x88    
   \              0x88         
   \   00000873   0x77 0x5B          DC8 119, 91, 170, 170, 170, 170, 160, 170, 170, 170, 170, 118, 102, 117
   \              0xAA 0xAA    
   \              0xAA 0xAA    
   \              0xA0 0xAA    
   \              0xAA 0xAA    
   \              0xAA 0x76    
   \              0x66 0x75    
   \   00000881   0x78 0x88          DC8 120, 136, 119, 118, 101, 85, 86, 101, 85, 85, 67, 52, 103, 103, 136
   \              0x77 0x76    
   \              0x65 0x55    
   \              0x56 0x65    
   \              0x55 0x55    
   \              0x43 0x34    
   \              0x67 0x67    
   \              0x88         
   \   00000890   0x88 0x88          DC8 136, 136, 118, 90, 170, 170, 170, 170, 160, 169, 170, 170, 170, 118
   \              0x76 0x5A    
   \              0xAA 0xAA    
   \              0xAA 0xAA    
   \              0xA0 0xA9    
   \              0xAA 0xAA    
   \              0xAA 0x76    
   \   0000089E   0x77 0x76          DC8 119, 118, 119, 120, 135, 118, 102, 101, 86, 102, 103, 102, 86, 103
   \              0x77 0x78    
   \              0x87 0x76    
   \              0x66 0x65    
   \              0x56 0x66    
   \              0x67 0x66    
   \              0x56 0x67    
   \   000008AC   0x88 0x88          DC8 136, 136, 136, 136, 135, 118, 170, 170, 170, 170, 170, 160, 169
   \              0x88 0x88    
   \              0x87 0x76    
   \              0xAA 0xAA    
   \              0xAA 0xAA    
   \              0xAA 0xA0    
   \              0xA9         
   \   000008B9   0xAA 0xAA          DC8 170, 170, 170, 102, 103, 103, 119, 120, 135, 118, 118, 118, 102
   \              0xAA 0x66    
   \              0x67 0x67    
   \              0x77 0x78    
   \              0x87 0x76    
   \              0x76 0x76    
   \              0x66         
   \   000008C6   0x76 0x67          DC8 118, 103, 103, 119, 120, 136, 136, 136, 136, 135, 119, 170, 170
   \              0x67 0x77    
   \              0x78 0x88    
   \              0x88 0x88    
   \              0x88 0x87    
   \              0x77 0xAA    
   \              0xAA         
   \   000008D3   0xAA 0xAA          DC8 170, 170, 170, 160, 169, 154, 170, 170, 102, 102, 119, 119, 119
   \              0xAA 0xA0    
   \              0xA9 0x9A    
   \              0xAA 0xAA    
   \              0x66 0x66    
   \              0x77 0x77    
   \              0x77         
   \   000008E0   0x77 0x76          DC8 119, 118, 118, 119, 103, 102, 103, 119, 136, 136, 136, 136, 136
   \              0x76 0x77    
   \              0x67 0x66    
   \              0x67 0x77    
   \              0x88 0x88    
   \              0x88 0x88    
   \              0x88         
   \   000008ED   0x88 0x77          DC8 136, 119, 123, 170, 170, 170, 170, 170, 160, 169, 170, 170, 170
   \              0x7B 0xAA    
   \              0xAA 0xAA    
   \              0xAA 0xAA    
   \              0xA0 0xA9    
   \              0xAA 0xAA    
   \              0xAA         
   \   000008FA   0x66 0x56          DC8 102, 86, 103, 119, 119, 119, 118, 103, 103, 119, 119, 119, 136, 136
   \              0x67 0x77    
   \              0x77 0x77    
   \              0x76 0x67    
   \              0x67 0x77    
   \              0x77 0x77    
   \              0x88 0x88    
   \   00000908   0x78 0x88          DC8 120, 136, 136, 136, 136, 119, 106, 186, 170, 170, 170, 170, 160
   \              0x88 0x88    
   \              0x88 0x77    
   \              0x6A 0xBA    
   \              0xAA 0xAA    
   \              0xAA 0xAA    
   \              0xA0         
   \   00000915   0xA9 0xAA          DC8 169, 170, 170, 116, 101, 85, 102, 102, 103, 119, 119, 119, 119, 119
   \              0xAA 0x74    
   \              0x65 0x55    
   \              0x66 0x66    
   \              0x67 0x77    
   \              0x77 0x77    
   \              0x77 0x77    
   \   00000923   0x77 0x77          DC8 119, 119, 136, 136, 136, 136, 136, 136, 136, 119, 186, 170, 170
   \              0x88 0x88    
   \              0x88 0x88    
   \              0x88 0x88    
   \              0x88 0x77    
   \              0xBA 0xAA    
   \              0xAA         
   \   00000930   0xAA 0xAA          DC8 170, 170, 170, 160, 170, 154, 168, 84, 101, 85, 102, 102, 103, 119
   \              0xAA 0xA0    
   \              0xAA 0x9A    
   \              0xA8 0x54    
   \              0x65 0x55    
   \              0x66 0x66    
   \              0x67 0x77    
   \   0000093E   0x77 0x77          DC8 119, 119, 119, 119, 119, 119, 136, 136, 136, 136, 136, 136, 120, 91
   \              0x77 0x77    
   \              0x77 0x77    
   \              0x88 0x88    
   \              0x88 0x88    
   \              0x88 0x88    
   \              0x78 0x5B    
   \   0000094C   0xAA 0xAA          DC8 170, 170, 170, 170, 170, 170, 160, 153, 169, 151, 69, 102, 101, 102
   \              0xAA 0xAA    
   \              0xAA 0xAA    
   \              0xA0 0x99    
   \              0xA9 0x97    
   \              0x45 0x66    
   \              0x65 0x66    
   \   0000095A   0x66 0x66          DC8 102, 102, 102, 119, 119, 102, 103, 119, 119, 136, 136, 136, 136
   \              0x66 0x77    
   \              0x77 0x66    
   \              0x67 0x77    
   \              0x77 0x88    
   \              0x88 0x88    
   \              0x88         
   \   00000967   0x88 0x88          DC8 136, 136, 118, 186, 170, 170, 170, 170, 170, 186, 160, 153, 153
   \              0x76 0xBA    
   \              0xAA 0xAA    
   \              0xAA 0xAA    
   \              0xAA 0xBA    
   \              0xA0 0x99    
   \              0x99         
   \   00000974   0x85 0x75          DC8 133, 117, 102, 102, 85, 85, 102, 102, 103, 119, 103, 119, 120, 135
   \              0x66 0x66    
   \              0x55 0x55    
   \              0x66 0x66    
   \              0x67 0x77    
   \              0x67 0x77    
   \              0x78 0x87    
   \   00000982   0x88 0x88          DC8 136, 136, 136, 136, 120, 119, 117, 186, 170, 170, 170, 170, 187
   \              0x88 0x88    
   \              0x78 0x77    
   \              0x75 0xBA    
   \              0xAA 0xAA    
   \              0xAA 0xAA    
   \              0xBB         
   \   0000098F   0xAA 0xA0          DC8 170, 160, 153, 153, 147, 115, 102, 102, 85, 85, 86, 102, 102, 119
   \              0x99 0x99    
   \              0x93 0x73    
   \              0x66 0x66    
   \              0x55 0x55    
   \              0x56 0x66    
   \              0x66 0x77    
   \   0000099D   0x67 0x78          DC8 103, 120, 120, 136, 136, 136, 136, 135, 135, 119, 103, 170, 170
   \              0x78 0x88    
   \              0x88 0x88    
   \              0x88 0x87    
   \              0x87 0x77    
   \              0x67 0xAA    
   \              0xAA         
   \   000009AA   0xAA 0xAA          DC8 170, 170, 170, 170, 170, 160, 153, 153, 149, 99, 101, 102, 86, 85
   \              0xAA 0xAA    
   \              0xAA 0xA0    
   \              0x99 0x99    
   \              0x95 0x63    
   \              0x65 0x66    
   \              0x56 0x55    
   \   000009B8   0x55 0x56          DC8 85, 86, 103, 119, 103, 103, 120, 136, 136, 136, 135, 119, 119, 118
   \              0x67 0x77    
   \              0x67 0x67    
   \              0x78 0x88    
   \              0x88 0x88    
   \              0x87 0x77    
   \              0x77 0x76    
   \   000009C6   0x66 0xAB          DC8 102, 171, 170, 170, 170, 170, 170, 170, 160, 153, 153, 151, 51, 101
   \              0xAA 0xAA    
   \              0xAA 0xAA    
   \              0xAA 0xAA    
   \              0xA0 0x99    
   \              0x99 0x97    
   \              0x33 0x65    
   \   000009D4   0x55 0x55          DC8 85, 85, 85, 85, 85, 102, 102, 102, 119, 119, 119, 136, 135, 119
   \              0x55 0x55    
   \              0x55 0x66    
   \              0x66 0x66    
   \              0x77 0x77    
   \              0x77 0x88    
   \              0x87 0x77    
   \   000009E2   0x77 0x76          DC8 119, 118, 102, 116, 170, 170, 170, 170, 170, 170, 170, 160, 153
   \              0x66 0x74    
   \              0xAA 0xAA    
   \              0xAA 0xAA    
   \              0xAA 0xAA    
   \              0xAA 0xA0    
   \              0x99         
   \   000009EF   0x99 0xA3          DC8 153, 163, 50, 85, 102, 101, 85, 85, 85, 101, 102, 102, 119, 119
   \              0x32 0x55    
   \              0x66 0x65    
   \              0x55 0x55    
   \              0x55 0x65    
   \              0x66 0x66    
   \              0x77 0x77    
   \   000009FD   0x77 0x77          DC8 119, 119, 136, 119, 119, 102, 103, 98, 169, 170, 186, 170, 187, 170
   \              0x88 0x77    
   \              0x77 0x66    
   \              0x67 0x62    
   \              0xA9 0xAA    
   \              0xBA 0xAA    
   \              0xBB 0xAA    
   \   00000A0B   0xAA 0xA0          DC8 170, 160, 153, 154, 145, 35, 86, 102, 102, 85, 85, 85, 85, 102, 102
   \              0x99 0x9A    
   \              0x91 0x23    
   \              0x56 0x66    
   \              0x66 0x55    
   \              0x55 0x55    
   \              0x55 0x66    
   \              0x66         
   \   00000A1A   0x77 0x77          DC8 119, 119, 119, 119, 135, 119, 102, 118, 119, 98, 154, 170, 186, 186
   \              0x77 0x77    
   \              0x87 0x77    
   \              0x66 0x76    
   \              0x77 0x62    
   \              0x9A 0xAA    
   \              0xBA 0xBA    
   \   00000A28   0xAA 0xBA          DC8 170, 186, 186, 160, 153, 154, 161, 51, 86, 102, 102, 85, 85, 85, 85
   \              0xBA 0xA0    
   \              0x99 0x9A    
   \              0xA1 0x33    
   \              0x56 0x66    
   \              0x66 0x55    
   \              0x55 0x55    
   \              0x55         
   \   00000A37   0x55 0x66          DC8 85, 102, 103, 119, 118, 118, 118, 102, 103, 119, 119, 51, 154, 170
   \              0x67 0x77    
   \              0x76 0x76    
   \              0x76 0x66    
   \              0x67 0x77    
   \              0x77 0x33    
   \              0x9A 0xAA    
   \   00000A45   0xAA 0xAA          DC8 170, 170, 170, 187, 171, 176, 153, 154, 162, 35, 85, 102, 102, 101
   \              0xAA 0xBB    
   \              0xAB 0xB0    
   \              0x99 0x9A    
   \              0xA2 0x23    
   \              0x55 0x66    
   \              0x66 0x65    
   \   00000A53   0x55 0x55          DC8 85, 85, 85, 85, 86, 102, 102, 102, 102, 85, 86, 103, 119, 119, 35
   \              0x55 0x55    
   \              0x56 0x66    
   \              0x66 0x66    
   \              0x66 0x55    
   \              0x56 0x67    
   \              0x77 0x77    
   \              0x23         
   \   00000A62   0x9A 0xAA          DC8 154, 170, 187, 187, 170, 186, 170, 176, 153, 154, 165, 52, 85, 102
   \              0xBB 0xBB    
   \              0xAA 0xBA    
   \              0xAA 0xB0    
   \              0x99 0x9A    
   \              0xA5 0x34    
   \              0x55 0x66    
   \   00000A70   0x66 0x65          DC8 102, 101, 102, 85, 85, 85, 85, 85, 85, 85, 85, 102, 103, 119, 119
   \              0x66 0x55    
   \              0x55 0x55    
   \              0x55 0x55    
   \              0x55 0x55    
   \              0x55 0x66    
   \              0x67 0x77    
   \              0x77         
   \   00000A7F   0x77 0x22          DC8 119, 34, 154, 171, 170, 186, 170, 186, 170, 160, 153, 154, 168, 52
   \              0x9A 0xAB    
   \              0xAA 0xBA    
   \              0xAA 0xBA    
   \              0xAA 0xA0    
   \              0x99 0x9A    
   \              0xA8 0x34    
   \   00000A8D   0x45 0x66          DC8 69, 102, 102, 86, 102, 101, 85, 85, 85, 85, 85, 86, 102, 103, 119
   \              0x66 0x56    
   \              0x66 0x65    
   \              0x55 0x55    
   \              0x55 0x55    
   \              0x55 0x56    
   \              0x66 0x67    
   \              0x77         
   \   00000A9C   0x77 0x77          DC8 119, 119, 117, 49, 138, 170, 154, 170, 187, 171, 186, 160, 153, 154
   \              0x75 0x31    
   \              0x8A 0xAA    
   \              0x9A 0xAA    
   \              0xBB 0xAB    
   \              0xBA 0xA0    
   \              0x99 0x9A    
   \   00000AAA   0xA9 0x34          DC8 169, 52, 69, 102, 118, 102, 102, 101, 102, 102, 102, 101, 103, 119
   \              0x45 0x66    
   \              0x76 0x66    
   \              0x66 0x65    
   \              0x66 0x66    
   \              0x66 0x65    
   \              0x67 0x77    
   \   00000AB8   0x77 0x77          DC8 119, 119, 136, 119, 119, 117, 49, 155, 186, 186, 170, 154, 187, 186
   \              0x88 0x77    
   \              0x77 0x75    
   \              0x31 0x9B    
   \              0xBA 0xBA    
   \              0xAA 0x9A    
   \              0xBB 0xBA    
   \   00000AC6   0xB0 0x9A          DC8 176, 154, 154, 170, 84, 69, 86, 102, 118, 119, 102, 102, 119, 119
   \              0x9A 0xAA    
   \              0x54 0x45    
   \              0x56 0x66    
   \              0x76 0x77    
   \              0x66 0x66    
   \              0x77 0x77    
   \   00000AD4   0x77 0x67          DC8 119, 103, 119, 119, 119, 120, 119, 119, 100, 49, 170, 170, 171, 187
   \              0x77 0x77    
   \              0x77 0x78    
   \              0x77 0x77    
   \              0x64 0x31    
   \              0xAA 0xAA    
   \              0xAB 0xBB    
   \   00000AE2   0xBA 0x9A          DC8 186, 154, 170, 176, 153, 154, 170, 163, 69, 86, 102, 119, 119, 103
   \              0xAA 0xB0    
   \              0x99 0x9A    
   \              0xAA 0xA3    
   \              0x45 0x56    
   \              0x66 0x77    
   \              0x77 0x67    
   \   00000AF0   0x67 0x77          DC8 103, 119, 119, 119, 136, 136, 136, 136, 135, 119, 119, 100, 53, 170
   \              0x77 0x77    
   \              0x88 0x88    
   \              0x88 0x88    
   \              0x87 0x77    
   \              0x77 0x64    
   \              0x35 0xAA    
   \   00000AFE   0xBA 0xBB          DC8 186, 187, 186, 170, 187, 170, 160, 169, 170, 170, 184, 68, 86, 102
   \              0xBA 0xAA    
   \              0xBB 0xAA    
   \              0xA0 0xA9    
   \              0xAA 0xAA    
   \              0xB8 0x44    
   \              0x56 0x66    
   \   00000B0C   0x77 0x77          DC8 119, 119, 119, 119, 119, 119, 136, 137, 136, 136, 136, 120, 119
   \              0x77 0x77    
   \              0x77 0x77    
   \              0x88 0x89    
   \              0x88 0x88    
   \              0x88 0x78    
   \              0x77         
   \   00000B19   0x77 0x53          DC8 119, 83, 39, 171, 186, 186, 187, 187, 186, 170, 176
   \              0x27 0xAB    
   \              0xBA 0xBA    
   \              0xBB 0xBB    
   \              0xBA 0xAA    
   \              0xB0         
     44            0x88, 0x88, 0x88, 0x88, 0x89, 0x88, 0x99, 0x99, 0x89, 0x99, 0x88, 0x99, 0x98, 0x88, 0x98, 0x88, 0x89, 0x88, 0x89, 0x99, 0x88, 0x89, 0x88, 0x98, 0x98, 0x89, 0x88, 0x89, 0x98, 0x88, 0x80,
     45            0x88, 0x88, 0x88, 0x89, 0x88, 0x88, 0x88, 0x89, 0x89, 0x99, 0x88, 0x88, 0x88, 0x88, 0x88, 0x88, 0x88, 0x88, 0x89, 0x89, 0x88, 0x98, 0x88, 0x89, 0x98, 0x89, 0x88, 0x88, 0x88, 0x88, 0x80,
     46            0x88, 0x88, 0x88, 0x88, 0x89, 0x88, 0x88, 0x88, 0x89, 0x88, 0x88, 0x88, 0x77, 0x75, 0x68, 0x56, 0x55, 0x55, 0x68, 0x88, 0x88, 0x99, 0x98, 0x99, 0x98, 0x88, 0x88, 0x88, 0x88, 0x88, 0x80,
     47            0x88, 0x88, 0x88, 0x88, 0x89, 0x88, 0x88, 0x88, 0x88, 0x85, 0x44, 0x55, 0x53, 0x54, 0x35, 0x33, 0x44, 0x44, 0x46, 0x67, 0x78, 0x88, 0x88, 0x88, 0x88, 0x88, 0x88, 0x88, 0x88, 0x88, 0x80,
     48            0x88, 0x88, 0x88, 0x88, 0x88, 0x88, 0x88, 0x87, 0x78, 0x75, 0x43, 0x33, 0x33, 0x33, 0x34, 0x33, 0x33, 0x33, 0x44, 0x55, 0x67, 0x88, 0x88, 0x88, 0x88, 0x88, 0x88, 0x88, 0x88, 0x88, 0x80,
     49            0x98, 0x99, 0x88, 0x88, 0x88, 0x88, 0x87, 0x86, 0x63, 0x33, 0x33, 0x33, 0x33, 0x23, 0x22, 0x22, 0x23, 0x33, 0x33, 0x34, 0x56, 0x44, 0x68, 0x88, 0x88, 0x88, 0x88, 0x88, 0x88, 0x88, 0x80,
     50            0x88, 0x88, 0x88, 0x88, 0x88, 0x87, 0x85, 0x47, 0x54, 0x33, 0x33, 0x32, 0x22, 0x23, 0x22, 0x22, 0x22, 0x22, 0x22, 0x33, 0x33, 0x33, 0x43, 0x77, 0x88, 0x88, 0x88, 0x88, 0x88, 0x88, 0x80,
     51            0x88, 0x88, 0x88, 0x88, 0x88, 0x86, 0x44, 0x43, 0x44, 0x33, 0x33, 0x22, 0x22, 0x22, 0x22, 0x22, 0x22, 0x22, 0x22, 0x33, 0x23, 0x23, 0x33, 0x45, 0x77, 0x88, 0x88, 0x88, 0x88, 0x88, 0x80,
     52            0x88, 0x88, 0x88, 0x88, 0x87, 0x65, 0x43, 0x33, 0x33, 0x33, 0x22, 0x22, 0x22, 0x22, 0x22, 0x22, 0x22, 0x22, 0x22, 0x22, 0x22, 0x22, 0x23, 0x34, 0x46, 0x76, 0x88, 0x88, 0x88, 0x88, 0x80,
     53            0x98, 0x88, 0x88, 0x88, 0x76, 0x54, 0x33, 0x33, 0x23, 0x32, 0x22, 0x22, 0x22, 0x22, 0x22, 0x22, 0x22, 0x12, 0x22, 0x22, 0x22, 0x22, 0x33, 0x33, 0x44, 0x48, 0x88, 0x88, 0x88, 0x88, 0x80,
     54            0x9A, 0x99, 0x99, 0x99, 0x75, 0x43, 0x33, 0x33, 0x22, 0x22, 0x22, 0x22, 0x22, 0x12, 0x21, 0x22, 0x22, 0x22, 0x22, 0x22, 0x22, 0x23, 0x33, 0x33, 0x34, 0x76, 0x78, 0x88, 0x88, 0x88, 0x80,
     55            0x99, 0x99, 0x99, 0x97, 0x43, 0x33, 0x32, 0x32, 0x22, 0x22, 0x22, 0x22, 0x22, 0x22, 0x21, 0x22, 0x12, 0x22, 0x12, 0x22, 0x22, 0x32, 0x22, 0x22, 0x34, 0x34, 0x88, 0x99, 0x99, 0x99, 0x90,
     56            0x99, 0x99, 0x99, 0x75, 0x43, 0x32, 0x22, 0x22, 0x22, 0x23, 0x23, 0x22, 0x22, 0x22, 0x21, 0x22, 0x22, 0x22, 0x22, 0x22, 0x22, 0x22, 0x22, 0x22, 0x23, 0x34, 0x68, 0x89, 0x89, 0x89, 0x80,
     57            0xAA, 0xAA, 0xA9, 0x86, 0x53, 0x22, 0x21, 0x22, 0x22, 0x23, 0x22, 0x22, 0x22, 0x22, 0x22, 0x22, 0x22, 0x22, 0x22, 0x22, 0x22, 0x22, 0x22, 0x22, 0x22, 0x24, 0x58, 0x99, 0x99, 0x99, 0x90,
     58            0xAA, 0xAA, 0xAA, 0x85, 0x32, 0x22, 0x21, 0x12, 0x22, 0x22, 0x22, 0x22, 0x22, 0x22, 0x22, 0x22, 0x22, 0x22, 0x22, 0x22, 0x22, 0x22, 0x22, 0x22, 0x22, 0x24, 0x46, 0x79, 0x99, 0x99, 0x90,
     59            0xAA, 0xAA, 0xA6, 0x33, 0x22, 0x22, 0x21, 0x22, 0x23, 0x22, 0x22, 0x22, 0x22, 0x22, 0x22, 0x22, 0x22, 0x22, 0x22, 0x22, 0x11, 0x22, 0x22, 0x22, 0x22, 0x22, 0x35, 0x68, 0x99, 0x99, 0x90,
     60            0xBB, 0xBA, 0xA4, 0x32, 0x22, 0x21, 0x21, 0x22, 0x23, 0x22, 0x22, 0x22, 0x22, 0x33, 0x33, 0x32, 0x22, 0x22, 0x22, 0x22, 0x22, 0x22, 0x22, 0x22, 0x22, 0x22, 0x34, 0x66, 0x99, 0x99, 0x90,
     61            0xBB, 0xBA, 0x83, 0x22, 0x21, 0x12, 0x22, 0x33, 0x33, 0x33, 0x33, 0x33, 0x33, 0x33, 0x33, 0x33, 0x33, 0x33, 0x23, 0x33, 0x22, 0x33, 0x32, 0x22, 0x21, 0x12, 0x22, 0x33, 0x89, 0x99, 0x90,
     62            0xBB, 0xBA, 0x63, 0x22, 0x21, 0x11, 0x23, 0x34, 0x44, 0x44, 0x44, 0x44, 0x44, 0x44, 0x44, 0x44, 0x44, 0x34, 0x45, 0x43, 0x33, 0x33, 0x32, 0x32, 0x21, 0x12, 0x22, 0x23, 0x69, 0x99, 0x90,
     63            0xBB, 0xBA, 0x32, 0x22, 0x21, 0x22, 0x34, 0x44, 0x45, 0x55, 0x55, 0x55, 0x55, 0x55, 0x44, 0x44, 0x45, 0x44, 0x54, 0x43, 0x33, 0x33, 0x33, 0x43, 0x21, 0x12, 0x22, 0x33, 0x58, 0x99, 0x90,
     64            0xBB, 0xB6, 0x33, 0x22, 0x22, 0x23, 0x44, 0x55, 0x55, 0x56, 0x66, 0x66, 0x76, 0x66, 0x66, 0x55, 0x66, 0x55, 0x55, 0x44, 0x44, 0x44, 0x44, 0x44, 0x32, 0x22, 0x22, 0x23, 0x36, 0x99, 0x90,
     65            0xBB, 0x92, 0x33, 0x22, 0x22, 0x34, 0x55, 0x55, 0x56, 0x66, 0x66, 0x66, 0x66, 0x77, 0x77, 0x66, 0x67, 0x76, 0x66, 0x66, 0x66, 0x65, 0x55, 0x55, 0x43, 0x22, 0x22, 0x22, 0x34, 0x99, 0x90,
     66            0xBB, 0x43, 0x32, 0x22, 0x23, 0x44, 0x55, 0x55, 0x56, 0x66, 0x66, 0x76, 0x66, 0x77, 0x77, 0x77, 0x77, 0x77, 0x77, 0x77, 0x76, 0x66, 0x66, 0x65, 0x54, 0x21, 0x12, 0x22, 0x33, 0x69, 0x90,
     67            0xBC, 0x33, 0x32, 0x22, 0x24, 0x45, 0x55, 0x66, 0x66, 0x66, 0x67, 0x77, 0x77, 0x77, 0x77, 0x77, 0x77, 0x77, 0x77, 0x77, 0x77, 0x77, 0x76, 0x65, 0x55, 0x42, 0x12, 0x22, 0x34, 0x79, 0x90,
     68            0xBB, 0x33, 0x22, 0x22, 0x34, 0x45, 0x55, 0x66, 0x66, 0x66, 0x67, 0x77, 0x77, 0x77, 0x77, 0x77, 0x77, 0x77, 0x77, 0x77, 0x77, 0x77, 0x76, 0x66, 0x55, 0x43, 0x11, 0x22, 0x33, 0x69, 0x90,
     69            0xBB, 0x23, 0x23, 0x22, 0x34, 0x55, 0x55, 0x66, 0x66, 0x67, 0x77, 0x77, 0x77, 0x77, 0x77, 0x77, 0x77, 0x77, 0x77, 0x77, 0x77, 0x77, 0x77, 0x76, 0x55, 0x43, 0x22, 0x22, 0x33, 0x49, 0x90,
     70            0xBB, 0x23, 0x33, 0x33, 0x34, 0x55, 0x55, 0x66, 0x67, 0x67, 0x77, 0x77, 0x77, 0x77, 0x77, 0x87, 0x77, 0x87, 0x77, 0x77, 0x77, 0x77, 0x77, 0x76, 0x65, 0x54, 0x32, 0x22, 0x33, 0x47, 0x90,
     71            0xBA, 0x33, 0x33, 0x33, 0x44, 0x55, 0x55, 0x66, 0x67, 0x67, 0x77, 0x77, 0x77, 0x88, 0x88, 0x88, 0x88, 0x88, 0x88, 0x87, 0x77, 0x77, 0x77, 0x76, 0x65, 0x55, 0x32, 0x22, 0x33, 0x38, 0x90,
     72            0xB8, 0x33, 0x23, 0x33, 0x44, 0x55, 0x55, 0x66, 0x66, 0x77, 0x77, 0x77, 0x78, 0x88, 0x89, 0x88, 0x88, 0x88, 0x88, 0x88, 0x87, 0x77, 0x77, 0x76, 0x66, 0x55, 0x32, 0x23, 0x24, 0x38, 0x90,
     73            0xB9, 0x33, 0x33, 0x33, 0x45, 0x55, 0x55, 0x56, 0x66, 0x67, 0x77, 0x78, 0x88, 0x88, 0x89, 0x98, 0x99, 0x99, 0x98, 0x88, 0x87, 0x77, 0x77, 0x76, 0x66, 0x65, 0x43, 0x23, 0x33, 0x49, 0x90,
     74            0xB9, 0x32, 0x33, 0x34, 0x44, 0x55, 0x55, 0x56, 0x66, 0x67, 0x77, 0x88, 0x88, 0x88, 0x89, 0x88, 0x99, 0x89, 0x98, 0x88, 0x88, 0x77, 0x77, 0x76, 0x66, 0x65, 0x43, 0x33, 0x33, 0x49, 0x90,
     75            0xB9, 0x22, 0x33, 0x34, 0x44, 0x55, 0x55, 0x56, 0x66, 0x67, 0x77, 0x88, 0x88, 0x88, 0x99, 0x89, 0x98, 0x98, 0x88, 0x88, 0x88, 0x77, 0x76, 0x76, 0x66, 0x55, 0x43, 0x33, 0x34, 0x79, 0x90,
     76            0xB8, 0x32, 0x33, 0x34, 0x44, 0x55, 0x55, 0x56, 0x66, 0x67, 0x77, 0x87, 0x88, 0x88, 0x89, 0x89, 0x99, 0x98, 0x88, 0x88, 0x88, 0x77, 0x76, 0x66, 0x65, 0x55, 0x44, 0x33, 0x33, 0x89, 0x90,
     77            0xB5, 0x32, 0x33, 0x34, 0x44, 0x55, 0x55, 0x56, 0x66, 0x67, 0x77, 0x77, 0x88, 0x88, 0x89, 0x89, 0x99, 0x88, 0x88, 0x88, 0x78, 0x77, 0x76, 0x66, 0x66, 0x65, 0x43, 0x33, 0x33, 0x99, 0x90,
     78            0xB5, 0x32, 0x23, 0x34, 0x45, 0x55, 0x56, 0x66, 0x66, 0x77, 0x77, 0x77, 0x88, 0x88, 0x88, 0x88, 0x98, 0x89, 0x88, 0x88, 0x87, 0x77, 0x77, 0x66, 0x66, 0x55, 0x43, 0x33, 0x25, 0x99, 0x90,
     79            0xBA, 0x32, 0x23, 0x33, 0x45, 0x55, 0x66, 0x56, 0x66, 0x77, 0x77, 0x77, 0x78, 0x88, 0x89, 0x89, 0x88, 0x89, 0x88, 0x88, 0x88, 0x77, 0x77, 0x76, 0x66, 0x55, 0x43, 0x33, 0x28, 0x99, 0x90,
     80            0xB9, 0x23, 0x33, 0x34, 0x45, 0x55, 0x66, 0x66, 0x66, 0x77, 0x77, 0x77, 0x78, 0x88, 0x88, 0x88, 0x88, 0x88, 0x88, 0x88, 0x87, 0x77, 0x77, 0x77, 0x66, 0x65, 0x43, 0x23, 0x29, 0x99, 0x90,
     81            0xB9, 0x23, 0x33, 0x33, 0x55, 0x56, 0x66, 0x66, 0x66, 0x77, 0x77, 0x77, 0x88, 0x88, 0x88, 0x88, 0x88, 0x89, 0x88, 0x88, 0x78, 0x77, 0x77, 0x77, 0x76, 0x65, 0x43, 0x23, 0x39, 0x99, 0x90,
     82            0xBB, 0x33, 0x33, 0x34, 0x55, 0x66, 0x66, 0x66, 0x77, 0x77, 0x77, 0x88, 0x88, 0x88, 0x88, 0x88, 0x88, 0x88, 0x88, 0x88, 0x88, 0x77, 0x77, 0x77, 0x76, 0x66, 0x53, 0x23, 0x1A, 0x99, 0x90,
     83            0xAA, 0x33, 0x33, 0x33, 0x55, 0x56, 0x66, 0x66, 0x66, 0x77, 0x77, 0x77, 0x88, 0x88, 0x88, 0x88, 0x88, 0x89, 0x88, 0x88, 0x88, 0x78, 0x77, 0x77, 0x76, 0x66, 0x53, 0x23, 0x1A, 0xA9, 0x90,
     84            0xAA, 0x23, 0x33, 0x34, 0x56, 0x66, 0x66, 0x66, 0x66, 0x66, 0x77, 0x78, 0x88, 0x88, 0x88, 0x88, 0x88, 0x88, 0x88, 0x88, 0x88, 0x87, 0x77, 0x77, 0x76, 0x66, 0x53, 0x23, 0x1A, 0x99, 0x90,
     85            0xAA, 0x73, 0x33, 0x45, 0x66, 0x55, 0x55, 0x55, 0x55, 0x55, 0x55, 0x55, 0x66, 0x78, 0x88, 0x88, 0x88, 0x88, 0x88, 0x87, 0x77, 0x66, 0x66, 0x77, 0x76, 0x66, 0x53, 0x33, 0x3A, 0x9A, 0xA0,
     86            0xAB, 0x84, 0x33, 0x35, 0x66, 0x56, 0x55, 0x44, 0x45, 0x43, 0x33, 0x34, 0x56, 0x67, 0x87, 0x77, 0x77, 0x88, 0x65, 0x65, 0x45, 0x55, 0x65, 0x66, 0x66, 0x66, 0x64, 0x33, 0x5A, 0x9A, 0xA0,
     87            0xAA, 0x33, 0x33, 0x36, 0x66, 0x65, 0x44, 0x45, 0x56, 0x55, 0x44, 0x44, 0x55, 0x66, 0x77, 0x67, 0x77, 0x77, 0x54, 0x44, 0x44, 0x44, 0x45, 0x55, 0x66, 0x66, 0x63, 0x33, 0x8A, 0x9A, 0xA0,
     88            0xA6, 0x63, 0x33, 0x46, 0x66, 0x65, 0x55, 0x56, 0x67, 0x77, 0x76, 0x55, 0x55, 0x66, 0x78, 0x77, 0x87, 0x76, 0x55, 0x55, 0x67, 0x77, 0x76, 0x55, 0x55, 0x66, 0x63, 0x43, 0x99, 0x9A, 0xA0,
     89            0xA5, 0x35, 0x33, 0x46, 0x66, 0x55, 0x55, 0x65, 0x65, 0x52, 0x34, 0x45, 0x54, 0x56, 0x78, 0x88, 0x88, 0x76, 0x66, 0x77, 0x88, 0x87, 0x77, 0x65, 0x65, 0x56, 0x63, 0x33, 0x34, 0xAA, 0xA0,
     90            0xB4, 0x45, 0x44, 0x46, 0x66, 0x65, 0x55, 0x43, 0x12, 0x2A, 0x12, 0x54, 0x44, 0x45, 0x68, 0x88, 0x88, 0x76, 0x66, 0x44, 0x12, 0x46, 0x77, 0x66, 0x66, 0x66, 0x63, 0x33, 0x77, 0x9A, 0xA0,
     91            0xB4, 0x45, 0x54, 0x46, 0x66, 0x66, 0x65, 0x32, 0x83, 0x22, 0x35, 0x75, 0x55, 0x45, 0x68, 0x88, 0x87, 0x65, 0x54, 0x51, 0x2A, 0x24, 0x24, 0x66, 0x67, 0x76, 0x63, 0x37, 0x75, 0x8A, 0xA0,
     92            0xB6, 0x45, 0x44, 0x56, 0x66, 0x66, 0x54, 0x55, 0x66, 0x34, 0x58, 0x56, 0x67, 0x44, 0x67, 0x88, 0x86, 0x68, 0x56, 0x83, 0x32, 0x39, 0x74, 0x46, 0x67, 0x77, 0x64, 0x57, 0x66, 0x9A, 0xA0,
     93            0xA7, 0x56, 0x54, 0x56, 0x66, 0x66, 0x56, 0x66, 0x66, 0x66, 0x77, 0x66, 0x66, 0x55, 0x67, 0x88, 0x87, 0x77, 0x65, 0x67, 0x44, 0x77, 0x66, 0x55, 0x67, 0x77, 0x64, 0x68, 0x76, 0x9A, 0xA0,
     94            0xA8, 0x56, 0x54, 0x56, 0x66, 0x66, 0x65, 0x56, 0x66, 0x77, 0x87, 0x66, 0x65, 0x55, 0x67, 0x78, 0x87, 0x67, 0x66, 0x67, 0x76, 0x77, 0x76, 0x66, 0x67, 0x76, 0x64, 0x78, 0x65, 0x9A, 0xA0,
     95            0xAB, 0x66, 0x43, 0x66, 0x66, 0x66, 0x66, 0x66, 0x66, 0x66, 0x66, 0x76, 0x55, 0x56, 0x67, 0x87, 0x77, 0x76, 0x77, 0x77, 0x78, 0x88, 0x77, 0x77, 0x76, 0x76, 0x64, 0x88, 0x67, 0xAA, 0xA0,
     96            0xAB, 0x56, 0x44, 0x56, 0x66, 0x66, 0x76, 0x66, 0x77, 0x77, 0x77, 0x66, 0x65, 0x56, 0x67, 0x77, 0x87, 0x76, 0x77, 0x87, 0x77, 0x77, 0x77, 0x77, 0x77, 0x77, 0x65, 0x68, 0x78, 0xAA, 0xA0,
     97            0xAA, 0x46, 0x46, 0x56, 0x66, 0x66, 0x77, 0x77, 0x77, 0x77, 0x76, 0x77, 0x65, 0x66, 0x67, 0x88, 0x87, 0x76, 0x77, 0x88, 0x88, 0x77, 0x88, 0x77, 0x77, 0x76, 0x66, 0x68, 0x7A, 0xAA, 0xA0,
     98            0xBA, 0x46, 0x55, 0x56, 0x66, 0x66, 0x77, 0x77, 0x77, 0x77, 0x77, 0x77, 0x66, 0x65, 0x67, 0x78, 0x87, 0x66, 0x77, 0x77, 0x88, 0x88, 0x88, 0x88, 0x77, 0x76, 0x67, 0x78, 0x7A, 0xAA, 0xA0,
     99            0xAA, 0x46, 0x63, 0x67, 0x66, 0x66, 0x67, 0x77, 0x77, 0x77, 0x77, 0x77, 0x66, 0x66, 0x67, 0x78, 0x87, 0x67, 0x77, 0x77, 0x77, 0x77, 0x77, 0x88, 0x77, 0x76, 0x76, 0x78, 0x9A, 0xAA, 0xA0,
    100            0xAA, 0x55, 0x65, 0x37, 0x66, 0x66, 0x67, 0x67, 0x77, 0x77, 0x77, 0x77, 0x66, 0x56, 0x66, 0x78, 0x77, 0x66, 0x77, 0x88, 0x77, 0x77, 0x78, 0x88, 0x77, 0x76, 0x86, 0x78, 0xAA, 0xAA, 0xA0,
    101            0xAA, 0x95, 0x76, 0x56, 0x66, 0x66, 0x66, 0x77, 0x77, 0x87, 0x77, 0x87, 0x75, 0x56, 0x67, 0x78, 0x77, 0x76, 0x88, 0x88, 0x88, 0x77, 0x78, 0x87, 0x77, 0x77, 0x67, 0x77, 0xAA, 0xAA, 0xA0,
    102            0xAA, 0xA5, 0x66, 0x57, 0x66, 0x66, 0x67, 0x77, 0x77, 0x87, 0x88, 0x87, 0x55, 0x56, 0x67, 0x77, 0x87, 0x66, 0x78, 0x88, 0x88, 0x88, 0x87, 0x87, 0x78, 0x76, 0x79, 0x77, 0xAA, 0xAA, 0xA0,
    103            0xAA, 0xA7, 0x66, 0x57, 0x66, 0x66, 0x67, 0x77, 0x77, 0x88, 0x88, 0x76, 0x56, 0x66, 0x67, 0x78, 0x87, 0x66, 0x68, 0x89, 0x88, 0x88, 0x88, 0x87, 0x77, 0x76, 0x99, 0x77, 0xAA, 0xAA, 0xA0,
    104            0xAA, 0xAA, 0x66, 0x56, 0x66, 0x66, 0x77, 0x77, 0x78, 0x88, 0x77, 0x65, 0x57, 0x66, 0x67, 0x8A, 0x97, 0x77, 0x77, 0x79, 0x98, 0x98, 0x88, 0x88, 0x87, 0x76, 0x88, 0x6A, 0xAA, 0xAA, 0xA0,
    105            0xAA, 0xAA, 0x66, 0x57, 0x66, 0x66, 0x77, 0x77, 0x78, 0x88, 0x76, 0x65, 0x57, 0x76, 0x68, 0x89, 0x88, 0x77, 0x77, 0x77, 0x89, 0x98, 0x88, 0x88, 0x87, 0x76, 0x87, 0x6A, 0xAA, 0xAA, 0xA0,
    106            0xAA, 0xAA, 0xA6, 0x57, 0x66, 0x66, 0x77, 0x77, 0x77, 0x77, 0x77, 0x65, 0x44, 0x46, 0x68, 0x88, 0x88, 0x77, 0x77, 0x77, 0x88, 0x98, 0x88, 0x88, 0x87, 0x76, 0x88, 0x7A, 0xAA, 0xAA, 0xA0,
    107            0xA9, 0xAA, 0xAA, 0xA8, 0x66, 0x66, 0x77, 0x77, 0x77, 0x77, 0x76, 0x76, 0x55, 0x44, 0x47, 0x77, 0x86, 0x55, 0x77, 0x77, 0x78, 0x88, 0x88, 0x88, 0x77, 0x76, 0x76, 0xAA, 0xAA, 0xAA, 0xA0,
    108            0xAA, 0xAA, 0xAA, 0xA9, 0x66, 0x66, 0x67, 0x77, 0x77, 0x77, 0x76, 0x66, 0x66, 0x54, 0x45, 0x66, 0x66, 0x66, 0x77, 0x78, 0x88, 0x88, 0x88, 0x88, 0x77, 0x66, 0x8B, 0xAA, 0xAA, 0xAA, 0xA0,
    109            0x9A, 0xAA, 0xA9, 0x9A, 0x77, 0x66, 0x77, 0x77, 0x77, 0x77, 0x76, 0x66, 0x66, 0x66, 0x65, 0x45, 0x56, 0x67, 0x77, 0x77, 0x87, 0x88, 0x88, 0x88, 0x77, 0x75, 0xBA, 0xAA, 0xAA, 0xAA, 0xA0,
    110            0xAA, 0xAA, 0xAA, 0xAA, 0x67, 0x66, 0x77, 0x77, 0x77, 0x77, 0x66, 0x66, 0x67, 0x67, 0x87, 0x77, 0x77, 0x77, 0x77, 0x77, 0x87, 0x78, 0x88, 0x88, 0x77, 0x64, 0xBA, 0xAA, 0xAA, 0xAA, 0xA0,
    111            0xA9, 0xAA, 0xAA, 0xAA, 0x67, 0x66, 0x67, 0x77, 0x77, 0x77, 0x56, 0x55, 0x55, 0x66, 0x77, 0x77, 0x78, 0x87, 0x67, 0x77, 0x88, 0x77, 0x88, 0x88, 0x77, 0x75, 0xAA, 0xAA, 0xAA, 0xAA, 0xA0,
    112            0xAA, 0xAA, 0xAA, 0xA9, 0x57, 0x66, 0x67, 0x78, 0x87, 0x76, 0x33, 0x34, 0x33, 0x45, 0x57, 0x77, 0x77, 0x77, 0x77, 0x77, 0x88, 0x88, 0x88, 0x87, 0x77, 0x79, 0xAA, 0xAA, 0xAA, 0xAA, 0xA0,
    113            0xAA, 0xAA, 0xAA, 0xAA, 0x76, 0x66, 0x77, 0x77, 0x89, 0x77, 0x66, 0x54, 0x44, 0x43, 0x23, 0x34, 0x34, 0x56, 0x66, 0x75, 0x68, 0x78, 0x88, 0x88, 0x77, 0x5B, 0xAA, 0xAA, 0xAA, 0xAA, 0xA0,
    114            0xAA, 0xAA, 0xAA, 0xAA, 0x76, 0x66, 0x75, 0x78, 0x88, 0x77, 0x76, 0x65, 0x55, 0x56, 0x65, 0x55, 0x55, 0x43, 0x34, 0x67, 0x67, 0x88, 0x88, 0x88, 0x76, 0x5A, 0xAA, 0xAA, 0xAA, 0xAA, 0xA0,
    115            0xA9, 0xAA, 0xAA, 0xAA, 0x76, 0x77, 0x76, 0x77, 0x78, 0x87, 0x76, 0x66, 0x65, 0x56, 0x66, 0x67, 0x66, 0x56, 0x67, 0x88, 0x88, 0x88, 0x88, 0x87, 0x76, 0xAA, 0xAA, 0xAA, 0xAA, 0xAA, 0xA0,
    116            0xA9, 0xAA, 0xAA, 0xAA, 0x66, 0x67, 0x67, 0x77, 0x78, 0x87, 0x76, 0x76, 0x76, 0x66, 0x76, 0x67, 0x67, 0x77, 0x78, 0x88, 0x88, 0x88, 0x88, 0x87, 0x77, 0xAA, 0xAA, 0xAA, 0xAA, 0xAA, 0xA0,
    117            0xA9, 0x9A, 0xAA, 0xAA, 0x66, 0x66, 0x77, 0x77, 0x77, 0x77, 0x76, 0x76, 0x77, 0x67, 0x66, 0x67, 0x77, 0x88, 0x88, 0x88, 0x88, 0x88, 0x88, 0x77, 0x7B, 0xAA, 0xAA, 0xAA, 0xAA, 0xAA, 0xA0,
    118            0xA9, 0xAA, 0xAA, 0xAA, 0x66, 0x56, 0x67, 0x77, 0x77, 0x77, 0x76, 0x67, 0x67, 0x77, 0x77, 0x77, 0x88, 0x88, 0x78, 0x88, 0x88, 0x88, 0x88, 0x77, 0x6A, 0xBA, 0xAA, 0xAA, 0xAA, 0xAA, 0xA0,
    119            0xA9, 0xAA, 0xAA, 0x74, 0x65, 0x55, 0x66, 0x66, 0x67, 0x77, 0x77, 0x77, 0x77, 0x77, 0x77, 0x77, 0x88, 0x88, 0x88, 0x88, 0x88, 0x88, 0x88, 0x77, 0xBA, 0xAA, 0xAA, 0xAA, 0xAA, 0xAA, 0xA0,
    120            0xAA, 0x9A, 0xA8, 0x54, 0x65, 0x55, 0x66, 0x66, 0x67, 0x77, 0x77, 0x77, 0x77, 0x77, 0x77, 0x77, 0x88, 0x88, 0x88, 0x88, 0x88, 0x88, 0x78, 0x5B, 0xAA, 0xAA, 0xAA, 0xAA, 0xAA, 0xAA, 0xA0,
    121            0x99, 0xA9, 0x97, 0x45, 0x66, 0x65, 0x66, 0x66, 0x66, 0x66, 0x77, 0x77, 0x66, 0x67, 0x77, 0x77, 0x88, 0x88, 0x88, 0x88, 0x88, 0x88, 0x76, 0xBA, 0xAA, 0xAA, 0xAA, 0xAA, 0xAA, 0xBA, 0xA0,
    122            0x99, 0x99, 0x85, 0x75, 0x66, 0x66, 0x55, 0x55, 0x66, 0x66, 0x67, 0x77, 0x67, 0x77, 0x78, 0x87, 0x88, 0x88, 0x88, 0x88, 0x78, 0x77, 0x75, 0xBA, 0xAA, 0xAA, 0xAA, 0xAA, 0xBB, 0xAA, 0xA0,
    123            0x99, 0x99, 0x93, 0x73, 0x66, 0x66, 0x55, 0x55, 0x56, 0x66, 0x66, 0x77, 0x67, 0x78, 0x78, 0x88, 0x88, 0x88, 0x88, 0x87, 0x87, 0x77, 0x67, 0xAA, 0xAA, 0xAA, 0xAA, 0xAA, 0xAA, 0xAA, 0xA0,
    124            0x99, 0x99, 0x95, 0x63, 0x65, 0x66, 0x56, 0x55, 0x55, 0x56, 0x67, 0x77, 0x67, 0x67, 0x78, 0x88, 0x88, 0x88, 0x87, 0x77, 0x77, 0x76, 0x66, 0xAB, 0xAA, 0xAA, 0xAA, 0xAA, 0xAA, 0xAA, 0xA0,
    125            0x99, 0x99, 0x97, 0x33, 0x65, 0x55, 0x55, 0x55, 0x55, 0x55, 0x66, 0x66, 0x66, 0x77, 0x77, 0x77, 0x88, 0x87, 0x77, 0x77, 0x76, 0x66, 0x74, 0xAA, 0xAA, 0xAA, 0xAA, 0xAA, 0xAA, 0xAA, 0xA0,
    126            0x99, 0x99, 0xA3, 0x32, 0x55, 0x66, 0x65, 0x55, 0x55, 0x55, 0x65, 0x66, 0x66, 0x77, 0x77, 0x77, 0x77, 0x88, 0x77, 0x77, 0x66, 0x67, 0x62, 0xA9, 0xAA, 0xBA, 0xAA, 0xBB, 0xAA, 0xAA, 0xA0,
    127            0x99, 0x9A, 0x91, 0x23, 0x56, 0x66, 0x66, 0x55, 0x55, 0x55, 0x55, 0x66, 0x66, 0x77, 0x77, 0x77, 0x77, 0x87, 0x77, 0x66, 0x76, 0x77, 0x62, 0x9A, 0xAA, 0xBA, 0xBA, 0xAA, 0xBA, 0xBA, 0xA0,
    128            0x99, 0x9A, 0xA1, 0x33, 0x56, 0x66, 0x66, 0x55, 0x55, 0x55, 0x55, 0x55, 0x66, 0x67, 0x77, 0x76, 0x76, 0x76, 0x66, 0x67, 0x77, 0x77, 0x33, 0x9A, 0xAA, 0xAA, 0xAA, 0xAA, 0xBB, 0xAB, 0xB0,
    129            0x99, 0x9A, 0xA2, 0x23, 0x55, 0x66, 0x66, 0x65, 0x55, 0x55, 0x55, 0x55, 0x56, 0x66, 0x66, 0x66, 0x66, 0x55, 0x56, 0x67, 0x77, 0x77, 0x23, 0x9A, 0xAA, 0xBB, 0xBB, 0xAA, 0xBA, 0xAA, 0xB0,
    130            0x99, 0x9A, 0xA5, 0x34, 0x55, 0x66, 0x66, 0x65, 0x66, 0x55, 0x55, 0x55, 0x55, 0x55, 0x55, 0x55, 0x55, 0x66, 0x67, 0x77, 0x77, 0x77, 0x22, 0x9A, 0xAB, 0xAA, 0xBA, 0xAA, 0xBA, 0xAA, 0xA0,
    131            0x99, 0x9A, 0xA8, 0x34, 0x45, 0x66, 0x66, 0x56, 0x66, 0x65, 0x55, 0x55, 0x55, 0x55, 0x55, 0x56, 0x66, 0x67, 0x77, 0x77, 0x77, 0x75, 0x31, 0x8A, 0xAA, 0x9A, 0xAA, 0xBB, 0xAB, 0xBA, 0xA0,
    132            0x99, 0x9A, 0xA9, 0x34, 0x45, 0x66, 0x76, 0x66, 0x66, 0x65, 0x66, 0x66, 0x66, 0x65, 0x67, 0x77, 0x77, 0x77, 0x88, 0x77, 0x77, 0x75, 0x31, 0x9B, 0xBA, 0xBA, 0xAA, 0x9A, 0xBB, 0xBA, 0xB0,
    133            0x9A, 0x9A, 0xAA, 0x54, 0x45, 0x56, 0x66, 0x76, 0x77, 0x66, 0x66, 0x77, 0x77, 0x77, 0x67, 0x77, 0x77, 0x77, 0x78, 0x77, 0x77, 0x64, 0x31, 0xAA, 0xAA, 0xAB, 0xBB, 0xBA, 0x9A, 0xAA, 0xB0,
    134            0x99, 0x9A, 0xAA, 0xA3, 0x45, 0x56, 0x66, 0x77, 0x77, 0x67, 0x67, 0x77, 0x77, 0x77, 0x88, 0x88, 0x88, 0x88, 0x87, 0x77, 0x77, 0x64, 0x35, 0xAA, 0xBA, 0xBB, 0xBA, 0xAA, 0xBB, 0xAA, 0xA0,
    135            0xA9, 0xAA, 0xAA, 0xB8, 0x44, 0x56, 0x66, 0x77, 0x77, 0x77, 0x77, 0x77, 0x77, 0x88, 0x89, 0x88, 0x88, 0x88, 0x78, 0x77, 0x77, 0x53, 0x27, 0xAB, 0xBA, 0xBA, 0xBB, 0xBB, 0xBA, 0xAA, 0xB0
    136          };
    137          
    138          /*********************************************************************
    139          *
    140          *       GUIDEMO_bm4bpp
    141          *
    142          **********************************************************************
    143          */
    144          

   \                                 In section .rodata, align 4, keep-with-next
    145          const GUI_BITMAP GUIDEMO_bm4bpp = {
   \                     GUIDEMO_bm4bpp:
   \   00000000   0x003D 0x005C      DC16 61, 92, 31, 4
   \              0x001F 0x0004
   \   00000008   0x........         DC32 _acJoerg, _PalJoerg
   \              0x........   
   \   00000010   0x00 0x00          DC8 0, 0, 0, 0
   \              0x00 0x00    
    146            61,        /* XSize */
    147            92,        /* YSize */
    148            31,        /* BytesPerLine */
    149            4,         /* BitsPerPixel */
    150            _acJoerg,  /* Pointer to picture data (indices) */
    151            &_PalJoerg /* Pointer to palette */
    152          };


   Section sizes:

   Bytes  Function/Label
   -----  --------------
      20  GUIDEMO_bm4bpp
      64  _ColorsJoerg
      12  _PalJoerg
    2852  _acJoerg

 
 2 948 bytes in section .rodata
 
 2 948 bytes of CONST memory

Errors: none
Warnings: none
