###############################################################################
#
# IAR ANSI C/C++ Compiler V7.10.1.6676/W32 for ARM        18/Jul/2019  10:19:58
# Copyright 1999-2014 IAR Systems AB.
#
#    Cpu mode     =  thumb
#    Endian       =  little
#    Source file  =  
#        E:\DLP_Proj\DLP_source\branches\DLP_opensource\Middlewares\gui\GUI\MemDev\GUIDEV_Auto.c
#    Command line =  
#        E:\DLP_Proj\DLP_source\branches\DLP_opensource\Middlewares\gui\GUI\MemDev\GUIDEV_Auto.c
#        -D USE_HAL_DRIVER -D STM32F407xx -D STM32F40_41xxx -D USE_HAL_LIB -D
#        MKS_DLP_BOARD -D TFT35 -lC
#        E:\DLP_Proj\DLP_source\branches\DLP_opensource\EWARM\mksDLP/List\ -lA
#        E:\DLP_Proj\DLP_source\branches\DLP_opensource\EWARM\mksDLP/List\
#        --diag_suppress Pa050 -o
#        E:\DLP_Proj\DLP_source\branches\DLP_opensource\EWARM\mksDLP/Obj\
#        --no_unroll --no_inline --no_tbaa --no_scheduling --debug
#        --endian=little --cpu=Cortex-M4F -e --char_is_signed --fpu=VFPv4_sp
#        --dlib_config "C:\Program Files (x86)\IAR Systems\Embedded Workbench
#        7.0\arm\INC\c\DLib_Config_Full.h" -I
#        E:\DLP_Proj\DLP_source\branches\DLP_opensource\EWARM/../Inc\ -I
#        E:\DLP_Proj\DLP_source\branches\DLP_opensource\EWARM/../Src\ -I
#        E:\DLP_Proj\DLP_source\branches\DLP_opensource\EWARM/../Drivers/STM32F4xx_HAL_Driver/Inc\
#        -I
#        E:\DLP_Proj\DLP_source\branches\DLP_opensource\EWARM/../Drivers/STM32F4xx_HAL_Driver/Inc/Legacy\
#        -I
#        E:\DLP_Proj\DLP_source\branches\DLP_opensource\EWARM/../Middlewares/Third_Party/FatFs/src/drivers\
#        -I
#        E:\DLP_Proj\DLP_source\branches\DLP_opensource\EWARM/../Middlewares/ST/STM32_USB_Host_Library/Core/Inc\
#        -I
#        E:\DLP_Proj\DLP_source\branches\DLP_opensource\EWARM/../Middlewares/ST/STM32_USB_Host_Library/Class/MSC/Inc\
#        -I
#        E:\DLP_Proj\DLP_source\branches\DLP_opensource\EWARM/../Drivers/CMSIS/Device/ST/STM32F4xx/Include\
#        -I
#        E:\DLP_Proj\DLP_source\branches\DLP_opensource\EWARM/../Middlewares/Third_Party/FatFs/src\
#        -I
#        E:\DLP_Proj\DLP_source\branches\DLP_opensource\EWARM/../Middlewares/Third_Party/Marlin\
#        -I
#        E:\DLP_Proj\DLP_source\branches\DLP_opensource\EWARM/../Drivers/CMSIS/Include\
#        -I
#        E:\DLP_Proj\DLP_source\branches\DLP_opensource\EWARM/../Drivers/BSP/variant\
#        -I
#        E:\DLP_Proj\DLP_source\branches\DLP_opensource\EWARM/../Drivers/BSP/Components/at24cxx\
#        -I
#        E:\DLP_Proj\DLP_source\branches\DLP_opensource\EWARM/../Drivers/BSP/Components/w25qxx\
#        -I
#        E:\DLP_Proj\DLP_source\branches\DLP_opensource\EWARM/../Drivers/BSP/Components/ssd2828\
#        -I
#        E:\DLP_Proj\DLP_source\branches\DLP_opensource\EWARM/../Drivers/BSP/Components/lcd\
#        -I
#        E:\DLP_Proj\DLP_source\branches\DLP_opensource\EWARM/../Drivers/libstmf4\
#        -I
#        E:\DLP_Proj\DLP_source\branches\DLP_opensource\EWARM/../Drivers/libstmf4/include\
#        -I
#        E:\DLP_Proj\DLP_source\branches\DLP_opensource\EWARM/../Middlewares/arduino/stm32/cores/arduino\
#        -I
#        E:\DLP_Proj\DLP_source\branches\DLP_opensource\EWARM/../Middlewares/gui\
#        -I
#        E:\DLP_Proj\DLP_source\branches\DLP_opensource\EWARM/../Middlewares/gui/GUI/ConvertColor\
#        -I
#        E:\DLP_Proj\DLP_source\branches\DLP_opensource\EWARM/../Middlewares/gui/GUI/ConvertMono\
#        -I
#        E:\DLP_Proj\DLP_source\branches\DLP_opensource\EWARM/../Middlewares/gui/GUI/Core\
#        -I
#        E:\DLP_Proj\DLP_source\branches\DLP_opensource\EWARM/../Middlewares/gui/GUI/Font\
#        -I
#        E:\DLP_Proj\DLP_source\branches\DLP_opensource\EWARM/../Middlewares/gui/AntiAlias\
#        -I
#        E:\DLP_Proj\DLP_source\branches\DLP_opensource\EWARM/../Middlewares/gui/GUI/GUIDemo\
#        -I
#        E:\DLP_Proj\DLP_source\branches\DLP_opensource\EWARM/../Middlewares/gui/GUI/LCDDriver\
#        -I
#        E:\DLP_Proj\DLP_source\branches\DLP_opensource\EWARM/../Middlewares/gui/GUI/MemDev\
#        -I
#        E:\DLP_Proj\DLP_source\branches\DLP_opensource\EWARM/../Middlewares/gui/GUI/MultiLayer\
#        -I
#        E:\DLP_Proj\DLP_source\branches\DLP_opensource\EWARM/../Middlewares/gui/GUI/Widget\
#        -I
#        E:\DLP_Proj\DLP_source\branches\DLP_opensource\EWARM/../Middlewares/gui/GUI/WM\
#        -I
#        E:\DLP_Proj\DLP_source\branches\DLP_opensource\EWARM/../Middlewares/gui/GUI_X\
#        -I
#        E:\DLP_Proj\DLP_source\branches\DLP_opensource\EWARM/../Middlewares/gui/Config\
#        -I E:\DLP_Proj\DLP_source\branches\DLP_opensource\EWARM/../User/ui\ -I
#        E:\DLP_Proj\DLP_source\branches\DLP_opensource\EWARM/../User/ui/Multi_language\
#        -I
#        E:\DLP_Proj\DLP_source\branches\DLP_opensource\EWARM/../User/ui/QRENCODE\
#        -Om --use_c++_inline -I "C:\Program Files (x86)\IAR Systems\Embedded
#        Workbench 7.0\arm\CMSIS\Include\"
#    List file    =  
#        E:\DLP_Proj\DLP_source\branches\DLP_opensource\EWARM\mksDLP/List\GUIDEV_Auto.lst
#    Object file  =  
#        E:\DLP_Proj\DLP_source\branches\DLP_opensource\EWARM\mksDLP/Obj\GUIDEV_Auto.o
#
###############################################################################

E:\DLP_Proj\DLP_source\branches\DLP_opensource\Middlewares\gui\GUI\MemDev\GUIDEV_Auto.c
      1          /*********************************************************************
      2          *                SEGGER MICROCONTROLLER SYSTEME GmbH                 *
      3          *        Solutions for real time microcontroller applications        *
      4          **********************************************************************
      5          *                                                                    *
      6          *        (c) 1996 - 2004  SEGGER Microcontroller Systeme GmbH        *
      7          *                                                                    *
      8          *        Internet: www.segger.com    Support:  support@segger.com    *
      9          *                                                                    *
     10          **********************************************************************
     11          
     12          ***** emWin - Graphical user interface for embedded applications *****
     13          emWin is protected by international copyright laws.   Knowledge of the
     14          source code may not be used to write a similar product.  This file may
     15          only be used in accordance with a license and should not be re-
     16          distributed in any way. We appreciate your understanding and fairness.
     17          ----------------------------------------------------------------------
     18          File        : GUIDEV_Auto.c
     19          Purpose     : Implementation of automatic banding memory devices
     20          ---------------------------END-OF-HEADER------------------------------
     21          */
     22          
     23          #include "GUI_Protected.h"
     24          #include "GUIDebug.h"
     25          
     26          /* Memory device capabilities are compiled only if support for them is enabled. */ 
     27          
     28          #if GUI_SUPPORT_MEMDEV
     29          
     30          /*********************************************************************
     31          *
     32          *       public code
     33          *
     34          **********************************************************************
     35          */
     36          /*********************************************************************
     37          *
     38          *       GUI_MEMDEV_CreateAuto
     39          */
     40          int GUI_MEMDEV_CreateAuto(GUI_AUTODEV* pAutoDev) {
     41            pAutoDev->FirstCall = 1;
     42            return 0;
     43          }
     44          
     45          /*********************************************************************
     46          *
     47          *       GUI_MEMDEV_DeleteAuto
     48          */
     49          void GUI_MEMDEV_DeleteAuto(GUI_AUTODEV* pAutoDev) {
     50            GUI_USE_PARA(pAutoDev);
     51          }
     52          
     53          /*********************************************************************
     54          *
     55          *       GUI_MEMDEV_DrawAuto
     56          */
     57          int GUI_MEMDEV_DrawAuto(GUI_AUTODEV* pAutoDev, GUI_AUTODEV_INFO* pAutoDevInfo, GUI_CALLBACK_VOID_P* pfDraw, void* pData) {
     58            GUI_RECT rTemp;
     59            GUI_HMEM hMem = GUI_MEASDEV_Create();
     60            if (!hMem) {
     61              return 1;
     62            }
     63            GUI_MEASDEV_Select(hMem);
     64            /* Measure area to draw */
     65            if (pAutoDev->FirstCall) {
     66              /* Measure complete area */
     67              pAutoDevInfo->DrawFixed = 1;
     68              pfDraw(pData);
     69              GUI_MEASDEV_GetRect(hMem, &pAutoDev->rView);
     70              /* Measure variable area only */
     71              GUI_MEASDEV_ClearRect(hMem);
     72              pAutoDevInfo->DrawFixed = 0;
     73              pfDraw(pData);
     74              GUI_MEASDEV_GetRect(hMem, &pAutoDev->rPrev);
     75            } else {
     76              /* Measure variable area only */
     77              pfDraw(pData);
     78              GUI_MEASDEV_GetRect(hMem, &pAutoDev->rView);
     79              rTemp = pAutoDev->rView;
     80              GUI_MergeRect(&pAutoDev->rView, &pAutoDev->rView, &pAutoDev->rPrev);
     81              pAutoDev->rPrev = rTemp;
     82            }
     83            GUI_MEASDEV_Delete(hMem);
     84            /* Do the actual drawing */
     85            pAutoDevInfo->DrawFixed = 1;
     86            if (GUI_MEMDEV_Draw(&pAutoDev->rView, pfDraw, pData, 0, GUI_MEMDEV_NOTRANS)) {
     87              return 1;
     88            }
     89            pAutoDevInfo->DrawFixed = 0;
     90            pAutoDev->FirstCall = 0;
     91            return 0;
     92          }
     93          
     94          #else
     95          

   \                                 In section .text, align 2, keep-with-next
     96          void GUIDEV_Auto(void) {} /* avoid empty object files */
   \                     GUIDEV_Auto: (+1)
   \   00000000   0x4770             BX       LR               ;; return
     97          
     98          #endif /* GUI_SUPPORT_MEMDEV */
     99          
    100          /*************************** end of file ****************************/

   Maximum stack usage in bytes:

   .cstack Function
   ------- --------
       0   GUIDEV_Auto


   Section sizes:

   Bytes  Function/Label
   -----  --------------
       2  GUIDEV_Auto

 
 2 bytes in section .text
 
 2 bytes of CODE memory

Errors: none
Warnings: none
