###############################################################################
#
# IAR ANSI C/C++ Compiler V7.10.1.6676/W32 for ARM        18/Jul/2019  10:58:23
# Copyright 1999-2014 IAR Systems AB.
#
#    Cpu mode     =  thumb
#    Endian       =  little
#    Source file  =  
#        E:\DLP_Proj\DLP_source\branches\DLP_opensource\Middlewares\gui\GUI\Core\GUIStream.c
#    Command line =  
#        E:\DLP_Proj\DLP_source\branches\DLP_opensource\Middlewares\gui\GUI\Core\GUIStream.c
#        -D USE_HAL_DRIVER -D STM32F407xx -D STM32F40_41xxx -D USE_HAL_LIB -D
#        MKS_DLP_BOARD -D TFT35 -lC
#        E:\DLP_Proj\DLP_source\branches\DLP_opensource\EWARM\mksDLP/List\ -lA
#        E:\DLP_Proj\DLP_source\branches\DLP_opensource\EWARM\mksDLP/List\
#        --diag_suppress Pa050 -o
#        E:\DLP_Proj\DLP_source\branches\DLP_opensource\EWARM\mksDLP/Obj\
#        --no_unroll --no_inline --no_tbaa --no_scheduling --debug
#        --endian=little --cpu=Cortex-M4F -e --char_is_signed --fpu=VFPv4_sp
#        --dlib_config "C:\Program Files (x86)\IAR Systems\Embedded Workbench
#        7.0\arm\INC\c\DLib_Config_Full.h" -I
#        E:\DLP_Proj\DLP_source\branches\DLP_opensource\EWARM/../Inc\ -I
#        E:\DLP_Proj\DLP_source\branches\DLP_opensource\EWARM/../Src\ -I
#        E:\DLP_Proj\DLP_source\branches\DLP_opensource\EWARM/../Drivers/STM32F4xx_HAL_Driver/Inc\
#        -I
#        E:\DLP_Proj\DLP_source\branches\DLP_opensource\EWARM/../Drivers/STM32F4xx_HAL_Driver/Inc/Legacy\
#        -I
#        E:\DLP_Proj\DLP_source\branches\DLP_opensource\EWARM/../Middlewares/Third_Party/FatFs/src/drivers\
#        -I
#        E:\DLP_Proj\DLP_source\branches\DLP_opensource\EWARM/../Middlewares/ST/STM32_USB_Host_Library/Core/Inc\
#        -I
#        E:\DLP_Proj\DLP_source\branches\DLP_opensource\EWARM/../Middlewares/ST/STM32_USB_Host_Library/Class/MSC/Inc\
#        -I
#        E:\DLP_Proj\DLP_source\branches\DLP_opensource\EWARM/../Drivers/CMSIS/Device/ST/STM32F4xx/Include\
#        -I
#        E:\DLP_Proj\DLP_source\branches\DLP_opensource\EWARM/../Middlewares/Third_Party/FatFs/src\
#        -I
#        E:\DLP_Proj\DLP_source\branches\DLP_opensource\EWARM/../Middlewares/Third_Party/Marlin\
#        -I
#        E:\DLP_Proj\DLP_source\branches\DLP_opensource\EWARM/../Drivers/CMSIS/Include\
#        -I
#        E:\DLP_Proj\DLP_source\branches\DLP_opensource\EWARM/../Drivers/BSP/variant\
#        -I
#        E:\DLP_Proj\DLP_source\branches\DLP_opensource\EWARM/../Drivers/BSP/Components/at24cxx\
#        -I
#        E:\DLP_Proj\DLP_source\branches\DLP_opensource\EWARM/../Drivers/BSP/Components/w25qxx\
#        -I
#        E:\DLP_Proj\DLP_source\branches\DLP_opensource\EWARM/../Drivers/BSP/Components/ssd2828\
#        -I
#        E:\DLP_Proj\DLP_source\branches\DLP_opensource\EWARM/../Drivers/BSP/Components/lcd\
#        -I
#        E:\DLP_Proj\DLP_source\branches\DLP_opensource\EWARM/../Drivers/libstmf4\
#        -I
#        E:\DLP_Proj\DLP_source\branches\DLP_opensource\EWARM/../Drivers/libstmf4/include\
#        -I
#        E:\DLP_Proj\DLP_source\branches\DLP_opensource\EWARM/../Middlewares/arduino/stm32/cores/arduino\
#        -I
#        E:\DLP_Proj\DLP_source\branches\DLP_opensource\EWARM/../Middlewares/gui\
#        -I
#        E:\DLP_Proj\DLP_source\branches\DLP_opensource\EWARM/../Middlewares/gui/GUI/ConvertColor\
#        -I
#        E:\DLP_Proj\DLP_source\branches\DLP_opensource\EWARM/../Middlewares/gui/GUI/ConvertMono\
#        -I
#        E:\DLP_Proj\DLP_source\branches\DLP_opensource\EWARM/../Middlewares/gui/GUI/Core\
#        -I
#        E:\DLP_Proj\DLP_source\branches\DLP_opensource\EWARM/../Middlewares/gui/GUI/Font\
#        -I
#        E:\DLP_Proj\DLP_source\branches\DLP_opensource\EWARM/../Middlewares/gui/AntiAlias\
#        -I
#        E:\DLP_Proj\DLP_source\branches\DLP_opensource\EWARM/../Middlewares/gui/GUI/GUIDemo\
#        -I
#        E:\DLP_Proj\DLP_source\branches\DLP_opensource\EWARM/../Middlewares/gui/GUI/LCDDriver\
#        -I
#        E:\DLP_Proj\DLP_source\branches\DLP_opensource\EWARM/../Middlewares/gui/GUI/MemDev\
#        -I
#        E:\DLP_Proj\DLP_source\branches\DLP_opensource\EWARM/../Middlewares/gui/GUI/MultiLayer\
#        -I
#        E:\DLP_Proj\DLP_source\branches\DLP_opensource\EWARM/../Middlewares/gui/GUI/Widget\
#        -I
#        E:\DLP_Proj\DLP_source\branches\DLP_opensource\EWARM/../Middlewares/gui/GUI/WM\
#        -I
#        E:\DLP_Proj\DLP_source\branches\DLP_opensource\EWARM/../Middlewares/gui/GUI_X\
#        -I
#        E:\DLP_Proj\DLP_source\branches\DLP_opensource\EWARM/../Middlewares/gui/Config\
#        -I E:\DLP_Proj\DLP_source\branches\DLP_opensource\EWARM/../User/ui\ -I
#        E:\DLP_Proj\DLP_source\branches\DLP_opensource\EWARM/../User/ui/Multi_language\
#        -I
#        E:\DLP_Proj\DLP_source\branches\DLP_opensource\EWARM/../User/ui/QRENCODE\
#        -Om --use_c++_inline -I "C:\Program Files (x86)\IAR Systems\Embedded
#        Workbench 7.0\arm\CMSIS\Include\"
#    List file    =  
#        E:\DLP_Proj\DLP_source\branches\DLP_opensource\EWARM\mksDLP/List\GUIStream.lst
#    Object file  =  
#        E:\DLP_Proj\DLP_source\branches\DLP_opensource\EWARM\mksDLP/Obj\GUIStream.o
#
###############################################################################

E:\DLP_Proj\DLP_source\branches\DLP_opensource\Middlewares\gui\GUI\Core\GUIStream.c
      1          /*
      2          *********************************************************************************************************
      3          *                                                uC/GUI
      4          *                        Universal graphic software for embedded applications
      5          *
      6          *                       (c) Copyright 2002, Micrium Inc., Weston, FL
      7          *                       (c) Copyright 2002, SEGGER Microcontroller Systeme GmbH
      8          *
      9          *              µC/GUI is protected by international copyright laws. Knowledge of the
     10          *              source code may not be used to write a similar product. This file may
     11          *              only be used in accordance with a license and should not be redistributed
     12          *              in any way. We appreciate your understanding and fairness.
     13          *
     14          ----------------------------------------------------------------------
     15          File        : GUIStream.c
     16          Purpose     : Support for streamed bitmaps
     17          ----------------------------------------------------------------------
     18          */
     19          
     20          #include <stddef.h>           /* needed for definition of NULL */
     21          #include "GUI.h"
     22          
     23          /*********************************************************************
     24          *
     25          *       Public code
     26          *
     27          **********************************************************************
     28          */
     29          /*********************************************************************
     30          *
     31          *       GUI_DrawStreamedBitmap
     32          */

   \                                 In section .text, align 2, keep-with-next
     33          void GUI_DrawStreamedBitmap(const GUI_BITMAP_STREAM *pBitmapHeader, int x, int y) {
   \                     GUI_DrawStreamedBitmap: (+1)
   \   00000000   0xB570             PUSH     {R4-R6,LR}
   \   00000002   0xB088             SUB      SP,SP,#+32
   \   00000004   0x4605             MOV      R5,R0
   \   00000006   0x460E             MOV      R6,R1
   \   00000008   0x4614             MOV      R4,R2
     34            GUI_BITMAP Bitmap = {0};
   \   0000000A   0xA803             ADD      R0,SP,#+12
   \   0000000C   0x2114             MOVS     R1,#+20
   \   0000000E   0x.... 0x....      BL       __aeabi_memclr4
     35            GUI_LOGPALETTE Palette;
     36            Bitmap.BitsPerPixel = pBitmapHeader->BitsPerPixel;
   \   00000012   0x8968             LDRH     R0,[R5, #+10]
   \   00000014   0xF8AD 0x0012      STRH     R0,[SP, #+18]
     37            Bitmap.BytesPerLine = pBitmapHeader->BytesPerLine;
   \   00000018   0x8928             LDRH     R0,[R5, #+8]
   \   0000001A   0xF8AD 0x0010      STRH     R0,[SP, #+16]
     38            Bitmap.pData        = ((const U8*)pBitmapHeader)+16+4*pBitmapHeader->NumColors;
   \   0000001E   0x89A8             LDRH     R0,[R5, #+12]
   \   00000020   0xEB05 0x0080      ADD      R0,R5,R0, LSL #+2
   \   00000024   0x3010             ADDS     R0,R0,#+16
   \   00000026   0x9005             STR      R0,[SP, #+20]
     39            Bitmap.pPal         = &Palette;
   \   00000028   0xA800             ADD      R0,SP,#+0
   \   0000002A   0x9006             STR      R0,[SP, #+24]
     40            Bitmap.XSize        = pBitmapHeader->XSize;
   \   0000002C   0x88A8             LDRH     R0,[R5, #+4]
   \   0000002E   0xF8AD 0x000C      STRH     R0,[SP, #+12]
     41            Bitmap.YSize        = pBitmapHeader->YSize;
   \   00000032   0x88E8             LDRH     R0,[R5, #+6]
   \   00000034   0xF8AD 0x000E      STRH     R0,[SP, #+14]
     42            Palette.HasTrans    = pBitmapHeader->HasTrans;
   \   00000038   0x89E8             LDRH     R0,[R5, #+14]
   \   0000003A   0xF88D 0x0004      STRB     R0,[SP, #+4]
     43            Palette.NumEntries  = pBitmapHeader->NumColors;
   \   0000003E   0x89A8             LDRH     R0,[R5, #+12]
   \   00000040   0x9000             STR      R0,[SP, #+0]
     44            Palette.pPalEntries = (const LCD_COLOR*)((const U8*)pBitmapHeader+16);
   \   00000042   0xF105 0x0010      ADD      R0,R5,#+16
   \   00000046   0x9002             STR      R0,[SP, #+8]
     45            GUI_DrawBitmap(&Bitmap, x, y);
   \   00000048   0x4622             MOV      R2,R4
   \   0000004A   0x4631             MOV      R1,R6
   \   0000004C   0xA803             ADD      R0,SP,#+12
   \   0000004E   0x.... 0x....      BL       GUI_DrawBitmap
     46          }
   \   00000052   0xB008             ADD      SP,SP,#+32
   \   00000054   0xBD70             POP      {R4-R6,PC}       ;; return

   \                                 In section .rodata, align 4, keep-with-next
   \                     `?<Constant {0}>`:
   \   00000000   0x0000             DC16 0
   \   00000002   0x00 0x00          DC8 0, 0, 0, 0, 0, 0, 0, 0, 0, 0, 0, 0, 0, 0, 0, 0, 0, 0
   \              0x00 0x00    
   \              0x00 0x00    
   \              0x00 0x00    
   \              0x00 0x00    
   \              0x00 0x00    
   \              0x00 0x00    
   \              0x00 0x00    
   \              0x00 0x00    
     47          
     48          /*************************** End of file ****************************/

   Maximum stack usage in bytes:

   .cstack Function
   ------- --------
      48   GUI_DrawStreamedBitmap
        48   -> GUI_DrawBitmap
        48   -> __aeabi_memclr4


   Section sizes:

   Bytes  Function/Label
   -----  --------------
      20  ?<Constant {0}>
      86  GUI_DrawStreamedBitmap

 
 20 bytes in section .rodata
 86 bytes in section .text
 
 86 bytes of CODE  memory
 20 bytes of CONST memory

Errors: none
Warnings: none
