###############################################################################
#
# IAR ANSI C/C++ Compiler V7.10.1.6676/W32 for ARM        18/Jul/2019  10:58:24
# Copyright 1999-2014 IAR Systems AB.
#
#    Cpu mode     =  thumb
#    Endian       =  little
#    Source file  =  
#        E:\DLP_Proj\DLP_source\branches\DLP_opensource\Middlewares\gui\GUI\Core\GUIUC0.c
#    Command line =  
#        E:\DLP_Proj\DLP_source\branches\DLP_opensource\Middlewares\gui\GUI\Core\GUIUC0.c
#        -D USE_HAL_DRIVER -D STM32F407xx -D STM32F40_41xxx -D USE_HAL_LIB -D
#        MKS_DLP_BOARD -D TFT35 -lC
#        E:\DLP_Proj\DLP_source\branches\DLP_opensource\EWARM\mksDLP/List\ -lA
#        E:\DLP_Proj\DLP_source\branches\DLP_opensource\EWARM\mksDLP/List\
#        --diag_suppress Pa050 -o
#        E:\DLP_Proj\DLP_source\branches\DLP_opensource\EWARM\mksDLP/Obj\
#        --no_unroll --no_inline --no_tbaa --no_scheduling --debug
#        --endian=little --cpu=Cortex-M4F -e --char_is_signed --fpu=VFPv4_sp
#        --dlib_config "C:\Program Files (x86)\IAR Systems\Embedded Workbench
#        7.0\arm\INC\c\DLib_Config_Full.h" -I
#        E:\DLP_Proj\DLP_source\branches\DLP_opensource\EWARM/../Inc\ -I
#        E:\DLP_Proj\DLP_source\branches\DLP_opensource\EWARM/../Src\ -I
#        E:\DLP_Proj\DLP_source\branches\DLP_opensource\EWARM/../Drivers/STM32F4xx_HAL_Driver/Inc\
#        -I
#        E:\DLP_Proj\DLP_source\branches\DLP_opensource\EWARM/../Drivers/STM32F4xx_HAL_Driver/Inc/Legacy\
#        -I
#        E:\DLP_Proj\DLP_source\branches\DLP_opensource\EWARM/../Middlewares/Third_Party/FatFs/src/drivers\
#        -I
#        E:\DLP_Proj\DLP_source\branches\DLP_opensource\EWARM/../Middlewares/ST/STM32_USB_Host_Library/Core/Inc\
#        -I
#        E:\DLP_Proj\DLP_source\branches\DLP_opensource\EWARM/../Middlewares/ST/STM32_USB_Host_Library/Class/MSC/Inc\
#        -I
#        E:\DLP_Proj\DLP_source\branches\DLP_opensource\EWARM/../Drivers/CMSIS/Device/ST/STM32F4xx/Include\
#        -I
#        E:\DLP_Proj\DLP_source\branches\DLP_opensource\EWARM/../Middlewares/Third_Party/FatFs/src\
#        -I
#        E:\DLP_Proj\DLP_source\branches\DLP_opensource\EWARM/../Middlewares/Third_Party/Marlin\
#        -I
#        E:\DLP_Proj\DLP_source\branches\DLP_opensource\EWARM/../Drivers/CMSIS/Include\
#        -I
#        E:\DLP_Proj\DLP_source\branches\DLP_opensource\EWARM/../Drivers/BSP/variant\
#        -I
#        E:\DLP_Proj\DLP_source\branches\DLP_opensource\EWARM/../Drivers/BSP/Components/at24cxx\
#        -I
#        E:\DLP_Proj\DLP_source\branches\DLP_opensource\EWARM/../Drivers/BSP/Components/w25qxx\
#        -I
#        E:\DLP_Proj\DLP_source\branches\DLP_opensource\EWARM/../Drivers/BSP/Components/ssd2828\
#        -I
#        E:\DLP_Proj\DLP_source\branches\DLP_opensource\EWARM/../Drivers/BSP/Components/lcd\
#        -I
#        E:\DLP_Proj\DLP_source\branches\DLP_opensource\EWARM/../Drivers/libstmf4\
#        -I
#        E:\DLP_Proj\DLP_source\branches\DLP_opensource\EWARM/../Drivers/libstmf4/include\
#        -I
#        E:\DLP_Proj\DLP_source\branches\DLP_opensource\EWARM/../Middlewares/arduino/stm32/cores/arduino\
#        -I
#        E:\DLP_Proj\DLP_source\branches\DLP_opensource\EWARM/../Middlewares/gui\
#        -I
#        E:\DLP_Proj\DLP_source\branches\DLP_opensource\EWARM/../Middlewares/gui/GUI/ConvertColor\
#        -I
#        E:\DLP_Proj\DLP_source\branches\DLP_opensource\EWARM/../Middlewares/gui/GUI/ConvertMono\
#        -I
#        E:\DLP_Proj\DLP_source\branches\DLP_opensource\EWARM/../Middlewares/gui/GUI/Core\
#        -I
#        E:\DLP_Proj\DLP_source\branches\DLP_opensource\EWARM/../Middlewares/gui/GUI/Font\
#        -I
#        E:\DLP_Proj\DLP_source\branches\DLP_opensource\EWARM/../Middlewares/gui/AntiAlias\
#        -I
#        E:\DLP_Proj\DLP_source\branches\DLP_opensource\EWARM/../Middlewares/gui/GUI/GUIDemo\
#        -I
#        E:\DLP_Proj\DLP_source\branches\DLP_opensource\EWARM/../Middlewares/gui/GUI/LCDDriver\
#        -I
#        E:\DLP_Proj\DLP_source\branches\DLP_opensource\EWARM/../Middlewares/gui/GUI/MemDev\
#        -I
#        E:\DLP_Proj\DLP_source\branches\DLP_opensource\EWARM/../Middlewares/gui/GUI/MultiLayer\
#        -I
#        E:\DLP_Proj\DLP_source\branches\DLP_opensource\EWARM/../Middlewares/gui/GUI/Widget\
#        -I
#        E:\DLP_Proj\DLP_source\branches\DLP_opensource\EWARM/../Middlewares/gui/GUI/WM\
#        -I
#        E:\DLP_Proj\DLP_source\branches\DLP_opensource\EWARM/../Middlewares/gui/GUI_X\
#        -I
#        E:\DLP_Proj\DLP_source\branches\DLP_opensource\EWARM/../Middlewares/gui/Config\
#        -I E:\DLP_Proj\DLP_source\branches\DLP_opensource\EWARM/../User/ui\ -I
#        E:\DLP_Proj\DLP_source\branches\DLP_opensource\EWARM/../User/ui/Multi_language\
#        -I
#        E:\DLP_Proj\DLP_source\branches\DLP_opensource\EWARM/../User/ui/QRENCODE\
#        -Om --use_c++_inline -I "C:\Program Files (x86)\IAR Systems\Embedded
#        Workbench 7.0\arm\CMSIS\Include\"
#    List file    =  
#        E:\DLP_Proj\DLP_source\branches\DLP_opensource\EWARM\mksDLP/List\GUIUC0.lst
#    Object file  =  
#        E:\DLP_Proj\DLP_source\branches\DLP_opensource\EWARM\mksDLP/Obj\GUIUC0.o
#
###############################################################################

E:\DLP_Proj\DLP_source\branches\DLP_opensource\Middlewares\gui\GUI\Core\GUIUC0.c
      1          /*
      2          *********************************************************************************************************
      3          *                                                uC/GUI
      4          *                        Universal graphic software for embedded applications
      5          *
      6          *                       (c) Copyright 2002, Micrium Inc., Weston, FL
      7          *                       (c) Copyright 2002, SEGGER Microcontroller Systeme GmbH
      8          *
      9          *              µC/GUI is protected by international copyright laws. Knowledge of the
     10          *              source code may not be used to write a similar product. This file may
     11          *              only be used in accordance with a license and should not be redistributed
     12          *              in any way. We appreciate your understanding and fairness.
     13          *
     14          ----------------------------------------------------------------------
     15          File        : GUIUC0.C
     16          Purpose     : Implementation of character and string services
     17          ---------------------------END-OF-HEADER------------------------------
     18          */
     19          
     20          #include <stddef.h>           /* needed for definition of NULL */
     21          #include "GUI.h"
     22           
     23          /*********************************************************************
     24          *
     25          *       Public code
     26          *
     27          **********************************************************************
     28          */
     29          /*********************************************************************
     30          *
     31          *       GUI_UC2DB
     32          *
     33          * Purpose:
     34          *   Convert Convert UNICODE 16-bit value into double byte version
     35          *   - Byte0: First byte, msb
     36          *   - Byte1: Last  byte, lsb
     37          */

   \                                 In section .text, align 2, keep-with-next
     38          void GUI_UC2DB(U16 Code, U8* pOut) {
     39          /* move regular ASCII to (unused) 0xE000-0xE0ff area */
     40            if (Code < 0x100) {
   \                     GUI_UC2DB: (+1)
   \   00000000   0x28FF             CMP      R0,#+255
   \   00000002   0xDC04             BGT.N    ??GUI_UC2DB_0
     41              if (Code !=0)  /* end marker ? */
   \   00000004   0x2800             CMP      R0,#+0
   \   00000006   0xD009             BEQ.N    ??GUI_UC2DB_1
     42                Code += 0xe000;
   \   00000008   0xF5A0 0x5000      SUB      R0,R0,#+8192
   \   0000000C   0xE006             B.N      ??GUI_UC2DB_1
     43            } else {
     44          /* If Low byte 0: Move to (unused) 0xE100-0xE1ff area */
     45              if ((Code&0xff) == 0) {
   \                     ??GUI_UC2DB_0: (+1)
   \   0000000E   0x4602             MOV      R2,R0
   \   00000010   0xB2D2             UXTB     R2,R2
   \   00000012   0x2A00             CMP      R2,#+0
   \   00000014   0xD102             BNE.N    ??GUI_UC2DB_1
     46                Code = (Code>>8) +0xe100;
   \   00000016   0x0A00             LSRS     R0,R0,#+8
   \   00000018   0xF5A0 0x50F8      SUB      R0,R0,#+7936
     47              }
     48            }
     49          /* Convert into double byte, putting msb first*/
     50            *pOut++ = Code >> 8;     /* Save msb first */
   \                     ??GUI_UC2DB_1: (+1)
   \   0000001C   0xB280             UXTH     R0,R0
   \   0000001E   0x0A02             LSRS     R2,R0,#+8
   \   00000020   0x700A             STRB     R2,[R1, #+0]
     51            *pOut   = Code & 0xff;
   \   00000022   0xF801 0x0F01      STRB     R0,[R1, #+1]!
     52          }
   \   00000026   0x4770             BX       LR               ;; return
     53          
     54          /*********************************************************************
     55          *
     56          *       GUI_DB2UC
     57          *
     58          * Purpose:
     59          *   Convert Unicode double byte into UNICODE.
     60          *   - Byte0: First byte, msb
     61          *   - Byte1: Last  byte, lsb
     62          */

   \                                 In section .text, align 2, keep-with-next
     63          U16 GUI_DB2UC(U8 Byte0, U8 Byte1) {
     64            if (Byte0==0)
   \                     GUI_DB2UC: (+1)
   \   00000000   0x2800             CMP      R0,#+0
   \   00000002   0xD101             BNE.N    ??GUI_DB2UC_0
     65              return 0;
   \   00000004   0x2000             MOVS     R0,#+0
   \   00000006   0x4770             BX       LR
     66            if ((Byte0&0xfe) == 0xe0) {
   \                     ??GUI_DB2UC_0: (+1)
   \   00000008   0xF000 0x02FE      AND      R2,R0,#0xFE
   \   0000000C   0x2AE0             CMP      R2,#+224
   \   0000000E   0xD105             BNE.N    ??GUI_DB2UC_1
     67              if (Byte0 == 0xe0)        /* ASCII */
   \   00000010   0x28E0             CMP      R0,#+224
   \   00000012   0xD101             BNE.N    ??GUI_DB2UC_2
     68                return Byte1;
   \   00000014   0x4608             MOV      R0,R1
   \   00000016   0x4770             BX       LR
     69              return ((U16)Byte1)<<8;   /* low byte was zero */
   \                     ??GUI_DB2UC_2: (+1)
   \   00000018   0x0208             LSLS     R0,R1,#+8
   \   0000001A   0x4770             BX       LR
     70            }
     71            return Byte1 | (((U16)Byte0)<<8);
   \                     ??GUI_DB2UC_1: (+1)
   \   0000001C   0xEA41 0x2000      ORR      R0,R1,R0, LSL #+8
   \   00000020   0x4770             BX       LR               ;; return
     72          }
     73          
     74          /*************************** End of file ****************************/

   Maximum stack usage in bytes:

   .cstack Function
   ------- --------
       0   GUI_DB2UC
       0   GUI_UC2DB


   Section sizes:

   Bytes  Function/Label
   -----  --------------
      34  GUI_DB2UC
      40  GUI_UC2DB

 
 74 bytes in section .text
 
 74 bytes of CODE memory

Errors: none
Warnings: none
