###############################################################################
#
# IAR ANSI C/C++ Compiler V7.10.1.6676/W32 for ARM        18/Jul/2019  11:14:51
# Copyright 1999-2014 IAR Systems AB.
#
#    Cpu mode     =  thumb
#    Endian       =  little
#    Source file  =  E:\DLP_Proj\DLP_source\branches\DLP_opensource\Src\iwdg.c
#    Command line =  
#        E:\DLP_Proj\DLP_source\branches\DLP_opensource\Src\iwdg.c -D
#        USE_HAL_DRIVER -D STM32F407xx -D STM32F40_41xxx -D USE_HAL_LIB -D
#        MKS_DLP_BOARD -D TFT35 -lC
#        E:\DLP_Proj\DLP_source\branches\DLP_opensource\EWARM\mksDLP/List\ -lA
#        E:\DLP_Proj\DLP_source\branches\DLP_opensource\EWARM\mksDLP/List\
#        --diag_suppress Pa050 -o
#        E:\DLP_Proj\DLP_source\branches\DLP_opensource\EWARM\mksDLP/Obj\
#        --no_unroll --no_inline --no_tbaa --no_scheduling --debug
#        --endian=little --cpu=Cortex-M4F -e --char_is_signed --fpu=VFPv4_sp
#        --dlib_config "C:\Program Files (x86)\IAR Systems\Embedded Workbench
#        7.0\arm\INC\c\DLib_Config_Full.h" -I
#        E:\DLP_Proj\DLP_source\branches\DLP_opensource\EWARM/../Inc\ -I
#        E:\DLP_Proj\DLP_source\branches\DLP_opensource\EWARM/../Src\ -I
#        E:\DLP_Proj\DLP_source\branches\DLP_opensource\EWARM/../Drivers/STM32F4xx_HAL_Driver/Inc\
#        -I
#        E:\DLP_Proj\DLP_source\branches\DLP_opensource\EWARM/../Drivers/STM32F4xx_HAL_Driver/Inc/Legacy\
#        -I
#        E:\DLP_Proj\DLP_source\branches\DLP_opensource\EWARM/../Middlewares/Third_Party/FatFs/src/drivers\
#        -I
#        E:\DLP_Proj\DLP_source\branches\DLP_opensource\EWARM/../Middlewares/ST/STM32_USB_Host_Library/Core/Inc\
#        -I
#        E:\DLP_Proj\DLP_source\branches\DLP_opensource\EWARM/../Middlewares/ST/STM32_USB_Host_Library/Class/MSC/Inc\
#        -I
#        E:\DLP_Proj\DLP_source\branches\DLP_opensource\EWARM/../Drivers/CMSIS/Device/ST/STM32F4xx/Include\
#        -I
#        E:\DLP_Proj\DLP_source\branches\DLP_opensource\EWARM/../Middlewares/Third_Party/FatFs/src\
#        -I
#        E:\DLP_Proj\DLP_source\branches\DLP_opensource\EWARM/../Middlewares/Third_Party/Marlin\
#        -I
#        E:\DLP_Proj\DLP_source\branches\DLP_opensource\EWARM/../Drivers/CMSIS/Include\
#        -I
#        E:\DLP_Proj\DLP_source\branches\DLP_opensource\EWARM/../Drivers/BSP/variant\
#        -I
#        E:\DLP_Proj\DLP_source\branches\DLP_opensource\EWARM/../Drivers/BSP/Components/at24cxx\
#        -I
#        E:\DLP_Proj\DLP_source\branches\DLP_opensource\EWARM/../Drivers/BSP/Components/w25qxx\
#        -I
#        E:\DLP_Proj\DLP_source\branches\DLP_opensource\EWARM/../Drivers/BSP/Components/ssd2828\
#        -I
#        E:\DLP_Proj\DLP_source\branches\DLP_opensource\EWARM/../Drivers/BSP/Components/lcd\
#        -I
#        E:\DLP_Proj\DLP_source\branches\DLP_opensource\EWARM/../Drivers/libstmf4\
#        -I
#        E:\DLP_Proj\DLP_source\branches\DLP_opensource\EWARM/../Drivers/libstmf4/include\
#        -I
#        E:\DLP_Proj\DLP_source\branches\DLP_opensource\EWARM/../Middlewares/arduino/stm32/cores/arduino\
#        -I
#        E:\DLP_Proj\DLP_source\branches\DLP_opensource\EWARM/../Middlewares/gui\
#        -I
#        E:\DLP_Proj\DLP_source\branches\DLP_opensource\EWARM/../Middlewares/gui/GUI/ConvertColor\
#        -I
#        E:\DLP_Proj\DLP_source\branches\DLP_opensource\EWARM/../Middlewares/gui/GUI/ConvertMono\
#        -I
#        E:\DLP_Proj\DLP_source\branches\DLP_opensource\EWARM/../Middlewares/gui/GUI/Core\
#        -I
#        E:\DLP_Proj\DLP_source\branches\DLP_opensource\EWARM/../Middlewares/gui/GUI/Font\
#        -I
#        E:\DLP_Proj\DLP_source\branches\DLP_opensource\EWARM/../Middlewares/gui/AntiAlias\
#        -I
#        E:\DLP_Proj\DLP_source\branches\DLP_opensource\EWARM/../Middlewares/gui/GUI/GUIDemo\
#        -I
#        E:\DLP_Proj\DLP_source\branches\DLP_opensource\EWARM/../Middlewares/gui/GUI/LCDDriver\
#        -I
#        E:\DLP_Proj\DLP_source\branches\DLP_opensource\EWARM/../Middlewares/gui/GUI/MemDev\
#        -I
#        E:\DLP_Proj\DLP_source\branches\DLP_opensource\EWARM/../Middlewares/gui/GUI/MultiLayer\
#        -I
#        E:\DLP_Proj\DLP_source\branches\DLP_opensource\EWARM/../Middlewares/gui/GUI/Widget\
#        -I
#        E:\DLP_Proj\DLP_source\branches\DLP_opensource\EWARM/../Middlewares/gui/GUI/WM\
#        -I
#        E:\DLP_Proj\DLP_source\branches\DLP_opensource\EWARM/../Middlewares/gui/GUI_X\
#        -I
#        E:\DLP_Proj\DLP_source\branches\DLP_opensource\EWARM/../Middlewares/gui/Config\
#        -I E:\DLP_Proj\DLP_source\branches\DLP_opensource\EWARM/../User/ui\ -I
#        E:\DLP_Proj\DLP_source\branches\DLP_opensource\EWARM/../User/ui/Multi_language\
#        -I
#        E:\DLP_Proj\DLP_source\branches\DLP_opensource\EWARM/../User/ui/QRENCODE\
#        -Om --use_c++_inline -I "C:\Program Files (x86)\IAR Systems\Embedded
#        Workbench 7.0\arm\CMSIS\Include\"
#    List file    =  
#        E:\DLP_Proj\DLP_source\branches\DLP_opensource\EWARM\mksDLP/List\iwdg.lst
#    Object file  =  
#        E:\DLP_Proj\DLP_source\branches\DLP_opensource\EWARM\mksDLP/Obj\iwdg.o
#
###############################################################################

E:\DLP_Proj\DLP_source\branches\DLP_opensource\Src\iwdg.c
      1          /**
      2            ******************************************************************************
      3            * File Name          : IWDG.c
      4            * Description        : This file provides code for the configuration
      5            *                      of the IWDG instances.
      6            ******************************************************************************
      7            *
      8            * COPYRIGHT(c) 2017 STMicroelectronics
      9            *
     10            * Redistribution and use in source and binary forms, with or without modification,
     11            * are permitted provided that the following conditions are met:
     12            *   1. Redistributions of source code must retain the above copyright notice,
     13            *      this list of conditions and the following disclaimer.
     14            *   2. Redistributions in binary form must reproduce the above copyright notice,
     15            *      this list of conditions and the following disclaimer in the documentation
     16            *      and/or other materials provided with the distribution.
     17            *   3. Neither the name of STMicroelectronics nor the names of its contributors
     18            *      may be used to endorse or promote products derived from this software
     19            *      without specific prior written permission.
     20            *
     21            * THIS SOFTWARE IS PROVIDED BY THE COPYRIGHT HOLDERS AND CONTRIBUTORS "AS IS"
     22            * AND ANY EXPRESS OR IMPLIED WARRANTIES, INCLUDING, BUT NOT LIMITED TO, THE
     23            * IMPLIED WARRANTIES OF MERCHANTABILITY AND FITNESS FOR A PARTICULAR PURPOSE ARE
     24            * DISCLAIMED. IN NO EVENT SHALL THE COPYRIGHT HOLDER OR CONTRIBUTORS BE LIABLE
     25            * FOR ANY DIRECT, INDIRECT, INCIDENTAL, SPECIAL, EXEMPLARY, OR CONSEQUENTIAL
     26            * DAMAGES (INCLUDING, BUT NOT LIMITED TO, PROCUREMENT OF SUBSTITUTE GOODS OR
     27            * SERVICES; LOSS OF USE, DATA, OR PROFITS; OR BUSINESS INTERRUPTION) HOWEVER
     28            * CAUSED AND ON ANY THEORY OF LIABILITY, WHETHER IN CONTRACT, STRICT LIABILITY,
     29            * OR TORT (INCLUDING NEGLIGENCE OR OTHERWISE) ARISING IN ANY WAY OUT OF THE USE
     30            * OF THIS SOFTWARE, EVEN IF ADVISED OF THE POSSIBILITY OF SUCH DAMAGE.
     31            *
     32            ******************************************************************************
     33            */
     34          
     35          /* Includes ------------------------------------------------------------------*/
     36          #include "iwdg.h"
     37          
     38          /* USER CODE BEGIN 0 */
     39          
     40          /* USER CODE END 0 */
     41          

   \                                 In section .bss, align 4
     42          IWDG_HandleTypeDef hiwdg;
   \                     hiwdg:
   \   00000000                      DS8 12
     43          
     44          /* IWDG init function */

   \                                 In section .text, align 4, keep-with-next
     45          void MX_IWDG_Init(void)
     46          {
   \                     MX_IWDG_Init: (+1)
   \   00000000   0xB580             PUSH     {R7,LR}
     47          
     48            hiwdg.Instance = IWDG;
   \   00000002   0x4808             LDR.N    R0,??MX_IWDG_Init_0
   \   00000004   0x4908             LDR.N    R1,??MX_IWDG_Init_0+0x4  ;; 0x40003000
   \   00000006   0x6001             STR      R1,[R0, #+0]
     49            hiwdg.Init.Prescaler = IWDG_PRESCALER_64;
   \   00000008   0x2104             MOVS     R1,#+4
   \   0000000A   0x6041             STR      R1,[R0, #+4]
     50            hiwdg.Init.Reload = 4095;
   \   0000000C   0xF640 0x71FF      MOVW     R1,#+4095
   \   00000010   0x6081             STR      R1,[R0, #+8]
     51            if (HAL_IWDG_Init(&hiwdg) != HAL_OK)
   \   00000012   0x.... 0x....      BL       HAL_IWDG_Init
   \   00000016   0x2800             CMP      R0,#+0
   \   00000018   0xD003             BEQ.N    ??MX_IWDG_Init_1
     52            {
     53              Error_Handler();
   \   0000001A   0xE8BD 0x4001      POP      {R0,LR}
   \   0000001E   0x.... 0x....      B.W      Error_Handler
     54            }
     55          
     56          }
   \                     ??MX_IWDG_Init_1: (+1)
   \   00000022   0xBD01             POP      {R0,PC}          ;; return
   \                     ??MX_IWDG_Init_0:
   \   00000024   0x........         DC32     hiwdg
   \   00000028   0x40003000         DC32     0x40003000
     57          
     58          /* USER CODE BEGIN 1 */
     59          
     60          /* USER CODE END 1 */
     61          
     62          /**
     63            * @}
     64            */
     65          
     66          /**
     67            * @}
     68            */
     69          
     70          /************************ (C) COPYRIGHT STMicroelectronics *****END OF FILE****/

   Maximum stack usage in bytes:

   .cstack Function
   ------- --------
       8   MX_IWDG_Init
         0   -> Error_Handler
         8   -> HAL_IWDG_Init


   Section sizes:

   Bytes  Function/Label
   -----  --------------
      44  MX_IWDG_Init
      12  hiwdg

 
 12 bytes in section .bss
 44 bytes in section .text
 
 44 bytes of CODE memory
 12 bytes of DATA memory

Errors: none
Warnings: none
