###############################################################################
#
# IAR ANSI C/C++ Compiler V7.10.1.6676/W32 for ARM        18/Jul/2019  10:59:01
# Copyright 1999-2014 IAR Systems AB.
#
#    Cpu mode     =  thumb
#    Endian       =  little
#    Source file  =  
#        E:\DLP_Proj\DLP_source\branches\DLP_opensource\Middlewares\gui\GUI\Core\LCD_L0_Generic.c
#    Command line =  
#        E:\DLP_Proj\DLP_source\branches\DLP_opensource\Middlewares\gui\GUI\Core\LCD_L0_Generic.c
#        -D USE_HAL_DRIVER -D STM32F407xx -D STM32F40_41xxx -D USE_HAL_LIB -D
#        MKS_DLP_BOARD -D TFT35 -lC
#        E:\DLP_Proj\DLP_source\branches\DLP_opensource\EWARM\mksDLP/List\ -lA
#        E:\DLP_Proj\DLP_source\branches\DLP_opensource\EWARM\mksDLP/List\
#        --diag_suppress Pa050 -o
#        E:\DLP_Proj\DLP_source\branches\DLP_opensource\EWARM\mksDLP/Obj\
#        --no_unroll --no_inline --no_tbaa --no_scheduling --debug
#        --endian=little --cpu=Cortex-M4F -e --char_is_signed --fpu=VFPv4_sp
#        --dlib_config "C:\Program Files (x86)\IAR Systems\Embedded Workbench
#        7.0\arm\INC\c\DLib_Config_Full.h" -I
#        E:\DLP_Proj\DLP_source\branches\DLP_opensource\EWARM/../Inc\ -I
#        E:\DLP_Proj\DLP_source\branches\DLP_opensource\EWARM/../Src\ -I
#        E:\DLP_Proj\DLP_source\branches\DLP_opensource\EWARM/../Drivers/STM32F4xx_HAL_Driver/Inc\
#        -I
#        E:\DLP_Proj\DLP_source\branches\DLP_opensource\EWARM/../Drivers/STM32F4xx_HAL_Driver/Inc/Legacy\
#        -I
#        E:\DLP_Proj\DLP_source\branches\DLP_opensource\EWARM/../Middlewares/Third_Party/FatFs/src/drivers\
#        -I
#        E:\DLP_Proj\DLP_source\branches\DLP_opensource\EWARM/../Middlewares/ST/STM32_USB_Host_Library/Core/Inc\
#        -I
#        E:\DLP_Proj\DLP_source\branches\DLP_opensource\EWARM/../Middlewares/ST/STM32_USB_Host_Library/Class/MSC/Inc\
#        -I
#        E:\DLP_Proj\DLP_source\branches\DLP_opensource\EWARM/../Drivers/CMSIS/Device/ST/STM32F4xx/Include\
#        -I
#        E:\DLP_Proj\DLP_source\branches\DLP_opensource\EWARM/../Middlewares/Third_Party/FatFs/src\
#        -I
#        E:\DLP_Proj\DLP_source\branches\DLP_opensource\EWARM/../Middlewares/Third_Party/Marlin\
#        -I
#        E:\DLP_Proj\DLP_source\branches\DLP_opensource\EWARM/../Drivers/CMSIS/Include\
#        -I
#        E:\DLP_Proj\DLP_source\branches\DLP_opensource\EWARM/../Drivers/BSP/variant\
#        -I
#        E:\DLP_Proj\DLP_source\branches\DLP_opensource\EWARM/../Drivers/BSP/Components/at24cxx\
#        -I
#        E:\DLP_Proj\DLP_source\branches\DLP_opensource\EWARM/../Drivers/BSP/Components/w25qxx\
#        -I
#        E:\DLP_Proj\DLP_source\branches\DLP_opensource\EWARM/../Drivers/BSP/Components/ssd2828\
#        -I
#        E:\DLP_Proj\DLP_source\branches\DLP_opensource\EWARM/../Drivers/BSP/Components/lcd\
#        -I
#        E:\DLP_Proj\DLP_source\branches\DLP_opensource\EWARM/../Drivers/libstmf4\
#        -I
#        E:\DLP_Proj\DLP_source\branches\DLP_opensource\EWARM/../Drivers/libstmf4/include\
#        -I
#        E:\DLP_Proj\DLP_source\branches\DLP_opensource\EWARM/../Middlewares/arduino/stm32/cores/arduino\
#        -I
#        E:\DLP_Proj\DLP_source\branches\DLP_opensource\EWARM/../Middlewares/gui\
#        -I
#        E:\DLP_Proj\DLP_source\branches\DLP_opensource\EWARM/../Middlewares/gui/GUI/ConvertColor\
#        -I
#        E:\DLP_Proj\DLP_source\branches\DLP_opensource\EWARM/../Middlewares/gui/GUI/ConvertMono\
#        -I
#        E:\DLP_Proj\DLP_source\branches\DLP_opensource\EWARM/../Middlewares/gui/GUI/Core\
#        -I
#        E:\DLP_Proj\DLP_source\branches\DLP_opensource\EWARM/../Middlewares/gui/GUI/Font\
#        -I
#        E:\DLP_Proj\DLP_source\branches\DLP_opensource\EWARM/../Middlewares/gui/AntiAlias\
#        -I
#        E:\DLP_Proj\DLP_source\branches\DLP_opensource\EWARM/../Middlewares/gui/GUI/GUIDemo\
#        -I
#        E:\DLP_Proj\DLP_source\branches\DLP_opensource\EWARM/../Middlewares/gui/GUI/LCDDriver\
#        -I
#        E:\DLP_Proj\DLP_source\branches\DLP_opensource\EWARM/../Middlewares/gui/GUI/MemDev\
#        -I
#        E:\DLP_Proj\DLP_source\branches\DLP_opensource\EWARM/../Middlewares/gui/GUI/MultiLayer\
#        -I
#        E:\DLP_Proj\DLP_source\branches\DLP_opensource\EWARM/../Middlewares/gui/GUI/Widget\
#        -I
#        E:\DLP_Proj\DLP_source\branches\DLP_opensource\EWARM/../Middlewares/gui/GUI/WM\
#        -I
#        E:\DLP_Proj\DLP_source\branches\DLP_opensource\EWARM/../Middlewares/gui/GUI_X\
#        -I
#        E:\DLP_Proj\DLP_source\branches\DLP_opensource\EWARM/../Middlewares/gui/Config\
#        -I E:\DLP_Proj\DLP_source\branches\DLP_opensource\EWARM/../User/ui\ -I
#        E:\DLP_Proj\DLP_source\branches\DLP_opensource\EWARM/../User/ui/Multi_language\
#        -I
#        E:\DLP_Proj\DLP_source\branches\DLP_opensource\EWARM/../User/ui/QRENCODE\
#        -Om --use_c++_inline -I "C:\Program Files (x86)\IAR Systems\Embedded
#        Workbench 7.0\arm\CMSIS\Include\"
#    List file    =  
#        E:\DLP_Proj\DLP_source\branches\DLP_opensource\EWARM\mksDLP/List\LCD_L0_Generic.lst
#    Object file  =  
#        E:\DLP_Proj\DLP_source\branches\DLP_opensource\EWARM\mksDLP/Obj\LCD_L0_Generic.o
#
###############################################################################

E:\DLP_Proj\DLP_source\branches\DLP_opensource\Middlewares\gui\GUI\Core\LCD_L0_Generic.c
      1          /*
      2          *********************************************************************************************************
      3          *                                                uC/GUI
      4          *                        Universal graphic software for embedded applications
      5          *
      6          *                       (c) Copyright 2002, Micrium Inc., Weston, FL
      7          *                       (c) Copyright 2002, SEGGER Microcontroller Systeme GmbH
      8          *
      9          *              µC/GUI is protected by international copyright laws. Knowledge of the
     10          *              source code may not be used to write a similar product. This file may
     11          *              only be used in accordance with a license and should not be redistributed
     12          *              in any way. We appreciate your understanding and fairness.
     13          *
     14          ----------------------------------------------------------------------
     15          File        : LCD_L0_Generic.c
     16          Purpose     : Color conversion routines for LCD-drivers
     17                        This file may not be compiled by itself, but needs
     18                        to be included in every LCD driver
     19          ---------------------------END-OF-HEADER------------------------------
     20          */
     21          
     22          #ifndef LCD_INCLUDEDRIVER_H     /* includes only for stand-alone compilation, not as included file */
     23            #include <stddef.h>           /* needed for definition of NULL */
     24            #include "LCD_Private.h"      /* private modul definitions & config */
     25            #include "GUI_Private.h"
     26            #include "GUIDebug.h"
     27          #endif
     28          
     29          /*********************************************************************
     30          *
     31          *       Defines
     32          *
     33          **********************************************************************
     34          */
     35          
     36          #define FIXEDPALETTE LCD_FIXEDPALETTE
     37          
     38          #if   FIXEDPALETTE == -1     /* User defined color conversion routines */
     39            #define COLOR2INDEX(Color) LCD_Color2Index_User(Color)
     40            #define INDEX2COLOR(Index) LCD_Index2Color_User(Index)
     41            #define GETINDEXMASK()     LCD_GetIndexMask_User()
     42          #elif FIXEDPALETTE == 0      /* User defined colors (LCD_PHYSCOLORS) */
     43            #define COLOR2INDEX(Color) LCD_Color2Index_0(Color, &LCD_PhysPal)
     44            #define INDEX2COLOR(Index) LCD_Index2Color_0(Index, &LCD_PhysPal)
     45            #define GETINDEXMASK()     LCD_GetIndexMask_0()
     46          #elif FIXEDPALETTE == 1
     47            #define COLOR2INDEX(Color) LCD_Color2Index_1(Color)
     48            #define INDEX2COLOR(Index) LCD_Index2Color_1(Index)
     49            #define GETINDEXMASK()     LCD_GetIndexMask_1()
     50          #elif FIXEDPALETTE == 2
     51            #define COLOR2INDEX(Color) LCD_Color2Index_2(Color)
     52            #define INDEX2COLOR(Index) LCD_Index2Color_2(Index)
     53            #define GETINDEXMASK()     LCD_GetIndexMask_2()
     54          #elif FIXEDPALETTE == 4
     55            #define COLOR2INDEX(Color) LCD_Color2Index_4(Color)
     56            #define INDEX2COLOR(Index) LCD_Index2Color_4(Index)
     57            #define GETINDEXMASK()     LCD_GetIndexMask_4()
     58          #elif (FIXEDPALETTE == 111) && (LCD_SWAP_RB==0)
     59            #define COLOR2INDEX(Color) LCD_Color2Index_111(Color)
     60            #define INDEX2COLOR(Index) LCD_Index2Color_111(Index)
     61            #define GETINDEXMASK()     LCD_GetIndexMask_111()
     62          #elif (FIXEDPALETTE == 111) && (LCD_SWAP_RB)
     63            #define COLOR2INDEX(Color) LCD_Color2Index_M111(Color)
     64            #define INDEX2COLOR(Index) LCD_Index2Color_M111(Index)
     65            #define GETINDEXMASK()     LCD_GetIndexMask_M111()
     66          #elif (FIXEDPALETTE == 222) && (LCD_SWAP_RB==0)
     67            #define COLOR2INDEX(Color) LCD_Color2Index_222(Color)
     68            #define INDEX2COLOR(Index) LCD_Index2Color_222(Index)
     69            #define GETINDEXMASK()     LCD_GetIndexMask_222()
     70          #elif (FIXEDPALETTE == 222) && (LCD_SWAP_RB==1)
     71            #define COLOR2INDEX(Color) LCD_Color2Index_M222(Color)
     72            #define INDEX2COLOR(Index) LCD_Index2Color_M222(Index)
     73            #define GETINDEXMASK()     LCD_GetIndexMask_M222()
     74          #elif (FIXEDPALETTE == 233) && (LCD_SWAP_RB==0)
     75            #define COLOR2INDEX(Color) LCD_Color2Index_233(Color)
     76            #define INDEX2COLOR(Index) LCD_Index2Color_233(Index)
     77            #define GETINDEXMASK()     LCD_GetIndexMask_233()
     78          #elif (FIXEDPALETTE == 233) && (LCD_SWAP_RB==1)
     79            #define COLOR2INDEX(Color) LCD_Color2Index_M233(Color)
     80            #define INDEX2COLOR(Index) LCD_Index2Color_M233(Index)
     81            #define GETINDEXMASK()     LCD_GetIndexMask_M233()
     82          #elif (FIXEDPALETTE == 323) && (LCD_SWAP_RB==0)
     83            #define COLOR2INDEX(Color) LCD_Color2Index_323(Color)
     84            #define INDEX2COLOR(Index) LCD_Index2Color_323(Index)
     85            #define GETINDEXMASK()     LCD_GetIndexMask_323()
     86          #elif (FIXEDPALETTE == 323) && (LCD_SWAP_RB==1)
     87            #define COLOR2INDEX(Color) LCD_Color2Index_M323(Color)
     88            #define INDEX2COLOR(Index) LCD_Index2Color_M323(Index)
     89            #define GETINDEXMASK()     LCD_GetIndexMask_M323()
     90          #elif (FIXEDPALETTE == 332) && (LCD_SWAP_RB==0)
     91            #define COLOR2INDEX(Color) LCD_Color2Index_332(Color)
     92            #define INDEX2COLOR(Index) LCD_Index2Color_332(Index)
     93            #define GETINDEXMASK()     LCD_GetIndexMask_332()
     94          #elif (FIXEDPALETTE == 332) && (LCD_SWAP_RB==1)
     95            #define COLOR2INDEX(Color) LCD_Color2Index_M332(Color)
     96            #define INDEX2COLOR(Index) LCD_Index2Color_M332(Index)
     97            #define GETINDEXMASK()     LCD_GetIndexMask_M332()
     98          #elif (FIXEDPALETTE == 444121)
     99            #define COLOR2INDEX(Color) LCD_Color2Index_444_12_1(Color)
    100            #define INDEX2COLOR(Index) LCD_Index2Color_444_12_1(Index)
    101            #define GETINDEXMASK()     LCD_GetIndexMask_444_12_1()
    102          #elif (FIXEDPALETTE == 44412) && (LCD_SWAP_RB==0)
    103            #define COLOR2INDEX(Color) LCD_Color2Index_444_12(Color)
    104            #define INDEX2COLOR(Index) LCD_Index2Color_444_12(Index)
    105            #define GETINDEXMASK()     LCD_GetIndexMask_444_12()
    106          #elif (FIXEDPALETTE == 44416)  && (LCD_SWAP_RB==0)
    107            #define COLOR2INDEX(Color) LCD_Color2Index_444_16(Color)
    108            #define INDEX2COLOR(Index) LCD_Index2Color_444_16(Index)
    109            #define GETINDEXMASK()     LCD_GetIndexMask_444_16()
    110          #elif (FIXEDPALETTE == 44412)  && (LCD_SWAP_RB==1)
    111            #define COLOR2INDEX(Color) LCD_Color2Index_M444_12(Color)
    112            #define INDEX2COLOR(Index) LCD_Index2Color_M444_12(Index)
    113            #define GETINDEXMASK()     LCD_GetIndexMask_M444_12()
    114          #elif (FIXEDPALETTE == 44416)  && (LCD_SWAP_RB==1)
    115            #define COLOR2INDEX(Color) LCD_Color2Index_M444_16(Color)
    116            #define INDEX2COLOR(Index) LCD_Index2Color_M444_16(Index)
    117            #define GETINDEXMASK()     LCD_GetIndexMask_M444_16()
    118          #elif (FIXEDPALETTE == 555)  && (LCD_SWAP_RB==0)
    119            #define COLOR2INDEX(Color) LCD_Color2Index_555(Color)
    120            #define INDEX2COLOR(Index) LCD_Index2Color_555(Index)
    121            #define GETINDEXMASK()     LCD_GetIndexMask_555()
    122          #elif (FIXEDPALETTE == 555)  && (LCD_SWAP_RB)
    123            #define COLOR2INDEX(Color) LCD_Color2Index_M555(Color)
    124            #define INDEX2COLOR(Index) LCD_Index2Color_M555(Index)
    125            #define GETINDEXMASK()     LCD_GetIndexMask_M555()
    126          #elif (FIXEDPALETTE == 556) && (LCD_SWAP_RB==0)
    127            #define COLOR2INDEX(Color) LCD_Color2Index_556(Color)
    128            #define INDEX2COLOR(Index) LCD_Index2Color_556(Index)
    129            #define GETINDEXMASK()     LCD_GetIndexMask_556()
    130          #elif (FIXEDPALETTE == 556) && (LCD_SWAP_RB)
    131            #define COLOR2INDEX(Color) LCD_Color2Index_M556(Color)
    132            #define INDEX2COLOR(Index) LCD_Index2Color_M556(Index)
    133            #define GETINDEXMASK()     LCD_GetIndexMask_M556()
    134          #elif (FIXEDPALETTE == 565) && (LCD_SWAP_RB==0)
    135            #define COLOR2INDEX(Color) LCD_Color2Index_565(Color)
    136            #define INDEX2COLOR(Index) LCD_Index2Color_565(Index)
    137            #define GETINDEXMASK()     LCD_GetIndexMask_565()
    138          #elif (FIXEDPALETTE == 565) && (LCD_SWAP_RB)
    139            #define COLOR2INDEX(Color) LCD_Color2Index_M565(Color)
    140            #define INDEX2COLOR(Index) LCD_Index2Color_M565(Index)
    141            #define GETINDEXMASK()     LCD_GetIndexMask_M565()
    142          #elif (FIXEDPALETTE == 655) && (LCD_SWAP_RB==0)
    143            #define COLOR2INDEX(Color) LCD_Color2Index_655(Color)
    144            #define INDEX2COLOR(Index) LCD_Index2Color_655(Index)
    145            #define GETINDEXMASK()     LCD_GetIndexMask_655()
    146          #elif (FIXEDPALETTE == 655) && (LCD_SWAP_RB)
    147            #define COLOR2INDEX(Color) LCD_Color2Index_M655(Color)
    148            #define INDEX2COLOR(Index) LCD_Index2Color_M655(Index)
    149            #define GETINDEXMASK()     LCD_GetIndexMask_M655()
    150          #elif FIXEDPALETTE == 8666
    151            #define COLOR2INDEX(Color) LCD_Color2Index_8666(Color)
    152            #define INDEX2COLOR(Index) LCD_Index2Color_8666(Index)
    153            #define GETINDEXMASK()     LCD_GetIndexMask_8666()
    154          #elif FIXEDPALETTE == 86661
    155            #define COLOR2INDEX(Color) LCD_Color2Index_8666_1(Color)
    156            #define INDEX2COLOR(Index) LCD_Index2Color_8666_1(Index)
    157            #define GETINDEXMASK()     LCD_GetIndexMask_8666_1()
    158          #else
    159            #error Unsupported color mode
    160          #endif
    161          
    162          /*********************************************************************
    163          *
    164          *       Static data
    165          *
    166          **********************************************************************
    167          */
    168          
    169          #if (LCD_FIXEDPALETTE==0)
    170            #if !LCD_PHYSCOLORS_IN_RAM
    171              const
    172            #endif
    173            LCD_COLOR       LCD_PhysColors[]   = { LCD_PHYSCOLORS };
    174            const LCD_PHYSPALETTE LCD_PhysPal  = { LCD_NUM_COLORS, &LCD_PhysColors[0] };
    175          #endif
    176          
    177          /*********************************************************************
    178          *
    179          *       Public code
    180          *
    181          **********************************************************************
    182          */
    183          /*********************************************************************
    184          *
    185          *           LCD_L0_Color2Index
    186          */

   \                                 In section .text, align 2, keep-with-next
    187          unsigned int LCD_L0_Color2Index(LCD_COLOR Color) {
    188            unsigned int Index;
    189            Index = COLOR2INDEX(Color);
    190            #if LCD_REVERSE
    191              Index ^= ((1<<LCD_BITSPERPIXEL)-1);
    192            #endif
    193            return Index;
   \                     LCD_L0_Color2Index: (+1)
   \   00000000   0x.... 0x....      B.W      LCD_Color2Index_M565
    194          }
    195          
    196          /*********************************************************************
    197          *
    198          *       LCD_L0_Index2Color
    199          */

   \                                 In section .text, align 2, keep-with-next
    200          LCD_COLOR LCD_L0_Index2Color(int Index) {
    201            #if LCD_REVERSE
    202              Index ^= ((1<<LCD_BITSPERPIXEL)-1);
    203            #endif
    204            return INDEX2COLOR(Index);
   \                     LCD_L0_Index2Color: (+1)
   \   00000000   0x.... 0x....      B.W      LCD_Index2Color_M565
    205          }
    206          
    207          /*********************************************************************
    208          *
    209          *       LCD_L0_GetIndexMask
    210          */

   \                                 In section .text, align 2, keep-with-next
    211          unsigned int LCD_L0_GetIndexMask(void) {
    212            return GETINDEXMASK();
   \                     LCD_L0_GetIndexMask: (+1)
   \   00000000   0x.... 0x....      B.W      LCD_GetIndexMask_M565
    213          }
    214          
    215          /*********************************************************************
    216          *
    217          *       LCD_L0_GetRect
    218          */

   \                                 In section .text, align 2, keep-with-next
    219          void LCD_L0_GetRect(LCD_RECT *pRect) {
    220            pRect->x0 = 0;
   \                     LCD_L0_GetRect: (+1)
   \   00000000   0x2100             MOVS     R1,#+0
   \   00000002   0x8001             STRH     R1,[R0, #+0]
    221            pRect->y0 = 0;
   \   00000004   0x8041             STRH     R1,[R0, #+2]
    222            pRect->x1 = LCD_XSIZE - 1;
   \   00000006   0xF240 0x11DF      MOVW     R1,#+479
   \   0000000A   0x8081             STRH     R1,[R0, #+4]
    223            pRect->y1 = LCD_YSIZE - 1;
   \   0000000C   0xF240 0x113F      MOVW     R1,#+319
   \   00000010   0x80C1             STRH     R1,[R0, #+6]
    224          }
   \   00000012   0x4770             BX       LR               ;; return
    225          
    226          /*************************** End of file ****************************/

   Maximum stack usage in bytes:

   .cstack Function
   ------- --------
       0   LCD_L0_Color2Index
         0   -> LCD_Color2Index_M565
       0   LCD_L0_GetIndexMask
         0   -> LCD_GetIndexMask_M565
       0   LCD_L0_GetRect
       0   LCD_L0_Index2Color
         0   -> LCD_Index2Color_M565


   Section sizes:

   Bytes  Function/Label
   -----  --------------
       4  LCD_L0_Color2Index
       4  LCD_L0_GetIndexMask
      20  LCD_L0_GetRect
       4  LCD_L0_Index2Color

 
 32 bytes in section .text
 
 32 bytes of CODE memory

Errors: none
Warnings: none
