###############################################################################
#
# IAR ANSI C/C++ Compiler V7.10.1.6676/W32 for ARM        18/Jul/2019  10:59:14
# Copyright 1999-2014 IAR Systems AB.
#
#    Cpu mode     =  thumb
#    Endian       =  little
#    Source file  =  
#        E:\DLP_Proj\DLP_source\branches\DLP_opensource\Middlewares\gui\GUI\Widget\LISTVIEW_SetSel.c
#    Command line =  
#        E:\DLP_Proj\DLP_source\branches\DLP_opensource\Middlewares\gui\GUI\Widget\LISTVIEW_SetSel.c
#        -D USE_HAL_DRIVER -D STM32F407xx -D STM32F40_41xxx -D USE_HAL_LIB -D
#        MKS_DLP_BOARD -D TFT35 -lC
#        E:\DLP_Proj\DLP_source\branches\DLP_opensource\EWARM\mksDLP/List\ -lA
#        E:\DLP_Proj\DLP_source\branches\DLP_opensource\EWARM\mksDLP/List\
#        --diag_suppress Pa050 -o
#        E:\DLP_Proj\DLP_source\branches\DLP_opensource\EWARM\mksDLP/Obj\
#        --no_unroll --no_inline --no_tbaa --no_scheduling --debug
#        --endian=little --cpu=Cortex-M4F -e --char_is_signed --fpu=VFPv4_sp
#        --dlib_config "C:\Program Files (x86)\IAR Systems\Embedded Workbench
#        7.0\arm\INC\c\DLib_Config_Full.h" -I
#        E:\DLP_Proj\DLP_source\branches\DLP_opensource\EWARM/../Inc\ -I
#        E:\DLP_Proj\DLP_source\branches\DLP_opensource\EWARM/../Src\ -I
#        E:\DLP_Proj\DLP_source\branches\DLP_opensource\EWARM/../Drivers/STM32F4xx_HAL_Driver/Inc\
#        -I
#        E:\DLP_Proj\DLP_source\branches\DLP_opensource\EWARM/../Drivers/STM32F4xx_HAL_Driver/Inc/Legacy\
#        -I
#        E:\DLP_Proj\DLP_source\branches\DLP_opensource\EWARM/../Middlewares/Third_Party/FatFs/src/drivers\
#        -I
#        E:\DLP_Proj\DLP_source\branches\DLP_opensource\EWARM/../Middlewares/ST/STM32_USB_Host_Library/Core/Inc\
#        -I
#        E:\DLP_Proj\DLP_source\branches\DLP_opensource\EWARM/../Middlewares/ST/STM32_USB_Host_Library/Class/MSC/Inc\
#        -I
#        E:\DLP_Proj\DLP_source\branches\DLP_opensource\EWARM/../Drivers/CMSIS/Device/ST/STM32F4xx/Include\
#        -I
#        E:\DLP_Proj\DLP_source\branches\DLP_opensource\EWARM/../Middlewares/Third_Party/FatFs/src\
#        -I
#        E:\DLP_Proj\DLP_source\branches\DLP_opensource\EWARM/../Middlewares/Third_Party/Marlin\
#        -I
#        E:\DLP_Proj\DLP_source\branches\DLP_opensource\EWARM/../Drivers/CMSIS/Include\
#        -I
#        E:\DLP_Proj\DLP_source\branches\DLP_opensource\EWARM/../Drivers/BSP/variant\
#        -I
#        E:\DLP_Proj\DLP_source\branches\DLP_opensource\EWARM/../Drivers/BSP/Components/at24cxx\
#        -I
#        E:\DLP_Proj\DLP_source\branches\DLP_opensource\EWARM/../Drivers/BSP/Components/w25qxx\
#        -I
#        E:\DLP_Proj\DLP_source\branches\DLP_opensource\EWARM/../Drivers/BSP/Components/ssd2828\
#        -I
#        E:\DLP_Proj\DLP_source\branches\DLP_opensource\EWARM/../Drivers/BSP/Components/lcd\
#        -I
#        E:\DLP_Proj\DLP_source\branches\DLP_opensource\EWARM/../Drivers/libstmf4\
#        -I
#        E:\DLP_Proj\DLP_source\branches\DLP_opensource\EWARM/../Drivers/libstmf4/include\
#        -I
#        E:\DLP_Proj\DLP_source\branches\DLP_opensource\EWARM/../Middlewares/arduino/stm32/cores/arduino\
#        -I
#        E:\DLP_Proj\DLP_source\branches\DLP_opensource\EWARM/../Middlewares/gui\
#        -I
#        E:\DLP_Proj\DLP_source\branches\DLP_opensource\EWARM/../Middlewares/gui/GUI/ConvertColor\
#        -I
#        E:\DLP_Proj\DLP_source\branches\DLP_opensource\EWARM/../Middlewares/gui/GUI/ConvertMono\
#        -I
#        E:\DLP_Proj\DLP_source\branches\DLP_opensource\EWARM/../Middlewares/gui/GUI/Core\
#        -I
#        E:\DLP_Proj\DLP_source\branches\DLP_opensource\EWARM/../Middlewares/gui/GUI/Font\
#        -I
#        E:\DLP_Proj\DLP_source\branches\DLP_opensource\EWARM/../Middlewares/gui/AntiAlias\
#        -I
#        E:\DLP_Proj\DLP_source\branches\DLP_opensource\EWARM/../Middlewares/gui/GUI/GUIDemo\
#        -I
#        E:\DLP_Proj\DLP_source\branches\DLP_opensource\EWARM/../Middlewares/gui/GUI/LCDDriver\
#        -I
#        E:\DLP_Proj\DLP_source\branches\DLP_opensource\EWARM/../Middlewares/gui/GUI/MemDev\
#        -I
#        E:\DLP_Proj\DLP_source\branches\DLP_opensource\EWARM/../Middlewares/gui/GUI/MultiLayer\
#        -I
#        E:\DLP_Proj\DLP_source\branches\DLP_opensource\EWARM/../Middlewares/gui/GUI/Widget\
#        -I
#        E:\DLP_Proj\DLP_source\branches\DLP_opensource\EWARM/../Middlewares/gui/GUI/WM\
#        -I
#        E:\DLP_Proj\DLP_source\branches\DLP_opensource\EWARM/../Middlewares/gui/GUI_X\
#        -I
#        E:\DLP_Proj\DLP_source\branches\DLP_opensource\EWARM/../Middlewares/gui/Config\
#        -I E:\DLP_Proj\DLP_source\branches\DLP_opensource\EWARM/../User/ui\ -I
#        E:\DLP_Proj\DLP_source\branches\DLP_opensource\EWARM/../User/ui/Multi_language\
#        -I
#        E:\DLP_Proj\DLP_source\branches\DLP_opensource\EWARM/../User/ui/QRENCODE\
#        -Om --use_c++_inline -I "C:\Program Files (x86)\IAR Systems\Embedded
#        Workbench 7.0\arm\CMSIS\Include\"
#    List file    =  
#        E:\DLP_Proj\DLP_source\branches\DLP_opensource\EWARM\mksDLP/List\LISTVIEW_SetSel.lst
#    Object file  =  
#        E:\DLP_Proj\DLP_source\branches\DLP_opensource\EWARM\mksDLP/Obj\LISTVIEW_SetSel.o
#
###############################################################################

E:\DLP_Proj\DLP_source\branches\DLP_opensource\Middlewares\gui\GUI\Widget\LISTVIEW_SetSel.c
      1          /*
      2          *********************************************************************************************************
      3          *                                                uC/GUI
      4          *                        Universal graphic software for embedded applications
      5          *
      6          *                       (c) Copyright 2002, Micrium Inc., Weston, FL
      7          *                       (c) Copyright 2002, SEGGER Microcontroller Systeme GmbH
      8          *
      9          *              µC/GUI is protected by international copyright laws. Knowledge of the
     10          *              source code may not be used to write a similar product. This file may
     11          *              only be used in accordance with a license and should not be redistributed
     12          *              in any way. We appreciate your understanding and fairness.
     13          *
     14          ----------------------------------------------------------------------
     15          File        : LISTVIEW_SetSel.c
     16          Purpose     : Implementation of LISTVIEW_SetSel
     17          ---------------------------END-OF-HEADER------------------------------
     18          */
     19          
     20          #include "LISTVIEW_Private.h"
     21          
     22          #if GUI_WINSUPPORT
     23          
     24          /*********************************************************************
     25          *
     26          *       Public routines
     27          *
     28          **********************************************************************
     29          */
     30          /*********************************************************************
     31          *
     32          *       LISTVIEW_SetSel
     33          */

   \                                 In section .text, align 2, keep-with-next
     34          void LISTVIEW_SetSel(LISTVIEW_Handle hObj, int NewSel) {
   \                     LISTVIEW_SetSel: (+1)
   \   00000000   0xB5F8             PUSH     {R3-R7,LR}
   \   00000002   0x4604             MOV      R4,R0
   \   00000004   0x460D             MOV      R5,R1
     35            if (hObj) {
   \   00000006   0x2C00             CMP      R4,#+0
   \   00000008   0xD02D             BEQ.N    ??LISTVIEW_SetSel_0
     36              LISTVIEW_Obj* pObj;
     37              int MaxSel;
     38              WM_LOCK();
     39              pObj = LISTVIEW_H2P(hObj);
   \   0000000A   0x.... 0x....      BL       GUI_ALLOC_h2p
   \   0000000E   0x4606             MOV      R6,R0
     40              MaxSel = GUI_ARRAY_GetNumItems(&pObj->RowArray) - 1;
   \   00000010   0xF106 0x002A      ADD      R0,R6,#+42
   \   00000014   0x.... 0x....      BL       GUI_ARRAY_GetNumItems
   \   00000018   0x1E40             SUBS     R0,R0,#+1
     41              if (NewSel > MaxSel) {
   \   0000001A   0x42A8             CMP      R0,R5
   \   0000001C   0xDC00             BGT.N    ??LISTVIEW_SetSel_1
   \   0000001E   0x4605             MOV      R5,R0
     42                NewSel = MaxSel;
     43              }
     44              if (NewSel < 0) {
   \                     ??LISTVIEW_SetSel_1: (+1)
   \   00000020   0x2D00             CMP      R5,#+0
   \   00000022   0xD501             BPL.N    ??LISTVIEW_SetSel_2
     45                NewSel = -1;
   \   00000024   0xF04F 0x35FF      MOV      R5,#-1
     46              }
     47              if (NewSel != pObj->Sel) {
   \                     ??LISTVIEW_SetSel_2: (+1)
   \   00000028   0x6D77             LDR      R7,[R6, #+84]
   \   0000002A   0x42BD             CMP      R5,R7
   \   0000002C   0xD01B             BEQ.N    ??LISTVIEW_SetSel_0
     48                int OldSel;
     49                OldSel    = pObj->Sel;
     50                pObj->Sel = NewSel;
   \   0000002E   0x6575             STR      R5,[R6, #+84]
     51                if (LISTVIEW__UpdateScrollPos(hObj, pObj)) {
   \   00000030   0x4631             MOV      R1,R6
   \   00000032   0x4620             MOV      R0,R4
   \   00000034   0x.... 0x....      BL       LISTVIEW__UpdateScrollPos
   \   00000038   0x2800             CMP      R0,#+0
   \   0000003A   0xD004             BEQ.N    ??LISTVIEW_SetSel_3
     52                  LISTVIEW__InvalidateInsideArea(hObj, pObj);
   \   0000003C   0x4631             MOV      R1,R6
   \   0000003E   0x4620             MOV      R0,R4
   \   00000040   0x.... 0x....      BL       LISTVIEW__InvalidateInsideArea
   \   00000044   0xE009             B.N      ??LISTVIEW_SetSel_4
     53                } else {
     54                  LISTVIEW__InvalidateRow(hObj, pObj, OldSel);
   \                     ??LISTVIEW_SetSel_3: (+1)
   \   00000046   0x463A             MOV      R2,R7
   \   00000048   0x4631             MOV      R1,R6
   \   0000004A   0x4620             MOV      R0,R4
   \   0000004C   0x.... 0x....      BL       LISTVIEW__InvalidateRow
     55                  LISTVIEW__InvalidateRow(hObj, pObj, NewSel);
   \   00000050   0x462A             MOV      R2,R5
   \   00000052   0x4631             MOV      R1,R6
   \   00000054   0x4620             MOV      R0,R4
   \   00000056   0x.... 0x....      BL       LISTVIEW__InvalidateRow
     56                }
     57                WM_NotifyParent(hObj, WM_NOTIFICATION_SEL_CHANGED);
   \                     ??LISTVIEW_SetSel_4: (+1)
   \   0000005A   0x2104             MOVS     R1,#+4
   \   0000005C   0x4620             MOV      R0,R4
   \   0000005E   0xE8BD 0x40F4      POP      {R2,R4-R7,LR}
   \   00000062   0x.... 0x....      B.W      WM_NotifyParent
     58              }
     59              WM_UNLOCK();
     60            }
     61          }
   \                     ??LISTVIEW_SetSel_0: (+1)
   \   00000066   0xBDF1             POP      {R0,R4-R7,PC}    ;; return
     62          
     63          #else                            /* Avoid problems with empty object modules */
     64            void LISTVIEW_SetSel_C(void);
     65            void LISTVIEW_SetSel_C(void) {}
     66          #endif

   Maximum stack usage in bytes:

   .cstack Function
   ------- --------
      24   LISTVIEW_SetSel
        24   -> GUI_ALLOC_h2p
        24   -> GUI_ARRAY_GetNumItems
        24   -> LISTVIEW__InvalidateInsideArea
        24   -> LISTVIEW__InvalidateRow
        24   -> LISTVIEW__UpdateScrollPos
         0   -> WM_NotifyParent


   Section sizes:

   Bytes  Function/Label
   -----  --------------
     104  LISTVIEW_SetSel

 
 104 bytes in section .text
 
 104 bytes of CODE memory

Errors: none
Warnings: none
