###############################################################################
#
# IAR ANSI C/C++ Compiler V7.10.1.6676/W32 for ARM        18/Jul/2019  10:59:09
# Copyright 1999-2014 IAR Systems AB.
#
#    Cpu mode     =  thumb
#    Endian       =  little
#    Source file  =  
#        E:\DLP_Proj\DLP_source\branches\DLP_opensource\Middlewares\gui\GUI\Widget\LISTBOX_ItemSpacing.c
#    Command line =  
#        E:\DLP_Proj\DLP_source\branches\DLP_opensource\Middlewares\gui\GUI\Widget\LISTBOX_ItemSpacing.c
#        -D USE_HAL_DRIVER -D STM32F407xx -D STM32F40_41xxx -D USE_HAL_LIB -D
#        MKS_DLP_BOARD -D TFT35 -lC
#        E:\DLP_Proj\DLP_source\branches\DLP_opensource\EWARM\mksDLP/List\ -lA
#        E:\DLP_Proj\DLP_source\branches\DLP_opensource\EWARM\mksDLP/List\
#        --diag_suppress Pa050 -o
#        E:\DLP_Proj\DLP_source\branches\DLP_opensource\EWARM\mksDLP/Obj\
#        --no_unroll --no_inline --no_tbaa --no_scheduling --debug
#        --endian=little --cpu=Cortex-M4F -e --char_is_signed --fpu=VFPv4_sp
#        --dlib_config "C:\Program Files (x86)\IAR Systems\Embedded Workbench
#        7.0\arm\INC\c\DLib_Config_Full.h" -I
#        E:\DLP_Proj\DLP_source\branches\DLP_opensource\EWARM/../Inc\ -I
#        E:\DLP_Proj\DLP_source\branches\DLP_opensource\EWARM/../Src\ -I
#        E:\DLP_Proj\DLP_source\branches\DLP_opensource\EWARM/../Drivers/STM32F4xx_HAL_Driver/Inc\
#        -I
#        E:\DLP_Proj\DLP_source\branches\DLP_opensource\EWARM/../Drivers/STM32F4xx_HAL_Driver/Inc/Legacy\
#        -I
#        E:\DLP_Proj\DLP_source\branches\DLP_opensource\EWARM/../Middlewares/Third_Party/FatFs/src/drivers\
#        -I
#        E:\DLP_Proj\DLP_source\branches\DLP_opensource\EWARM/../Middlewares/ST/STM32_USB_Host_Library/Core/Inc\
#        -I
#        E:\DLP_Proj\DLP_source\branches\DLP_opensource\EWARM/../Middlewares/ST/STM32_USB_Host_Library/Class/MSC/Inc\
#        -I
#        E:\DLP_Proj\DLP_source\branches\DLP_opensource\EWARM/../Drivers/CMSIS/Device/ST/STM32F4xx/Include\
#        -I
#        E:\DLP_Proj\DLP_source\branches\DLP_opensource\EWARM/../Middlewares/Third_Party/FatFs/src\
#        -I
#        E:\DLP_Proj\DLP_source\branches\DLP_opensource\EWARM/../Middlewares/Third_Party/Marlin\
#        -I
#        E:\DLP_Proj\DLP_source\branches\DLP_opensource\EWARM/../Drivers/CMSIS/Include\
#        -I
#        E:\DLP_Proj\DLP_source\branches\DLP_opensource\EWARM/../Drivers/BSP/variant\
#        -I
#        E:\DLP_Proj\DLP_source\branches\DLP_opensource\EWARM/../Drivers/BSP/Components/at24cxx\
#        -I
#        E:\DLP_Proj\DLP_source\branches\DLP_opensource\EWARM/../Drivers/BSP/Components/w25qxx\
#        -I
#        E:\DLP_Proj\DLP_source\branches\DLP_opensource\EWARM/../Drivers/BSP/Components/ssd2828\
#        -I
#        E:\DLP_Proj\DLP_source\branches\DLP_opensource\EWARM/../Drivers/BSP/Components/lcd\
#        -I
#        E:\DLP_Proj\DLP_source\branches\DLP_opensource\EWARM/../Drivers/libstmf4\
#        -I
#        E:\DLP_Proj\DLP_source\branches\DLP_opensource\EWARM/../Drivers/libstmf4/include\
#        -I
#        E:\DLP_Proj\DLP_source\branches\DLP_opensource\EWARM/../Middlewares/arduino/stm32/cores/arduino\
#        -I
#        E:\DLP_Proj\DLP_source\branches\DLP_opensource\EWARM/../Middlewares/gui\
#        -I
#        E:\DLP_Proj\DLP_source\branches\DLP_opensource\EWARM/../Middlewares/gui/GUI/ConvertColor\
#        -I
#        E:\DLP_Proj\DLP_source\branches\DLP_opensource\EWARM/../Middlewares/gui/GUI/ConvertMono\
#        -I
#        E:\DLP_Proj\DLP_source\branches\DLP_opensource\EWARM/../Middlewares/gui/GUI/Core\
#        -I
#        E:\DLP_Proj\DLP_source\branches\DLP_opensource\EWARM/../Middlewares/gui/GUI/Font\
#        -I
#        E:\DLP_Proj\DLP_source\branches\DLP_opensource\EWARM/../Middlewares/gui/AntiAlias\
#        -I
#        E:\DLP_Proj\DLP_source\branches\DLP_opensource\EWARM/../Middlewares/gui/GUI/GUIDemo\
#        -I
#        E:\DLP_Proj\DLP_source\branches\DLP_opensource\EWARM/../Middlewares/gui/GUI/LCDDriver\
#        -I
#        E:\DLP_Proj\DLP_source\branches\DLP_opensource\EWARM/../Middlewares/gui/GUI/MemDev\
#        -I
#        E:\DLP_Proj\DLP_source\branches\DLP_opensource\EWARM/../Middlewares/gui/GUI/MultiLayer\
#        -I
#        E:\DLP_Proj\DLP_source\branches\DLP_opensource\EWARM/../Middlewares/gui/GUI/Widget\
#        -I
#        E:\DLP_Proj\DLP_source\branches\DLP_opensource\EWARM/../Middlewares/gui/GUI/WM\
#        -I
#        E:\DLP_Proj\DLP_source\branches\DLP_opensource\EWARM/../Middlewares/gui/GUI_X\
#        -I
#        E:\DLP_Proj\DLP_source\branches\DLP_opensource\EWARM/../Middlewares/gui/Config\
#        -I E:\DLP_Proj\DLP_source\branches\DLP_opensource\EWARM/../User/ui\ -I
#        E:\DLP_Proj\DLP_source\branches\DLP_opensource\EWARM/../User/ui/Multi_language\
#        -I
#        E:\DLP_Proj\DLP_source\branches\DLP_opensource\EWARM/../User/ui/QRENCODE\
#        -Om --use_c++_inline -I "C:\Program Files (x86)\IAR Systems\Embedded
#        Workbench 7.0\arm\CMSIS\Include\"
#    List file    =  
#        E:\DLP_Proj\DLP_source\branches\DLP_opensource\EWARM\mksDLP/List\LISTBOX_ItemSpacing.lst
#    Object file  =  
#        E:\DLP_Proj\DLP_source\branches\DLP_opensource\EWARM\mksDLP/Obj\LISTBOX_ItemSpacing.o
#
###############################################################################

E:\DLP_Proj\DLP_source\branches\DLP_opensource\Middlewares\gui\GUI\Widget\LISTBOX_ItemSpacing.c
      1          /*
      2          *********************************************************************************************************
      3          *                                                uC/GUI
      4          *                        Universal graphic software for embedded applications
      5          *
      6          *                       (c) Copyright 2002, Micrium Inc., Weston, FL
      7          *                       (c) Copyright 2002, SEGGER Microcontroller Systeme GmbH
      8          *
      9          *              µC/GUI is protected by international copyright laws. Knowledge of the
     10          *              source code may not be used to write a similar product. This file may
     11          *              only be used in accordance with a license and should not be redistributed
     12          *              in any way. We appreciate your understanding and fairness.
     13          *
     14          ----------------------------------------------------------------------
     15          File        : LISTBOX_ItemSpacing.c
     16          Purpose     : Implementation of LISTBOX_SetItemSpacing & LISTBOX_GetItemSpacing
     17          ---------------------------END-OF-HEADER------------------------------
     18          */
     19          
     20          #include <string.h>
     21          #include "LISTBOX_Private.h"
     22          
     23          #if GUI_WINSUPPORT
     24          
     25          /*********************************************************************
     26          *
     27          *       Public routines
     28          *
     29          **********************************************************************
     30          */
     31          
     32          /*********************************************************************
     33          *
     34          *       LISTBOX_SetItemSpacing
     35          */

   \                                 In section .text, align 2, keep-with-next
     36          void LISTBOX_SetItemSpacing(LISTBOX_Handle hObj, unsigned Value) {
   \                     LISTBOX_SetItemSpacing: (+1)
   \   00000000   0xB538             PUSH     {R3-R5,LR}
   \   00000002   0x4604             MOV      R4,R0
   \   00000004   0x460D             MOV      R5,R1
     37            if (hObj) {
   \   00000006   0x2C00             CMP      R4,#+0
   \   00000008   0xD00A             BEQ.N    ??LISTBOX_SetItemSpacing_0
     38              LISTBOX_Obj* pObj;
     39              WM_LOCK();
     40              pObj = LISTBOX_H2P(hObj);
   \   0000000A   0x.... 0x....      BL       GUI_ALLOC_h2p
     41              ASSERT_IS_VALID_PTR(pObj);
     42              pObj->ItemSpacing = Value;
   \   0000000E   0xF8A0 0x5076      STRH     R5,[R0, #+118]
     43              LISTBOX_InvalidateItem(hObj, LISTBOX_ALL_ITEMS);
   \   00000012   0xF04F 0x31FF      MOV      R1,#-1
   \   00000016   0x4620             MOV      R0,R4
   \   00000018   0xE8BD 0x4034      POP      {R2,R4,R5,LR}
   \   0000001C   0x.... 0x....      B.W      LISTBOX_InvalidateItem
     44              WM_UNLOCK();
     45            }
     46          }
   \                     ??LISTBOX_SetItemSpacing_0: (+1)
   \   00000020   0xBD31             POP      {R0,R4,R5,PC}    ;; return
     47          
     48          /*********************************************************************
     49          *
     50          *       LISTBOX_GetItemSpacing
     51          */

   \                                 In section .text, align 2, keep-with-next
     52          unsigned LISTBOX_GetItemSpacing(LISTBOX_Handle hObj) {
   \                     LISTBOX_GetItemSpacing: (+1)
   \   00000000   0x4601             MOV      R1,R0
     53            unsigned Value = 0;
   \   00000002   0x2000             MOVS     R0,#+0
     54            if (hObj) {
   \   00000004   0x2900             CMP      R1,#+0
   \   00000006   0xD100             BNE.N    ??LISTBOX_GetItemSpacing_0
   \   00000008   0x4770             BX       LR
     55              LISTBOX_Obj* pObj;
     56              WM_LOCK();
     57              pObj = LISTBOX_H2P(hObj);
   \                     ??LISTBOX_GetItemSpacing_0: (+1)
   \   0000000A   0xB580             PUSH     {R7,LR}
   \   0000000C   0x4608             MOV      R0,R1
   \   0000000E   0x.... 0x....      BL       GUI_ALLOC_h2p
     58              ASSERT_IS_VALID_PTR(pObj);
     59              Value = pObj->ItemSpacing;
   \   00000012   0xF8B0 0x0076      LDRH     R0,[R0, #+118]
     60              WM_UNLOCK();
     61            }
     62            return Value;
   \   00000016   0xBD02             POP      {R1,PC}          ;; return
     63          }
     64          
     65          #else                            /* Avoid problems with empty object modules */
     66            void LISTBOX_SetItemSpacing_C(void);
     67            void LISTBOX_SetItemSpacing_C(void) {}
     68          #endif

   Maximum stack usage in bytes:

   .cstack Function
   ------- --------
       8   LISTBOX_GetItemSpacing
         8   -> GUI_ALLOC_h2p
      16   LISTBOX_SetItemSpacing
        16   -> GUI_ALLOC_h2p
         0   -> LISTBOX_InvalidateItem


   Section sizes:

   Bytes  Function/Label
   -----  --------------
      24  LISTBOX_GetItemSpacing
      34  LISTBOX_SetItemSpacing

 
 58 bytes in section .text
 
 58 bytes of CODE memory

Errors: none
Warnings: none
