###############################################################################
#
# IAR ANSI C/C++ Compiler V7.10.1.6676/W32 for ARM        18/Jul/2019  10:59:10
# Copyright 1999-2014 IAR Systems AB.
#
#    Cpu mode     =  thumb
#    Endian       =  little
#    Source file  =  
#        E:\DLP_Proj\DLP_source\branches\DLP_opensource\Middlewares\gui\GUI\Widget\LISTBOX_SetString.c
#    Command line =  
#        E:\DLP_Proj\DLP_source\branches\DLP_opensource\Middlewares\gui\GUI\Widget\LISTBOX_SetString.c
#        -D USE_HAL_DRIVER -D STM32F407xx -D STM32F40_41xxx -D USE_HAL_LIB -D
#        MKS_DLP_BOARD -D TFT35 -lC
#        E:\DLP_Proj\DLP_source\branches\DLP_opensource\EWARM\mksDLP/List\ -lA
#        E:\DLP_Proj\DLP_source\branches\DLP_opensource\EWARM\mksDLP/List\
#        --diag_suppress Pa050 -o
#        E:\DLP_Proj\DLP_source\branches\DLP_opensource\EWARM\mksDLP/Obj\
#        --no_unroll --no_inline --no_tbaa --no_scheduling --debug
#        --endian=little --cpu=Cortex-M4F -e --char_is_signed --fpu=VFPv4_sp
#        --dlib_config "C:\Program Files (x86)\IAR Systems\Embedded Workbench
#        7.0\arm\INC\c\DLib_Config_Full.h" -I
#        E:\DLP_Proj\DLP_source\branches\DLP_opensource\EWARM/../Inc\ -I
#        E:\DLP_Proj\DLP_source\branches\DLP_opensource\EWARM/../Src\ -I
#        E:\DLP_Proj\DLP_source\branches\DLP_opensource\EWARM/../Drivers/STM32F4xx_HAL_Driver/Inc\
#        -I
#        E:\DLP_Proj\DLP_source\branches\DLP_opensource\EWARM/../Drivers/STM32F4xx_HAL_Driver/Inc/Legacy\
#        -I
#        E:\DLP_Proj\DLP_source\branches\DLP_opensource\EWARM/../Middlewares/Third_Party/FatFs/src/drivers\
#        -I
#        E:\DLP_Proj\DLP_source\branches\DLP_opensource\EWARM/../Middlewares/ST/STM32_USB_Host_Library/Core/Inc\
#        -I
#        E:\DLP_Proj\DLP_source\branches\DLP_opensource\EWARM/../Middlewares/ST/STM32_USB_Host_Library/Class/MSC/Inc\
#        -I
#        E:\DLP_Proj\DLP_source\branches\DLP_opensource\EWARM/../Drivers/CMSIS/Device/ST/STM32F4xx/Include\
#        -I
#        E:\DLP_Proj\DLP_source\branches\DLP_opensource\EWARM/../Middlewares/Third_Party/FatFs/src\
#        -I
#        E:\DLP_Proj\DLP_source\branches\DLP_opensource\EWARM/../Middlewares/Third_Party/Marlin\
#        -I
#        E:\DLP_Proj\DLP_source\branches\DLP_opensource\EWARM/../Drivers/CMSIS/Include\
#        -I
#        E:\DLP_Proj\DLP_source\branches\DLP_opensource\EWARM/../Drivers/BSP/variant\
#        -I
#        E:\DLP_Proj\DLP_source\branches\DLP_opensource\EWARM/../Drivers/BSP/Components/at24cxx\
#        -I
#        E:\DLP_Proj\DLP_source\branches\DLP_opensource\EWARM/../Drivers/BSP/Components/w25qxx\
#        -I
#        E:\DLP_Proj\DLP_source\branches\DLP_opensource\EWARM/../Drivers/BSP/Components/ssd2828\
#        -I
#        E:\DLP_Proj\DLP_source\branches\DLP_opensource\EWARM/../Drivers/BSP/Components/lcd\
#        -I
#        E:\DLP_Proj\DLP_source\branches\DLP_opensource\EWARM/../Drivers/libstmf4\
#        -I
#        E:\DLP_Proj\DLP_source\branches\DLP_opensource\EWARM/../Drivers/libstmf4/include\
#        -I
#        E:\DLP_Proj\DLP_source\branches\DLP_opensource\EWARM/../Middlewares/arduino/stm32/cores/arduino\
#        -I
#        E:\DLP_Proj\DLP_source\branches\DLP_opensource\EWARM/../Middlewares/gui\
#        -I
#        E:\DLP_Proj\DLP_source\branches\DLP_opensource\EWARM/../Middlewares/gui/GUI/ConvertColor\
#        -I
#        E:\DLP_Proj\DLP_source\branches\DLP_opensource\EWARM/../Middlewares/gui/GUI/ConvertMono\
#        -I
#        E:\DLP_Proj\DLP_source\branches\DLP_opensource\EWARM/../Middlewares/gui/GUI/Core\
#        -I
#        E:\DLP_Proj\DLP_source\branches\DLP_opensource\EWARM/../Middlewares/gui/GUI/Font\
#        -I
#        E:\DLP_Proj\DLP_source\branches\DLP_opensource\EWARM/../Middlewares/gui/AntiAlias\
#        -I
#        E:\DLP_Proj\DLP_source\branches\DLP_opensource\EWARM/../Middlewares/gui/GUI/GUIDemo\
#        -I
#        E:\DLP_Proj\DLP_source\branches\DLP_opensource\EWARM/../Middlewares/gui/GUI/LCDDriver\
#        -I
#        E:\DLP_Proj\DLP_source\branches\DLP_opensource\EWARM/../Middlewares/gui/GUI/MemDev\
#        -I
#        E:\DLP_Proj\DLP_source\branches\DLP_opensource\EWARM/../Middlewares/gui/GUI/MultiLayer\
#        -I
#        E:\DLP_Proj\DLP_source\branches\DLP_opensource\EWARM/../Middlewares/gui/GUI/Widget\
#        -I
#        E:\DLP_Proj\DLP_source\branches\DLP_opensource\EWARM/../Middlewares/gui/GUI/WM\
#        -I
#        E:\DLP_Proj\DLP_source\branches\DLP_opensource\EWARM/../Middlewares/gui/GUI_X\
#        -I
#        E:\DLP_Proj\DLP_source\branches\DLP_opensource\EWARM/../Middlewares/gui/Config\
#        -I E:\DLP_Proj\DLP_source\branches\DLP_opensource\EWARM/../User/ui\ -I
#        E:\DLP_Proj\DLP_source\branches\DLP_opensource\EWARM/../User/ui/Multi_language\
#        -I
#        E:\DLP_Proj\DLP_source\branches\DLP_opensource\EWARM/../User/ui/QRENCODE\
#        -Om --use_c++_inline -I "C:\Program Files (x86)\IAR Systems\Embedded
#        Workbench 7.0\arm\CMSIS\Include\"
#    List file    =  
#        E:\DLP_Proj\DLP_source\branches\DLP_opensource\EWARM\mksDLP/List\LISTBOX_SetString.lst
#    Object file  =  
#        E:\DLP_Proj\DLP_source\branches\DLP_opensource\EWARM\mksDLP/Obj\LISTBOX_SetString.o
#
###############################################################################

E:\DLP_Proj\DLP_source\branches\DLP_opensource\Middlewares\gui\GUI\Widget\LISTBOX_SetString.c
      1          /*
      2          *********************************************************************************************************
      3          *                                                uC/GUI
      4          *                        Universal graphic software for embedded applications
      5          *
      6          *                       (c) Copyright 2002, Micrium Inc., Weston, FL
      7          *                       (c) Copyright 2002, SEGGER Microcontroller Systeme GmbH
      8          *
      9          *              µC/GUI is protected by international copyright laws. Knowledge of the
     10          *              source code may not be used to write a similar product. This file may
     11          *              only be used in accordance with a license and should not be redistributed
     12          *              in any way. We appreciate your understanding and fairness.
     13          *
     14          ----------------------------------------------------------------------
     15          File        : LISTBOX_SetString.c
     16          Purpose     : Implementation of LISTBOX_SetString
     17          ---------------------------END-OF-HEADER------------------------------
     18          */
     19          
     20          #include <string.h>
     21          #include "LISTBOX_Private.h"
     22          
     23          
     24          #if GUI_WINSUPPORT
     25          
     26          
     27          /*********************************************************************
     28          *
     29          *       Public routines
     30          *
     31          **********************************************************************
     32          */
     33          /*********************************************************************
     34          *
     35          *       LISTBOX_SetString
     36          */

   \                                 In section .text, align 2, keep-with-next
     37          void LISTBOX_SetString(LISTBOX_Handle hObj, const char* s, unsigned int Index) {
   \                     LISTBOX_SetString: (+1)
   \   00000000   0xB5F8             PUSH     {R3-R7,LR}
   \   00000002   0x4604             MOV      R4,R0
   \   00000004   0x460D             MOV      R5,R1
   \   00000006   0x4616             MOV      R6,R2
     38            if (hObj) {
   \   00000008   0x2C00             CMP      R4,#+0
   \   0000000A   0xD023             BEQ.N    ??LISTBOX_SetString_0
     39              LISTBOX_Obj* pObj;
     40              WM_LOCK();
     41              pObj = LISTBOX_H2P(hObj);
   \   0000000C   0x.... 0x....      BL       GUI_ALLOC_h2p
   \   00000010   0x4607             MOV      R7,R0
     42              if (Index < (unsigned int)LISTBOX__GetNumItems(pObj)) {
   \   00000012   0x.... 0x....      BL       LISTBOX__GetNumItems
   \   00000016   0x4286             CMP      R6,R0
   \   00000018   0xD21C             BCS.N    ??LISTBOX_SetString_0
     43                LISTBOX_ITEM* pItem;
     44                pItem = (LISTBOX_ITEM*)GUI_ARRAY_ResizeItem(&pObj->ItemArray, Index, sizeof(LISTBOX_ITEM) + strlen(s));
   \   0000001A   0x4628             MOV      R0,R5
   \   0000001C   0x.... 0x....      BL       strlen
   \   00000020   0x1D82             ADDS     R2,R0,#+6
   \   00000022   0x4631             MOV      R1,R6
   \   00000024   0xF107 0x0028      ADD      R0,R7,#+40
   \   00000028   0x.... 0x....      BL       GUI_ARRAY_ResizeItem
     45                if (pItem) {
   \   0000002C   0x2800             CMP      R0,#+0
   \   0000002E   0xD011             BEQ.N    ??LISTBOX_SetString_0
     46                  strcpy(pItem->acText, s);
   \   00000030   0x4629             MOV      R1,R5
   \   00000032   0x1D40             ADDS     R0,R0,#+5
   \   00000034   0x.... 0x....      BL       strcpy
     47                  LISTBOX__InvalidateItemSize(pObj, Index);
   \   00000038   0x4631             MOV      R1,R6
   \   0000003A   0x4638             MOV      R0,R7
   \   0000003C   0x.... 0x....      BL       LISTBOX__InvalidateItemSize
     48                  LISTBOX_UpdateScrollers(hObj);
   \   00000040   0x4620             MOV      R0,R4
   \   00000042   0x.... 0x....      BL       LISTBOX_UpdateScrollers
     49                  LISTBOX__InvalidateItem(hObj, pObj, Index);
   \   00000046   0x4632             MOV      R2,R6
   \   00000048   0x4639             MOV      R1,R7
   \   0000004A   0x4620             MOV      R0,R4
   \   0000004C   0xE8BD 0x40F8      POP      {R3-R7,LR}
   \   00000050   0x.... 0x....      B.W      LISTBOX__InvalidateItem
     50                }
     51              }
     52              WM_UNLOCK();
     53            }
     54          }
   \                     ??LISTBOX_SetString_0: (+1)
   \   00000054   0xBDF1             POP      {R0,R4-R7,PC}    ;; return
     55          
     56          
     57          #else                            /* Avoid problems with empty object modules */
     58            void LISTBOX_SetString_C(void) {}
     59          #endif

   Maximum stack usage in bytes:

   .cstack Function
   ------- --------
      24   LISTBOX_SetString
        24   -> GUI_ALLOC_h2p
        24   -> GUI_ARRAY_ResizeItem
        24   -> LISTBOX_UpdateScrollers
        24   -> LISTBOX__GetNumItems
         0   -> LISTBOX__InvalidateItem
        24   -> LISTBOX__InvalidateItemSize
        24   -> strcpy
        24   -> strlen


   Section sizes:

   Bytes  Function/Label
   -----  --------------
      86  LISTBOX_SetString

 
 86 bytes in section .text
 
 86 bytes of CODE memory

Errors: none
Warnings: none
