###############################################################################
#
# IAR ANSI C/C++ Compiler V7.10.1.6676/W32 for ARM        18/Jul/2019  10:59:15
# Copyright 1999-2014 IAR Systems AB.
#
#    Cpu mode     =  thumb
#    Endian       =  little
#    Source file  =  
#        E:\DLP_Proj\DLP_source\branches\DLP_opensource\Middlewares\gui\GUI\Widget\MENU__FindItem.c
#    Command line =  
#        E:\DLP_Proj\DLP_source\branches\DLP_opensource\Middlewares\gui\GUI\Widget\MENU__FindItem.c
#        -D USE_HAL_DRIVER -D STM32F407xx -D STM32F40_41xxx -D USE_HAL_LIB -D
#        MKS_DLP_BOARD -D TFT35 -lC
#        E:\DLP_Proj\DLP_source\branches\DLP_opensource\EWARM\mksDLP/List\ -lA
#        E:\DLP_Proj\DLP_source\branches\DLP_opensource\EWARM\mksDLP/List\
#        --diag_suppress Pa050 -o
#        E:\DLP_Proj\DLP_source\branches\DLP_opensource\EWARM\mksDLP/Obj\
#        --no_unroll --no_inline --no_tbaa --no_scheduling --debug
#        --endian=little --cpu=Cortex-M4F -e --char_is_signed --fpu=VFPv4_sp
#        --dlib_config "C:\Program Files (x86)\IAR Systems\Embedded Workbench
#        7.0\arm\INC\c\DLib_Config_Full.h" -I
#        E:\DLP_Proj\DLP_source\branches\DLP_opensource\EWARM/../Inc\ -I
#        E:\DLP_Proj\DLP_source\branches\DLP_opensource\EWARM/../Src\ -I
#        E:\DLP_Proj\DLP_source\branches\DLP_opensource\EWARM/../Drivers/STM32F4xx_HAL_Driver/Inc\
#        -I
#        E:\DLP_Proj\DLP_source\branches\DLP_opensource\EWARM/../Drivers/STM32F4xx_HAL_Driver/Inc/Legacy\
#        -I
#        E:\DLP_Proj\DLP_source\branches\DLP_opensource\EWARM/../Middlewares/Third_Party/FatFs/src/drivers\
#        -I
#        E:\DLP_Proj\DLP_source\branches\DLP_opensource\EWARM/../Middlewares/ST/STM32_USB_Host_Library/Core/Inc\
#        -I
#        E:\DLP_Proj\DLP_source\branches\DLP_opensource\EWARM/../Middlewares/ST/STM32_USB_Host_Library/Class/MSC/Inc\
#        -I
#        E:\DLP_Proj\DLP_source\branches\DLP_opensource\EWARM/../Drivers/CMSIS/Device/ST/STM32F4xx/Include\
#        -I
#        E:\DLP_Proj\DLP_source\branches\DLP_opensource\EWARM/../Middlewares/Third_Party/FatFs/src\
#        -I
#        E:\DLP_Proj\DLP_source\branches\DLP_opensource\EWARM/../Middlewares/Third_Party/Marlin\
#        -I
#        E:\DLP_Proj\DLP_source\branches\DLP_opensource\EWARM/../Drivers/CMSIS/Include\
#        -I
#        E:\DLP_Proj\DLP_source\branches\DLP_opensource\EWARM/../Drivers/BSP/variant\
#        -I
#        E:\DLP_Proj\DLP_source\branches\DLP_opensource\EWARM/../Drivers/BSP/Components/at24cxx\
#        -I
#        E:\DLP_Proj\DLP_source\branches\DLP_opensource\EWARM/../Drivers/BSP/Components/w25qxx\
#        -I
#        E:\DLP_Proj\DLP_source\branches\DLP_opensource\EWARM/../Drivers/BSP/Components/ssd2828\
#        -I
#        E:\DLP_Proj\DLP_source\branches\DLP_opensource\EWARM/../Drivers/BSP/Components/lcd\
#        -I
#        E:\DLP_Proj\DLP_source\branches\DLP_opensource\EWARM/../Drivers/libstmf4\
#        -I
#        E:\DLP_Proj\DLP_source\branches\DLP_opensource\EWARM/../Drivers/libstmf4/include\
#        -I
#        E:\DLP_Proj\DLP_source\branches\DLP_opensource\EWARM/../Middlewares/arduino/stm32/cores/arduino\
#        -I
#        E:\DLP_Proj\DLP_source\branches\DLP_opensource\EWARM/../Middlewares/gui\
#        -I
#        E:\DLP_Proj\DLP_source\branches\DLP_opensource\EWARM/../Middlewares/gui/GUI/ConvertColor\
#        -I
#        E:\DLP_Proj\DLP_source\branches\DLP_opensource\EWARM/../Middlewares/gui/GUI/ConvertMono\
#        -I
#        E:\DLP_Proj\DLP_source\branches\DLP_opensource\EWARM/../Middlewares/gui/GUI/Core\
#        -I
#        E:\DLP_Proj\DLP_source\branches\DLP_opensource\EWARM/../Middlewares/gui/GUI/Font\
#        -I
#        E:\DLP_Proj\DLP_source\branches\DLP_opensource\EWARM/../Middlewares/gui/AntiAlias\
#        -I
#        E:\DLP_Proj\DLP_source\branches\DLP_opensource\EWARM/../Middlewares/gui/GUI/GUIDemo\
#        -I
#        E:\DLP_Proj\DLP_source\branches\DLP_opensource\EWARM/../Middlewares/gui/GUI/LCDDriver\
#        -I
#        E:\DLP_Proj\DLP_source\branches\DLP_opensource\EWARM/../Middlewares/gui/GUI/MemDev\
#        -I
#        E:\DLP_Proj\DLP_source\branches\DLP_opensource\EWARM/../Middlewares/gui/GUI/MultiLayer\
#        -I
#        E:\DLP_Proj\DLP_source\branches\DLP_opensource\EWARM/../Middlewares/gui/GUI/Widget\
#        -I
#        E:\DLP_Proj\DLP_source\branches\DLP_opensource\EWARM/../Middlewares/gui/GUI/WM\
#        -I
#        E:\DLP_Proj\DLP_source\branches\DLP_opensource\EWARM/../Middlewares/gui/GUI_X\
#        -I
#        E:\DLP_Proj\DLP_source\branches\DLP_opensource\EWARM/../Middlewares/gui/Config\
#        -I E:\DLP_Proj\DLP_source\branches\DLP_opensource\EWARM/../User/ui\ -I
#        E:\DLP_Proj\DLP_source\branches\DLP_opensource\EWARM/../User/ui/Multi_language\
#        -I
#        E:\DLP_Proj\DLP_source\branches\DLP_opensource\EWARM/../User/ui/QRENCODE\
#        -Om --use_c++_inline -I "C:\Program Files (x86)\IAR Systems\Embedded
#        Workbench 7.0\arm\CMSIS\Include\"
#    List file    =  
#        E:\DLP_Proj\DLP_source\branches\DLP_opensource\EWARM\mksDLP/List\MENU__FindItem.lst
#    Object file  =  
#        E:\DLP_Proj\DLP_source\branches\DLP_opensource\EWARM\mksDLP/Obj\MENU__FindItem.o
#
###############################################################################

E:\DLP_Proj\DLP_source\branches\DLP_opensource\Middlewares\gui\GUI\Widget\MENU__FindItem.c
      1          /*
      2          *********************************************************************************************************
      3          *                                                uC/GUI
      4          *                        Universal graphic software for embedded applications
      5          *
      6          *                       (c) Copyright 2002, Micrium Inc., Weston, FL
      7          *                       (c) Copyright 2002, SEGGER Microcontroller Systeme GmbH
      8          *
      9          *              µC/GUI is protected by international copyright laws. Knowledge of the
     10          *              source code may not be used to write a similar product. This file may
     11          *              only be used in accordance with a license and should not be redistributed
     12          *              in any way. We appreciate your understanding and fairness.
     13          *
     14          ----------------------------------------------------------------------
     15          File        : MENU__FindItem.c
     16          Purpose     : Implementation of menu widget
     17          ---------------------------END-OF-HEADER------------------------------
     18          */
     19          
     20          #include "MENU.h"
     21          #include "MENU_Private.h"
     22          
     23          #if GUI_WINSUPPORT
     24          
     25          /*********************************************************************
     26          *
     27          *       Public code
     28          *
     29          **********************************************************************
     30          */
     31          /*********************************************************************
     32          *
     33          *       MENU__FindItem
     34          */

   \                                 In section .text, align 2, keep-with-next
     35          int MENU__FindItem(MENU_Handle hObj, U16 ItemId, MENU_Handle* phMenu) {
   \                     MENU__FindItem: (+1)
   \   00000000   0xE92D 0x47F0      PUSH     {R4-R10,LR}
   \   00000004   0x4604             MOV      R4,R0
   \   00000006   0x460D             MOV      R5,R1
   \   00000008   0x4616             MOV      R6,R2
     36            int ItemIndex = -1;
   \   0000000A   0xF04F 0x39FF      MOV      R9,#-1
     37            MENU_Obj* pObj;
     38            pObj = MENU_H2P(hObj);
   \   0000000E   0x.... 0x....      BL       GUI_ALLOC_h2p
   \   00000012   0x0007             MOVS     R7,R0
     39            if (pObj) {
   \   00000014   0xD020             BEQ.N    ??MENU__FindItem_0
     40              MENU_ITEM* pItem;
     41              unsigned NumItems, i;
     42              NumItems = MENU__GetNumItems(pObj);
   \   00000016   0x.... 0x....      BL       MENU__GetNumItems
   \   0000001A   0x4680             MOV      R8,R0
     43              for (i = 0; (i < NumItems) && (ItemIndex < 0); i++) {
   \   0000001C   0xF04F 0x0A00      MOV      R10,#+0
   \   00000020   0xE00A             B.N      ??MENU__FindItem_1
     44                pItem = (MENU_ITEM*)GUI_ARRAY_GetpItem(&pObj->ItemArray, i);
     45                if (pItem->Id == ItemId) {
     46                  *phMenu   = hObj;
     47                  ItemIndex = i;
     48                } else if (pItem->hSubmenu) {
   \                     ??MENU__FindItem_2: (+1)
   \   00000022   0xF9B0 0x0000      LDRSH    R0,[R0, #+0]
   \   00000026   0x2800             CMP      R0,#+0
   \   00000028   0xD004             BEQ.N    ??MENU__FindItem_3
     49                  ItemIndex = MENU__FindItem(pItem->hSubmenu, ItemId, phMenu);
   \   0000002A   0x4632             MOV      R2,R6
   \   0000002C   0x4629             MOV      R1,R5
   \   0000002E   0xF7FF 0xFFE7      BL       MENU__FindItem
   \   00000032   0x4681             MOV      R9,R0
     50                }
   \                     ??MENU__FindItem_3: (+1)
   \   00000034   0xF10A 0x0A01      ADD      R10,R10,#+1
   \                     ??MENU__FindItem_1: (+1)
   \   00000038   0x45C2             CMP      R10,R8
   \   0000003A   0xD20D             BCS.N    ??MENU__FindItem_0
   \   0000003C   0xF1B9 0x0F00      CMP      R9,#+0
   \   00000040   0xD50A             BPL.N    ??MENU__FindItem_0
   \   00000042   0x4651             MOV      R1,R10
   \   00000044   0xF107 0x0058      ADD      R0,R7,#+88
   \   00000048   0x.... 0x....      BL       GUI_ARRAY_GetpItem
   \   0000004C   0x8841             LDRH     R1,[R0, #+2]
   \   0000004E   0x42A9             CMP      R1,R5
   \   00000050   0xD1E7             BNE.N    ??MENU__FindItem_2
   \   00000052   0x8034             STRH     R4,[R6, #+0]
   \   00000054   0x46D1             MOV      R9,R10
   \   00000056   0xE7ED             B.N      ??MENU__FindItem_3
     51              }
     52            }
     53            return ItemIndex;
   \                     ??MENU__FindItem_0: (+1)
   \   00000058   0x4648             MOV      R0,R9
   \   0000005A   0xE8BD 0x87F0      POP      {R4-R10,PC}      ;; return
     54          }
     55          
     56          #else  /* avoid empty object files */
     57            void MENU__FindItem_C(void) {}
     58          #endif
     59          
     60          /*************************** End of file ****************************/

   Maximum stack usage in bytes:

   .cstack Function
   ------- --------
      32   MENU__FindItem
        32   -> GUI_ALLOC_h2p
        32   -> GUI_ARRAY_GetpItem
        32   -> MENU__FindItem
        32   -> MENU__GetNumItems


   Section sizes:

   Bytes  Function/Label
   -----  --------------
      94  MENU__FindItem

 
 94 bytes in section .text
 
 94 bytes of CODE memory

Errors: none
Warnings: none
