###############################################################################
#
# IAR ANSI C/C++ Compiler V7.10.1.6676/W32 for ARM        18/Jul/2019  10:59:19
# Copyright 1999-2014 IAR Systems AB.
#
#    Cpu mode     =  thumb
#    Endian       =  little
#    Source file  =  
#        E:\DLP_Proj\DLP_source\branches\DLP_opensource\Middlewares\gui\GUI\Widget\MULTIPAGE_Default.c
#    Command line =  
#        E:\DLP_Proj\DLP_source\branches\DLP_opensource\Middlewares\gui\GUI\Widget\MULTIPAGE_Default.c
#        -D USE_HAL_DRIVER -D STM32F407xx -D STM32F40_41xxx -D USE_HAL_LIB -D
#        MKS_DLP_BOARD -D TFT35 -lC
#        E:\DLP_Proj\DLP_source\branches\DLP_opensource\EWARM\mksDLP/List\ -lA
#        E:\DLP_Proj\DLP_source\branches\DLP_opensource\EWARM\mksDLP/List\
#        --diag_suppress Pa050 -o
#        E:\DLP_Proj\DLP_source\branches\DLP_opensource\EWARM\mksDLP/Obj\
#        --no_unroll --no_inline --no_tbaa --no_scheduling --debug
#        --endian=little --cpu=Cortex-M4F -e --char_is_signed --fpu=VFPv4_sp
#        --dlib_config "C:\Program Files (x86)\IAR Systems\Embedded Workbench
#        7.0\arm\INC\c\DLib_Config_Full.h" -I
#        E:\DLP_Proj\DLP_source\branches\DLP_opensource\EWARM/../Inc\ -I
#        E:\DLP_Proj\DLP_source\branches\DLP_opensource\EWARM/../Src\ -I
#        E:\DLP_Proj\DLP_source\branches\DLP_opensource\EWARM/../Drivers/STM32F4xx_HAL_Driver/Inc\
#        -I
#        E:\DLP_Proj\DLP_source\branches\DLP_opensource\EWARM/../Drivers/STM32F4xx_HAL_Driver/Inc/Legacy\
#        -I
#        E:\DLP_Proj\DLP_source\branches\DLP_opensource\EWARM/../Middlewares/Third_Party/FatFs/src/drivers\
#        -I
#        E:\DLP_Proj\DLP_source\branches\DLP_opensource\EWARM/../Middlewares/ST/STM32_USB_Host_Library/Core/Inc\
#        -I
#        E:\DLP_Proj\DLP_source\branches\DLP_opensource\EWARM/../Middlewares/ST/STM32_USB_Host_Library/Class/MSC/Inc\
#        -I
#        E:\DLP_Proj\DLP_source\branches\DLP_opensource\EWARM/../Drivers/CMSIS/Device/ST/STM32F4xx/Include\
#        -I
#        E:\DLP_Proj\DLP_source\branches\DLP_opensource\EWARM/../Middlewares/Third_Party/FatFs/src\
#        -I
#        E:\DLP_Proj\DLP_source\branches\DLP_opensource\EWARM/../Middlewares/Third_Party/Marlin\
#        -I
#        E:\DLP_Proj\DLP_source\branches\DLP_opensource\EWARM/../Drivers/CMSIS/Include\
#        -I
#        E:\DLP_Proj\DLP_source\branches\DLP_opensource\EWARM/../Drivers/BSP/variant\
#        -I
#        E:\DLP_Proj\DLP_source\branches\DLP_opensource\EWARM/../Drivers/BSP/Components/at24cxx\
#        -I
#        E:\DLP_Proj\DLP_source\branches\DLP_opensource\EWARM/../Drivers/BSP/Components/w25qxx\
#        -I
#        E:\DLP_Proj\DLP_source\branches\DLP_opensource\EWARM/../Drivers/BSP/Components/ssd2828\
#        -I
#        E:\DLP_Proj\DLP_source\branches\DLP_opensource\EWARM/../Drivers/BSP/Components/lcd\
#        -I
#        E:\DLP_Proj\DLP_source\branches\DLP_opensource\EWARM/../Drivers/libstmf4\
#        -I
#        E:\DLP_Proj\DLP_source\branches\DLP_opensource\EWARM/../Drivers/libstmf4/include\
#        -I
#        E:\DLP_Proj\DLP_source\branches\DLP_opensource\EWARM/../Middlewares/arduino/stm32/cores/arduino\
#        -I
#        E:\DLP_Proj\DLP_source\branches\DLP_opensource\EWARM/../Middlewares/gui\
#        -I
#        E:\DLP_Proj\DLP_source\branches\DLP_opensource\EWARM/../Middlewares/gui/GUI/ConvertColor\
#        -I
#        E:\DLP_Proj\DLP_source\branches\DLP_opensource\EWARM/../Middlewares/gui/GUI/ConvertMono\
#        -I
#        E:\DLP_Proj\DLP_source\branches\DLP_opensource\EWARM/../Middlewares/gui/GUI/Core\
#        -I
#        E:\DLP_Proj\DLP_source\branches\DLP_opensource\EWARM/../Middlewares/gui/GUI/Font\
#        -I
#        E:\DLP_Proj\DLP_source\branches\DLP_opensource\EWARM/../Middlewares/gui/AntiAlias\
#        -I
#        E:\DLP_Proj\DLP_source\branches\DLP_opensource\EWARM/../Middlewares/gui/GUI/GUIDemo\
#        -I
#        E:\DLP_Proj\DLP_source\branches\DLP_opensource\EWARM/../Middlewares/gui/GUI/LCDDriver\
#        -I
#        E:\DLP_Proj\DLP_source\branches\DLP_opensource\EWARM/../Middlewares/gui/GUI/MemDev\
#        -I
#        E:\DLP_Proj\DLP_source\branches\DLP_opensource\EWARM/../Middlewares/gui/GUI/MultiLayer\
#        -I
#        E:\DLP_Proj\DLP_source\branches\DLP_opensource\EWARM/../Middlewares/gui/GUI/Widget\
#        -I
#        E:\DLP_Proj\DLP_source\branches\DLP_opensource\EWARM/../Middlewares/gui/GUI/WM\
#        -I
#        E:\DLP_Proj\DLP_source\branches\DLP_opensource\EWARM/../Middlewares/gui/GUI_X\
#        -I
#        E:\DLP_Proj\DLP_source\branches\DLP_opensource\EWARM/../Middlewares/gui/Config\
#        -I E:\DLP_Proj\DLP_source\branches\DLP_opensource\EWARM/../User/ui\ -I
#        E:\DLP_Proj\DLP_source\branches\DLP_opensource\EWARM/../User/ui/Multi_language\
#        -I
#        E:\DLP_Proj\DLP_source\branches\DLP_opensource\EWARM/../User/ui/QRENCODE\
#        -Om --use_c++_inline -I "C:\Program Files (x86)\IAR Systems\Embedded
#        Workbench 7.0\arm\CMSIS\Include\"
#    List file    =  
#        E:\DLP_Proj\DLP_source\branches\DLP_opensource\EWARM\mksDLP/List\MULTIPAGE_Default.lst
#    Object file  =  
#        E:\DLP_Proj\DLP_source\branches\DLP_opensource\EWARM\mksDLP/Obj\MULTIPAGE_Default.o
#
###############################################################################

E:\DLP_Proj\DLP_source\branches\DLP_opensource\Middlewares\gui\GUI\Widget\MULTIPAGE_Default.c
      1          /*
      2          *********************************************************************************************************
      3          *                                                uC/GUI
      4          *                        Universal graphic software for embedded applications
      5          *
      6          *                       (c) Copyright 2002, Micrium Inc., Weston, FL
      7          *                       (c) Copyright 2002, SEGGER Microcontroller Systeme GmbH
      8          *
      9          *              µC/GUI is protected by international copyright laws. Knowledge of the
     10          *              source code may not be used to write a similar product. This file may
     11          *              only be used in accordance with a license and should not be redistributed
     12          *              in any way. We appreciate your understanding and fairness.
     13          *
     14          ----------------------------------------------------------------------
     15          File        : MULTIPAGE_Default.c
     16          Purpose     : Implementation of MULTIPAGE widget
     17          ---------------------------END-OF-HEADER------------------------------
     18          */
     19          
     20          #include "MULTIPAGE_Private.h"
     21          
     22          #if GUI_WINSUPPORT
     23          
     24          /*********************************************************************
     25          *
     26          *       Exported code
     27          *
     28          **********************************************************************
     29          */
     30          /*********************************************************************
     31          *
     32          *       MULTIPAGE_GetDefaultAlign
     33          */

   \                                 In section .text, align 2, keep-with-next
     34          unsigned MULTIPAGE_GetDefaultAlign(void) {
     35            return MULTIPAGE__DefaultAlign;
   \                     MULTIPAGE_GetDefaultAlign: (+1)
   \   00000000   0x....             LDR.N    R0,??DataTable7
   \   00000002   0x6800             LDR      R0,[R0, #+0]
   \   00000004   0x4770             BX       LR               ;; return
     36          }
     37          
     38          /*********************************************************************
     39          *
     40          *       MULTIPAGE_GetDefaultBkColor
     41          */

   \                                 In section .text, align 2, keep-with-next
     42          GUI_COLOR MULTIPAGE_GetDefaultBkColor(unsigned Index) {
     43            GUI_COLOR Color = GUI_INVALID_COLOR;
   \                     MULTIPAGE_GetDefaultBkColor: (+1)
   \   00000000   0xF06F 0x4170      MVN      R1,#-268435456
     44            if (Index < GUI_COUNTOF(MULTIPAGE__DefaultBkColor)) {
   \   00000004   0x2802             CMP      R0,#+2
   \   00000006   0xD202             BCS.N    ??MULTIPAGE_GetDefaultBkColor_0
     45              Color = MULTIPAGE__DefaultBkColor[Index];
   \   00000008   0x....             LDR.N    R1,??DataTable7_1
   \   0000000A   0xF851 0x1020      LDR      R1,[R1, R0, LSL #+2]
     46            }
     47            return Color;
   \                     ??MULTIPAGE_GetDefaultBkColor_0: (+1)
   \   0000000E   0x4608             MOV      R0,R1
   \   00000010   0x4770             BX       LR               ;; return
     48          }
     49          
     50          /*********************************************************************
     51          *
     52          *       MULTIPAGE_GetDefaultFont
     53          */

   \                                 In section .text, align 2, keep-with-next
     54          const GUI_FONT GUI_UNI_PTR * MULTIPAGE_GetDefaultFont(void) {
     55            return MULTIPAGE__pDefaultFont;
   \                     MULTIPAGE_GetDefaultFont: (+1)
   \   00000000   0x....             LDR.N    R0,??DataTable7_2
   \   00000002   0x6800             LDR      R0,[R0, #+0]
   \   00000004   0x4770             BX       LR               ;; return
     56          }
     57          
     58          /*********************************************************************
     59          *
     60          *       MULTIPAGE_GetDefaultTextColor
     61          */

   \                                 In section .text, align 2, keep-with-next
     62          GUI_COLOR MULTIPAGE_GetDefaultTextColor(unsigned Index) {
     63            GUI_COLOR Color = GUI_INVALID_COLOR;
   \                     MULTIPAGE_GetDefaultTextColor: (+1)
   \   00000000   0xF06F 0x4170      MVN      R1,#-268435456
     64            if (Index < GUI_COUNTOF(MULTIPAGE__DefaultTextColor)) {
   \   00000004   0x2802             CMP      R0,#+2
   \   00000006   0xD202             BCS.N    ??MULTIPAGE_GetDefaultTextColor_0
     65              Color = MULTIPAGE__DefaultTextColor[Index];
   \   00000008   0x....             LDR.N    R1,??DataTable7_3
   \   0000000A   0xF851 0x1020      LDR      R1,[R1, R0, LSL #+2]
     66            }
     67            return Color;
   \                     ??MULTIPAGE_GetDefaultTextColor_0: (+1)
   \   0000000E   0x4608             MOV      R0,R1
   \   00000010   0x4770             BX       LR               ;; return
     68          }
     69          
     70          /*********************************************************************
     71          *
     72          *       MULTIPAGE_SetDefaultAlign
     73          */

   \                                 In section .text, align 2, keep-with-next
     74          void MULTIPAGE_SetDefaultAlign(unsigned Align) {
     75            MULTIPAGE__DefaultAlign = Align;
   \                     MULTIPAGE_SetDefaultAlign: (+1)
   \   00000000   0x....             LDR.N    R1,??DataTable7
   \   00000002   0x6008             STR      R0,[R1, #+0]
     76          }
   \   00000004   0x4770             BX       LR               ;; return
     77          
     78          /*********************************************************************
     79          *
     80          *       MULTIPAGE_SetDefaultBkColor
     81          */

   \                                 In section .text, align 2, keep-with-next
     82          void MULTIPAGE_SetDefaultBkColor(GUI_COLOR Color, unsigned Index) {
     83            if (Index < GUI_COUNTOF(MULTIPAGE__DefaultBkColor)) {
   \                     MULTIPAGE_SetDefaultBkColor: (+1)
   \   00000000   0x2902             CMP      R1,#+2
   \   00000002   0xD202             BCS.N    ??MULTIPAGE_SetDefaultBkColor_0
     84              MULTIPAGE__DefaultBkColor[Index] = Color;
   \   00000004   0x....             LDR.N    R2,??DataTable7_1
   \   00000006   0xF842 0x0021      STR      R0,[R2, R1, LSL #+2]
     85            }
     86          }
   \                     ??MULTIPAGE_SetDefaultBkColor_0: (+1)
   \   0000000A   0x4770             BX       LR               ;; return
     87          
     88          /*********************************************************************
     89          *
     90          *       MULTIPAGE_SetDefaultFont
     91          */

   \                                 In section .text, align 2, keep-with-next
     92          void MULTIPAGE_SetDefaultFont(const GUI_FONT GUI_UNI_PTR * pFont) {
     93            MULTIPAGE__pDefaultFont = pFont;
   \                     MULTIPAGE_SetDefaultFont: (+1)
   \   00000000   0x....             LDR.N    R1,??DataTable7_2
   \   00000002   0x6008             STR      R0,[R1, #+0]
     94          }
   \   00000004   0x4770             BX       LR               ;; return
     95          
     96          /*********************************************************************
     97          *
     98          *       MULTIPAGE_SetDefaultTextColor
     99          */

   \                                 In section .text, align 2, keep-with-next
    100          void MULTIPAGE_SetDefaultTextColor(GUI_COLOR Color, unsigned Index) {
    101            if (Index < GUI_COUNTOF(MULTIPAGE__DefaultTextColor)) {
   \                     MULTIPAGE_SetDefaultTextColor: (+1)
   \   00000000   0x2902             CMP      R1,#+2
   \   00000002   0xD202             BCS.N    ??MULTIPAGE_SetDefaultTextColor_0
    102              MULTIPAGE__DefaultTextColor[Index] = Color;
   \   00000004   0x....             LDR.N    R2,??DataTable7_3
   \   00000006   0xF842 0x0021      STR      R0,[R2, R1, LSL #+2]
    103            }
    104          }
   \                     ??MULTIPAGE_SetDefaultTextColor_0: (+1)
   \   0000000A   0x4770             BX       LR               ;; return

   \                                 In section .text, align 4, keep-with-next
   \                     ??DataTable7:
   \   00000000   0x........         DC32     MULTIPAGE__DefaultAlign

   \                                 In section .text, align 4, keep-with-next
   \                     ??DataTable7_1:
   \   00000000   0x........         DC32     MULTIPAGE__DefaultBkColor

   \                                 In section .text, align 4, keep-with-next
   \                     ??DataTable7_2:
   \   00000000   0x........         DC32     MULTIPAGE__pDefaultFont

   \                                 In section .text, align 4, keep-with-next
   \                     ??DataTable7_3:
   \   00000000   0x........         DC32     MULTIPAGE__DefaultTextColor
    105          
    106          #else
    107            void MULTIPAGE_Default_C(void);
    108            void MULTIPAGE_Default_C(void) {} /* avoid empty object files */
    109          #endif

   Maximum stack usage in bytes:

   .cstack Function
   ------- --------
       0   MULTIPAGE_GetDefaultAlign
       0   MULTIPAGE_GetDefaultBkColor
       0   MULTIPAGE_GetDefaultFont
       0   MULTIPAGE_GetDefaultTextColor
       0   MULTIPAGE_SetDefaultAlign
       0   MULTIPAGE_SetDefaultBkColor
       0   MULTIPAGE_SetDefaultFont
       0   MULTIPAGE_SetDefaultTextColor


   Section sizes:

   Bytes  Function/Label
   -----  --------------
       4  ??DataTable7
       4  ??DataTable7_1
       4  ??DataTable7_2
       4  ??DataTable7_3
       6  MULTIPAGE_GetDefaultAlign
      18  MULTIPAGE_GetDefaultBkColor
       6  MULTIPAGE_GetDefaultFont
      18  MULTIPAGE_GetDefaultTextColor
       6  MULTIPAGE_SetDefaultAlign
      12  MULTIPAGE_SetDefaultBkColor
       6  MULTIPAGE_SetDefaultFont
      12  MULTIPAGE_SetDefaultTextColor

 
 100 bytes in section .text
 
 100 bytes of CODE memory

Errors: none
Warnings: none
