###############################################################################
#
# IAR ANSI C/C++ Compiler V7.10.1.6676/W32 for ARM        18/Jul/2019  14:28:18
# Copyright 1999-2014 IAR Systems AB.
#
#    Cpu mode     =  thumb
#    Endian       =  little
#    Source file  =  E:\DLP_Proj\DLP_source\branches\DLP_opensource\Src\pic.c
#    Command line =  
#        E:\DLP_Proj\DLP_source\branches\DLP_opensource\Src\pic.c -D
#        USE_HAL_DRIVER -D STM32F407xx -D STM32F40_41xxx -D USE_HAL_LIB -D
#        MKS_DLP_BOARD -D TFT35 -lC
#        E:\DLP_Proj\DLP_source\branches\DLP_opensource\EWARM\mksDLP/List\ -lA
#        E:\DLP_Proj\DLP_source\branches\DLP_opensource\EWARM\mksDLP/List\
#        --diag_suppress Pa050 -o
#        E:\DLP_Proj\DLP_source\branches\DLP_opensource\EWARM\mksDLP/Obj\
#        --no_unroll --no_inline --no_tbaa --no_scheduling --debug
#        --endian=little --cpu=Cortex-M4F -e --char_is_signed --fpu=VFPv4_sp
#        --dlib_config "C:\Program Files (x86)\IAR Systems\Embedded Workbench
#        7.0\arm\INC\c\DLib_Config_Full.h" -I
#        E:\DLP_Proj\DLP_source\branches\DLP_opensource\EWARM/../Inc\ -I
#        E:\DLP_Proj\DLP_source\branches\DLP_opensource\EWARM/../Src\ -I
#        E:\DLP_Proj\DLP_source\branches\DLP_opensource\EWARM/../Drivers/STM32F4xx_HAL_Driver/Inc\
#        -I
#        E:\DLP_Proj\DLP_source\branches\DLP_opensource\EWARM/../Drivers/STM32F4xx_HAL_Driver/Inc/Legacy\
#        -I
#        E:\DLP_Proj\DLP_source\branches\DLP_opensource\EWARM/../Middlewares/Third_Party/FatFs/src/drivers\
#        -I
#        E:\DLP_Proj\DLP_source\branches\DLP_opensource\EWARM/../Middlewares/ST/STM32_USB_Host_Library/Core/Inc\
#        -I
#        E:\DLP_Proj\DLP_source\branches\DLP_opensource\EWARM/../Middlewares/ST/STM32_USB_Host_Library/Class/MSC/Inc\
#        -I
#        E:\DLP_Proj\DLP_source\branches\DLP_opensource\EWARM/../Drivers/CMSIS/Device/ST/STM32F4xx/Include\
#        -I
#        E:\DLP_Proj\DLP_source\branches\DLP_opensource\EWARM/../Middlewares/Third_Party/FatFs/src\
#        -I
#        E:\DLP_Proj\DLP_source\branches\DLP_opensource\EWARM/../Middlewares/Third_Party/Marlin\
#        -I
#        E:\DLP_Proj\DLP_source\branches\DLP_opensource\EWARM/../Drivers/CMSIS/Include\
#        -I
#        E:\DLP_Proj\DLP_source\branches\DLP_opensource\EWARM/../Drivers/BSP/variant\
#        -I
#        E:\DLP_Proj\DLP_source\branches\DLP_opensource\EWARM/../Drivers/BSP/Components/at24cxx\
#        -I
#        E:\DLP_Proj\DLP_source\branches\DLP_opensource\EWARM/../Drivers/BSP/Components/w25qxx\
#        -I
#        E:\DLP_Proj\DLP_source\branches\DLP_opensource\EWARM/../Drivers/BSP/Components/ssd2828\
#        -I
#        E:\DLP_Proj\DLP_source\branches\DLP_opensource\EWARM/../Drivers/BSP/Components/lcd\
#        -I
#        E:\DLP_Proj\DLP_source\branches\DLP_opensource\EWARM/../Drivers/libstmf4\
#        -I
#        E:\DLP_Proj\DLP_source\branches\DLP_opensource\EWARM/../Drivers/libstmf4/include\
#        -I
#        E:\DLP_Proj\DLP_source\branches\DLP_opensource\EWARM/../Middlewares/arduino/stm32/cores/arduino\
#        -I
#        E:\DLP_Proj\DLP_source\branches\DLP_opensource\EWARM/../Middlewares/gui\
#        -I
#        E:\DLP_Proj\DLP_source\branches\DLP_opensource\EWARM/../Middlewares/gui/GUI/ConvertColor\
#        -I
#        E:\DLP_Proj\DLP_source\branches\DLP_opensource\EWARM/../Middlewares/gui/GUI/ConvertMono\
#        -I
#        E:\DLP_Proj\DLP_source\branches\DLP_opensource\EWARM/../Middlewares/gui/GUI/Core\
#        -I
#        E:\DLP_Proj\DLP_source\branches\DLP_opensource\EWARM/../Middlewares/gui/GUI/Font\
#        -I
#        E:\DLP_Proj\DLP_source\branches\DLP_opensource\EWARM/../Middlewares/gui/AntiAlias\
#        -I
#        E:\DLP_Proj\DLP_source\branches\DLP_opensource\EWARM/../Middlewares/gui/GUI/GUIDemo\
#        -I
#        E:\DLP_Proj\DLP_source\branches\DLP_opensource\EWARM/../Middlewares/gui/GUI/LCDDriver\
#        -I
#        E:\DLP_Proj\DLP_source\branches\DLP_opensource\EWARM/../Middlewares/gui/GUI/MemDev\
#        -I
#        E:\DLP_Proj\DLP_source\branches\DLP_opensource\EWARM/../Middlewares/gui/GUI/MultiLayer\
#        -I
#        E:\DLP_Proj\DLP_source\branches\DLP_opensource\EWARM/../Middlewares/gui/GUI/Widget\
#        -I
#        E:\DLP_Proj\DLP_source\branches\DLP_opensource\EWARM/../Middlewares/gui/GUI/WM\
#        -I
#        E:\DLP_Proj\DLP_source\branches\DLP_opensource\EWARM/../Middlewares/gui/GUI_X\
#        -I
#        E:\DLP_Proj\DLP_source\branches\DLP_opensource\EWARM/../Middlewares/gui/Config\
#        -I E:\DLP_Proj\DLP_source\branches\DLP_opensource\EWARM/../User/ui\ -I
#        E:\DLP_Proj\DLP_source\branches\DLP_opensource\EWARM/../User/ui/Multi_language\
#        -I
#        E:\DLP_Proj\DLP_source\branches\DLP_opensource\EWARM/../User/ui/QRENCODE\
#        -Om --use_c++_inline -I "C:\Program Files (x86)\IAR Systems\Embedded
#        Workbench 7.0\arm\CMSIS\Include\"
#    List file    =  
#        E:\DLP_Proj\DLP_source\branches\DLP_opensource\EWARM\mksDLP/List\pic.lst
#    Object file  =  
#        E:\DLP_Proj\DLP_source\branches\DLP_opensource\EWARM\mksDLP/Obj\pic.o
#
###############################################################################

E:\DLP_Proj\DLP_source\branches\DLP_opensource\Src\pic.c
      1          //#include "draw_ui.h"
      2          #include "gui.h"
      3          #include "pic.h"
      4          #include "ff.h"
      5          
      6          
      7          
      8          #ifndef NULL
      9          #define NULL    0
     10          #endif
     11          
     12          
     13          unsigned char bmp_public_buf[32 * 1024] = {0};
     14          unsigned char bmp_layer_buf[8 * 1024] = {0};
     15          

   \                                 In section .data, align 4
     16          GUI_BITMAP bmp_struct = {
   \                     bmp_struct:
   \   00000000   0x0078 0x0082      DC16 120, 130, 160, 16
   \              0x00A0 0x0010
   \   00000008   0x........         DC32 bmp_public_buf, 0H, GUI_BitmapMethodsM565
   \              0x00000000   
   \              0x........   
     17          	#if defined(MKS_DLP_BOARD)
     18          	120,
     19          	130,
     20          	#else
     21            //117,
     22            //140,
     23            #endif
     24            160, /* BytesPerLine */
     25            16, /* BitsPerPixel */
     26            (unsigned char *)bmp_public_buf,  /* Pointer to picture data */
     27            NULL  /* Pointer to palette */
     28           ,GUI_DRAW_BMPM565
     29          };

   \                                 In section .data, align 4
     30          GUI_BITMAP bmp_struct_140X90 = {
   \                     bmp_struct_140X90:
   \   00000000   0x008C 0x005A      DC16 140, 90, 160, 16
   \              0x00A0 0x0010
   \   00000008   0x........         DC32 bmp_public_buf, 0H, GUI_BitmapMethodsM565
   \              0x00000000   
   \              0x........   
     31            140,
     32            90,
     33            160, /* BytesPerLine */
     34            16, /* BitsPerPixel */
     35            (unsigned char *)bmp_public_buf,  /* Pointer to picture data */
     36            NULL  /* Pointer to palette */
     37           ,GUI_DRAW_BMPM565
     38          };

   \                                 In section .data, align 4
     39          GUI_BITMAP bmp_struct_140X70 = {
   \                     bmp_struct_140X70:
   \   00000000   0x008C 0x0046      DC16 140, 70, 160, 16
   \              0x00A0 0x0010
   \   00000008   0x........         DC32 bmp_public_buf, 0H, GUI_BitmapMethodsM565
   \              0x00000000   
   \              0x........   
     40            140,
     41            70,
     42            160, /* BytesPerLine */
     43            16, /* BitsPerPixel */
     44            (unsigned char *)bmp_public_buf,  /* Pointer to picture data */
     45            NULL  /* Pointer to palette */
     46           ,GUI_DRAW_BMPM565
     47          };

   \                                 In section .data, align 4
     48          GUI_BITMAP bmp_struct_50X40 = {
   \                     bmp_struct_50X40:
   \   00000000   0x0032 0x0028      DC16 50, 40, 160, 16
   \              0x00A0 0x0010
   \   00000008   0x........         DC32 bmp_public_buf, 0H, GUI_BitmapMethodsM565
   \              0x00000000   
   \              0x........   
     49            50,
     50            40,
     51            160, /* BytesPerLine */
     52            16, /* BitsPerPixel */
     53            (unsigned char *)bmp_public_buf,  /* Pointer to picture data */
     54            NULL  /* Pointer to palette */
     55           ,GUI_DRAW_BMPM565
     56          };

   \                                 In section .data, align 4
     57          GUI_BITMAP bmp_struct_90X90 = {
   \                     bmp_struct_90X90:
   \   00000000   0x005A 0x005A      DC16 90, 90, 160, 16
   \              0x00A0 0x0010
   \   00000008   0x........         DC32 bmp_public_buf, 0H, GUI_BitmapMethodsM565
   \              0x00000000   
   \              0x........   
     58            90,
     59            90,
     60            160, /* BytesPerLine */
     61            16, /* BitsPerPixel */
     62            (unsigned char *)bmp_public_buf,  /* Pointer to picture data */
     63            NULL  /* Pointer to palette */
     64           ,GUI_DRAW_BMPM565
     65          };

   \                                 In section .data, align 4
     66          GUI_BITMAP bmp_struct_20X22 = {
   \                     bmp_struct_20X22:
   \   00000000   0x0014 0x0016      DC16 20, 22, 160, 16
   \              0x00A0 0x0010
   \   00000008   0x........         DC32 bmp_public_buf, 0H, GUI_BitmapMethodsM565
   \              0x00000000   
   \              0x........   
     67            20,
     68            22,
     69            160, /* BytesPerLine */
     70            16, /* BitsPerPixel */
     71            (unsigned char *)bmp_public_buf,  /* Pointer to picture data */
     72            NULL  /* Pointer to palette */
     73           ,GUI_DRAW_BMPM565
     74          };

   \                                 In section .data, align 4
     75          GUI_BITMAP bmp_struct_105X105 = {
   \                     bmp_struct_105X105:
   \   00000000   0x0069 0x0069      DC16 105, 105, 160, 16
   \              0x00A0 0x0010
   \   00000008   0x........         DC32 bmp_public_buf, 0H, GUI_BitmapMethodsM565
   \              0x00000000   
   \              0x........   
     76            105,
     77            105,
     78            160, /* BytesPerLine */
     79            16, /* BitsPerPixel */
     80            (unsigned char *)bmp_public_buf,  /* Pointer to picture data */
     81            NULL  /* Pointer to palette */
     82           ,GUI_DRAW_BMPM565
     83          };

   \                                 In section .data, align 4
     84          GUI_BITMAP bmp_struct_116X116 = {
   \                     bmp_struct_116X116:
   \   00000000   0x0074 0x0074      DC16 116, 116, 160, 16
   \              0x00A0 0x0010
   \   00000008   0x........         DC32 bmp_public_buf, 0H, GUI_BitmapMethodsM565
   \              0x00000000   
   \              0x........   
     85            116,
     86            116,
     87            160, /* BytesPerLine */
     88            16, /* BitsPerPixel */
     89            (unsigned char *)bmp_public_buf,  /* Pointer to picture data */
     90            NULL  /* Pointer to palette */
     91           ,GUI_DRAW_BMPM565
     92          };
     93          

   \                                 In section .data, align 4
     94          GUI_BITMAP bmp_struct_50 = {
   \                     bmp_struct_50:
   \   00000000   0x002D 0x002D      DC16 45, 45, 160, 16
   \              0x00A0 0x0010
   \   00000008   0x........         DC32 bmp_public_buf, 0H, GUI_BitmapMethodsM565
   \              0x00000000   
   \              0x........   
     95            45,
     96            45,
     97            160, /* BytesPerLine */
     98            16, /* BitsPerPixel */
     99            (unsigned char *)bmp_public_buf,  /* Pointer to picture data */
    100            NULL  /* Pointer to palette */
    101           ,GUI_DRAW_BMPM565
    102          };
    103          

   \                                 In section .data, align 4
    104          GUI_BITMAP bmp_struct_100 = {
   \                     bmp_struct_100:
   \   00000000   0x0064 0x0064      DC16 100, 100, 160, 16
   \              0x00A0 0x0010
   \   00000008   0x........         DC32 bmp_public_buf, 0H, GUI_BitmapMethodsM565
   \              0x00000000   
   \              0x........   
    105            100,
    106            100,
    107            160, /* BytesPerLine */
    108            16, /* BitsPerPixel */
    109            (unsigned char *)bmp_public_buf,  /* Pointer to picture data */
    110            NULL  /* Pointer to palette */
    111           ,GUI_DRAW_BMPM565
    112          };
    113          

   \                                 In section .data, align 4
    114          GUI_BITMAP bmp_struct_150 = {
   \                     bmp_struct_150:
   \   00000000   0x0096 0x0050      DC16 150, 80, 160, 16
   \              0x00A0 0x0010
   \   00000008   0x........         DC32 bmp_public_buf, 0H, GUI_BitmapMethodsM565
   \              0x00000000   
   \              0x........   
    115            150,
    116            80,
    117            160, /* BytesPerLine */
    118            16, /* BitsPerPixel */
    119            (unsigned char *)bmp_public_buf,  /* Pointer to picture data */
    120            NULL  /* Pointer to palette */
    121           ,GUI_DRAW_BMPM565
    122          };

   \                                 In section .data, align 4
    123          GUI_BITMAP bmp_struct_key = {
   \                     bmp_struct_key:
   \   00000000   0x006F 0x003A      DC16 111, 58, 160, 16
   \              0x00A0 0x0010
   \   00000008   0x........         DC32 bmp_public_buf, 0H, GUI_BitmapMethodsM565
   \              0x00000000   
   \              0x........   
    124            111,
    125            58,
    126            160, /* BytesPerLine */
    127            16, /* BitsPerPixel */
    128            (unsigned char *)bmp_public_buf,  /* Pointer to picture data */
    129            NULL  /* Pointer to palette */
    130           ,GUI_DRAW_BMPM565
    131          };

   \                                 In section .data, align 4
    132          GUI_BITMAP bmp_struct_key2 = {
   \                     bmp_struct_key2:
   \   00000000   0x0070 0x003A      DC16 112, 58, 160, 16
   \              0x00A0 0x0010
   \   00000008   0x........         DC32 bmp_public_buf, 0H, GUI_BitmapMethodsM565
   \              0x00000000   
   \              0x........   

   \                                 In section .bss, align 4
   \                     bmp_public_buf:
   \   00000000                      DS8 32768
    133            112,
    134            58,
    135            160, /* BytesPerLine */
    136            16, /* BitsPerPixel */
    137            (unsigned char *)bmp_public_buf,  /* Pointer to picture data */
    138            NULL  /* Pointer to palette */
    139           ,GUI_DRAW_BMPM565
    140          };
    141          
    142          FIL TEST_FIL;
   \                     TEST_FIL:
   \   00008000                      DS8 556

   \                                 In section .bss, align 4
   \                     bmp_layer_buf:
   \   00000000                      DS8 8192
    143          

   \                                 In section .text, align 2, keep-with-next
    144          int ascii2dec_test(char *ascii)
    145          {
    146          	int result = 0;
    147          
    148          	if(ascii == 0)
   \                     ascii2dec_test: (+1)
   \   00000000   0x2800             CMP      R0,#+0
   \   00000002   0xD013             BEQ.N    ??ascii2dec_test_0
    149          		return 0;
    150          
    151          	if(*(ascii) >= '0' && *(ascii) <= '9')
   \   00000004   0xF990 0x0000      LDRSB    R0,[R0, #+0]
   \   00000008   0x4601             MOV      R1,R0
   \   0000000A   0xF1A1 0x0230      SUB      R2,R1,#+48
   \   0000000E   0x2A0A             CMP      R2,#+10
   \   00000010   0xD201             BCS.N    ??ascii2dec_test_1
    152          		result = *(ascii) - '0';
   \   00000012   0x3830             SUBS     R0,R0,#+48
    153          	else if(*(ascii) >= 'a' && *(ascii) <= 'f')
    154          		result = *(ascii) - 'a' + 0x0a;
    155          	else if(*(ascii) >= 'A' && *(ascii) <= 'F')
    156          		result = *(ascii) - 'A' + 0x0a;
    157          	else
    158          		return 0;
    159          		
    160          
    161          	return result;
   \   00000014   0x4770             BX       LR               ;; return
   \                     ??ascii2dec_test_1: (+1)
   \   00000016   0xF1A1 0x0261      SUB      R2,R1,#+97
   \   0000001A   0x2A06             CMP      R2,#+6
   \   0000001C   0xD201             BCS.N    ??ascii2dec_test_2
   \   0000001E   0x3857             SUBS     R0,R0,#+87
   \   00000020   0x4770             BX       LR
   \                     ??ascii2dec_test_2: (+1)
   \   00000022   0x3941             SUBS     R1,R1,#+65
   \   00000024   0x2906             CMP      R1,#+6
   \   00000026   0xD201             BCS.N    ??ascii2dec_test_0
   \   00000028   0x3837             SUBS     R0,R0,#+55
   \   0000002A   0x4770             BX       LR
   \                     ??ascii2dec_test_0: (+1)
   \   0000002C   0x2000             MOVS     R0,#+0
   \   0000002E   0x4770             BX       LR
    162          }

   \                                 In section .text, align 2, keep-with-next
    163          uint8_t have_pre_pic(char *path)
    164          {
   \                     have_pre_pic: (+1)
   \   00000000   0xB538             PUSH     {R3-R5,LR}
    165          	char re;
    166          	UINT read;
    167          	int *ps1;
                 	     ^
Warning[Pe177]: variable "ps1" was declared but never referenced
    168          	
    169          	re = f_open(&TEST_FIL,path, FA_OPEN_EXISTING | FA_READ);
    170          
    171          	if(re == FR_OK)
   \   00000002   0x....             LDR.N    R4,??DataTable1
   \   00000004   0xF504 0x4500      ADD      R5,R4,#+32768
   \   00000008   0x2201             MOVS     R2,#+1
   \   0000000A   0x4601             MOV      R1,R0
   \   0000000C   0x4628             MOV      R0,R5
   \   0000000E   0x.... 0x....      BL       f_open
   \   00000012   0x2800             CMP      R0,#+0
   \   00000014   0xD11C             BNE.N    ??have_pre_pic_0
    172          	{
    173          		#if defined(MKS_DLP_BOARD)
    174          		f_read(&TEST_FIL,&bmp_public_buf[0],11,&read);
   \   00000016   0xAB00             ADD      R3,SP,#+0
   \   00000018   0x220B             MOVS     R2,#+11
   \   0000001A   0x4621             MOV      R1,R4
   \   0000001C   0x4628             MOV      R0,R5
   \   0000001E   0x.... 0x....      BL       f_read
    175          		if((bmp_public_buf[4]=='M')&&(bmp_public_buf[5]=='K')&&(bmp_public_buf[6]=='S')
    176          			&&(bmp_public_buf[7]=='D')&&(bmp_public_buf[8]=='L')&&(bmp_public_buf[9]=='P'))
   \   00000022   0x7920             LDRB     R0,[R4, #+4]
   \   00000024   0x284D             CMP      R0,#+77
   \   00000026   0xD113             BNE.N    ??have_pre_pic_0
   \   00000028   0x7960             LDRB     R0,[R4, #+5]
   \   0000002A   0x284B             CMP      R0,#+75
   \   0000002C   0xD110             BNE.N    ??have_pre_pic_0
   \   0000002E   0x79A0             LDRB     R0,[R4, #+6]
   \   00000030   0x2853             CMP      R0,#+83
   \   00000032   0xD10D             BNE.N    ??have_pre_pic_0
   \   00000034   0x79E0             LDRB     R0,[R4, #+7]
   \   00000036   0x2844             CMP      R0,#+68
   \   00000038   0xD10A             BNE.N    ??have_pre_pic_0
   \   0000003A   0x7A20             LDRB     R0,[R4, #+8]
   \   0000003C   0x284C             CMP      R0,#+76
   \   0000003E   0xD107             BNE.N    ??have_pre_pic_0
   \   00000040   0x7A60             LDRB     R0,[R4, #+9]
   \   00000042   0x2850             CMP      R0,#+80
   \   00000044   0xD104             BNE.N    ??have_pre_pic_0
    177          		#else
    178          		f_read(&TEST_FIL,&bmp_public_buf[0],1024,&read);
    179          		ps1 = (uint32_t *)strstr(bmp_public_buf,";simage:");
    180          		if(ps1)
    181          		#endif
    182          		{
    183          				f_close(&TEST_FIL);
   \   00000046   0x4628             MOV      R0,R5
   \   00000048   0x.... 0x....      BL       f_close
    184          				return 1;			
   \   0000004C   0x2001             MOVS     R0,#+1
   \   0000004E   0xBD32             POP      {R1,R4,R5,PC}
    185          		}
    186          		else
    187          		{
    188          				f_close(&TEST_FIL);
    189          				return 0;			
    190          		}
    191          	}
    192          
    193          	f_close(&TEST_FIL);
   \                     ??have_pre_pic_0: (+1)
   \   00000050   0x4628             MOV      R0,R5
   \   00000052   0x.... 0x....      BL       f_close
    194          	return 0;
   \   00000056   0x2000             MOVS     R0,#+0
   \   00000058   0xBD32             POP      {R1,R4,R5,PC}    ;; return
    195          }
    196          
    197          #if 1
    198          /*****************************************************/
    199          //path:文件路径
    200          //xsize,ysize:显示预览图片大小;
    201          //sel:
    202          //		0:文件目录预览；
    203          //		1:打印文件预览
    204          //pic_flg:
    205          //		1:只获取图片标志符";simage:";
    206          //		0:获取图片数据。

   \                                 In section .text, align 2, keep-with-next
    207          uint8_t drawicon_preview(char *path,int xsize_small,int ysize_small)
    208          {
   \                     drawicon_preview: (+1)
   \   00000000   0xB538             PUSH     {R3-R5,LR}
    209          
    210          	uint16_t *p_index;
                 	          ^
Warning[Pe177]: variable "p_index" was declared but never referenced
    211          	int i=0,j=0,k=0;
                 	    ^
Warning[Pe177]: variable "i" was declared but never referenced

  	int i=0,j=0,k=0;
  	        ^
"E:\DLP_Proj\DLP_source\branches\DLP_opensource\Src\pic.c",211  Warning[Pe177]: 
          variable "j" was declared but never referenced

  	int i=0,j=0,k=0;
  	            ^
"E:\DLP_Proj\DLP_source\branches\DLP_opensource\Src\pic.c",211  Warning[Pe177]: 
          variable "k" was declared but never referenced
    212          	char re;
    213          	UINT read;
    214          	char temp_test[200];
                 	     ^
Warning[Pe177]: variable "temp_test" was declared but never referenced
    215          	int row_1=0;
                 	    ^
Warning[Pe177]: variable "row_1" was declared but never referenced
    216            uint32_t *ps3,*ps4; 
                             ^
Warning[Pe177]: variable "ps3" was declared but never referenced

    uint32_t *ps3,*ps4; 
                   ^
"E:\DLP_Proj\DLP_source\branches\DLP_opensource\Src\pic.c",216  Warning[Pe177]: 
          variable "ps4" was declared but never referenced
    217          	int pre_sread_cnt;
                 	    ^
Warning[Pe177]: variable "pre_sread_cnt" was declared but never referenced
    218          	
    219          	re = f_open(&TEST_FIL,path, FA_OPEN_EXISTING | FA_READ);//huaping.gcode
    220          
    221          	if(re == FR_OK)
   \   00000002   0x....             LDR.N    R4,??DataTable1
   \   00000004   0xF504 0x4500      ADD      R5,R4,#+32768
   \   00000008   0x2201             MOVS     R2,#+1
   \   0000000A   0x4601             MOV      R1,R0
   \   0000000C   0x4628             MOV      R0,R5
   \   0000000E   0x.... 0x....      BL       f_open
   \   00000012   0x2800             CMP      R0,#+0
   \   00000014   0xD115             BNE.N    ??drawicon_preview_0
    222          	{
    223          		memset(bmp_public_buf,0,sizeof(bmp_public_buf));
   \   00000016   0xF44F 0x4200      MOV      R2,#+32768
   \   0000001A   0x2100             MOVS     R1,#+0
   \   0000001C   0x4620             MOV      R0,R4
   \   0000001E   0x.... 0x....      BL       memset
    224          		//ps3 = (uint32_t *)&bmp_public_buf[0];
    225          		#if defined(MKS_DLP_BOARD)
    226          		f_lseek(&TEST_FIL,12);
   \   00000022   0x210C             MOVS     R1,#+12
   \   00000024   0x4628             MOV      R0,R5
   \   00000026   0x.... 0x....      BL       f_lseek
    227          		f_read(&TEST_FIL,&bmp_public_buf,116*116*2-1,&read);	
   \   0000002A   0xAB00             ADD      R3,SP,#+0
   \   0000002C   0xF646 0x121F      MOVW     R2,#+26911
   \   00000030   0x4621             MOV      R1,R4
   \   00000032   0x4628             MOV      R0,R5
   \   00000034   0x.... 0x....      BL       f_read
    228          		f_close(&TEST_FIL);
   \   00000038   0x4628             MOV      R0,R5
   \   0000003A   0x.... 0x....      BL       f_close
    229          		return 1;
   \   0000003E   0x2001             MOVS     R0,#+1
   \   00000040   0xBD32             POP      {R1,R4,R5,PC}
    230          		#else
    231          		f_read(&TEST_FIL,&bmp_public_buf[0],1024,&read);
    232          		ps4 = (uint32_t *)strstr((uint8_t *)bmp_public_buf,";simage:");
    233          		
    234          		if(ps4)
    235          		{
    236          				pre_sread_cnt = (uint32_t)ps4-(uint32_t)((uint32_t *)(&bmp_public_buf[0]));
    237          				f_lseek(&TEST_FIL,pre_sread_cnt+8);		
    238          				while(1)
    239          				{
    240          					f_read(&TEST_FIL,&temp_test,200,&read);
    241          					for(i=0;i<200;)
    242          					{
    243          						bmp_public_buf[row_1*200+100*k+j] = (char)(ascii2dec_test(&temp_test[i])<<4|ascii2dec_test(&temp_test[i+1]));
    244          						j++;
    245          						i+=2;
    246          					}
    247          					k++;
    248          					j=0;
    249          					if(k*100>=200)
    250          					{
    251          						k=0;
    252          						row_1++;
    253          						f_read(&TEST_FIL,&temp_test,9,&read);
    254          					}
    255          					if(row_1>=ysize_small)
    256          					{
    257          						break;
    258          					}
    259          				}		
    260          				f_close(&TEST_FIL);
    261          				return 1;
    262          		}
    263          		#endif
    264          	}
    265          	f_close(&TEST_FIL);
   \                     ??drawicon_preview_0: (+1)
   \   00000042   0x4628             MOV      R0,R5
   \   00000044   0x.... 0x....      BL       f_close
    266          	return 0;
   \   00000048   0x2000             MOVS     R0,#+0
   \   0000004A   0xBD32             POP      {R1,R4,R5,PC}    ;; return
    267            
    268          
    269          }

   \                                 In section .text, align 4, keep-with-next
   \                     ??DataTable1:
   \   00000000   0x........         DC32     bmp_public_buf
    270          #endif
    271          

   Maximum stack usage in bytes:

   .cstack Function
   ------- --------
       0   ascii2dec_test
      16   drawicon_preview
        16   -> f_close
        16   -> f_lseek
        16   -> f_open
        16   -> f_read
        16   -> memset
      16   have_pre_pic
        16   -> f_close
        16   -> f_open
        16   -> f_read


   Section sizes:

   Bytes  Function/Label
   -----  --------------
       4  ??DataTable1
      48  ascii2dec_test
    8192  bmp_layer_buf
   33324  bmp_public_buf
          TEST_FIL
      20  bmp_struct
      20  bmp_struct_100
      20  bmp_struct_105X105
      20  bmp_struct_116X116
      20  bmp_struct_140X70
      20  bmp_struct_140X90
      20  bmp_struct_150
      20  bmp_struct_20X22
      20  bmp_struct_50
      20  bmp_struct_50X40
      20  bmp_struct_90X90
      20  bmp_struct_key
      20  bmp_struct_key2
      76  drawicon_preview
      90  have_pre_pic

 
 41 516 bytes in section .bss
    260 bytes in section .data
    218 bytes in section .text
 
    218 bytes of CODE memory
 41 776 bytes of DATA memory

Errors: none
Warnings: 10
