###############################################################################
#
# IAR ANSI C/C++ Compiler V7.10.1.6676/W32 for ARM        18/Jul/2019  11:15:03
# Copyright 1999-2014 IAR Systems AB.
#
#    Cpu mode     =  thumb
#    Endian       =  little
#    Source file  =  
#        E:\DLP_Proj\DLP_source\branches\DLP_opensource\Middlewares\arduino\stm32\cores\arduino\RingBuffer.cpp
#    Command line =  
#        E:\DLP_Proj\DLP_source\branches\DLP_opensource\Middlewares\arduino\stm32\cores\arduino\RingBuffer.cpp
#        -D USE_HAL_DRIVER -D STM32F407xx -D STM32F40_41xxx -D USE_HAL_LIB -D
#        MKS_DLP_BOARD -D TFT35 -lC
#        E:\DLP_Proj\DLP_source\branches\DLP_opensource\EWARM\mksDLP/List\ -lA
#        E:\DLP_Proj\DLP_source\branches\DLP_opensource\EWARM\mksDLP/List\
#        --diag_suppress Pa050 -o
#        E:\DLP_Proj\DLP_source\branches\DLP_opensource\EWARM\mksDLP/Obj\
#        --no_unroll --no_inline --no_tbaa --no_scheduling --debug
#        --endian=little --cpu=Cortex-M4F -e --char_is_signed --fpu=VFPv4_sp
#        --dlib_config "C:\Program Files (x86)\IAR Systems\Embedded Workbench
#        7.0\arm\INC\c\DLib_Config_Full.h" -I
#        E:\DLP_Proj\DLP_source\branches\DLP_opensource\EWARM/../Inc\ -I
#        E:\DLP_Proj\DLP_source\branches\DLP_opensource\EWARM/../Src\ -I
#        E:\DLP_Proj\DLP_source\branches\DLP_opensource\EWARM/../Drivers/STM32F4xx_HAL_Driver/Inc\
#        -I
#        E:\DLP_Proj\DLP_source\branches\DLP_opensource\EWARM/../Drivers/STM32F4xx_HAL_Driver/Inc/Legacy\
#        -I
#        E:\DLP_Proj\DLP_source\branches\DLP_opensource\EWARM/../Middlewares/Third_Party/FatFs/src/drivers\
#        -I
#        E:\DLP_Proj\DLP_source\branches\DLP_opensource\EWARM/../Middlewares/ST/STM32_USB_Host_Library/Core/Inc\
#        -I
#        E:\DLP_Proj\DLP_source\branches\DLP_opensource\EWARM/../Middlewares/ST/STM32_USB_Host_Library/Class/MSC/Inc\
#        -I
#        E:\DLP_Proj\DLP_source\branches\DLP_opensource\EWARM/../Drivers/CMSIS/Device/ST/STM32F4xx/Include\
#        -I
#        E:\DLP_Proj\DLP_source\branches\DLP_opensource\EWARM/../Middlewares/Third_Party/FatFs/src\
#        -I
#        E:\DLP_Proj\DLP_source\branches\DLP_opensource\EWARM/../Middlewares/Third_Party/Marlin\
#        -I
#        E:\DLP_Proj\DLP_source\branches\DLP_opensource\EWARM/../Drivers/CMSIS/Include\
#        -I
#        E:\DLP_Proj\DLP_source\branches\DLP_opensource\EWARM/../Drivers/BSP/variant\
#        -I
#        E:\DLP_Proj\DLP_source\branches\DLP_opensource\EWARM/../Drivers/BSP/Components/at24cxx\
#        -I
#        E:\DLP_Proj\DLP_source\branches\DLP_opensource\EWARM/../Drivers/BSP/Components/w25qxx\
#        -I
#        E:\DLP_Proj\DLP_source\branches\DLP_opensource\EWARM/../Drivers/BSP/Components/ssd2828\
#        -I
#        E:\DLP_Proj\DLP_source\branches\DLP_opensource\EWARM/../Drivers/BSP/Components/lcd\
#        -I
#        E:\DLP_Proj\DLP_source\branches\DLP_opensource\EWARM/../Drivers/libstmf4\
#        -I
#        E:\DLP_Proj\DLP_source\branches\DLP_opensource\EWARM/../Drivers/libstmf4/include\
#        -I
#        E:\DLP_Proj\DLP_source\branches\DLP_opensource\EWARM/../Middlewares/arduino/stm32/cores/arduino\
#        -I
#        E:\DLP_Proj\DLP_source\branches\DLP_opensource\EWARM/../Middlewares/gui\
#        -I
#        E:\DLP_Proj\DLP_source\branches\DLP_opensource\EWARM/../Middlewares/gui/GUI/ConvertColor\
#        -I
#        E:\DLP_Proj\DLP_source\branches\DLP_opensource\EWARM/../Middlewares/gui/GUI/ConvertMono\
#        -I
#        E:\DLP_Proj\DLP_source\branches\DLP_opensource\EWARM/../Middlewares/gui/GUI/Core\
#        -I
#        E:\DLP_Proj\DLP_source\branches\DLP_opensource\EWARM/../Middlewares/gui/GUI/Font\
#        -I
#        E:\DLP_Proj\DLP_source\branches\DLP_opensource\EWARM/../Middlewares/gui/AntiAlias\
#        -I
#        E:\DLP_Proj\DLP_source\branches\DLP_opensource\EWARM/../Middlewares/gui/GUI/GUIDemo\
#        -I
#        E:\DLP_Proj\DLP_source\branches\DLP_opensource\EWARM/../Middlewares/gui/GUI/LCDDriver\
#        -I
#        E:\DLP_Proj\DLP_source\branches\DLP_opensource\EWARM/../Middlewares/gui/GUI/MemDev\
#        -I
#        E:\DLP_Proj\DLP_source\branches\DLP_opensource\EWARM/../Middlewares/gui/GUI/MultiLayer\
#        -I
#        E:\DLP_Proj\DLP_source\branches\DLP_opensource\EWARM/../Middlewares/gui/GUI/Widget\
#        -I
#        E:\DLP_Proj\DLP_source\branches\DLP_opensource\EWARM/../Middlewares/gui/GUI/WM\
#        -I
#        E:\DLP_Proj\DLP_source\branches\DLP_opensource\EWARM/../Middlewares/gui/GUI_X\
#        -I
#        E:\DLP_Proj\DLP_source\branches\DLP_opensource\EWARM/../Middlewares/gui/Config\
#        -I E:\DLP_Proj\DLP_source\branches\DLP_opensource\EWARM/../User/ui\ -I
#        E:\DLP_Proj\DLP_source\branches\DLP_opensource\EWARM/../User/ui/Multi_language\
#        -I
#        E:\DLP_Proj\DLP_source\branches\DLP_opensource\EWARM/../User/ui/QRENCODE\
#        -Om --eec++ -I "C:\Program Files (x86)\IAR Systems\Embedded Workbench
#        7.0\arm\CMSIS\Include\"
#    List file    =  
#        E:\DLP_Proj\DLP_source\branches\DLP_opensource\EWARM\mksDLP/List\RingBuffer.lst
#    Object file  =  
#        E:\DLP_Proj\DLP_source\branches\DLP_opensource\EWARM\mksDLP/Obj\RingBuffer.o
#
###############################################################################

E:\DLP_Proj\DLP_source\branches\DLP_opensource\Middlewares\arduino\stm32\cores\arduino\RingBuffer.cpp
      1          /*
      2            Copyright (c) 2011 Arduino.  All right reserved.
      3          
      4            This library is free software; you can redistribute it and/or
      5            modify it under the terms of the GNU Lesser General Public
      6            License as published by the Free Software Foundation; either
      7            version 2.1 of the License, or (at your option) any later version.
      8          
      9            This library is distributed in the hope that it will be useful,
     10            but WITHOUT ANY WARRANTY; without even the implied warranty of
     11            MERCHANTABILITY or FITNESS FOR A PARTICULAR PURPOSE. 
     12            See the GNU Lesser General Public License for more details.
     13          
     14            You should have received a copy of the GNU Lesser General Public
     15            License along with this library; if not, write to the Free Software
     16            Foundation, Inc., 51 Franklin St, Fifth Floor, Boston, MA  02110-1301  USA
     17          */
     18          
     19          #include "RingBuffer.h"
     20          #include <string.h>
     21          

   \                                 In section .text, align 2, keep-with-next
     22          RingBuffer::RingBuffer( void )
     23          {
   \                     _ZN10RingBufferC1Ev: (+1)
   \   00000000   0xB510             PUSH     {R4,LR}
   \   00000002   0x4604             MOV      R4,R0
     24              memset( _aucBuffer, 0, SERIAL_BUFFER_SIZE ) ;
   \   00000004   0x2260             MOVS     R2,#+96
   \   00000006   0x2100             MOVS     R1,#+0
   \   00000008   0x.... 0x....      BL       memset
     25              _iHead=0 ;
   \   0000000C   0x2000             MOVS     R0,#+0
   \   0000000E   0x6620             STR      R0,[R4, #+96]
     26              _iTail=0 ;
   \   00000010   0x6660             STR      R0,[R4, #+100]
     27          }
   \   00000012   0x4620             MOV      R0,R4
   \   00000014   0xBD10             POP      {R4,PC}          ;; return
     28          

   \                                 In section .text, align 2, keep-with-next
     29          void RingBuffer::store_char( uint8_t c )
     30          {
   \                     _ZN10RingBuffer10store_charEh: (+1)
   \   00000000   0xB430             PUSH     {R4,R5}
     31            int i = (uint32_t)(_iHead + 1) % SERIAL_BUFFER_SIZE ;
   \   00000002   0x6E02             LDR      R2,[R0, #+96]
   \   00000004   0x1C53             ADDS     R3,R2,#+1
   \   00000006   0x2460             MOVS     R4,#+96
   \   00000008   0xFBB3 0xF4F4      UDIV     R4,R3,R4
   \   0000000C   0xEB04 0x0544      ADD      R5,R4,R4, LSL #+1
   \   00000010   0xEBA3 0x1345      SUB      R3,R3,R5, LSL #+5
     32          
     33            // if we should be storing the received character into the location
     34            // just before the tail (meaning that the head would advance to the
     35            // current location of the tail), we're about to overflow the buffer
     36            // and so we don't write the character or advance the head.
     37            if ( i != _iTail )
   \   00000014   0x6E44             LDR      R4,[R0, #+100]
   \   00000016   0x42A3             CMP      R3,R4
   \   00000018   0xD001             BEQ.N    ??store_char_0
     38            {
     39              _aucBuffer[_iHead] = c ;
   \   0000001A   0x5411             STRB     R1,[R2, R0]
     40              _iHead = i ;
   \   0000001C   0x6603             STR      R3,[R0, #+96]
     41            }
     42          }
   \                     ??store_char_0: (+1)
   \   0000001E   0xBC30             POP      {R4,R5}
   \   00000020   0x4770             BX       LR               ;; return

   \                                 In section .text, align 2, keep-with-next
   \   __code __interwork __softfp RingBuffer::subobject RingBuffer()
   \                     _ZN10RingBufferC2Ev: (+1)
   \   00000000   0xBF00             Nop      
   \   00000002                      REQUIRE _ZN10RingBufferC1Ev
   \   00000002                      ;; // Fall through to label RingBuffer::RingBuffer()
     43          

   Maximum stack usage in bytes:

   .cstack Function
   ------- --------
       8   RingBuffer::RingBuffer()
         8   -> memset
       8   RingBuffer::store_char(uint8_t)
       0   RingBuffer::subobject RingBuffer()
         0   -> RingBuffer::RingBuffer()


   Section sizes:

   Bytes  Function/Label
   -----  --------------
      22  RingBuffer::RingBuffer()
      34  RingBuffer::store_char(uint8_t)
       2  RingBuffer::subobject RingBuffer()

 
 58 bytes in section .text
 
 58 bytes of CODE memory

Errors: none
Warnings: none
