###############################################################################
#
# IAR ANSI C/C++ Compiler V7.10.1.6676/W32 for ARM        18/Jul/2019  11:15:15
# Copyright 1999-2014 IAR Systems AB.
#
#    Cpu mode     =  thumb
#    Endian       =  little
#    Source file  =  
#        E:\DLP_Proj\DLP_source\branches\DLP_opensource\Src\stm32f4xx_hal_msp.c
#    Command line =  
#        E:\DLP_Proj\DLP_source\branches\DLP_opensource\Src\stm32f4xx_hal_msp.c
#        -D USE_HAL_DRIVER -D STM32F407xx -D STM32F40_41xxx -D USE_HAL_LIB -D
#        MKS_DLP_BOARD -D TFT35 -lC
#        E:\DLP_Proj\DLP_source\branches\DLP_opensource\EWARM\mksDLP/List\ -lA
#        E:\DLP_Proj\DLP_source\branches\DLP_opensource\EWARM\mksDLP/List\
#        --diag_suppress Pa050 -o
#        E:\DLP_Proj\DLP_source\branches\DLP_opensource\EWARM\mksDLP/Obj\
#        --no_unroll --no_inline --no_tbaa --no_scheduling --debug
#        --endian=little --cpu=Cortex-M4F -e --char_is_signed --fpu=VFPv4_sp
#        --dlib_config "C:\Program Files (x86)\IAR Systems\Embedded Workbench
#        7.0\arm\INC\c\DLib_Config_Full.h" -I
#        E:\DLP_Proj\DLP_source\branches\DLP_opensource\EWARM/../Inc\ -I
#        E:\DLP_Proj\DLP_source\branches\DLP_opensource\EWARM/../Src\ -I
#        E:\DLP_Proj\DLP_source\branches\DLP_opensource\EWARM/../Drivers/STM32F4xx_HAL_Driver/Inc\
#        -I
#        E:\DLP_Proj\DLP_source\branches\DLP_opensource\EWARM/../Drivers/STM32F4xx_HAL_Driver/Inc/Legacy\
#        -I
#        E:\DLP_Proj\DLP_source\branches\DLP_opensource\EWARM/../Middlewares/Third_Party/FatFs/src/drivers\
#        -I
#        E:\DLP_Proj\DLP_source\branches\DLP_opensource\EWARM/../Middlewares/ST/STM32_USB_Host_Library/Core/Inc\
#        -I
#        E:\DLP_Proj\DLP_source\branches\DLP_opensource\EWARM/../Middlewares/ST/STM32_USB_Host_Library/Class/MSC/Inc\
#        -I
#        E:\DLP_Proj\DLP_source\branches\DLP_opensource\EWARM/../Drivers/CMSIS/Device/ST/STM32F4xx/Include\
#        -I
#        E:\DLP_Proj\DLP_source\branches\DLP_opensource\EWARM/../Middlewares/Third_Party/FatFs/src\
#        -I
#        E:\DLP_Proj\DLP_source\branches\DLP_opensource\EWARM/../Middlewares/Third_Party/Marlin\
#        -I
#        E:\DLP_Proj\DLP_source\branches\DLP_opensource\EWARM/../Drivers/CMSIS/Include\
#        -I
#        E:\DLP_Proj\DLP_source\branches\DLP_opensource\EWARM/../Drivers/BSP/variant\
#        -I
#        E:\DLP_Proj\DLP_source\branches\DLP_opensource\EWARM/../Drivers/BSP/Components/at24cxx\
#        -I
#        E:\DLP_Proj\DLP_source\branches\DLP_opensource\EWARM/../Drivers/BSP/Components/w25qxx\
#        -I
#        E:\DLP_Proj\DLP_source\branches\DLP_opensource\EWARM/../Drivers/BSP/Components/ssd2828\
#        -I
#        E:\DLP_Proj\DLP_source\branches\DLP_opensource\EWARM/../Drivers/BSP/Components/lcd\
#        -I
#        E:\DLP_Proj\DLP_source\branches\DLP_opensource\EWARM/../Drivers/libstmf4\
#        -I
#        E:\DLP_Proj\DLP_source\branches\DLP_opensource\EWARM/../Drivers/libstmf4/include\
#        -I
#        E:\DLP_Proj\DLP_source\branches\DLP_opensource\EWARM/../Middlewares/arduino/stm32/cores/arduino\
#        -I
#        E:\DLP_Proj\DLP_source\branches\DLP_opensource\EWARM/../Middlewares/gui\
#        -I
#        E:\DLP_Proj\DLP_source\branches\DLP_opensource\EWARM/../Middlewares/gui/GUI/ConvertColor\
#        -I
#        E:\DLP_Proj\DLP_source\branches\DLP_opensource\EWARM/../Middlewares/gui/GUI/ConvertMono\
#        -I
#        E:\DLP_Proj\DLP_source\branches\DLP_opensource\EWARM/../Middlewares/gui/GUI/Core\
#        -I
#        E:\DLP_Proj\DLP_source\branches\DLP_opensource\EWARM/../Middlewares/gui/GUI/Font\
#        -I
#        E:\DLP_Proj\DLP_source\branches\DLP_opensource\EWARM/../Middlewares/gui/AntiAlias\
#        -I
#        E:\DLP_Proj\DLP_source\branches\DLP_opensource\EWARM/../Middlewares/gui/GUI/GUIDemo\
#        -I
#        E:\DLP_Proj\DLP_source\branches\DLP_opensource\EWARM/../Middlewares/gui/GUI/LCDDriver\
#        -I
#        E:\DLP_Proj\DLP_source\branches\DLP_opensource\EWARM/../Middlewares/gui/GUI/MemDev\
#        -I
#        E:\DLP_Proj\DLP_source\branches\DLP_opensource\EWARM/../Middlewares/gui/GUI/MultiLayer\
#        -I
#        E:\DLP_Proj\DLP_source\branches\DLP_opensource\EWARM/../Middlewares/gui/GUI/Widget\
#        -I
#        E:\DLP_Proj\DLP_source\branches\DLP_opensource\EWARM/../Middlewares/gui/GUI/WM\
#        -I
#        E:\DLP_Proj\DLP_source\branches\DLP_opensource\EWARM/../Middlewares/gui/GUI_X\
#        -I
#        E:\DLP_Proj\DLP_source\branches\DLP_opensource\EWARM/../Middlewares/gui/Config\
#        -I E:\DLP_Proj\DLP_source\branches\DLP_opensource\EWARM/../User/ui\ -I
#        E:\DLP_Proj\DLP_source\branches\DLP_opensource\EWARM/../User/ui/Multi_language\
#        -I
#        E:\DLP_Proj\DLP_source\branches\DLP_opensource\EWARM/../User/ui/QRENCODE\
#        -Om --use_c++_inline -I "C:\Program Files (x86)\IAR Systems\Embedded
#        Workbench 7.0\arm\CMSIS\Include\"
#    List file    =  
#        E:\DLP_Proj\DLP_source\branches\DLP_opensource\EWARM\mksDLP/List\stm32f4xx_hal_msp.lst
#    Object file  =  
#        E:\DLP_Proj\DLP_source\branches\DLP_opensource\EWARM\mksDLP/Obj\stm32f4xx_hal_msp.o
#
###############################################################################

E:\DLP_Proj\DLP_source\branches\DLP_opensource\Src\stm32f4xx_hal_msp.c
      1          /**
      2            ******************************************************************************
      3            * File Name          : stm32f4xx_hal_msp.c
      4            * Description        : This file provides code for the MSP Initialization 
      5            *                      and de-Initialization codes.
      6            ******************************************************************************
      7            *
      8            * Copyright (c) 2016 STMicroelectronics International N.V. 
      9            * All rights reserved.
     10            *
     11            * Redistribution and use in source and binary forms, with or without 
     12            * modification, are permitted, provided that the following conditions are met:
     13            *
     14            * 1. Redistribution of source code must retain the above copyright notice, 
     15            *    this list of conditions and the following disclaimer.
     16            * 2. Redistributions in binary form must reproduce the above copyright notice,
     17            *    this list of conditions and the following disclaimer in the documentation
     18            *    and/or other materials provided with the distribution.
     19            * 3. Neither the name of STMicroelectronics nor the names of other 
     20            *    contributors to this software may be used to endorse or promote products 
     21            *    derived from this software without specific written permission.
     22            * 4. This software, including modifications and/or derivative works of this 
     23            *    software, must execute solely and exclusively on microcontroller or
     24            *    microprocessor devices manufactured by or for STMicroelectronics.
     25            * 5. Redistribution and use of this software other than as permitted under 
     26            *    this license is void and will automatically terminate your rights under 
     27            *    this license. 
     28            *
     29            * THIS SOFTWARE IS PROVIDED BY STMICROELECTRONICS AND CONTRIBUTORS "AS IS" 
     30            * AND ANY EXPRESS, IMPLIED OR STATUTORY WARRANTIES, INCLUDING, BUT NOT 
     31            * LIMITED TO, THE IMPLIED WARRANTIES OF MERCHANTABILITY, FITNESS FOR A 
     32            * PARTICULAR PURPOSE AND NON-INFRINGEMENT OF THIRD PARTY INTELLECTUAL PROPERTY
     33            * RIGHTS ARE DISCLAIMED TO THE FULLEST EXTENT PERMITTED BY LAW. IN NO EVENT 
     34            * SHALL STMICROELECTRONICS OR CONTRIBUTORS BE LIABLE FOR ANY DIRECT, INDIRECT,
     35            * INCIDENTAL, SPECIAL, EXEMPLARY, OR CONSEQUENTIAL DAMAGES (INCLUDING, BUT NOT
     36            * LIMITED TO, PROCUREMENT OF SUBSTITUTE GOODS OR SERVICES; LOSS OF USE, DATA, 
     37            * OR PROFITS; OR BUSINESS INTERRUPTION) HOWEVER CAUSED AND ON ANY THEORY OF 
     38            * LIABILITY, WHETHER IN CONTRACT, STRICT LIABILITY, OR TORT (INCLUDING 
     39            * NEGLIGENCE OR OTHERWISE) ARISING IN ANY WAY OUT OF THE USE OF THIS SOFTWARE,
     40            * EVEN IF ADVISED OF THE POSSIBILITY OF SUCH DAMAGE.
     41            *
     42            ******************************************************************************
     43            */
     44          /* Includes ------------------------------------------------------------------*/
     45          #include "stm32f4xx_hal.h"
     46          
     47          extern void Error_Handler(void);
     48          /* USER CODE BEGIN 0 */
     49          
     50          /* USER CODE END 0 */
     51          /**
     52            * Initializes the Global MSP.
     53            */

   \                                 In section .text, align 2, keep-with-next
     54          void HAL_MspInit(void)
     55          {
   \                     HAL_MspInit: (+1)
   \   00000000   0xB580             PUSH     {R7,LR}
     56            /* USER CODE BEGIN MspInit 0 */
     57          
     58            /* USER CODE END MspInit 0 */
     59          
     60            HAL_NVIC_SetPriorityGrouping(NVIC_PRIORITYGROUP_4);
   \   00000002   0x2003             MOVS     R0,#+3
   \   00000004   0x.... 0x....      BL       HAL_NVIC_SetPriorityGrouping
     61          
     62            /* System interrupt init*/
     63            /* MemoryManagement_IRQn interrupt configuration */
     64            HAL_NVIC_SetPriority(MemoryManagement_IRQn, 0, 0);
   \   00000008   0x2200             MOVS     R2,#+0
   \   0000000A   0x4611             MOV      R1,R2
   \   0000000C   0xF06F 0x000B      MVN      R0,#+11
   \   00000010   0x.... 0x....      BL       HAL_NVIC_SetPriority
     65            /* BusFault_IRQn interrupt configuration */
     66            HAL_NVIC_SetPriority(BusFault_IRQn, 0, 0);
   \   00000014   0x2200             MOVS     R2,#+0
   \   00000016   0x4611             MOV      R1,R2
   \   00000018   0xF06F 0x000A      MVN      R0,#+10
   \   0000001C   0x.... 0x....      BL       HAL_NVIC_SetPriority
     67            /* UsageFault_IRQn interrupt configuration */
     68            HAL_NVIC_SetPriority(UsageFault_IRQn, 0, 0);
   \   00000020   0x2200             MOVS     R2,#+0
   \   00000022   0x4611             MOV      R1,R2
   \   00000024   0xF06F 0x0009      MVN      R0,#+9
   \   00000028   0x.... 0x....      BL       HAL_NVIC_SetPriority
     69            /* SVCall_IRQn interrupt configuration */
     70            HAL_NVIC_SetPriority(SVCall_IRQn, 0, 0);
   \   0000002C   0x2200             MOVS     R2,#+0
   \   0000002E   0x4611             MOV      R1,R2
   \   00000030   0xF06F 0x0004      MVN      R0,#+4
   \   00000034   0x.... 0x....      BL       HAL_NVIC_SetPriority
     71            /* DebugMonitor_IRQn interrupt configuration */
     72            HAL_NVIC_SetPriority(DebugMonitor_IRQn, 0, 0);
   \   00000038   0x2200             MOVS     R2,#+0
   \   0000003A   0x4611             MOV      R1,R2
   \   0000003C   0xF06F 0x0003      MVN      R0,#+3
   \   00000040   0x.... 0x....      BL       HAL_NVIC_SetPriority
     73            /* PendSV_IRQn interrupt configuration */
     74            HAL_NVIC_SetPriority(PendSV_IRQn, 0, 0);
   \   00000044   0x2200             MOVS     R2,#+0
   \   00000046   0x4611             MOV      R1,R2
   \   00000048   0xF06F 0x0001      MVN      R0,#+1
   \   0000004C   0x.... 0x....      BL       HAL_NVIC_SetPriority
     75            /* SysTick_IRQn interrupt configuration */
     76            HAL_NVIC_SetPriority(SysTick_IRQn, 0, 0);
   \   00000050   0x2200             MOVS     R2,#+0
   \   00000052   0x4611             MOV      R1,R2
   \   00000054   0xF04F 0x30FF      MOV      R0,#-1
   \   00000058   0xE8BD 0x4008      POP      {R3,LR}
   \   0000005C   0x.... 0x....      B.W      HAL_NVIC_SetPriority
     77          
     78            /* USER CODE BEGIN MspInit 1 */
     79          
     80            /* USER CODE END MspInit 1 */
     81          }
     82          
     83          /* USER CODE BEGIN 1 */
     84          
     85          /* USER CODE END 1 */
     86          
     87          /**
     88            * @}
     89            */
     90          
     91          /**
     92            * @}
     93            */
     94          
     95          /************************ (C) COPYRIGHT STMicroelectronics *****END OF FILE****/

   Maximum stack usage in bytes:

   .cstack Function
   ------- --------
       8   HAL_MspInit
         0   -> HAL_NVIC_SetPriority
         8   -> HAL_NVIC_SetPriority
         8   -> HAL_NVIC_SetPriorityGrouping


   Section sizes:

   Bytes  Function/Label
   -----  --------------
      96  HAL_MspInit

 
 96 bytes in section .text
 
 96 bytes of CODE memory

Errors: none
Warnings: none
