###############################################################################
#
# IAR ANSI C/C++ Compiler V7.10.1.6676/W32 for ARM        18/Jul/2019  11:49:06
# Copyright 1999-2014 IAR Systems AB.
#
#    Cpu mode     =  thumb
#    Endian       =  little
#    Source file  =  
#        E:\DLP_Proj\DLP_source\branches\DLP_opensource\Middlewares\Third_Party\Marlin\watchdog.cpp
#    Command line =  
#        E:\DLP_Proj\DLP_source\branches\DLP_opensource\Middlewares\Third_Party\Marlin\watchdog.cpp
#        -D USE_HAL_DRIVER -D STM32F407xx -D STM32F40_41xxx -D USE_HAL_LIB -D
#        MKS_DLP_BOARD -D TFT35 -lC
#        E:\DLP_Proj\DLP_source\branches\DLP_opensource\EWARM\mksDLP/List\ -lA
#        E:\DLP_Proj\DLP_source\branches\DLP_opensource\EWARM\mksDLP/List\
#        --diag_suppress Pa050 -o
#        E:\DLP_Proj\DLP_source\branches\DLP_opensource\EWARM\mksDLP/Obj\
#        --no_unroll --no_inline --no_tbaa --no_scheduling --debug
#        --endian=little --cpu=Cortex-M4F -e --char_is_signed --fpu=VFPv4_sp
#        --dlib_config "C:\Program Files (x86)\IAR Systems\Embedded Workbench
#        7.0\arm\INC\c\DLib_Config_Full.h" -I
#        E:\DLP_Proj\DLP_source\branches\DLP_opensource\EWARM/../Inc\ -I
#        E:\DLP_Proj\DLP_source\branches\DLP_opensource\EWARM/../Src\ -I
#        E:\DLP_Proj\DLP_source\branches\DLP_opensource\EWARM/../Drivers/STM32F4xx_HAL_Driver/Inc\
#        -I
#        E:\DLP_Proj\DLP_source\branches\DLP_opensource\EWARM/../Drivers/STM32F4xx_HAL_Driver/Inc/Legacy\
#        -I
#        E:\DLP_Proj\DLP_source\branches\DLP_opensource\EWARM/../Middlewares/Third_Party/FatFs/src/drivers\
#        -I
#        E:\DLP_Proj\DLP_source\branches\DLP_opensource\EWARM/../Middlewares/ST/STM32_USB_Host_Library/Core/Inc\
#        -I
#        E:\DLP_Proj\DLP_source\branches\DLP_opensource\EWARM/../Middlewares/ST/STM32_USB_Host_Library/Class/MSC/Inc\
#        -I
#        E:\DLP_Proj\DLP_source\branches\DLP_opensource\EWARM/../Drivers/CMSIS/Device/ST/STM32F4xx/Include\
#        -I
#        E:\DLP_Proj\DLP_source\branches\DLP_opensource\EWARM/../Middlewares/Third_Party/FatFs/src\
#        -I
#        E:\DLP_Proj\DLP_source\branches\DLP_opensource\EWARM/../Middlewares/Third_Party/Marlin\
#        -I
#        E:\DLP_Proj\DLP_source\branches\DLP_opensource\EWARM/../Drivers/CMSIS/Include\
#        -I
#        E:\DLP_Proj\DLP_source\branches\DLP_opensource\EWARM/../Drivers/BSP/variant\
#        -I
#        E:\DLP_Proj\DLP_source\branches\DLP_opensource\EWARM/../Drivers/BSP/Components/at24cxx\
#        -I
#        E:\DLP_Proj\DLP_source\branches\DLP_opensource\EWARM/../Drivers/BSP/Components/w25qxx\
#        -I
#        E:\DLP_Proj\DLP_source\branches\DLP_opensource\EWARM/../Drivers/BSP/Components/ssd2828\
#        -I
#        E:\DLP_Proj\DLP_source\branches\DLP_opensource\EWARM/../Drivers/BSP/Components/lcd\
#        -I
#        E:\DLP_Proj\DLP_source\branches\DLP_opensource\EWARM/../Drivers/libstmf4\
#        -I
#        E:\DLP_Proj\DLP_source\branches\DLP_opensource\EWARM/../Drivers/libstmf4/include\
#        -I
#        E:\DLP_Proj\DLP_source\branches\DLP_opensource\EWARM/../Middlewares/arduino/stm32/cores/arduino\
#        -I
#        E:\DLP_Proj\DLP_source\branches\DLP_opensource\EWARM/../Middlewares/gui\
#        -I
#        E:\DLP_Proj\DLP_source\branches\DLP_opensource\EWARM/../Middlewares/gui/GUI/ConvertColor\
#        -I
#        E:\DLP_Proj\DLP_source\branches\DLP_opensource\EWARM/../Middlewares/gui/GUI/ConvertMono\
#        -I
#        E:\DLP_Proj\DLP_source\branches\DLP_opensource\EWARM/../Middlewares/gui/GUI/Core\
#        -I
#        E:\DLP_Proj\DLP_source\branches\DLP_opensource\EWARM/../Middlewares/gui/GUI/Font\
#        -I
#        E:\DLP_Proj\DLP_source\branches\DLP_opensource\EWARM/../Middlewares/gui/AntiAlias\
#        -I
#        E:\DLP_Proj\DLP_source\branches\DLP_opensource\EWARM/../Middlewares/gui/GUI/GUIDemo\
#        -I
#        E:\DLP_Proj\DLP_source\branches\DLP_opensource\EWARM/../Middlewares/gui/GUI/LCDDriver\
#        -I
#        E:\DLP_Proj\DLP_source\branches\DLP_opensource\EWARM/../Middlewares/gui/GUI/MemDev\
#        -I
#        E:\DLP_Proj\DLP_source\branches\DLP_opensource\EWARM/../Middlewares/gui/GUI/MultiLayer\
#        -I
#        E:\DLP_Proj\DLP_source\branches\DLP_opensource\EWARM/../Middlewares/gui/GUI/Widget\
#        -I
#        E:\DLP_Proj\DLP_source\branches\DLP_opensource\EWARM/../Middlewares/gui/GUI/WM\
#        -I
#        E:\DLP_Proj\DLP_source\branches\DLP_opensource\EWARM/../Middlewares/gui/GUI_X\
#        -I
#        E:\DLP_Proj\DLP_source\branches\DLP_opensource\EWARM/../Middlewares/gui/Config\
#        -I E:\DLP_Proj\DLP_source\branches\DLP_opensource\EWARM/../User/ui\ -I
#        E:\DLP_Proj\DLP_source\branches\DLP_opensource\EWARM/../User/ui/Multi_language\
#        -I
#        E:\DLP_Proj\DLP_source\branches\DLP_opensource\EWARM/../User/ui/QRENCODE\
#        -Om --eec++ -I "C:\Program Files (x86)\IAR Systems\Embedded Workbench
#        7.0\arm\CMSIS\Include\"
#    List file    =  
#        E:\DLP_Proj\DLP_source\branches\DLP_opensource\EWARM\mksDLP/List\watchdog.lst
#    Object file  =  
#        E:\DLP_Proj\DLP_source\branches\DLP_opensource\EWARM\mksDLP/Obj\watchdog.o
#
###############################################################################

E:\DLP_Proj\DLP_source\branches\DLP_opensource\Middlewares\Third_Party\Marlin\watchdog.cpp
      1          /**
      2           * Marlin 3D Printer Firmware
      3           * Copyright (C) 2016 MarlinFirmware [https://github.com/MarlinFirmware/Marlin]
      4           *
      5           * Based on Sprinter and grbl.
      6           * Copyright (C) 2011 Camiel Gubbels / Erik van der Zalm
      7           *
      8           * This program is free software: you can redistribute it and/or modify
      9           * it under the terms of the GNU General Public License as published by
     10           * the Free Software Foundation, either version 3 of the License, or
     11           * (at your option) any later version.
     12           *
     13           * This program is distributed in the hope that it will be useful,
     14           * but WITHOUT ANY WARRANTY; without even the implied warranty of
     15           * MERCHANTABILITY or FITNESS FOR A PARTICULAR PURPOSE.  See the
     16           * GNU General Public License for more details.
     17           *
     18           * You should have received a copy of the GNU General Public License
     19           * along with this program.  If not, see <http://www.gnu.org/licenses/>.
     20           *
     21           */
     22          
     23          #include "Marlin.h"

    #define MIN_SOFTWARE_ENDSTOPS mksCfg.min_software_endstops	/*--mks cfg--*/
            ^
"E:\DLP_Proj\DLP_source\branches\DLP_opensource\Middlewares\Third_Party\Marlin\Configuration.h",824  Warning[Pe047]: 
          incompatible redefinition of macro "MIN_SOFTWARE_ENDSTOPS" (declared
          at line 819)

    #define MAX_SOFTWARE_ENDSTOPS mksCfg.max_software_endstops	/*--mks cfg--*/
            ^
"E:\DLP_Proj\DLP_source\branches\DLP_opensource\Middlewares\Third_Party\Marlin\Configuration.h",834  Warning[Pe047]: 
          incompatible redefinition of macro "MAX_SOFTWARE_ENDSTOPS" (declared
          at line 829)

  #define UNUSED(x) ((void)(x))
          ^
"E:\DLP_Proj\DLP_source\branches\DLP_opensource\Drivers\STM32F4xx_HAL_Driver\Inc\stm32f4xx_hal_def.h",87  Warning[Pe047]: 
          incompatible redefinition of macro "UNUSED" (declared at line 101 of
          "E:\DLP_Proj\DLP_source\branches\DLP_opensource\Middlewares\Third_Par
          ty\Marlin\macros.h")

  		volatile volatile float desireBedTempBak;
  		         ^
"E:\DLP_Proj\DLP_source\branches\DLP_opensource\Inc\mks_cfg.h",351  Warning[Pe083]: 
          type qualifier specified more than once

  #define strcpy_P(dest, src) strcpy((dest), (src))
          ^
"E:\DLP_Proj\DLP_source\branches\DLP_opensource\Middlewares\arduino\stm32\cores\arduino\avr\pgmspace.h",23  Warning[Pe047]: 
          incompatible redefinition of macro "strcpy_P" (declared at line 93
          of
          "E:\DLP_Proj\DLP_source\branches\DLP_opensource\Middlewares\Third_Par
          ty\Marlin\Marlin_export.h")

  #define strstr_P(a, b) strstr((a), (b))
          ^
"E:\DLP_Proj\DLP_source\branches\DLP_opensource\Middlewares\arduino\stm32\cores\arduino\avr\pgmspace.h",26  Warning[Pe047]: 
          incompatible redefinition of macro "strstr_P" (declared at line 94
          of
          "E:\DLP_Proj\DLP_source\branches\DLP_opensource\Middlewares\Third_Par
          ty\Marlin\Marlin_export.h")

  #define sprintf_P(s, f, ...) sprintf((s), (f), __VA_ARGS__)
          ^
"E:\DLP_Proj\DLP_source\branches\DLP_opensource\Middlewares\arduino\stm32\cores\arduino\avr\pgmspace.h",28  Warning[Pe047]: 
          incompatible redefinition of macro "sprintf_P" (declared at line 95
          of
          "E:\DLP_Proj\DLP_source\branches\DLP_opensource\Middlewares\Third_Par
          ty\Marlin\Marlin_export.h")

  #define pgm_read_word_near(addr) pgm_read_word(addr)
          ^
"E:\DLP_Proj\DLP_source\branches\DLP_opensource\Middlewares\arduino\stm32\cores\arduino\avr\pgmspace.h",38  Warning[Pe047]: 
          incompatible redefinition of macro "pgm_read_word_near" (declared at
          line 65 of
          "E:\DLP_Proj\DLP_source\branches\DLP_opensource\Middlewares\Third_Par
          ty\Marlin\Marlin_export.h")

  #define IS_IWDG_PRESCALER(PRESCALER) (((PRESCALER) == IWDG_Prescaler_4)  || \
          ^
"E:\DLP_Proj\DLP_source\branches\DLP_opensource\Drivers\libstmf4\include\stm32f4xx_iwdg.h",80  Warning[Pe047]: 
          incompatible redefinition of macro "IS_IWDG_PRESCALER" (declared at
          line 209 of
          "E:\DLP_Proj\DLP_source\branches\DLP_opensource\Drivers\STM32F4xx_HAL
          _Driver\Inc\stm32f4xx_hal_iwdg.h")

  #define IS_IWDG_RELOAD(RELOAD) ((RELOAD) <= 0xFFF)
          ^
"E:\DLP_Proj\DLP_source\branches\DLP_opensource\Drivers\libstmf4\include\stm32f4xx_iwdg.h",97  Warning[Pe047]: 
          incompatible redefinition of macro "IS_IWDG_RELOAD" (declared at
          line 222 of
          "E:\DLP_Proj\DLP_source\branches\DLP_opensource\Drivers\STM32F4xx_HAL
          _Driver\Inc\stm32f4xx_hal_iwdg.h")

  #define IS_FSMC_NORSRAM_BANK(BANK) (((BANK) == FSMC_Bank1_NORSRAM1) || \
          ^
"E:\DLP_Proj\DLP_source\branches\DLP_opensource\Drivers\libstmf4\include\stm32f4xx_fsmc.h",272  Warning[Pe047]: 
          incompatible redefinition of macro "IS_FSMC_NORSRAM_BANK" (declared
          at line 834 of
          "E:\DLP_Proj\DLP_source\branches\DLP_opensource\Drivers\STM32F4xx_HAL
          _Driver\Inc\stm32f4xx_ll_fsmc.h")

  #define IS_FSMC_NAND_BANK(BANK) (((BANK) == FSMC_Bank2_NAND) || \
          ^
"E:\DLP_Proj\DLP_source\branches\DLP_opensource\Drivers\libstmf4\include\stm32f4xx_fsmc.h",277  Warning[Pe047]: 
          incompatible redefinition of macro "IS_FSMC_NAND_BANK" (declared at
          line 855 of
          "E:\DLP_Proj\DLP_source\branches\DLP_opensource\Drivers\STM32F4xx_HAL
          _Driver\Inc\stm32f4xx_ll_fsmc.h")

  #define IS_FSMC_MUX(MUX) (((MUX) == FSMC_DataAddressMux_Disable) || \
          ^
"E:\DLP_Proj\DLP_source\branches\DLP_opensource\Drivers\libstmf4\include\stm32f4xx_fsmc.h",298  Warning[Pe047]: 
          incompatible redefinition of macro "IS_FSMC_MUX" (declared at line
          839 of
          "E:\DLP_Proj\DLP_source\branches\DLP_opensource\Drivers\STM32F4xx_HAL
          _Driver\Inc\stm32f4xx_ll_fsmc.h")

  #define IS_FSMC_MEMORY(MEMORY) (((MEMORY) == FSMC_MemoryType_SRAM) || \
          ^
"E:\DLP_Proj\DLP_source\branches\DLP_opensource\Drivers\libstmf4\include\stm32f4xx_fsmc.h",311  Warning[Pe047]: 
          incompatible redefinition of macro "IS_FSMC_MEMORY" (declared at
          line 842 of
          "E:\DLP_Proj\DLP_source\branches\DLP_opensource\Drivers\STM32F4xx_HAL
          _Driver\Inc\stm32f4xx_ll_fsmc.h")

  #define IS_FSMC_BURSTMODE(STATE) (((STATE) == FSMC_BurstAccessMode_Disable) || \
          ^
"E:\DLP_Proj\DLP_source\branches\DLP_opensource\Drivers\libstmf4\include\stm32f4xx_fsmc.h",336  Warning[Pe047]: 
          incompatible redefinition of macro "IS_FSMC_BURSTMODE" (declared at
          line 894 of
          "E:\DLP_Proj\DLP_source\branches\DLP_opensource\Drivers\STM32F4xx_HAL
          _Driver\Inc\stm32f4xx_ll_fsmc.h")

  #define IS_FSMC_ASYNWAIT(STATE) (((STATE) == FSMC_AsynchronousWait_Disable) || \
          ^
"E:\DLP_Proj\DLP_source\branches\DLP_opensource\Drivers\libstmf4\include\stm32f4xx_fsmc.h",347  Warning[Pe047]: 
          incompatible redefinition of macro "IS_FSMC_ASYNWAIT" (declared at
          line 915 of
          "E:\DLP_Proj\DLP_source\branches\DLP_opensource\Drivers\STM32F4xx_HAL
          _Driver\Inc\stm32f4xx_ll_fsmc.h")

  #define IS_FSMC_WAIT_POLARITY(POLARITY) (((POLARITY) == FSMC_WaitSignalPolarity_Low) || \
          ^
"E:\DLP_Proj\DLP_source\branches\DLP_opensource\Drivers\libstmf4\include\stm32f4xx_fsmc.h",358  Warning[Pe047]: 
          incompatible redefinition of macro "IS_FSMC_WAIT_POLARITY" (declared
          at line 897 of
          "E:\DLP_Proj\DLP_source\branches\DLP_opensource\Drivers\STM32F4xx_HAL
          _Driver\Inc\stm32f4xx_ll_fsmc.h")

  #define IS_FSMC_WRAP_MODE(MODE) (((MODE) == FSMC_WrapMode_Disable) || \
          ^
"E:\DLP_Proj\DLP_source\branches\DLP_opensource\Drivers\libstmf4\include\stm32f4xx_fsmc.h",369  Warning[Pe047]: 
          incompatible redefinition of macro "IS_FSMC_WRAP_MODE" (declared at
          line 900 of
          "E:\DLP_Proj\DLP_source\branches\DLP_opensource\Drivers\STM32F4xx_HAL
          _Driver\Inc\stm32f4xx_ll_fsmc.h")

  #define IS_FSMC_WAIT_SIGNAL_ACTIVE(ACTIVE) (((ACTIVE) == FSMC_WaitSignalActive_BeforeWaitState) || \
          ^
"E:\DLP_Proj\DLP_source\branches\DLP_opensource\Drivers\libstmf4\include\stm32f4xx_fsmc.h",380  Warning[Pe047]: 
          incompatible redefinition of macro "IS_FSMC_WAIT_SIGNAL_ACTIVE"
          (declared at line 903 of
          "E:\DLP_Proj\DLP_source\branches\DLP_opensource\Drivers\STM32F4xx_HAL
          _Driver\Inc\stm32f4xx_ll_fsmc.h")

  #define IS_FSMC_WRITE_OPERATION(OPERATION) (((OPERATION) == FSMC_WriteOperation_Disable) || \
          ^
"E:\DLP_Proj\DLP_source\branches\DLP_opensource\Drivers\libstmf4\include\stm32f4xx_fsmc.h",391  Warning[Pe047]: 
          incompatible redefinition of macro "IS_FSMC_WRITE_OPERATION"
          (declared at line 906 of
          "E:\DLP_Proj\DLP_source\branches\DLP_opensource\Drivers\STM32F4xx_HAL
          _Driver\Inc\stm32f4xx_ll_fsmc.h")

  #define IS_FSMC_WAITE_SIGNAL(SIGNAL) (((SIGNAL) == FSMC_WaitSignal_Disable) || \
          ^
"E:\DLP_Proj\DLP_source\branches\DLP_opensource\Drivers\libstmf4\include\stm32f4xx_fsmc.h",402  Warning[Pe047]: 
          incompatible redefinition of macro "IS_FSMC_WAITE_SIGNAL" (declared
          at line 909 of
          "E:\DLP_Proj\DLP_source\branches\DLP_opensource\Drivers\STM32F4xx_HAL
          _Driver\Inc\stm32f4xx_ll_fsmc.h")

  #define IS_FSMC_EXTENDED_MODE(MODE) (((MODE) == FSMC_ExtendedMode_Disable) || \
          ^
"E:\DLP_Proj\DLP_source\branches\DLP_opensource\Drivers\libstmf4\include\stm32f4xx_fsmc.h",414  Warning[Pe047]: 
          incompatible redefinition of macro "IS_FSMC_EXTENDED_MODE" (declared
          at line 912 of
          "E:\DLP_Proj\DLP_source\branches\DLP_opensource\Drivers\STM32F4xx_HAL
          _Driver\Inc\stm32f4xx_ll_fsmc.h")

  #define IS_FSMC_WRITE_BURST(BURST) (((BURST) == FSMC_WriteBurst_Disable) || \
          ^
"E:\DLP_Proj\DLP_source\branches\DLP_opensource\Drivers\libstmf4\include\stm32f4xx_fsmc.h",426  Warning[Pe047]: 
          incompatible redefinition of macro "IS_FSMC_WRITE_BURST" (declared
          at line 920 of
          "E:\DLP_Proj\DLP_source\branches\DLP_opensource\Drivers\STM32F4xx_HAL
          _Driver\Inc\stm32f4xx_ll_fsmc.h")

  #define IS_FSMC_ADDRESS_SETUP_TIME(TIME) ((TIME) <= 0xF)
          ^
"E:\DLP_Proj\DLP_source\branches\DLP_opensource\Drivers\libstmf4\include\stm32f4xx_fsmc.h",435  Warning[Pe047]: 
          incompatible redefinition of macro "IS_FSMC_ADDRESS_SETUP_TIME"
          (declared at line 923 of
          "E:\DLP_Proj\DLP_source\branches\DLP_opensource\Drivers\STM32F4xx_HAL
          _Driver\Inc\stm32f4xx_ll_fsmc.h")

  #define IS_FSMC_ADDRESS_HOLD_TIME(TIME) ((TIME) <= 0xF)
          ^
"E:\DLP_Proj\DLP_source\branches\DLP_opensource\Drivers\libstmf4\include\stm32f4xx_fsmc.h",443  Warning[Pe047]: 
          incompatible redefinition of macro "IS_FSMC_ADDRESS_HOLD_TIME"
          (declared at line 925 of
          "E:\DLP_Proj\DLP_source\branches\DLP_opensource\Drivers\STM32F4xx_HAL
          _Driver\Inc\stm32f4xx_ll_fsmc.h")

  #define IS_FSMC_DATASETUP_TIME(TIME) (((TIME) > 0) && ((TIME) <= 0xFF))
          ^
"E:\DLP_Proj\DLP_source\branches\DLP_opensource\Drivers\libstmf4\include\stm32f4xx_fsmc.h",451  Warning[Pe047]: 
          incompatible redefinition of macro "IS_FSMC_DATASETUP_TIME"
          (declared at line 927 of
          "E:\DLP_Proj\DLP_source\branches\DLP_opensource\Drivers\STM32F4xx_HAL
          _Driver\Inc\stm32f4xx_ll_fsmc.h")

  #define IS_FSMC_TURNAROUND_TIME(TIME) ((TIME) <= 0xF)
          ^
"E:\DLP_Proj\DLP_source\branches\DLP_opensource\Drivers\libstmf4\include\stm32f4xx_fsmc.h",459  Warning[Pe047]: 
          incompatible redefinition of macro "IS_FSMC_TURNAROUND_TIME"
          (declared at line 929 of
          "E:\DLP_Proj\DLP_source\branches\DLP_opensource\Drivers\STM32F4xx_HAL
          _Driver\Inc\stm32f4xx_ll_fsmc.h")

  #define IS_FSMC_CLK_DIV(DIV) ((DIV) <= 0xF)
          ^
"E:\DLP_Proj\DLP_source\branches\DLP_opensource\Drivers\libstmf4\include\stm32f4xx_fsmc.h",467  Warning[Pe047]: 
          incompatible redefinition of macro "IS_FSMC_CLK_DIV" (declared at
          line 934 of
          "E:\DLP_Proj\DLP_source\branches\DLP_opensource\Drivers\STM32F4xx_HAL
          _Driver\Inc\stm32f4xx_ll_fsmc.h")

  #define IS_FSMC_DATA_LATENCY(LATENCY) ((LATENCY) <= 0xF)
          ^
"E:\DLP_Proj\DLP_source\branches\DLP_opensource\Drivers\libstmf4\include\stm32f4xx_fsmc.h",475  Warning[Pe047]: 
          incompatible redefinition of macro "IS_FSMC_DATA_LATENCY" (declared
          at line 918 of
          "E:\DLP_Proj\DLP_source\branches\DLP_opensource\Drivers\STM32F4xx_HAL
          _Driver\Inc\stm32f4xx_ll_fsmc.h")

  #define IS_FSMC_ACCESS_MODE(MODE) (((MODE) == FSMC_AccessMode_A) || \
          ^
"E:\DLP_Proj\DLP_source\branches\DLP_opensource\Drivers\libstmf4\include\stm32f4xx_fsmc.h",487  Warning[Pe047]: 
          incompatible redefinition of macro "IS_FSMC_ACCESS_MODE" (declared
          at line 850 of
          "E:\DLP_Proj\DLP_source\branches\DLP_opensource\Drivers\STM32F4xx_HAL
          _Driver\Inc\stm32f4xx_ll_fsmc.h")

  #define IS_FSMC_WAIT_FEATURE(FEATURE) (((FEATURE) == FSMC_Waitfeature_Disable) || \
          ^
"E:\DLP_Proj\DLP_source\branches\DLP_opensource\Drivers\libstmf4\include\stm32f4xx_fsmc.h",508  Warning[Pe047]: 
          incompatible redefinition of macro "IS_FSMC_WAIT_FEATURE" (declared
          at line 858 of
          "E:\DLP_Proj\DLP_source\branches\DLP_opensource\Drivers\STM32F4xx_HAL
          _Driver\Inc\stm32f4xx_ll_fsmc.h")

  #define IS_FSMC_ECC_STATE(STATE) (((STATE) == FSMC_ECC_Disable) || \
          ^
"E:\DLP_Proj\DLP_source\branches\DLP_opensource\Drivers\libstmf4\include\stm32f4xx_fsmc.h",520  Warning[Pe047]: 
          incompatible redefinition of macro "IS_FSMC_ECC_STATE" (declared at
          line 864 of
          "E:\DLP_Proj\DLP_source\branches\DLP_opensource\Drivers\STM32F4xx_HAL
          _Driver\Inc\stm32f4xx_ll_fsmc.h")

  #define IS_FSMC_ECCPAGE_SIZE(SIZE) (((SIZE) == FSMC_ECCPageSize_256Bytes) || \
          ^
"E:\DLP_Proj\DLP_source\branches\DLP_opensource\Drivers\libstmf4\include\stm32f4xx_fsmc.h",535  Warning[Pe047]: 
          incompatible redefinition of macro "IS_FSMC_ECCPAGE_SIZE" (declared
          at line 867 of
          "E:\DLP_Proj\DLP_source\branches\DLP_opensource\Drivers\STM32F4xx_HAL
          _Driver\Inc\stm32f4xx_ll_fsmc.h")

  #define IS_FSMC_TCLR_TIME(TIME) ((TIME) <= 0xFF)
          ^
"E:\DLP_Proj\DLP_source\branches\DLP_opensource\Drivers\libstmf4\include\stm32f4xx_fsmc.h",548  Warning[Pe047]: 
          incompatible redefinition of macro "IS_FSMC_TCLR_TIME" (declared at
          line 874 of
          "E:\DLP_Proj\DLP_source\branches\DLP_opensource\Drivers\STM32F4xx_HAL
          _Driver\Inc\stm32f4xx_ll_fsmc.h")

  #define IS_FSMC_TAR_TIME(TIME) ((TIME) <= 0xFF)
          ^
"E:\DLP_Proj\DLP_source\branches\DLP_opensource\Drivers\libstmf4\include\stm32f4xx_fsmc.h",556  Warning[Pe047]: 
          incompatible redefinition of macro "IS_FSMC_TAR_TIME" (declared at
          line 876 of
          "E:\DLP_Proj\DLP_source\branches\DLP_opensource\Drivers\STM32F4xx_HAL
          _Driver\Inc\stm32f4xx_ll_fsmc.h")

  #define IS_FSMC_SETUP_TIME(TIME) ((TIME) <= 0xFF)
          ^
"E:\DLP_Proj\DLP_source\branches\DLP_opensource\Drivers\libstmf4\include\stm32f4xx_fsmc.h",564  Warning[Pe047]: 
          incompatible redefinition of macro "IS_FSMC_SETUP_TIME" (declared at
          line 878 of
          "E:\DLP_Proj\DLP_source\branches\DLP_opensource\Drivers\STM32F4xx_HAL
          _Driver\Inc\stm32f4xx_ll_fsmc.h")

  #define IS_FSMC_WAIT_TIME(TIME) ((TIME) <= 0xFF)
          ^
"E:\DLP_Proj\DLP_source\branches\DLP_opensource\Drivers\libstmf4\include\stm32f4xx_fsmc.h",572  Warning[Pe047]: 
          incompatible redefinition of macro "IS_FSMC_WAIT_TIME" (declared at
          line 880 of
          "E:\DLP_Proj\DLP_source\branches\DLP_opensource\Drivers\STM32F4xx_HAL
          _Driver\Inc\stm32f4xx_ll_fsmc.h")

  #define IS_FSMC_HOLD_TIME(TIME) ((TIME) <= 0xFF)
          ^
"E:\DLP_Proj\DLP_source\branches\DLP_opensource\Drivers\libstmf4\include\stm32f4xx_fsmc.h",580  Warning[Pe047]: 
          incompatible redefinition of macro "IS_FSMC_HOLD_TIME" (declared at
          line 882 of
          "E:\DLP_Proj\DLP_source\branches\DLP_opensource\Drivers\STM32F4xx_HAL
          _Driver\Inc\stm32f4xx_ll_fsmc.h")

  #define IS_FSMC_HIZ_TIME(TIME) ((TIME) <= 0xFF)
          ^
"E:\DLP_Proj\DLP_source\branches\DLP_opensource\Drivers\libstmf4\include\stm32f4xx_fsmc.h",588  Warning[Pe047]: 
          incompatible redefinition of macro "IS_FSMC_HIZ_TIME" (declared at
          line 884 of
          "E:\DLP_Proj\DLP_source\branches\DLP_opensource\Drivers\STM32F4xx_HAL
          _Driver\Inc\stm32f4xx_ll_fsmc.h")

  #define FSMC_FLAG_FEMPT                          ((uint32_t)0x00000040)
          ^
"E:\DLP_Proj\DLP_source\branches\DLP_opensource\Drivers\libstmf4\include\stm32f4xx_fsmc.h",613  Warning[Pe047]: 
          incompatible redefinition of macro "FSMC_FLAG_FEMPT" (declared at
          line 530 of
          "E:\DLP_Proj\DLP_source\branches\DLP_opensource\Drivers\STM32F4xx_HAL
          _Driver\Inc\stm32f4xx_ll_fsmc.h")

    #define assert_param(expr) ((void)0)        
            ^
"E:\DLP_Proj\DLP_source\branches\DLP_opensource\Drivers\libstmf4\stm32f4xx_conf.h",149  Warning[Pe047]: 
          incompatible redefinition of macro "assert_param" (declared at line
          431 of
          "E:\DLP_Proj\DLP_source\branches\DLP_opensource\EWARM/../Inc\stm32f4x
          x_hal_conf.h")
     24          
     25          #if ENABLED(USE_WATCHDOG)
     26          
     27          #include "watchdog.h"
     28          
     29          // Initialize watchdog with 8s timeout, if possible. Otherwise, make it 4s.
     30          void watchdog_init() {
     31            #if ENABLED(WATCHDOG_DURATION_8S) && defined(WDTO_8S)
     32              #define WDTO_NS WDTO_8S
     33            #else
     34              #define WDTO_NS WDTO_4S
     35            #endif
     36            #if ENABLED(WATCHDOG_RESET_MANUAL)
     37              // We enable the watchdog timer, but only for the interrupt.
     38              // Take care, as this requires the correct order of operation, with interrupts disabled.
     39              // See the datasheet of any AVR chip for details.
     40              wdt_reset();
     41              cli();
     42              _WD_CONTROL_REG = _BV(_WD_CHANGE_BIT) | _BV(WDE);
     43              _WD_CONTROL_REG = _BV(WDIE) | (WDTO_NS & 0x07) | ((WDTO_NS & 0x08) << 2); // WDTO_NS directly does not work. bit 0-2 are consecutive in the register but the highest value bit is at bit 5
     44                                                                                        // So worked for up to WDTO_2S
     45              sei();
     46              wdt_reset();
     47            #else
     48              wdt_enable(WDTO_NS); // The function handles the upper bit correct.
     49            #endif
     50            //delay(10000); // test it!
     51          }
     52          
     53          //===========================================================================
     54          //=================================== ISR ===================================
     55          //===========================================================================
     56          
     57          // Watchdog timer interrupt, called if main program blocks >4sec and manual reset is enabled.
     58          #if ENABLED(WATCHDOG_RESET_MANUAL)
     59            ISR(WDT_vect) {
     60              sei();  // With the interrupt driven serial we need to allow interrupts.
     61              SERIAL_ERROR_START();
     62              SERIAL_ERRORLNPGM("Watchdog barked, please turn off the printer.");
     63              kill(PSTR("ERR:Watchdog")); //kill blocks //up to 16 characters so it fits on a 16x2 display
     64              while (1); //wait for user or serial reset
     65            }
     66          #endif // WATCHDOG_RESET_MANUAL
     67          
     68          #endif // USE_WATCHDOG


   Section sizes:

   Bytes  Function/Label
   -----  --------------
       1  -- Other

 
 1 byte in section .rodata
 
 0 bytes of CONST memory (+ 1 byte shared)

Errors: none
Warnings: 41
