###############################################################################
#
# IAR ANSI C/C++ Compiler V7.10.1.6676/W32 for ARM        18/Jul/2019  10:59:25
# Copyright 1999-2014 IAR Systems AB.
#
#    Cpu mode     =  thumb
#    Endian       =  little
#    Source file  =  
#        E:\DLP_Proj\DLP_source\branches\DLP_opensource\Middlewares\gui\GUI\Widget\WIDGET_Effect_None.c
#    Command line =  
#        E:\DLP_Proj\DLP_source\branches\DLP_opensource\Middlewares\gui\GUI\Widget\WIDGET_Effect_None.c
#        -D USE_HAL_DRIVER -D STM32F407xx -D STM32F40_41xxx -D USE_HAL_LIB -D
#        MKS_DLP_BOARD -D TFT35 -lC
#        E:\DLP_Proj\DLP_source\branches\DLP_opensource\EWARM\mksDLP/List\ -lA
#        E:\DLP_Proj\DLP_source\branches\DLP_opensource\EWARM\mksDLP/List\
#        --diag_suppress Pa050 -o
#        E:\DLP_Proj\DLP_source\branches\DLP_opensource\EWARM\mksDLP/Obj\
#        --no_unroll --no_inline --no_tbaa --no_scheduling --debug
#        --endian=little --cpu=Cortex-M4F -e --char_is_signed --fpu=VFPv4_sp
#        --dlib_config "C:\Program Files (x86)\IAR Systems\Embedded Workbench
#        7.0\arm\INC\c\DLib_Config_Full.h" -I
#        E:\DLP_Proj\DLP_source\branches\DLP_opensource\EWARM/../Inc\ -I
#        E:\DLP_Proj\DLP_source\branches\DLP_opensource\EWARM/../Src\ -I
#        E:\DLP_Proj\DLP_source\branches\DLP_opensource\EWARM/../Drivers/STM32F4xx_HAL_Driver/Inc\
#        -I
#        E:\DLP_Proj\DLP_source\branches\DLP_opensource\EWARM/../Drivers/STM32F4xx_HAL_Driver/Inc/Legacy\
#        -I
#        E:\DLP_Proj\DLP_source\branches\DLP_opensource\EWARM/../Middlewares/Third_Party/FatFs/src/drivers\
#        -I
#        E:\DLP_Proj\DLP_source\branches\DLP_opensource\EWARM/../Middlewares/ST/STM32_USB_Host_Library/Core/Inc\
#        -I
#        E:\DLP_Proj\DLP_source\branches\DLP_opensource\EWARM/../Middlewares/ST/STM32_USB_Host_Library/Class/MSC/Inc\
#        -I
#        E:\DLP_Proj\DLP_source\branches\DLP_opensource\EWARM/../Drivers/CMSIS/Device/ST/STM32F4xx/Include\
#        -I
#        E:\DLP_Proj\DLP_source\branches\DLP_opensource\EWARM/../Middlewares/Third_Party/FatFs/src\
#        -I
#        E:\DLP_Proj\DLP_source\branches\DLP_opensource\EWARM/../Middlewares/Third_Party/Marlin\
#        -I
#        E:\DLP_Proj\DLP_source\branches\DLP_opensource\EWARM/../Drivers/CMSIS/Include\
#        -I
#        E:\DLP_Proj\DLP_source\branches\DLP_opensource\EWARM/../Drivers/BSP/variant\
#        -I
#        E:\DLP_Proj\DLP_source\branches\DLP_opensource\EWARM/../Drivers/BSP/Components/at24cxx\
#        -I
#        E:\DLP_Proj\DLP_source\branches\DLP_opensource\EWARM/../Drivers/BSP/Components/w25qxx\
#        -I
#        E:\DLP_Proj\DLP_source\branches\DLP_opensource\EWARM/../Drivers/BSP/Components/ssd2828\
#        -I
#        E:\DLP_Proj\DLP_source\branches\DLP_opensource\EWARM/../Drivers/BSP/Components/lcd\
#        -I
#        E:\DLP_Proj\DLP_source\branches\DLP_opensource\EWARM/../Drivers/libstmf4\
#        -I
#        E:\DLP_Proj\DLP_source\branches\DLP_opensource\EWARM/../Drivers/libstmf4/include\
#        -I
#        E:\DLP_Proj\DLP_source\branches\DLP_opensource\EWARM/../Middlewares/arduino/stm32/cores/arduino\
#        -I
#        E:\DLP_Proj\DLP_source\branches\DLP_opensource\EWARM/../Middlewares/gui\
#        -I
#        E:\DLP_Proj\DLP_source\branches\DLP_opensource\EWARM/../Middlewares/gui/GUI/ConvertColor\
#        -I
#        E:\DLP_Proj\DLP_source\branches\DLP_opensource\EWARM/../Middlewares/gui/GUI/ConvertMono\
#        -I
#        E:\DLP_Proj\DLP_source\branches\DLP_opensource\EWARM/../Middlewares/gui/GUI/Core\
#        -I
#        E:\DLP_Proj\DLP_source\branches\DLP_opensource\EWARM/../Middlewares/gui/GUI/Font\
#        -I
#        E:\DLP_Proj\DLP_source\branches\DLP_opensource\EWARM/../Middlewares/gui/AntiAlias\
#        -I
#        E:\DLP_Proj\DLP_source\branches\DLP_opensource\EWARM/../Middlewares/gui/GUI/GUIDemo\
#        -I
#        E:\DLP_Proj\DLP_source\branches\DLP_opensource\EWARM/../Middlewares/gui/GUI/LCDDriver\
#        -I
#        E:\DLP_Proj\DLP_source\branches\DLP_opensource\EWARM/../Middlewares/gui/GUI/MemDev\
#        -I
#        E:\DLP_Proj\DLP_source\branches\DLP_opensource\EWARM/../Middlewares/gui/GUI/MultiLayer\
#        -I
#        E:\DLP_Proj\DLP_source\branches\DLP_opensource\EWARM/../Middlewares/gui/GUI/Widget\
#        -I
#        E:\DLP_Proj\DLP_source\branches\DLP_opensource\EWARM/../Middlewares/gui/GUI/WM\
#        -I
#        E:\DLP_Proj\DLP_source\branches\DLP_opensource\EWARM/../Middlewares/gui/GUI_X\
#        -I
#        E:\DLP_Proj\DLP_source\branches\DLP_opensource\EWARM/../Middlewares/gui/Config\
#        -I E:\DLP_Proj\DLP_source\branches\DLP_opensource\EWARM/../User/ui\ -I
#        E:\DLP_Proj\DLP_source\branches\DLP_opensource\EWARM/../User/ui/Multi_language\
#        -I
#        E:\DLP_Proj\DLP_source\branches\DLP_opensource\EWARM/../User/ui/QRENCODE\
#        -Om --use_c++_inline -I "C:\Program Files (x86)\IAR Systems\Embedded
#        Workbench 7.0\arm\CMSIS\Include\"
#    List file    =  
#        E:\DLP_Proj\DLP_source\branches\DLP_opensource\EWARM\mksDLP/List\WIDGET_Effect_None.lst
#    Object file  =  
#        E:\DLP_Proj\DLP_source\branches\DLP_opensource\EWARM\mksDLP/Obj\WIDGET_Effect_None.o
#
###############################################################################

E:\DLP_Proj\DLP_source\branches\DLP_opensource\Middlewares\gui\GUI\Widget\WIDGET_Effect_None.c
      1          /*
      2          *********************************************************************************************************
      3          *                                                uC/GUI
      4          *                        Universal graphic software for embedded applications
      5          *
      6          *                       (c) Copyright 2002, Micrium Inc., Weston, FL
      7          *                       (c) Copyright 2002, SEGGER Microcontroller Systeme GmbH
      8          *
      9          *              µC/GUI is protected by international copyright laws. Knowledge of the
     10          *              source code may not be used to write a similar product. This file may
     11          *              only be used in accordance with a license and should not be redistributed
     12          *              in any way. We appreciate your understanding and fairness.
     13          *
     14          ----------------------------------------------------------------------
     15          File        : WIDGET_Effect_None.c
     16          Purpose     : Effect routines
     17          ---------------------------END-OF-HEADER------------------------------
     18          */
     19          
     20          #include <stdlib.h>
     21          #include <string.h>
     22          
     23          #include "WIDGET.h"
     24          #include "GUIDebug.h"
     25          #include "GUI.h"
     26          #include "GUI_Protected.h"
     27          #include "WM_Intern.h"
     28          
     29          #if GUI_WINSUPPORT
     30          
     31          /*********************************************************************
     32          *
     33          *       Macros for internal use
     34          *
     35          **********************************************************************
     36          */
     37          
     38          #define WIDGET_H2P(hWin)        ((WIDGET*)GUI_ALLOC_h2p(hWin))
     39          
     40          /*********************************************************************
     41          *
     42          *       Static routines
     43          *
     44          **********************************************************************
     45          */
     46          /*********************************************************************
     47          *
     48          *       _WIDGET_EFFECT_None_DrawDown
     49          */

   \                                 In section .text, align 2, keep-with-next
     50          static void _WIDGET_EFFECT_None_DrawDown(void) {
     51          }
   \                     _WIDGET_EFFECT_None_DrawDown: (+1)
   \   00000000   0x4770             BX       LR               ;; return
     52          
     53          /*********************************************************************
     54          *
     55          *       _WIDGET_EFFECT_None_DrawUp
     56          */

   \                                 In section .text, align 2, keep-with-next
     57          static void _WIDGET_EFFECT_None_DrawUp(void) {
     58          }
   \                     _WIDGET_EFFECT_None_DrawUp: (+1)
   \   00000000   0x4770             BX       LR               ;; return
     59          
     60          /*********************************************************************
     61          *
     62          *       _WIDGET_EFFECT_None_DrawDownRect
     63          */

   \                                 In section .text, align 2, keep-with-next
     64          static void _WIDGET_EFFECT_None_DrawDownRect(const GUI_RECT* pRect) {
     65            GUI_USE_PARA(pRect);
     66          }
   \                     _WIDGET_EFFECT_None_DrawDownRect: (+1)
   \   00000000   0x4770             BX       LR               ;; return
     67          
     68          /*********************************************************************
     69          *
     70          *       _WIDGET_EFFECT_None_DrawUpRect
     71          */

   \                                 In section .text, align 2, keep-with-next
     72          static void _WIDGET_EFFECT_None_DrawUpRect(const GUI_RECT* pRect) {
     73            GUI_USE_PARA(pRect);
     74          }
   \                     _WIDGET_EFFECT_None_DrawUpRect: (+1)
   \   00000000   0x4770             BX       LR               ;; return
     75          
     76          /*********************************************************************
     77          *
     78          *       _WIDGET_EFFECT_None_GetRect
     79          */

   \                                 In section .text, align 2, keep-with-next
     80          static void _WIDGET_EFFECT_None_GetRect(GUI_RECT * pRect) {
     81            WM_GetClientRect(pRect);
   \                     _WIDGET_EFFECT_None_GetRect: (+1)
   \   00000000   0x.... 0x....      B.W      WM_GetClientRect
     82          }
     83          
     84          /*********************************************************************
     85          *
     86          *       Public routines
     87          *
     88          **********************************************************************
     89          */
     90          /*********************************************************************
     91          *
     92          *       WIDGET_SetDefaultEffect_None
     93          */

   \                                 In section .text, align 2, keep-with-next
     94          void WIDGET_SetDefaultEffect_None(void) {
     95            WIDGET_SetDefaultEffect(&WIDGET_Effect_None);
   \                     WIDGET_SetDefaultEffect_None: (+1)
   \   00000000   0x.... 0x....      ADR.W    R0,WIDGET_Effect_None
   \   00000004   0x.... 0x....      B.W      WIDGET_SetDefaultEffect
     96          }
     97          
     98          /*********************************************************************
     99          *
    100          *       Effect tables --- Mainly function pointers
    101          *
    102          **********************************************************************
    103          */
    104          

   \                                 In section .text, align 4, keep-with-next
    105          const WIDGET_EFFECT WIDGET_Effect_None = {
   \                     WIDGET_Effect_None:
   \   00000000   0x........         DC32 _WIDGET_EFFECT_None_DrawUp, _WIDGET_EFFECT_None_DrawDown
   \              0x........   
   \   00000008   0x........         DC32 _WIDGET_EFFECT_None_DrawUpRect, _WIDGET_EFFECT_None_DrawDownRect
   \              0x........   
   \   00000010   0x........         DC32 _WIDGET_EFFECT_None_GetRect, 0
   \              0x00000000   
    106            _WIDGET_EFFECT_None_DrawUp,
    107            _WIDGET_EFFECT_None_DrawDown,
    108            _WIDGET_EFFECT_None_DrawUpRect,
    109            _WIDGET_EFFECT_None_DrawDownRect,
    110            _WIDGET_EFFECT_None_GetRect,
    111            0
    112          };
    113          
    114          #else                            /* Avoid problems with empty object modules */
    115            void WIDGET_Effect_None_C(void) {}
    116          #endif /* GUI_WINSUPPORT */
    117          
    118          /*************************** End of file ****************************/

   Maximum stack usage in bytes:

   .cstack Function
   ------- --------
       0   WIDGET_SetDefaultEffect_None
         0   -> WIDGET_SetDefaultEffect
       0   _WIDGET_EFFECT_None_DrawDown
       0   _WIDGET_EFFECT_None_DrawDownRect
       0   _WIDGET_EFFECT_None_DrawUp
       0   _WIDGET_EFFECT_None_DrawUpRect
       0   _WIDGET_EFFECT_None_GetRect
         0   -> WM_GetClientRect


   Section sizes:

   Bytes  Function/Label
   -----  --------------
      24  WIDGET_Effect_None
       8  WIDGET_SetDefaultEffect_None
       2  _WIDGET_EFFECT_None_DrawDown
       2  _WIDGET_EFFECT_None_DrawDownRect
       2  _WIDGET_EFFECT_None_DrawUp
       2  _WIDGET_EFFECT_None_DrawUpRect
       4  _WIDGET_EFFECT_None_GetRect

 
 44 bytes in section .text
 
 44 bytes of CODE memory

Errors: none
Warnings: none
