###############################################################################
#
# IAR ANSI C/C++ Compiler V7.10.1.6676/W32 for ARM        18/Jul/2019  10:59:25
# Copyright 1999-2014 IAR Systems AB.
#
#    Cpu mode     =  thumb
#    Endian       =  little
#    Source file  =  
#        E:\DLP_Proj\DLP_source\branches\DLP_opensource\Middlewares\gui\GUI\Widget\WIDGET_Effect_3D.c
#    Command line =  
#        E:\DLP_Proj\DLP_source\branches\DLP_opensource\Middlewares\gui\GUI\Widget\WIDGET_Effect_3D.c
#        -D USE_HAL_DRIVER -D STM32F407xx -D STM32F40_41xxx -D USE_HAL_LIB -D
#        MKS_DLP_BOARD -D TFT35 -lC
#        E:\DLP_Proj\DLP_source\branches\DLP_opensource\EWARM\mksDLP/List\ -lA
#        E:\DLP_Proj\DLP_source\branches\DLP_opensource\EWARM\mksDLP/List\
#        --diag_suppress Pa050 -o
#        E:\DLP_Proj\DLP_source\branches\DLP_opensource\EWARM\mksDLP/Obj\
#        --no_unroll --no_inline --no_tbaa --no_scheduling --debug
#        --endian=little --cpu=Cortex-M4F -e --char_is_signed --fpu=VFPv4_sp
#        --dlib_config "C:\Program Files (x86)\IAR Systems\Embedded Workbench
#        7.0\arm\INC\c\DLib_Config_Full.h" -I
#        E:\DLP_Proj\DLP_source\branches\DLP_opensource\EWARM/../Inc\ -I
#        E:\DLP_Proj\DLP_source\branches\DLP_opensource\EWARM/../Src\ -I
#        E:\DLP_Proj\DLP_source\branches\DLP_opensource\EWARM/../Drivers/STM32F4xx_HAL_Driver/Inc\
#        -I
#        E:\DLP_Proj\DLP_source\branches\DLP_opensource\EWARM/../Drivers/STM32F4xx_HAL_Driver/Inc/Legacy\
#        -I
#        E:\DLP_Proj\DLP_source\branches\DLP_opensource\EWARM/../Middlewares/Third_Party/FatFs/src/drivers\
#        -I
#        E:\DLP_Proj\DLP_source\branches\DLP_opensource\EWARM/../Middlewares/ST/STM32_USB_Host_Library/Core/Inc\
#        -I
#        E:\DLP_Proj\DLP_source\branches\DLP_opensource\EWARM/../Middlewares/ST/STM32_USB_Host_Library/Class/MSC/Inc\
#        -I
#        E:\DLP_Proj\DLP_source\branches\DLP_opensource\EWARM/../Drivers/CMSIS/Device/ST/STM32F4xx/Include\
#        -I
#        E:\DLP_Proj\DLP_source\branches\DLP_opensource\EWARM/../Middlewares/Third_Party/FatFs/src\
#        -I
#        E:\DLP_Proj\DLP_source\branches\DLP_opensource\EWARM/../Middlewares/Third_Party/Marlin\
#        -I
#        E:\DLP_Proj\DLP_source\branches\DLP_opensource\EWARM/../Drivers/CMSIS/Include\
#        -I
#        E:\DLP_Proj\DLP_source\branches\DLP_opensource\EWARM/../Drivers/BSP/variant\
#        -I
#        E:\DLP_Proj\DLP_source\branches\DLP_opensource\EWARM/../Drivers/BSP/Components/at24cxx\
#        -I
#        E:\DLP_Proj\DLP_source\branches\DLP_opensource\EWARM/../Drivers/BSP/Components/w25qxx\
#        -I
#        E:\DLP_Proj\DLP_source\branches\DLP_opensource\EWARM/../Drivers/BSP/Components/ssd2828\
#        -I
#        E:\DLP_Proj\DLP_source\branches\DLP_opensource\EWARM/../Drivers/BSP/Components/lcd\
#        -I
#        E:\DLP_Proj\DLP_source\branches\DLP_opensource\EWARM/../Drivers/libstmf4\
#        -I
#        E:\DLP_Proj\DLP_source\branches\DLP_opensource\EWARM/../Drivers/libstmf4/include\
#        -I
#        E:\DLP_Proj\DLP_source\branches\DLP_opensource\EWARM/../Middlewares/arduino/stm32/cores/arduino\
#        -I
#        E:\DLP_Proj\DLP_source\branches\DLP_opensource\EWARM/../Middlewares/gui\
#        -I
#        E:\DLP_Proj\DLP_source\branches\DLP_opensource\EWARM/../Middlewares/gui/GUI/ConvertColor\
#        -I
#        E:\DLP_Proj\DLP_source\branches\DLP_opensource\EWARM/../Middlewares/gui/GUI/ConvertMono\
#        -I
#        E:\DLP_Proj\DLP_source\branches\DLP_opensource\EWARM/../Middlewares/gui/GUI/Core\
#        -I
#        E:\DLP_Proj\DLP_source\branches\DLP_opensource\EWARM/../Middlewares/gui/GUI/Font\
#        -I
#        E:\DLP_Proj\DLP_source\branches\DLP_opensource\EWARM/../Middlewares/gui/AntiAlias\
#        -I
#        E:\DLP_Proj\DLP_source\branches\DLP_opensource\EWARM/../Middlewares/gui/GUI/GUIDemo\
#        -I
#        E:\DLP_Proj\DLP_source\branches\DLP_opensource\EWARM/../Middlewares/gui/GUI/LCDDriver\
#        -I
#        E:\DLP_Proj\DLP_source\branches\DLP_opensource\EWARM/../Middlewares/gui/GUI/MemDev\
#        -I
#        E:\DLP_Proj\DLP_source\branches\DLP_opensource\EWARM/../Middlewares/gui/GUI/MultiLayer\
#        -I
#        E:\DLP_Proj\DLP_source\branches\DLP_opensource\EWARM/../Middlewares/gui/GUI/Widget\
#        -I
#        E:\DLP_Proj\DLP_source\branches\DLP_opensource\EWARM/../Middlewares/gui/GUI/WM\
#        -I
#        E:\DLP_Proj\DLP_source\branches\DLP_opensource\EWARM/../Middlewares/gui/GUI_X\
#        -I
#        E:\DLP_Proj\DLP_source\branches\DLP_opensource\EWARM/../Middlewares/gui/Config\
#        -I E:\DLP_Proj\DLP_source\branches\DLP_opensource\EWARM/../User/ui\ -I
#        E:\DLP_Proj\DLP_source\branches\DLP_opensource\EWARM/../User/ui/Multi_language\
#        -I
#        E:\DLP_Proj\DLP_source\branches\DLP_opensource\EWARM/../User/ui/QRENCODE\
#        -Om --use_c++_inline -I "C:\Program Files (x86)\IAR Systems\Embedded
#        Workbench 7.0\arm\CMSIS\Include\"
#    List file    =  
#        E:\DLP_Proj\DLP_source\branches\DLP_opensource\EWARM\mksDLP/List\WIDGET_Effect_3D.lst
#    Object file  =  
#        E:\DLP_Proj\DLP_source\branches\DLP_opensource\EWARM\mksDLP/Obj\WIDGET_Effect_3D.o
#
###############################################################################

E:\DLP_Proj\DLP_source\branches\DLP_opensource\Middlewares\gui\GUI\Widget\WIDGET_Effect_3D.c
      1          /*
      2          *********************************************************************************************************
      3          *                                                uC/GUI
      4          *                        Universal graphic software for embedded applications
      5          *
      6          *                       (c) Copyright 2002, Micrium Inc., Weston, FL
      7          *                       (c) Copyright 2002, SEGGER Microcontroller Systeme GmbH
      8          *
      9          *              µC/GUI is protected by international copyright laws. Knowledge of the
     10          *              source code may not be used to write a similar product. This file may
     11          *              only be used in accordance with a license and should not be redistributed
     12          *              in any way. We appreciate your understanding and fairness.
     13          *
     14          ----------------------------------------------------------------------
     15          File        : WIDGET_Effect_3D.c
     16          Purpose     : Effect routines
     17          ---------------------------END-OF-HEADER------------------------------
     18          */
     19          
     20          #include <stdlib.h>
     21          #include <string.h>
     22          
     23          #include "WIDGET.h"
     24          #include "GUIDebug.h"
     25          #include "GUI.h"
     26          #include "GUI_Protected.h"
     27          #include "WM_Intern.h"
     28          
     29          #if GUI_WINSUPPORT
     30          
     31          /*********************************************************************
     32          *
     33          *       Macros for internal use
     34          *
     35          **********************************************************************
     36          */
     37          
     38          #define WIDGET_H2P(hWin)        ((WIDGET*)GUI_ALLOC_h2p(hWin))
     39          
     40          /*********************************************************************
     41          *
     42          *       Static routines
     43          *
     44          **********************************************************************
     45          */
     46          /*********************************************************************
     47          *
     48          *       _WIDGET_EFFECT_3D_DrawUpRect
     49          *
     50          * Add. info:
     51          *   This routine does not preserve the drawing colors for speed
     52          *   reasons. If this is required, it should be done in the calling
     53          *   routine.
     54          */

   \                                 In section .text, align 2, keep-with-next
     55          static void _WIDGET_EFFECT_3D_DrawUpRect(const GUI_RECT* pRect) {
   \                     _WIDGET_EFFECT_3D_DrawUpRect: (+1)
   \   00000000   0xE92D 0x41F0      PUSH     {R4-R8,LR}
     56            GUI_RECT r;
     57          /* Saving of context no longer required ... Speeds up the system
     58            GUI_CONTEXT Context;
     59            GUI_SaveContext(&Context);
     60          */
     61            r = *pRect;
   \   00000004   0xF9B0 0x4000      LDRSH    R4,[R0, #+0]
   \   00000008   0xF9B0 0x5002      LDRSH    R5,[R0, #+2]
   \   0000000C   0xF9B0 0x6004      LDRSH    R6,[R0, #+4]
   \   00000010   0xF9B0 0x7006      LDRSH    R7,[R0, #+6]
     62            LCD_SetColor(0x000000);
   \   00000014   0x2000             MOVS     R0,#+0
   \   00000016   0x.... 0x....      BL       LCD_SetColor
     63            GUI_DrawRect(r.x0, r.y0, r.x1, r.y1);          /* Draw rectangle around it */
   \   0000001A   0x463B             MOV      R3,R7
   \   0000001C   0x4632             MOV      R2,R6
   \   0000001E   0x4629             MOV      R1,R5
   \   00000020   0x4620             MOV      R0,R4
   \   00000022   0x.... 0x....      BL       GUI_DrawRect
     64           /* Draw the bright sides */
     65            LCD_SetColor(0xffffff);
   \   00000026   0xF06F 0x407F      MVN      R0,#-16777216
   \   0000002A   0x.... 0x....      BL       LCD_SetColor
     66            GUI_DrawHLine(r.y0 + 1, r.x0 + 1, r.x1 - 2);    /* Draw top line */
   \   0000002E   0x1C6D             ADDS     R5,R5,#+1
   \   00000030   0x1C64             ADDS     R4,R4,#+1
   \   00000032   0x1EB2             SUBS     R2,R6,#+2
   \   00000034   0x4621             MOV      R1,R4
   \   00000036   0x4628             MOV      R0,R5
   \   00000038   0x.... 0x....      BL       GUI_DrawHLine
     67            GUI_DrawVLine(r.x0 + 1, r.y0 + 1, r.y1 - 2);
   \   0000003C   0xF1A7 0x0802      SUB      R8,R7,#+2
   \   00000040   0x4642             MOV      R2,R8
   \   00000042   0x4629             MOV      R1,R5
   \   00000044   0x4620             MOV      R0,R4
   \   00000046   0x.... 0x....      BL       GUI_DrawVLine
     68            /* Draw the dark sides */
     69            LCD_SetColor(0x555555);
   \   0000004A   0x....             LDR.N    R0,??DataTable2  ;; 0x555555
   \   0000004C   0x.... 0x....      BL       LCD_SetColor
     70            GUI_DrawHLine(r.y1-1, r.x0 + 1, r.x1 - 1);
   \   00000050   0x1E76             SUBS     R6,R6,#+1
   \   00000052   0x4632             MOV      R2,R6
   \   00000054   0x4621             MOV      R1,R4
   \   00000056   0x1E78             SUBS     R0,R7,#+1
   \   00000058   0x.... 0x....      BL       GUI_DrawHLine
     71            GUI_DrawVLine(r.x1-1, r.y0 + 1, r.y1 - 2);
   \   0000005C   0x4642             MOV      R2,R8
   \   0000005E   0x4629             MOV      R1,R5
   \   00000060   0x4630             MOV      R0,R6
   \   00000062   0xE8BD 0x41F0      POP      {R4-R8,LR}
   \   00000066   0x.... 0x....      B.W      GUI_DrawVLine
     72          /*  GUI_RestoreContext(&Context); */
     73          }
     74          
     75          /*********************************************************************
     76          *
     77          *       _WIDGET_EFFECT_3D_DrawDownRect
     78          */

   \                                 In section .text, align 2, keep-with-next
     79          static void _WIDGET_EFFECT_3D_DrawDownRect(const GUI_RECT* pRect) {
   \                     _WIDGET_EFFECT_3D_DrawDownRect: (+1)
   \   00000000   0xE92D 0x4FF8      PUSH     {R3-R11,LR}
     80            GUI_RECT r;
     81            r = *pRect;
   \   00000004   0xF9B0 0x4000      LDRSH    R4,[R0, #+0]
   \   00000008   0xF9B0 0xA002      LDRSH    R10,[R0, #+2]
   \   0000000C   0xF9B0 0x5004      LDRSH    R5,[R0, #+4]
   \   00000010   0xF9B0 0x6006      LDRSH    R6,[R0, #+6]
     82            LCD_SetColor(0x000000);  /* TBD: Use halftone */
   \   00000014   0x2000             MOVS     R0,#+0
   \   00000016   0x.... 0x....      BL       LCD_SetColor
     83          /*  GUI_DrawRect(0, 0, r.x1, r.y1);*/
     84            /* Draw the upper left sides */
     85            LCD_SetColor(0x808080);
   \   0000001A   0x....             LDR.N    R0,??DataTable2_1  ;; 0x808080
   \   0000001C   0x.... 0x....      BL       LCD_SetColor
     86            GUI_DrawHLine(r.y0, r.x0, r.x1);
   \   00000020   0x462A             MOV      R2,R5
   \   00000022   0x4621             MOV      R1,R4
   \   00000024   0x4650             MOV      R0,R10
   \   00000026   0x.... 0x....      BL       GUI_DrawHLine
     87            GUI_DrawVLine(r.x0, r.y0 + 1, r.y1);
   \   0000002A   0xF10A 0x0701      ADD      R7,R10,#+1
   \   0000002E   0x4632             MOV      R2,R6
   \   00000030   0x4639             MOV      R1,R7
   \   00000032   0x4620             MOV      R0,R4
   \   00000034   0x.... 0x....      BL       GUI_DrawVLine
     88            LCD_SetColor(0x0);
   \   00000038   0x2000             MOVS     R0,#+0
   \   0000003A   0x.... 0x....      BL       LCD_SetColor
     89            GUI_DrawHLine(r.y0 + 1, r.x0 + 1, r.x1 - 1);
   \   0000003E   0xF104 0x0801      ADD      R8,R4,#+1
   \   00000042   0xF1A5 0x0901      SUB      R9,R5,#+1
   \   00000046   0x464A             MOV      R2,R9
   \   00000048   0x4641             MOV      R1,R8
   \   0000004A   0x4638             MOV      R0,R7
   \   0000004C   0x.... 0x....      BL       GUI_DrawHLine
     90            GUI_DrawVLine(r.x0 + 1, r.y0 + 2, r.y1 - 1);
   \   00000050   0xF10A 0x0A02      ADD      R10,R10,#+2
   \   00000054   0xF1A6 0x0B01      SUB      R11,R6,#+1
   \   00000058   0x465A             MOV      R2,R11
   \   0000005A   0x4651             MOV      R1,R10
   \   0000005C   0x4640             MOV      R0,R8
   \   0000005E   0x.... 0x....      BL       GUI_DrawVLine
     91            /* Draw the lower right sides */
     92            LCD_SetColor(0xffffff);
   \   00000062   0xF06F 0x407F      MVN      R0,#-16777216
   \   00000066   0x.... 0x....      BL       LCD_SetColor
     93            GUI_DrawHLine(r.y1, r.x0 + 1, r.x1);
   \   0000006A   0x462A             MOV      R2,R5
   \   0000006C   0x4641             MOV      R1,R8
   \   0000006E   0x4630             MOV      R0,R6
   \   00000070   0x.... 0x....      BL       GUI_DrawHLine
     94            GUI_DrawVLine(r.x1, r.y0 + 1, r.y1);
   \   00000074   0x4632             MOV      R2,R6
   \   00000076   0x4639             MOV      R1,R7
   \   00000078   0x4628             MOV      R0,R5
   \   0000007A   0x.... 0x....      BL       GUI_DrawVLine
     95            LCD_SetColor(0xc0c0c0);
   \   0000007E   0x....             LDR.N    R0,??DataTable2_2  ;; 0xc0c0c0
   \   00000080   0x.... 0x....      BL       LCD_SetColor
     96            GUI_DrawHLine(r.y1 - 1, r. x0 + 2, r.x1-1);
   \   00000084   0x464A             MOV      R2,R9
   \   00000086   0x1CA1             ADDS     R1,R4,#+2
   \   00000088   0x4658             MOV      R0,R11
   \   0000008A   0x.... 0x....      BL       GUI_DrawHLine
     97            GUI_DrawVLine(r.x1 - 1, r. y0 + 2, r.y1-1);
   \   0000008E   0x465A             MOV      R2,R11
   \   00000090   0x4651             MOV      R1,R10
   \   00000092   0x4648             MOV      R0,R9
   \   00000094   0xE8BD 0x4FF8      POP      {R3-R11,LR}
   \   00000098   0x.... 0x....      B.W      GUI_DrawVLine
     98          }
     99          
    100          /*********************************************************************
    101          *
    102          *       _WIDGET_EFFECT_3D_DrawDown
    103          */

   \                                 In section .text, align 2, keep-with-next
    104          static void _WIDGET_EFFECT_3D_DrawDown(void) {
   \                     _WIDGET_EFFECT_3D_DrawDown: (+1)
   \   00000000   0xB500             PUSH     {LR}
   \   00000002   0xB083             SUB      SP,SP,#+12
    105            GUI_RECT r;
    106            WM_GetClientRect(&r);
   \   00000004   0xA800             ADD      R0,SP,#+0
   \   00000006   0x.... 0x....      BL       WM_GetClientRect
    107            _WIDGET_EFFECT_3D_DrawDownRect(&r);
   \   0000000A   0xA800             ADD      R0,SP,#+0
   \   0000000C   0x.... 0x....      BL       _WIDGET_EFFECT_3D_DrawDownRect
    108          }
   \   00000010   0xBD07             POP      {R0-R2,PC}       ;; return
    109          
    110          /*********************************************************************
    111          *
    112          *       _WIDGET_EFFECT_3D_GetRect
    113          */

   \                                 In section .text, align 2, keep-with-next
    114          static void _WIDGET_EFFECT_3D_GetRect(GUI_RECT* pRect) {
   \                     _WIDGET_EFFECT_3D_GetRect: (+1)
   \   00000000   0xB510             PUSH     {R4,LR}
   \   00000002   0x4604             MOV      R4,R0
    115            WM_GetClientRect(pRect);
   \   00000004   0x.... 0x....      BL       WM_GetClientRect
    116            GUI__ReduceRect(pRect, pRect, 2);
   \   00000008   0x2202             MOVS     R2,#+2
   \   0000000A   0x4621             MOV      R1,R4
   \   0000000C   0x4620             MOV      R0,R4
   \   0000000E   0xE8BD 0x4010      POP      {R4,LR}
   \   00000012   0x.... 0x....      B.W      GUI__ReduceRect
    117          }
    118          
    119          /*********************************************************************
    120          *
    121          *       Public routines
    122          *
    123          **********************************************************************
    124          */
    125          /*********************************************************************
    126          *
    127          *       WIDGET_EFFECT_3D_DrawUp
    128          */

   \                                 In section .text, align 2, keep-with-next
    129          void WIDGET_EFFECT_3D_DrawUp(void) {
   \                     WIDGET_EFFECT_3D_DrawUp: (+1)
   \   00000000   0xB500             PUSH     {LR}
   \   00000002   0xB083             SUB      SP,SP,#+12
    130            GUI_RECT r;
    131            WM_GetClientRect(&r);
   \   00000004   0xA800             ADD      R0,SP,#+0
   \   00000006   0x.... 0x....      BL       WM_GetClientRect
    132            _WIDGET_EFFECT_3D_DrawUpRect(&r);
   \   0000000A   0xA800             ADD      R0,SP,#+0
   \   0000000C   0x.... 0x....      BL       _WIDGET_EFFECT_3D_DrawUpRect
    133          }
   \   00000010   0xBD07             POP      {R0-R2,PC}       ;; return
    134          
    135          /*********************************************************************
    136          *
    137          *       WIDGET_SetDefaultEffect_3D
    138          */

   \                                 In section .text, align 2, keep-with-next
    139          void WIDGET_SetDefaultEffect_3D(void) {
    140            WIDGET_SetDefaultEffect(&WIDGET_Effect_3D);
   \                     WIDGET_SetDefaultEffect_3D: (+1)
   \   00000000   0x.... 0x....      ADR.W    R0,WIDGET_Effect_3D
   \   00000004   0x.... 0x....      B.W      WIDGET_SetDefaultEffect
    141          }
    142          
    143          /*********************************************************************
    144          *
    145          *       Effect tables --- Mainly function pointers
    146          *
    147          **********************************************************************
    148          */
    149          

   \                                 In section .text, align 4, keep-with-next
    150          const WIDGET_EFFECT WIDGET_Effect_3D = {
   \                     WIDGET_Effect_3D:
   \   00000000   0x........         DC32 WIDGET_EFFECT_3D_DrawUp, _WIDGET_EFFECT_3D_DrawDown
   \              0x........   
   \   00000008   0x........         DC32 _WIDGET_EFFECT_3D_DrawUpRect, _WIDGET_EFFECT_3D_DrawDownRect
   \              0x........   
   \   00000010   0x........         DC32 _WIDGET_EFFECT_3D_GetRect, 2
   \              0x00000002   

   \                                 In section .text, align 4, keep-with-next
   \                     ??DataTable2:
   \   00000000   0x00555555         DC32     0x555555

   \                                 In section .text, align 4, keep-with-next
   \                     ??DataTable2_1:
   \   00000000   0x00808080         DC32     0x808080

   \                                 In section .text, align 4, keep-with-next
   \                     ??DataTable2_2:
   \   00000000   0x00C0C0C0         DC32     0xc0c0c0
    151            WIDGET_EFFECT_3D_DrawUp,
    152            _WIDGET_EFFECT_3D_DrawDown,
    153            _WIDGET_EFFECT_3D_DrawUpRect,
    154            _WIDGET_EFFECT_3D_DrawDownRect,
    155            _WIDGET_EFFECT_3D_GetRect,
    156            2
    157          };
    158          
    159          #else                            /* Avoid problems with empty object modules */
    160            void WIDGET_Effect_3D_C(void) {}
    161          #endif /* GUI_WINSUPPORT */
    162          
    163          /*************************** End of file ****************************/

   Maximum stack usage in bytes:

   .cstack Function
   ------- --------
      16   WIDGET_EFFECT_3D_DrawUp
        16   -> WM_GetClientRect
        16   -> _WIDGET_EFFECT_3D_DrawUpRect
       0   WIDGET_SetDefaultEffect_3D
         0   -> WIDGET_SetDefaultEffect
      16   _WIDGET_EFFECT_3D_DrawDown
        16   -> WM_GetClientRect
        16   -> _WIDGET_EFFECT_3D_DrawDownRect
      40   _WIDGET_EFFECT_3D_DrawDownRect
        40   -> GUI_DrawHLine
         0   -> GUI_DrawVLine
        40   -> GUI_DrawVLine
        40   -> LCD_SetColor
      24   _WIDGET_EFFECT_3D_DrawUpRect
        24   -> GUI_DrawHLine
        24   -> GUI_DrawRect
         0   -> GUI_DrawVLine
        24   -> GUI_DrawVLine
        24   -> LCD_SetColor
       8   _WIDGET_EFFECT_3D_GetRect
         0   -> GUI__ReduceRect
         8   -> WM_GetClientRect


   Section sizes:

   Bytes  Function/Label
   -----  --------------
       4  ??DataTable2
       4  ??DataTable2_1
       4  ??DataTable2_2
      18  WIDGET_EFFECT_3D_DrawUp
      24  WIDGET_Effect_3D
       8  WIDGET_SetDefaultEffect_3D
      18  _WIDGET_EFFECT_3D_DrawDown
     156  _WIDGET_EFFECT_3D_DrawDownRect
     106  _WIDGET_EFFECT_3D_DrawUpRect
      22  _WIDGET_EFFECT_3D_GetRect

 
 364 bytes in section .text
 
 364 bytes of CODE memory

Errors: none
Warnings: none
