###############################################################################
#
# IAR ANSI C/C++ Compiler V7.10.1.6676/W32 for ARM        18/Jul/2019  10:59:29
# Copyright 1999-2014 IAR Systems AB.
#
#    Cpu mode     =  thumb
#    Endian       =  little
#    Source file  =  
#        E:\DLP_Proj\DLP_source\branches\DLP_opensource\Middlewares\gui\GUI\WM\WM_BringToTop.c
#    Command line =  
#        E:\DLP_Proj\DLP_source\branches\DLP_opensource\Middlewares\gui\GUI\WM\WM_BringToTop.c
#        -D USE_HAL_DRIVER -D STM32F407xx -D STM32F40_41xxx -D USE_HAL_LIB -D
#        MKS_DLP_BOARD -D TFT35 -lC
#        E:\DLP_Proj\DLP_source\branches\DLP_opensource\EWARM\mksDLP/List\ -lA
#        E:\DLP_Proj\DLP_source\branches\DLP_opensource\EWARM\mksDLP/List\
#        --diag_suppress Pa050 -o
#        E:\DLP_Proj\DLP_source\branches\DLP_opensource\EWARM\mksDLP/Obj\
#        --no_unroll --no_inline --no_tbaa --no_scheduling --debug
#        --endian=little --cpu=Cortex-M4F -e --char_is_signed --fpu=VFPv4_sp
#        --dlib_config "C:\Program Files (x86)\IAR Systems\Embedded Workbench
#        7.0\arm\INC\c\DLib_Config_Full.h" -I
#        E:\DLP_Proj\DLP_source\branches\DLP_opensource\EWARM/../Inc\ -I
#        E:\DLP_Proj\DLP_source\branches\DLP_opensource\EWARM/../Src\ -I
#        E:\DLP_Proj\DLP_source\branches\DLP_opensource\EWARM/../Drivers/STM32F4xx_HAL_Driver/Inc\
#        -I
#        E:\DLP_Proj\DLP_source\branches\DLP_opensource\EWARM/../Drivers/STM32F4xx_HAL_Driver/Inc/Legacy\
#        -I
#        E:\DLP_Proj\DLP_source\branches\DLP_opensource\EWARM/../Middlewares/Third_Party/FatFs/src/drivers\
#        -I
#        E:\DLP_Proj\DLP_source\branches\DLP_opensource\EWARM/../Middlewares/ST/STM32_USB_Host_Library/Core/Inc\
#        -I
#        E:\DLP_Proj\DLP_source\branches\DLP_opensource\EWARM/../Middlewares/ST/STM32_USB_Host_Library/Class/MSC/Inc\
#        -I
#        E:\DLP_Proj\DLP_source\branches\DLP_opensource\EWARM/../Drivers/CMSIS/Device/ST/STM32F4xx/Include\
#        -I
#        E:\DLP_Proj\DLP_source\branches\DLP_opensource\EWARM/../Middlewares/Third_Party/FatFs/src\
#        -I
#        E:\DLP_Proj\DLP_source\branches\DLP_opensource\EWARM/../Middlewares/Third_Party/Marlin\
#        -I
#        E:\DLP_Proj\DLP_source\branches\DLP_opensource\EWARM/../Drivers/CMSIS/Include\
#        -I
#        E:\DLP_Proj\DLP_source\branches\DLP_opensource\EWARM/../Drivers/BSP/variant\
#        -I
#        E:\DLP_Proj\DLP_source\branches\DLP_opensource\EWARM/../Drivers/BSP/Components/at24cxx\
#        -I
#        E:\DLP_Proj\DLP_source\branches\DLP_opensource\EWARM/../Drivers/BSP/Components/w25qxx\
#        -I
#        E:\DLP_Proj\DLP_source\branches\DLP_opensource\EWARM/../Drivers/BSP/Components/ssd2828\
#        -I
#        E:\DLP_Proj\DLP_source\branches\DLP_opensource\EWARM/../Drivers/BSP/Components/lcd\
#        -I
#        E:\DLP_Proj\DLP_source\branches\DLP_opensource\EWARM/../Drivers/libstmf4\
#        -I
#        E:\DLP_Proj\DLP_source\branches\DLP_opensource\EWARM/../Drivers/libstmf4/include\
#        -I
#        E:\DLP_Proj\DLP_source\branches\DLP_opensource\EWARM/../Middlewares/arduino/stm32/cores/arduino\
#        -I
#        E:\DLP_Proj\DLP_source\branches\DLP_opensource\EWARM/../Middlewares/gui\
#        -I
#        E:\DLP_Proj\DLP_source\branches\DLP_opensource\EWARM/../Middlewares/gui/GUI/ConvertColor\
#        -I
#        E:\DLP_Proj\DLP_source\branches\DLP_opensource\EWARM/../Middlewares/gui/GUI/ConvertMono\
#        -I
#        E:\DLP_Proj\DLP_source\branches\DLP_opensource\EWARM/../Middlewares/gui/GUI/Core\
#        -I
#        E:\DLP_Proj\DLP_source\branches\DLP_opensource\EWARM/../Middlewares/gui/GUI/Font\
#        -I
#        E:\DLP_Proj\DLP_source\branches\DLP_opensource\EWARM/../Middlewares/gui/AntiAlias\
#        -I
#        E:\DLP_Proj\DLP_source\branches\DLP_opensource\EWARM/../Middlewares/gui/GUI/GUIDemo\
#        -I
#        E:\DLP_Proj\DLP_source\branches\DLP_opensource\EWARM/../Middlewares/gui/GUI/LCDDriver\
#        -I
#        E:\DLP_Proj\DLP_source\branches\DLP_opensource\EWARM/../Middlewares/gui/GUI/MemDev\
#        -I
#        E:\DLP_Proj\DLP_source\branches\DLP_opensource\EWARM/../Middlewares/gui/GUI/MultiLayer\
#        -I
#        E:\DLP_Proj\DLP_source\branches\DLP_opensource\EWARM/../Middlewares/gui/GUI/Widget\
#        -I
#        E:\DLP_Proj\DLP_source\branches\DLP_opensource\EWARM/../Middlewares/gui/GUI/WM\
#        -I
#        E:\DLP_Proj\DLP_source\branches\DLP_opensource\EWARM/../Middlewares/gui/GUI_X\
#        -I
#        E:\DLP_Proj\DLP_source\branches\DLP_opensource\EWARM/../Middlewares/gui/Config\
#        -I E:\DLP_Proj\DLP_source\branches\DLP_opensource\EWARM/../User/ui\ -I
#        E:\DLP_Proj\DLP_source\branches\DLP_opensource\EWARM/../User/ui/Multi_language\
#        -I
#        E:\DLP_Proj\DLP_source\branches\DLP_opensource\EWARM/../User/ui/QRENCODE\
#        -Om --use_c++_inline -I "C:\Program Files (x86)\IAR Systems\Embedded
#        Workbench 7.0\arm\CMSIS\Include\"
#    List file    =  
#        E:\DLP_Proj\DLP_source\branches\DLP_opensource\EWARM\mksDLP/List\WM_BringToTop.lst
#    Object file  =  
#        E:\DLP_Proj\DLP_source\branches\DLP_opensource\EWARM\mksDLP/Obj\WM_BringToTop.o
#
###############################################################################

E:\DLP_Proj\DLP_source\branches\DLP_opensource\Middlewares\gui\GUI\WM\WM_BringToTop.c
      1          /*
      2          *********************************************************************************************************
      3          *                                                uC/GUI
      4          *                        Universal graphic software for embedded applications
      5          *
      6          *                       (c) Copyright 2002, Micrium Inc., Weston, FL
      7          *                       (c) Copyright 2002, SEGGER Microcontroller Systeme GmbH
      8          *
      9          *              µC/GUI is protected by international copyright laws. Knowledge of the
     10          *              source code may not be used to write a similar product. This file may
     11          *              only be used in accordance with a license and should not be redistributed
     12          *              in any way. We appreciate your understanding and fairness.
     13          *
     14          ----------------------------------------------------------------------
     15          File        : WM_BringToTop.c
     16          Purpose     : Windows manager routine
     17          ----------------------------------------------------------------------
     18          */
     19          
     20          #include "WM_Intern.h"
     21          
     22          #if GUI_WINSUPPORT    /* If 0, WM will not generate any code */
     23          
     24          /*********************************************************************
     25          *
     26          *         Data types
     27          *
     28          **********************************************************************
     29          */
     30          
     31          typedef struct {
     32            GUI_RECT Rect;
     33          } VCDATA;
     34          
     35          /*********************************************************************
     36          *
     37          *         Static code
     38          *
     39          **********************************************************************
     40          */
     41          
     42          /*********************************************************************
     43          *
     44          *       _cbInvalidateOne
     45          */

   \                                 In section .text, align 2, keep-with-next
     46          static void _cbInvalidateOne(WM_HWIN hWin, void * p) {
     47            GUI_USE_PARA(p);
     48            WM_InvalidateWindow(hWin);
   \                     _cbInvalidateOne: (+1)
   \   00000000   0x.... 0x....      B.W      WM_InvalidateWindow
     49          }
     50          
     51          /*********************************************************************
     52          *
     53          *       _InvalidateWindowAndDescs
     54          */

   \                                 In section .text, align 2, keep-with-next
     55          static void _InvalidateWindowAndDescs(WM_HWIN hWin) {
   \                     _InvalidateWindowAndDescs: (+1)
   \   00000000   0xB510             PUSH     {R4,LR}
   \   00000002   0x4604             MOV      R4,R0
     56            WM_InvalidateWindow(hWin);
   \   00000004   0x.... 0x....      BL       WM_InvalidateWindow
     57            WM_ForEachDesc(hWin, _cbInvalidateOne, 0);
   \   00000008   0x2200             MOVS     R2,#+0
   \   0000000A   0x....             LDR.N    R1,??DataTable0
   \   0000000C   0x4620             MOV      R0,R4
   \   0000000E   0xE8BD 0x4010      POP      {R4,LR}
   \   00000012   0x.... 0x....      B.W      WM_ForEachDesc
     58          }
     59          
     60          /*********************************************************************
     61          *
     62          *       _BringToTop
     63          */

   \                                 In section .text, align 2, keep-with-next
     64          static void _BringToTop(WM_HWIN hWin) {
   \                     _BringToTop: (+1)
   \   00000000   0xB538             PUSH     {R3-R5,LR}
   \   00000002   0x0004             MOVS     R4,R0
     65            WM_HWIN hNext, hParent;
     66            WM_Obj * pWin, * pNext;
     67            if (hWin) {
   \   00000004   0xD01B             BEQ.N    ??_BringToTop_0
     68              pWin = WM_H2P(hWin);
   \   00000006   0x.... 0x....      BL       GUI_ALLOC_h2p
   \   0000000A   0x4605             MOV      R5,R0
     69              hNext = pWin->hNext;
   \   0000000C   0xF9B5 0x001A      LDRSH    R0,[R5, #+26]
     70              /* Is window alread on top ? If so, we are done. (Not required, just an optimization) */
     71              if (hNext == 0) {
   \   00000010   0x2800             CMP      R0,#+0
   \   00000012   0xD014             BEQ.N    ??_BringToTop_0
     72                return;
     73              }
     74              /* For non-top windows, it is good enough if the next one is a stay-on-top-window (Not required, just an optimization) */
     75              if ((pWin->Status & WM_SF_STAYONTOP) == 0) {
   \   00000014   0x7F29             LDRB     R1,[R5, #+28]
   \   00000016   0x0709             LSLS     R1,R1,#+28
   \   00000018   0xD404             BMI.N    ??_BringToTop_1
     76                pNext = WM_H2P(hNext);
   \   0000001A   0x.... 0x....      BL       GUI_ALLOC_h2p
     77                if (pNext->Status & WM_SF_STAYONTOP) {
   \   0000001E   0x7F00             LDRB     R0,[R0, #+28]
   \   00000020   0x0700             LSLS     R0,R0,#+28
   \   00000022   0xD40C             BMI.N    ??_BringToTop_0
     78                  return;
     79                }
     80              }
     81              hParent = pWin->hParent;
   \                     ??_BringToTop_1: (+1)
   \   00000024   0xF9B5 0x5016      LDRSH    R5,[R5, #+22]
     82              WM__RemoveWindowFromList(hWin);
   \   00000028   0x4620             MOV      R0,R4
   \   0000002A   0x.... 0x....      BL       WM__RemoveWindowFromList
     83              WM__InsertWindowIntoList(hWin, hParent);
   \   0000002E   0x4629             MOV      R1,R5
   \   00000030   0x4620             MOV      R0,R4
   \   00000032   0x.... 0x....      BL       WM__InsertWindowIntoList
     84              _InvalidateWindowAndDescs(hWin);
   \   00000036   0x4620             MOV      R0,R4
   \   00000038   0xE8BD 0x4032      POP      {R1,R4,R5,LR}
   \   0000003C   0x....             B.N      _InvalidateWindowAndDescs
     85            }
     86          }
   \                     ??_BringToTop_0: (+1)
   \   0000003E   0xBD31             POP      {R0,R4,R5,PC}    ;; return
     87          
     88          /*********************************************************************
     89          *
     90          *         Public code
     91          *
     92          **********************************************************************
     93          */
     94          /*********************************************************************
     95          *
     96          *       WM_BringToTop
     97          */

   \                                 In section .text, align 2, keep-with-next
     98          void WM_BringToTop(WM_HWIN hWin) {
     99            WM_LOCK();
    100            _BringToTop(hWin);
   \                     WM_BringToTop: (+1)
   \   00000000   0x....             B.N      _BringToTop
    101            WM_UNLOCK();
    102          }

   \                                 In section .text, align 4, keep-with-next
   \                     ??DataTable0:
   \   00000000   0x........         DC32     _cbInvalidateOne
    103          
    104          #else
    105            void WM_BringToTop_c(void) {} /* avoid empty object files */
    106          #endif   /* GUI_WINSUPPORT */
    107          
    108          
    109          /*************************** End of file ****************************/

   Maximum stack usage in bytes:

   .cstack Function
   ------- --------
       0   WM_BringToTop
         0   -> _BringToTop
      16   _BringToTop
        16   -> GUI_ALLOC_h2p
        16   -> WM__InsertWindowIntoList
        16   -> WM__RemoveWindowFromList
         0   -> _InvalidateWindowAndDescs
       8   _InvalidateWindowAndDescs
         0   -> WM_ForEachDesc
         8   -> WM_InvalidateWindow
       0   _cbInvalidateOne
         0   -> WM_InvalidateWindow


   Section sizes:

   Bytes  Function/Label
   -----  --------------
       4  ??DataTable0
       2  WM_BringToTop
      64  _BringToTop
      22  _InvalidateWindowAndDescs
       4  _cbInvalidateOne

 
 96 bytes in section .text
 
 96 bytes of CODE memory

Errors: none
Warnings: none
