###############################################################################
#
# IAR ANSI C/C++ Compiler V7.10.1.6676/W32 for ARM        18/Jul/2019  10:59:29
# Copyright 1999-2014 IAR Systems AB.
#
#    Cpu mode     =  thumb
#    Endian       =  little
#    Source file  =  
#        E:\DLP_Proj\DLP_source\branches\DLP_opensource\Middlewares\gui\GUI\WM\WM_EnableWindow.c
#    Command line =  
#        E:\DLP_Proj\DLP_source\branches\DLP_opensource\Middlewares\gui\GUI\WM\WM_EnableWindow.c
#        -D USE_HAL_DRIVER -D STM32F407xx -D STM32F40_41xxx -D USE_HAL_LIB -D
#        MKS_DLP_BOARD -D TFT35 -lC
#        E:\DLP_Proj\DLP_source\branches\DLP_opensource\EWARM\mksDLP/List\ -lA
#        E:\DLP_Proj\DLP_source\branches\DLP_opensource\EWARM\mksDLP/List\
#        --diag_suppress Pa050 -o
#        E:\DLP_Proj\DLP_source\branches\DLP_opensource\EWARM\mksDLP/Obj\
#        --no_unroll --no_inline --no_tbaa --no_scheduling --debug
#        --endian=little --cpu=Cortex-M4F -e --char_is_signed --fpu=VFPv4_sp
#        --dlib_config "C:\Program Files (x86)\IAR Systems\Embedded Workbench
#        7.0\arm\INC\c\DLib_Config_Full.h" -I
#        E:\DLP_Proj\DLP_source\branches\DLP_opensource\EWARM/../Inc\ -I
#        E:\DLP_Proj\DLP_source\branches\DLP_opensource\EWARM/../Src\ -I
#        E:\DLP_Proj\DLP_source\branches\DLP_opensource\EWARM/../Drivers/STM32F4xx_HAL_Driver/Inc\
#        -I
#        E:\DLP_Proj\DLP_source\branches\DLP_opensource\EWARM/../Drivers/STM32F4xx_HAL_Driver/Inc/Legacy\
#        -I
#        E:\DLP_Proj\DLP_source\branches\DLP_opensource\EWARM/../Middlewares/Third_Party/FatFs/src/drivers\
#        -I
#        E:\DLP_Proj\DLP_source\branches\DLP_opensource\EWARM/../Middlewares/ST/STM32_USB_Host_Library/Core/Inc\
#        -I
#        E:\DLP_Proj\DLP_source\branches\DLP_opensource\EWARM/../Middlewares/ST/STM32_USB_Host_Library/Class/MSC/Inc\
#        -I
#        E:\DLP_Proj\DLP_source\branches\DLP_opensource\EWARM/../Drivers/CMSIS/Device/ST/STM32F4xx/Include\
#        -I
#        E:\DLP_Proj\DLP_source\branches\DLP_opensource\EWARM/../Middlewares/Third_Party/FatFs/src\
#        -I
#        E:\DLP_Proj\DLP_source\branches\DLP_opensource\EWARM/../Middlewares/Third_Party/Marlin\
#        -I
#        E:\DLP_Proj\DLP_source\branches\DLP_opensource\EWARM/../Drivers/CMSIS/Include\
#        -I
#        E:\DLP_Proj\DLP_source\branches\DLP_opensource\EWARM/../Drivers/BSP/variant\
#        -I
#        E:\DLP_Proj\DLP_source\branches\DLP_opensource\EWARM/../Drivers/BSP/Components/at24cxx\
#        -I
#        E:\DLP_Proj\DLP_source\branches\DLP_opensource\EWARM/../Drivers/BSP/Components/w25qxx\
#        -I
#        E:\DLP_Proj\DLP_source\branches\DLP_opensource\EWARM/../Drivers/BSP/Components/ssd2828\
#        -I
#        E:\DLP_Proj\DLP_source\branches\DLP_opensource\EWARM/../Drivers/BSP/Components/lcd\
#        -I
#        E:\DLP_Proj\DLP_source\branches\DLP_opensource\EWARM/../Drivers/libstmf4\
#        -I
#        E:\DLP_Proj\DLP_source\branches\DLP_opensource\EWARM/../Drivers/libstmf4/include\
#        -I
#        E:\DLP_Proj\DLP_source\branches\DLP_opensource\EWARM/../Middlewares/arduino/stm32/cores/arduino\
#        -I
#        E:\DLP_Proj\DLP_source\branches\DLP_opensource\EWARM/../Middlewares/gui\
#        -I
#        E:\DLP_Proj\DLP_source\branches\DLP_opensource\EWARM/../Middlewares/gui/GUI/ConvertColor\
#        -I
#        E:\DLP_Proj\DLP_source\branches\DLP_opensource\EWARM/../Middlewares/gui/GUI/ConvertMono\
#        -I
#        E:\DLP_Proj\DLP_source\branches\DLP_opensource\EWARM/../Middlewares/gui/GUI/Core\
#        -I
#        E:\DLP_Proj\DLP_source\branches\DLP_opensource\EWARM/../Middlewares/gui/GUI/Font\
#        -I
#        E:\DLP_Proj\DLP_source\branches\DLP_opensource\EWARM/../Middlewares/gui/AntiAlias\
#        -I
#        E:\DLP_Proj\DLP_source\branches\DLP_opensource\EWARM/../Middlewares/gui/GUI/GUIDemo\
#        -I
#        E:\DLP_Proj\DLP_source\branches\DLP_opensource\EWARM/../Middlewares/gui/GUI/LCDDriver\
#        -I
#        E:\DLP_Proj\DLP_source\branches\DLP_opensource\EWARM/../Middlewares/gui/GUI/MemDev\
#        -I
#        E:\DLP_Proj\DLP_source\branches\DLP_opensource\EWARM/../Middlewares/gui/GUI/MultiLayer\
#        -I
#        E:\DLP_Proj\DLP_source\branches\DLP_opensource\EWARM/../Middlewares/gui/GUI/Widget\
#        -I
#        E:\DLP_Proj\DLP_source\branches\DLP_opensource\EWARM/../Middlewares/gui/GUI/WM\
#        -I
#        E:\DLP_Proj\DLP_source\branches\DLP_opensource\EWARM/../Middlewares/gui/GUI_X\
#        -I
#        E:\DLP_Proj\DLP_source\branches\DLP_opensource\EWARM/../Middlewares/gui/Config\
#        -I E:\DLP_Proj\DLP_source\branches\DLP_opensource\EWARM/../User/ui\ -I
#        E:\DLP_Proj\DLP_source\branches\DLP_opensource\EWARM/../User/ui/Multi_language\
#        -I
#        E:\DLP_Proj\DLP_source\branches\DLP_opensource\EWARM/../User/ui/QRENCODE\
#        -Om --use_c++_inline -I "C:\Program Files (x86)\IAR Systems\Embedded
#        Workbench 7.0\arm\CMSIS\Include\"
#    List file    =  
#        E:\DLP_Proj\DLP_source\branches\DLP_opensource\EWARM\mksDLP/List\WM_EnableWindow.lst
#    Object file  =  
#        E:\DLP_Proj\DLP_source\branches\DLP_opensource\EWARM\mksDLP/Obj\WM_EnableWindow.o
#
###############################################################################

E:\DLP_Proj\DLP_source\branches\DLP_opensource\Middlewares\gui\GUI\WM\WM_EnableWindow.c
      1          /*
      2          *********************************************************************************************************
      3          *                                                uC/GUI
      4          *                        Universal graphic software for embedded applications
      5          *
      6          *                       (c) Copyright 2002, Micrium Inc., Weston, FL
      7          *                       (c) Copyright 2002, SEGGER Microcontroller Systeme GmbH
      8          *
      9          *              µC/GUI is protected by international copyright laws. Knowledge of the
     10          *              source code may not be used to write a similar product. This file may
     11          *              only be used in accordance with a license and should not be redistributed
     12          *              in any way. We appreciate your understanding and fairness.
     13          *
     14          ----------------------------------------------------------------------
     15          File        : WM_EnableWindow.c
     16          Purpose     : Implementation of WM_EnableWindow, WM_DisableWindow
     17          ----------------------------------------------------------------------
     18          */
     19          
     20          #include "WM_Intern.h"
     21          
     22          #if GUI_WINSUPPORT    /* If 0, WM will not generate any code */
     23          
     24          /*********************************************************************
     25          *
     26          *       Public code
     27          *
     28          **********************************************************************
     29          */
     30          
     31          /*********************************************************************
     32          *
     33          *       WM_SetEnableState
     34          */

   \                                 In section .text, align 2, keep-with-next
     35          void WM_SetEnableState(WM_HWIN hWin, int State) {
   \                     WM_SetEnableState: (+1)
   \   00000000   0xB53E             PUSH     {R1-R5,LR}
   \   00000002   0x4604             MOV      R4,R0
   \   00000004   0x460D             MOV      R5,R1
     36            WM_Obj* pWin;
     37            U16 Status;
     38            WM_LOCK();
     39            pWin = WM_H2P(hWin);
   \   00000006   0x.... 0x....      BL       GUI_ALLOC_h2p
     40            Status = pWin->Status;
   \   0000000A   0x8B81             LDRH     R1,[R0, #+28]
   \   0000000C   0x460A             MOV      R2,R1
     41            if (State) {
   \   0000000E   0x2D00             CMP      R5,#+0
   \   00000010   0xD003             BEQ.N    ??WM_SetEnableState_0
     42              Status &= ~WM_SF_DISABLED;
   \   00000012   0xF64F 0x73EF      MOVW     R3,#+65519
   \   00000016   0x401A             ANDS     R2,R3,R2
   \   00000018   0xE001             B.N      ??WM_SetEnableState_1
     43            } else {
     44              Status |=  WM_SF_DISABLED;
   \                     ??WM_SetEnableState_0: (+1)
   \   0000001A   0xF042 0x0210      ORR      R2,R2,#0x10
     45            }
     46            if (pWin->Status != Status) {
   \                     ??WM_SetEnableState_1: (+1)
   \   0000001E   0x4291             CMP      R1,R2
   \   00000020   0xD007             BEQ.N    ??WM_SetEnableState_2
     47              WM_MESSAGE Msg;
     48              pWin->Status = Status;
   \   00000022   0x8382             STRH     R2,[R0, #+28]
     49              Msg.MsgId  = WM_NOTIFY_ENABLE;
   \   00000024   0x2028             MOVS     R0,#+40
   \   00000026   0x9000             STR      R0,[SP, #+0]
     50              Msg.Data.v = State;
   \   00000028   0x9502             STR      R5,[SP, #+8]
     51              WM_SendMessage(hWin, &Msg);
   \   0000002A   0xA900             ADD      R1,SP,#+0
   \   0000002C   0x4620             MOV      R0,R4
   \   0000002E   0x.... 0x....      BL       WM_SendMessage
     52            }
     53            WM_UNLOCK();
     54          }
   \                     ??WM_SetEnableState_2: (+1)
   \   00000032   0xBD37             POP      {R0-R2,R4,R5,PC}  ;; return
     55          
     56          /*********************************************************************
     57          *
     58          *       WM_EnableWindow
     59          */

   \                                 In section .text, align 2, keep-with-next
     60          void WM_EnableWindow(WM_HWIN hWin) {
     61            WM_SetEnableState(hWin, 1);
   \                     WM_EnableWindow: (+1)
   \   00000000   0x2101             MOVS     R1,#+1
   \   00000002   0x....             B.N      WM_SetEnableState
     62          }
     63          
     64          /*********************************************************************
     65          *
     66          *       WM_DisableWindow
     67          */

   \                                 In section .text, align 2, keep-with-next
     68          void WM_DisableWindow(WM_HWIN hWin) {
     69            WM_SetEnableState(hWin, 0);
   \                     WM_DisableWindow: (+1)
   \   00000000   0x2100             MOVS     R1,#+0
   \   00000002   0x....             B.N      WM_SetEnableState
     70          }
     71          #else
     72            void WM_EnableWindow_C(void) {} /* avoid empty object files */
     73          #endif
     74          
     75          /*************************** End of file ****************************/

   Maximum stack usage in bytes:

   .cstack Function
   ------- --------
       0   WM_DisableWindow
         0   -> WM_SetEnableState
       0   WM_EnableWindow
         0   -> WM_SetEnableState
      24   WM_SetEnableState
        24   -> GUI_ALLOC_h2p
        24   -> WM_SendMessage


   Section sizes:

   Bytes  Function/Label
   -----  --------------
       4  WM_DisableWindow
       4  WM_EnableWindow
      52  WM_SetEnableState

 
 60 bytes in section .text
 
 60 bytes of CODE memory

Errors: none
Warnings: none
