###############################################################################
#
# IAR ANSI C/C++ Compiler V7.10.1.6676/W32 for ARM        18/Jul/2019  10:59:31
# Copyright 1999-2014 IAR Systems AB.
#
#    Cpu mode     =  thumb
#    Endian       =  little
#    Source file  =  
#        E:\DLP_Proj\DLP_source\branches\DLP_opensource\Middlewares\gui\GUI\WM\WM_GetOrg.c
#    Command line =  
#        E:\DLP_Proj\DLP_source\branches\DLP_opensource\Middlewares\gui\GUI\WM\WM_GetOrg.c
#        -D USE_HAL_DRIVER -D STM32F407xx -D STM32F40_41xxx -D USE_HAL_LIB -D
#        MKS_DLP_BOARD -D TFT35 -lC
#        E:\DLP_Proj\DLP_source\branches\DLP_opensource\EWARM\mksDLP/List\ -lA
#        E:\DLP_Proj\DLP_source\branches\DLP_opensource\EWARM\mksDLP/List\
#        --diag_suppress Pa050 -o
#        E:\DLP_Proj\DLP_source\branches\DLP_opensource\EWARM\mksDLP/Obj\
#        --no_unroll --no_inline --no_tbaa --no_scheduling --debug
#        --endian=little --cpu=Cortex-M4F -e --char_is_signed --fpu=VFPv4_sp
#        --dlib_config "C:\Program Files (x86)\IAR Systems\Embedded Workbench
#        7.0\arm\INC\c\DLib_Config_Full.h" -I
#        E:\DLP_Proj\DLP_source\branches\DLP_opensource\EWARM/../Inc\ -I
#        E:\DLP_Proj\DLP_source\branches\DLP_opensource\EWARM/../Src\ -I
#        E:\DLP_Proj\DLP_source\branches\DLP_opensource\EWARM/../Drivers/STM32F4xx_HAL_Driver/Inc\
#        -I
#        E:\DLP_Proj\DLP_source\branches\DLP_opensource\EWARM/../Drivers/STM32F4xx_HAL_Driver/Inc/Legacy\
#        -I
#        E:\DLP_Proj\DLP_source\branches\DLP_opensource\EWARM/../Middlewares/Third_Party/FatFs/src/drivers\
#        -I
#        E:\DLP_Proj\DLP_source\branches\DLP_opensource\EWARM/../Middlewares/ST/STM32_USB_Host_Library/Core/Inc\
#        -I
#        E:\DLP_Proj\DLP_source\branches\DLP_opensource\EWARM/../Middlewares/ST/STM32_USB_Host_Library/Class/MSC/Inc\
#        -I
#        E:\DLP_Proj\DLP_source\branches\DLP_opensource\EWARM/../Drivers/CMSIS/Device/ST/STM32F4xx/Include\
#        -I
#        E:\DLP_Proj\DLP_source\branches\DLP_opensource\EWARM/../Middlewares/Third_Party/FatFs/src\
#        -I
#        E:\DLP_Proj\DLP_source\branches\DLP_opensource\EWARM/../Middlewares/Third_Party/Marlin\
#        -I
#        E:\DLP_Proj\DLP_source\branches\DLP_opensource\EWARM/../Drivers/CMSIS/Include\
#        -I
#        E:\DLP_Proj\DLP_source\branches\DLP_opensource\EWARM/../Drivers/BSP/variant\
#        -I
#        E:\DLP_Proj\DLP_source\branches\DLP_opensource\EWARM/../Drivers/BSP/Components/at24cxx\
#        -I
#        E:\DLP_Proj\DLP_source\branches\DLP_opensource\EWARM/../Drivers/BSP/Components/w25qxx\
#        -I
#        E:\DLP_Proj\DLP_source\branches\DLP_opensource\EWARM/../Drivers/BSP/Components/ssd2828\
#        -I
#        E:\DLP_Proj\DLP_source\branches\DLP_opensource\EWARM/../Drivers/BSP/Components/lcd\
#        -I
#        E:\DLP_Proj\DLP_source\branches\DLP_opensource\EWARM/../Drivers/libstmf4\
#        -I
#        E:\DLP_Proj\DLP_source\branches\DLP_opensource\EWARM/../Drivers/libstmf4/include\
#        -I
#        E:\DLP_Proj\DLP_source\branches\DLP_opensource\EWARM/../Middlewares/arduino/stm32/cores/arduino\
#        -I
#        E:\DLP_Proj\DLP_source\branches\DLP_opensource\EWARM/../Middlewares/gui\
#        -I
#        E:\DLP_Proj\DLP_source\branches\DLP_opensource\EWARM/../Middlewares/gui/GUI/ConvertColor\
#        -I
#        E:\DLP_Proj\DLP_source\branches\DLP_opensource\EWARM/../Middlewares/gui/GUI/ConvertMono\
#        -I
#        E:\DLP_Proj\DLP_source\branches\DLP_opensource\EWARM/../Middlewares/gui/GUI/Core\
#        -I
#        E:\DLP_Proj\DLP_source\branches\DLP_opensource\EWARM/../Middlewares/gui/GUI/Font\
#        -I
#        E:\DLP_Proj\DLP_source\branches\DLP_opensource\EWARM/../Middlewares/gui/AntiAlias\
#        -I
#        E:\DLP_Proj\DLP_source\branches\DLP_opensource\EWARM/../Middlewares/gui/GUI/GUIDemo\
#        -I
#        E:\DLP_Proj\DLP_source\branches\DLP_opensource\EWARM/../Middlewares/gui/GUI/LCDDriver\
#        -I
#        E:\DLP_Proj\DLP_source\branches\DLP_opensource\EWARM/../Middlewares/gui/GUI/MemDev\
#        -I
#        E:\DLP_Proj\DLP_source\branches\DLP_opensource\EWARM/../Middlewares/gui/GUI/MultiLayer\
#        -I
#        E:\DLP_Proj\DLP_source\branches\DLP_opensource\EWARM/../Middlewares/gui/GUI/Widget\
#        -I
#        E:\DLP_Proj\DLP_source\branches\DLP_opensource\EWARM/../Middlewares/gui/GUI/WM\
#        -I
#        E:\DLP_Proj\DLP_source\branches\DLP_opensource\EWARM/../Middlewares/gui/GUI_X\
#        -I
#        E:\DLP_Proj\DLP_source\branches\DLP_opensource\EWARM/../Middlewares/gui/Config\
#        -I E:\DLP_Proj\DLP_source\branches\DLP_opensource\EWARM/../User/ui\ -I
#        E:\DLP_Proj\DLP_source\branches\DLP_opensource\EWARM/../User/ui/Multi_language\
#        -I
#        E:\DLP_Proj\DLP_source\branches\DLP_opensource\EWARM/../User/ui/QRENCODE\
#        -Om --use_c++_inline -I "C:\Program Files (x86)\IAR Systems\Embedded
#        Workbench 7.0\arm\CMSIS\Include\"
#    List file    =  
#        E:\DLP_Proj\DLP_source\branches\DLP_opensource\EWARM\mksDLP/List\WM_GetOrg.lst
#    Object file  =  
#        E:\DLP_Proj\DLP_source\branches\DLP_opensource\EWARM\mksDLP/Obj\WM_GetOrg.o
#
###############################################################################

E:\DLP_Proj\DLP_source\branches\DLP_opensource\Middlewares\gui\GUI\WM\WM_GetOrg.c
      1          /*
      2          *********************************************************************************************************
      3          *                                                uC/GUI
      4          *                        Universal graphic software for embedded applications
      5          *
      6          *                       (c) Copyright 2002, Micrium Inc., Weston, FL
      7          *                       (c) Copyright 2002, SEGGER Microcontroller Systeme GmbH
      8          *
      9          *              µC/GUI is protected by international copyright laws. Knowledge of the
     10          *              source code may not be used to write a similar product. This file may
     11          *              only be used in accordance with a license and should not be redistributed
     12          *              in any way. We appreciate your understanding and fairness.
     13          *
     14          ----------------------------------------------------------------------
     15          File        : WM_GetOrg.c
     16          Purpose     : Implementation of WM_GetOrg and related functions
     17          ----------------------------------------------------------------------
     18          */
     19          
     20          #include "WM_Intern.h"
     21          
     22          #if GUI_WINSUPPORT    /* If 0, WM will not generate any code */
     23          
     24          /*********************************************************************
     25          *
     26          *       Public code
     27          *
     28          **********************************************************************
     29          */
     30          /*********************************************************************
     31          *
     32          *       WM_GetWindowOrgX
     33          */

   \                                 In section .text, align 2, keep-with-next
     34          int WM_GetWindowOrgX(WM_HWIN hWin) {
   \                     WM_GetWindowOrgX: (+1)
   \   00000000   0x4601             MOV      R1,R0
     35            int r = 0;
   \   00000002   0x2000             MOVS     R0,#+0
     36            if (hWin) {
   \   00000004   0x2900             CMP      R1,#+0
   \   00000006   0xD100             BNE.N    ??WM_GetWindowOrgX_0
   \   00000008   0x4770             BX       LR
     37              WM_LOCK();
     38              r = WM_HANDLE2PTR(hWin)->Rect.x0;
   \                     ??WM_GetWindowOrgX_0: (+1)
   \   0000000A   0xB580             PUSH     {R7,LR}
   \   0000000C   0x4608             MOV      R0,R1
   \   0000000E   0x.... 0x....      BL       GUI_ALLOC_h2p
   \   00000012   0xF9B0 0x0000      LDRSH    R0,[R0, #+0]
     39              WM_UNLOCK();
     40            }
     41            return r;
   \   00000016   0xBD02             POP      {R1,PC}          ;; return
     42          }
     43          
     44          /*********************************************************************
     45          *
     46          *       WM_GetWindowOrgY
     47          */

   \                                 In section .text, align 2, keep-with-next
     48          int WM_GetWindowOrgY(WM_HWIN hWin) {
   \                     WM_GetWindowOrgY: (+1)
   \   00000000   0x4601             MOV      R1,R0
     49            int r = 0;
   \   00000002   0x2000             MOVS     R0,#+0
     50            if (hWin) {
   \   00000004   0x2900             CMP      R1,#+0
   \   00000006   0xD100             BNE.N    ??WM_GetWindowOrgY_0
   \   00000008   0x4770             BX       LR
     51              WM_LOCK();
     52              r = WM_HANDLE2PTR(hWin)->Rect.y0;
   \                     ??WM_GetWindowOrgY_0: (+1)
   \   0000000A   0xB580             PUSH     {R7,LR}
   \   0000000C   0x4608             MOV      R0,R1
   \   0000000E   0x.... 0x....      BL       GUI_ALLOC_h2p
   \   00000012   0xF9B0 0x0002      LDRSH    R0,[R0, #+2]
     53              WM_UNLOCK();
     54            }
     55            return r;
   \   00000016   0xBD02             POP      {R1,PC}          ;; return
     56          }
     57          
     58          /*********************************************************************
     59          *
     60          *       WM_GetOrgX
     61          */

   \                                 In section .text, align 2, keep-with-next
     62          int WM_GetOrgX(void) {
     63            return WM_GetWindowOrgX(GUI_Context.hAWin);
   \                     WM_GetOrgX: (+1)
   \   00000000   0x....             LDR.N    R0,??DataTable1
   \   00000002   0xF9B0 0x003C      LDRSH    R0,[R0, #+60]
   \   00000006   0x....             B.N      WM_GetWindowOrgX
     64          }
     65          
     66          /*********************************************************************
     67          *
     68          *       WM_GetOrgY
     69          */

   \                                 In section .text, align 2, keep-with-next
     70          int WM_GetOrgY(void) {
     71            return WM_GetWindowOrgY(GUI_Context.hAWin);
   \                     WM_GetOrgY: (+1)
   \   00000000   0x....             LDR.N    R0,??DataTable1
   \   00000002   0xF9B0 0x003C      LDRSH    R0,[R0, #+60]
   \   00000006   0x....             B.N      WM_GetWindowOrgY
     72          }

   \                                 In section .text, align 4, keep-with-next
   \                     ??DataTable1:
   \   00000000   0x........         DC32     GUI_Context
     73          
     74          
     75          #else
     76            void WM_GetOrg_C(void) {} /* avoid empty object files */
     77          #endif
     78          
     79          /*************************** End of file ****************************/

   Maximum stack usage in bytes:

   .cstack Function
   ------- --------
       0   WM_GetOrgX
         0   -> WM_GetWindowOrgX
       0   WM_GetOrgY
         0   -> WM_GetWindowOrgY
       8   WM_GetWindowOrgX
         8   -> GUI_ALLOC_h2p
       8   WM_GetWindowOrgY
         8   -> GUI_ALLOC_h2p


   Section sizes:

   Bytes  Function/Label
   -----  --------------
       4  ??DataTable1
       8  WM_GetOrgX
       8  WM_GetOrgY
      24  WM_GetWindowOrgX
      24  WM_GetWindowOrgY

 
 68 bytes in section .text
 
 68 bytes of CODE memory

Errors: none
Warnings: none
