###############################################################################
#
# IAR ANSI C/C++ Compiler V7.10.1.6676/W32 for ARM        18/Jul/2019  10:59:33
# Copyright 1999-2014 IAR Systems AB.
#
#    Cpu mode     =  thumb
#    Endian       =  little
#    Source file  =  
#        E:\DLP_Proj\DLP_source\branches\DLP_opensource\Middlewares\gui\GUI\WM\WM_MakeModal.c
#    Command line =  
#        E:\DLP_Proj\DLP_source\branches\DLP_opensource\Middlewares\gui\GUI\WM\WM_MakeModal.c
#        -D USE_HAL_DRIVER -D STM32F407xx -D STM32F40_41xxx -D USE_HAL_LIB -D
#        MKS_DLP_BOARD -D TFT35 -lC
#        E:\DLP_Proj\DLP_source\branches\DLP_opensource\EWARM\mksDLP/List\ -lA
#        E:\DLP_Proj\DLP_source\branches\DLP_opensource\EWARM\mksDLP/List\
#        --diag_suppress Pa050 -o
#        E:\DLP_Proj\DLP_source\branches\DLP_opensource\EWARM\mksDLP/Obj\
#        --no_unroll --no_inline --no_tbaa --no_scheduling --debug
#        --endian=little --cpu=Cortex-M4F -e --char_is_signed --fpu=VFPv4_sp
#        --dlib_config "C:\Program Files (x86)\IAR Systems\Embedded Workbench
#        7.0\arm\INC\c\DLib_Config_Full.h" -I
#        E:\DLP_Proj\DLP_source\branches\DLP_opensource\EWARM/../Inc\ -I
#        E:\DLP_Proj\DLP_source\branches\DLP_opensource\EWARM/../Src\ -I
#        E:\DLP_Proj\DLP_source\branches\DLP_opensource\EWARM/../Drivers/STM32F4xx_HAL_Driver/Inc\
#        -I
#        E:\DLP_Proj\DLP_source\branches\DLP_opensource\EWARM/../Drivers/STM32F4xx_HAL_Driver/Inc/Legacy\
#        -I
#        E:\DLP_Proj\DLP_source\branches\DLP_opensource\EWARM/../Middlewares/Third_Party/FatFs/src/drivers\
#        -I
#        E:\DLP_Proj\DLP_source\branches\DLP_opensource\EWARM/../Middlewares/ST/STM32_USB_Host_Library/Core/Inc\
#        -I
#        E:\DLP_Proj\DLP_source\branches\DLP_opensource\EWARM/../Middlewares/ST/STM32_USB_Host_Library/Class/MSC/Inc\
#        -I
#        E:\DLP_Proj\DLP_source\branches\DLP_opensource\EWARM/../Drivers/CMSIS/Device/ST/STM32F4xx/Include\
#        -I
#        E:\DLP_Proj\DLP_source\branches\DLP_opensource\EWARM/../Middlewares/Third_Party/FatFs/src\
#        -I
#        E:\DLP_Proj\DLP_source\branches\DLP_opensource\EWARM/../Middlewares/Third_Party/Marlin\
#        -I
#        E:\DLP_Proj\DLP_source\branches\DLP_opensource\EWARM/../Drivers/CMSIS/Include\
#        -I
#        E:\DLP_Proj\DLP_source\branches\DLP_opensource\EWARM/../Drivers/BSP/variant\
#        -I
#        E:\DLP_Proj\DLP_source\branches\DLP_opensource\EWARM/../Drivers/BSP/Components/at24cxx\
#        -I
#        E:\DLP_Proj\DLP_source\branches\DLP_opensource\EWARM/../Drivers/BSP/Components/w25qxx\
#        -I
#        E:\DLP_Proj\DLP_source\branches\DLP_opensource\EWARM/../Drivers/BSP/Components/ssd2828\
#        -I
#        E:\DLP_Proj\DLP_source\branches\DLP_opensource\EWARM/../Drivers/BSP/Components/lcd\
#        -I
#        E:\DLP_Proj\DLP_source\branches\DLP_opensource\EWARM/../Drivers/libstmf4\
#        -I
#        E:\DLP_Proj\DLP_source\branches\DLP_opensource\EWARM/../Drivers/libstmf4/include\
#        -I
#        E:\DLP_Proj\DLP_source\branches\DLP_opensource\EWARM/../Middlewares/arduino/stm32/cores/arduino\
#        -I
#        E:\DLP_Proj\DLP_source\branches\DLP_opensource\EWARM/../Middlewares/gui\
#        -I
#        E:\DLP_Proj\DLP_source\branches\DLP_opensource\EWARM/../Middlewares/gui/GUI/ConvertColor\
#        -I
#        E:\DLP_Proj\DLP_source\branches\DLP_opensource\EWARM/../Middlewares/gui/GUI/ConvertMono\
#        -I
#        E:\DLP_Proj\DLP_source\branches\DLP_opensource\EWARM/../Middlewares/gui/GUI/Core\
#        -I
#        E:\DLP_Proj\DLP_source\branches\DLP_opensource\EWARM/../Middlewares/gui/GUI/Font\
#        -I
#        E:\DLP_Proj\DLP_source\branches\DLP_opensource\EWARM/../Middlewares/gui/AntiAlias\
#        -I
#        E:\DLP_Proj\DLP_source\branches\DLP_opensource\EWARM/../Middlewares/gui/GUI/GUIDemo\
#        -I
#        E:\DLP_Proj\DLP_source\branches\DLP_opensource\EWARM/../Middlewares/gui/GUI/LCDDriver\
#        -I
#        E:\DLP_Proj\DLP_source\branches\DLP_opensource\EWARM/../Middlewares/gui/GUI/MemDev\
#        -I
#        E:\DLP_Proj\DLP_source\branches\DLP_opensource\EWARM/../Middlewares/gui/GUI/MultiLayer\
#        -I
#        E:\DLP_Proj\DLP_source\branches\DLP_opensource\EWARM/../Middlewares/gui/GUI/Widget\
#        -I
#        E:\DLP_Proj\DLP_source\branches\DLP_opensource\EWARM/../Middlewares/gui/GUI/WM\
#        -I
#        E:\DLP_Proj\DLP_source\branches\DLP_opensource\EWARM/../Middlewares/gui/GUI_X\
#        -I
#        E:\DLP_Proj\DLP_source\branches\DLP_opensource\EWARM/../Middlewares/gui/Config\
#        -I E:\DLP_Proj\DLP_source\branches\DLP_opensource\EWARM/../User/ui\ -I
#        E:\DLP_Proj\DLP_source\branches\DLP_opensource\EWARM/../User/ui/Multi_language\
#        -I
#        E:\DLP_Proj\DLP_source\branches\DLP_opensource\EWARM/../User/ui/QRENCODE\
#        -Om --use_c++_inline -I "C:\Program Files (x86)\IAR Systems\Embedded
#        Workbench 7.0\arm\CMSIS\Include\"
#    List file    =  
#        E:\DLP_Proj\DLP_source\branches\DLP_opensource\EWARM\mksDLP/List\WM_MakeModal.lst
#    Object file  =  
#        E:\DLP_Proj\DLP_source\branches\DLP_opensource\EWARM\mksDLP/Obj\WM_MakeModal.o
#
###############################################################################

E:\DLP_Proj\DLP_source\branches\DLP_opensource\Middlewares\gui\GUI\WM\WM_MakeModal.c
      1          /*
      2          *********************************************************************************************************
      3          *                                                uC/GUI
      4          *                        Universal graphic software for embedded applications
      5          *
      6          *                       (c) Copyright 2002, Micrium Inc., Weston, FL
      7          *                       (c) Copyright 2002, SEGGER Microcontroller Systeme GmbH
      8          *
      9          *              µC/GUI is protected by international copyright laws. Knowledge of the
     10          *              source code may not be used to write a similar product. This file may
     11          *              only be used in accordance with a license and should not be redistributed
     12          *              in any way. We appreciate your understanding and fairness.
     13          *
     14          ----------------------------------------------------------------------
     15          File        : WM_MakeModal.c
     16          Purpose     : Windows manager, modal windows
     17          ----------------------------------------------------------------------
     18          */
     19          
     20          #include <stddef.h>           /* needed for definition of NULL */
     21          #include "WM_Intern.h"
     22          #include "GUIDebug.h"
     23          
     24          #if (GUI_WINSUPPORT)
     25          
     26          /*********************************************************************
     27          *
     28          *       public code
     29          *
     30          **********************************************************************
     31          */
     32          /*********************************************************************
     33          *
     34          *       WM_MakeModal
     35          *
     36          * Purpose:
     37          *   Makes the window modal.
     38          *   We also need to send a message to the window which has received
     39          *   the last "pressed" message
     40          *
     41          * Return value:
     42          */

   \                                 In section .text, align 2, keep-with-next
     43          void WM_MakeModal(WM_HWIN hWin) {
   \                     WM_MakeModal: (+1)
   \   00000000   0xB510             PUSH     {R4,LR}
   \   00000002   0xB084             SUB      SP,SP,#+16
     44            WM_LOCK();
     45            WM__CHWinModal.hWin = hWin;
   \   00000004   0x....             LDR.N    R1,??DataTable1
   \   00000006   0x8088             STRH     R0,[R1, #+4]
     46            /* Send a message to the window that it is no longer pressed (WM_TOUCH(0)) 
     47               if it is outside the modal area, because otherwise it will not receive this message any more.
     48            */
     49            if (WM__CHWinLast.hWin) {
   \   00000008   0x....             LDR.N    R4,??DataTable1_1
   \   0000000A   0xF9B4 0x0004      LDRSH    R0,[R4, #+4]
   \   0000000E   0x2800             CMP      R0,#+0
   \   00000010   0xD013             BEQ.N    ??WM_MakeModal_0
     50              if (!WM__IsInModalArea(WM__CHWinLast.hWin)) {
   \   00000012   0xF9B4 0x0004      LDRSH    R0,[R4, #+4]
   \   00000016   0x.... 0x....      BL       WM__IsInModalArea
   \   0000001A   0x2800             CMP      R0,#+0
   \   0000001C   0xD10D             BNE.N    ??WM_MakeModal_0
     51                WM_MESSAGE Msg = {0};
   \   0000001E   0xA800             ADD      R0,SP,#+0
   \   00000020   0x2100             MOVS     R1,#+0
   \   00000022   0x460A             MOV      R2,R1
   \   00000024   0x460B             MOV      R3,R1
   \   00000026   0xC00E             STM      R0!,{R1-R3}
     52                Msg.MsgId = WM_TOUCH;
   \   00000028   0x200C             MOVS     R0,#+12
   \   0000002A   0x9000             STR      R0,[SP, #+0]
     53                WM__SendPIDMessage(WM__CHWinLast.hWin, &Msg);
   \   0000002C   0xA900             ADD      R1,SP,#+0
   \   0000002E   0xF9B4 0x0004      LDRSH    R0,[R4, #+4]
   \   00000032   0x.... 0x....      BL       WM__SendPIDMessage
     54                WM__CHWinLast.hWin = 0;
   \   00000036   0x2000             MOVS     R0,#+0
   \   00000038   0x80A0             STRH     R0,[R4, #+4]
     55              } 
     56            }
     57            WM_UNLOCK();
     58          }
   \                     ??WM_MakeModal_0: (+1)
   \   0000003A   0xBD1F             POP      {R0-R4,PC}       ;; return

   \                                 In section .text, align 4, keep-with-next
   \                     ??DataTable1:
   \   00000000   0x........         DC32     WM__CHWinModal

   \                                 In section .text, align 4, keep-with-next
   \                     ??DataTable1_1:
   \   00000000   0x........         DC32     WM__CHWinLast

   \                                 In section .rodata, align 4, keep-with-next
   \                     `?<Constant {0}>`:
   \   00000000   0x00000000         DC32 0
   \   00000004   0x00 0x00          DC8 0, 0, 0, 0, 0, 0, 0, 0
   \              0x00 0x00    
   \              0x00 0x00    
   \              0x00 0x00    
     59          
     60          #else
     61            void WM_MakeModal_c(void) {} /* avoid empty object files */
     62          #endif  /* (GUI_WINSUPPORT & GUI_SUPPORT_TOUCH) */
     63          
     64          /*************************** End of file ****************************/

   Maximum stack usage in bytes:

   .cstack Function
   ------- --------
      24   WM_MakeModal
        24   -> WM__IsInModalArea
        24   -> WM__SendPIDMessage


   Section sizes:

   Bytes  Function/Label
   -----  --------------
      12  ?<Constant {0}>
       4  ??DataTable1
       4  ??DataTable1_1
      60  WM_MakeModal

 
 12 bytes in section .rodata
 68 bytes in section .text
 
 68 bytes of CODE  memory
 12 bytes of CONST memory

Errors: none
Warnings: none
